[04:13:44 AM]	=============== Start Trace ===============

[04:13:44 AM]	 === < SABER > Trace Start === 
[04:14:37 AM]	CNtlPLVisualManager::GetHeightFieldWorldHeight (1170):  GetWorldHeight : Failed : IN(0,0,0), OUT_HEIGHT(-999)
[04:14:41 AM]	CNtlWorldShadow::LoadSwapFile (141):  file open failed. (394_sec.sdw)
[04:14:41 AM]	CNtlPLObject::LoadSwapFile (3331):  file open failed. (394_sec.objt)
[04:14:41 AM]	CNtlInstanceEffect::LoadSwapFile (801):  file open failed. (394_sec.eff)
[04:14:41 AM]	CNtlPLOccluder_Quad::LoadSwapFile (830):  file open failed. (394_sec.ocq)
[04:14:41 AM]	CNtlPLHeatHazeObject::LoadSwapFile (724):  file open failed. (394_sec.hho)
[04:14:41 AM]	CNtlWorldShadow::LoadSwapFile (141):  file open failed. (395_sec.sdw)
[04:14:41 AM]	CNtlPLObject::LoadSwapFile (3331):  file open failed. (395_sec.objt)
[04:14:41 AM]	CNtlInstanceEffect::LoadSwapFile (801):  file open failed. (395_sec.eff)
[04:14:41 AM]	CNtlPLOccluder_Quad::LoadSwapFile (830):  file open failed. (395_sec.ocq)
[04:14:41 AM]	CNtlPLHeatHazeObject::LoadSwapFile (724):  file open failed. (395_sec.hho)
[04:14:41 AM]	CNtlWorldShadow::LoadSwapFile (141):  file open failed. (426_sec.sdw)
[04:14:41 AM]	CNtlPLObject::LoadSwapFile (3331):  file open failed. (426_sec.objt)
[04:14:41 AM]	CNtlInstanceEffect::LoadSwapFile (801):  file open failed. (426_sec.eff)
[04:14:41 AM]	CNtlPLOccluder_Quad::LoadSwapFile (830):  file open failed. (426_sec.ocq)
[04:14:41 AM]	CNtlPLHeatHazeObject::LoadSwapFile (724):  file open failed. (426_sec.hho)
[04:14:41 AM]	CNtlWorldShadow::LoadSwapFile (141):  file open failed. (427_sec.sdw)
[04:14:41 AM]	CNtlPLObject::LoadSwapFile (3331):  file open failed. (427_sec.objt)
[04:14:41 AM]	CNtlInstanceEffect::LoadSwapFile (801):  file open failed. (427_sec.eff)
[04:14:41 AM]	CNtlPLOccluder_Quad::LoadSwapFile (830):  file open failed. (427_sec.ocq)
[04:14:41 AM]	CNtlPLHeatHazeObject::LoadSwapFile (724):  file open failed. (427_sec.hho)
[04:14:41 AM]	CNtlWorldShadow::LoadSwapFile (141):  file open failed. (396_sec.sdw)
[04:14:43 AM]	CNtlPLObject::LoadSwapFile (3331):  file open failed. (396_sec.objt)
[04:14:43 AM]	CNtlInstanceEffect::LoadSwapFile (801):  file open failed. (396_sec.eff)
[04:14:43 AM]	CNtlPLOccluder_Quad::LoadSwapFile (830):  file open failed. (396_sec.ocq)
[04:14:43 AM]	CNtlPLHeatHazeObject::LoadSwapFile (724):  file open failed. (396_sec.hho)
[04:14:43 AM]	CNtlWorldShadow::LoadSwapFile (141):  file open failed. (397_sec.sdw)
[04:14:43 AM]	CNtlPLObject::LoadSwapFile (3331):  file open failed. (397_sec.objt)
[04:14:43 AM]	CNtlInstanceEffect::LoadSwapFile (801):  file open failed. (397_sec.eff)
[04:14:43 AM]	CNtlPLOccluder_Quad::LoadSwapFile (830):  file open failed. (397_sec.ocq)
[04:14:43 AM]	CNtlPLHeatHazeObject::LoadSwapFile (724):  file open failed. (397_sec.hho)
[04:14:43 AM]	CNtlWorldShadow::LoadSwapFile (141):  file open failed. (428_sec.sdw)
[04:14:43 AM]	CNtlPLObject::LoadSwapFile (3331):  file open failed. (428_sec.objt)
[04:14:43 AM]	CNtlInstanceEffect::LoadSwapFile (801):  file open failed. (428_sec.eff)
[04:14:43 AM]	CNtlPLOccluder_Quad::LoadSwapFile (830):  file open failed. (428_sec.ocq)
[04:14:43 AM]	CNtlPLHeatHazeObject::LoadSwapFile (724):  file open failed. (428_sec.hho)
[04:14:43 AM]	CNtlWorldShadow::LoadSwapFile (141):  file open failed. (429_sec.sdw)
[04:14:46 AM]	CNtlPLObject::LoadSwapFile (3331):  file open failed. (429_sec.objt)
[04:14:46 AM]	CNtlInstanceEffect::LoadSwapFile (801):  file open failed. (429_sec.eff)
[04:14:46 AM]	CNtlPLOccluder_Quad::LoadSwapFile (830):  file open failed. (429_sec.ocq)
[04:14:46 AM]	CNtlPLHeatHazeObject::LoadSwapFile (724):  file open failed. (429_sec.hho)
[04:14:46 AM]	CNtlWorldShadow::LoadSwapFile (141):  file open failed. (398_sec.sdw)
[04:14:46 AM]	CNtlPLObject::LoadSwapFile (3331):  file open failed. (398_sec.objt)
[04:14:46 AM]	CNtlInstanceEffect::LoadSwapFile (801):  file open failed. (398_sec.eff)
[04:14:46 AM]	CNtlPLOccluder_Quad::LoadSwapFile (830):  file open failed. (398_sec.ocq)
[04:14:46 AM]	CNtlPLHeatHazeObject::LoadSwapFile (724):  file open failed. (398_sec.hho)
[04:14:46 AM]	CNtlWorldShadow::LoadSwapFile (141):  file open failed. (399_sec.sdw)
[04:14:48 AM]	CNtlPLObject::LoadSwapFile (3331):  file open failed. (399_sec.objt)
[04:14:48 AM]	CNtlInstanceEffect::LoadSwapFile (801):  file open failed. (399_sec.eff)
[04:14:48 AM]	CNtlPLOccluder_Quad::LoadSwapFile (830):  file open failed. (399_sec.ocq)
[04:14:48 AM]	CNtlPLHeatHazeObject::LoadSwapFile (724):  file open failed. (399_sec.hho)
[04:14:48 AM]	CNtlWorldShadow::LoadSwapFile (141):  file open failed. (430_sec.sdw)
[04:14:50 AM]	CNtlPLObject::LoadSwapFile (3331):  file open failed. (430_sec.objt)
[04:14:50 AM]	CNtlInstanceEffect::LoadSwapFile (801):  file open failed. (430_sec.eff)
[04:14:50 AM]	CNtlPLOccluder_Quad::LoadSwapFile (830):  file open failed. (430_sec.ocq)
[04:14:50 AM]	CNtlPLHeatHazeObject::LoadSwapFile (724):  file open failed. (430_sec.hho)
[04:14:50 AM]	CNtlWorldShadow::LoadSwapFile (141):  file open failed. (431_sec.sdw)
[04:14:51 AM]	CNtlPLObject::LoadSwapFile (3331):  file open failed. (431_sec.objt)
[04:14:51 AM]	CNtlInstanceEffect::LoadSwapFile (801):  file open failed. (431_sec.eff)
[04:14:51 AM]	CNtlPLOccluder_Quad::LoadSwapFile (830):  file open failed. (431_sec.ocq)
[04:14:51 AM]	CNtlPLHeatHazeObject::LoadSwapFile (724):  file open failed. (431_sec.hho)
[04:14:51 AM]	CNtlWorldShadow::LoadSwapFile (141):  file open failed. (400_sec.sdw)
[04:14:51 AM]	CNtlPLObject::LoadSwapFile (3331):  file open failed. (400_sec.objt)
[04:14:51 AM]	CNtlInstanceEffect::LoadSwapFile (801):  file open failed. (400_sec.eff)
[04:14:51 AM]	CNtlPLOccluder_Quad::LoadSwapFile (830):  file open failed. (400_sec.ocq)
[04:14:51 AM]	CNtlPLHeatHazeObject::LoadSwapFile (724):  file open failed. (400_sec.hho)
[04:14:51 AM]	CNtlWorldShadow::LoadSwapFile (141):  file open failed. (401_sec.sdw)
[04:14:51 AM]	CNtlPLObject::LoadSwapFile (3331):  file open failed. (401_sec.objt)
[04:14:51 AM]	CNtlInstanceEffect::LoadSwapFile (801):  file open failed. (401_sec.eff)
[04:14:51 AM]	CNtlPLOccluder_Quad::LoadSwapFile (830):  file open failed. (401_sec.ocq)
[04:14:51 AM]	CNtlPLHeatHazeObject::LoadSwapFile (724):  file open failed. (401_sec.hho)
[04:14:51 AM]	CNtlWorldShadow::LoadSwapFile (141):  file open failed. (432_sec.sdw)
[04:14:52 AM]	CNtlPLObject::LoadSwapFile (3331):  file open failed. (432_sec.objt)
[04:14:52 AM]	CNtlInstanceEffect::LoadSwapFile (801):  file open failed. (432_sec.eff)
[04:14:52 AM]	CNtlPLOccluder_Quad::LoadSwapFile (830):  file open failed. (432_sec.ocq)
[04:14:52 AM]	CNtlPLHeatHazeObject::LoadSwapFile (724):  file open failed. (432_sec.hho)
[04:14:52 AM]	CNtlWorldShadow::LoadSwapFile (141):  file open failed. (433_sec.sdw)
[04:14:53 AM]	CNtlPLObject::LoadSwapFile (3331):  file open failed. (433_sec.objt)
[04:14:53 AM]	CNtlInstanceEffect::LoadSwapFile (801):  file open failed. (433_sec.eff)
[04:14:53 AM]	CNtlPLOccluder_Quad::LoadSwapFile (830):  file open failed. (433_sec.ocq)
[04:14:53 AM]	CNtlPLHeatHazeObject::LoadSwapFile (724):  file open failed. (433_sec.hho)
[04:14:53 AM]	CNtlWorldShadow::LoadSwapFile (141):  file open failed. (402_sec.sdw)
[04:14:53 AM]	CNtlPLObject::LoadSwapFile (3331):  file open failed. (402_sec.objt)
[04:14:53 AM]	CNtlInstanceEffect::LoadSwapFile (801):  file open failed. (402_sec.eff)
[04:14:53 AM]	CNtlPLOccluder_Quad::LoadSwapFile (830):  file open failed. (402_sec.ocq)
[04:14:53 AM]	CNtlPLHeatHazeObject::LoadSwapFile (724):  file open failed. (402_sec.hho)
[04:14:53 AM]	CNtlWorldShadow::LoadSwapFile (141):  file open failed. (403_sec.sdw)
[04:14:53 AM]	CNtlPLObject::LoadSwapFile (3331):  file open failed. (403_sec.objt)
[04:14:53 AM]	CNtlInstanceEffect::LoadSwapFile (801):  file open failed. (403_sec.eff)
[04:14:53 AM]	CNtlPLOccluder_Quad::LoadSwapFile (830):  file open failed. (403_sec.ocq)
[04:14:53 AM]	CNtlPLHeatHazeObject::LoadSwapFile (724):  file open failed. (403_sec.hho)
[04:14:53 AM]	CNtlWorldShadow::LoadSwapFile (141):  file open failed. (434_sec.sdw)
[04:14:53 AM]	CNtlPLObject::LoadSwapFile (3331):  file open failed. (434_sec.objt)
[04:14:53 AM]	CNtlInstanceEffect::LoadSwapFile (801):  file open failed. (434_sec.eff)
[04:14:53 AM]	CNtlPLOccluder_Quad::LoadSwapFile (830):  file open failed. (434_sec.ocq)
[04:14:53 AM]	CNtlPLHeatHazeObject::LoadSwapFile (724):  file open failed. (434_sec.hho)
[04:14:53 AM]	CNtlWorldShadow::LoadSwapFile (141):  file open failed. (435_sec.sdw)
[04:14:53 AM]	CNtlPLObject::LoadSwapFile (3331):  file open failed. (435_sec.objt)
[04:14:53 AM]	CNtlInstanceEffect::LoadSwapFile (801):  file open failed. (435_sec.eff)
[04:14:53 AM]	CNtlPLOccluder_Quad::LoadSwapFile (830):  file open failed. (435_sec.ocq)
[04:14:53 AM]	CNtlPLHeatHazeObject::LoadSwapFile (724):  file open failed. (435_sec.hho)
[04:14:53 AM]	CNtlWorldShadow::LoadSwapFile (141):  file open failed. (404_sec.sdw)
[04:14:53 AM]	CNtlPLObject::LoadSwapFile (3331):  file open failed. (404_sec.objt)
[04:14:53 AM]	CNtlInstanceEffect::LoadSwapFile (801):  file open failed. (404_sec.eff)
[04:14:53 AM]	CNtlPLOccluder_Quad::LoadSwapFile (830):  file open failed. (404_sec.ocq)
[04:14:53 AM]	CNtlPLHeatHazeObject::LoadSwapFile (724):  file open failed. (404_sec.hho)
[04:14:53 AM]	CNtlWorldShadow::LoadSwapFile (141):  file open failed. (405_sec.sdw)
[04:14:53 AM]	CNtlPLObject::LoadSwapFile (3331):  file open failed. (405_sec.objt)
[04:14:53 AM]	CNtlInstanceEffect::LoadSwapFile (801):  file open failed. (405_sec.eff)
[04:14:53 AM]	CNtlPLOccluder_Quad::LoadSwapFile (830):  file open failed. (405_sec.ocq)
[04:14:53 AM]	CNtlPLHeatHazeObject::LoadSwapFile (724):  file open failed. (405_sec.hho)
[04:14:53 AM]	CNtlWorldShadow::LoadSwapFile (141):  file open failed. (436_sec.sdw)
[04:14:53 AM]	CNtlPLObject::LoadSwapFile (3331):  file open failed. (436_sec.objt)
[04:14:53 AM]	CNtlInstanceEffect::LoadSwapFile (801):  file open failed. (436_sec.eff)
[04:14:53 AM]	CNtlPLOccluder_Quad::LoadSwapFile (830):  file open failed. (436_sec.ocq)
[04:14:53 AM]	CNtlPLHeatHazeObject::LoadSwapFile (724):  file open failed. (436_sec.hho)
[04:14:53 AM]	CNtlWorldShadow::LoadSwapFile (141):  file open failed. (437_sec.sdw)
[04:14:53 AM]	CNtlPLObject::LoadSwapFile (3331):  file open failed. (437_sec.objt)
[04:14:53 AM]	CNtlInstanceEffect::LoadSwapFile (801):  file open failed. (437_sec.eff)
[04:14:53 AM]	CNtlPLOccluder_Quad::LoadSwapFile (830):  file open failed. (437_sec.ocq)
[04:14:53 AM]	CNtlPLHeatHazeObject::LoadSwapFile (724):  file open failed. (437_sec.hho)
[04:14:53 AM]	CNtlWorldShadow::LoadSwapFile (141):  file open failed. (458_sec.sdw)
[04:14:53 AM]	CNtlPLObject::LoadSwapFile (3331):  file open failed. (458_sec.objt)
[04:14:53 AM]	CNtlInstanceEffect::LoadSwapFile (801):  file open failed. (458_sec.eff)
[04:14:53 AM]	CNtlPLOccluder_Quad::LoadSwapFile (830):  file open failed. (458_sec.ocq)
[04:14:53 AM]	CNtlPLHeatHazeObject::LoadSwapFile (724):  file open failed. (458_sec.hho)
[04:14:53 AM]	CNtlWorldShadow::LoadSwapFile (141):  file open failed. (459_sec.sdw)
[04:14:53 AM]	CNtlPLObject::LoadSwapFile (3331):  file open failed. (459_sec.objt)
[04:14:53 AM]	CNtlInstanceEffect::LoadSwapFile (801):  file open failed. (459_sec.eff)
[04:14:53 AM]	CNtlPLOccluder_Quad::LoadSwapFile (830):  file open failed. (459_sec.ocq)
[04:14:53 AM]	CNtlPLHeatHazeObject::LoadSwapFile (724):  file open failed. (459_sec.hho)
[04:14:53 AM]	CNtlWorldShadow::LoadSwapFile (141):  file open failed. (490_sec.sdw)
[04:14:53 AM]	CNtlPLObject::LoadSwapFile (3331):  file open failed. (490_sec.objt)
[04:14:53 AM]	CNtlInstanceEffect::LoadSwapFile (801):  file open failed. (490_sec.eff)
[04:14:53 AM]	CNtlPLOccluder_Quad::LoadSwapFile (830):  file open failed. (490_sec.ocq)
[04:14:53 AM]	CNtlPLHeatHazeObject::LoadSwapFile (724):  file open failed. (490_sec.hho)
[04:14:53 AM]	CNtlWorldShadow::LoadSwapFile (141):  file open failed. (491_sec.sdw)
[04:14:54 AM]	CNtlPLObject::LoadSwapFile (3331):  file open failed. (491_sec.objt)
[04:14:54 AM]	CNtlInstanceEffect::LoadSwapFile (801):  file open failed. (491_sec.eff)
[04:14:54 AM]	CNtlPLOccluder_Quad::LoadSwapFile (830):  file open failed. (491_sec.ocq)
[04:14:54 AM]	CNtlPLHeatHazeObject::LoadSwapFile (724):  file open failed. (491_sec.hho)
[04:14:54 AM]	CNtlWorldShadow::LoadSwapFile (141):  file open failed. (460_sec.sdw)
[04:14:54 AM]	CNtlPLObject::LoadSwapFile (3331):  file open failed. (460_sec.objt)
[04:14:54 AM]	CNtlInstanceEffect::LoadSwapFile (801):  file open failed. (460_sec.eff)
[04:14:54 AM]	CNtlPLOccluder_Quad::LoadSwapFile (830):  file open failed. (460_sec.ocq)
[04:14:54 AM]	CNtlPLHeatHazeObject::LoadSwapFile (724):  file open failed. (460_sec.hho)
[04:14:54 AM]	CNtlWorldShadow::LoadSwapFile (141):  file open failed. (461_sec.sdw)
[04:14:55 AM]	CNtlPLObject::LoadSwapFile (3331):  file open failed. (461_sec.objt)
[04:14:55 AM]	CNtlInstanceEffect::LoadSwapFile (801):  file open failed. (461_sec.eff)
[04:14:56 AM]	CNtlPLOccluder_Quad::LoadSwapFile (830):  file open failed. (461_sec.ocq)
[04:14:56 AM]	CNtlPLHeatHazeObject::LoadSwapFile (724):  file open failed. (461_sec.hho)
[04:14:56 AM]	CNtlWorldShadow::LoadSwapFile (141):  file open failed. (492_sec.sdw)
[04:14:56 AM]	CNtlPLObject::LoadSwapFile (3331):  file open failed. (492_sec.objt)
[04:14:56 AM]	CNtlInstanceEffect::LoadSwapFile (801):  file open failed. (492_sec.eff)
[04:14:56 AM]	CNtlPLOccluder_Quad::LoadSwapFile (830):  file open failed. (492_sec.ocq)
[04:14:56 AM]	CNtlPLHeatHazeObject::LoadSwapFile (724):  file open failed. (492_sec.hho)
[04:14:56 AM]	CNtlWorldShadow::LoadSwapFile (141):  file open failed. (493_sec.sdw)
[04:14:56 AM]	CNtlPLObject::LoadSwapFile (3331):  file open failed. (493_sec.objt)
[04:14:56 AM]	CNtlInstanceEffect::LoadSwapFile (801):  file open failed. (493_sec.eff)
[04:14:56 AM]	CNtlPLOccluder_Quad::LoadSwapFile (830):  file open failed. (493_sec.ocq)
[04:14:56 AM]	CNtlPLHeatHazeObject::LoadSwapFile (724):  file open failed. (493_sec.hho)
[04:14:56 AM]	CNtlWorldShadow::LoadSwapFile (141):  file open failed. (462_sec.sdw)
[04:14:57 AM]	CNtlPLObject::LoadSwapFile (3331):  file open failed. (462_sec.objt)
[04:14:57 AM]	CNtlInstanceEffect::LoadSwapFile (801):  file open failed. (462_sec.eff)
[04:14:57 AM]	CNtlPLOccluder_Quad::LoadSwapFile (830):  file open failed. (462_sec.ocq)
[04:14:57 AM]	CNtlPLHeatHazeObject::LoadSwapFile (724):  file open failed. (462_sec.hho)
[04:14:57 AM]	CNtlWorldShadow::LoadSwapFile (141):  file open failed. (463_sec.sdw)
[04:15:00 AM]	CNtlPLObject::LoadSwapFile (3331):  file open failed. (463_sec.objt)
[04:15:00 AM]	CNtlInstanceEffect::LoadSwapFile (801):  file open failed. (463_sec.eff)
[04:15:00 AM]	CNtlPLOccluder_Quad::LoadSwapFile (830):  file open failed. (463_sec.ocq)
[04:15:00 AM]	CNtlPLHeatHazeObject::LoadSwapFile (724):  file open failed. (463_sec.hho)
[04:15:00 AM]	CNtlWorldShadow::LoadSwapFile (141):  file open failed. (494_sec.sdw)
[04:15:00 AM]	CNtlPLObject::LoadSwapFile (3331):  file open failed. (494_sec.objt)
[04:15:00 AM]	CNtlInstanceEffect::LoadSwapFile (801):  file open failed. (494_sec.eff)
[04:15:00 AM]	CNtlPLOccluder_Quad::LoadSwapFile (830):  file open failed. (494_sec.ocq)
[04:15:00 AM]	CNtlPLHeatHazeObject::LoadSwapFile (724):  file open failed. (494_sec.hho)
[04:15:00 AM]	CNtlWorldShadow::LoadSwapFile (141):  file open failed. (495_sec.sdw)
[04:15:02 AM]	CNtlPLObject::LoadSwapFile (3331):  file open failed. (495_sec.objt)
[04:15:02 AM]	CNtlInstanceEffect::LoadSwapFile (801):  file open failed. (495_sec.eff)
[04:15:02 AM]	CNtlPLOccluder_Quad::LoadSwapFile (830):  file open failed. (495_sec.ocq)
[04:15:02 AM]	CNtlPLHeatHazeObject::LoadSwapFile (724):  file open failed. (495_sec.hho)
[04:15:02 AM]	CNtlWorldShadow::LoadSwapFile (141):  file open failed. (464_sec.sdw)
[04:15:03 AM]	CNtlPLObject::LoadSwapFile (3331):  file open failed. (464_sec.objt)
[04:15:03 AM]	CNtlInstanceEffect::LoadSwapFile (801):  file open failed. (464_sec.eff)
[04:15:03 AM]	CNtlPLOccluder_Quad::LoadSwapFile (830):  file open failed. (464_sec.ocq)
[04:15:03 AM]	CNtlPLHeatHazeObject::LoadSwapFile (724):  file open failed. (464_sec.hho)
[04:15:03 AM]	CNtlWorldShadow::LoadSwapFile (141):  file open failed. (465_sec.sdw)
[04:15:05 AM]	CNtlPLObject::LoadSwapFile (3331):  file open failed. (465_sec.objt)
[04:15:05 AM]	CNtlInstanceEffect::LoadSwapFile (801):  file open failed. (465_sec.eff)
[04:15:05 AM]	CNtlPLOccluder_Quad::LoadSwapFile (830):  file open failed. (465_sec.ocq)
[04:15:05 AM]	CNtlPLHeatHazeObject::LoadSwapFile (724):  file open failed. (465_sec.hho)
[04:15:05 AM]	CNtlWorldShadow::LoadSwapFile (141):  file open failed. (496_sec.sdw)
[04:15:07 AM]	CNtlPLObject::LoadSwapFile (3331):  file open failed. (496_sec.objt)
[04:15:07 AM]	CNtlInstanceEffect::LoadSwapFile (801):  file open failed. (496_sec.eff)
[04:15:07 AM]	CNtlPLOccluder_Quad::LoadSwapFile (830):  file open failed. (496_sec.ocq)
[04:15:07 AM]	CNtlPLHeatHazeObject::LoadSwapFile (724):  file open failed. (496_sec.hho)
[04:15:07 AM]	CNtlWorldShadow::LoadSwapFile (141):  file open failed. (497_sec.sdw)
[04:15:08 AM]	CNtlPLResourceManager::LoadClump (550):  CNtlPLResourceManager::LoadClump the clump find not(.\Object\Mesh\08_CITY_MONORAIL_002_2.DFF)
