[15:24:39 PM]	=============== Start Trace ===============

[15:24:39 PM]	 === < SABER > Trace Start === 
[15:24:58 PM]	CNtlPLVisualManager::GetHeightFieldWorldHeight (1170):  GetWorldHeight : Failed : IN(0,0,0), OUT_HEIGHT(-999)
[15:32:13 PM]	CNtlPLResourceManager::LoadClump (550):  CNtlPLResourceManager::LoadClump the clump find not(Effect\Max_Dragonball_01.dff)
[15:32:33 PM]	CNtlWorldShadow::LoadSwapFile (141):  file open failed. (10088_sec.sdw)
[15:32:34 PM]	CNtlPLObject::LoadSwapFile (3331):  file open failed. (10088_sec.objt)
[15:32:34 PM]	CNtlInstanceEffect::LoadSwapFile (801):  file open failed. (10088_sec.eff)
[15:32:34 PM]	CNtlPLOccluder_Quad::LoadSwapFile (830):  file open failed. (10088_sec.ocq)
[15:32:34 PM]	CNtlPLHeatHazeObject::LoadSwapFile (724):  file open failed. (10088_sec.hho)
[15:32:34 PM]	CNtlWorldShadow::LoadSwapFile (141):  file open failed. (10089_sec.sdw)
[15:32:34 PM]	CNtlPLObject::LoadSwapFile (3331):  file open failed. (10089_sec.objt)
[15:32:34 PM]	CNtlInstanceEffect::LoadSwapFile (801):  file open failed. (10089_sec.eff)
[15:32:34 PM]	CNtlPLOccluder_Quad::LoadSwapFile (830):  file open failed. (10089_sec.ocq)
[15:32:34 PM]	CNtlPLHeatHazeObject::LoadSwapFile (724):  file open failed. (10089_sec.hho)
[15:32:34 PM]	CNtlWorldShadow::LoadSwapFile (141):  file open failed. (10216_sec.sdw)
[15:32:34 PM]	CNtlPLObject::LoadSwapFile (3331):  file open failed. (10216_sec.objt)
[15:32:34 PM]	CNtlInstanceEffect::LoadSwapFile (801):  file open failed. (10216_sec.eff)
[15:32:34 PM]	CNtlPLOccluder_Quad::LoadSwapFile (830):  file open failed. (10216_sec.ocq)
[15:32:34 PM]	CNtlPLHeatHazeObject::LoadSwapFile (724):  file open failed. (10216_sec.hho)
[15:32:34 PM]	CNtlWorldShadow::LoadSwapFile (141):  file open failed. (10217_sec.sdw)
[15:32:34 PM]	CNtlPLObject::LoadSwapFile (3331):  file open failed. (10217_sec.objt)
[15:32:34 PM]	CNtlInstanceEffect::LoadSwapFile (801):  file open failed. (10217_sec.eff)
[15:32:34 PM]	CNtlPLOccluder_Quad::LoadSwapFile (830):  file open failed. (10217_sec.ocq)
[15:32:34 PM]	CNtlPLHeatHazeObject::LoadSwapFile (724):  file open failed. (10217_sec.hho)
[15:32:34 PM]	CNtlWorldShadow::LoadSwapFile (141):  file open failed. (10090_sec.sdw)
[15:32:34 PM]	CNtlPLObject::LoadSwapFile (3331):  file open failed. (10090_sec.objt)
[15:32:34 PM]	CNtlInstanceEffect::LoadSwapFile (801):  file open failed. (10090_sec.eff)
[15:32:34 PM]	CNtlPLOccluder_Quad::LoadSwapFile (830):  file open failed. (10090_sec.ocq)
[15:32:34 PM]	CNtlPLHeatHazeObject::LoadSwapFile (724):  file open failed. (10090_sec.hho)
[15:32:34 PM]	CNtlWorldShadow::LoadSwapFile (141):  file open failed. (10091_sec.sdw)
[15:32:34 PM]	CNtlPLObject::LoadSwapFile (3331):  file open failed. (10091_sec.objt)
[15:32:34 PM]	CNtlInstanceEffect::LoadSwapFile (801):  file open failed. (10091_sec.eff)
[15:32:34 PM]	CNtlPLOccluder_Quad::LoadSwapFile (830):  file open failed. (10091_sec.ocq)
[15:32:34 PM]	CNtlPLHeatHazeObject::LoadSwapFile (724):  file open failed. (10091_sec.hho)
[15:32:34 PM]	CNtlWorldShadow::LoadSwapFile (141):  file open failed. (10218_sec.sdw)
[15:32:34 PM]	CNtlPLObject::LoadSwapFile (3331):  file open failed. (10218_sec.objt)
[15:32:34 PM]	CNtlInstanceEffect::LoadSwapFile (801):  file open failed. (10218_sec.eff)
[15:32:34 PM]	CNtlPLOccluder_Quad::LoadSwapFile (830):  file open failed. (10218_sec.ocq)
[15:32:34 PM]	CNtlPLHeatHazeObject::LoadSwapFile (724):  file open failed. (10218_sec.hho)
[15:32:34 PM]	CNtlWorldShadow::LoadSwapFile (141):  file open failed. (10219_sec.sdw)
[15:32:34 PM]	CNtlPLObject::LoadSwapFile (3331):  file open failed. (10219_sec.objt)
[15:32:34 PM]	CNtlInstanceEffect::LoadSwapFile (801):  file open failed. (10219_sec.eff)
[15:32:34 PM]	CNtlPLOccluder_Quad::LoadSwapFile (830):  file open failed. (10219_sec.ocq)
[15:32:34 PM]	CNtlPLHeatHazeObject::LoadSwapFile (724):  file open failed. (10219_sec.hho)
[15:32:34 PM]	CNtlWorldShadow::LoadSwapFile (141):  file open failed. (10092_sec.sdw)
[15:32:34 PM]	CNtlPLObject::LoadSwapFile (3331):  file open failed. (10092_sec.objt)
[15:32:34 PM]	CNtlInstanceEffect::LoadSwapFile (801):  file open failed. (10092_sec.eff)
[15:32:34 PM]	CNtlPLOccluder_Quad::LoadSwapFile (830):  file open failed. (10092_sec.ocq)
[15:32:34 PM]	CNtlPLHeatHazeObject::LoadSwapFile (724):  file open failed. (10092_sec.hho)
[15:32:34 PM]	CNtlWorldShadow::LoadSwapFile (141):  file open failed. (10093_sec.sdw)
[15:32:34 PM]	CNtlPLObject::LoadSwapFile (3331):  file open failed. (10093_sec.objt)
[15:32:34 PM]	CNtlInstanceEffect::LoadSwapFile (801):  file open failed. (10093_sec.eff)
[15:32:34 PM]	CNtlPLOccluder_Quad::LoadSwapFile (830):  file open failed. (10093_sec.ocq)
[15:32:34 PM]	CNtlPLHeatHazeObject::LoadSwapFile (724):  file open failed. (10093_sec.hho)
[15:32:34 PM]	CNtlWorldShadow::LoadSwapFile (141):  file open failed. (10220_sec.sdw)
[15:32:34 PM]	CNtlPLObject::LoadSwapFile (3331):  file open failed. (10220_sec.objt)
[15:32:34 PM]	CNtlInstanceEffect::LoadSwapFile (801):  file open failed. (10220_sec.eff)
[15:32:34 PM]	CNtlPLOccluder_Quad::LoadSwapFile (830):  file open failed. (10220_sec.ocq)
[15:32:34 PM]	CNtlPLHeatHazeObject::LoadSwapFile (724):  file open failed. (10220_sec.hho)
[15:32:34 PM]	CNtlWorldShadow::LoadSwapFile (141):  file open failed. (10221_sec.sdw)
[15:32:34 PM]	CNtlPLObject::LoadSwapFile (3331):  file open failed. (10221_sec.objt)
[15:32:34 PM]	CNtlInstanceEffect::LoadSwapFile (801):  file open failed. (10221_sec.eff)
[15:32:34 PM]	CNtlPLOccluder_Quad::LoadSwapFile (830):  file open failed. (10221_sec.ocq)
[15:32:34 PM]	CNtlPLHeatHazeObject::LoadSwapFile (724):  file open failed. (10221_sec.hho)
[15:32:35 PM]	CNtlWorldShadow::LoadSwapFile (141):  file open failed. (10094_sec.sdw)
[15:32:35 PM]	CNtlPLObject::LoadSwapFile (3331):  file open failed. (10094_sec.objt)
[15:32:35 PM]	CNtlInstanceEffect::LoadSwapFile (801):  file open failed. (10094_sec.eff)
[15:32:35 PM]	CNtlPLOccluder_Quad::LoadSwapFile (830):  file open failed. (10094_sec.ocq)
[15:32:35 PM]	CNtlPLHeatHazeObject::LoadSwapFile (724):  file open failed. (10094_sec.hho)
[15:32:35 PM]	CNtlWorldShadow::LoadSwapFile (141):  file open failed. (10095_sec.sdw)
[15:32:35 PM]	CNtlPLObject::LoadSwapFile (3331):  file open failed. (10095_sec.objt)
[15:32:35 PM]	CNtlInstanceEffect::LoadSwapFile (801):  file open failed. (10095_sec.eff)
[15:32:35 PM]	CNtlPLOccluder_Quad::LoadSwapFile (830):  file open failed. (10095_sec.ocq)
[15:32:35 PM]	CNtlPLHeatHazeObject::LoadSwapFile (724):  file open failed. (10095_sec.hho)
[15:32:35 PM]	CNtlWorldShadow::LoadSwapFile (141):  file open failed. (10222_sec.sdw)
[15:32:35 PM]	CNtlPLObject::LoadSwapFile (3331):  file open failed. (10222_sec.objt)
[15:32:35 PM]	CNtlInstanceEffect::LoadSwapFile (801):  file open failed. (10222_sec.eff)
[15:32:35 PM]	CNtlPLOccluder_Quad::LoadSwapFile (830):  file open failed. (10222_sec.ocq)
[15:32:35 PM]	CNtlPLHeatHazeObject::LoadSwapFile (724):  file open failed. (10222_sec.hho)
[15:32:35 PM]	CNtlWorldShadow::LoadSwapFile (141):  file open failed. (10223_sec.sdw)
[15:32:35 PM]	CNtlPLObject::LoadSwapFile (3331):  file open failed. (10223_sec.objt)
[15:32:35 PM]	CNtlInstanceEffect::LoadSwapFile (801):  file open failed. (10223_sec.eff)
[15:32:35 PM]	CNtlPLOccluder_Quad::LoadSwapFile (830):  file open failed. (10223_sec.ocq)
[15:32:35 PM]	CNtlPLHeatHazeObject::LoadSwapFile (724):  file open failed. (10223_sec.hho)
[15:32:35 PM]	CNtlWorldShadow::LoadSwapFile (141):  file open failed. (10096_sec.sdw)
[15:32:35 PM]	CNtlPLObject::LoadSwapFile (3331):  file open failed. (10096_sec.objt)
[15:32:35 PM]	CNtlInstanceEffect::LoadSwapFile (801):  file open failed. (10096_sec.eff)
[15:32:35 PM]	CNtlPLOccluder_Quad::LoadSwapFile (830):  file open failed. (10096_sec.ocq)
[15:32:35 PM]	CNtlPLHeatHazeObject::LoadSwapFile (724):  file open failed. (10096_sec.hho)
[15:32:35 PM]	CNtlWorldShadow::LoadSwapFile (141):  file open failed. (10097_sec.sdw)
[15:32:35 PM]	CNtlPLObject::LoadSwapFile (3331):  file open failed. (10097_sec.objt)
[15:32:35 PM]	CNtlInstanceEffect::LoadSwapFile (801):  file open failed. (10097_sec.eff)
[15:32:35 PM]	CNtlPLOccluder_Quad::LoadSwapFile (830):  file open failed. (10097_sec.ocq)
[15:32:35 PM]	CNtlPLHeatHazeObject::LoadSwapFile (724):  file open failed. (10097_sec.hho)
[15:32:35 PM]	CNtlWorldShadow::LoadSwapFile (141):  file open failed. (10224_sec.sdw)
[15:32:35 PM]	CNtlPLObject::LoadSwapFile (3331):  file open failed. (10224_sec.objt)
[15:32:35 PM]	CNtlInstanceEffect::LoadSwapFile (801):  file open failed. (10224_sec.eff)
[15:32:35 PM]	CNtlPLOccluder_Quad::LoadSwapFile (830):  file open failed. (10224_sec.ocq)
[15:32:35 PM]	CNtlPLHeatHazeObject::LoadSwapFile (724):  file open failed. (10224_sec.hho)
[15:32:35 PM]	CNtlWorldShadow::LoadSwapFile (141):  file open failed. (10225_sec.sdw)
[15:32:35 PM]	CNtlPLObject::LoadSwapFile (3331):  file open failed. (10225_sec.objt)
[15:32:35 PM]	CNtlInstanceEffect::LoadSwapFile (801):  file open failed. (10225_sec.eff)
[15:32:35 PM]	CNtlPLOccluder_Quad::LoadSwapFile (830):  file open failed. (10225_sec.ocq)
[15:32:35 PM]	CNtlPLHeatHazeObject::LoadSwapFile (724):  file open failed. (10225_sec.hho)
[15:32:35 PM]	CNtlWorldShadow::LoadSwapFile (141):  file open failed. (10098_sec.sdw)
[15:32:35 PM]	CNtlPLObject::LoadSwapFile (3331):  file open failed. (10098_sec.objt)
[15:32:35 PM]	CNtlInstanceEffect::LoadSwapFile (801):  file open failed. (10098_sec.eff)
[15:32:35 PM]	CNtlPLOccluder_Quad::LoadSwapFile (830):  file open failed. (10098_sec.ocq)
[15:32:35 PM]	CNtlPLHeatHazeObject::LoadSwapFile (724):  file open failed. (10098_sec.hho)
[15:32:35 PM]	CNtlWorldShadow::LoadSwapFile (141):  file open failed. (10099_sec.sdw)
[15:32:35 PM]	CNtlPLObject::LoadSwapFile (3331):  file open failed. (10099_sec.objt)
[15:32:35 PM]	CNtlInstanceEffect::LoadSwapFile (801):  file open failed. (10099_sec.eff)
[15:32:35 PM]	CNtlPLOccluder_Quad::LoadSwapFile (830):  file open failed. (10099_sec.ocq)
[15:32:35 PM]	CNtlPLHeatHazeObject::LoadSwapFile (724):  file open failed. (10099_sec.hho)
[15:32:35 PM]	CNtlWorldShadow::LoadSwapFile (141):  file open failed. (10226_sec.sdw)
[15:32:35 PM]	CNtlPLObject::LoadSwapFile (3331):  file open failed. (10226_sec.objt)
[15:32:35 PM]	CNtlInstanceEffect::LoadSwapFile (801):  file open failed. (10226_sec.eff)
[15:32:35 PM]	CNtlPLOccluder_Quad::LoadSwapFile (830):  file open failed. (10226_sec.ocq)
[15:32:35 PM]	CNtlPLHeatHazeObject::LoadSwapFile (724):  file open failed. (10226_sec.hho)
[15:32:35 PM]	CNtlWorldShadow::LoadSwapFile (141):  file open failed. (10227_sec.sdw)
[15:32:35 PM]	CNtlPLObject::LoadSwapFile (3331):  file open failed. (10227_sec.objt)
[15:32:35 PM]	CNtlInstanceEffect::LoadSwapFile (801):  file open failed. (10227_sec.eff)
[15:32:35 PM]	CNtlPLOccluder_Quad::LoadSwapFile (830):  file open failed. (10227_sec.ocq)
[15:32:35 PM]	CNtlPLHeatHazeObject::LoadSwapFile (724):  file open failed. (10227_sec.hho)
[15:32:42 PM]	CNtlWorldShadow::LoadSwapFile (141):  file open failed. (10086_sec.sdw)
[15:32:43 PM]	CNtlPLObject::LoadSwapFile (3331):  file open failed. (10086_sec.objt)
[15:32:43 PM]	CNtlInstanceEffect::LoadSwapFile (801):  file open failed. (10086_sec.eff)
[15:32:43 PM]	CNtlPLOccluder_Quad::LoadSwapFile (830):  file open failed. (10086_sec.ocq)
[15:32:43 PM]	CNtlPLHeatHazeObject::LoadSwapFile (724):  file open failed. (10086_sec.hho)
[15:32:43 PM]	CNtlWorldShadow::LoadSwapFile (141):  file open failed. (10087_sec.sdw)
[15:32:43 PM]	CNtlPLObject::LoadSwapFile (3331):  file open failed. (10087_sec.objt)
[15:32:43 PM]	CNtlInstanceEffect::LoadSwapFile (801):  file open failed. (10087_sec.eff)
[15:32:43 PM]	CNtlPLOccluder_Quad::LoadSwapFile (830):  file open failed. (10087_sec.ocq)
[15:32:43 PM]	CNtlPLHeatHazeObject::LoadSwapFile (724):  file open failed. (10087_sec.hho)
[15:32:43 PM]	CNtlWorldShadow::LoadSwapFile (141):  file open failed. (10214_sec.sdw)
[15:32:43 PM]	CNtlPLObject::LoadSwapFile (3331):  file open failed. (10214_sec.objt)
[15:32:43 PM]	CNtlInstanceEffect::LoadSwapFile (801):  file open failed. (10214_sec.eff)
[15:32:43 PM]	CNtlPLOccluder_Quad::LoadSwapFile (830):  file open failed. (10214_sec.ocq)
[15:32:43 PM]	CNtlPLHeatHazeObject::LoadSwapFile (724):  file open failed. (10214_sec.hho)
[15:32:43 PM]	CNtlWorldShadow::LoadSwapFile (141):  file open failed. (10215_sec.sdw)
[15:32:43 PM]	CNtlPLObject::LoadSwapFile (3331):  file open failed. (10215_sec.objt)
[15:32:43 PM]	CNtlInstanceEffect::LoadSwapFile (801):  file open failed. (10215_sec.eff)
[15:32:43 PM]	CNtlPLOccluder_Quad::LoadSwapFile (830):  file open failed. (10215_sec.ocq)
[15:32:43 PM]	CNtlPLHeatHazeObject::LoadSwapFile (724):  file open failed. (10215_sec.hho)
[15:32:48 PM]	CNtlWorldShadow::LoadSwapFile (141):  file open failed. (8804_sec.sdw)
[15:32:48 PM]	CNtlPLObject::LoadSwapFile (3331):  file open failed. (8804_sec.objt)
[15:32:48 PM]	CNtlInstanceEffect::LoadSwapFile (801):  file open failed. (8804_sec.eff)
[15:32:48 PM]	CNtlPLOccluder_Quad::LoadSwapFile (830):  file open failed. (8804_sec.ocq)
[15:32:48 PM]	CNtlPLHeatHazeObject::LoadSwapFile (724):  file open failed. (8804_sec.hho)
[15:32:48 PM]	CNtlWorldShadow::LoadSwapFile (141):  file open failed. (8805_sec.sdw)
[15:32:48 PM]	CNtlPLObject::LoadSwapFile (3331):  file open failed. (8805_sec.objt)
[15:32:48 PM]	CNtlInstanceEffect::LoadSwapFile (801):  file open failed. (8805_sec.eff)
[15:32:48 PM]	CNtlPLOccluder_Quad::LoadSwapFile (830):  file open failed. (8805_sec.ocq)
[15:32:48 PM]	CNtlPLHeatHazeObject::LoadSwapFile (724):  file open failed. (8805_sec.hho)
[15:32:48 PM]	CNtlWorldShadow::LoadSwapFile (141):  file open failed. (8932_sec.sdw)
[15:32:48 PM]	CNtlPLObject::LoadSwapFile (3331):  file open failed. (8932_sec.objt)
[15:32:48 PM]	CNtlInstanceEffect::LoadSwapFile (801):  file open failed. (8932_sec.eff)
[15:32:48 PM]	CNtlPLOccluder_Quad::LoadSwapFile (830):  file open failed. (8932_sec.ocq)
[15:32:48 PM]	CNtlPLHeatHazeObject::LoadSwapFile (724):  file open failed. (8932_sec.hho)
[15:32:48 PM]	CNtlWorldShadow::LoadSwapFile (141):  file open failed. (8933_sec.sdw)
[15:32:48 PM]	CNtlPLObject::LoadSwapFile (3331):  file open failed. (8933_sec.objt)
[15:32:49 PM]	CNtlInstanceEffect::LoadSwapFile (801):  file open failed. (8933_sec.eff)
[15:32:49 PM]	CNtlPLOccluder_Quad::LoadSwapFile (830):  file open failed. (8933_sec.ocq)
[15:32:49 PM]	CNtlPLHeatHazeObject::LoadSwapFile (724):  file open failed. (8933_sec.hho)
[15:32:49 PM]	CNtlWorldShadow::LoadSwapFile (141):  file open failed. (9060_sec.sdw)
[15:32:49 PM]	CNtlPLObject::LoadSwapFile (3331):  file open failed. (9060_sec.objt)
[15:32:49 PM]	CNtlInstanceEffect::LoadSwapFile (801):  file open failed. (9060_sec.eff)
[15:32:49 PM]	CNtlPLOccluder_Quad::LoadSwapFile (830):  file open failed. (9060_sec.ocq)
[15:32:49 PM]	CNtlPLHeatHazeObject::LoadSwapFile (724):  file open failed. (9060_sec.hho)
[15:32:49 PM]	CNtlWorldShadow::LoadSwapFile (141):  file open failed. (9061_sec.sdw)
[15:32:49 PM]	CNtlPLObject::LoadSwapFile (3331):  file open failed. (9061_sec.objt)
[15:32:49 PM]	CNtlInstanceEffect::LoadSwapFile (801):  file open failed. (9061_sec.eff)
[15:32:49 PM]	CNtlPLOccluder_Quad::LoadSwapFile (830):  file open failed. (9061_sec.ocq)
[15:32:49 PM]	CNtlPLHeatHazeObject::LoadSwapFile (724):  file open failed. (9061_sec.hho)
[15:32:49 PM]	CNtlWorldShadow::LoadSwapFile (141):  file open failed. (9188_sec.sdw)
[15:32:49 PM]	CNtlPLObject::LoadSwapFile (3331):  file open failed. (9188_sec.objt)
[15:32:49 PM]	CNtlInstanceEffect::LoadSwapFile (801):  file open failed. (9188_sec.eff)
[15:32:49 PM]	CNtlPLOccluder_Quad::LoadSwapFile (830):  file open failed. (9188_sec.ocq)
[15:32:49 PM]	CNtlPLHeatHazeObject::LoadSwapFile (724):  file open failed. (9188_sec.hho)
[15:32:49 PM]	CNtlWorldShadow::LoadSwapFile (141):  file open failed. (9189_sec.sdw)
[15:32:49 PM]	CNtlPLObject::LoadSwapFile (3331):  file open failed. (9189_sec.objt)
[15:32:49 PM]	CNtlInstanceEffect::LoadSwapFile (801):  file open failed. (9189_sec.eff)
[15:32:49 PM]	CNtlPLOccluder_Quad::LoadSwapFile (830):  file open failed. (9189_sec.ocq)
[15:32:49 PM]	CNtlPLHeatHazeObject::LoadSwapFile (724):  file open failed. (9189_sec.hho)
[15:32:49 PM]	CNtlWorldShadow::LoadSwapFile (141):  file open failed. (9316_sec.sdw)
[15:32:49 PM]	CNtlPLObject::LoadSwapFile (3331):  file open failed. (9316_sec.objt)
[15:32:49 PM]	CNtlInstanceEffect::LoadSwapFile (801):  file open failed. (9316_sec.eff)
[15:32:49 PM]	CNtlPLOccluder_Quad::LoadSwapFile (830):  file open failed. (9316_sec.ocq)
[15:32:49 PM]	CNtlPLHeatHazeObject::LoadSwapFile (724):  file open failed. (9316_sec.hho)
[15:32:49 PM]	CNtlWorldShadow::LoadSwapFile (141):  file open failed. (9317_sec.sdw)
[15:32:49 PM]	CNtlPLObject::LoadSwapFile (3331):  file open failed. (9317_sec.objt)
[15:32:49 PM]	CNtlInstanceEffect::LoadSwapFile (801):  file open failed. (9317_sec.eff)
[15:32:49 PM]	CNtlPLOccluder_Quad::LoadSwapFile (830):  file open failed. (9317_sec.ocq)
[15:32:49 PM]	CNtlPLHeatHazeObject::LoadSwapFile (724):  file open failed. (9317_sec.hho)
[15:32:49 PM]	CNtlWorldShadow::LoadSwapFile (141):  file open failed. (9444_sec.sdw)
[15:32:49 PM]	CNtlPLObject::LoadSwapFile (3331):  file open failed. (9444_sec.objt)
[15:32:49 PM]	CNtlInstanceEffect::LoadSwapFile (801):  file open failed. (9444_sec.eff)
[15:32:49 PM]	CNtlPLOccluder_Quad::LoadSwapFile (830):  file open failed. (9444_sec.ocq)
[15:32:49 PM]	CNtlPLHeatHazeObject::LoadSwapFile (724):  file open failed. (9444_sec.hho)
[15:32:49 PM]	CNtlWorldShadow::LoadSwapFile (141):  file open failed. (9445_sec.sdw)
[15:32:49 PM]	CNtlPLObject::LoadSwapFile (3331):  file open failed. (9445_sec.objt)
[15:32:49 PM]	CNtlInstanceEffect::LoadSwapFile (801):  file open failed. (9445_sec.eff)
[15:32:49 PM]	CNtlPLOccluder_Quad::LoadSwapFile (830):  file open failed. (9445_sec.ocq)
[15:32:49 PM]	CNtlPLHeatHazeObject::LoadSwapFile (724):  file open failed. (9445_sec.hho)
[15:32:49 PM]	CNtlWorldShadow::LoadSwapFile (141):  file open failed. (9572_sec.sdw)
[15:32:49 PM]	CNtlPLObject::LoadSwapFile (3331):  file open failed. (9572_sec.objt)
[15:32:49 PM]	CNtlInstanceEffect::LoadSwapFile (801):  file open failed. (9572_sec.eff)
[15:32:49 PM]	CNtlPLOccluder_Quad::LoadSwapFile (830):  file open failed. (9572_sec.ocq)
[15:32:49 PM]	CNtlPLHeatHazeObject::LoadSwapFile (724):  file open failed. (9572_sec.hho)
[15:32:49 PM]	CNtlWorldShadow::LoadSwapFile (141):  file open failed. (9573_sec.sdw)
[15:32:49 PM]	CNtlPLObject::LoadSwapFile (3331):  file open failed. (9573_sec.objt)
[15:32:49 PM]	CNtlInstanceEffect::LoadSwapFile (801):  file open failed. (9573_sec.eff)
[15:32:49 PM]	CNtlPLOccluder_Quad::LoadSwapFile (830):  file open failed. (9573_sec.ocq)
[15:32:49 PM]	CNtlPLHeatHazeObject::LoadSwapFile (724):  file open failed. (9573_sec.hho)
[15:32:49 PM]	CNtlWorldShadow::LoadSwapFile (141):  file open failed. (9700_sec.sdw)
[15:32:49 PM]	CNtlPLObject::LoadSwapFile (3331):  file open failed. (9700_sec.objt)
[15:32:49 PM]	CNtlInstanceEffect::LoadSwapFile (801):  file open failed. (9700_sec.eff)
[15:32:49 PM]	CNtlPLOccluder_Quad::LoadSwapFile (830):  file open failed. (9700_sec.ocq)
[15:32:49 PM]	CNtlPLHeatHazeObject::LoadSwapFile (724):  file open failed. (9700_sec.hho)
[15:32:49 PM]	CNtlWorldShadow::LoadSwapFile (141):  file open failed. (9701_sec.sdw)
[15:32:49 PM]	CNtlPLObject::LoadSwapFile (3331):  file open failed. (9701_sec.objt)
[15:32:49 PM]	CNtlInstanceEffect::LoadSwapFile (801):  file open failed. (9701_sec.eff)
[15:32:49 PM]	CNtlPLOccluder_Quad::LoadSwapFile (830):  file open failed. (9701_sec.ocq)
[15:32:49 PM]	CNtlPLHeatHazeObject::LoadSwapFile (724):  file open failed. (9701_sec.hho)
[15:32:49 PM]	CNtlWorldShadow::LoadSwapFile (141):  file open failed. (10084_sec.sdw)
[15:32:49 PM]	CNtlPLObject::LoadSwapFile (3331):  file open failed. (10084_sec.objt)
[15:32:49 PM]	CNtlInstanceEffect::LoadSwapFile (801):  file open failed. (10084_sec.eff)
[15:32:49 PM]	CNtlPLOccluder_Quad::LoadSwapFile (830):  file open failed. (10084_sec.ocq)
[15:32:49 PM]	CNtlPLHeatHazeObject::LoadSwapFile (724):  file open failed. (10084_sec.hho)
[15:32:49 PM]	CNtlWorldShadow::LoadSwapFile (141):  file open failed. (10085_sec.sdw)
[15:32:49 PM]	CNtlPLObject::LoadSwapFile (3331):  file open failed. (10085_sec.objt)
[15:32:49 PM]	CNtlInstanceEffect::LoadSwapFile (801):  file open failed. (10085_sec.eff)
[15:32:49 PM]	CNtlPLOccluder_Quad::LoadSwapFile (830):  file open failed. (10085_sec.ocq)
[15:32:49 PM]	CNtlPLHeatHazeObject::LoadSwapFile (724):  file open failed. (10085_sec.hho)
[15:32:49 PM]	CNtlWorldShadow::LoadSwapFile (141):  file open failed. (10212_sec.sdw)
[15:32:49 PM]	CNtlPLObject::LoadSwapFile (3331):  file open failed. (10212_sec.objt)
[15:32:49 PM]	CNtlInstanceEffect::LoadSwapFile (801):  file open failed. (10212_sec.eff)
[15:32:49 PM]	CNtlPLOccluder_Quad::LoadSwapFile (830):  file open failed. (10212_sec.ocq)
[15:32:49 PM]	CNtlPLHeatHazeObject::LoadSwapFile (724):  file open failed. (10212_sec.hho)
[15:32:49 PM]	CNtlWorldShadow::LoadSwapFile (141):  file open failed. (10213_sec.sdw)
[15:32:49 PM]	CNtlPLObject::LoadSwapFile (3331):  file open failed. (10213_sec.objt)
[15:32:49 PM]	CNtlInstanceEffect::LoadSwapFile (801):  file open failed. (10213_sec.eff)
[15:32:49 PM]	CNtlPLOccluder_Quad::LoadSwapFile (830):  file open failed. (10213_sec.ocq)
[15:32:49 PM]	CNtlPLHeatHazeObject::LoadSwapFile (724):  file open failed. (10213_sec.hho)
[15:32:56 PM]	CNtlWorldShadow::LoadSwapFile (141):  file open failed. (8802_sec.sdw)
[15:32:56 PM]	CNtlPLObject::LoadSwapFile (3331):  file open failed. (8802_sec.objt)
[15:32:56 PM]	CNtlInstanceEffect::LoadSwapFile (801):  file open failed. (8802_sec.eff)
[15:32:56 PM]	CNtlPLOccluder_Quad::LoadSwapFile (830):  file open failed. (8802_sec.ocq)
[15:32:56 PM]	CNtlPLHeatHazeObject::LoadSwapFile (724):  file open failed. (8802_sec.hho)
[15:32:56 PM]	CNtlWorldShadow::LoadSwapFile (141):  file open failed. (8803_sec.sdw)
[15:32:56 PM]	CNtlPLObject::LoadSwapFile (3331):  file open failed. (8803_sec.objt)
[15:32:56 PM]	CNtlInstanceEffect::LoadSwapFile (801):  file open failed. (8803_sec.eff)
[15:32:56 PM]	CNtlPLOccluder_Quad::LoadSwapFile (830):  file open failed. (8803_sec.ocq)
[15:32:56 PM]	CNtlPLHeatHazeObject::LoadSwapFile (724):  file open failed. (8803_sec.hho)
[15:32:56 PM]	CNtlWorldShadow::LoadSwapFile (141):  file open failed. (8930_sec.sdw)
[15:32:56 PM]	CNtlPLObject::LoadSwapFile (3331):  file open failed. (8930_sec.objt)
[15:32:56 PM]	CNtlInstanceEffect::LoadSwapFile (801):  file open failed. (8930_sec.eff)
[15:32:56 PM]	CNtlPLOccluder_Quad::LoadSwapFile (830):  file open failed. (8930_sec.ocq)
[15:32:56 PM]	CNtlPLHeatHazeObject::LoadSwapFile (724):  file open failed. (8930_sec.hho)
[15:32:56 PM]	CNtlWorldShadow::LoadSwapFile (141):  file open failed. (8931_sec.sdw)
[15:32:56 PM]	CNtlPLObject::LoadSwapFile (3331):  file open failed. (8931_sec.objt)
[15:32:56 PM]	CNtlInstanceEffect::LoadSwapFile (801):  file open failed. (8931_sec.eff)
[15:32:56 PM]	CNtlPLOccluder_Quad::LoadSwapFile (830):  file open failed. (8931_sec.ocq)
[15:32:56 PM]	CNtlPLHeatHazeObject::LoadSwapFile (724):  file open failed. (8931_sec.hho)
[15:32:56 PM]	CNtlWorldShadow::LoadSwapFile (141):  file open failed. (9058_sec.sdw)
[15:32:56 PM]	CNtlPLObject::LoadSwapFile (3331):  file open failed. (9058_sec.objt)
[15:32:56 PM]	CNtlInstanceEffect::LoadSwapFile (801):  file open failed. (9058_sec.eff)
[15:32:56 PM]	CNtlPLOccluder_Quad::LoadSwapFile (830):  file open failed. (9058_sec.ocq)
[15:32:56 PM]	CNtlPLHeatHazeObject::LoadSwapFile (724):  file open failed. (9058_sec.hho)
[15:32:56 PM]	CNtlWorldShadow::LoadSwapFile (141):  file open failed. (9059_sec.sdw)
[15:32:56 PM]	CNtlPLObject::LoadSwapFile (3331):  file open failed. (9059_sec.objt)
[15:32:56 PM]	CNtlInstanceEffect::LoadSwapFile (801):  file open failed. (9059_sec.eff)
[15:32:56 PM]	CNtlPLOccluder_Quad::LoadSwapFile (830):  file open failed. (9059_sec.ocq)
[15:32:56 PM]	CNtlPLHeatHazeObject::LoadSwapFile (724):  file open failed. (9059_sec.hho)
[15:32:56 PM]	CNtlWorldShadow::LoadSwapFile (141):  file open failed. (9186_sec.sdw)
[15:32:56 PM]	CNtlPLObject::LoadSwapFile (3331):  file open failed. (9186_sec.objt)
[15:32:56 PM]	CNtlInstanceEffect::LoadSwapFile (801):  file open failed. (9186_sec.eff)
[15:32:56 PM]	CNtlPLOccluder_Quad::LoadSwapFile (830):  file open failed. (9186_sec.ocq)
[15:32:56 PM]	CNtlPLHeatHazeObject::LoadSwapFile (724):  file open failed. (9186_sec.hho)
[15:32:56 PM]	CNtlWorldShadow::LoadSwapFile (141):  file open failed. (9187_sec.sdw)
[15:32:56 PM]	CNtlPLObject::LoadSwapFile (3331):  file open failed. (9187_sec.objt)
[15:32:56 PM]	CNtlInstanceEffect::LoadSwapFile (801):  file open failed. (9187_sec.eff)
[15:32:56 PM]	CNtlPLOccluder_Quad::LoadSwapFile (830):  file open failed. (9187_sec.ocq)
[15:32:56 PM]	CNtlPLHeatHazeObject::LoadSwapFile (724):  file open failed. (9187_sec.hho)
[15:32:56 PM]	CNtlWorldShadow::LoadSwapFile (141):  file open failed. (9314_sec.sdw)
[15:32:56 PM]	CNtlPLObject::LoadSwapFile (3331):  file open failed. (9314_sec.objt)
[15:32:56 PM]	CNtlInstanceEffect::LoadSwapFile (801):  file open failed. (9314_sec.eff)
[15:32:56 PM]	CNtlPLOccluder_Quad::LoadSwapFile (830):  file open failed. (9314_sec.ocq)
[15:32:56 PM]	CNtlPLHeatHazeObject::LoadSwapFile (724):  file open failed. (9314_sec.hho)
[15:32:56 PM]	CNtlWorldShadow::LoadSwapFile (141):  file open failed. (9315_sec.sdw)
[15:32:56 PM]	CNtlPLObject::LoadSwapFile (3331):  file open failed. (9315_sec.objt)
[15:32:56 PM]	CNtlInstanceEffect::LoadSwapFile (801):  file open failed. (9315_sec.eff)
[15:32:56 PM]	CNtlPLOccluder_Quad::LoadSwapFile (830):  file open failed. (9315_sec.ocq)
[15:32:56 PM]	CNtlPLHeatHazeObject::LoadSwapFile (724):  file open failed. (9315_sec.hho)
[15:32:56 PM]	CNtlWorldShadow::LoadSwapFile (141):  file open failed. (9442_sec.sdw)
[15:32:56 PM]	CNtlPLObject::LoadSwapFile (3331):  file open failed. (9442_sec.objt)
[15:32:56 PM]	CNtlInstanceEffect::LoadSwapFile (801):  file open failed. (9442_sec.eff)
[15:32:56 PM]	CNtlPLOccluder_Quad::LoadSwapFile (830):  file open failed. (9442_sec.ocq)
[15:32:56 PM]	CNtlPLHeatHazeObject::LoadSwapFile (724):  file open failed. (9442_sec.hho)
[15:32:56 PM]	CNtlWorldShadow::LoadSwapFile (141):  file open failed. (9443_sec.sdw)
[15:32:56 PM]	CNtlPLObject::LoadSwapFile (3331):  file open failed. (9443_sec.objt)
[15:32:56 PM]	CNtlInstanceEffect::LoadSwapFile (801):  file open failed. (9443_sec.eff)
[15:32:56 PM]	CNtlPLOccluder_Quad::LoadSwapFile (830):  file open failed. (9443_sec.ocq)
[15:32:56 PM]	CNtlPLHeatHazeObject::LoadSwapFile (724):  file open failed. (9443_sec.hho)
[15:32:56 PM]	CNtlWorldShadow::LoadSwapFile (141):  file open failed. (9570_sec.sdw)
[15:32:56 PM]	CNtlPLObject::LoadSwapFile (3331):  file open failed. (9570_sec.objt)
[15:32:56 PM]	CNtlInstanceEffect::LoadSwapFile (801):  file open failed. (9570_sec.eff)
[15:32:56 PM]	CNtlPLOccluder_Quad::LoadSwapFile (830):  file open failed. (9570_sec.ocq)
[15:32:56 PM]	CNtlPLHeatHazeObject::LoadSwapFile (724):  file open failed. (9570_sec.hho)
[15:32:56 PM]	CNtlWorldShadow::LoadSwapFile (141):  file open failed. (9571_sec.sdw)
[15:32:56 PM]	CNtlPLObject::LoadSwapFile (3331):  file open failed. (9571_sec.objt)
[15:32:56 PM]	CNtlInstanceEffect::LoadSwapFile (801):  file open failed. (9571_sec.eff)
[15:32:56 PM]	CNtlPLOccluder_Quad::LoadSwapFile (830):  file open failed. (9571_sec.ocq)
[15:32:56 PM]	CNtlPLHeatHazeObject::LoadSwapFile (724):  file open failed. (9571_sec.hho)
[15:32:56 PM]	CNtlWorldShadow::LoadSwapFile (141):  file open failed. (9698_sec.sdw)
[15:32:56 PM]	CNtlPLObject::LoadSwapFile (3331):  file open failed. (9698_sec.objt)
[15:32:56 PM]	CNtlInstanceEffect::LoadSwapFile (801):  file open failed. (9698_sec.eff)
[15:32:56 PM]	CNtlPLOccluder_Quad::LoadSwapFile (830):  file open failed. (9698_sec.ocq)
[15:32:56 PM]	CNtlPLHeatHazeObject::LoadSwapFile (724):  file open failed. (9698_sec.hho)
[15:32:56 PM]	CNtlWorldShadow::LoadSwapFile (141):  file open failed. (9699_sec.sdw)
[15:32:56 PM]	CNtlPLObject::LoadSwapFile (3331):  file open failed. (9699_sec.objt)
[15:32:56 PM]	CNtlInstanceEffect::LoadSwapFile (801):  file open failed. (9699_sec.eff)
[15:32:56 PM]	CNtlPLOccluder_Quad::LoadSwapFile (830):  file open failed. (9699_sec.ocq)
[15:32:56 PM]	CNtlPLHeatHazeObject::LoadSwapFile (724):  file open failed. (9699_sec.hho)
[15:32:56 PM]	CNtlWorldShadow::LoadSwapFile (141):  file open failed. (9826_sec.sdw)
[15:32:56 PM]	CNtlPLObject::LoadSwapFile (3331):  file open failed. (9826_sec.objt)
[15:32:56 PM]	CNtlInstanceEffect::LoadSwapFile (801):  file open failed. (9826_sec.eff)
[15:32:56 PM]	CNtlPLOccluder_Quad::LoadSwapFile (830):  file open failed. (9826_sec.ocq)
[15:32:56 PM]	CNtlPLHeatHazeObject::LoadSwapFile (724):  file open failed. (9826_sec.hho)
[15:32:56 PM]	CNtlWorldShadow::LoadSwapFile (141):  file open failed. (9827_sec.sdw)
[15:32:56 PM]	CNtlPLObject::LoadSwapFile (3331):  file open failed. (9827_sec.objt)
[15:32:57 PM]	CNtlInstanceEffect::LoadSwapFile (801):  file open failed. (9827_sec.eff)
[15:32:57 PM]	CNtlPLOccluder_Quad::LoadSwapFile (830):  file open failed. (9827_sec.ocq)
[15:32:57 PM]	CNtlPLHeatHazeObject::LoadSwapFile (724):  file open failed. (9827_sec.hho)
[15:32:57 PM]	CNtlWorldShadow::LoadSwapFile (141):  file open failed. (9954_sec.sdw)
[15:32:57 PM]	CNtlPLObject::LoadSwapFile (3331):  file open failed. (9954_sec.objt)
[15:32:57 PM]	CNtlInstanceEffect::LoadSwapFile (801):  file open failed. (9954_sec.eff)
[15:32:57 PM]	CNtlPLOccluder_Quad::LoadSwapFile (830):  file open failed. (9954_sec.ocq)
[15:32:57 PM]	CNtlPLHeatHazeObject::LoadSwapFile (724):  file open failed. (9954_sec.hho)
[15:32:57 PM]	CNtlWorldShadow::LoadSwapFile (141):  file open failed. (9955_sec.sdw)
[15:32:57 PM]	CNtlPLObject::LoadSwapFile (3331):  file open failed. (9955_sec.objt)
[15:32:57 PM]	CNtlInstanceEffect::LoadSwapFile (801):  file open failed. (9955_sec.eff)
[15:32:57 PM]	CNtlPLOccluder_Quad::LoadSwapFile (830):  file open failed. (9955_sec.ocq)
[15:32:57 PM]	CNtlPLHeatHazeObject::LoadSwapFile (724):  file open failed. (9955_sec.hho)
[15:32:57 PM]	CNtlWorldShadow::LoadSwapFile (141):  file open failed. (10082_sec.sdw)
[15:32:57 PM]	CNtlPLObject::LoadSwapFile (3331):  file open failed. (10082_sec.objt)
[15:32:57 PM]	CNtlInstanceEffect::LoadSwapFile (801):  file open failed. (10082_sec.eff)
[15:32:57 PM]	CNtlPLOccluder_Quad::LoadSwapFile (830):  file open failed. (10082_sec.ocq)
[15:32:57 PM]	CNtlPLHeatHazeObject::LoadSwapFile (724):  file open failed. (10082_sec.hho)
[15:32:57 PM]	CNtlWorldShadow::LoadSwapFile (141):  file open failed. (10083_sec.sdw)
[15:32:57 PM]	CNtlPLObject::LoadSwapFile (3331):  file open failed. (10083_sec.objt)
[15:32:57 PM]	CNtlInstanceEffect::LoadSwapFile (801):  file open failed. (10083_sec.eff)
[15:32:57 PM]	CNtlPLOccluder_Quad::LoadSwapFile (830):  file open failed. (10083_sec.ocq)
[15:32:57 PM]	CNtlPLHeatHazeObject::LoadSwapFile (724):  file open failed. (10083_sec.hho)
[15:32:57 PM]	CNtlWorldShadow::LoadSwapFile (141):  file open failed. (10210_sec.sdw)
[15:32:57 PM]	CNtlPLObject::LoadSwapFile (3331):  file open failed. (10210_sec.objt)
[15:32:57 PM]	CNtlInstanceEffect::LoadSwapFile (801):  file open failed. (10210_sec.eff)
[15:32:57 PM]	CNtlPLOccluder_Quad::LoadSwapFile (830):  file open failed. (10210_sec.ocq)
[15:32:57 PM]	CNtlPLHeatHazeObject::LoadSwapFile (724):  file open failed. (10210_sec.hho)
[15:32:57 PM]	CNtlWorldShadow::LoadSwapFile (141):  file open failed. (10211_sec.sdw)
[15:32:57 PM]	CNtlPLObject::LoadSwapFile (3331):  file open failed. (10211_sec.objt)
[15:32:57 PM]	CNtlInstanceEffect::LoadSwapFile (801):  file open failed. (10211_sec.eff)
[15:32:57 PM]	CNtlPLOccluder_Quad::LoadSwapFile (830):  file open failed. (10211_sec.ocq)
[15:32:57 PM]	CNtlPLHeatHazeObject::LoadSwapFile (724):  file open failed. (10211_sec.hho)
[15:33:00 PM]	CNtlWorldShadow::LoadSwapFile (141):  file open failed. (8546_sec.sdw)
[15:33:00 PM]	CNtlPLObject::LoadSwapFile (3331):  file open failed. (8546_sec.objt)
[15:33:00 PM]	CNtlInstanceEffect::LoadSwapFile (801):  file open failed. (8546_sec.eff)
[15:33:00 PM]	CNtlPLOccluder_Quad::LoadSwapFile (830):  file open failed. (8546_sec.ocq)
[15:33:00 PM]	CNtlPLHeatHazeObject::LoadSwapFile (724):  file open failed. (8546_sec.hho)
[15:33:00 PM]	CNtlWorldShadow::LoadSwapFile (141):  file open failed. (8547_sec.sdw)
[15:33:00 PM]	CNtlPLObject::LoadSwapFile (3331):  file open failed. (8547_sec.objt)
[15:33:00 PM]	CNtlInstanceEffect::LoadSwapFile (801):  file open failed. (8547_sec.eff)
[15:33:00 PM]	CNtlPLOccluder_Quad::LoadSwapFile (830):  file open failed. (8547_sec.ocq)
[15:33:00 PM]	CNtlPLHeatHazeObject::LoadSwapFile (724):  file open failed. (8547_sec.hho)
[15:33:00 PM]	CNtlWorldShadow::LoadSwapFile (141):  file open failed. (8674_sec.sdw)
[15:33:00 PM]	CNtlPLObject::LoadSwapFile (3331):  file open failed. (8674_sec.objt)
[15:33:00 PM]	CNtlInstanceEffect::LoadSwapFile (801):  file open failed. (8674_sec.eff)
[15:33:00 PM]	CNtlPLOccluder_Quad::LoadSwapFile (830):  file open failed. (8674_sec.ocq)
[15:33:00 PM]	CNtlPLHeatHazeObject::LoadSwapFile (724):  file open failed. (8674_sec.hho)
[15:33:00 PM]	CNtlWorldShadow::LoadSwapFile (141):  file open failed. (8675_sec.sdw)
[15:33:00 PM]	CNtlPLObject::LoadSwapFile (3331):  file open failed. (8675_sec.objt)
[15:33:00 PM]	CNtlInstanceEffect::LoadSwapFile (801):  file open failed. (8675_sec.eff)
[15:33:00 PM]	CNtlPLOccluder_Quad::LoadSwapFile (830):  file open failed. (8675_sec.ocq)
[15:33:00 PM]	CNtlPLHeatHazeObject::LoadSwapFile (724):  file open failed. (8675_sec.hho)
[15:33:00 PM]	CNtlWorldShadow::LoadSwapFile (141):  file open failed. (8548_sec.sdw)
[15:33:00 PM]	CNtlPLObject::LoadSwapFile (3331):  file open failed. (8548_sec.objt)
[15:33:00 PM]	CNtlInstanceEffect::LoadSwapFile (801):  file open failed. (8548_sec.eff)
[15:33:00 PM]	CNtlPLOccluder_Quad::LoadSwapFile (830):  file open failed. (8548_sec.ocq)
[15:33:00 PM]	CNtlPLHeatHazeObject::LoadSwapFile (724):  file open failed. (8548_sec.hho)
[15:33:00 PM]	CNtlWorldShadow::LoadSwapFile (141):  file open failed. (8549_sec.sdw)
[15:33:00 PM]	CNtlPLObject::LoadSwapFile (3331):  file open failed. (8549_sec.objt)
[15:33:00 PM]	CNtlInstanceEffect::LoadSwapFile (801):  file open failed. (8549_sec.eff)
[15:33:00 PM]	CNtlPLOccluder_Quad::LoadSwapFile (830):  file open failed. (8549_sec.ocq)
[15:33:00 PM]	CNtlPLHeatHazeObject::LoadSwapFile (724):  file open failed. (8549_sec.hho)
[15:33:00 PM]	CNtlWorldShadow::LoadSwapFile (141):  file open failed. (8676_sec.sdw)
[15:33:00 PM]	CNtlPLObject::LoadSwapFile (3331):  file open failed. (8676_sec.objt)
[15:33:00 PM]	CNtlInstanceEffect::LoadSwapFile (801):  file open failed. (8676_sec.eff)
[15:33:00 PM]	CNtlPLOccluder_Quad::LoadSwapFile (830):  file open failed. (8676_sec.ocq)
[15:33:00 PM]	CNtlPLHeatHazeObject::LoadSwapFile (724):  file open failed. (8676_sec.hho)
[15:33:00 PM]	CNtlWorldShadow::LoadSwapFile (141):  file open failed. (8677_sec.sdw)
[15:33:00 PM]	CNtlPLObject::LoadSwapFile (3331):  file open failed. (8677_sec.objt)
[15:33:00 PM]	CNtlInstanceEffect::LoadSwapFile (801):  file open failed. (8677_sec.eff)
[15:33:00 PM]	CNtlPLOccluder_Quad::LoadSwapFile (830):  file open failed. (8677_sec.ocq)
[15:33:00 PM]	CNtlPLHeatHazeObject::LoadSwapFile (724):  file open failed. (8677_sec.hho)
[15:33:05 PM]	CNtlWorldShadow::LoadSwapFile (141):  file open failed. (8290_sec.sdw)
[15:33:05 PM]	CNtlPLObject::LoadSwapFile (3331):  file open failed. (8290_sec.objt)
[15:33:05 PM]	CNtlInstanceEffect::LoadSwapFile (801):  file open failed. (8290_sec.eff)
[15:33:05 PM]	CNtlPLOccluder_Quad::LoadSwapFile (830):  file open failed. (8290_sec.ocq)
[15:33:05 PM]	CNtlPLHeatHazeObject::LoadSwapFile (724):  file open failed. (8290_sec.hho)
[15:33:05 PM]	CNtlWorldShadow::LoadSwapFile (141):  file open failed. (8291_sec.sdw)
[15:33:05 PM]	CNtlPLObject::LoadSwapFile (3331):  file open failed. (8291_sec.objt)
[15:33:05 PM]	CNtlInstanceEffect::LoadSwapFile (801):  file open failed. (8291_sec.eff)
[15:33:05 PM]	CNtlPLOccluder_Quad::LoadSwapFile (830):  file open failed. (8291_sec.ocq)
[15:33:05 PM]	CNtlPLHeatHazeObject::LoadSwapFile (724):  file open failed. (8291_sec.hho)
[15:33:05 PM]	CNtlWorldShadow::LoadSwapFile (141):  file open failed. (8418_sec.sdw)
[15:33:05 PM]	CNtlPLObject::LoadSwapFile (3331):  file open failed. (8418_sec.objt)
[15:33:05 PM]	CNtlInstanceEffect::LoadSwapFile (801):  file open failed. (8418_sec.eff)
[15:33:05 PM]	CNtlPLOccluder_Quad::LoadSwapFile (830):  file open failed. (8418_sec.ocq)
[15:33:05 PM]	CNtlPLHeatHazeObject::LoadSwapFile (724):  file open failed. (8418_sec.hho)
[15:33:05 PM]	CNtlWorldShadow::LoadSwapFile (141):  file open failed. (8419_sec.sdw)
[15:33:05 PM]	CNtlPLObject::LoadSwapFile (3331):  file open failed. (8419_sec.objt)
[15:33:05 PM]	CNtlInstanceEffect::LoadSwapFile (801):  file open failed. (8419_sec.eff)
[15:33:05 PM]	CNtlPLOccluder_Quad::LoadSwapFile (830):  file open failed. (8419_sec.ocq)
[15:33:05 PM]	CNtlPLHeatHazeObject::LoadSwapFile (724):  file open failed. (8419_sec.hho)
[15:33:05 PM]	CNtlWorldShadow::LoadSwapFile (141):  file open failed. (8292_sec.sdw)
[15:33:05 PM]	CNtlPLObject::LoadSwapFile (3331):  file open failed. (8292_sec.objt)
[15:33:05 PM]	CNtlInstanceEffect::LoadSwapFile (801):  file open failed. (8292_sec.eff)
[15:33:05 PM]	CNtlPLOccluder_Quad::LoadSwapFile (830):  file open failed. (8292_sec.ocq)
[15:33:05 PM]	CNtlPLHeatHazeObject::LoadSwapFile (724):  file open failed. (8292_sec.hho)
[15:33:05 PM]	CNtlWorldShadow::LoadSwapFile (141):  file open failed. (8293_sec.sdw)
[15:33:05 PM]	CNtlPLObject::LoadSwapFile (3331):  file open failed. (8293_sec.objt)
[15:33:05 PM]	CNtlInstanceEffect::LoadSwapFile (801):  file open failed. (8293_sec.eff)
[15:33:05 PM]	CNtlPLOccluder_Quad::LoadSwapFile (830):  file open failed. (8293_sec.ocq)
[15:33:05 PM]	CNtlPLHeatHazeObject::LoadSwapFile (724):  file open failed. (8293_sec.hho)
[15:33:05 PM]	CNtlWorldShadow::LoadSwapFile (141):  file open failed. (8420_sec.sdw)
[15:33:05 PM]	CNtlPLObject::LoadSwapFile (3331):  file open failed. (8420_sec.objt)
[15:33:05 PM]	CNtlInstanceEffect::LoadSwapFile (801):  file open failed. (8420_sec.eff)
[15:33:05 PM]	CNtlPLOccluder_Quad::LoadSwapFile (830):  file open failed. (8420_sec.ocq)
[15:33:05 PM]	CNtlPLHeatHazeObject::LoadSwapFile (724):  file open failed. (8420_sec.hho)
[15:33:05 PM]	CNtlWorldShadow::LoadSwapFile (141):  file open failed. (8421_sec.sdw)
[15:33:05 PM]	CNtlPLObject::LoadSwapFile (3331):  file open failed. (8421_sec.objt)
[15:33:05 PM]	CNtlInstanceEffect::LoadSwapFile (801):  file open failed. (8421_sec.eff)
[15:33:05 PM]	CNtlPLOccluder_Quad::LoadSwapFile (830):  file open failed. (8421_sec.ocq)
[15:33:05 PM]	CNtlPLHeatHazeObject::LoadSwapFile (724):  file open failed. (8421_sec.hho)
[15:33:09 PM]	CNtlWorldShadow::LoadSwapFile (141):  file open failed. (8034_sec.sdw)
[15:33:09 PM]	CNtlPLObject::LoadSwapFile (3331):  file open failed. (8034_sec.objt)
[15:33:09 PM]	CNtlInstanceEffect::LoadSwapFile (801):  file open failed. (8034_sec.eff)
[15:33:09 PM]	CNtlPLOccluder_Quad::LoadSwapFile (830):  file open failed. (8034_sec.ocq)
[15:33:09 PM]	CNtlPLHeatHazeObject::LoadSwapFile (724):  file open failed. (8034_sec.hho)
[15:33:09 PM]	CNtlWorldShadow::LoadSwapFile (141):  file open failed. (8035_sec.sdw)
[15:33:09 PM]	CNtlPLObject::LoadSwapFile (3331):  file open failed. (8035_sec.objt)
[15:33:09 PM]	CNtlInstanceEffect::LoadSwapFile (801):  file open failed. (8035_sec.eff)
[15:33:09 PM]	CNtlPLOccluder_Quad::LoadSwapFile (830):  file open failed. (8035_sec.ocq)
[15:33:09 PM]	CNtlPLHeatHazeObject::LoadSwapFile (724):  file open failed. (8035_sec.hho)
[15:33:09 PM]	CNtlWorldShadow::LoadSwapFile (141):  file open failed. (8162_sec.sdw)
[15:33:09 PM]	CNtlPLObject::LoadSwapFile (3331):  file open failed. (8162_sec.objt)
[15:33:09 PM]	CNtlInstanceEffect::LoadSwapFile (801):  file open failed. (8162_sec.eff)
[15:33:09 PM]	CNtlPLOccluder_Quad::LoadSwapFile (830):  file open failed. (8162_sec.ocq)
[15:33:09 PM]	CNtlPLHeatHazeObject::LoadSwapFile (724):  file open failed. (8162_sec.hho)
[15:33:09 PM]	CNtlWorldShadow::LoadSwapFile (141):  file open failed. (8163_sec.sdw)
[15:33:09 PM]	CNtlPLObject::LoadSwapFile (3331):  file open failed. (8163_sec.objt)
[15:33:09 PM]	CNtlInstanceEffect::LoadSwapFile (801):  file open failed. (8163_sec.eff)
[15:33:09 PM]	CNtlPLOccluder_Quad::LoadSwapFile (830):  file open failed. (8163_sec.ocq)
[15:33:09 PM]	CNtlPLHeatHazeObject::LoadSwapFile (724):  file open failed. (8163_sec.hho)
[15:33:09 PM]	CNtlWorldShadow::LoadSwapFile (141):  file open failed. (8036_sec.sdw)
[15:33:09 PM]	CNtlPLObject::LoadSwapFile (3331):  file open failed. (8036_sec.objt)
[15:33:09 PM]	CNtlInstanceEffect::LoadSwapFile (801):  file open failed. (8036_sec.eff)
[15:33:09 PM]	CNtlPLOccluder_Quad::LoadSwapFile (830):  file open failed. (8036_sec.ocq)
[15:33:09 PM]	CNtlPLHeatHazeObject::LoadSwapFile (724):  file open failed. (8036_sec.hho)
[15:33:09 PM]	CNtlWorldShadow::LoadSwapFile (141):  file open failed. (8037_sec.sdw)
[15:33:09 PM]	CNtlPLObject::LoadSwapFile (3331):  file open failed. (8037_sec.objt)
[15:33:09 PM]	CNtlInstanceEffect::LoadSwapFile (801):  file open failed. (8037_sec.eff)
[15:33:09 PM]	CNtlPLOccluder_Quad::LoadSwapFile (830):  file open failed. (8037_sec.ocq)
[15:33:09 PM]	CNtlPLHeatHazeObject::LoadSwapFile (724):  file open failed. (8037_sec.hho)
[15:33:09 PM]	CNtlWorldShadow::LoadSwapFile (141):  file open failed. (8164_sec.sdw)
[15:33:09 PM]	CNtlPLObject::LoadSwapFile (3331):  file open failed. (8164_sec.objt)
[15:33:09 PM]	CNtlInstanceEffect::LoadSwapFile (801):  file open failed. (8164_sec.eff)
[15:33:09 PM]	CNtlPLOccluder_Quad::LoadSwapFile (830):  file open failed. (8164_sec.ocq)
[15:33:09 PM]	CNtlPLHeatHazeObject::LoadSwapFile (724):  file open failed. (8164_sec.hho)
[15:33:09 PM]	CNtlWorldShadow::LoadSwapFile (141):  file open failed. (8165_sec.sdw)
[15:33:09 PM]	CNtlPLObject::LoadSwapFile (3331):  file open failed. (8165_sec.objt)
[15:33:09 PM]	CNtlInstanceEffect::LoadSwapFile (801):  file open failed. (8165_sec.eff)
[15:33:09 PM]	CNtlPLOccluder_Quad::LoadSwapFile (830):  file open failed. (8165_sec.ocq)
[15:33:09 PM]	CNtlPLHeatHazeObject::LoadSwapFile (724):  file open failed. (8165_sec.hho)
[15:33:09 PM]	CNtlWorldShadow::LoadSwapFile (141):  file open failed. (8038_sec.sdw)
