[02:16:09 AM]	=============== Start Trace ===============

[02:16:09 AM]	 === < SABER > Trace Start === 
[02:16:24 AM]	CNtlPLVisualManager::GetHeightFieldWorldHeight (1170):  GetWorldHeight : Failed : IN(0,0,0), OUT_HEIGHT(-999)
[02:16:27 AM]	CNtlWorldShadow::LoadSwapFile (141):  file open failed. (394_sec.sdw)
[02:16:27 AM]	CNtlPLObject::LoadSwapFile (3331):  file open failed. (394_sec.objt)
[02:16:27 AM]	CNtlInstanceEffect::LoadSwapFile (801):  file open failed. (394_sec.eff)
[02:16:27 AM]	CNtlPLOccluder_Quad::LoadSwapFile (830):  file open failed. (394_sec.ocq)
[02:16:27 AM]	CNtlPLHeatHazeObject::LoadSwapFile (724):  file open failed. (394_sec.hho)
[02:16:27 AM]	CNtlWorldShadow::LoadSwapFile (141):  file open failed. (395_sec.sdw)
[02:16:27 AM]	CNtlPLObject::LoadSwapFile (3331):  file open failed. (395_sec.objt)
[02:16:27 AM]	CNtlInstanceEffect::LoadSwapFile (801):  file open failed. (395_sec.eff)
[02:16:27 AM]	CNtlPLOccluder_Quad::LoadSwapFile (830):  file open failed. (395_sec.ocq)
[02:16:27 AM]	CNtlPLHeatHazeObject::LoadSwapFile (724):  file open failed. (395_sec.hho)
[02:16:27 AM]	CNtlWorldShadow::LoadSwapFile (141):  file open failed. (426_sec.sdw)
[02:16:27 AM]	CNtlPLObject::LoadSwapFile (3331):  file open failed. (426_sec.objt)
[02:16:27 AM]	CNtlInstanceEffect::LoadSwapFile (801):  file open failed. (426_sec.eff)
[02:16:27 AM]	CNtlPLOccluder_Quad::LoadSwapFile (830):  file open failed. (426_sec.ocq)
[02:16:27 AM]	CNtlPLHeatHazeObject::LoadSwapFile (724):  file open failed. (426_sec.hho)
[02:16:27 AM]	CNtlWorldShadow::LoadSwapFile (141):  file open failed. (427_sec.sdw)
[02:16:27 AM]	CNtlPLObject::LoadSwapFile (3331):  file open failed. (427_sec.objt)
[02:16:27 AM]	CNtlInstanceEffect::LoadSwapFile (801):  file open failed. (427_sec.eff)
[02:16:27 AM]	CNtlPLOccluder_Quad::LoadSwapFile (830):  file open failed. (427_sec.ocq)
[02:16:27 AM]	CNtlPLHeatHazeObject::LoadSwapFile (724):  file open failed. (427_sec.hho)
[02:16:27 AM]	CNtlWorldShadow::LoadSwapFile (141):  file open failed. (396_sec.sdw)
[02:16:27 AM]	CNtlPLObject::LoadSwapFile (3331):  file open failed. (396_sec.objt)
[02:16:27 AM]	CNtlInstanceEffect::LoadSwapFile (801):  file open failed. (396_sec.eff)
[02:16:27 AM]	CNtlPLOccluder_Quad::LoadSwapFile (830):  file open failed. (396_sec.ocq)
[02:16:27 AM]	CNtlPLHeatHazeObject::LoadSwapFile (724):  file open failed. (396_sec.hho)
[02:16:27 AM]	CNtlWorldShadow::LoadSwapFile (141):  file open failed. (397_sec.sdw)
[02:16:27 AM]	CNtlPLObject::LoadSwapFile (3331):  file open failed. (397_sec.objt)
[02:16:27 AM]	CNtlInstanceEffect::LoadSwapFile (801):  file open failed. (397_sec.eff)
[02:16:27 AM]	CNtlPLOccluder_Quad::LoadSwapFile (830):  file open failed. (397_sec.ocq)
[02:16:27 AM]	CNtlPLHeatHazeObject::LoadSwapFile (724):  file open failed. (397_sec.hho)
[02:16:27 AM]	CNtlWorldShadow::LoadSwapFile (141):  file open failed. (428_sec.sdw)
[02:16:27 AM]	CNtlPLObject::LoadSwapFile (3331):  file open failed. (428_sec.objt)
[02:16:27 AM]	CNtlInstanceEffect::LoadSwapFile (801):  file open failed. (428_sec.eff)
[02:16:27 AM]	CNtlPLOccluder_Quad::LoadSwapFile (830):  file open failed. (428_sec.ocq)
[02:16:27 AM]	CNtlPLHeatHazeObject::LoadSwapFile (724):  file open failed. (428_sec.hho)
[02:16:27 AM]	CNtlWorldShadow::LoadSwapFile (141):  file open failed. (429_sec.sdw)
[02:16:27 AM]	CNtlPLObject::LoadSwapFile (3331):  file open failed. (429_sec.objt)
[02:16:27 AM]	CNtlInstanceEffect::LoadSwapFile (801):  file open failed. (429_sec.eff)
[02:16:27 AM]	CNtlPLOccluder_Quad::LoadSwapFile (830):  file open failed. (429_sec.ocq)
[02:16:27 AM]	CNtlPLHeatHazeObject::LoadSwapFile (724):  file open failed. (429_sec.hho)
[02:16:27 AM]	CNtlWorldShadow::LoadSwapFile (141):  file open failed. (398_sec.sdw)
[02:16:27 AM]	CNtlPLObject::LoadSwapFile (3331):  file open failed. (398_sec.objt)
[02:16:27 AM]	CNtlInstanceEffect::LoadSwapFile (801):  file open failed. (398_sec.eff)
[02:16:27 AM]	CNtlPLOccluder_Quad::LoadSwapFile (830):  file open failed. (398_sec.ocq)
[02:16:27 AM]	CNtlPLHeatHazeObject::LoadSwapFile (724):  file open failed. (398_sec.hho)
[02:16:27 AM]	CNtlWorldShadow::LoadSwapFile (141):  file open failed. (399_sec.sdw)
[02:16:27 AM]	CNtlPLObject::LoadSwapFile (3331):  file open failed. (399_sec.objt)
[02:16:27 AM]	CNtlInstanceEffect::LoadSwapFile (801):  file open failed. (399_sec.eff)
[02:16:27 AM]	CNtlPLOccluder_Quad::LoadSwapFile (830):  file open failed. (399_sec.ocq)
[02:16:27 AM]	CNtlPLHeatHazeObject::LoadSwapFile (724):  file open failed. (399_sec.hho)
[02:16:27 AM]	CNtlWorldShadow::LoadSwapFile (141):  file open failed. (430_sec.sdw)
[02:16:27 AM]	CNtlPLObject::LoadSwapFile (3331):  file open failed. (430_sec.objt)
[02:16:27 AM]	CNtlInstanceEffect::LoadSwapFile (801):  file open failed. (430_sec.eff)
[02:16:27 AM]	CNtlPLOccluder_Quad::LoadSwapFile (830):  file open failed. (430_sec.ocq)
[02:16:27 AM]	CNtlPLHeatHazeObject::LoadSwapFile (724):  file open failed. (430_sec.hho)
[02:16:27 AM]	CNtlWorldShadow::LoadSwapFile (141):  file open failed. (431_sec.sdw)
[02:16:27 AM]	CNtlPLObject::LoadSwapFile (3331):  file open failed. (431_sec.objt)
[02:16:27 AM]	CNtlInstanceEffect::LoadSwapFile (801):  file open failed. (431_sec.eff)
[02:16:27 AM]	CNtlPLOccluder_Quad::LoadSwapFile (830):  file open failed. (431_sec.ocq)
[02:16:27 AM]	CNtlPLHeatHazeObject::LoadSwapFile (724):  file open failed. (431_sec.hho)
[02:16:27 AM]	CNtlWorldShadow::LoadSwapFile (141):  file open failed. (400_sec.sdw)
[02:16:27 AM]	CNtlPLObject::LoadSwapFile (3331):  file open failed. (400_sec.objt)
[02:16:27 AM]	CNtlInstanceEffect::LoadSwapFile (801):  file open failed. (400_sec.eff)
[02:16:27 AM]	CNtlPLOccluder_Quad::LoadSwapFile (830):  file open failed. (400_sec.ocq)
[02:16:27 AM]	CNtlPLHeatHazeObject::LoadSwapFile (724):  file open failed. (400_sec.hho)
[02:16:27 AM]	CNtlWorldShadow::LoadSwapFile (141):  file open failed. (401_sec.sdw)
[02:16:27 AM]	CNtlPLObject::LoadSwapFile (3331):  file open failed. (401_sec.objt)
[02:16:27 AM]	CNtlInstanceEffect::LoadSwapFile (801):  file open failed. (401_sec.eff)
[02:16:28 AM]	CNtlPLOccluder_Quad::LoadSwapFile (830):  file open failed. (401_sec.ocq)
[02:16:28 AM]	CNtlPLHeatHazeObject::LoadSwapFile (724):  file open failed. (401_sec.hho)
[02:16:28 AM]	CNtlWorldShadow::LoadSwapFile (141):  file open failed. (432_sec.sdw)
[02:16:28 AM]	CNtlPLObject::LoadSwapFile (3331):  file open failed. (432_sec.objt)
[02:16:28 AM]	CNtlInstanceEffect::LoadSwapFile (801):  file open failed. (432_sec.eff)
[02:16:28 AM]	CNtlPLOccluder_Quad::LoadSwapFile (830):  file open failed. (432_sec.ocq)
[02:16:28 AM]	CNtlPLHeatHazeObject::LoadSwapFile (724):  file open failed. (432_sec.hho)
[02:16:28 AM]	CNtlWorldShadow::LoadSwapFile (141):  file open failed. (433_sec.sdw)
[02:16:28 AM]	CNtlPLObject::LoadSwapFile (3331):  file open failed. (433_sec.objt)
[02:16:28 AM]	CNtlInstanceEffect::LoadSwapFile (801):  file open failed. (433_sec.eff)
[02:16:28 AM]	CNtlPLOccluder_Quad::LoadSwapFile (830):  file open failed. (433_sec.ocq)
[02:16:28 AM]	CNtlPLHeatHazeObject::LoadSwapFile (724):  file open failed. (433_sec.hho)
[02:16:28 AM]	CNtlWorldShadow::LoadSwapFile (141):  file open failed. (402_sec.sdw)
[02:16:28 AM]	CNtlPLObject::LoadSwapFile (3331):  file open failed. (402_sec.objt)
[02:16:28 AM]	CNtlInstanceEffect::LoadSwapFile (801):  file open failed. (402_sec.eff)
[02:16:28 AM]	CNtlPLOccluder_Quad::LoadSwapFile (830):  file open failed. (402_sec.ocq)
[02:16:28 AM]	CNtlPLHeatHazeObject::LoadSwapFile (724):  file open failed. (402_sec.hho)
[02:16:28 AM]	CNtlWorldShadow::LoadSwapFile (141):  file open failed. (403_sec.sdw)
[02:16:29 AM]	CNtlPLObject::LoadSwapFile (3331):  file open failed. (403_sec.objt)
[02:16:29 AM]	CNtlInstanceEffect::LoadSwapFile (801):  file open failed. (403_sec.eff)
[02:16:29 AM]	CNtlPLOccluder_Quad::LoadSwapFile (830):  file open failed. (403_sec.ocq)
[02:16:29 AM]	CNtlPLHeatHazeObject::LoadSwapFile (724):  file open failed. (403_sec.hho)
[02:16:29 AM]	CNtlWorldShadow::LoadSwapFile (141):  file open failed. (434_sec.sdw)
[02:16:29 AM]	CNtlPLObject::LoadSwapFile (3331):  file open failed. (434_sec.objt)
[02:16:29 AM]	CNtlInstanceEffect::LoadSwapFile (801):  file open failed. (434_sec.eff)
[02:16:29 AM]	CNtlPLOccluder_Quad::LoadSwapFile (830):  file open failed. (434_sec.ocq)
[02:16:29 AM]	CNtlPLHeatHazeObject::LoadSwapFile (724):  file open failed. (434_sec.hho)
[02:16:29 AM]	CNtlWorldShadow::LoadSwapFile (141):  file open failed. (435_sec.sdw)
[02:16:29 AM]	CNtlPLObject::LoadSwapFile (3331):  file open failed. (435_sec.objt)
[02:16:29 AM]	CNtlInstanceEffect::LoadSwapFile (801):  file open failed. (435_sec.eff)
[02:16:29 AM]	CNtlPLOccluder_Quad::LoadSwapFile (830):  file open failed. (435_sec.ocq)
[02:16:29 AM]	CNtlPLHeatHazeObject::LoadSwapFile (724):  file open failed. (435_sec.hho)
[02:16:30 AM]	CNtlWorldShadow::LoadSwapFile (141):  file open failed. (404_sec.sdw)
[02:16:30 AM]	CNtlPLObject::LoadSwapFile (3331):  file open failed. (404_sec.objt)
[02:16:30 AM]	CNtlInstanceEffect::LoadSwapFile (801):  file open failed. (404_sec.eff)
[02:16:30 AM]	CNtlPLOccluder_Quad::LoadSwapFile (830):  file open failed. (404_sec.ocq)
[02:16:30 AM]	CNtlPLHeatHazeObject::LoadSwapFile (724):  file open failed. (404_sec.hho)
[02:16:30 AM]	CNtlWorldShadow::LoadSwapFile (141):  file open failed. (405_sec.sdw)
[02:16:30 AM]	CNtlPLObject::LoadSwapFile (3331):  file open failed. (405_sec.objt)
[02:16:30 AM]	CNtlInstanceEffect::LoadSwapFile (801):  file open failed. (405_sec.eff)
[02:16:30 AM]	CNtlPLOccluder_Quad::LoadSwapFile (830):  file open failed. (405_sec.ocq)
[02:16:30 AM]	CNtlPLHeatHazeObject::LoadSwapFile (724):  file open failed. (405_sec.hho)
[02:16:30 AM]	CNtlWorldShadow::LoadSwapFile (141):  file open failed. (436_sec.sdw)
[02:16:30 AM]	CNtlPLObject::LoadSwapFile (3331):  file open failed. (436_sec.objt)
[02:16:30 AM]	CNtlInstanceEffect::LoadSwapFile (801):  file open failed. (436_sec.eff)
[02:16:30 AM]	CNtlPLOccluder_Quad::LoadSwapFile (830):  file open failed. (436_sec.ocq)
[02:16:30 AM]	CNtlPLHeatHazeObject::LoadSwapFile (724):  file open failed. (436_sec.hho)
[02:16:30 AM]	CNtlWorldShadow::LoadSwapFile (141):  file open failed. (437_sec.sdw)
[02:16:30 AM]	CNtlPLObject::LoadSwapFile (3331):  file open failed. (437_sec.objt)
[02:16:30 AM]	CNtlInstanceEffect::LoadSwapFile (801):  file open failed. (437_sec.eff)
[02:16:30 AM]	CNtlPLOccluder_Quad::LoadSwapFile (830):  file open failed. (437_sec.ocq)
[02:16:30 AM]	CNtlPLHeatHazeObject::LoadSwapFile (724):  file open failed. (437_sec.hho)
[02:16:30 AM]	CNtlWorldShadow::LoadSwapFile (141):  file open failed. (458_sec.sdw)
[02:16:30 AM]	CNtlPLObject::LoadSwapFile (3331):  file open failed. (458_sec.objt)
[02:16:30 AM]	CNtlInstanceEffect::LoadSwapFile (801):  file open failed. (458_sec.eff)
[02:16:30 AM]	CNtlPLOccluder_Quad::LoadSwapFile (830):  file open failed. (458_sec.ocq)
[02:16:30 AM]	CNtlPLHeatHazeObject::LoadSwapFile (724):  file open failed. (458_sec.hho)
[02:16:30 AM]	CNtlWorldShadow::LoadSwapFile (141):  file open failed. (459_sec.sdw)
[02:16:30 AM]	CNtlPLObject::LoadSwapFile (3331):  file open failed. (459_sec.objt)
[02:16:30 AM]	CNtlInstanceEffect::LoadSwapFile (801):  file open failed. (459_sec.eff)
[02:16:30 AM]	CNtlPLOccluder_Quad::LoadSwapFile (830):  file open failed. (459_sec.ocq)
[02:16:30 AM]	CNtlPLHeatHazeObject::LoadSwapFile (724):  file open failed. (459_sec.hho)
[02:16:30 AM]	CNtlWorldShadow::LoadSwapFile (141):  file open failed. (490_sec.sdw)
[02:16:30 AM]	CNtlPLObject::LoadSwapFile (3331):  file open failed. (490_sec.objt)
[02:16:30 AM]	CNtlInstanceEffect::LoadSwapFile (801):  file open failed. (490_sec.eff)
[02:16:30 AM]	CNtlPLOccluder_Quad::LoadSwapFile (830):  file open failed. (490_sec.ocq)
[02:16:30 AM]	CNtlPLHeatHazeObject::LoadSwapFile (724):  file open failed. (490_sec.hho)
[02:16:30 AM]	CNtlWorldShadow::LoadSwapFile (141):  file open failed. (491_sec.sdw)
[02:16:30 AM]	CNtlPLObject::LoadSwapFile (3331):  file open failed. (491_sec.objt)
[02:16:30 AM]	CNtlInstanceEffect::LoadSwapFile (801):  file open failed. (491_sec.eff)
[02:16:30 AM]	CNtlPLOccluder_Quad::LoadSwapFile (830):  file open failed. (491_sec.ocq)
[02:16:30 AM]	CNtlPLHeatHazeObject::LoadSwapFile (724):  file open failed. (491_sec.hho)
[02:16:30 AM]	CNtlWorldShadow::LoadSwapFile (141):  file open failed. (460_sec.sdw)
[02:16:30 AM]	CNtlPLObject::LoadSwapFile (3331):  file open failed. (460_sec.objt)
[02:16:30 AM]	CNtlInstanceEffect::LoadSwapFile (801):  file open failed. (460_sec.eff)
[02:16:30 AM]	CNtlPLOccluder_Quad::LoadSwapFile (830):  file open failed. (460_sec.ocq)
[02:16:30 AM]	CNtlPLHeatHazeObject::LoadSwapFile (724):  file open failed. (460_sec.hho)
[02:16:30 AM]	CNtlWorldShadow::LoadSwapFile (141):  file open failed. (461_sec.sdw)
[02:16:30 AM]	CNtlPLObject::LoadSwapFile (3331):  file open failed. (461_sec.objt)
[02:16:30 AM]	CNtlInstanceEffect::LoadSwapFile (801):  file open failed. (461_sec.eff)
[02:16:30 AM]	CNtlPLOccluder_Quad::LoadSwapFile (830):  file open failed. (461_sec.ocq)
[02:16:30 AM]	CNtlPLHeatHazeObject::LoadSwapFile (724):  file open failed. (461_sec.hho)
[02:16:30 AM]	CNtlWorldShadow::LoadSwapFile (141):  file open failed. (492_sec.sdw)
[02:16:30 AM]	CNtlPLObject::LoadSwapFile (3331):  file open failed. (492_sec.objt)
[02:16:30 AM]	CNtlInstanceEffect::LoadSwapFile (801):  file open failed. (492_sec.eff)
[02:16:30 AM]	CNtlPLOccluder_Quad::LoadSwapFile (830):  file open failed. (492_sec.ocq)
[02:16:30 AM]	CNtlPLHeatHazeObject::LoadSwapFile (724):  file open failed. (492_sec.hho)
[02:16:30 AM]	CNtlWorldShadow::LoadSwapFile (141):  file open failed. (493_sec.sdw)
[02:16:30 AM]	CNtlPLObject::LoadSwapFile (3331):  file open failed. (493_sec.objt)
[02:16:30 AM]	CNtlInstanceEffect::LoadSwapFile (801):  file open failed. (493_sec.eff)
[02:16:30 AM]	CNtlPLOccluder_Quad::LoadSwapFile (830):  file open failed. (493_sec.ocq)
[02:16:30 AM]	CNtlPLHeatHazeObject::LoadSwapFile (724):  file open failed. (493_sec.hho)
[02:16:31 AM]	CNtlWorldShadow::LoadSwapFile (141):  file open failed. (462_sec.sdw)
[02:16:31 AM]	CNtlPLObject::LoadSwapFile (3331):  file open failed. (462_sec.objt)
[02:16:31 AM]	CNtlInstanceEffect::LoadSwapFile (801):  file open failed. (462_sec.eff)
[02:16:31 AM]	CNtlPLOccluder_Quad::LoadSwapFile (830):  file open failed. (462_sec.ocq)
[02:16:31 AM]	CNtlPLHeatHazeObject::LoadSwapFile (724):  file open failed. (462_sec.hho)
[02:16:31 AM]	CNtlWorldShadow::LoadSwapFile (141):  file open failed. (463_sec.sdw)
[02:16:31 AM]	CNtlPLObject::LoadSwapFile (3331):  file open failed. (463_sec.objt)
[02:16:31 AM]	CNtlInstanceEffect::LoadSwapFile (801):  file open failed. (463_sec.eff)
[02:16:31 AM]	CNtlPLOccluder_Quad::LoadSwapFile (830):  file open failed. (463_sec.ocq)
[02:16:31 AM]	CNtlPLHeatHazeObject::LoadSwapFile (724):  file open failed. (463_sec.hho)
[02:16:31 AM]	CNtlWorldShadow::LoadSwapFile (141):  file open failed. (494_sec.sdw)
[02:16:31 AM]	CNtlPLObject::LoadSwapFile (3331):  file open failed. (494_sec.objt)
[02:16:31 AM]	CNtlInstanceEffect::LoadSwapFile (801):  file open failed. (494_sec.eff)
[02:16:31 AM]	CNtlPLOccluder_Quad::LoadSwapFile (830):  file open failed. (494_sec.ocq)
[02:16:31 AM]	CNtlPLHeatHazeObject::LoadSwapFile (724):  file open failed. (494_sec.hho)
[02:16:31 AM]	CNtlWorldShadow::LoadSwapFile (141):  file open failed. (495_sec.sdw)
[02:16:31 AM]	CNtlPLObject::LoadSwapFile (3331):  file open failed. (495_sec.objt)
[02:16:31 AM]	CNtlInstanceEffect::LoadSwapFile (801):  file open failed. (495_sec.eff)
[02:16:31 AM]	CNtlPLOccluder_Quad::LoadSwapFile (830):  file open failed. (495_sec.ocq)
[02:16:31 AM]	CNtlPLHeatHazeObject::LoadSwapFile (724):  file open failed. (495_sec.hho)
[02:16:31 AM]	CNtlWorldShadow::LoadSwapFile (141):  file open failed. (464_sec.sdw)
[02:16:31 AM]	CNtlPLObject::LoadSwapFile (3331):  file open failed. (464_sec.objt)
[02:16:31 AM]	CNtlInstanceEffect::LoadSwapFile (801):  file open failed. (464_sec.eff)
[02:16:31 AM]	CNtlPLOccluder_Quad::LoadSwapFile (830):  file open failed. (464_sec.ocq)
[02:16:31 AM]	CNtlPLHeatHazeObject::LoadSwapFile (724):  file open failed. (464_sec.hho)
[02:16:31 AM]	CNtlWorldShadow::LoadSwapFile (141):  file open failed. (465_sec.sdw)
[02:16:31 AM]	CNtlPLObject::LoadSwapFile (3331):  file open failed. (465_sec.objt)
[02:16:31 AM]	CNtlInstanceEffect::LoadSwapFile (801):  file open failed. (465_sec.eff)
[02:16:31 AM]	CNtlPLOccluder_Quad::LoadSwapFile (830):  file open failed. (465_sec.ocq)
[02:16:31 AM]	CNtlPLHeatHazeObject::LoadSwapFile (724):  file open failed. (465_sec.hho)
[02:16:31 AM]	CNtlWorldShadow::LoadSwapFile (141):  file open failed. (496_sec.sdw)
[02:16:31 AM]	CNtlPLObject::LoadSwapFile (3331):  file open failed. (496_sec.objt)
[02:16:31 AM]	CNtlInstanceEffect::LoadSwapFile (801):  file open failed. (496_sec.eff)
[02:16:31 AM]	CNtlPLOccluder_Quad::LoadSwapFile (830):  file open failed. (496_sec.ocq)
[02:16:31 AM]	CNtlPLHeatHazeObject::LoadSwapFile (724):  file open failed. (496_sec.hho)
[02:16:31 AM]	CNtlWorldShadow::LoadSwapFile (141):  file open failed. (497_sec.sdw)
[02:16:31 AM]	CNtlPLObject::LoadSwapFile (3331):  file open failed. (497_sec.objt)
[02:16:31 AM]	CNtlInstanceEffect::LoadSwapFile (801):  file open failed. (497_sec.eff)
[02:16:31 AM]	CNtlPLOccluder_Quad::LoadSwapFile (830):  file open failed. (497_sec.ocq)
[02:16:31 AM]	CNtlPLHeatHazeObject::LoadSwapFile (724):  file open failed. (497_sec.hho)
[02:16:31 AM]	CNtlWorldShadow::LoadSwapFile (141):  file open failed. (466_sec.sdw)
[02:16:31 AM]	CNtlPLObject::LoadSwapFile (3331):  file open failed. (466_sec.objt)
[02:16:31 AM]	CNtlInstanceEffect::LoadSwapFile (801):  file open failed. (466_sec.eff)
[02:16:31 AM]	CNtlPLOccluder_Quad::LoadSwapFile (830):  file open failed. (466_sec.ocq)
[02:16:31 AM]	CNtlPLHeatHazeObject::LoadSwapFile (724):  file open failed. (466_sec.hho)
[02:16:31 AM]	CNtlWorldShadow::LoadSwapFile (141):  file open failed. (467_sec.sdw)
[02:16:32 AM]	CNtlPLObject::LoadSwapFile (3331):  file open failed. (467_sec.objt)
[02:16:32 AM]	CNtlInstanceEffect::LoadSwapFile (801):  file open failed. (467_sec.eff)
[02:16:32 AM]	CNtlPLOccluder_Quad::LoadSwapFile (830):  file open failed. (467_sec.ocq)
[02:16:32 AM]	CNtlPLHeatHazeObject::LoadSwapFile (724):  file open failed. (467_sec.hho)
[02:16:32 AM]	CNtlWorldShadow::LoadSwapFile (141):  file open failed. (498_sec.sdw)
[02:16:32 AM]	CNtlPLObject::LoadSwapFile (3331):  file open failed. (498_sec.objt)
[02:16:32 AM]	CNtlInstanceEffect::LoadSwapFile (801):  file open failed. (498_sec.eff)
[02:16:32 AM]	CNtlPLOccluder_Quad::LoadSwapFile (830):  file open failed. (498_sec.ocq)
[02:16:32 AM]	CNtlPLHeatHazeObject::LoadSwapFile (724):  file open failed. (498_sec.hho)
[02:16:32 AM]	CNtlWorldShadow::LoadSwapFile (141):  file open failed. (499_sec.sdw)
[02:16:32 AM]	CNtlPLObject::LoadSwapFile (3331):  file open failed. (499_sec.objt)
[02:16:32 AM]	CNtlInstanceEffect::LoadSwapFile (801):  file open failed. (499_sec.eff)
[02:16:32 AM]	CNtlPLOccluder_Quad::LoadSwapFile (830):  file open failed. (499_sec.ocq)
[02:16:32 AM]	CNtlPLHeatHazeObject::LoadSwapFile (724):  file open failed. (499_sec.hho)
[02:16:32 AM]	CNtlWorldShadow::LoadSwapFile (141):  file open failed. (468_sec.sdw)
[02:16:32 AM]	CNtlPLObject::LoadSwapFile (3331):  file open failed. (468_sec.objt)
[02:16:32 AM]	CNtlInstanceEffect::LoadSwapFile (801):  file open failed. (468_sec.eff)
[02:16:32 AM]	CNtlPLOccluder_Quad::LoadSwapFile (830):  file open failed. (468_sec.ocq)
[02:16:32 AM]	CNtlPLHeatHazeObject::LoadSwapFile (724):  file open failed. (468_sec.hho)
[02:16:32 AM]	CNtlWorldShadow::LoadSwapFile (141):  file open failed. (469_sec.sdw)
[02:16:32 AM]	CNtlPLObject::LoadSwapFile (3331):  file open failed. (469_sec.objt)
[02:16:32 AM]	CNtlInstanceEffect::LoadSwapFile (801):  file open failed. (469_sec.eff)
[02:16:32 AM]	CNtlPLOccluder_Quad::LoadSwapFile (830):  file open failed. (469_sec.ocq)
[02:16:32 AM]	CNtlPLHeatHazeObject::LoadSwapFile (724):  file open failed. (469_sec.hho)
[02:16:32 AM]	CNtlWorldShadow::LoadSwapFile (141):  file open failed. (500_sec.sdw)
[02:16:33 AM]	CNtlPLObject::LoadSwapFile (3331):  file open failed. (500_sec.objt)
[02:16:33 AM]	CNtlInstanceEffect::LoadSwapFile (801):  file open failed. (500_sec.eff)
[02:16:33 AM]	CNtlPLOccluder_Quad::LoadSwapFile (830):  file open failed. (500_sec.ocq)
[02:16:33 AM]	CNtlPLHeatHazeObject::LoadSwapFile (724):  file open failed. (500_sec.hho)
[02:16:33 AM]	CNtlWorldShadow::LoadSwapFile (141):  file open failed. (501_sec.sdw)
[02:16:33 AM]	CNtlPLObject::LoadSwapFile (3331):  file open failed. (501_sec.objt)
[02:16:33 AM]	CNtlInstanceEffect::LoadSwapFile (801):  file open failed. (501_sec.eff)
[02:16:33 AM]	CNtlPLOccluder_Quad::LoadSwapFile (830):  file open failed. (501_sec.ocq)
[02:16:33 AM]	CNtlPLHeatHazeObject::LoadSwapFile (724):  file open failed. (501_sec.hho)
[02:16:33 AM]	CNtlWorldShadow::LoadSwapFile (141):  file open failed. (522_sec.sdw)
[02:16:33 AM]	CNtlPLObject::LoadSwapFile (3331):  file open failed. (522_sec.objt)
[02:16:33 AM]	CNtlInstanceEffect::LoadSwapFile (801):  file open failed. (522_sec.eff)
[02:16:33 AM]	CNtlPLOccluder_Quad::LoadSwapFile (830):  file open failed. (522_sec.ocq)
[02:16:33 AM]	CNtlPLHeatHazeObject::LoadSwapFile (724):  file open failed. (522_sec.hho)
[02:16:33 AM]	CNtlWorldShadow::LoadSwapFile (141):  file open failed. (523_sec.sdw)
[02:16:33 AM]	CNtlPLObject::LoadSwapFile (3331):  file open failed. (523_sec.objt)
[02:16:33 AM]	CNtlInstanceEffect::LoadSwapFile (801):  file open failed. (523_sec.eff)
[02:16:33 AM]	CNtlPLOccluder_Quad::LoadSwapFile (830):  file open failed. (523_sec.ocq)
[02:16:33 AM]	CNtlPLHeatHazeObject::LoadSwapFile (724):  file open failed. (523_sec.hho)
[02:16:33 AM]	CNtlWorldShadow::LoadSwapFile (141):  file open failed. (554_sec.sdw)
[02:16:33 AM]	CNtlPLObject::LoadSwapFile (3331):  file open failed. (554_sec.objt)
[02:16:33 AM]	CNtlInstanceEffect::LoadSwapFile (801):  file open failed. (554_sec.eff)
[02:16:33 AM]	CNtlPLOccluder_Quad::LoadSwapFile (830):  file open failed. (554_sec.ocq)
[02:16:33 AM]	CNtlPLHeatHazeObject::LoadSwapFile (724):  file open failed. (554_sec.hho)
[02:16:33 AM]	CNtlWorldShadow::LoadSwapFile (141):  file open failed. (555_sec.sdw)
[02:16:33 AM]	CNtlPLObject::LoadSwapFile (3331):  file open failed. (555_sec.objt)
[02:16:33 AM]	CNtlInstanceEffect::LoadSwapFile (801):  file open failed. (555_sec.eff)
[02:16:33 AM]	CNtlPLOccluder_Quad::LoadSwapFile (830):  file open failed. (555_sec.ocq)
[02:16:33 AM]	CNtlPLHeatHazeObject::LoadSwapFile (724):  file open failed. (555_sec.hho)
[02:16:33 AM]	CNtlWorldShadow::LoadSwapFile (141):  file open failed. (524_sec.sdw)
[02:16:33 AM]	CNtlPLObject::LoadSwapFile (3331):  file open failed. (524_sec.objt)
[02:16:33 AM]	CNtlInstanceEffect::LoadSwapFile (801):  file open failed. (524_sec.eff)
[02:16:33 AM]	CNtlPLOccluder_Quad::LoadSwapFile (830):  file open failed. (524_sec.ocq)
[02:16:33 AM]	CNtlPLHeatHazeObject::LoadSwapFile (724):  file open failed. (524_sec.hho)
[02:16:33 AM]	CNtlWorldShadow::LoadSwapFile (141):  file open failed. (525_sec.sdw)
[02:16:33 AM]	CNtlPLObject::LoadSwapFile (3331):  file open failed. (525_sec.objt)
[02:16:33 AM]	CNtlInstanceEffect::LoadSwapFile (801):  file open failed. (525_sec.eff)
[02:16:33 AM]	CNtlPLOccluder_Quad::LoadSwapFile (830):  file open failed. (525_sec.ocq)
[02:16:33 AM]	CNtlPLHeatHazeObject::LoadSwapFile (724):  file open failed. (525_sec.hho)
[02:16:33 AM]	CNtlWorldShadow::LoadSwapFile (141):  file open failed. (556_sec.sdw)
[02:16:33 AM]	CNtlPLObject::LoadSwapFile (3331):  file open failed. (556_sec.objt)
[02:16:33 AM]	CNtlInstanceEffect::LoadSwapFile (801):  file open failed. (556_sec.eff)
[02:16:33 AM]	CNtlPLOccluder_Quad::LoadSwapFile (830):  file open failed. (556_sec.ocq)
[02:16:33 AM]	CNtlPLHeatHazeObject::LoadSwapFile (724):  file open failed. (556_sec.hho)
[02:16:33 AM]	CNtlWorldShadow::LoadSwapFile (141):  file open failed. (557_sec.sdw)
[02:16:33 AM]	CNtlPLObject::LoadSwapFile (3331):  file open failed. (557_sec.objt)
[02:16:33 AM]	CNtlInstanceEffect::LoadSwapFile (801):  file open failed. (557_sec.eff)
[02:16:33 AM]	CNtlPLOccluder_Quad::LoadSwapFile (830):  file open failed. (557_sec.ocq)
[02:16:33 AM]	CNtlPLHeatHazeObject::LoadSwapFile (724):  file open failed. (557_sec.hho)
[02:16:33 AM]	CNtlWorldShadow::LoadSwapFile (141):  file open failed. (526_sec.sdw)
[02:16:33 AM]	CNtlPLObject::LoadSwapFile (3331):  file open failed. (526_sec.objt)
[02:16:33 AM]	CNtlInstanceEffect::LoadSwapFile (801):  file open failed. (526_sec.eff)
[02:16:33 AM]	CNtlPLOccluder_Quad::LoadSwapFile (830):  file open failed. (526_sec.ocq)
[02:16:33 AM]	CNtlPLHeatHazeObject::LoadSwapFile (724):  file open failed. (526_sec.hho)
[02:16:33 AM]	CNtlWorldShadow::LoadSwapFile (141):  file open failed. (527_sec.sdw)
[02:16:33 AM]	CNtlPLObject::LoadSwapFile (3331):  file open failed. (527_sec.objt)
[02:16:33 AM]	CNtlInstanceEffect::LoadSwapFile (801):  file open failed. (527_sec.eff)
[02:16:33 AM]	CNtlPLOccluder_Quad::LoadSwapFile (830):  file open failed. (527_sec.ocq)
[02:16:33 AM]	CNtlPLHeatHazeObject::LoadSwapFile (724):  file open failed. (527_sec.hho)
[02:16:33 AM]	CNtlWorldShadow::LoadSwapFile (141):  file open failed. (558_sec.sdw)
[02:16:33 AM]	CNtlPLObject::LoadSwapFile (3331):  file open failed. (558_sec.objt)
[02:16:33 AM]	CNtlInstanceEffect::LoadSwapFile (801):  file open failed. (558_sec.eff)
[02:16:33 AM]	CNtlPLOccluder_Quad::LoadSwapFile (830):  file open failed. (558_sec.ocq)
[02:16:33 AM]	CNtlPLHeatHazeObject::LoadSwapFile (724):  file open failed. (558_sec.hho)
[02:16:33 AM]	CNtlWorldShadow::LoadSwapFile (141):  file open failed. (559_sec.sdw)
[02:16:33 AM]	CNtlPLObject::LoadSwapFile (3331):  file open failed. (559_sec.objt)
[02:16:33 AM]	CNtlInstanceEffect::LoadSwapFile (801):  file open failed. (559_sec.eff)
[02:16:33 AM]	CNtlPLOccluder_Quad::LoadSwapFile (830):  file open failed. (559_sec.ocq)
[02:16:33 AM]	CNtlPLHeatHazeObject::LoadSwapFile (724):  file open failed. (559_sec.hho)
[02:16:33 AM]	CNtlWorldShadow::LoadSwapFile (141):  file open failed. (528_sec.sdw)
[02:16:33 AM]	CNtlPLObject::LoadSwapFile (3331):  file open failed. (528_sec.objt)
[02:16:33 AM]	CNtlInstanceEffect::LoadSwapFile (801):  file open failed. (528_sec.eff)
[02:16:33 AM]	CNtlPLOccluder_Quad::LoadSwapFile (830):  file open failed. (528_sec.ocq)
[02:16:33 AM]	CNtlPLHeatHazeObject::LoadSwapFile (724):  file open failed. (528_sec.hho)
[02:16:33 AM]	CNtlWorldShadow::LoadSwapFile (141):  file open failed. (529_sec.sdw)
[02:16:33 AM]	CNtlPLObject::LoadSwapFile (3331):  file open failed. (529_sec.objt)
[02:16:33 AM]	CNtlInstanceEffect::LoadSwapFile (801):  file open failed. (529_sec.eff)
[02:16:33 AM]	CNtlPLOccluder_Quad::LoadSwapFile (830):  file open failed. (529_sec.ocq)
[02:16:33 AM]	CNtlPLHeatHazeObject::LoadSwapFile (724):  file open failed. (529_sec.hho)
[02:16:33 AM]	CNtlWorldShadow::LoadSwapFile (141):  file open failed. (560_sec.sdw)
[02:16:33 AM]	CNtlPLObject::LoadSwapFile (3331):  file open failed. (560_sec.objt)
[02:16:33 AM]	CNtlInstanceEffect::LoadSwapFile (801):  file open failed. (560_sec.eff)
[02:16:33 AM]	CNtlPLOccluder_Quad::LoadSwapFile (830):  file open failed. (560_sec.ocq)
[02:16:33 AM]	CNtlPLHeatHazeObject::LoadSwapFile (724):  file open failed. (560_sec.hho)
[02:16:33 AM]	CNtlWorldShadow::LoadSwapFile (141):  file open failed. (561_sec.sdw)
[02:16:33 AM]	CNtlPLObject::LoadSwapFile (3331):  file open failed. (561_sec.objt)
[02:16:33 AM]	CNtlInstanceEffect::LoadSwapFile (801):  file open failed. (561_sec.eff)
[02:16:33 AM]	CNtlPLOccluder_Quad::LoadSwapFile (830):  file open failed. (561_sec.ocq)
[02:16:33 AM]	CNtlPLHeatHazeObject::LoadSwapFile (724):  file open failed. (561_sec.hho)
[02:16:34 AM]	CNtlWorldShadow::LoadSwapFile (141):  file open failed. (530_sec.sdw)
[02:16:34 AM]	CNtlPLObject::LoadSwapFile (3331):  file open failed. (530_sec.objt)
[02:16:34 AM]	CNtlInstanceEffect::LoadSwapFile (801):  file open failed. (530_sec.eff)
[02:16:34 AM]	CNtlPLOccluder_Quad::LoadSwapFile (830):  file open failed. (530_sec.ocq)
[02:16:34 AM]	CNtlPLHeatHazeObject::LoadSwapFile (724):  file open failed. (530_sec.hho)
[02:16:34 AM]	CNtlWorldShadow::LoadSwapFile (141):  file open failed. (531_sec.sdw)
[02:16:35 AM]	CNtlPLObject::LoadSwapFile (3331):  file open failed. (531_sec.objt)
[02:16:35 AM]	CNtlInstanceEffect::LoadSwapFile (801):  file open failed. (531_sec.eff)
[02:16:35 AM]	CNtlPLOccluder_Quad::LoadSwapFile (830):  file open failed. (531_sec.ocq)
[02:16:35 AM]	CNtlPLHeatHazeObject::LoadSwapFile (724):  file open failed. (531_sec.hho)
[02:16:35 AM]	CNtlWorldShadow::LoadSwapFile (141):  file open failed. (562_sec.sdw)
[02:16:35 AM]	CNtlPLObject::LoadSwapFile (3331):  file open failed. (562_sec.objt)
[02:16:35 AM]	CNtlInstanceEffect::LoadSwapFile (801):  file open failed. (562_sec.eff)
[02:16:35 AM]	CNtlPLOccluder_Quad::LoadSwapFile (830):  file open failed. (562_sec.ocq)
[02:16:35 AM]	CNtlPLHeatHazeObject::LoadSwapFile (724):  file open failed. (562_sec.hho)
[02:16:35 AM]	CNtlWorldShadow::LoadSwapFile (141):  file open failed. (563_sec.sdw)
[02:16:36 AM]	CNtlPLObject::LoadSwapFile (3331):  file open failed. (563_sec.objt)
[02:16:36 AM]	CNtlInstanceEffect::LoadSwapFile (801):  file open failed. (563_sec.eff)
[02:16:36 AM]	CNtlPLOccluder_Quad::LoadSwapFile (830):  file open failed. (563_sec.ocq)
[02:16:36 AM]	CNtlPLHeatHazeObject::LoadSwapFile (724):  file open failed. (563_sec.hho)
[02:16:36 AM]	CNtlWorldShadow::LoadSwapFile (141):  file open failed. (532_sec.sdw)
[02:16:36 AM]	CNtlPLObject::LoadSwapFile (3331):  file open failed. (532_sec.objt)
[02:16:36 AM]	CNtlInstanceEffect::LoadSwapFile (801):  file open failed. (532_sec.eff)
[02:16:36 AM]	CNtlPLOccluder_Quad::LoadSwapFile (830):  file open failed. (532_sec.ocq)
[02:16:36 AM]	CNtlPLHeatHazeObject::LoadSwapFile (724):  file open failed. (532_sec.hho)
[02:16:36 AM]	CNtlWorldShadow::LoadSwapFile (141):  file open failed. (533_sec.sdw)
[02:16:36 AM]	CNtlPLObject::LoadSwapFile (3331):  file open failed. (533_sec.objt)
[02:16:36 AM]	CNtlInstanceEffect::LoadSwapFile (801):  file open failed. (533_sec.eff)
[02:16:36 AM]	CNtlPLOccluder_Quad::LoadSwapFile (830):  file open failed. (533_sec.ocq)
[02:16:36 AM]	CNtlPLHeatHazeObject::LoadSwapFile (724):  file open failed. (533_sec.hho)
[02:16:36 AM]	CNtlWorldShadow::LoadSwapFile (141):  file open failed. (564_sec.sdw)
[02:16:36 AM]	CNtlPLObject::LoadSwapFile (3331):  file open failed. (564_sec.objt)
[02:16:36 AM]	CNtlInstanceEffect::LoadSwapFile (801):  file open failed. (564_sec.eff)
[02:16:36 AM]	CNtlPLOccluder_Quad::LoadSwapFile (830):  file open failed. (564_sec.ocq)
[02:16:36 AM]	CNtlPLHeatHazeObject::LoadSwapFile (724):  file open failed. (564_sec.hho)
[02:16:36 AM]	CNtlWorldShadow::LoadSwapFile (141):  file open failed. (565_sec.sdw)
[02:16:36 AM]	CNtlPLObject::LoadSwapFile (3331):  file open failed. (565_sec.objt)
[02:16:36 AM]	CNtlInstanceEffect::LoadSwapFile (801):  file open failed. (565_sec.eff)
[02:16:36 AM]	CNtlPLOccluder_Quad::LoadSwapFile (830):  file open failed. (565_sec.ocq)
[02:16:36 AM]	CNtlPLHeatHazeObject::LoadSwapFile (724):  file open failed. (565_sec.hho)
[02:16:36 AM]	CNtlWorldShadow::LoadSwapFile (141):  file open failed. (586_sec.sdw)
[02:16:36 AM]	CNtlPLObject::LoadSwapFile (3331):  file open failed. (586_sec.objt)
[02:16:36 AM]	CNtlInstanceEffect::LoadSwapFile (801):  file open failed. (586_sec.eff)
[02:16:36 AM]	CNtlPLOccluder_Quad::LoadSwapFile (830):  file open failed. (586_sec.ocq)
[02:16:36 AM]	CNtlPLHeatHazeObject::LoadSwapFile (724):  file open failed. (586_sec.hho)
[02:16:36 AM]	CNtlWorldShadow::LoadSwapFile (141):  file open failed. (587_sec.sdw)
[02:16:36 AM]	CNtlPLObject::LoadSwapFile (3331):  file open failed. (587_sec.objt)
[02:16:36 AM]	CNtlInstanceEffect::LoadSwapFile (801):  file open failed. (587_sec.eff)
[02:16:36 AM]	CNtlPLOccluder_Quad::LoadSwapFile (830):  file open failed. (587_sec.ocq)
[02:16:37 AM]	CNtlPLHeatHazeObject::LoadSwapFile (724):  file open failed. (587_sec.hho)
[02:16:37 AM]	CNtlWorldShadow::LoadSwapFile (141):  file open failed. (618_sec.sdw)
[02:16:37 AM]	CNtlPLObject::LoadSwapFile (3331):  file open failed. (618_sec.objt)
[02:16:37 AM]	CNtlInstanceEffect::LoadSwapFile (801):  file open failed. (618_sec.eff)
[02:16:37 AM]	CNtlPLOccluder_Quad::LoadSwapFile (830):  file open failed. (618_sec.ocq)
[02:16:37 AM]	CNtlPLHeatHazeObject::LoadSwapFile (724):  file open failed. (618_sec.hho)
[02:16:37 AM]	CNtlWorldShadow::LoadSwapFile (141):  file open failed. (619_sec.sdw)
[02:16:37 AM]	CNtlPLObject::LoadSwapFile (3331):  file open failed. (619_sec.objt)
[02:16:37 AM]	CNtlInstanceEffect::LoadSwapFile (801):  file open failed. (619_sec.eff)
[02:16:37 AM]	CNtlPLOccluder_Quad::LoadSwapFile (830):  file open failed. (619_sec.ocq)
[02:16:37 AM]	CNtlPLHeatHazeObject::LoadSwapFile (724):  file open failed. (619_sec.hho)
[02:16:37 AM]	CNtlWorldShadow::LoadSwapFile (141):  file open failed. (588_sec.sdw)
[02:16:37 AM]	CNtlPLObject::LoadSwapFile (3331):  file open failed. (588_sec.objt)
[02:16:37 AM]	CNtlInstanceEffect::LoadSwapFile (801):  file open failed. (588_sec.eff)
[02:16:37 AM]	CNtlPLOccluder_Quad::LoadSwapFile (830):  file open failed. (588_sec.ocq)
[02:16:37 AM]	CNtlPLHeatHazeObject::LoadSwapFile (724):  file open failed. (588_sec.hho)
[02:16:37 AM]	CNtlWorldShadow::LoadSwapFile (141):  file open failed. (589_sec.sdw)
[02:16:37 AM]	CNtlPLObject::LoadSwapFile (3331):  file open failed. (589_sec.objt)
[02:16:37 AM]	CNtlInstanceEffect::LoadSwapFile (801):  file open failed. (589_sec.eff)
[02:16:37 AM]	CNtlPLOccluder_Quad::LoadSwapFile (830):  file open failed. (589_sec.ocq)
[02:16:37 AM]	CNtlPLHeatHazeObject::LoadSwapFile (724):  file open failed. (589_sec.hho)
[02:16:37 AM]	CNtlWorldShadow::LoadSwapFile (141):  file open failed. (620_sec.sdw)
[02:16:37 AM]	CNtlPLObject::LoadSwapFile (3331):  file open failed. (620_sec.objt)
[02:16:37 AM]	CNtlInstanceEffect::LoadSwapFile (801):  file open failed. (620_sec.eff)
[02:16:37 AM]	CNtlPLOccluder_Quad::LoadSwapFile (830):  file open failed. (620_sec.ocq)
[02:16:37 AM]	CNtlPLHeatHazeObject::LoadSwapFile (724):  file open failed. (620_sec.hho)
[02:16:37 AM]	CNtlWorldShadow::LoadSwapFile (141):  file open failed. (621_sec.sdw)
[02:16:37 AM]	CNtlPLObject::LoadSwapFile (3331):  file open failed. (621_sec.objt)
[02:16:37 AM]	CNtlInstanceEffect::LoadSwapFile (801):  file open failed. (621_sec.eff)
[02:16:37 AM]	CNtlPLOccluder_Quad::LoadSwapFile (830):  file open failed. (621_sec.ocq)
[02:16:37 AM]	CNtlPLHeatHazeObject::LoadSwapFile (724):  file open failed. (621_sec.hho)
[02:16:37 AM]	CNtlWorldShadow::LoadSwapFile (141):  file open failed. (590_sec.sdw)
[02:16:37 AM]	CNtlPLObject::LoadSwapFile (3331):  file open failed. (590_sec.objt)
[02:16:37 AM]	CNtlInstanceEffect::LoadSwapFile (801):  file open failed. (590_sec.eff)
[02:16:37 AM]	CNtlPLOccluder_Quad::LoadSwapFile (830):  file open failed. (590_sec.ocq)
[02:16:37 AM]	CNtlPLHeatHazeObject::LoadSwapFile (724):  file open failed. (590_sec.hho)
[02:16:37 AM]	CNtlWorldShadow::LoadSwapFile (141):  file open failed. (591_sec.sdw)
[02:16:37 AM]	CNtlPLObject::LoadSwapFile (3331):  file open failed. (591_sec.objt)
[02:16:37 AM]	CNtlInstanceEffect::LoadSwapFile (801):  file open failed. (591_sec.eff)
[02:16:37 AM]	CNtlPLOccluder_Quad::LoadSwapFile (830):  file open failed. (591_sec.ocq)
[02:16:37 AM]	CNtlPLHeatHazeObject::LoadSwapFile (724):  file open failed. (591_sec.hho)
[02:16:37 AM]	CNtlWorldShadow::LoadSwapFile (141):  file open failed. (622_sec.sdw)
[02:16:37 AM]	CNtlPLObject::LoadSwapFile (3331):  file open failed. (622_sec.objt)
[02:16:37 AM]	CNtlInstanceEffect::LoadSwapFile (801):  file open failed. (622_sec.eff)
[02:16:37 AM]	CNtlPLOccluder_Quad::LoadSwapFile (830):  file open failed. (622_sec.ocq)
[02:16:37 AM]	CNtlPLHeatHazeObject::LoadSwapFile (724):  file open failed. (622_sec.hho)
[02:16:37 AM]	CNtlWorldShadow::LoadSwapFile (141):  file open failed. (623_sec.sdw)
[02:16:37 AM]	CNtlPLObject::LoadSwapFile (3331):  file open failed. (623_sec.objt)
[02:16:37 AM]	CNtlInstanceEffect::LoadSwapFile (801):  file open failed. (623_sec.eff)
[02:16:37 AM]	CNtlPLOccluder_Quad::LoadSwapFile (830):  file open failed. (623_sec.ocq)
[02:16:37 AM]	CNtlPLHeatHazeObject::LoadSwapFile (724):  file open failed. (623_sec.hho)
[02:16:37 AM]	CNtlWorldShadow::LoadSwapFile (141):  file open failed. (592_sec.sdw)
[02:16:37 AM]	CNtlPLObject::LoadSwapFile (3331):  file open failed. (592_sec.objt)
[02:16:37 AM]	CNtlInstanceEffect::LoadSwapFile (801):  file open failed. (592_sec.eff)
[02:16:37 AM]	CNtlPLOccluder_Quad::LoadSwapFile (830):  file open failed. (592_sec.ocq)
[02:16:37 AM]	CNtlPLHeatHazeObject::LoadSwapFile (724):  file open failed. (592_sec.hho)
[02:16:37 AM]	CNtlWorldShadow::LoadSwapFile (141):  file open failed. (593_sec.sdw)
[02:16:37 AM]	CNtlPLObject::LoadSwapFile (3331):  file open failed. (593_sec.objt)
[02:16:37 AM]	CNtlInstanceEffect::LoadSwapFile (801):  file open failed. (593_sec.eff)
[02:16:37 AM]	CNtlPLOccluder_Quad::LoadSwapFile (830):  file open failed. (593_sec.ocq)
[02:16:37 AM]	CNtlPLHeatHazeObject::LoadSwapFile (724):  file open failed. (593_sec.hho)
[02:16:37 AM]	CNtlWorldShadow::LoadSwapFile (141):  file open failed. (624_sec.sdw)
[02:16:37 AM]	CNtlPLObject::LoadSwapFile (3331):  file open failed. (624_sec.objt)
[02:16:37 AM]	CNtlInstanceEffect::LoadSwapFile (801):  file open failed. (624_sec.eff)
[02:16:37 AM]	CNtlPLOccluder_Quad::LoadSwapFile (830):  file open failed. (624_sec.ocq)
[02:16:37 AM]	CNtlPLHeatHazeObject::LoadSwapFile (724):  file open failed. (624_sec.hho)
[02:16:37 AM]	CNtlWorldShadow::LoadSwapFile (141):  file open failed. (625_sec.sdw)
[02:16:37 AM]	CNtlPLObject::LoadSwapFile (3331):  file open failed. (625_sec.objt)
[02:16:37 AM]	CNtlInstanceEffect::LoadSwapFile (801):  file open failed. (625_sec.eff)
[02:16:37 AM]	CNtlPLOccluder_Quad::LoadSwapFile (830):  file open failed. (625_sec.ocq)
[02:16:37 AM]	CNtlPLHeatHazeObject::LoadSwapFile (724):  file open failed. (625_sec.hho)
[02:16:37 AM]	CNtlWorldShadow::LoadSwapFile (141):  file open failed. (594_sec.sdw)
[02:16:37 AM]	CNtlPLObject::LoadSwapFile (3331):  file open failed. (594_sec.objt)
[02:16:37 AM]	CNtlInstanceEffect::LoadSwapFile (801):  file open failed. (594_sec.eff)
[02:16:37 AM]	CNtlPLOccluder_Quad::LoadSwapFile (830):  file open failed. (594_sec.ocq)
[02:16:37 AM]	CNtlPLHeatHazeObject::LoadSwapFile (724):  file open failed. (594_sec.hho)
[02:16:37 AM]	CNtlWorldShadow::LoadSwapFile (141):  file open failed. (595_sec.sdw)
[02:16:37 AM]	CNtlPLObject::LoadSwapFile (3331):  file open failed. (595_sec.objt)
[02:16:37 AM]	CNtlInstanceEffect::LoadSwapFile (801):  file open failed. (595_sec.eff)
[02:16:37 AM]	CNtlPLOccluder_Quad::LoadSwapFile (830):  file open failed. (595_sec.ocq)
[02:16:37 AM]	CNtlPLHeatHazeObject::LoadSwapFile (724):  file open failed. (595_sec.hho)
[02:16:37 AM]	CNtlWorldShadow::LoadSwapFile (141):  file open failed. (626_sec.sdw)
[02:16:37 AM]	CNtlPLObject::LoadSwapFile (3331):  file open failed. (626_sec.objt)
[02:16:38 AM]	CNtlInstanceEffect::LoadSwapFile (801):  file open failed. (626_sec.eff)
[02:16:38 AM]	CNtlPLOccluder_Quad::LoadSwapFile (830):  file open failed. (626_sec.ocq)
[02:16:38 AM]	CNtlPLHeatHazeObject::LoadSwapFile (724):  file open failed. (626_sec.hho)
[02:16:38 AM]	CNtlWorldShadow::LoadSwapFile (141):  file open failed. (627_sec.sdw)
[02:16:38 AM]	CNtlPLObject::LoadSwapFile (3331):  file open failed. (627_sec.objt)
[02:16:38 AM]	CNtlInstanceEffect::LoadSwapFile (801):  file open failed. (627_sec.eff)
[02:16:38 AM]	CNtlPLOccluder_Quad::LoadSwapFile (830):  file open failed. (627_sec.ocq)
[02:16:38 AM]	CNtlPLHeatHazeObject::LoadSwapFile (724):  file open failed. (627_sec.hho)
[02:16:38 AM]	CNtlWorldShadow::LoadSwapFile (141):  file open failed. (596_sec.sdw)
[02:16:38 AM]	CNtlPLObject::LoadSwapFile (3331):  file open failed. (596_sec.objt)
[02:16:38 AM]	CNtlInstanceEffect::LoadSwapFile (801):  file open failed. (596_sec.eff)
[02:16:38 AM]	CNtlPLOccluder_Quad::LoadSwapFile (830):  file open failed. (596_sec.ocq)
[02:16:38 AM]	CNtlPLHeatHazeObject::LoadSwapFile (724):  file open failed. (596_sec.hho)
[02:16:38 AM]	CNtlWorldShadow::LoadSwapFile (141):  file open failed. (597_sec.sdw)
[02:16:38 AM]	CNtlPLObject::LoadSwapFile (3331):  file open failed. (597_sec.objt)
[02:16:38 AM]	CNtlInstanceEffect::LoadSwapFile (801):  file open failed. (597_sec.eff)
[02:16:38 AM]	CNtlPLOccluder_Quad::LoadSwapFile (830):  file open failed. (597_sec.ocq)
[02:16:38 AM]	CNtlPLHeatHazeObject::LoadSwapFile (724):  file open failed. (597_sec.hho)
[02:16:38 AM]	CNtlWorldShadow::LoadSwapFile (141):  file open failed. (628_sec.sdw)
[02:16:38 AM]	CNtlPLObject::LoadSwapFile (3331):  file open failed. (628_sec.objt)
[02:16:38 AM]	CNtlInstanceEffect::LoadSwapFile (801):  file open failed. (628_sec.eff)
[02:16:38 AM]	CNtlPLOccluder_Quad::LoadSwapFile (830):  file open failed. (628_sec.ocq)
[02:16:38 AM]	CNtlPLHeatHazeObject::LoadSwapFile (724):  file open failed. (628_sec.hho)
[02:16:38 AM]	CNtlWorldShadow::LoadSwapFile (141):  file open failed. (629_sec.sdw)
[02:16:38 AM]	CNtlPLObject::LoadSwapFile (3331):  file open failed. (629_sec.objt)
[02:16:38 AM]	CNtlInstanceEffect::LoadSwapFile (801):  file open failed. (629_sec.eff)
[02:16:38 AM]	CNtlPLOccluder_Quad::LoadSwapFile (830):  file open failed. (629_sec.ocq)
[02:16:38 AM]	CNtlPLHeatHazeObject::LoadSwapFile (724):  file open failed. (629_sec.hho)
[02:16:38 AM]	CNtlWorldShadow::LoadSwapFile (141):  file open failed. (650_sec.sdw)
[02:16:38 AM]	CNtlPLObject::LoadSwapFile (3331):  file open failed. (650_sec.objt)
[02:16:38 AM]	CNtlInstanceEffect::LoadSwapFile (801):  file open failed. (650_sec.eff)
[02:16:38 AM]	CNtlPLOccluder_Quad::LoadSwapFile (830):  file open failed. (650_sec.ocq)
[02:16:38 AM]	CNtlPLHeatHazeObject::LoadSwapFile (724):  file open failed. (650_sec.hho)
[02:16:38 AM]	CNtlWorldShadow::LoadSwapFile (141):  file open failed. (651_sec.sdw)
[02:16:38 AM]	CNtlPLObject::LoadSwapFile (3331):  file open failed. (651_sec.objt)
[02:16:38 AM]	CNtlInstanceEffect::LoadSwapFile (801):  file open failed. (651_sec.eff)
[02:16:38 AM]	CNtlPLOccluder_Quad::LoadSwapFile (830):  file open failed. (651_sec.ocq)
[02:16:38 AM]	CNtlPLHeatHazeObject::LoadSwapFile (724):  file open failed. (651_sec.hho)
[02:16:38 AM]	CNtlWorldShadow::LoadSwapFile (141):  file open failed. (682_sec.sdw)
[02:16:38 AM]	CNtlPLObject::LoadSwapFile (3331):  file open failed. (682_sec.objt)
[02:16:38 AM]	CNtlInstanceEffect::LoadSwapFile (801):  file open failed. (682_sec.eff)
[02:16:39 AM]	CNtlPLOccluder_Quad::LoadSwapFile (830):  file open failed. (682_sec.ocq)
[02:16:39 AM]	CNtlPLHeatHazeObject::LoadSwapFile (724):  file open failed. (682_sec.hho)
[02:16:39 AM]	CNtlWorldShadow::LoadSwapFile (141):  file open failed. (683_sec.sdw)
[02:16:39 AM]	CNtlPLObject::LoadSwapFile (3331):  file open failed. (683_sec.objt)
[02:16:39 AM]	CNtlInstanceEffect::LoadSwapFile (801):  file open failed. (683_sec.eff)
[02:16:39 AM]	CNtlPLOccluder_Quad::LoadSwapFile (830):  file open failed. (683_sec.ocq)
[02:16:39 AM]	CNtlPLHeatHazeObject::LoadSwapFile (724):  file open failed. (683_sec.hho)
[02:16:39 AM]	CNtlWorldShadow::LoadSwapFile (141):  file open failed. (652_sec.sdw)
[02:16:39 AM]	CNtlPLObject::LoadSwapFile (3331):  file open failed. (652_sec.objt)
[02:16:39 AM]	CNtlInstanceEffect::LoadSwapFile (801):  file open failed. (652_sec.eff)
[02:16:39 AM]	CNtlPLOccluder_Quad::LoadSwapFile (830):  file open failed. (652_sec.ocq)
[02:16:39 AM]	CNtlPLHeatHazeObject::LoadSwapFile (724):  file open failed. (652_sec.hho)
[02:16:39 AM]	CNtlWorldShadow::LoadSwapFile (141):  file open failed. (653_sec.sdw)
[02:16:39 AM]	CNtlPLObject::LoadSwapFile (3331):  file open failed. (653_sec.objt)
[02:16:39 AM]	CNtlInstanceEffect::LoadSwapFile (801):  file open failed. (653_sec.eff)
[02:16:39 AM]	CNtlPLOccluder_Quad::LoadSwapFile (830):  file open failed. (653_sec.ocq)
[02:16:39 AM]	CNtlPLHeatHazeObject::LoadSwapFile (724):  file open failed. (653_sec.hho)
[02:16:39 AM]	CNtlWorldShadow::LoadSwapFile (141):  file open failed. (684_sec.sdw)
[02:16:39 AM]	CNtlPLObject::LoadSwapFile (3331):  file open failed. (684_sec.objt)
[02:16:39 AM]	CNtlInstanceEffect::LoadSwapFile (801):  file open failed. (684_sec.eff)
[02:16:39 AM]	CNtlPLOccluder_Quad::LoadSwapFile (830):  file open failed. (684_sec.ocq)
[02:16:39 AM]	CNtlPLHeatHazeObject::LoadSwapFile (724):  file open failed. (684_sec.hho)
[02:16:39 AM]	CNtlWorldShadow::LoadSwapFile (141):  file open failed. (685_sec.sdw)
[02:16:39 AM]	CNtlPLObject::LoadSwapFile (3331):  file open failed. (685_sec.objt)
[02:16:39 AM]	CNtlInstanceEffect::LoadSwapFile (801):  file open failed. (685_sec.eff)
[02:16:39 AM]	CNtlPLOccluder_Quad::LoadSwapFile (830):  file open failed. (685_sec.ocq)
[02:16:39 AM]	CNtlPLHeatHazeObject::LoadSwapFile (724):  file open failed. (685_sec.hho)
[02:16:39 AM]	CNtlWorldShadow::LoadSwapFile (141):  file open failed. (654_sec.sdw)
[02:16:39 AM]	CNtlPLObject::LoadSwapFile (3331):  file open failed. (654_sec.objt)
[02:16:39 AM]	CNtlInstanceEffect::LoadSwapFile (801):  file open failed. (654_sec.eff)
[02:16:39 AM]	CNtlPLOccluder_Quad::LoadSwapFile (830):  file open failed. (654_sec.ocq)
[02:16:39 AM]	CNtlPLHeatHazeObject::LoadSwapFile (724):  file open failed. (654_sec.hho)
[02:16:39 AM]	CNtlWorldShadow::LoadSwapFile (141):  file open failed. (655_sec.sdw)
[02:16:39 AM]	CNtlPLObject::LoadSwapFile (3331):  file open failed. (655_sec.objt)
[02:16:39 AM]	CNtlInstanceEffect::LoadSwapFile (801):  file open failed. (655_sec.eff)
[02:16:39 AM]	CNtlPLOccluder_Quad::LoadSwapFile (830):  file open failed. (655_sec.ocq)
[02:16:39 AM]	CNtlPLHeatHazeObject::LoadSwapFile (724):  file open failed. (655_sec.hho)
[02:16:39 AM]	CNtlWorldShadow::LoadSwapFile (141):  file open failed. (686_sec.sdw)
[02:16:39 AM]	CNtlPLObject::LoadSwapFile (3331):  file open failed. (686_sec.objt)
[02:16:39 AM]	CNtlInstanceEffect::LoadSwapFile (801):  file open failed. (686_sec.eff)
[02:16:39 AM]	CNtlPLOccluder_Quad::LoadSwapFile (830):  file open failed. (686_sec.ocq)
[02:16:39 AM]	CNtlPLHeatHazeObject::LoadSwapFile (724):  file open failed. (686_sec.hho)
[02:16:39 AM]	CNtlWorldShadow::LoadSwapFile (141):  file open failed. (687_sec.sdw)
[02:16:39 AM]	CNtlPLObject::LoadSwapFile (3331):  file open failed. (687_sec.objt)
[02:16:39 AM]	CNtlInstanceEffect::LoadSwapFile (801):  file open failed. (687_sec.eff)
[02:16:39 AM]	CNtlPLOccluder_Quad::LoadSwapFile (830):  file open failed. (687_sec.ocq)
[02:16:39 AM]	CNtlPLHeatHazeObject::LoadSwapFile (724):  file open failed. (687_sec.hho)
[02:16:39 AM]	CNtlWorldShadow::LoadSwapFile (141):  file open failed. (656_sec.sdw)
[02:16:39 AM]	CNtlPLObject::LoadSwapFile (3331):  file open failed. (656_sec.objt)
[02:16:39 AM]	CNtlInstanceEffect::LoadSwapFile (801):  file open failed. (656_sec.eff)
[02:16:39 AM]	CNtlPLOccluder_Quad::LoadSwapFile (830):  file open failed. (656_sec.ocq)
[02:16:39 AM]	CNtlPLHeatHazeObject::LoadSwapFile (724):  file open failed. (656_sec.hho)
[02:16:39 AM]	CNtlWorldShadow::LoadSwapFile (141):  file open failed. (657_sec.sdw)
[02:16:39 AM]	CNtlPLObject::LoadSwapFile (3331):  file open failed. (657_sec.objt)
[02:16:39 AM]	CNtlInstanceEffect::LoadSwapFile (801):  file open failed. (657_sec.eff)
[02:16:39 AM]	CNtlPLOccluder_Quad::LoadSwapFile (830):  file open failed. (657_sec.ocq)
[02:16:39 AM]	CNtlPLHeatHazeObject::LoadSwapFile (724):  file open failed. (657_sec.hho)
[02:16:39 AM]	CNtlWorldShadow::LoadSwapFile (141):  file open failed. (688_sec.sdw)
[02:16:39 AM]	CNtlPLObject::LoadSwapFile (3331):  file open failed. (688_sec.objt)
[02:16:39 AM]	CNtlInstanceEffect::LoadSwapFile (801):  file open failed. (688_sec.eff)
[02:16:39 AM]	CNtlPLOccluder_Quad::LoadSwapFile (830):  file open failed. (688_sec.ocq)
[02:16:39 AM]	CNtlPLHeatHazeObject::LoadSwapFile (724):  file open failed. (688_sec.hho)
[02:16:39 AM]	CNtlWorldShadow::LoadSwapFile (141):  file open failed. (689_sec.sdw)
[02:16:39 AM]	CNtlPLObject::LoadSwapFile (3331):  file open failed. (689_sec.objt)
[02:16:39 AM]	CNtlInstanceEffect::LoadSwapFile (801):  file open failed. (689_sec.eff)
[02:16:39 AM]	CNtlPLOccluder_Quad::LoadSwapFile (830):  file open failed. (689_sec.ocq)
[02:16:39 AM]	CNtlPLHeatHazeObject::LoadSwapFile (724):  file open failed. (689_sec.hho)
[02:16:39 AM]	CNtlWorldShadow::LoadSwapFile (141):  file open failed. (658_sec.sdw)
[02:16:39 AM]	CNtlPLObject::LoadSwapFile (3331):  file open failed. (658_sec.objt)
[02:16:39 AM]	CNtlInstanceEffect::LoadSwapFile (801):  file open failed. (658_sec.eff)
[02:16:39 AM]	CNtlPLOccluder_Quad::LoadSwapFile (830):  file open failed. (658_sec.ocq)
[02:16:39 AM]	CNtlPLHeatHazeObject::LoadSwapFile (724):  file open failed. (658_sec.hho)
[02:16:39 AM]	CNtlWorldShadow::LoadSwapFile (141):  file open failed. (659_sec.sdw)
[02:16:39 AM]	CNtlPLObject::LoadSwapFile (3331):  file open failed. (659_sec.objt)
[02:16:39 AM]	CNtlInstanceEffect::LoadSwapFile (801):  file open failed. (659_sec.eff)
[02:16:39 AM]	CNtlPLOccluder_Quad::LoadSwapFile (830):  file open failed. (659_sec.ocq)
[02:16:39 AM]	CNtlPLHeatHazeObject::LoadSwapFile (724):  file open failed. (659_sec.hho)
[02:16:39 AM]	CNtlWorldShadow::LoadSwapFile (141):  file open failed. (690_sec.sdw)
[02:16:39 AM]	CNtlPLObject::LoadSwapFile (3331):  file open failed. (690_sec.objt)
[02:16:39 AM]	CNtlInstanceEffect::LoadSwapFile (801):  file open failed. (690_sec.eff)
[02:16:39 AM]	CNtlPLOccluder_Quad::LoadSwapFile (830):  file open failed. (690_sec.ocq)
[02:16:39 AM]	CNtlPLHeatHazeObject::LoadSwapFile (724):  file open failed. (690_sec.hho)
[02:16:39 AM]	CNtlWorldShadow::LoadSwapFile (141):  file open failed. (691_sec.sdw)
[02:16:39 AM]	CNtlPLObject::LoadSwapFile (3331):  file open failed. (691_sec.objt)
[02:16:39 AM]	CNtlInstanceEffect::LoadSwapFile (801):  file open failed. (691_sec.eff)
[02:16:39 AM]	CNtlPLOccluder_Quad::LoadSwapFile (830):  file open failed. (691_sec.ocq)
[02:16:39 AM]	CNtlPLHeatHazeObject::LoadSwapFile (724):  file open failed. (691_sec.hho)
[02:16:40 AM]	CNtlWorldShadow::LoadSwapFile (141):  file open failed. (660_sec.sdw)
[02:16:40 AM]	CNtlPLObject::LoadSwapFile (3331):  file open failed. (660_sec.objt)
[02:16:40 AM]	CNtlInstanceEffect::LoadSwapFile (801):  file open failed. (660_sec.eff)
[02:16:40 AM]	CNtlPLOccluder_Quad::LoadSwapFile (830):  file open failed. (660_sec.ocq)
[02:16:40 AM]	CNtlPLHeatHazeObject::LoadSwapFile (724):  file open failed. (660_sec.hho)
[02:16:40 AM]	CNtlWorldShadow::LoadSwapFile (141):  file open failed. (661_sec.sdw)
[02:16:40 AM]	CNtlPLObject::LoadSwapFile (3331):  file open failed. (661_sec.objt)
[02:16:40 AM]	CNtlInstanceEffect::LoadSwapFile (801):  file open failed. (661_sec.eff)
[02:16:40 AM]	CNtlPLOccluder_Quad::LoadSwapFile (830):  file open failed. (661_sec.ocq)
[02:16:40 AM]	CNtlPLHeatHazeObject::LoadSwapFile (724):  file open failed. (661_sec.hho)
[02:16:40 AM]	CNtlWorldShadow::LoadSwapFile (141):  file open failed. (692_sec.sdw)
[02:16:40 AM]	CNtlPLObject::LoadSwapFile (3331):  file open failed. (692_sec.objt)
[02:16:40 AM]	CNtlInstanceEffect::LoadSwapFile (801):  file open failed. (692_sec.eff)
[02:16:40 AM]	CNtlPLOccluder_Quad::LoadSwapFile (830):  file open failed. (692_sec.ocq)
[02:16:40 AM]	CNtlPLHeatHazeObject::LoadSwapFile (724):  file open failed. (692_sec.hho)
[02:16:40 AM]	CNtlWorldShadow::LoadSwapFile (141):  file open failed. (693_sec.sdw)
[02:16:40 AM]	CNtlPLObject::LoadSwapFile (3331):  file open failed. (693_sec.objt)
[02:16:40 AM]	CNtlInstanceEffect::LoadSwapFile (801):  file open failed. (693_sec.eff)
[02:16:40 AM]	CNtlPLOccluder_Quad::LoadSwapFile (830):  file open failed. (693_sec.ocq)
[02:16:40 AM]	CNtlPLHeatHazeObject::LoadSwapFile (724):  file open failed. (693_sec.hho)
[02:16:40 AM]	CNtlWorldShadow::LoadSwapFile (141):  file open failed. (714_sec.sdw)
[02:16:40 AM]	CNtlPLObject::LoadSwapFile (3331):  file open failed. (714_sec.objt)
[02:16:40 AM]	CNtlInstanceEffect::LoadSwapFile (801):  file open failed. (714_sec.eff)
[02:16:40 AM]	CNtlPLOccluder_Quad::LoadSwapFile (830):  file open failed. (714_sec.ocq)
[02:16:40 AM]	CNtlPLHeatHazeObject::LoadSwapFile (724):  file open failed. (714_sec.hho)
[02:16:40 AM]	CNtlWorldShadow::LoadSwapFile (141):  file open failed. (715_sec.sdw)
[02:16:40 AM]	CNtlPLObject::LoadSwapFile (3331):  file open failed. (715_sec.objt)
[02:16:40 AM]	CNtlInstanceEffect::LoadSwapFile (801):  file open failed. (715_sec.eff)
[02:16:40 AM]	CNtlPLOccluder_Quad::LoadSwapFile (830):  file open failed. (715_sec.ocq)
[02:16:40 AM]	CNtlPLHeatHazeObject::LoadSwapFile (724):  file open failed. (715_sec.hho)
[02:16:40 AM]	CNtlWorldShadow::LoadSwapFile (141):  file open failed. (746_sec.sdw)
[02:16:40 AM]	CNtlPLObject::LoadSwapFile (3331):  file open failed. (746_sec.objt)
[02:16:40 AM]	CNtlInstanceEffect::LoadSwapFile (801):  file open failed. (746_sec.eff)
[02:16:40 AM]	CNtlPLOccluder_Quad::LoadSwapFile (830):  file open failed. (746_sec.ocq)
[02:16:40 AM]	CNtlPLHeatHazeObject::LoadSwapFile (724):  file open failed. (746_sec.hho)
[02:16:40 AM]	CNtlWorldShadow::LoadSwapFile (141):  file open failed. (747_sec.sdw)
[02:16:40 AM]	CNtlPLObject::LoadSwapFile (3331):  file open failed. (747_sec.objt)
[02:16:40 AM]	CNtlInstanceEffect::LoadSwapFile (801):  file open failed. (747_sec.eff)
[02:16:40 AM]	CNtlPLOccluder_Quad::LoadSwapFile (830):  file open failed. (747_sec.ocq)
[02:16:40 AM]	CNtlPLHeatHazeObject::LoadSwapFile (724):  file open failed. (747_sec.hho)
[02:16:40 AM]	CNtlWorldShadow::LoadSwapFile (141):  file open failed. (716_sec.sdw)
[02:16:40 AM]	CNtlPLObject::LoadSwapFile (3331):  file open failed. (716_sec.objt)
[02:16:40 AM]	CNtlInstanceEffect::LoadSwapFile (801):  file open failed. (716_sec.eff)
[02:16:40 AM]	CNtlPLOccluder_Quad::LoadSwapFile (830):  file open failed. (716_sec.ocq)
[02:16:40 AM]	CNtlPLHeatHazeObject::LoadSwapFile (724):  file open failed. (716_sec.hho)
[02:16:40 AM]	CNtlWorldShadow::LoadSwapFile (141):  file open failed. (717_sec.sdw)
[02:16:40 AM]	CNtlPLObject::LoadSwapFile (3331):  file open failed. (717_sec.objt)
[02:16:40 AM]	CNtlInstanceEffect::LoadSwapFile (801):  file open failed. (717_sec.eff)
[02:16:40 AM]	CNtlPLOccluder_Quad::LoadSwapFile (830):  file open failed. (717_sec.ocq)
[02:16:40 AM]	CNtlPLHeatHazeObject::LoadSwapFile (724):  file open failed. (717_sec.hho)
[02:16:40 AM]	CNtlWorldShadow::LoadSwapFile (141):  file open failed. (748_sec.sdw)
[02:16:40 AM]	CNtlPLObject::LoadSwapFile (3331):  file open failed. (748_sec.objt)
[02:16:40 AM]	CNtlInstanceEffect::LoadSwapFile (801):  file open failed. (748_sec.eff)
[02:16:40 AM]	CNtlPLOccluder_Quad::LoadSwapFile (830):  file open failed. (748_sec.ocq)
[02:16:40 AM]	CNtlPLHeatHazeObject::LoadSwapFile (724):  file open failed. (748_sec.hho)
[02:16:40 AM]	CNtlWorldShadow::LoadSwapFile (141):  file open failed. (749_sec.sdw)
[02:16:40 AM]	CNtlPLObject::LoadSwapFile (3331):  file open failed. (749_sec.objt)
[02:16:40 AM]	CNtlInstanceEffect::LoadSwapFile (801):  file open failed. (749_sec.eff)
[02:16:40 AM]	CNtlPLOccluder_Quad::LoadSwapFile (830):  file open failed. (749_sec.ocq)
[02:16:40 AM]	CNtlPLHeatHazeObject::LoadSwapFile (724):  file open failed. (749_sec.hho)
[02:16:40 AM]	CNtlWorldShadow::LoadSwapFile (141):  file open failed. (718_sec.sdw)
[02:16:40 AM]	CNtlPLObject::LoadSwapFile (3331):  file open failed. (718_sec.objt)
[02:16:40 AM]	CNtlInstanceEffect::LoadSwapFile (801):  file open failed. (718_sec.eff)
[02:16:40 AM]	CNtlPLOccluder_Quad::LoadSwapFile (830):  file open failed. (718_sec.ocq)
[02:16:40 AM]	CNtlPLHeatHazeObject::LoadSwapFile (724):  file open failed. (718_sec.hho)
[02:16:40 AM]	CNtlWorldShadow::LoadSwapFile (141):  file open failed. (719_sec.sdw)
[02:16:40 AM]	CNtlPLObject::LoadSwapFile (3331):  file open failed. (719_sec.objt)
[02:16:40 AM]	CNtlInstanceEffect::LoadSwapFile (801):  file open failed. (719_sec.eff)
[02:16:40 AM]	CNtlPLOccluder_Quad::LoadSwapFile (830):  file open failed. (719_sec.ocq)
[02:16:40 AM]	CNtlPLHeatHazeObject::LoadSwapFile (724):  file open failed. (719_sec.hho)
[02:16:40 AM]	CNtlWorldShadow::LoadSwapFile (141):  file open failed. (750_sec.sdw)
[02:16:40 AM]	CNtlPLObject::LoadSwapFile (3331):  file open failed. (750_sec.objt)
[02:16:40 AM]	CNtlInstanceEffect::LoadSwapFile (801):  file open failed. (750_sec.eff)
[02:16:40 AM]	CNtlPLOccluder_Quad::LoadSwapFile (830):  file open failed. (750_sec.ocq)
[02:16:40 AM]	CNtlPLHeatHazeObject::LoadSwapFile (724):  file open failed. (750_sec.hho)
[02:16:40 AM]	CNtlWorldShadow::LoadSwapFile (141):  file open failed. (751_sec.sdw)
[02:16:40 AM]	CNtlPLObject::LoadSwapFile (3331):  file open failed. (751_sec.objt)
[02:16:40 AM]	CNtlInstanceEffect::LoadSwapFile (801):  file open failed. (751_sec.eff)
[02:16:40 AM]	CNtlPLOccluder_Quad::LoadSwapFile (830):  file open failed. (751_sec.ocq)
[02:16:40 AM]	CNtlPLHeatHazeObject::LoadSwapFile (724):  file open failed. (751_sec.hho)
[02:16:40 AM]	CNtlWorldShadow::LoadSwapFile (141):  file open failed. (720_sec.sdw)
[02:16:40 AM]	CNtlPLObject::LoadSwapFile (3331):  file open failed. (720_sec.objt)
[02:16:40 AM]	CNtlInstanceEffect::LoadSwapFile (801):  file open failed. (720_sec.eff)
[02:16:40 AM]	CNtlPLOccluder_Quad::LoadSwapFile (830):  file open failed. (720_sec.ocq)
[02:16:40 AM]	CNtlPLHeatHazeObject::LoadSwapFile (724):  file open failed. (720_sec.hho)
[02:16:40 AM]	CNtlWorldShadow::LoadSwapFile (141):  file open failed. (721_sec.sdw)
[02:16:40 AM]	CNtlPLObject::LoadSwapFile (3331):  file open failed. (721_sec.objt)
[02:16:40 AM]	CNtlInstanceEffect::LoadSwapFile (801):  file open failed. (721_sec.eff)
[02:16:40 AM]	CNtlPLOccluder_Quad::LoadSwapFile (830):  file open failed. (721_sec.ocq)
[02:16:40 AM]	CNtlPLHeatHazeObject::LoadSwapFile (724):  file open failed. (721_sec.hho)
[02:16:40 AM]	CNtlWorldShadow::LoadSwapFile (141):  file open failed. (752_sec.sdw)
[02:16:40 AM]	CNtlPLObject::LoadSwapFile (3331):  file open failed. (752_sec.objt)
[02:16:40 AM]	CNtlInstanceEffect::LoadSwapFile (801):  file open failed. (752_sec.eff)
[02:16:40 AM]	CNtlPLOccluder_Quad::LoadSwapFile (830):  file open failed. (752_sec.ocq)
[02:16:40 AM]	CNtlPLHeatHazeObject::LoadSwapFile (724):  file open failed. (752_sec.hho)
[02:16:40 AM]	CNtlWorldShadow::LoadSwapFile (141):  file open failed. (753_sec.sdw)
[02:16:40 AM]	CNtlPLObject::LoadSwapFile (3331):  file open failed. (753_sec.objt)
[02:16:40 AM]	CNtlInstanceEffect::LoadSwapFile (801):  file open failed. (753_sec.eff)
[02:16:40 AM]	CNtlPLOccluder_Quad::LoadSwapFile (830):  file open failed. (753_sec.ocq)
[02:16:40 AM]	CNtlPLHeatHazeObject::LoadSwapFile (724):  file open failed. (753_sec.hho)
[02:16:41 AM]	CNtlWorldShadow::LoadSwapFile (141):  file open failed. (722_sec.sdw)
[02:16:41 AM]	CNtlPLObject::LoadSwapFile (3331):  file open failed. (722_sec.objt)
[02:16:41 AM]	CNtlInstanceEffect::LoadSwapFile (801):  file open failed. (722_sec.eff)
[02:16:41 AM]	CNtlPLOccluder_Quad::LoadSwapFile (830):  file open failed. (722_sec.ocq)
[02:16:41 AM]	CNtlPLHeatHazeObject::LoadSwapFile (724):  file open failed. (722_sec.hho)
[02:16:41 AM]	CNtlWorldShadow::LoadSwapFile (141):  file open failed. (723_sec.sdw)
[02:16:41 AM]	CNtlPLObject::LoadSwapFile (3331):  file open failed. (723_sec.objt)
[02:16:41 AM]	CNtlInstanceEffect::LoadSwapFile (801):  file open failed. (723_sec.eff)
[02:16:41 AM]	CNtlPLOccluder_Quad::LoadSwapFile (830):  file open failed. (723_sec.ocq)
[02:16:41 AM]	CNtlPLHeatHazeObject::LoadSwapFile (724):  file open failed. (723_sec.hho)
[02:16:41 AM]	CNtlWorldShadow::LoadSwapFile (141):  file open failed. (754_sec.sdw)
[02:16:41 AM]	CNtlPLObject::LoadSwapFile (3331):  file open failed. (754_sec.objt)
[02:16:41 AM]	CNtlInstanceEffect::LoadSwapFile (801):  file open failed. (754_sec.eff)
[02:16:41 AM]	CNtlPLOccluder_Quad::LoadSwapFile (830):  file open failed. (754_sec.ocq)
[02:16:41 AM]	CNtlPLHeatHazeObject::LoadSwapFile (724):  file open failed. (754_sec.hho)
[02:16:41 AM]	CNtlWorldShadow::LoadSwapFile (141):  file open failed. (755_sec.sdw)
[02:16:41 AM]	CNtlPLObject::LoadSwapFile (3331):  file open failed. (755_sec.objt)
[02:16:41 AM]	CNtlInstanceEffect::LoadSwapFile (801):  file open failed. (755_sec.eff)
[02:16:41 AM]	CNtlPLOccluder_Quad::LoadSwapFile (830):  file open failed. (755_sec.ocq)
[02:16:41 AM]	CNtlPLHeatHazeObject::LoadSwapFile (724):  file open failed. (755_sec.hho)
[02:16:41 AM]	CNtlWorldShadow::LoadSwapFile (141):  file open failed. (724_sec.sdw)
[02:16:41 AM]	CNtlPLObject::LoadSwapFile (3331):  file open failed. (724_sec.objt)
[02:16:41 AM]	CNtlInstanceEffect::LoadSwapFile (801):  file open failed. (724_sec.eff)
[02:16:41 AM]	CNtlPLOccluder_Quad::LoadSwapFile (830):  file open failed. (724_sec.ocq)
[02:16:41 AM]	CNtlPLHeatHazeObject::LoadSwapFile (724):  file open failed. (724_sec.hho)
[02:16:41 AM]	CNtlWorldShadow::LoadSwapFile (141):  file open failed. (725_sec.sdw)
[02:16:41 AM]	CNtlPLObject::LoadSwapFile (3331):  file open failed. (725_sec.objt)
[02:16:41 AM]	CNtlInstanceEffect::LoadSwapFile (801):  file open failed. (725_sec.eff)
[02:16:41 AM]	CNtlPLOccluder_Quad::LoadSwapFile (830):  file open failed. (725_sec.ocq)
[02:16:41 AM]	CNtlPLHeatHazeObject::LoadSwapFile (724):  file open failed. (725_sec.hho)
[02:16:41 AM]	CNtlWorldShadow::LoadSwapFile (141):  file open failed. (756_sec.sdw)
[02:16:41 AM]	CNtlPLObject::LoadSwapFile (3331):  file open failed. (756_sec.objt)
[02:16:41 AM]	CNtlInstanceEffect::LoadSwapFile (801):  file open failed. (756_sec.eff)
[02:16:41 AM]	CNtlPLOccluder_Quad::LoadSwapFile (830):  file open failed. (756_sec.ocq)
[02:16:41 AM]	CNtlPLHeatHazeObject::LoadSwapFile (724):  file open failed. (756_sec.hho)
[02:16:41 AM]	CNtlWorldShadow::LoadSwapFile (141):  file open failed. (757_sec.sdw)
[02:16:41 AM]	CNtlPLObject::LoadSwapFile (3331):  file open failed. (757_sec.objt)
[02:16:41 AM]	CNtlInstanceEffect::LoadSwapFile (801):  file open failed. (757_sec.eff)
[02:16:41 AM]	CNtlPLOccluder_Quad::LoadSwapFile (830):  file open failed. (757_sec.ocq)
[02:16:41 AM]	CNtlPLHeatHazeObject::LoadSwapFile (724):  file open failed. (757_sec.hho)
[02:16:54 AM]	CNtlWorldShadow::LoadSwapFile (141):  file open failed. (330_sec.sdw)
[02:16:54 AM]	CNtlPLObject::LoadSwapFile (3331):  file open failed. (330_sec.objt)
[02:16:54 AM]	CNtlInstanceEffect::LoadSwapFile (801):  file open failed. (330_sec.eff)
[02:16:54 AM]	CNtlPLOccluder_Quad::LoadSwapFile (830):  file open failed. (330_sec.ocq)
[02:16:54 AM]	CNtlPLHeatHazeObject::LoadSwapFile (724):  file open failed. (330_sec.hho)
[02:16:54 AM]	CNtlWorldShadow::LoadSwapFile (141):  file open failed. (331_sec.sdw)
[02:16:54 AM]	CNtlPLObject::LoadSwapFile (3331):  file open failed. (331_sec.objt)
[02:16:54 AM]	CNtlInstanceEffect::LoadSwapFile (801):  file open failed. (331_sec.eff)
[02:16:54 AM]	CNtlPLOccluder_Quad::LoadSwapFile (830):  file open failed. (331_sec.ocq)
[02:16:54 AM]	CNtlPLHeatHazeObject::LoadSwapFile (724):  file open failed. (331_sec.hho)
[02:16:54 AM]	CNtlWorldShadow::LoadSwapFile (141):  file open failed. (362_sec.sdw)
[02:16:54 AM]	CNtlPLObject::LoadSwapFile (3331):  file open failed. (362_sec.objt)
[02:16:54 AM]	CNtlInstanceEffect::LoadSwapFile (801):  file open failed. (362_sec.eff)
[02:16:54 AM]	CNtlPLOccluder_Quad::LoadSwapFile (830):  file open failed. (362_sec.ocq)
[02:16:54 AM]	CNtlPLHeatHazeObject::LoadSwapFile (724):  file open failed. (362_sec.hho)
[02:16:54 AM]	CNtlWorldShadow::LoadSwapFile (141):  file open failed. (363_sec.sdw)
[02:16:54 AM]	CNtlPLObject::LoadSwapFile (3331):  file open failed. (363_sec.objt)
[02:16:54 AM]	CNtlInstanceEffect::LoadSwapFile (801):  file open failed. (363_sec.eff)
[02:16:54 AM]	CNtlPLOccluder_Quad::LoadSwapFile (830):  file open failed. (363_sec.ocq)
[02:16:54 AM]	CNtlPLHeatHazeObject::LoadSwapFile (724):  file open failed. (363_sec.hho)
[02:16:54 AM]	CNtlWorldShadow::LoadSwapFile (141):  file open failed. (332_sec.sdw)
[02:16:54 AM]	CNtlPLObject::LoadSwapFile (3331):  file open failed. (332_sec.objt)
[02:16:54 AM]	CNtlInstanceEffect::LoadSwapFile (801):  file open failed. (332_sec.eff)
[02:16:54 AM]	CNtlPLOccluder_Quad::LoadSwapFile (830):  file open failed. (332_sec.ocq)
[02:16:54 AM]	CNtlPLHeatHazeObject::LoadSwapFile (724):  file open failed. (332_sec.hho)
[02:16:54 AM]	CNtlWorldShadow::LoadSwapFile (141):  file open failed. (333_sec.sdw)
[02:16:54 AM]	CNtlPLObject::LoadSwapFile (3331):  file open failed. (333_sec.objt)
[02:16:54 AM]	CNtlInstanceEffect::LoadSwapFile (801):  file open failed. (333_sec.eff)
[02:16:54 AM]	CNtlPLOccluder_Quad::LoadSwapFile (830):  file open failed. (333_sec.ocq)
[02:16:54 AM]	CNtlPLHeatHazeObject::LoadSwapFile (724):  file open failed. (333_sec.hho)
[02:16:54 AM]	CNtlWorldShadow::LoadSwapFile (141):  file open failed. (364_sec.sdw)
[02:16:54 AM]	CNtlPLObject::LoadSwapFile (3331):  file open failed. (364_sec.objt)
[02:16:54 AM]	CNtlInstanceEffect::LoadSwapFile (801):  file open failed. (364_sec.eff)
[02:16:54 AM]	CNtlPLOccluder_Quad::LoadSwapFile (830):  file open failed. (364_sec.ocq)
[02:16:54 AM]	CNtlPLHeatHazeObject::LoadSwapFile (724):  file open failed. (364_sec.hho)
[02:16:54 AM]	CNtlWorldShadow::LoadSwapFile (141):  file open failed. (365_sec.sdw)
[02:16:54 AM]	CNtlPLObject::LoadSwapFile (3331):  file open failed. (365_sec.objt)
[02:16:54 AM]	CNtlInstanceEffect::LoadSwapFile (801):  file open failed. (365_sec.eff)
[02:16:54 AM]	CNtlPLOccluder_Quad::LoadSwapFile (830):  file open failed. (365_sec.ocq)
[02:16:54 AM]	CNtlPLHeatHazeObject::LoadSwapFile (724):  file open failed. (365_sec.hho)
[02:16:54 AM]	CNtlWorldShadow::LoadSwapFile (141):  file open failed. (334_sec.sdw)
[02:16:54 AM]	CNtlPLObject::LoadSwapFile (3331):  file open failed. (334_sec.objt)
[02:16:54 AM]	CNtlInstanceEffect::LoadSwapFile (801):  file open failed. (334_sec.eff)
[02:16:54 AM]	CNtlPLOccluder_Quad::LoadSwapFile (830):  file open failed. (334_sec.ocq)
[02:16:54 AM]	CNtlPLHeatHazeObject::LoadSwapFile (724):  file open failed. (334_sec.hho)
[02:16:54 AM]	CNtlWorldShadow::LoadSwapFile (141):  file open failed. (335_sec.sdw)
[02:16:54 AM]	CNtlPLObject::LoadSwapFile (3331):  file open failed. (335_sec.objt)
[02:16:54 AM]	CNtlInstanceEffect::LoadSwapFile (801):  file open failed. (335_sec.eff)
[02:16:54 AM]	CNtlPLOccluder_Quad::LoadSwapFile (830):  file open failed. (335_sec.ocq)
[02:16:54 AM]	CNtlPLHeatHazeObject::LoadSwapFile (724):  file open failed. (335_sec.hho)
[02:16:54 AM]	CNtlWorldShadow::LoadSwapFile (141):  file open failed. (366_sec.sdw)
[02:16:54 AM]	CNtlPLObject::LoadSwapFile (3331):  file open failed. (366_sec.objt)
[02:16:54 AM]	CNtlInstanceEffect::LoadSwapFile (801):  file open failed. (366_sec.eff)
[02:16:54 AM]	CNtlPLOccluder_Quad::LoadSwapFile (830):  file open failed. (366_sec.ocq)
[02:16:54 AM]	CNtlPLHeatHazeObject::LoadSwapFile (724):  file open failed. (366_sec.hho)
[02:16:54 AM]	CNtlWorldShadow::LoadSwapFile (141):  file open failed. (367_sec.sdw)
[02:16:54 AM]	CNtlPLObject::LoadSwapFile (3331):  file open failed. (367_sec.objt)
[02:16:54 AM]	CNtlInstanceEffect::LoadSwapFile (801):  file open failed. (367_sec.eff)
[02:16:54 AM]	CNtlPLOccluder_Quad::LoadSwapFile (830):  file open failed. (367_sec.ocq)
[02:16:54 AM]	CNtlPLHeatHazeObject::LoadSwapFile (724):  file open failed. (367_sec.hho)
[02:16:54 AM]	CNtlWorldShadow::LoadSwapFile (141):  file open failed. (336_sec.sdw)
[02:16:54 AM]	CNtlPLObject::LoadSwapFile (3331):  file open failed. (336_sec.objt)
[02:16:54 AM]	CNtlInstanceEffect::LoadSwapFile (801):  file open failed. (336_sec.eff)
[02:16:54 AM]	CNtlPLOccluder_Quad::LoadSwapFile (830):  file open failed. (336_sec.ocq)
[02:16:54 AM]	CNtlPLHeatHazeObject::LoadSwapFile (724):  file open failed. (336_sec.hho)
[02:16:54 AM]	CNtlWorldShadow::LoadSwapFile (141):  file open failed. (337_sec.sdw)
[02:16:54 AM]	CNtlPLObject::LoadSwapFile (3331):  file open failed. (337_sec.objt)
[02:16:54 AM]	CNtlInstanceEffect::LoadSwapFile (801):  file open failed. (337_sec.eff)
[02:16:54 AM]	CNtlPLOccluder_Quad::LoadSwapFile (830):  file open failed. (337_sec.ocq)
[02:16:54 AM]	CNtlPLHeatHazeObject::LoadSwapFile (724):  file open failed. (337_sec.hho)
[02:16:54 AM]	CNtlWorldShadow::LoadSwapFile (141):  file open failed. (368_sec.sdw)
[02:16:54 AM]	CNtlPLObject::LoadSwapFile (3331):  file open failed. (368_sec.objt)
[02:16:54 AM]	CNtlInstanceEffect::LoadSwapFile (801):  file open failed. (368_sec.eff)
[02:16:54 AM]	CNtlPLOccluder_Quad::LoadSwapFile (830):  file open failed. (368_sec.ocq)
[02:16:54 AM]	CNtlPLHeatHazeObject::LoadSwapFile (724):  file open failed. (368_sec.hho)
[02:16:54 AM]	CNtlWorldShadow::LoadSwapFile (141):  file open failed. (369_sec.sdw)
[02:16:54 AM]	CNtlPLObject::LoadSwapFile (3331):  file open failed. (369_sec.objt)
[02:16:54 AM]	CNtlInstanceEffect::LoadSwapFile (801):  file open failed. (369_sec.eff)
[02:16:54 AM]	CNtlPLOccluder_Quad::LoadSwapFile (830):  file open failed. (369_sec.ocq)
[02:16:54 AM]	CNtlPLHeatHazeObject::LoadSwapFile (724):  file open failed. (369_sec.hho)
[02:16:54 AM]	CNtlWorldShadow::LoadSwapFile (141):  file open failed. (338_sec.sdw)
[02:16:54 AM]	CNtlPLObject::LoadSwapFile (3331):  file open failed. (338_sec.objt)
[02:16:55 AM]	CNtlInstanceEffect::LoadSwapFile (801):  file open failed. (338_sec.eff)
[02:16:55 AM]	CNtlPLOccluder_Quad::LoadSwapFile (830):  file open failed. (338_sec.ocq)
[02:16:55 AM]	CNtlPLHeatHazeObject::LoadSwapFile (724):  file open failed. (338_sec.hho)
[02:16:55 AM]	CNtlWorldShadow::LoadSwapFile (141):  file open failed. (339_sec.sdw)
[02:16:55 AM]	CNtlPLObject::LoadSwapFile (3331):  file open failed. (339_sec.objt)
[02:16:55 AM]	CNtlInstanceEffect::LoadSwapFile (801):  file open failed. (339_sec.eff)
[02:16:55 AM]	CNtlPLOccluder_Quad::LoadSwapFile (830):  file open failed. (339_sec.ocq)
[02:16:55 AM]	CNtlPLHeatHazeObject::LoadSwapFile (724):  file open failed. (339_sec.hho)
[02:16:55 AM]	CNtlWorldShadow::LoadSwapFile (141):  file open failed. (370_sec.sdw)
[02:16:55 AM]	CNtlPLObject::LoadSwapFile (3331):  file open failed. (370_sec.objt)
[02:16:55 AM]	CNtlInstanceEffect::LoadSwapFile (801):  file open failed. (370_sec.eff)
[02:16:55 AM]	CNtlPLOccluder_Quad::LoadSwapFile (830):  file open failed. (370_sec.ocq)
[02:16:55 AM]	CNtlPLHeatHazeObject::LoadSwapFile (724):  file open failed. (370_sec.hho)
[02:16:55 AM]	CNtlWorldShadow::LoadSwapFile (141):  file open failed. (371_sec.sdw)
[02:16:55 AM]	CNtlPLObject::LoadSwapFile (3331):  file open failed. (371_sec.objt)
[02:16:55 AM]	CNtlInstanceEffect::LoadSwapFile (801):  file open failed. (371_sec.eff)
[02:16:55 AM]	CNtlPLOccluder_Quad::LoadSwapFile (830):  file open failed. (371_sec.ocq)
[02:16:55 AM]	CNtlPLHeatHazeObject::LoadSwapFile (724):  file open failed. (371_sec.hho)
[02:16:55 AM]	CNtlWorldShadow::LoadSwapFile (141):  file open failed. (340_sec.sdw)
[02:16:55 AM]	CNtlPLObject::LoadSwapFile (3331):  file open failed. (340_sec.objt)
[02:16:55 AM]	CNtlInstanceEffect::LoadSwapFile (801):  file open failed. (340_sec.eff)
[02:16:55 AM]	CNtlPLOccluder_Quad::LoadSwapFile (830):  file open failed. (340_sec.ocq)
[02:16:55 AM]	CNtlPLHeatHazeObject::LoadSwapFile (724):  file open failed. (340_sec.hho)
[02:16:55 AM]	CNtlWorldShadow::LoadSwapFile (141):  file open failed. (341_sec.sdw)
[02:16:55 AM]	CNtlPLObject::LoadSwapFile (3331):  file open failed. (341_sec.objt)
[02:16:55 AM]	CNtlInstanceEffect::LoadSwapFile (801):  file open failed. (341_sec.eff)
[02:16:55 AM]	CNtlPLOccluder_Quad::LoadSwapFile (830):  file open failed. (341_sec.ocq)
[02:16:55 AM]	CNtlPLHeatHazeObject::LoadSwapFile (724):  file open failed. (341_sec.hho)
[02:16:55 AM]	CNtlWorldShadow::LoadSwapFile (141):  file open failed. (372_sec.sdw)
[02:16:55 AM]	CNtlPLObject::LoadSwapFile (3331):  file open failed. (372_sec.objt)
[02:16:55 AM]	CNtlInstanceEffect::LoadSwapFile (801):  file open failed. (372_sec.eff)
[02:16:55 AM]	CNtlPLOccluder_Quad::LoadSwapFile (830):  file open failed. (372_sec.ocq)
[02:16:55 AM]	CNtlPLHeatHazeObject::LoadSwapFile (724):  file open failed. (372_sec.hho)
[02:16:55 AM]	CNtlWorldShadow::LoadSwapFile (141):  file open failed. (373_sec.sdw)
[02:16:55 AM]	CNtlPLObject::LoadSwapFile (3331):  file open failed. (373_sec.objt)
[02:16:55 AM]	CNtlInstanceEffect::LoadSwapFile (801):  file open failed. (373_sec.eff)
[02:16:55 AM]	CNtlPLOccluder_Quad::LoadSwapFile (830):  file open failed. (373_sec.ocq)
[02:16:55 AM]	CNtlPLHeatHazeObject::LoadSwapFile (724):  file open failed. (373_sec.hho)
[02:16:59 AM]	CNtlWorldShadow::LoadSwapFile (141):  file open failed. (342_sec.sdw)
[02:16:59 AM]	CNtlPLObject::LoadSwapFile (3331):  file open failed. (342_sec.objt)
[02:16:59 AM]	CNtlInstanceEffect::LoadSwapFile (801):  file open failed. (342_sec.eff)
[02:16:59 AM]	CNtlPLOccluder_Quad::LoadSwapFile (830):  file open failed. (342_sec.ocq)
[02:16:59 AM]	CNtlPLHeatHazeObject::LoadSwapFile (724):  file open failed. (342_sec.hho)
[02:16:59 AM]	CNtlWorldShadow::LoadSwapFile (141):  file open failed. (343_sec.sdw)
[02:16:59 AM]	CNtlPLObject::LoadSwapFile (3331):  file open failed. (343_sec.objt)
[02:16:59 AM]	CNtlInstanceEffect::LoadSwapFile (801):  file open failed. (343_sec.eff)
[02:16:59 AM]	CNtlPLOccluder_Quad::LoadSwapFile (830):  file open failed. (343_sec.ocq)
[02:16:59 AM]	CNtlPLHeatHazeObject::LoadSwapFile (724):  file open failed. (343_sec.hho)
[02:16:59 AM]	CNtlWorldShadow::LoadSwapFile (141):  file open failed. (374_sec.sdw)
[02:16:59 AM]	CNtlPLObject::LoadSwapFile (3331):  file open failed. (374_sec.objt)
[02:16:59 AM]	CNtlInstanceEffect::LoadSwapFile (801):  file open failed. (374_sec.eff)
[02:16:59 AM]	CNtlPLOccluder_Quad::LoadSwapFile (830):  file open failed. (374_sec.ocq)
[02:16:59 AM]	CNtlPLHeatHazeObject::LoadSwapFile (724):  file open failed. (374_sec.hho)
[02:16:59 AM]	CNtlWorldShadow::LoadSwapFile (141):  file open failed. (375_sec.sdw)
[02:16:59 AM]	CNtlPLObject::LoadSwapFile (3331):  file open failed. (375_sec.objt)
[02:16:59 AM]	CNtlInstanceEffect::LoadSwapFile (801):  file open failed. (375_sec.eff)
[02:16:59 AM]	CNtlPLOccluder_Quad::LoadSwapFile (830):  file open failed. (375_sec.ocq)
[02:16:59 AM]	CNtlPLHeatHazeObject::LoadSwapFile (724):  file open failed. (375_sec.hho)
[02:16:59 AM]	CNtlWorldShadow::LoadSwapFile (141):  file open failed. (406_sec.sdw)
[02:16:59 AM]	CNtlPLObject::LoadSwapFile (3331):  file open failed. (406_sec.objt)
[02:16:59 AM]	CNtlInstanceEffect::LoadSwapFile (801):  file open failed. (406_sec.eff)
[02:16:59 AM]	CNtlPLOccluder_Quad::LoadSwapFile (830):  file open failed. (406_sec.ocq)
[02:16:59 AM]	CNtlPLHeatHazeObject::LoadSwapFile (724):  file open failed. (406_sec.hho)
[02:16:59 AM]	CNtlWorldShadow::LoadSwapFile (141):  file open failed. (407_sec.sdw)
[02:16:59 AM]	CNtlPLObject::LoadSwapFile (3331):  file open failed. (407_sec.objt)
[02:16:59 AM]	CNtlInstanceEffect::LoadSwapFile (801):  file open failed. (407_sec.eff)
[02:16:59 AM]	CNtlPLOccluder_Quad::LoadSwapFile (830):  file open failed. (407_sec.ocq)
[02:16:59 AM]	CNtlPLHeatHazeObject::LoadSwapFile (724):  file open failed. (407_sec.hho)
[02:16:59 AM]	CNtlWorldShadow::LoadSwapFile (141):  file open failed. (438_sec.sdw)
[02:16:59 AM]	CNtlPLObject::LoadSwapFile (3331):  file open failed. (438_sec.objt)
[02:16:59 AM]	CNtlInstanceEffect::LoadSwapFile (801):  file open failed. (438_sec.eff)
[02:16:59 AM]	CNtlPLOccluder_Quad::LoadSwapFile (830):  file open failed. (438_sec.ocq)
[02:16:59 AM]	CNtlPLHeatHazeObject::LoadSwapFile (724):  file open failed. (438_sec.hho)
[02:16:59 AM]	CNtlWorldShadow::LoadSwapFile (141):  file open failed. (439_sec.sdw)
[02:16:59 AM]	CNtlPLObject::LoadSwapFile (3331):  file open failed. (439_sec.objt)
[02:16:59 AM]	CNtlInstanceEffect::LoadSwapFile (801):  file open failed. (439_sec.eff)
[02:16:59 AM]	CNtlPLOccluder_Quad::LoadSwapFile (830):  file open failed. (439_sec.ocq)
[02:16:59 AM]	CNtlPLHeatHazeObject::LoadSwapFile (724):  file open failed. (439_sec.hho)
[02:16:59 AM]	CNtlWorldShadow::LoadSwapFile (141):  file open failed. (470_sec.sdw)
[02:16:59 AM]	CNtlPLObject::LoadSwapFile (3331):  file open failed. (470_sec.objt)
[02:16:59 AM]	CNtlInstanceEffect::LoadSwapFile (801):  file open failed. (470_sec.eff)
[02:16:59 AM]	CNtlPLOccluder_Quad::LoadSwapFile (830):  file open failed. (470_sec.ocq)
[02:16:59 AM]	CNtlPLHeatHazeObject::LoadSwapFile (724):  file open failed. (470_sec.hho)
[02:16:59 AM]	CNtlWorldShadow::LoadSwapFile (141):  file open failed. (471_sec.sdw)
[02:16:59 AM]	CNtlPLObject::LoadSwapFile (3331):  file open failed. (471_sec.objt)
[02:16:59 AM]	CNtlInstanceEffect::LoadSwapFile (801):  file open failed. (471_sec.eff)
[02:16:59 AM]	CNtlPLOccluder_Quad::LoadSwapFile (830):  file open failed. (471_sec.ocq)
[02:16:59 AM]	CNtlPLHeatHazeObject::LoadSwapFile (724):  file open failed. (471_sec.hho)
[02:16:59 AM]	CNtlWorldShadow::LoadSwapFile (141):  file open failed. (502_sec.sdw)
[02:16:59 AM]	CNtlPLObject::LoadSwapFile (3331):  file open failed. (502_sec.objt)
[02:16:59 AM]	CNtlInstanceEffect::LoadSwapFile (801):  file open failed. (502_sec.eff)
[02:16:59 AM]	CNtlPLOccluder_Quad::LoadSwapFile (830):  file open failed. (502_sec.ocq)
[02:16:59 AM]	CNtlPLHeatHazeObject::LoadSwapFile (724):  file open failed. (502_sec.hho)
[02:16:59 AM]	CNtlWorldShadow::LoadSwapFile (141):  file open failed. (503_sec.sdw)
[02:16:59 AM]	CNtlPLObject::LoadSwapFile (3331):  file open failed. (503_sec.objt)
[02:16:59 AM]	CNtlInstanceEffect::LoadSwapFile (801):  file open failed. (503_sec.eff)
[02:16:59 AM]	CNtlPLOccluder_Quad::LoadSwapFile (830):  file open failed. (503_sec.ocq)
[02:17:00 AM]	CNtlPLHeatHazeObject::LoadSwapFile (724):  file open failed. (503_sec.hho)
[02:17:00 AM]	CNtlWorldShadow::LoadSwapFile (141):  file open failed. (534_sec.sdw)
[02:17:00 AM]	CNtlPLObject::LoadSwapFile (3331):  file open failed. (534_sec.objt)
[02:17:00 AM]	CNtlInstanceEffect::LoadSwapFile (801):  file open failed. (534_sec.eff)
[02:17:00 AM]	CNtlPLOccluder_Quad::LoadSwapFile (830):  file open failed. (534_sec.ocq)
[02:17:00 AM]	CNtlPLHeatHazeObject::LoadSwapFile (724):  file open failed. (534_sec.hho)
[02:17:00 AM]	CNtlWorldShadow::LoadSwapFile (141):  file open failed. (535_sec.sdw)
[02:17:00 AM]	CNtlPLObject::LoadSwapFile (3331):  file open failed. (535_sec.objt)
[02:17:00 AM]	CNtlInstanceEffect::LoadSwapFile (801):  file open failed. (535_sec.eff)
[02:17:00 AM]	CNtlPLOccluder_Quad::LoadSwapFile (830):  file open failed. (535_sec.ocq)
[02:17:00 AM]	CNtlPLHeatHazeObject::LoadSwapFile (724):  file open failed. (535_sec.hho)
[02:17:00 AM]	CNtlWorldShadow::LoadSwapFile (141):  file open failed. (566_sec.sdw)
[02:17:00 AM]	CNtlPLObject::LoadSwapFile (3331):  file open failed. (566_sec.objt)
[02:17:00 AM]	CNtlInstanceEffect::LoadSwapFile (801):  file open failed. (566_sec.eff)
[02:17:00 AM]	CNtlPLOccluder_Quad::LoadSwapFile (830):  file open failed. (566_sec.ocq)
[02:17:00 AM]	CNtlPLHeatHazeObject::LoadSwapFile (724):  file open failed. (566_sec.hho)
[02:17:00 AM]	CNtlWorldShadow::LoadSwapFile (141):  file open failed. (567_sec.sdw)
[02:17:00 AM]	CNtlPLObject::LoadSwapFile (3331):  file open failed. (567_sec.objt)
[02:17:00 AM]	CNtlInstanceEffect::LoadSwapFile (801):  file open failed. (567_sec.eff)
[02:17:00 AM]	CNtlPLOccluder_Quad::LoadSwapFile (830):  file open failed. (567_sec.ocq)
[02:17:00 AM]	CNtlPLHeatHazeObject::LoadSwapFile (724):  file open failed. (567_sec.hho)
[02:17:00 AM]	CNtlWorldShadow::LoadSwapFile (141):  file open failed. (598_sec.sdw)
[02:17:00 AM]	CNtlPLObject::LoadSwapFile (3331):  file open failed. (598_sec.objt)
[02:17:00 AM]	CNtlInstanceEffect::LoadSwapFile (801):  file open failed. (598_sec.eff)
[02:17:00 AM]	CNtlPLOccluder_Quad::LoadSwapFile (830):  file open failed. (598_sec.ocq)
[02:17:00 AM]	CNtlPLHeatHazeObject::LoadSwapFile (724):  file open failed. (598_sec.hho)
[02:17:00 AM]	CNtlWorldShadow::LoadSwapFile (141):  file open failed. (599_sec.sdw)
[02:17:00 AM]	CNtlPLObject::LoadSwapFile (3331):  file open failed. (599_sec.objt)
[02:17:00 AM]	CNtlInstanceEffect::LoadSwapFile (801):  file open failed. (599_sec.eff)
[02:17:00 AM]	CNtlPLOccluder_Quad::LoadSwapFile (830):  file open failed. (599_sec.ocq)
[02:17:00 AM]	CNtlPLHeatHazeObject::LoadSwapFile (724):  file open failed. (599_sec.hho)
[02:17:00 AM]	CNtlWorldShadow::LoadSwapFile (141):  file open failed. (630_sec.sdw)
[02:17:00 AM]	CNtlPLObject::LoadSwapFile (3331):  file open failed. (630_sec.objt)
[02:17:00 AM]	CNtlInstanceEffect::LoadSwapFile (801):  file open failed. (630_sec.eff)
[02:17:00 AM]	CNtlPLOccluder_Quad::LoadSwapFile (830):  file open failed. (630_sec.ocq)
[02:17:00 AM]	CNtlPLHeatHazeObject::LoadSwapFile (724):  file open failed. (630_sec.hho)
[02:17:00 AM]	CNtlWorldShadow::LoadSwapFile (141):  file open failed. (631_sec.sdw)
[02:17:00 AM]	CNtlPLObject::LoadSwapFile (3331):  file open failed. (631_sec.objt)
[02:17:00 AM]	CNtlInstanceEffect::LoadSwapFile (801):  file open failed. (631_sec.eff)
[02:17:00 AM]	CNtlPLOccluder_Quad::LoadSwapFile (830):  file open failed. (631_sec.ocq)
[02:17:00 AM]	CNtlPLHeatHazeObject::LoadSwapFile (724):  file open failed. (631_sec.hho)
[02:17:00 AM]	CNtlWorldShadow::LoadSwapFile (141):  file open failed. (662_sec.sdw)
[02:17:00 AM]	CNtlPLObject::LoadSwapFile (3331):  file open failed. (662_sec.objt)
[02:17:00 AM]	CNtlInstanceEffect::LoadSwapFile (801):  file open failed. (662_sec.eff)
[02:17:00 AM]	CNtlPLOccluder_Quad::LoadSwapFile (830):  file open failed. (662_sec.ocq)
[02:17:00 AM]	CNtlPLHeatHazeObject::LoadSwapFile (724):  file open failed. (662_sec.hho)
[02:17:00 AM]	CNtlWorldShadow::LoadSwapFile (141):  file open failed. (663_sec.sdw)
[02:17:00 AM]	CNtlPLObject::LoadSwapFile (3331):  file open failed. (663_sec.objt)
[02:17:00 AM]	CNtlInstanceEffect::LoadSwapFile (801):  file open failed. (663_sec.eff)
[02:17:00 AM]	CNtlPLOccluder_Quad::LoadSwapFile (830):  file open failed. (663_sec.ocq)
[02:17:00 AM]	CNtlPLHeatHazeObject::LoadSwapFile (724):  file open failed. (663_sec.hho)
[02:17:00 AM]	CNtlWorldShadow::LoadSwapFile (141):  file open failed. (694_sec.sdw)
[02:17:00 AM]	CNtlPLObject::LoadSwapFile (3331):  file open failed. (694_sec.objt)
[02:17:00 AM]	CNtlInstanceEffect::LoadSwapFile (801):  file open failed. (694_sec.eff)
[02:17:00 AM]	CNtlPLOccluder_Quad::LoadSwapFile (830):  file open failed. (694_sec.ocq)
[02:17:00 AM]	CNtlPLHeatHazeObject::LoadSwapFile (724):  file open failed. (694_sec.hho)
[02:17:00 AM]	CNtlWorldShadow::LoadSwapFile (141):  file open failed. (695_sec.sdw)
[02:17:00 AM]	CNtlPLObject::LoadSwapFile (3331):  file open failed. (695_sec.objt)
[02:17:00 AM]	CNtlInstanceEffect::LoadSwapFile (801):  file open failed. (695_sec.eff)
[02:17:00 AM]	CNtlPLOccluder_Quad::LoadSwapFile (830):  file open failed. (695_sec.ocq)
[02:17:00 AM]	CNtlPLHeatHazeObject::LoadSwapFile (724):  file open failed. (695_sec.hho)
[02:17:03 AM]	CNtlWorldShadow::LoadSwapFile (141):  file open failed. (726_sec.sdw)
[02:17:03 AM]	CNtlPLObject::LoadSwapFile (3331):  file open failed. (726_sec.objt)
[02:17:03 AM]	CNtlInstanceEffect::LoadSwapFile (801):  file open failed. (726_sec.eff)
[02:17:03 AM]	CNtlPLOccluder_Quad::LoadSwapFile (830):  file open failed. (726_sec.ocq)
[02:17:03 AM]	CNtlPLHeatHazeObject::LoadSwapFile (724):  file open failed. (726_sec.hho)
[02:17:03 AM]	CNtlWorldShadow::LoadSwapFile (141):  file open failed. (727_sec.sdw)
[02:17:03 AM]	CNtlPLObject::LoadSwapFile (3331):  file open failed. (727_sec.objt)
[02:17:03 AM]	CNtlInstanceEffect::LoadSwapFile (801):  file open failed. (727_sec.eff)
[02:17:03 AM]	CNtlPLOccluder_Quad::LoadSwapFile (830):  file open failed. (727_sec.ocq)
[02:17:03 AM]	CNtlPLHeatHazeObject::LoadSwapFile (724):  file open failed. (727_sec.hho)
[02:17:03 AM]	CNtlWorldShadow::LoadSwapFile (141):  file open failed. (758_sec.sdw)
[02:17:03 AM]	CNtlPLObject::LoadSwapFile (3331):  file open failed. (758_sec.objt)
[02:17:03 AM]	CNtlInstanceEffect::LoadSwapFile (801):  file open failed. (758_sec.eff)
[02:17:03 AM]	CNtlPLOccluder_Quad::LoadSwapFile (830):  file open failed. (758_sec.ocq)
[02:17:03 AM]	CNtlPLHeatHazeObject::LoadSwapFile (724):  file open failed. (758_sec.hho)
[02:17:03 AM]	CNtlWorldShadow::LoadSwapFile (141):  file open failed. (759_sec.sdw)
[02:17:03 AM]	CNtlPLObject::LoadSwapFile (3331):  file open failed. (759_sec.objt)
[02:17:03 AM]	CNtlInstanceEffect::LoadSwapFile (801):  file open failed. (759_sec.eff)
[02:17:03 AM]	CNtlPLOccluder_Quad::LoadSwapFile (830):  file open failed. (759_sec.ocq)
[02:17:03 AM]	CNtlPLHeatHazeObject::LoadSwapFile (724):  file open failed. (759_sec.hho)
[02:17:08 AM]	CNtlWorldShadow::LoadSwapFile (141):  file open failed. (408_sec.sdw)
[02:17:08 AM]	CNtlPLObject::LoadSwapFile (3331):  file open failed. (408_sec.objt)
[02:17:08 AM]	CNtlInstanceEffect::LoadSwapFile (801):  file open failed. (408_sec.eff)
[02:17:08 AM]	CNtlPLOccluder_Quad::LoadSwapFile (830):  file open failed. (408_sec.ocq)
[02:17:08 AM]	CNtlPLHeatHazeObject::LoadSwapFile (724):  file open failed. (408_sec.hho)
[02:17:08 AM]	CNtlWorldShadow::LoadSwapFile (141):  file open failed. (409_sec.sdw)
[02:17:08 AM]	CNtlPLObject::LoadSwapFile (3331):  file open failed. (409_sec.objt)
[02:17:08 AM]	CNtlInstanceEffect::LoadSwapFile (801):  file open failed. (409_sec.eff)
[02:17:08 AM]	CNtlPLOccluder_Quad::LoadSwapFile (830):  file open failed. (409_sec.ocq)
[02:17:08 AM]	CNtlPLHeatHazeObject::LoadSwapFile (724):  file open failed. (409_sec.hho)
[02:17:08 AM]	CNtlWorldShadow::LoadSwapFile (141):  file open failed. (440_sec.sdw)
[02:17:08 AM]	CNtlPLObject::LoadSwapFile (3331):  file open failed. (440_sec.objt)
[02:17:08 AM]	CNtlInstanceEffect::LoadSwapFile (801):  file open failed. (440_sec.eff)
[02:17:08 AM]	CNtlPLOccluder_Quad::LoadSwapFile (830):  file open failed. (440_sec.ocq)
[02:17:08 AM]	CNtlPLHeatHazeObject::LoadSwapFile (724):  file open failed. (440_sec.hho)
[02:17:08 AM]	CNtlWorldShadow::LoadSwapFile (141):  file open failed. (441_sec.sdw)
[02:17:08 AM]	CNtlPLObject::LoadSwapFile (3331):  file open failed. (441_sec.objt)
[02:17:08 AM]	CNtlInstanceEffect::LoadSwapFile (801):  file open failed. (441_sec.eff)
[02:17:08 AM]	CNtlPLOccluder_Quad::LoadSwapFile (830):  file open failed. (441_sec.ocq)
[02:17:08 AM]	CNtlPLHeatHazeObject::LoadSwapFile (724):  file open failed. (441_sec.hho)
[02:17:08 AM]	CNtlWorldShadow::LoadSwapFile (141):  file open failed. (472_sec.sdw)
[02:17:08 AM]	CNtlPLObject::LoadSwapFile (3331):  file open failed. (472_sec.objt)
[02:17:08 AM]	CNtlInstanceEffect::LoadSwapFile (801):  file open failed. (472_sec.eff)
[02:17:08 AM]	CNtlPLOccluder_Quad::LoadSwapFile (830):  file open failed. (472_sec.ocq)
[02:17:08 AM]	CNtlPLHeatHazeObject::LoadSwapFile (724):  file open failed. (472_sec.hho)
[02:17:08 AM]	CNtlWorldShadow::LoadSwapFile (141):  file open failed. (473_sec.sdw)
[02:17:08 AM]	CNtlPLObject::LoadSwapFile (3331):  file open failed. (473_sec.objt)
[02:17:08 AM]	CNtlInstanceEffect::LoadSwapFile (801):  file open failed. (473_sec.eff)
[02:17:08 AM]	CNtlPLOccluder_Quad::LoadSwapFile (830):  file open failed. (473_sec.ocq)
[02:17:08 AM]	CNtlPLHeatHazeObject::LoadSwapFile (724):  file open failed. (473_sec.hho)
[02:17:08 AM]	CNtlWorldShadow::LoadSwapFile (141):  file open failed. (504_sec.sdw)
[02:17:08 AM]	CNtlPLObject::LoadSwapFile (3331):  file open failed. (504_sec.objt)
[02:17:08 AM]	CNtlInstanceEffect::LoadSwapFile (801):  file open failed. (504_sec.eff)
[02:17:08 AM]	CNtlPLOccluder_Quad::LoadSwapFile (830):  file open failed. (504_sec.ocq)
[02:17:08 AM]	CNtlPLHeatHazeObject::LoadSwapFile (724):  file open failed. (504_sec.hho)
[02:17:08 AM]	CNtlWorldShadow::LoadSwapFile (141):  file open failed. (505_sec.sdw)
[02:17:08 AM]	CNtlPLObject::LoadSwapFile (3331):  file open failed. (505_sec.objt)
[02:17:08 AM]	CNtlInstanceEffect::LoadSwapFile (801):  file open failed. (505_sec.eff)
[02:17:08 AM]	CNtlPLOccluder_Quad::LoadSwapFile (830):  file open failed. (505_sec.ocq)
[02:17:08 AM]	CNtlPLHeatHazeObject::LoadSwapFile (724):  file open failed. (505_sec.hho)
[02:17:08 AM]	CNtlWorldShadow::LoadSwapFile (141):  file open failed. (536_sec.sdw)
[02:17:08 AM]	CNtlPLObject::LoadSwapFile (3331):  file open failed. (536_sec.objt)
[02:17:08 AM]	CNtlInstanceEffect::LoadSwapFile (801):  file open failed. (536_sec.eff)
[02:17:08 AM]	CNtlPLOccluder_Quad::LoadSwapFile (830):  file open failed. (536_sec.ocq)
[02:17:08 AM]	CNtlPLHeatHazeObject::LoadSwapFile (724):  file open failed. (536_sec.hho)
[02:17:08 AM]	CNtlWorldShadow::LoadSwapFile (141):  file open failed. (537_sec.sdw)
[02:17:08 AM]	CNtlPLObject::LoadSwapFile (3331):  file open failed. (537_sec.objt)
[02:17:08 AM]	CNtlInstanceEffect::LoadSwapFile (801):  file open failed. (537_sec.eff)
[02:17:08 AM]	CNtlPLOccluder_Quad::LoadSwapFile (830):  file open failed. (537_sec.ocq)
[02:17:08 AM]	CNtlPLHeatHazeObject::LoadSwapFile (724):  file open failed. (537_sec.hho)
[02:17:08 AM]	CNtlWorldShadow::LoadSwapFile (141):  file open failed. (568_sec.sdw)
[02:17:08 AM]	CNtlPLObject::LoadSwapFile (3331):  file open failed. (568_sec.objt)
[02:17:08 AM]	CNtlInstanceEffect::LoadSwapFile (801):  file open failed. (568_sec.eff)
[02:17:08 AM]	CNtlPLOccluder_Quad::LoadSwapFile (830):  file open failed. (568_sec.ocq)
[02:17:08 AM]	CNtlPLHeatHazeObject::LoadSwapFile (724):  file open failed. (568_sec.hho)
[02:17:08 AM]	CNtlWorldShadow::LoadSwapFile (141):  file open failed. (569_sec.sdw)
[02:17:08 AM]	CNtlPLObject::LoadSwapFile (3331):  file open failed. (569_sec.objt)
[02:17:08 AM]	CNtlInstanceEffect::LoadSwapFile (801):  file open failed. (569_sec.eff)
[02:17:08 AM]	CNtlPLOccluder_Quad::LoadSwapFile (830):  file open failed. (569_sec.ocq)
[02:17:08 AM]	CNtlPLHeatHazeObject::LoadSwapFile (724):  file open failed. (569_sec.hho)
[02:17:08 AM]	CNtlWorldShadow::LoadSwapFile (141):  file open failed. (600_sec.sdw)
[02:17:08 AM]	CNtlPLObject::LoadSwapFile (3331):  file open failed. (600_sec.objt)
[02:17:08 AM]	CNtlInstanceEffect::LoadSwapFile (801):  file open failed. (600_sec.eff)
[02:17:08 AM]	CNtlPLOccluder_Quad::LoadSwapFile (830):  file open failed. (600_sec.ocq)
[02:17:08 AM]	CNtlPLHeatHazeObject::LoadSwapFile (724):  file open failed. (600_sec.hho)
[02:17:08 AM]	CNtlWorldShadow::LoadSwapFile (141):  file open failed. (601_sec.sdw)
[02:17:08 AM]	CNtlPLObject::LoadSwapFile (3331):  file open failed. (601_sec.objt)
[02:17:08 AM]	CNtlInstanceEffect::LoadSwapFile (801):  file open failed. (601_sec.eff)
[02:17:08 AM]	CNtlPLOccluder_Quad::LoadSwapFile (830):  file open failed. (601_sec.ocq)
[02:17:08 AM]	CNtlPLHeatHazeObject::LoadSwapFile (724):  file open failed. (601_sec.hho)
[02:17:08 AM]	CNtlWorldShadow::LoadSwapFile (141):  file open failed. (632_sec.sdw)
[02:17:08 AM]	CNtlPLObject::LoadSwapFile (3331):  file open failed. (632_sec.objt)
[02:17:08 AM]	CNtlInstanceEffect::LoadSwapFile (801):  file open failed. (632_sec.eff)
[02:17:08 AM]	CNtlPLOccluder_Quad::LoadSwapFile (830):  file open failed. (632_sec.ocq)
[02:17:08 AM]	CNtlPLHeatHazeObject::LoadSwapFile (724):  file open failed. (632_sec.hho)
[02:17:08 AM]	CNtlWorldShadow::LoadSwapFile (141):  file open failed. (633_sec.sdw)
[02:17:08 AM]	CNtlPLObject::LoadSwapFile (3331):  file open failed. (633_sec.objt)
[02:17:08 AM]	CNtlInstanceEffect::LoadSwapFile (801):  file open failed. (633_sec.eff)
[02:17:08 AM]	CNtlPLOccluder_Quad::LoadSwapFile (830):  file open failed. (633_sec.ocq)
[02:17:08 AM]	CNtlPLHeatHazeObject::LoadSwapFile (724):  file open failed. (633_sec.hho)
[02:17:08 AM]	CNtlWorldShadow::LoadSwapFile (141):  file open failed. (664_sec.sdw)
[02:17:08 AM]	CNtlPLObject::LoadSwapFile (3331):  file open failed. (664_sec.objt)
[02:17:08 AM]	CNtlInstanceEffect::LoadSwapFile (801):  file open failed. (664_sec.eff)
[02:17:08 AM]	CNtlPLOccluder_Quad::LoadSwapFile (830):  file open failed. (664_sec.ocq)
[02:17:08 AM]	CNtlPLHeatHazeObject::LoadSwapFile (724):  file open failed. (664_sec.hho)
[02:17:08 AM]	CNtlWorldShadow::LoadSwapFile (141):  file open failed. (665_sec.sdw)
[02:17:08 AM]	CNtlPLObject::LoadSwapFile (3331):  file open failed. (665_sec.objt)
[02:17:08 AM]	CNtlInstanceEffect::LoadSwapFile (801):  file open failed. (665_sec.eff)
[02:17:08 AM]	CNtlPLOccluder_Quad::LoadSwapFile (830):  file open failed. (665_sec.ocq)
[02:17:08 AM]	CNtlPLHeatHazeObject::LoadSwapFile (724):  file open failed. (665_sec.hho)
[02:17:08 AM]	CNtlWorldShadow::LoadSwapFile (141):  file open failed. (696_sec.sdw)
[02:17:08 AM]	CNtlPLObject::LoadSwapFile (3331):  file open failed. (696_sec.objt)
[02:17:08 AM]	CNtlInstanceEffect::LoadSwapFile (801):  file open failed. (696_sec.eff)
[02:17:08 AM]	CNtlPLOccluder_Quad::LoadSwapFile (830):  file open failed. (696_sec.ocq)
[02:17:08 AM]	CNtlPLHeatHazeObject::LoadSwapFile (724):  file open failed. (696_sec.hho)
[02:17:08 AM]	CNtlWorldShadow::LoadSwapFile (141):  file open failed. (697_sec.sdw)
[02:17:08 AM]	CNtlPLObject::LoadSwapFile (3331):  file open failed. (697_sec.objt)
[02:17:08 AM]	CNtlInstanceEffect::LoadSwapFile (801):  file open failed. (697_sec.eff)
[02:17:08 AM]	CNtlPLOccluder_Quad::LoadSwapFile (830):  file open failed. (697_sec.ocq)
[02:17:08 AM]	CNtlPLHeatHazeObject::LoadSwapFile (724):  file open failed. (697_sec.hho)
[02:17:09 AM]	CNtlWorldShadow::LoadSwapFile (141):  file open failed. (728_sec.sdw)
[02:17:09 AM]	CNtlPLObject::LoadSwapFile (3331):  file open failed. (728_sec.objt)
[02:17:09 AM]	CNtlInstanceEffect::LoadSwapFile (801):  file open failed. (728_sec.eff)
[02:17:09 AM]	CNtlPLOccluder_Quad::LoadSwapFile (830):  file open failed. (728_sec.ocq)
[02:17:09 AM]	CNtlPLHeatHazeObject::LoadSwapFile (724):  file open failed. (728_sec.hho)
[02:17:09 AM]	CNtlWorldShadow::LoadSwapFile (141):  file open failed. (729_sec.sdw)
[02:17:09 AM]	CNtlPLObject::LoadSwapFile (3331):  file open failed. (729_sec.objt)
[02:17:09 AM]	CNtlInstanceEffect::LoadSwapFile (801):  file open failed. (729_sec.eff)
[02:17:09 AM]	CNtlPLOccluder_Quad::LoadSwapFile (830):  file open failed. (729_sec.ocq)
[02:17:09 AM]	CNtlPLHeatHazeObject::LoadSwapFile (724):  file open failed. (729_sec.hho)
[02:17:09 AM]	CNtlWorldShadow::LoadSwapFile (141):  file open failed. (760_sec.sdw)
[02:17:09 AM]	CNtlPLObject::LoadSwapFile (3331):  file open failed. (760_sec.objt)
[02:17:09 AM]	CNtlInstanceEffect::LoadSwapFile (801):  file open failed. (760_sec.eff)
[02:17:09 AM]	CNtlPLOccluder_Quad::LoadSwapFile (830):  file open failed. (760_sec.ocq)
[02:17:09 AM]	CNtlPLHeatHazeObject::LoadSwapFile (724):  file open failed. (760_sec.hho)
[02:17:09 AM]	CNtlWorldShadow::LoadSwapFile (141):  file open failed. (761_sec.sdw)
[02:17:09 AM]	CNtlPLObject::LoadSwapFile (3331):  file open failed. (761_sec.objt)
[02:17:09 AM]	CNtlInstanceEffect::LoadSwapFile (801):  file open failed. (761_sec.eff)
[02:17:09 AM]	CNtlPLOccluder_Quad::LoadSwapFile (830):  file open failed. (761_sec.ocq)
[02:17:09 AM]	CNtlPLHeatHazeObject::LoadSwapFile (724):  file open failed. (761_sec.hho)
