[15:11:42 PM]	=============== Start Trace ===============

[15:11:42 PM]	 === < SABER > Trace Start === 
[15:13:07 PM]	CNtlPLVisualManager::GetHeightFieldWorldHeight (1170):  GetWorldHeight : Failed : IN(0,0,0), OUT_HEIGHT(-999)
[15:14:30 PM]	CNtlWorldShadow::LoadSwapFile (141):  file open failed. (8290_sec.sdw)
[15:14:31 PM]	CNtlPLObject::LoadSwapFile (3331):  file open failed. (8290_sec.objt)
[15:14:31 PM]	CNtlInstanceEffect::LoadSwapFile (801):  file open failed. (8290_sec.eff)
[15:14:31 PM]	CNtlPLOccluder_Quad::LoadSwapFile (830):  file open failed. (8290_sec.ocq)
[15:14:31 PM]	CNtlPLHeatHazeObject::LoadSwapFile (724):  file open failed. (8290_sec.hho)
[15:14:31 PM]	CNtlWorldShadow::LoadSwapFile (141):  file open failed. (8291_sec.sdw)
[15:14:32 PM]	CNtlPLObject::LoadSwapFile (3331):  file open failed. (8291_sec.objt)
[15:14:32 PM]	CNtlInstanceEffect::LoadSwapFile (801):  file open failed. (8291_sec.eff)
[15:14:32 PM]	CNtlPLOccluder_Quad::LoadSwapFile (830):  file open failed. (8291_sec.ocq)
[15:14:32 PM]	CNtlPLHeatHazeObject::LoadSwapFile (724):  file open failed. (8291_sec.hho)
[15:14:32 PM]	CNtlWorldShadow::LoadSwapFile (141):  file open failed. (8418_sec.sdw)
[15:14:32 PM]	CNtlPLObject::LoadSwapFile (3331):  file open failed. (8418_sec.objt)
[15:14:32 PM]	CNtlInstanceEffect::LoadSwapFile (801):  file open failed. (8418_sec.eff)
[15:14:32 PM]	CNtlPLOccluder_Quad::LoadSwapFile (830):  file open failed. (8418_sec.ocq)
[15:14:32 PM]	CNtlPLHeatHazeObject::LoadSwapFile (724):  file open failed. (8418_sec.hho)
[15:14:32 PM]	CNtlWorldShadow::LoadSwapFile (141):  file open failed. (8419_sec.sdw)
[15:14:32 PM]	CNtlPLObject::LoadSwapFile (3331):  file open failed. (8419_sec.objt)
[15:14:32 PM]	CNtlInstanceEffect::LoadSwapFile (801):  file open failed. (8419_sec.eff)
[15:14:32 PM]	CNtlPLOccluder_Quad::LoadSwapFile (830):  file open failed. (8419_sec.ocq)
[15:14:32 PM]	CNtlPLHeatHazeObject::LoadSwapFile (724):  file open failed. (8419_sec.hho)
[15:14:32 PM]	CNtlWorldShadow::LoadSwapFile (141):  file open failed. (8292_sec.sdw)
[15:14:32 PM]	CNtlPLObject::LoadSwapFile (3331):  file open failed. (8292_sec.objt)
[15:14:32 PM]	CNtlInstanceEffect::LoadSwapFile (801):  file open failed. (8292_sec.eff)
[15:14:32 PM]	CNtlPLOccluder_Quad::LoadSwapFile (830):  file open failed. (8292_sec.ocq)
[15:14:32 PM]	CNtlPLHeatHazeObject::LoadSwapFile (724):  file open failed. (8292_sec.hho)
[15:14:32 PM]	CNtlWorldShadow::LoadSwapFile (141):  file open failed. (8293_sec.sdw)
[15:14:32 PM]	CNtlPLObject::LoadSwapFile (3331):  file open failed. (8293_sec.objt)
[15:14:32 PM]	CNtlInstanceEffect::LoadSwapFile (801):  file open failed. (8293_sec.eff)
[15:14:32 PM]	CNtlPLOccluder_Quad::LoadSwapFile (830):  file open failed. (8293_sec.ocq)
[15:14:32 PM]	CNtlPLHeatHazeObject::LoadSwapFile (724):  file open failed. (8293_sec.hho)
[15:14:32 PM]	CNtlWorldShadow::LoadSwapFile (141):  file open failed. (8420_sec.sdw)
[15:14:32 PM]	CNtlPLObject::LoadSwapFile (3331):  file open failed. (8420_sec.objt)
[15:14:32 PM]	CNtlInstanceEffect::LoadSwapFile (801):  file open failed. (8420_sec.eff)
[15:14:32 PM]	CNtlPLOccluder_Quad::LoadSwapFile (830):  file open failed. (8420_sec.ocq)
[15:14:32 PM]	CNtlPLHeatHazeObject::LoadSwapFile (724):  file open failed. (8420_sec.hho)
[15:14:32 PM]	CNtlWorldShadow::LoadSwapFile (141):  file open failed. (8421_sec.sdw)
[15:14:32 PM]	CNtlPLObject::LoadSwapFile (3331):  file open failed. (8421_sec.objt)
[15:14:32 PM]	CNtlInstanceEffect::LoadSwapFile (801):  file open failed. (8421_sec.eff)
[15:14:32 PM]	CNtlPLOccluder_Quad::LoadSwapFile (830):  file open failed. (8421_sec.ocq)
[15:14:32 PM]	CNtlPLHeatHazeObject::LoadSwapFile (724):  file open failed. (8421_sec.hho)
[15:14:36 PM]	CNtlWorldShadow::LoadSwapFile (141):  file open failed. (8546_sec.sdw)
[15:14:36 PM]	CNtlPLObject::LoadSwapFile (3331):  file open failed. (8546_sec.objt)
[15:14:36 PM]	CNtlInstanceEffect::LoadSwapFile (801):  file open failed. (8546_sec.eff)
[15:14:36 PM]	CNtlPLOccluder_Quad::LoadSwapFile (830):  file open failed. (8546_sec.ocq)
[15:14:36 PM]	CNtlPLHeatHazeObject::LoadSwapFile (724):  file open failed. (8546_sec.hho)
[15:14:36 PM]	CNtlWorldShadow::LoadSwapFile (141):  file open failed. (8547_sec.sdw)
[15:14:36 PM]	CNtlPLObject::LoadSwapFile (3331):  file open failed. (8547_sec.objt)
[15:14:36 PM]	CNtlInstanceEffect::LoadSwapFile (801):  file open failed. (8547_sec.eff)
[15:14:36 PM]	CNtlPLOccluder_Quad::LoadSwapFile (830):  file open failed. (8547_sec.ocq)
[15:14:36 PM]	CNtlPLHeatHazeObject::LoadSwapFile (724):  file open failed. (8547_sec.hho)
[15:14:36 PM]	CNtlWorldShadow::LoadSwapFile (141):  file open failed. (8674_sec.sdw)
[15:14:36 PM]	CNtlPLObject::LoadSwapFile (3331):  file open failed. (8674_sec.objt)
[15:14:36 PM]	CNtlInstanceEffect::LoadSwapFile (801):  file open failed. (8674_sec.eff)
[15:14:36 PM]	CNtlPLOccluder_Quad::LoadSwapFile (830):  file open failed. (8674_sec.ocq)
[15:14:36 PM]	CNtlPLHeatHazeObject::LoadSwapFile (724):  file open failed. (8674_sec.hho)
[15:14:36 PM]	CNtlWorldShadow::LoadSwapFile (141):  file open failed. (8675_sec.sdw)
[15:14:36 PM]	CNtlPLObject::LoadSwapFile (3331):  file open failed. (8675_sec.objt)
[15:14:36 PM]	CNtlInstanceEffect::LoadSwapFile (801):  file open failed. (8675_sec.eff)
[15:14:36 PM]	CNtlPLOccluder_Quad::LoadSwapFile (830):  file open failed. (8675_sec.ocq)
[15:14:36 PM]	CNtlPLHeatHazeObject::LoadSwapFile (724):  file open failed. (8675_sec.hho)
[15:14:36 PM]	CNtlWorldShadow::LoadSwapFile (141):  file open failed. (8548_sec.sdw)
[15:14:36 PM]	CNtlPLObject::LoadSwapFile (3331):  file open failed. (8548_sec.objt)
[15:14:37 PM]	CNtlInstanceEffect::LoadSwapFile (801):  file open failed. (8548_sec.eff)
[15:14:37 PM]	CNtlPLOccluder_Quad::LoadSwapFile (830):  file open failed. (8548_sec.ocq)
[15:14:37 PM]	CNtlPLHeatHazeObject::LoadSwapFile (724):  file open failed. (8548_sec.hho)
[15:14:37 PM]	CNtlWorldShadow::LoadSwapFile (141):  file open failed. (8549_sec.sdw)
[15:14:37 PM]	CNtlPLObject::LoadSwapFile (3331):  file open failed. (8549_sec.objt)
[15:14:37 PM]	CNtlInstanceEffect::LoadSwapFile (801):  file open failed. (8549_sec.eff)
[15:14:37 PM]	CNtlPLOccluder_Quad::LoadSwapFile (830):  file open failed. (8549_sec.ocq)
[15:14:37 PM]	CNtlPLHeatHazeObject::LoadSwapFile (724):  file open failed. (8549_sec.hho)
[15:14:37 PM]	CNtlWorldShadow::LoadSwapFile (141):  file open failed. (8676_sec.sdw)
[15:14:37 PM]	CNtlPLObject::LoadSwapFile (3331):  file open failed. (8676_sec.objt)
[15:14:37 PM]	CNtlInstanceEffect::LoadSwapFile (801):  file open failed. (8676_sec.eff)
[15:14:37 PM]	CNtlPLOccluder_Quad::LoadSwapFile (830):  file open failed. (8676_sec.ocq)
[15:14:37 PM]	CNtlPLHeatHazeObject::LoadSwapFile (724):  file open failed. (8676_sec.hho)
[15:14:37 PM]	CNtlWorldShadow::LoadSwapFile (141):  file open failed. (8677_sec.sdw)
[15:14:37 PM]	CNtlPLObject::LoadSwapFile (3331):  file open failed. (8677_sec.objt)
[15:14:37 PM]	CNtlInstanceEffect::LoadSwapFile (801):  file open failed. (8677_sec.eff)
[15:14:37 PM]	CNtlPLOccluder_Quad::LoadSwapFile (830):  file open failed. (8677_sec.ocq)
[15:14:37 PM]	CNtlPLHeatHazeObject::LoadSwapFile (724):  file open failed. (8677_sec.hho)
[15:14:43 PM]	CNtlWorldShadow::LoadSwapFile (141):  file open failed. (8802_sec.sdw)
[15:14:43 PM]	CNtlPLObject::LoadSwapFile (3331):  file open failed. (8802_sec.objt)
[15:14:43 PM]	CNtlInstanceEffect::LoadSwapFile (801):  file open failed. (8802_sec.eff)
[15:14:43 PM]	CNtlPLOccluder_Quad::LoadSwapFile (830):  file open failed. (8802_sec.ocq)
[15:14:43 PM]	CNtlPLHeatHazeObject::LoadSwapFile (724):  file open failed. (8802_sec.hho)
[15:14:43 PM]	CNtlWorldShadow::LoadSwapFile (141):  file open failed. (8803_sec.sdw)
[15:14:43 PM]	CNtlPLObject::LoadSwapFile (3331):  file open failed. (8803_sec.objt)
[15:14:43 PM]	CNtlInstanceEffect::LoadSwapFile (801):  file open failed. (8803_sec.eff)
[15:14:43 PM]	CNtlPLOccluder_Quad::LoadSwapFile (830):  file open failed. (8803_sec.ocq)
[15:14:43 PM]	CNtlPLHeatHazeObject::LoadSwapFile (724):  file open failed. (8803_sec.hho)
[15:14:43 PM]	CNtlWorldShadow::LoadSwapFile (141):  file open failed. (8930_sec.sdw)
[15:14:43 PM]	CNtlPLObject::LoadSwapFile (3331):  file open failed. (8930_sec.objt)
[15:14:43 PM]	CNtlInstanceEffect::LoadSwapFile (801):  file open failed. (8930_sec.eff)
[15:14:43 PM]	CNtlPLOccluder_Quad::LoadSwapFile (830):  file open failed. (8930_sec.ocq)
[15:14:43 PM]	CNtlPLHeatHazeObject::LoadSwapFile (724):  file open failed. (8930_sec.hho)
[15:14:43 PM]	CNtlWorldShadow::LoadSwapFile (141):  file open failed. (8931_sec.sdw)
[15:14:43 PM]	CNtlPLObject::LoadSwapFile (3331):  file open failed. (8931_sec.objt)
[15:14:43 PM]	CNtlInstanceEffect::LoadSwapFile (801):  file open failed. (8931_sec.eff)
[15:14:43 PM]	CNtlPLOccluder_Quad::LoadSwapFile (830):  file open failed. (8931_sec.ocq)
[15:14:43 PM]	CNtlPLHeatHazeObject::LoadSwapFile (724):  file open failed. (8931_sec.hho)
[15:14:43 PM]	CNtlWorldShadow::LoadSwapFile (141):  file open failed. (8804_sec.sdw)
[15:14:43 PM]	CNtlPLObject::LoadSwapFile (3331):  file open failed. (8804_sec.objt)
[15:14:43 PM]	CNtlInstanceEffect::LoadSwapFile (801):  file open failed. (8804_sec.eff)
[15:14:43 PM]	CNtlPLOccluder_Quad::LoadSwapFile (830):  file open failed. (8804_sec.ocq)
[15:14:43 PM]	CNtlPLHeatHazeObject::LoadSwapFile (724):  file open failed. (8804_sec.hho)
[15:14:43 PM]	CNtlWorldShadow::LoadSwapFile (141):  file open failed. (8805_sec.sdw)
[15:14:43 PM]	CNtlPLObject::LoadSwapFile (3331):  file open failed. (8805_sec.objt)
[15:14:43 PM]	CNtlInstanceEffect::LoadSwapFile (801):  file open failed. (8805_sec.eff)
[15:14:43 PM]	CNtlPLOccluder_Quad::LoadSwapFile (830):  file open failed. (8805_sec.ocq)
[15:14:43 PM]	CNtlPLHeatHazeObject::LoadSwapFile (724):  file open failed. (8805_sec.hho)
[15:14:43 PM]	CNtlWorldShadow::LoadSwapFile (141):  file open failed. (8932_sec.sdw)
[15:14:43 PM]	CNtlPLObject::LoadSwapFile (3331):  file open failed. (8932_sec.objt)
[15:14:43 PM]	CNtlInstanceEffect::LoadSwapFile (801):  file open failed. (8932_sec.eff)
[15:14:43 PM]	CNtlPLOccluder_Quad::LoadSwapFile (830):  file open failed. (8932_sec.ocq)
[15:14:43 PM]	CNtlPLHeatHazeObject::LoadSwapFile (724):  file open failed. (8932_sec.hho)
[15:14:44 PM]	CNtlWorldShadow::LoadSwapFile (141):  file open failed. (8933_sec.sdw)
[15:14:44 PM]	CNtlPLObject::LoadSwapFile (3331):  file open failed. (8933_sec.objt)
[15:14:44 PM]	CNtlInstanceEffect::LoadSwapFile (801):  file open failed. (8933_sec.eff)
[15:14:44 PM]	CNtlPLOccluder_Quad::LoadSwapFile (830):  file open failed. (8933_sec.ocq)
[15:14:44 PM]	CNtlPLHeatHazeObject::LoadSwapFile (724):  file open failed. (8933_sec.hho)
[15:14:48 PM]	CNtlWorldShadow::LoadSwapFile (141):  file open failed. (9058_sec.sdw)
[15:14:48 PM]	CNtlPLObject::LoadSwapFile (3331):  file open failed. (9058_sec.objt)
[15:14:48 PM]	CNtlInstanceEffect::LoadSwapFile (801):  file open failed. (9058_sec.eff)
[15:14:48 PM]	CNtlPLOccluder_Quad::LoadSwapFile (830):  file open failed. (9058_sec.ocq)
[15:14:48 PM]	CNtlPLHeatHazeObject::LoadSwapFile (724):  file open failed. (9058_sec.hho)
[15:14:48 PM]	CNtlWorldShadow::LoadSwapFile (141):  file open failed. (9059_sec.sdw)
[15:14:48 PM]	CNtlPLObject::LoadSwapFile (3331):  file open failed. (9059_sec.objt)
[15:14:48 PM]	CNtlInstanceEffect::LoadSwapFile (801):  file open failed. (9059_sec.eff)
[15:14:48 PM]	CNtlPLOccluder_Quad::LoadSwapFile (830):  file open failed. (9059_sec.ocq)
[15:14:48 PM]	CNtlPLHeatHazeObject::LoadSwapFile (724):  file open failed. (9059_sec.hho)
[15:14:48 PM]	CNtlWorldShadow::LoadSwapFile (141):  file open failed. (9186_sec.sdw)
[15:14:48 PM]	CNtlPLObject::LoadSwapFile (3331):  file open failed. (9186_sec.objt)
[15:14:48 PM]	CNtlInstanceEffect::LoadSwapFile (801):  file open failed. (9186_sec.eff)
[15:14:48 PM]	CNtlPLOccluder_Quad::LoadSwapFile (830):  file open failed. (9186_sec.ocq)
[15:14:48 PM]	CNtlPLHeatHazeObject::LoadSwapFile (724):  file open failed. (9186_sec.hho)
[15:14:48 PM]	CNtlWorldShadow::LoadSwapFile (141):  file open failed. (9187_sec.sdw)
[15:14:48 PM]	CNtlPLObject::LoadSwapFile (3331):  file open failed. (9187_sec.objt)
[15:14:48 PM]	CNtlInstanceEffect::LoadSwapFile (801):  file open failed. (9187_sec.eff)
[15:14:48 PM]	CNtlPLOccluder_Quad::LoadSwapFile (830):  file open failed. (9187_sec.ocq)
[15:14:48 PM]	CNtlPLHeatHazeObject::LoadSwapFile (724):  file open failed. (9187_sec.hho)
[15:14:48 PM]	CNtlWorldShadow::LoadSwapFile (141):  file open failed. (9060_sec.sdw)
[15:14:48 PM]	CNtlPLObject::LoadSwapFile (3331):  file open failed. (9060_sec.objt)
[15:14:48 PM]	CNtlInstanceEffect::LoadSwapFile (801):  file open failed. (9060_sec.eff)
[15:14:48 PM]	CNtlPLOccluder_Quad::LoadSwapFile (830):  file open failed. (9060_sec.ocq)
[15:14:48 PM]	CNtlPLHeatHazeObject::LoadSwapFile (724):  file open failed. (9060_sec.hho)
[15:14:48 PM]	CNtlWorldShadow::LoadSwapFile (141):  file open failed. (9061_sec.sdw)
[15:14:48 PM]	CNtlPLObject::LoadSwapFile (3331):  file open failed. (9061_sec.objt)
[15:14:48 PM]	CNtlInstanceEffect::LoadSwapFile (801):  file open failed. (9061_sec.eff)
[15:14:48 PM]	CNtlPLOccluder_Quad::LoadSwapFile (830):  file open failed. (9061_sec.ocq)
[15:14:48 PM]	CNtlPLHeatHazeObject::LoadSwapFile (724):  file open failed. (9061_sec.hho)
[15:14:48 PM]	CNtlWorldShadow::LoadSwapFile (141):  file open failed. (9188_sec.sdw)
[15:14:49 PM]	CNtlPLObject::LoadSwapFile (3331):  file open failed. (9188_sec.objt)
[15:14:49 PM]	CNtlInstanceEffect::LoadSwapFile (801):  file open failed. (9188_sec.eff)
[15:14:49 PM]	CNtlPLOccluder_Quad::LoadSwapFile (830):  file open failed. (9188_sec.ocq)
[15:14:49 PM]	CNtlPLHeatHazeObject::LoadSwapFile (724):  file open failed. (9188_sec.hho)
[15:14:49 PM]	CNtlWorldShadow::LoadSwapFile (141):  file open failed. (9189_sec.sdw)
[15:14:49 PM]	CNtlPLObject::LoadSwapFile (3331):  file open failed. (9189_sec.objt)
[15:14:49 PM]	CNtlInstanceEffect::LoadSwapFile (801):  file open failed. (9189_sec.eff)
[15:14:49 PM]	CNtlPLOccluder_Quad::LoadSwapFile (830):  file open failed. (9189_sec.ocq)
[15:14:49 PM]	CNtlPLHeatHazeObject::LoadSwapFile (724):  file open failed. (9189_sec.hho)
[15:14:52 PM]	CNtlPLResourceManager::LoadClump (550):  CNtlPLResourceManager::LoadClump the clump find not(Effect\Max_Dragonball_01.dff)
[15:14:53 PM]	CNtlWorldShadow::LoadSwapFile (141):  file open failed. (9314_sec.sdw)
[15:14:53 PM]	CNtlPLObject::LoadSwapFile (3331):  file open failed. (9314_sec.objt)
[15:14:53 PM]	CNtlInstanceEffect::LoadSwapFile (801):  file open failed. (9314_sec.eff)
[15:14:53 PM]	CNtlPLOccluder_Quad::LoadSwapFile (830):  file open failed. (9314_sec.ocq)
[15:14:53 PM]	CNtlPLHeatHazeObject::LoadSwapFile (724):  file open failed. (9314_sec.hho)
[15:14:53 PM]	CNtlWorldShadow::LoadSwapFile (141):  file open failed. (9315_sec.sdw)
[15:14:53 PM]	CNtlPLObject::LoadSwapFile (3331):  file open failed. (9315_sec.objt)
[15:14:53 PM]	CNtlInstanceEffect::LoadSwapFile (801):  file open failed. (9315_sec.eff)
[15:14:53 PM]	CNtlPLOccluder_Quad::LoadSwapFile (830):  file open failed. (9315_sec.ocq)
[15:14:53 PM]	CNtlPLHeatHazeObject::LoadSwapFile (724):  file open failed. (9315_sec.hho)
[15:14:53 PM]	CNtlWorldShadow::LoadSwapFile (141):  file open failed. (9442_sec.sdw)
[15:14:53 PM]	CNtlPLObject::LoadSwapFile (3331):  file open failed. (9442_sec.objt)
[15:14:53 PM]	CNtlInstanceEffect::LoadSwapFile (801):  file open failed. (9442_sec.eff)
[15:14:53 PM]	CNtlPLOccluder_Quad::LoadSwapFile (830):  file open failed. (9442_sec.ocq)
[15:14:53 PM]	CNtlPLHeatHazeObject::LoadSwapFile (724):  file open failed. (9442_sec.hho)
[15:14:53 PM]	CNtlWorldShadow::LoadSwapFile (141):  file open failed. (9443_sec.sdw)
[15:14:53 PM]	CNtlPLObject::LoadSwapFile (3331):  file open failed. (9443_sec.objt)
[15:14:53 PM]	CNtlInstanceEffect::LoadSwapFile (801):  file open failed. (9443_sec.eff)
[15:14:53 PM]	CNtlPLOccluder_Quad::LoadSwapFile (830):  file open failed. (9443_sec.ocq)
[15:14:53 PM]	CNtlPLHeatHazeObject::LoadSwapFile (724):  file open failed. (9443_sec.hho)
[15:14:53 PM]	CNtlWorldShadow::LoadSwapFile (141):  file open failed. (9316_sec.sdw)
[15:14:53 PM]	CNtlPLObject::LoadSwapFile (3331):  file open failed. (9316_sec.objt)
[15:14:53 PM]	CNtlInstanceEffect::LoadSwapFile (801):  file open failed. (9316_sec.eff)
[15:14:53 PM]	CNtlPLOccluder_Quad::LoadSwapFile (830):  file open failed. (9316_sec.ocq)
[15:14:53 PM]	CNtlPLHeatHazeObject::LoadSwapFile (724):  file open failed. (9316_sec.hho)
[15:14:53 PM]	CNtlWorldShadow::LoadSwapFile (141):  file open failed. (9317_sec.sdw)
[15:14:53 PM]	CNtlPLObject::LoadSwapFile (3331):  file open failed. (9317_sec.objt)
[15:14:53 PM]	CNtlInstanceEffect::LoadSwapFile (801):  file open failed. (9317_sec.eff)
[15:14:53 PM]	CNtlPLOccluder_Quad::LoadSwapFile (830):  file open failed. (9317_sec.ocq)
[15:14:53 PM]	CNtlPLHeatHazeObject::LoadSwapFile (724):  file open failed. (9317_sec.hho)
[15:14:53 PM]	CNtlWorldShadow::LoadSwapFile (141):  file open failed. (9444_sec.sdw)
[15:14:54 PM]	CNtlPLObject::LoadSwapFile (3331):  file open failed. (9444_sec.objt)
[15:14:54 PM]	CNtlInstanceEffect::LoadSwapFile (801):  file open failed. (9444_sec.eff)
[15:14:54 PM]	CNtlPLOccluder_Quad::LoadSwapFile (830):  file open failed. (9444_sec.ocq)
[15:14:54 PM]	CNtlPLHeatHazeObject::LoadSwapFile (724):  file open failed. (9444_sec.hho)
[15:14:54 PM]	CNtlWorldShadow::LoadSwapFile (141):  file open failed. (9445_sec.sdw)
[15:14:54 PM]	CNtlPLObject::LoadSwapFile (3331):  file open failed. (9445_sec.objt)
[15:14:54 PM]	CNtlInstanceEffect::LoadSwapFile (801):  file open failed. (9445_sec.eff)
[15:14:54 PM]	CNtlPLOccluder_Quad::LoadSwapFile (830):  file open failed. (9445_sec.ocq)
[15:14:54 PM]	CNtlPLHeatHazeObject::LoadSwapFile (724):  file open failed. (9445_sec.hho)
[15:14:56 PM]	CNtlWorldShadow::LoadSwapFile (141):  file open failed. (9570_sec.sdw)
[15:14:56 PM]	CNtlPLObject::LoadSwapFile (3331):  file open failed. (9570_sec.objt)
[15:14:56 PM]	CNtlInstanceEffect::LoadSwapFile (801):  file open failed. (9570_sec.eff)
[15:14:56 PM]	CNtlPLOccluder_Quad::LoadSwapFile (830):  file open failed. (9570_sec.ocq)
[15:14:56 PM]	CNtlPLHeatHazeObject::LoadSwapFile (724):  file open failed. (9570_sec.hho)
[15:14:56 PM]	CNtlWorldShadow::LoadSwapFile (141):  file open failed. (9571_sec.sdw)
[15:14:56 PM]	CNtlPLObject::LoadSwapFile (3331):  file open failed. (9571_sec.objt)
[15:14:56 PM]	CNtlInstanceEffect::LoadSwapFile (801):  file open failed. (9571_sec.eff)
[15:14:56 PM]	CNtlPLOccluder_Quad::LoadSwapFile (830):  file open failed. (9571_sec.ocq)
[15:14:56 PM]	CNtlPLHeatHazeObject::LoadSwapFile (724):  file open failed. (9571_sec.hho)
[15:14:56 PM]	CNtlWorldShadow::LoadSwapFile (141):  file open failed. (9698_sec.sdw)
[15:14:56 PM]	CNtlPLObject::LoadSwapFile (3331):  file open failed. (9698_sec.objt)
[15:14:56 PM]	CNtlInstanceEffect::LoadSwapFile (801):  file open failed. (9698_sec.eff)
[15:14:56 PM]	CNtlPLOccluder_Quad::LoadSwapFile (830):  file open failed. (9698_sec.ocq)
[15:14:56 PM]	CNtlPLHeatHazeObject::LoadSwapFile (724):  file open failed. (9698_sec.hho)
[15:14:56 PM]	CNtlWorldShadow::LoadSwapFile (141):  file open failed. (9699_sec.sdw)
[15:14:56 PM]	CNtlPLObject::LoadSwapFile (3331):  file open failed. (9699_sec.objt)
[15:14:56 PM]	CNtlInstanceEffect::LoadSwapFile (801):  file open failed. (9699_sec.eff)
[15:14:56 PM]	CNtlPLOccluder_Quad::LoadSwapFile (830):  file open failed. (9699_sec.ocq)
[15:14:56 PM]	CNtlPLHeatHazeObject::LoadSwapFile (724):  file open failed. (9699_sec.hho)
[15:14:57 PM]	CNtlWorldShadow::LoadSwapFile (141):  file open failed. (9572_sec.sdw)
[15:14:57 PM]	CNtlPLObject::LoadSwapFile (3331):  file open failed. (9572_sec.objt)
[15:14:57 PM]	CNtlInstanceEffect::LoadSwapFile (801):  file open failed. (9572_sec.eff)
[15:14:57 PM]	CNtlPLOccluder_Quad::LoadSwapFile (830):  file open failed. (9572_sec.ocq)
[15:14:57 PM]	CNtlPLHeatHazeObject::LoadSwapFile (724):  file open failed. (9572_sec.hho)
[15:14:57 PM]	CNtlWorldShadow::LoadSwapFile (141):  file open failed. (9573_sec.sdw)
[15:14:57 PM]	CNtlPLObject::LoadSwapFile (3331):  file open failed. (9573_sec.objt)
[15:14:57 PM]	CNtlInstanceEffect::LoadSwapFile (801):  file open failed. (9573_sec.eff)
[15:14:57 PM]	CNtlPLOccluder_Quad::LoadSwapFile (830):  file open failed. (9573_sec.ocq)
[15:14:57 PM]	CNtlPLHeatHazeObject::LoadSwapFile (724):  file open failed. (9573_sec.hho)
[15:14:57 PM]	CNtlWorldShadow::LoadSwapFile (141):  file open failed. (9700_sec.sdw)
[15:14:57 PM]	CNtlPLObject::LoadSwapFile (3331):  file open failed. (9700_sec.objt)
[15:14:57 PM]	CNtlInstanceEffect::LoadSwapFile (801):  file open failed. (9700_sec.eff)
[15:14:57 PM]	CNtlPLOccluder_Quad::LoadSwapFile (830):  file open failed. (9700_sec.ocq)
[15:14:57 PM]	CNtlPLHeatHazeObject::LoadSwapFile (724):  file open failed. (9700_sec.hho)
[15:14:57 PM]	CNtlWorldShadow::LoadSwapFile (141):  file open failed. (9701_sec.sdw)
[15:14:57 PM]	CNtlPLObject::LoadSwapFile (3331):  file open failed. (9701_sec.objt)
[15:14:57 PM]	CNtlInstanceEffect::LoadSwapFile (801):  file open failed. (9701_sec.eff)
[15:14:57 PM]	CNtlPLOccluder_Quad::LoadSwapFile (830):  file open failed. (9701_sec.ocq)
[15:14:57 PM]	CNtlPLHeatHazeObject::LoadSwapFile (724):  file open failed. (9701_sec.hho)
[15:15:09 PM]	CNtlWorldShadow::LoadSwapFile (141):  file open failed. (8034_sec.sdw)
[15:15:09 PM]	CNtlPLObject::LoadSwapFile (3331):  file open failed. (8034_sec.objt)
[15:15:09 PM]	CNtlInstanceEffect::LoadSwapFile (801):  file open failed. (8034_sec.eff)
[15:15:09 PM]	CNtlPLOccluder_Quad::LoadSwapFile (830):  file open failed. (8034_sec.ocq)
[15:15:09 PM]	CNtlPLHeatHazeObject::LoadSwapFile (724):  file open failed. (8034_sec.hho)
[15:15:09 PM]	CNtlWorldShadow::LoadSwapFile (141):  file open failed. (8035_sec.sdw)
[15:15:09 PM]	CNtlPLObject::LoadSwapFile (3331):  file open failed. (8035_sec.objt)
[15:15:09 PM]	CNtlInstanceEffect::LoadSwapFile (801):  file open failed. (8035_sec.eff)
[15:15:09 PM]	CNtlPLOccluder_Quad::LoadSwapFile (830):  file open failed. (8035_sec.ocq)
[15:15:09 PM]	CNtlPLHeatHazeObject::LoadSwapFile (724):  file open failed. (8035_sec.hho)
[15:15:09 PM]	CNtlWorldShadow::LoadSwapFile (141):  file open failed. (8162_sec.sdw)
[15:15:09 PM]	CNtlPLObject::LoadSwapFile (3331):  file open failed. (8162_sec.objt)
[15:15:09 PM]	CNtlInstanceEffect::LoadSwapFile (801):  file open failed. (8162_sec.eff)
[15:15:09 PM]	CNtlPLOccluder_Quad::LoadSwapFile (830):  file open failed. (8162_sec.ocq)
[15:15:09 PM]	CNtlPLHeatHazeObject::LoadSwapFile (724):  file open failed. (8162_sec.hho)
[15:15:09 PM]	CNtlWorldShadow::LoadSwapFile (141):  file open failed. (8163_sec.sdw)
[15:15:09 PM]	CNtlPLObject::LoadSwapFile (3331):  file open failed. (8163_sec.objt)
[15:15:09 PM]	CNtlInstanceEffect::LoadSwapFile (801):  file open failed. (8163_sec.eff)
[15:15:09 PM]	CNtlPLOccluder_Quad::LoadSwapFile (830):  file open failed. (8163_sec.ocq)
[15:15:09 PM]	CNtlPLHeatHazeObject::LoadSwapFile (724):  file open failed. (8163_sec.hho)
[15:15:10 PM]	CNtlWorldShadow::LoadSwapFile (141):  file open failed. (8036_sec.sdw)
[15:15:10 PM]	CNtlPLObject::LoadSwapFile (3331):  file open failed. (8036_sec.objt)
[15:15:10 PM]	CNtlInstanceEffect::LoadSwapFile (801):  file open failed. (8036_sec.eff)
[15:15:10 PM]	CNtlPLOccluder_Quad::LoadSwapFile (830):  file open failed. (8036_sec.ocq)
[15:15:10 PM]	CNtlPLHeatHazeObject::LoadSwapFile (724):  file open failed. (8036_sec.hho)
[15:15:10 PM]	CNtlWorldShadow::LoadSwapFile (141):  file open failed. (8037_sec.sdw)
[15:15:10 PM]	CNtlPLObject::LoadSwapFile (3331):  file open failed. (8037_sec.objt)
[15:15:10 PM]	CNtlInstanceEffect::LoadSwapFile (801):  file open failed. (8037_sec.eff)
[15:15:10 PM]	CNtlPLOccluder_Quad::LoadSwapFile (830):  file open failed. (8037_sec.ocq)
[15:15:10 PM]	CNtlPLHeatHazeObject::LoadSwapFile (724):  file open failed. (8037_sec.hho)
[15:15:10 PM]	CNtlWorldShadow::LoadSwapFile (141):  file open failed. (8164_sec.sdw)
[15:15:10 PM]	CNtlPLObject::LoadSwapFile (3331):  file open failed. (8164_sec.objt)
[15:15:10 PM]	CNtlInstanceEffect::LoadSwapFile (801):  file open failed. (8164_sec.eff)
[15:15:10 PM]	CNtlPLOccluder_Quad::LoadSwapFile (830):  file open failed. (8164_sec.ocq)
[15:15:10 PM]	CNtlPLHeatHazeObject::LoadSwapFile (724):  file open failed. (8164_sec.hho)
[15:15:10 PM]	CNtlWorldShadow::LoadSwapFile (141):  file open failed. (8165_sec.sdw)
[15:15:10 PM]	CNtlPLObject::LoadSwapFile (3331):  file open failed. (8165_sec.objt)
[15:15:10 PM]	CNtlInstanceEffect::LoadSwapFile (801):  file open failed. (8165_sec.eff)
[15:15:10 PM]	CNtlPLOccluder_Quad::LoadSwapFile (830):  file open failed. (8165_sec.ocq)
[15:15:10 PM]	CNtlPLHeatHazeObject::LoadSwapFile (724):  file open failed. (8165_sec.hho)
[15:15:10 PM]	CNtlWorldShadow::LoadSwapFile (141):  file open failed. (8038_sec.sdw)
