[02:04:29 AM]	=============== Start Trace ===============

[02:04:29 AM]	 === < SABER > Trace Start === 
[02:05:01 AM]	CNtlPLVisualManager::GetHeightFieldWorldHeight (1170):  GetWorldHeight : Failed : IN(0,0,0), OUT_HEIGHT(-999)
[02:05:04 AM]	CNtlWorldShadow::LoadSwapFile (141):  file open failed. (398_sec.sdw)
[02:05:04 AM]	CNtlPLObject::LoadSwapFile (3331):  file open failed. (398_sec.objt)
[02:05:04 AM]	CNtlInstanceEffect::LoadSwapFile (801):  file open failed. (398_sec.eff)
[02:05:04 AM]	CNtlPLOccluder_Quad::LoadSwapFile (830):  file open failed. (398_sec.ocq)
[02:05:04 AM]	CNtlPLHeatHazeObject::LoadSwapFile (724):  file open failed. (398_sec.hho)
[02:05:04 AM]	CNtlWorldShadow::LoadSwapFile (141):  file open failed. (399_sec.sdw)
[02:05:04 AM]	CNtlPLObject::LoadSwapFile (3331):  file open failed. (399_sec.objt)
[02:05:04 AM]	CNtlInstanceEffect::LoadSwapFile (801):  file open failed. (399_sec.eff)
[02:05:05 AM]	CNtlPLOccluder_Quad::LoadSwapFile (830):  file open failed. (399_sec.ocq)
[02:05:05 AM]	CNtlPLHeatHazeObject::LoadSwapFile (724):  file open failed. (399_sec.hho)
[02:05:05 AM]	CNtlWorldShadow::LoadSwapFile (141):  file open failed. (430_sec.sdw)
[02:05:05 AM]	CNtlPLObject::LoadSwapFile (3331):  file open failed. (430_sec.objt)
[02:05:05 AM]	CNtlInstanceEffect::LoadSwapFile (801):  file open failed. (430_sec.eff)
[02:05:05 AM]	CNtlPLOccluder_Quad::LoadSwapFile (830):  file open failed. (430_sec.ocq)
[02:05:05 AM]	CNtlPLHeatHazeObject::LoadSwapFile (724):  file open failed. (430_sec.hho)
[02:05:05 AM]	CNtlWorldShadow::LoadSwapFile (141):  file open failed. (431_sec.sdw)
[02:05:05 AM]	CNtlPLObject::LoadSwapFile (3331):  file open failed. (431_sec.objt)
[02:05:05 AM]	CNtlInstanceEffect::LoadSwapFile (801):  file open failed. (431_sec.eff)
[02:05:05 AM]	CNtlPLOccluder_Quad::LoadSwapFile (830):  file open failed. (431_sec.ocq)
[02:05:05 AM]	CNtlPLHeatHazeObject::LoadSwapFile (724):  file open failed. (431_sec.hho)
[02:05:05 AM]	CNtlWorldShadow::LoadSwapFile (141):  file open failed. (400_sec.sdw)
[02:05:05 AM]	CNtlPLObject::LoadSwapFile (3331):  file open failed. (400_sec.objt)
[02:05:05 AM]	CNtlInstanceEffect::LoadSwapFile (801):  file open failed. (400_sec.eff)
[02:05:05 AM]	CNtlPLOccluder_Quad::LoadSwapFile (830):  file open failed. (400_sec.ocq)
[02:05:05 AM]	CNtlPLHeatHazeObject::LoadSwapFile (724):  file open failed. (400_sec.hho)
[02:05:05 AM]	CNtlWorldShadow::LoadSwapFile (141):  file open failed. (401_sec.sdw)
[02:05:05 AM]	CNtlPLObject::LoadSwapFile (3331):  file open failed. (401_sec.objt)
[02:05:05 AM]	CNtlInstanceEffect::LoadSwapFile (801):  file open failed. (401_sec.eff)
[02:05:05 AM]	CNtlPLOccluder_Quad::LoadSwapFile (830):  file open failed. (401_sec.ocq)
[02:05:05 AM]	CNtlPLHeatHazeObject::LoadSwapFile (724):  file open failed. (401_sec.hho)
[02:05:05 AM]	CNtlWorldShadow::LoadSwapFile (141):  file open failed. (432_sec.sdw)
[02:05:05 AM]	CNtlPLObject::LoadSwapFile (3331):  file open failed. (432_sec.objt)
[02:05:05 AM]	CNtlInstanceEffect::LoadSwapFile (801):  file open failed. (432_sec.eff)
[02:05:05 AM]	CNtlPLOccluder_Quad::LoadSwapFile (830):  file open failed. (432_sec.ocq)
[02:05:05 AM]	CNtlPLHeatHazeObject::LoadSwapFile (724):  file open failed. (432_sec.hho)
[02:05:05 AM]	CNtlWorldShadow::LoadSwapFile (141):  file open failed. (433_sec.sdw)
[02:05:05 AM]	CNtlPLObject::LoadSwapFile (3331):  file open failed. (433_sec.objt)
[02:05:05 AM]	CNtlInstanceEffect::LoadSwapFile (801):  file open failed. (433_sec.eff)
[02:05:05 AM]	CNtlPLOccluder_Quad::LoadSwapFile (830):  file open failed. (433_sec.ocq)
[02:05:05 AM]	CNtlPLHeatHazeObject::LoadSwapFile (724):  file open failed. (433_sec.hho)
[02:05:05 AM]	CNtlWorldShadow::LoadSwapFile (141):  file open failed. (402_sec.sdw)
[02:05:05 AM]	CNtlPLObject::LoadSwapFile (3331):  file open failed. (402_sec.objt)
[02:05:05 AM]	CNtlInstanceEffect::LoadSwapFile (801):  file open failed. (402_sec.eff)
[02:05:05 AM]	CNtlPLOccluder_Quad::LoadSwapFile (830):  file open failed. (402_sec.ocq)
[02:05:05 AM]	CNtlPLHeatHazeObject::LoadSwapFile (724):  file open failed. (402_sec.hho)
[02:05:05 AM]	CNtlWorldShadow::LoadSwapFile (141):  file open failed. (403_sec.sdw)
[02:05:05 AM]	CNtlPLObject::LoadSwapFile (3331):  file open failed. (403_sec.objt)
[02:05:05 AM]	CNtlInstanceEffect::LoadSwapFile (801):  file open failed. (403_sec.eff)
[02:05:05 AM]	CNtlPLOccluder_Quad::LoadSwapFile (830):  file open failed. (403_sec.ocq)
[02:05:05 AM]	CNtlPLHeatHazeObject::LoadSwapFile (724):  file open failed. (403_sec.hho)
[02:05:05 AM]	CNtlWorldShadow::LoadSwapFile (141):  file open failed. (434_sec.sdw)
[02:05:05 AM]	CNtlPLObject::LoadSwapFile (3331):  file open failed. (434_sec.objt)
[02:05:05 AM]	CNtlInstanceEffect::LoadSwapFile (801):  file open failed. (434_sec.eff)
[02:05:05 AM]	CNtlPLOccluder_Quad::LoadSwapFile (830):  file open failed. (434_sec.ocq)
[02:05:05 AM]	CNtlPLHeatHazeObject::LoadSwapFile (724):  file open failed. (434_sec.hho)
[02:05:05 AM]	CNtlWorldShadow::LoadSwapFile (141):  file open failed. (435_sec.sdw)
[02:05:06 AM]	CNtlPLObject::LoadSwapFile (3331):  file open failed. (435_sec.objt)
[02:05:06 AM]	CNtlInstanceEffect::LoadSwapFile (801):  file open failed. (435_sec.eff)
[02:05:06 AM]	CNtlPLOccluder_Quad::LoadSwapFile (830):  file open failed. (435_sec.ocq)
[02:05:06 AM]	CNtlPLHeatHazeObject::LoadSwapFile (724):  file open failed. (435_sec.hho)
[02:05:06 AM]	CNtlWorldShadow::LoadSwapFile (141):  file open failed. (404_sec.sdw)
[02:05:06 AM]	CNtlPLObject::LoadSwapFile (3331):  file open failed. (404_sec.objt)
[02:05:06 AM]	CNtlInstanceEffect::LoadSwapFile (801):  file open failed. (404_sec.eff)
[02:05:06 AM]	CNtlPLOccluder_Quad::LoadSwapFile (830):  file open failed. (404_sec.ocq)
[02:05:06 AM]	CNtlPLHeatHazeObject::LoadSwapFile (724):  file open failed. (404_sec.hho)
[02:05:06 AM]	CNtlWorldShadow::LoadSwapFile (141):  file open failed. (405_sec.sdw)
[02:05:10 AM]	CNtlPLObject::LoadSwapFile (3331):  file open failed. (405_sec.objt)
[02:05:10 AM]	CNtlInstanceEffect::LoadSwapFile (801):  file open failed. (405_sec.eff)
[02:05:10 AM]	CNtlPLOccluder_Quad::LoadSwapFile (830):  file open failed. (405_sec.ocq)
[02:05:10 AM]	CNtlPLHeatHazeObject::LoadSwapFile (724):  file open failed. (405_sec.hho)
[02:05:10 AM]	CNtlWorldShadow::LoadSwapFile (141):  file open failed. (436_sec.sdw)
[02:05:10 AM]	CNtlPLObject::LoadSwapFile (3331):  file open failed. (436_sec.objt)
[02:05:10 AM]	CNtlInstanceEffect::LoadSwapFile (801):  file open failed. (436_sec.eff)
[02:05:10 AM]	CNtlPLOccluder_Quad::LoadSwapFile (830):  file open failed. (436_sec.ocq)
[02:05:10 AM]	CNtlPLHeatHazeObject::LoadSwapFile (724):  file open failed. (436_sec.hho)
[02:05:10 AM]	CNtlWorldShadow::LoadSwapFile (141):  file open failed. (437_sec.sdw)
[02:05:14 AM]	CNtlPLObject::LoadSwapFile (3331):  file open failed. (437_sec.objt)
[02:05:14 AM]	CNtlInstanceEffect::LoadSwapFile (801):  file open failed. (437_sec.eff)
[02:05:14 AM]	CNtlPLOccluder_Quad::LoadSwapFile (830):  file open failed. (437_sec.ocq)
[02:05:14 AM]	CNtlPLHeatHazeObject::LoadSwapFile (724):  file open failed. (437_sec.hho)
[02:05:14 AM]	CNtlWorldShadow::LoadSwapFile (141):  file open failed. (462_sec.sdw)
[02:05:14 AM]	CNtlPLObject::LoadSwapFile (3331):  file open failed. (462_sec.objt)
[02:05:14 AM]	CNtlInstanceEffect::LoadSwapFile (801):  file open failed. (462_sec.eff)
[02:05:14 AM]	CNtlPLOccluder_Quad::LoadSwapFile (830):  file open failed. (462_sec.ocq)
[02:05:14 AM]	CNtlPLHeatHazeObject::LoadSwapFile (724):  file open failed. (462_sec.hho)
[02:05:14 AM]	CNtlWorldShadow::LoadSwapFile (141):  file open failed. (463_sec.sdw)
[02:05:14 AM]	CNtlPLObject::LoadSwapFile (3331):  file open failed. (463_sec.objt)
[02:05:14 AM]	CNtlInstanceEffect::LoadSwapFile (801):  file open failed. (463_sec.eff)
[02:05:14 AM]	CNtlPLOccluder_Quad::LoadSwapFile (830):  file open failed. (463_sec.ocq)
[02:05:14 AM]	CNtlPLHeatHazeObject::LoadSwapFile (724):  file open failed. (463_sec.hho)
[02:05:14 AM]	CNtlWorldShadow::LoadSwapFile (141):  file open failed. (494_sec.sdw)
[02:05:14 AM]	CNtlPLObject::LoadSwapFile (3331):  file open failed. (494_sec.objt)
[02:05:14 AM]	CNtlInstanceEffect::LoadSwapFile (801):  file open failed. (494_sec.eff)
[02:05:14 AM]	CNtlPLOccluder_Quad::LoadSwapFile (830):  file open failed. (494_sec.ocq)
[02:05:14 AM]	CNtlPLHeatHazeObject::LoadSwapFile (724):  file open failed. (494_sec.hho)
[02:05:14 AM]	CNtlWorldShadow::LoadSwapFile (141):  file open failed. (495_sec.sdw)
[02:05:14 AM]	CNtlPLObject::LoadSwapFile (3331):  file open failed. (495_sec.objt)
[02:05:14 AM]	CNtlInstanceEffect::LoadSwapFile (801):  file open failed. (495_sec.eff)
[02:05:14 AM]	CNtlPLOccluder_Quad::LoadSwapFile (830):  file open failed. (495_sec.ocq)
[02:05:14 AM]	CNtlPLHeatHazeObject::LoadSwapFile (724):  file open failed. (495_sec.hho)
[02:05:14 AM]	CNtlWorldShadow::LoadSwapFile (141):  file open failed. (464_sec.sdw)
[02:05:14 AM]	CNtlPLObject::LoadSwapFile (3331):  file open failed. (464_sec.objt)
[02:05:14 AM]	CNtlInstanceEffect::LoadSwapFile (801):  file open failed. (464_sec.eff)
[02:05:14 AM]	CNtlPLOccluder_Quad::LoadSwapFile (830):  file open failed. (464_sec.ocq)
[02:05:14 AM]	CNtlPLHeatHazeObject::LoadSwapFile (724):  file open failed. (464_sec.hho)
[02:05:14 AM]	CNtlWorldShadow::LoadSwapFile (141):  file open failed. (465_sec.sdw)
[02:05:14 AM]	CNtlPLObject::LoadSwapFile (3331):  file open failed. (465_sec.objt)
[02:05:14 AM]	CNtlInstanceEffect::LoadSwapFile (801):  file open failed. (465_sec.eff)
[02:05:14 AM]	CNtlPLOccluder_Quad::LoadSwapFile (830):  file open failed. (465_sec.ocq)
[02:05:14 AM]	CNtlPLHeatHazeObject::LoadSwapFile (724):  file open failed. (465_sec.hho)
[02:05:14 AM]	CNtlWorldShadow::LoadSwapFile (141):  file open failed. (496_sec.sdw)
[02:05:14 AM]	CNtlPLObject::LoadSwapFile (3331):  file open failed. (496_sec.objt)
[02:05:14 AM]	CNtlInstanceEffect::LoadSwapFile (801):  file open failed. (496_sec.eff)
[02:05:14 AM]	CNtlPLOccluder_Quad::LoadSwapFile (830):  file open failed. (496_sec.ocq)
[02:05:14 AM]	CNtlPLHeatHazeObject::LoadSwapFile (724):  file open failed. (496_sec.hho)
[02:05:14 AM]	CNtlWorldShadow::LoadSwapFile (141):  file open failed. (497_sec.sdw)
[02:05:14 AM]	CNtlPLObject::LoadSwapFile (3331):  file open failed. (497_sec.objt)
[02:05:14 AM]	CNtlInstanceEffect::LoadSwapFile (801):  file open failed. (497_sec.eff)
[02:05:14 AM]	CNtlPLOccluder_Quad::LoadSwapFile (830):  file open failed. (497_sec.ocq)
[02:05:14 AM]	CNtlPLHeatHazeObject::LoadSwapFile (724):  file open failed. (497_sec.hho)
[02:05:15 AM]	CNtlWorldShadow::LoadSwapFile (141):  file open failed. (466_sec.sdw)
[02:05:15 AM]	CNtlPLObject::LoadSwapFile (3331):  file open failed. (466_sec.objt)
[02:05:15 AM]	CNtlInstanceEffect::LoadSwapFile (801):  file open failed. (466_sec.eff)
[02:05:15 AM]	CNtlPLOccluder_Quad::LoadSwapFile (830):  file open failed. (466_sec.ocq)
[02:05:15 AM]	CNtlPLHeatHazeObject::LoadSwapFile (724):  file open failed. (466_sec.hho)
[02:05:15 AM]	CNtlWorldShadow::LoadSwapFile (141):  file open failed. (467_sec.sdw)
[02:05:15 AM]	CNtlPLObject::LoadSwapFile (3331):  file open failed. (467_sec.objt)
[02:05:15 AM]	CNtlInstanceEffect::LoadSwapFile (801):  file open failed. (467_sec.eff)
[02:05:15 AM]	CNtlPLOccluder_Quad::LoadSwapFile (830):  file open failed. (467_sec.ocq)
[02:05:15 AM]	CNtlPLHeatHazeObject::LoadSwapFile (724):  file open failed. (467_sec.hho)
[02:05:15 AM]	CNtlWorldShadow::LoadSwapFile (141):  file open failed. (498_sec.sdw)
[02:05:15 AM]	CNtlPLObject::LoadSwapFile (3331):  file open failed. (498_sec.objt)
[02:05:15 AM]	CNtlInstanceEffect::LoadSwapFile (801):  file open failed. (498_sec.eff)
[02:05:15 AM]	CNtlPLOccluder_Quad::LoadSwapFile (830):  file open failed. (498_sec.ocq)
[02:05:15 AM]	CNtlPLHeatHazeObject::LoadSwapFile (724):  file open failed. (498_sec.hho)
[02:05:15 AM]	CNtlWorldShadow::LoadSwapFile (141):  file open failed. (499_sec.sdw)
[02:05:15 AM]	CNtlPLObject::LoadSwapFile (3331):  file open failed. (499_sec.objt)
[02:05:15 AM]	CNtlInstanceEffect::LoadSwapFile (801):  file open failed. (499_sec.eff)
[02:05:15 AM]	CNtlPLOccluder_Quad::LoadSwapFile (830):  file open failed. (499_sec.ocq)
[02:05:15 AM]	CNtlPLHeatHazeObject::LoadSwapFile (724):  file open failed. (499_sec.hho)
[02:05:15 AM]	CNtlWorldShadow::LoadSwapFile (141):  file open failed. (468_sec.sdw)
[02:05:16 AM]	CNtlPLObject::LoadSwapFile (3331):  file open failed. (468_sec.objt)
[02:05:16 AM]	CNtlInstanceEffect::LoadSwapFile (801):  file open failed. (468_sec.eff)
[02:05:16 AM]	CNtlPLOccluder_Quad::LoadSwapFile (830):  file open failed. (468_sec.ocq)
[02:05:16 AM]	CNtlPLHeatHazeObject::LoadSwapFile (724):  file open failed. (468_sec.hho)
[02:05:16 AM]	CNtlWorldShadow::LoadSwapFile (141):  file open failed. (469_sec.sdw)
[02:05:17 AM]	CNtlPLObject::LoadSwapFile (3331):  file open failed. (469_sec.objt)
[02:05:17 AM]	CNtlInstanceEffect::LoadSwapFile (801):  file open failed. (469_sec.eff)
[02:05:17 AM]	CNtlPLOccluder_Quad::LoadSwapFile (830):  file open failed. (469_sec.ocq)
[02:05:17 AM]	CNtlPLHeatHazeObject::LoadSwapFile (724):  file open failed. (469_sec.hho)
[02:05:17 AM]	CNtlWorldShadow::LoadSwapFile (141):  file open failed. (500_sec.sdw)
[02:05:17 AM]	CNtlPLObject::LoadSwapFile (3331):  file open failed. (500_sec.objt)
[02:05:17 AM]	CNtlInstanceEffect::LoadSwapFile (801):  file open failed. (500_sec.eff)
[02:05:17 AM]	CNtlPLOccluder_Quad::LoadSwapFile (830):  file open failed. (500_sec.ocq)
[02:05:17 AM]	CNtlPLHeatHazeObject::LoadSwapFile (724):  file open failed. (500_sec.hho)
[02:05:17 AM]	CNtlWorldShadow::LoadSwapFile (141):  file open failed. (501_sec.sdw)
[02:05:17 AM]	CNtlPLObject::LoadSwapFile (3331):  file open failed. (501_sec.objt)
[02:05:17 AM]	CNtlInstanceEffect::LoadSwapFile (801):  file open failed. (501_sec.eff)
[02:05:17 AM]	CNtlPLOccluder_Quad::LoadSwapFile (830):  file open failed. (501_sec.ocq)
[02:05:17 AM]	CNtlPLHeatHazeObject::LoadSwapFile (724):  file open failed. (501_sec.hho)
[02:05:17 AM]	CNtlWorldShadow::LoadSwapFile (141):  file open failed. (526_sec.sdw)
[02:05:17 AM]	CNtlPLObject::LoadSwapFile (3331):  file open failed. (526_sec.objt)
[02:05:17 AM]	CNtlInstanceEffect::LoadSwapFile (801):  file open failed. (526_sec.eff)
[02:05:17 AM]	CNtlPLOccluder_Quad::LoadSwapFile (830):  file open failed. (526_sec.ocq)
[02:05:17 AM]	CNtlPLHeatHazeObject::LoadSwapFile (724):  file open failed. (526_sec.hho)
[02:05:17 AM]	CNtlWorldShadow::LoadSwapFile (141):  file open failed. (527_sec.sdw)
[02:05:17 AM]	CNtlPLObject::LoadSwapFile (3331):  file open failed. (527_sec.objt)
[02:05:17 AM]	CNtlInstanceEffect::LoadSwapFile (801):  file open failed. (527_sec.eff)
[02:05:17 AM]	CNtlPLOccluder_Quad::LoadSwapFile (830):  file open failed. (527_sec.ocq)
[02:05:17 AM]	CNtlPLHeatHazeObject::LoadSwapFile (724):  file open failed. (527_sec.hho)
[02:05:17 AM]	CNtlWorldShadow::LoadSwapFile (141):  file open failed. (558_sec.sdw)
[02:05:17 AM]	CNtlPLObject::LoadSwapFile (3331):  file open failed. (558_sec.objt)
[02:05:17 AM]	CNtlInstanceEffect::LoadSwapFile (801):  file open failed. (558_sec.eff)
[02:05:17 AM]	CNtlPLOccluder_Quad::LoadSwapFile (830):  file open failed. (558_sec.ocq)
[02:05:17 AM]	CNtlPLHeatHazeObject::LoadSwapFile (724):  file open failed. (558_sec.hho)
[02:05:17 AM]	CNtlWorldShadow::LoadSwapFile (141):  file open failed. (559_sec.sdw)
[02:05:17 AM]	CNtlPLObject::LoadSwapFile (3331):  file open failed. (559_sec.objt)
[02:05:17 AM]	CNtlInstanceEffect::LoadSwapFile (801):  file open failed. (559_sec.eff)
[02:05:17 AM]	CNtlPLOccluder_Quad::LoadSwapFile (830):  file open failed. (559_sec.ocq)
[02:05:17 AM]	CNtlPLHeatHazeObject::LoadSwapFile (724):  file open failed. (559_sec.hho)
[02:05:17 AM]	CNtlWorldShadow::LoadSwapFile (141):  file open failed. (528_sec.sdw)
[02:05:17 AM]	CNtlPLObject::LoadSwapFile (3331):  file open failed. (528_sec.objt)
[02:05:17 AM]	CNtlInstanceEffect::LoadSwapFile (801):  file open failed. (528_sec.eff)
[02:05:17 AM]	CNtlPLOccluder_Quad::LoadSwapFile (830):  file open failed. (528_sec.ocq)
[02:05:17 AM]	CNtlPLHeatHazeObject::LoadSwapFile (724):  file open failed. (528_sec.hho)
[02:05:17 AM]	CNtlWorldShadow::LoadSwapFile (141):  file open failed. (529_sec.sdw)
[02:05:17 AM]	CNtlPLObject::LoadSwapFile (3331):  file open failed. (529_sec.objt)
[02:05:17 AM]	CNtlInstanceEffect::LoadSwapFile (801):  file open failed. (529_sec.eff)
[02:05:17 AM]	CNtlPLOccluder_Quad::LoadSwapFile (830):  file open failed. (529_sec.ocq)
[02:05:17 AM]	CNtlPLHeatHazeObject::LoadSwapFile (724):  file open failed. (529_sec.hho)
[02:05:17 AM]	CNtlWorldShadow::LoadSwapFile (141):  file open failed. (560_sec.sdw)
[02:05:17 AM]	CNtlPLObject::LoadSwapFile (3331):  file open failed. (560_sec.objt)
[02:05:17 AM]	CNtlInstanceEffect::LoadSwapFile (801):  file open failed. (560_sec.eff)
[02:05:17 AM]	CNtlPLOccluder_Quad::LoadSwapFile (830):  file open failed. (560_sec.ocq)
[02:05:17 AM]	CNtlPLHeatHazeObject::LoadSwapFile (724):  file open failed. (560_sec.hho)
[02:05:17 AM]	CNtlWorldShadow::LoadSwapFile (141):  file open failed. (561_sec.sdw)
[02:05:17 AM]	CNtlPLObject::LoadSwapFile (3331):  file open failed. (561_sec.objt)
[02:05:17 AM]	CNtlInstanceEffect::LoadSwapFile (801):  file open failed. (561_sec.eff)
[02:05:17 AM]	CNtlPLOccluder_Quad::LoadSwapFile (830):  file open failed. (561_sec.ocq)
[02:05:17 AM]	CNtlPLHeatHazeObject::LoadSwapFile (724):  file open failed. (561_sec.hho)
[02:05:18 AM]	CNtlWorldShadow::LoadSwapFile (141):  file open failed. (530_sec.sdw)
[02:05:18 AM]	CNtlPLObject::LoadSwapFile (3331):  file open failed. (530_sec.objt)
[02:05:18 AM]	CNtlInstanceEffect::LoadSwapFile (801):  file open failed. (530_sec.eff)
[02:05:18 AM]	CNtlPLOccluder_Quad::LoadSwapFile (830):  file open failed. (530_sec.ocq)
[02:05:18 AM]	CNtlPLHeatHazeObject::LoadSwapFile (724):  file open failed. (530_sec.hho)
[02:05:18 AM]	CNtlWorldShadow::LoadSwapFile (141):  file open failed. (531_sec.sdw)
[02:05:18 AM]	CNtlPLObject::LoadSwapFile (3331):  file open failed. (531_sec.objt)
[02:05:18 AM]	CNtlInstanceEffect::LoadSwapFile (801):  file open failed. (531_sec.eff)
[02:05:18 AM]	CNtlPLOccluder_Quad::LoadSwapFile (830):  file open failed. (531_sec.ocq)
[02:05:18 AM]	CNtlPLHeatHazeObject::LoadSwapFile (724):  file open failed. (531_sec.hho)
[02:05:18 AM]	CNtlWorldShadow::LoadSwapFile (141):  file open failed. (562_sec.sdw)
[02:05:19 AM]	CNtlPLObject::LoadSwapFile (3331):  file open failed. (562_sec.objt)
[02:05:19 AM]	CNtlInstanceEffect::LoadSwapFile (801):  file open failed. (562_sec.eff)
[02:05:19 AM]	CNtlPLOccluder_Quad::LoadSwapFile (830):  file open failed. (562_sec.ocq)
[02:05:19 AM]	CNtlPLHeatHazeObject::LoadSwapFile (724):  file open failed. (562_sec.hho)
[02:05:19 AM]	CNtlWorldShadow::LoadSwapFile (141):  file open failed. (563_sec.sdw)
[02:05:19 AM]	CNtlPLObject::LoadSwapFile (3331):  file open failed. (563_sec.objt)
[02:05:19 AM]	CNtlInstanceEffect::LoadSwapFile (801):  file open failed. (563_sec.eff)
[02:05:19 AM]	CNtlPLOccluder_Quad::LoadSwapFile (830):  file open failed. (563_sec.ocq)
[02:05:19 AM]	CNtlPLHeatHazeObject::LoadSwapFile (724):  file open failed. (563_sec.hho)
[02:05:19 AM]	CNtlWorldShadow::LoadSwapFile (141):  file open failed. (532_sec.sdw)
[02:05:19 AM]	CNtlPLObject::LoadSwapFile (3331):  file open failed. (532_sec.objt)
[02:05:19 AM]	CNtlInstanceEffect::LoadSwapFile (801):  file open failed. (532_sec.eff)
[02:05:19 AM]	CNtlPLOccluder_Quad::LoadSwapFile (830):  file open failed. (532_sec.ocq)
[02:05:19 AM]	CNtlPLHeatHazeObject::LoadSwapFile (724):  file open failed. (532_sec.hho)
[02:05:19 AM]	CNtlWorldShadow::LoadSwapFile (141):  file open failed. (533_sec.sdw)
[02:05:19 AM]	CNtlPLObject::LoadSwapFile (3331):  file open failed. (533_sec.objt)
[02:05:19 AM]	CNtlInstanceEffect::LoadSwapFile (801):  file open failed. (533_sec.eff)
[02:05:19 AM]	CNtlPLOccluder_Quad::LoadSwapFile (830):  file open failed. (533_sec.ocq)
[02:05:19 AM]	CNtlPLHeatHazeObject::LoadSwapFile (724):  file open failed. (533_sec.hho)
[02:05:19 AM]	CNtlWorldShadow::LoadSwapFile (141):  file open failed. (564_sec.sdw)
[02:05:19 AM]	CNtlPLObject::LoadSwapFile (3331):  file open failed. (564_sec.objt)
[02:05:19 AM]	CNtlInstanceEffect::LoadSwapFile (801):  file open failed. (564_sec.eff)
[02:05:19 AM]	CNtlPLOccluder_Quad::LoadSwapFile (830):  file open failed. (564_sec.ocq)
[02:05:19 AM]	CNtlPLHeatHazeObject::LoadSwapFile (724):  file open failed. (564_sec.hho)
[02:05:19 AM]	CNtlWorldShadow::LoadSwapFile (141):  file open failed. (565_sec.sdw)
[02:05:19 AM]	CNtlPLObject::LoadSwapFile (3331):  file open failed. (565_sec.objt)
[02:05:19 AM]	CNtlInstanceEffect::LoadSwapFile (801):  file open failed. (565_sec.eff)
[02:05:19 AM]	CNtlPLOccluder_Quad::LoadSwapFile (830):  file open failed. (565_sec.ocq)
[02:05:19 AM]	CNtlPLHeatHazeObject::LoadSwapFile (724):  file open failed. (565_sec.hho)
[02:05:20 AM]	CNtlWorldShadow::LoadSwapFile (141):  file open failed. (590_sec.sdw)
[02:05:20 AM]	CNtlPLObject::LoadSwapFile (3331):  file open failed. (590_sec.objt)
[02:05:20 AM]	CNtlInstanceEffect::LoadSwapFile (801):  file open failed. (590_sec.eff)
[02:05:20 AM]	CNtlPLOccluder_Quad::LoadSwapFile (830):  file open failed. (590_sec.ocq)
[02:05:20 AM]	CNtlPLHeatHazeObject::LoadSwapFile (724):  file open failed. (590_sec.hho)
[02:05:20 AM]	CNtlWorldShadow::LoadSwapFile (141):  file open failed. (591_sec.sdw)
[02:05:20 AM]	CNtlPLObject::LoadSwapFile (3331):  file open failed. (591_sec.objt)
[02:05:20 AM]	CNtlInstanceEffect::LoadSwapFile (801):  file open failed. (591_sec.eff)
[02:05:20 AM]	CNtlPLOccluder_Quad::LoadSwapFile (830):  file open failed. (591_sec.ocq)
[02:05:20 AM]	CNtlPLHeatHazeObject::LoadSwapFile (724):  file open failed. (591_sec.hho)
[02:05:20 AM]	CNtlWorldShadow::LoadSwapFile (141):  file open failed. (622_sec.sdw)
[02:05:20 AM]	CNtlPLObject::LoadSwapFile (3331):  file open failed. (622_sec.objt)
[02:05:20 AM]	CNtlInstanceEffect::LoadSwapFile (801):  file open failed. (622_sec.eff)
[02:05:20 AM]	CNtlPLOccluder_Quad::LoadSwapFile (830):  file open failed. (622_sec.ocq)
[02:05:20 AM]	CNtlPLHeatHazeObject::LoadSwapFile (724):  file open failed. (622_sec.hho)
[02:05:20 AM]	CNtlWorldShadow::LoadSwapFile (141):  file open failed. (623_sec.sdw)
[02:05:20 AM]	CNtlPLObject::LoadSwapFile (3331):  file open failed. (623_sec.objt)
[02:05:20 AM]	CNtlInstanceEffect::LoadSwapFile (801):  file open failed. (623_sec.eff)
[02:05:20 AM]	CNtlPLOccluder_Quad::LoadSwapFile (830):  file open failed. (623_sec.ocq)
[02:05:20 AM]	CNtlPLHeatHazeObject::LoadSwapFile (724):  file open failed. (623_sec.hho)
[02:05:20 AM]	CNtlWorldShadow::LoadSwapFile (141):  file open failed. (592_sec.sdw)
[02:05:20 AM]	CNtlPLObject::LoadSwapFile (3331):  file open failed. (592_sec.objt)
[02:05:20 AM]	CNtlInstanceEffect::LoadSwapFile (801):  file open failed. (592_sec.eff)
[02:05:20 AM]	CNtlPLOccluder_Quad::LoadSwapFile (830):  file open failed. (592_sec.ocq)
[02:05:20 AM]	CNtlPLHeatHazeObject::LoadSwapFile (724):  file open failed. (592_sec.hho)
[02:05:20 AM]	CNtlWorldShadow::LoadSwapFile (141):  file open failed. (593_sec.sdw)
[02:05:20 AM]	CNtlPLObject::LoadSwapFile (3331):  file open failed. (593_sec.objt)
[02:05:20 AM]	CNtlInstanceEffect::LoadSwapFile (801):  file open failed. (593_sec.eff)
[02:05:20 AM]	CNtlPLOccluder_Quad::LoadSwapFile (830):  file open failed. (593_sec.ocq)
[02:05:20 AM]	CNtlPLHeatHazeObject::LoadSwapFile (724):  file open failed. (593_sec.hho)
[02:05:20 AM]	CNtlWorldShadow::LoadSwapFile (141):  file open failed. (624_sec.sdw)
[02:05:20 AM]	CNtlPLObject::LoadSwapFile (3331):  file open failed. (624_sec.objt)
[02:05:20 AM]	CNtlInstanceEffect::LoadSwapFile (801):  file open failed. (624_sec.eff)
[02:05:20 AM]	CNtlPLOccluder_Quad::LoadSwapFile (830):  file open failed. (624_sec.ocq)
[02:05:20 AM]	CNtlPLHeatHazeObject::LoadSwapFile (724):  file open failed. (624_sec.hho)
[02:05:20 AM]	CNtlWorldShadow::LoadSwapFile (141):  file open failed. (625_sec.sdw)
[02:05:20 AM]	CNtlPLObject::LoadSwapFile (3331):  file open failed. (625_sec.objt)
[02:05:20 AM]	CNtlInstanceEffect::LoadSwapFile (801):  file open failed. (625_sec.eff)
[02:05:20 AM]	CNtlPLOccluder_Quad::LoadSwapFile (830):  file open failed. (625_sec.ocq)
[02:05:20 AM]	CNtlPLHeatHazeObject::LoadSwapFile (724):  file open failed. (625_sec.hho)
[02:05:20 AM]	CNtlWorldShadow::LoadSwapFile (141):  file open failed. (594_sec.sdw)
[02:05:20 AM]	CNtlPLObject::LoadSwapFile (3331):  file open failed. (594_sec.objt)
[02:05:20 AM]	CNtlInstanceEffect::LoadSwapFile (801):  file open failed. (594_sec.eff)
[02:05:20 AM]	CNtlPLOccluder_Quad::LoadSwapFile (830):  file open failed. (594_sec.ocq)
[02:05:20 AM]	CNtlPLHeatHazeObject::LoadSwapFile (724):  file open failed. (594_sec.hho)
[02:05:20 AM]	CNtlWorldShadow::LoadSwapFile (141):  file open failed. (595_sec.sdw)
[02:05:20 AM]	CNtlPLObject::LoadSwapFile (3331):  file open failed. (595_sec.objt)
[02:05:20 AM]	CNtlInstanceEffect::LoadSwapFile (801):  file open failed. (595_sec.eff)
[02:05:20 AM]	CNtlPLOccluder_Quad::LoadSwapFile (830):  file open failed. (595_sec.ocq)
[02:05:20 AM]	CNtlPLHeatHazeObject::LoadSwapFile (724):  file open failed. (595_sec.hho)
[02:05:20 AM]	CNtlWorldShadow::LoadSwapFile (141):  file open failed. (626_sec.sdw)
[02:05:20 AM]	CNtlPLObject::LoadSwapFile (3331):  file open failed. (626_sec.objt)
[02:05:20 AM]	CNtlInstanceEffect::LoadSwapFile (801):  file open failed. (626_sec.eff)
[02:05:20 AM]	CNtlPLOccluder_Quad::LoadSwapFile (830):  file open failed. (626_sec.ocq)
[02:05:20 AM]	CNtlPLHeatHazeObject::LoadSwapFile (724):  file open failed. (626_sec.hho)
[02:05:20 AM]	CNtlWorldShadow::LoadSwapFile (141):  file open failed. (627_sec.sdw)
[02:05:20 AM]	CNtlPLObject::LoadSwapFile (3331):  file open failed. (627_sec.objt)
[02:05:20 AM]	CNtlInstanceEffect::LoadSwapFile (801):  file open failed. (627_sec.eff)
[02:05:20 AM]	CNtlPLOccluder_Quad::LoadSwapFile (830):  file open failed. (627_sec.ocq)
[02:05:20 AM]	CNtlPLHeatHazeObject::LoadSwapFile (724):  file open failed. (627_sec.hho)
[02:05:20 AM]	CNtlWorldShadow::LoadSwapFile (141):  file open failed. (596_sec.sdw)
[02:05:20 AM]	CNtlPLObject::LoadSwapFile (3331):  file open failed. (596_sec.objt)
[02:05:20 AM]	CNtlInstanceEffect::LoadSwapFile (801):  file open failed. (596_sec.eff)
[02:05:20 AM]	CNtlPLOccluder_Quad::LoadSwapFile (830):  file open failed. (596_sec.ocq)
[02:05:20 AM]	CNtlPLHeatHazeObject::LoadSwapFile (724):  file open failed. (596_sec.hho)
[02:05:20 AM]	CNtlWorldShadow::LoadSwapFile (141):  file open failed. (597_sec.sdw)
[02:05:20 AM]	CNtlPLObject::LoadSwapFile (3331):  file open failed. (597_sec.objt)
[02:05:20 AM]	CNtlInstanceEffect::LoadSwapFile (801):  file open failed. (597_sec.eff)
[02:05:20 AM]	CNtlPLOccluder_Quad::LoadSwapFile (830):  file open failed. (597_sec.ocq)
[02:05:20 AM]	CNtlPLHeatHazeObject::LoadSwapFile (724):  file open failed. (597_sec.hho)
[02:05:20 AM]	CNtlWorldShadow::LoadSwapFile (141):  file open failed. (628_sec.sdw)
[02:05:20 AM]	CNtlPLObject::LoadSwapFile (3331):  file open failed. (628_sec.objt)
[02:05:20 AM]	CNtlInstanceEffect::LoadSwapFile (801):  file open failed. (628_sec.eff)
[02:05:20 AM]	CNtlPLOccluder_Quad::LoadSwapFile (830):  file open failed. (628_sec.ocq)
[02:05:20 AM]	CNtlPLHeatHazeObject::LoadSwapFile (724):  file open failed. (628_sec.hho)
[02:05:20 AM]	CNtlWorldShadow::LoadSwapFile (141):  file open failed. (629_sec.sdw)
[02:05:20 AM]	CNtlPLObject::LoadSwapFile (3331):  file open failed. (629_sec.objt)
[02:05:20 AM]	CNtlInstanceEffect::LoadSwapFile (801):  file open failed. (629_sec.eff)
[02:05:20 AM]	CNtlPLOccluder_Quad::LoadSwapFile (830):  file open failed. (629_sec.ocq)
[02:05:20 AM]	CNtlPLHeatHazeObject::LoadSwapFile (724):  file open failed. (629_sec.hho)
[02:05:20 AM]	CNtlWorldShadow::LoadSwapFile (141):  file open failed. (654_sec.sdw)
[02:05:20 AM]	CNtlPLObject::LoadSwapFile (3331):  file open failed. (654_sec.objt)
[02:05:21 AM]	CNtlInstanceEffect::LoadSwapFile (801):  file open failed. (654_sec.eff)
[02:05:21 AM]	CNtlPLOccluder_Quad::LoadSwapFile (830):  file open failed. (654_sec.ocq)
[02:05:21 AM]	CNtlPLHeatHazeObject::LoadSwapFile (724):  file open failed. (654_sec.hho)
[02:05:21 AM]	CNtlWorldShadow::LoadSwapFile (141):  file open failed. (655_sec.sdw)
[02:05:21 AM]	CNtlPLObject::LoadSwapFile (3331):  file open failed. (655_sec.objt)
[02:05:21 AM]	CNtlInstanceEffect::LoadSwapFile (801):  file open failed. (655_sec.eff)
[02:05:21 AM]	CNtlPLOccluder_Quad::LoadSwapFile (830):  file open failed. (655_sec.ocq)
[02:05:21 AM]	CNtlPLHeatHazeObject::LoadSwapFile (724):  file open failed. (655_sec.hho)
[02:05:21 AM]	CNtlWorldShadow::LoadSwapFile (141):  file open failed. (686_sec.sdw)
[02:05:21 AM]	CNtlPLObject::LoadSwapFile (3331):  file open failed. (686_sec.objt)
[02:05:21 AM]	CNtlInstanceEffect::LoadSwapFile (801):  file open failed. (686_sec.eff)
[02:05:21 AM]	CNtlPLOccluder_Quad::LoadSwapFile (830):  file open failed. (686_sec.ocq)
[02:05:21 AM]	CNtlPLHeatHazeObject::LoadSwapFile (724):  file open failed. (686_sec.hho)
[02:05:21 AM]	CNtlWorldShadow::LoadSwapFile (141):  file open failed. (687_sec.sdw)
[02:05:21 AM]	CNtlPLObject::LoadSwapFile (3331):  file open failed. (687_sec.objt)
[02:05:21 AM]	CNtlInstanceEffect::LoadSwapFile (801):  file open failed. (687_sec.eff)
[02:05:21 AM]	CNtlPLOccluder_Quad::LoadSwapFile (830):  file open failed. (687_sec.ocq)
[02:05:21 AM]	CNtlPLHeatHazeObject::LoadSwapFile (724):  file open failed. (687_sec.hho)
[02:05:21 AM]	CNtlWorldShadow::LoadSwapFile (141):  file open failed. (656_sec.sdw)
[02:05:21 AM]	CNtlPLObject::LoadSwapFile (3331):  file open failed. (656_sec.objt)
[02:05:21 AM]	CNtlInstanceEffect::LoadSwapFile (801):  file open failed. (656_sec.eff)
[02:05:21 AM]	CNtlPLOccluder_Quad::LoadSwapFile (830):  file open failed. (656_sec.ocq)
[02:05:21 AM]	CNtlPLHeatHazeObject::LoadSwapFile (724):  file open failed. (656_sec.hho)
[02:05:21 AM]	CNtlWorldShadow::LoadSwapFile (141):  file open failed. (657_sec.sdw)
[02:05:21 AM]	CNtlPLObject::LoadSwapFile (3331):  file open failed. (657_sec.objt)
[02:05:21 AM]	CNtlInstanceEffect::LoadSwapFile (801):  file open failed. (657_sec.eff)
[02:05:21 AM]	CNtlPLOccluder_Quad::LoadSwapFile (830):  file open failed. (657_sec.ocq)
[02:05:21 AM]	CNtlPLHeatHazeObject::LoadSwapFile (724):  file open failed. (657_sec.hho)
[02:05:21 AM]	CNtlWorldShadow::LoadSwapFile (141):  file open failed. (688_sec.sdw)
[02:05:21 AM]	CNtlPLObject::LoadSwapFile (3331):  file open failed. (688_sec.objt)
[02:05:21 AM]	CNtlInstanceEffect::LoadSwapFile (801):  file open failed. (688_sec.eff)
[02:05:21 AM]	CNtlPLOccluder_Quad::LoadSwapFile (830):  file open failed. (688_sec.ocq)
[02:05:21 AM]	CNtlPLHeatHazeObject::LoadSwapFile (724):  file open failed. (688_sec.hho)
[02:05:21 AM]	CNtlWorldShadow::LoadSwapFile (141):  file open failed. (689_sec.sdw)
[02:05:21 AM]	CNtlPLObject::LoadSwapFile (3331):  file open failed. (689_sec.objt)
[02:05:21 AM]	CNtlInstanceEffect::LoadSwapFile (801):  file open failed. (689_sec.eff)
[02:05:21 AM]	CNtlPLOccluder_Quad::LoadSwapFile (830):  file open failed. (689_sec.ocq)
[02:05:21 AM]	CNtlPLHeatHazeObject::LoadSwapFile (724):  file open failed. (689_sec.hho)
[02:05:21 AM]	CNtlWorldShadow::LoadSwapFile (141):  file open failed. (658_sec.sdw)
[02:05:21 AM]	CNtlPLObject::LoadSwapFile (3331):  file open failed. (658_sec.objt)
[02:05:21 AM]	CNtlInstanceEffect::LoadSwapFile (801):  file open failed. (658_sec.eff)
[02:05:21 AM]	CNtlPLOccluder_Quad::LoadSwapFile (830):  file open failed. (658_sec.ocq)
[02:05:21 AM]	CNtlPLHeatHazeObject::LoadSwapFile (724):  file open failed. (658_sec.hho)
[02:05:21 AM]	CNtlWorldShadow::LoadSwapFile (141):  file open failed. (659_sec.sdw)
[02:05:21 AM]	CNtlPLObject::LoadSwapFile (3331):  file open failed. (659_sec.objt)
[02:05:21 AM]	CNtlInstanceEffect::LoadSwapFile (801):  file open failed. (659_sec.eff)
[02:05:21 AM]	CNtlPLOccluder_Quad::LoadSwapFile (830):  file open failed. (659_sec.ocq)
[02:05:21 AM]	CNtlPLHeatHazeObject::LoadSwapFile (724):  file open failed. (659_sec.hho)
[02:05:21 AM]	CNtlWorldShadow::LoadSwapFile (141):  file open failed. (690_sec.sdw)
[02:05:21 AM]	CNtlPLObject::LoadSwapFile (3331):  file open failed. (690_sec.objt)
[02:05:21 AM]	CNtlInstanceEffect::LoadSwapFile (801):  file open failed. (690_sec.eff)
[02:05:21 AM]	CNtlPLOccluder_Quad::LoadSwapFile (830):  file open failed. (690_sec.ocq)
[02:05:21 AM]	CNtlPLHeatHazeObject::LoadSwapFile (724):  file open failed. (690_sec.hho)
[02:05:21 AM]	CNtlWorldShadow::LoadSwapFile (141):  file open failed. (691_sec.sdw)
[02:05:21 AM]	CNtlPLObject::LoadSwapFile (3331):  file open failed. (691_sec.objt)
[02:05:21 AM]	CNtlInstanceEffect::LoadSwapFile (801):  file open failed. (691_sec.eff)
[02:05:21 AM]	CNtlPLOccluder_Quad::LoadSwapFile (830):  file open failed. (691_sec.ocq)
[02:05:21 AM]	CNtlPLHeatHazeObject::LoadSwapFile (724):  file open failed. (691_sec.hho)
[02:05:21 AM]	CNtlWorldShadow::LoadSwapFile (141):  file open failed. (660_sec.sdw)
[02:05:21 AM]	CNtlPLObject::LoadSwapFile (3331):  file open failed. (660_sec.objt)
[02:05:21 AM]	CNtlInstanceEffect::LoadSwapFile (801):  file open failed. (660_sec.eff)
[02:05:21 AM]	CNtlPLOccluder_Quad::LoadSwapFile (830):  file open failed. (660_sec.ocq)
[02:05:21 AM]	CNtlPLHeatHazeObject::LoadSwapFile (724):  file open failed. (660_sec.hho)
[02:05:21 AM]	CNtlWorldShadow::LoadSwapFile (141):  file open failed. (661_sec.sdw)
[02:05:21 AM]	CNtlPLObject::LoadSwapFile (3331):  file open failed. (661_sec.objt)
[02:05:21 AM]	CNtlInstanceEffect::LoadSwapFile (801):  file open failed. (661_sec.eff)
[02:05:21 AM]	CNtlPLOccluder_Quad::LoadSwapFile (830):  file open failed. (661_sec.ocq)
[02:05:21 AM]	CNtlPLHeatHazeObject::LoadSwapFile (724):  file open failed. (661_sec.hho)
[02:05:21 AM]	CNtlWorldShadow::LoadSwapFile (141):  file open failed. (692_sec.sdw)
[02:05:21 AM]	CNtlPLObject::LoadSwapFile (3331):  file open failed. (692_sec.objt)
[02:05:21 AM]	CNtlInstanceEffect::LoadSwapFile (801):  file open failed. (692_sec.eff)
[02:05:21 AM]	CNtlPLOccluder_Quad::LoadSwapFile (830):  file open failed. (692_sec.ocq)
[02:05:21 AM]	CNtlPLHeatHazeObject::LoadSwapFile (724):  file open failed. (692_sec.hho)
[02:05:21 AM]	CNtlWorldShadow::LoadSwapFile (141):  file open failed. (693_sec.sdw)
[02:05:21 AM]	CNtlPLObject::LoadSwapFile (3331):  file open failed. (693_sec.objt)
[02:05:21 AM]	CNtlInstanceEffect::LoadSwapFile (801):  file open failed. (693_sec.eff)
[02:05:21 AM]	CNtlPLOccluder_Quad::LoadSwapFile (830):  file open failed. (693_sec.ocq)
[02:05:21 AM]	CNtlPLHeatHazeObject::LoadSwapFile (724):  file open failed. (693_sec.hho)
[02:05:39 AM]	CNtlWorldShadow::LoadSwapFile (141):  file open failed. (406_sec.sdw)
[02:05:39 AM]	CNtlPLObject::LoadSwapFile (3331):  file open failed. (406_sec.objt)
[02:05:39 AM]	CNtlInstanceEffect::LoadSwapFile (801):  file open failed. (406_sec.eff)
[02:05:39 AM]	CNtlPLOccluder_Quad::LoadSwapFile (830):  file open failed. (406_sec.ocq)
[02:05:39 AM]	CNtlPLHeatHazeObject::LoadSwapFile (724):  file open failed. (406_sec.hho)
[02:05:39 AM]	CNtlWorldShadow::LoadSwapFile (141):  file open failed. (407_sec.sdw)
[02:05:39 AM]	CNtlPLObject::LoadSwapFile (3331):  file open failed. (407_sec.objt)
[02:05:39 AM]	CNtlInstanceEffect::LoadSwapFile (801):  file open failed. (407_sec.eff)
[02:05:39 AM]	CNtlPLOccluder_Quad::LoadSwapFile (830):  file open failed. (407_sec.ocq)
[02:05:39 AM]	CNtlPLHeatHazeObject::LoadSwapFile (724):  file open failed. (407_sec.hho)
[02:05:39 AM]	CNtlWorldShadow::LoadSwapFile (141):  file open failed. (438_sec.sdw)
[02:05:40 AM]	CNtlPLObject::LoadSwapFile (3331):  file open failed. (438_sec.objt)
[02:05:40 AM]	CNtlInstanceEffect::LoadSwapFile (801):  file open failed. (438_sec.eff)
[02:05:40 AM]	CNtlPLOccluder_Quad::LoadSwapFile (830):  file open failed. (438_sec.ocq)
[02:05:40 AM]	CNtlPLHeatHazeObject::LoadSwapFile (724):  file open failed. (438_sec.hho)
[02:05:40 AM]	CNtlWorldShadow::LoadSwapFile (141):  file open failed. (439_sec.sdw)
[02:05:40 AM]	CNtlPLObject::LoadSwapFile (3331):  file open failed. (439_sec.objt)
[02:05:40 AM]	CNtlInstanceEffect::LoadSwapFile (801):  file open failed. (439_sec.eff)
[02:05:40 AM]	CNtlPLOccluder_Quad::LoadSwapFile (830):  file open failed. (439_sec.ocq)
[02:05:40 AM]	CNtlPLHeatHazeObject::LoadSwapFile (724):  file open failed. (439_sec.hho)
[02:05:40 AM]	CNtlWorldShadow::LoadSwapFile (141):  file open failed. (470_sec.sdw)
[02:05:41 AM]	CNtlPLObject::LoadSwapFile (3331):  file open failed. (470_sec.objt)
[02:05:41 AM]	CNtlInstanceEffect::LoadSwapFile (801):  file open failed. (470_sec.eff)
[02:05:41 AM]	CNtlPLOccluder_Quad::LoadSwapFile (830):  file open failed. (470_sec.ocq)
[02:05:41 AM]	CNtlPLHeatHazeObject::LoadSwapFile (724):  file open failed. (470_sec.hho)
[02:05:41 AM]	CNtlWorldShadow::LoadSwapFile (141):  file open failed. (471_sec.sdw)
[02:05:41 AM]	CNtlPLObject::LoadSwapFile (3331):  file open failed. (471_sec.objt)
[02:05:41 AM]	CNtlInstanceEffect::LoadSwapFile (801):  file open failed. (471_sec.eff)
[02:05:41 AM]	CNtlPLOccluder_Quad::LoadSwapFile (830):  file open failed. (471_sec.ocq)
[02:05:41 AM]	CNtlPLHeatHazeObject::LoadSwapFile (724):  file open failed. (471_sec.hho)
[02:05:41 AM]	CNtlWorldShadow::LoadSwapFile (141):  file open failed. (502_sec.sdw)
[02:05:41 AM]	CNtlPLObject::LoadSwapFile (3331):  file open failed. (502_sec.objt)
[02:05:41 AM]	CNtlInstanceEffect::LoadSwapFile (801):  file open failed. (502_sec.eff)
[02:05:41 AM]	CNtlPLOccluder_Quad::LoadSwapFile (830):  file open failed. (502_sec.ocq)
[02:05:41 AM]	CNtlPLHeatHazeObject::LoadSwapFile (724):  file open failed. (502_sec.hho)
[02:05:41 AM]	CNtlWorldShadow::LoadSwapFile (141):  file open failed. (503_sec.sdw)
[02:05:41 AM]	CNtlPLObject::LoadSwapFile (3331):  file open failed. (503_sec.objt)
[02:05:41 AM]	CNtlInstanceEffect::LoadSwapFile (801):  file open failed. (503_sec.eff)
[02:05:41 AM]	CNtlPLOccluder_Quad::LoadSwapFile (830):  file open failed. (503_sec.ocq)
[02:05:41 AM]	CNtlPLHeatHazeObject::LoadSwapFile (724):  file open failed. (503_sec.hho)
[02:05:41 AM]	CNtlWorldShadow::LoadSwapFile (141):  file open failed. (534_sec.sdw)
[02:05:41 AM]	CNtlPLObject::LoadSwapFile (3331):  file open failed. (534_sec.objt)
[02:05:41 AM]	CNtlInstanceEffect::LoadSwapFile (801):  file open failed. (534_sec.eff)
[02:05:41 AM]	CNtlPLOccluder_Quad::LoadSwapFile (830):  file open failed. (534_sec.ocq)
[02:05:41 AM]	CNtlPLHeatHazeObject::LoadSwapFile (724):  file open failed. (534_sec.hho)
[02:05:41 AM]	CNtlWorldShadow::LoadSwapFile (141):  file open failed. (535_sec.sdw)
[02:05:41 AM]	CNtlPLObject::LoadSwapFile (3331):  file open failed. (535_sec.objt)
[02:05:41 AM]	CNtlInstanceEffect::LoadSwapFile (801):  file open failed. (535_sec.eff)
[02:05:41 AM]	CNtlPLOccluder_Quad::LoadSwapFile (830):  file open failed. (535_sec.ocq)
[02:05:41 AM]	CNtlPLHeatHazeObject::LoadSwapFile (724):  file open failed. (535_sec.hho)
[02:05:41 AM]	CNtlWorldShadow::LoadSwapFile (141):  file open failed. (566_sec.sdw)
[02:05:41 AM]	CNtlPLObject::LoadSwapFile (3331):  file open failed. (566_sec.objt)
[02:05:41 AM]	CNtlInstanceEffect::LoadSwapFile (801):  file open failed. (566_sec.eff)
[02:05:41 AM]	CNtlPLOccluder_Quad::LoadSwapFile (830):  file open failed. (566_sec.ocq)
[02:05:41 AM]	CNtlPLHeatHazeObject::LoadSwapFile (724):  file open failed. (566_sec.hho)
[02:05:41 AM]	CNtlWorldShadow::LoadSwapFile (141):  file open failed. (567_sec.sdw)
[02:05:41 AM]	CNtlPLObject::LoadSwapFile (3331):  file open failed. (567_sec.objt)
[02:05:41 AM]	CNtlInstanceEffect::LoadSwapFile (801):  file open failed. (567_sec.eff)
[02:05:41 AM]	CNtlPLOccluder_Quad::LoadSwapFile (830):  file open failed. (567_sec.ocq)
[02:05:41 AM]	CNtlPLHeatHazeObject::LoadSwapFile (724):  file open failed. (567_sec.hho)
[02:05:41 AM]	CNtlWorldShadow::LoadSwapFile (141):  file open failed. (598_sec.sdw)
[02:05:41 AM]	CNtlPLObject::LoadSwapFile (3331):  file open failed. (598_sec.objt)
[02:05:41 AM]	CNtlInstanceEffect::LoadSwapFile (801):  file open failed. (598_sec.eff)
[02:05:41 AM]	CNtlPLOccluder_Quad::LoadSwapFile (830):  file open failed. (598_sec.ocq)
[02:05:41 AM]	CNtlPLHeatHazeObject::LoadSwapFile (724):  file open failed. (598_sec.hho)
[02:05:41 AM]	CNtlWorldShadow::LoadSwapFile (141):  file open failed. (599_sec.sdw)
[02:05:41 AM]	CNtlPLObject::LoadSwapFile (3331):  file open failed. (599_sec.objt)
[02:05:41 AM]	CNtlInstanceEffect::LoadSwapFile (801):  file open failed. (599_sec.eff)
[02:05:41 AM]	CNtlPLOccluder_Quad::LoadSwapFile (830):  file open failed. (599_sec.ocq)
[02:05:41 AM]	CNtlPLHeatHazeObject::LoadSwapFile (724):  file open failed. (599_sec.hho)
[02:05:41 AM]	CNtlWorldShadow::LoadSwapFile (141):  file open failed. (630_sec.sdw)
[02:05:41 AM]	CNtlPLObject::LoadSwapFile (3331):  file open failed. (630_sec.objt)
[02:05:41 AM]	CNtlInstanceEffect::LoadSwapFile (801):  file open failed. (630_sec.eff)
[02:05:41 AM]	CNtlPLOccluder_Quad::LoadSwapFile (830):  file open failed. (630_sec.ocq)
[02:05:41 AM]	CNtlPLHeatHazeObject::LoadSwapFile (724):  file open failed. (630_sec.hho)
[02:05:41 AM]	CNtlWorldShadow::LoadSwapFile (141):  file open failed. (631_sec.sdw)
[02:05:41 AM]	CNtlPLObject::LoadSwapFile (3331):  file open failed. (631_sec.objt)
[02:05:41 AM]	CNtlInstanceEffect::LoadSwapFile (801):  file open failed. (631_sec.eff)
[02:05:41 AM]	CNtlPLOccluder_Quad::LoadSwapFile (830):  file open failed. (631_sec.ocq)
[02:05:41 AM]	CNtlPLHeatHazeObject::LoadSwapFile (724):  file open failed. (631_sec.hho)
[02:05:41 AM]	CNtlWorldShadow::LoadSwapFile (141):  file open failed. (662_sec.sdw)
[02:05:41 AM]	CNtlPLObject::LoadSwapFile (3331):  file open failed. (662_sec.objt)
[02:05:41 AM]	CNtlInstanceEffect::LoadSwapFile (801):  file open failed. (662_sec.eff)
[02:05:41 AM]	CNtlPLOccluder_Quad::LoadSwapFile (830):  file open failed. (662_sec.ocq)
[02:05:41 AM]	CNtlPLHeatHazeObject::LoadSwapFile (724):  file open failed. (662_sec.hho)
[02:05:41 AM]	CNtlWorldShadow::LoadSwapFile (141):  file open failed. (663_sec.sdw)
[02:05:41 AM]	CNtlPLObject::LoadSwapFile (3331):  file open failed. (663_sec.objt)
[02:05:41 AM]	CNtlInstanceEffect::LoadSwapFile (801):  file open failed. (663_sec.eff)
[02:05:41 AM]	CNtlPLOccluder_Quad::LoadSwapFile (830):  file open failed. (663_sec.ocq)
[02:05:41 AM]	CNtlPLHeatHazeObject::LoadSwapFile (724):  file open failed. (663_sec.hho)
[02:05:41 AM]	CNtlWorldShadow::LoadSwapFile (141):  file open failed. (694_sec.sdw)
[02:05:41 AM]	CNtlPLObject::LoadSwapFile (3331):  file open failed. (694_sec.objt)
[02:05:41 AM]	CNtlInstanceEffect::LoadSwapFile (801):  file open failed. (694_sec.eff)
[02:05:41 AM]	CNtlPLOccluder_Quad::LoadSwapFile (830):  file open failed. (694_sec.ocq)
[02:05:41 AM]	CNtlPLHeatHazeObject::LoadSwapFile (724):  file open failed. (694_sec.hho)
[02:05:41 AM]	CNtlWorldShadow::LoadSwapFile (141):  file open failed. (695_sec.sdw)
[02:05:41 AM]	CNtlPLObject::LoadSwapFile (3331):  file open failed. (695_sec.objt)
[02:05:41 AM]	CNtlInstanceEffect::LoadSwapFile (801):  file open failed. (695_sec.eff)
[02:05:41 AM]	CNtlPLOccluder_Quad::LoadSwapFile (830):  file open failed. (695_sec.ocq)
[02:05:41 AM]	CNtlPLHeatHazeObject::LoadSwapFile (724):  file open failed. (695_sec.hho)
[02:05:41 AM]	CNtlWorldShadow::LoadSwapFile (141):  file open failed. (726_sec.sdw)
[02:05:41 AM]	CNtlPLObject::LoadSwapFile (3331):  file open failed. (726_sec.objt)
[02:05:41 AM]	CNtlInstanceEffect::LoadSwapFile (801):  file open failed. (726_sec.eff)
[02:05:41 AM]	CNtlPLOccluder_Quad::LoadSwapFile (830):  file open failed. (726_sec.ocq)
[02:05:41 AM]	CNtlPLHeatHazeObject::LoadSwapFile (724):  file open failed. (726_sec.hho)
[02:05:41 AM]	CNtlWorldShadow::LoadSwapFile (141):  file open failed. (727_sec.sdw)
[02:05:41 AM]	CNtlPLObject::LoadSwapFile (3331):  file open failed. (727_sec.objt)
[02:05:41 AM]	CNtlInstanceEffect::LoadSwapFile (801):  file open failed. (727_sec.eff)
[02:05:41 AM]	CNtlPLOccluder_Quad::LoadSwapFile (830):  file open failed. (727_sec.ocq)
[02:05:41 AM]	CNtlPLHeatHazeObject::LoadSwapFile (724):  file open failed. (727_sec.hho)
[02:05:41 AM]	CNtlWorldShadow::LoadSwapFile (141):  file open failed. (758_sec.sdw)
[02:05:41 AM]	CNtlPLObject::LoadSwapFile (3331):  file open failed. (758_sec.objt)
[02:05:41 AM]	CNtlInstanceEffect::LoadSwapFile (801):  file open failed. (758_sec.eff)
[02:05:41 AM]	CNtlPLOccluder_Quad::LoadSwapFile (830):  file open failed. (758_sec.ocq)
[02:05:41 AM]	CNtlPLHeatHazeObject::LoadSwapFile (724):  file open failed. (758_sec.hho)
[02:05:41 AM]	CNtlWorldShadow::LoadSwapFile (141):  file open failed. (759_sec.sdw)
[02:05:41 AM]	CNtlPLObject::LoadSwapFile (3331):  file open failed. (759_sec.objt)
[02:05:41 AM]	CNtlInstanceEffect::LoadSwapFile (801):  file open failed. (759_sec.eff)
[02:05:41 AM]	CNtlPLOccluder_Quad::LoadSwapFile (830):  file open failed. (759_sec.ocq)
[02:05:42 AM]	CNtlPLHeatHazeObject::LoadSwapFile (724):  file open failed. (759_sec.hho)
[02:05:48 AM]	CNtlWorldShadow::LoadSwapFile (141):  file open failed. (334_sec.sdw)
[02:05:48 AM]	CNtlPLObject::LoadSwapFile (3331):  file open failed. (334_sec.objt)
[02:05:48 AM]	CNtlInstanceEffect::LoadSwapFile (801):  file open failed. (334_sec.eff)
[02:05:48 AM]	CNtlPLOccluder_Quad::LoadSwapFile (830):  file open failed. (334_sec.ocq)
[02:05:48 AM]	CNtlPLHeatHazeObject::LoadSwapFile (724):  file open failed. (334_sec.hho)
[02:05:48 AM]	CNtlWorldShadow::LoadSwapFile (141):  file open failed. (335_sec.sdw)
[02:05:48 AM]	CNtlPLObject::LoadSwapFile (3331):  file open failed. (335_sec.objt)
[02:05:48 AM]	CNtlInstanceEffect::LoadSwapFile (801):  file open failed. (335_sec.eff)
[02:05:48 AM]	CNtlPLOccluder_Quad::LoadSwapFile (830):  file open failed. (335_sec.ocq)
[02:05:48 AM]	CNtlPLHeatHazeObject::LoadSwapFile (724):  file open failed. (335_sec.hho)
[02:05:48 AM]	CNtlWorldShadow::LoadSwapFile (141):  file open failed. (366_sec.sdw)
[02:05:48 AM]	CNtlPLObject::LoadSwapFile (3331):  file open failed. (366_sec.objt)
[02:05:48 AM]	CNtlInstanceEffect::LoadSwapFile (801):  file open failed. (366_sec.eff)
[02:05:48 AM]	CNtlPLOccluder_Quad::LoadSwapFile (830):  file open failed. (366_sec.ocq)
[02:05:48 AM]	CNtlPLHeatHazeObject::LoadSwapFile (724):  file open failed. (366_sec.hho)
[02:05:48 AM]	CNtlWorldShadow::LoadSwapFile (141):  file open failed. (367_sec.sdw)
[02:05:48 AM]	CNtlPLObject::LoadSwapFile (3331):  file open failed. (367_sec.objt)
[02:05:48 AM]	CNtlInstanceEffect::LoadSwapFile (801):  file open failed. (367_sec.eff)
[02:05:48 AM]	CNtlPLOccluder_Quad::LoadSwapFile (830):  file open failed. (367_sec.ocq)
[02:05:48 AM]	CNtlPLHeatHazeObject::LoadSwapFile (724):  file open failed. (367_sec.hho)
[02:05:48 AM]	CNtlWorldShadow::LoadSwapFile (141):  file open failed. (336_sec.sdw)
[02:05:48 AM]	CNtlPLObject::LoadSwapFile (3331):  file open failed. (336_sec.objt)
[02:05:48 AM]	CNtlInstanceEffect::LoadSwapFile (801):  file open failed. (336_sec.eff)
[02:05:48 AM]	CNtlPLOccluder_Quad::LoadSwapFile (830):  file open failed. (336_sec.ocq)
[02:05:48 AM]	CNtlPLHeatHazeObject::LoadSwapFile (724):  file open failed. (336_sec.hho)
[02:05:48 AM]	CNtlWorldShadow::LoadSwapFile (141):  file open failed. (337_sec.sdw)
[02:05:48 AM]	CNtlPLObject::LoadSwapFile (3331):  file open failed. (337_sec.objt)
[02:05:48 AM]	CNtlInstanceEffect::LoadSwapFile (801):  file open failed. (337_sec.eff)
[02:05:48 AM]	CNtlPLOccluder_Quad::LoadSwapFile (830):  file open failed. (337_sec.ocq)
[02:05:48 AM]	CNtlPLHeatHazeObject::LoadSwapFile (724):  file open failed. (337_sec.hho)
[02:05:48 AM]	CNtlWorldShadow::LoadSwapFile (141):  file open failed. (368_sec.sdw)
[02:05:48 AM]	CNtlPLObject::LoadSwapFile (3331):  file open failed. (368_sec.objt)
[02:05:48 AM]	CNtlInstanceEffect::LoadSwapFile (801):  file open failed. (368_sec.eff)
[02:05:48 AM]	CNtlPLOccluder_Quad::LoadSwapFile (830):  file open failed. (368_sec.ocq)
[02:05:48 AM]	CNtlPLHeatHazeObject::LoadSwapFile (724):  file open failed. (368_sec.hho)
[02:05:48 AM]	CNtlWorldShadow::LoadSwapFile (141):  file open failed. (369_sec.sdw)
[02:05:48 AM]	CNtlPLObject::LoadSwapFile (3331):  file open failed. (369_sec.objt)
[02:05:48 AM]	CNtlInstanceEffect::LoadSwapFile (801):  file open failed. (369_sec.eff)
[02:05:48 AM]	CNtlPLOccluder_Quad::LoadSwapFile (830):  file open failed. (369_sec.ocq)
[02:05:48 AM]	CNtlPLHeatHazeObject::LoadSwapFile (724):  file open failed. (369_sec.hho)
[02:05:48 AM]	CNtlWorldShadow::LoadSwapFile (141):  file open failed. (338_sec.sdw)
[02:05:48 AM]	CNtlPLObject::LoadSwapFile (3331):  file open failed. (338_sec.objt)
[02:05:48 AM]	CNtlInstanceEffect::LoadSwapFile (801):  file open failed. (338_sec.eff)
[02:05:48 AM]	CNtlPLOccluder_Quad::LoadSwapFile (830):  file open failed. (338_sec.ocq)
[02:05:48 AM]	CNtlPLHeatHazeObject::LoadSwapFile (724):  file open failed. (338_sec.hho)
[02:05:48 AM]	CNtlWorldShadow::LoadSwapFile (141):  file open failed. (339_sec.sdw)
[02:05:48 AM]	CNtlPLObject::LoadSwapFile (3331):  file open failed. (339_sec.objt)
[02:05:48 AM]	CNtlInstanceEffect::LoadSwapFile (801):  file open failed. (339_sec.eff)
[02:05:48 AM]	CNtlPLOccluder_Quad::LoadSwapFile (830):  file open failed. (339_sec.ocq)
[02:05:48 AM]	CNtlPLHeatHazeObject::LoadSwapFile (724):  file open failed. (339_sec.hho)
[02:05:48 AM]	CNtlWorldShadow::LoadSwapFile (141):  file open failed. (370_sec.sdw)
[02:05:48 AM]	CNtlPLObject::LoadSwapFile (3331):  file open failed. (370_sec.objt)
[02:05:48 AM]	CNtlInstanceEffect::LoadSwapFile (801):  file open failed. (370_sec.eff)
[02:05:48 AM]	CNtlPLOccluder_Quad::LoadSwapFile (830):  file open failed. (370_sec.ocq)
[02:05:48 AM]	CNtlPLHeatHazeObject::LoadSwapFile (724):  file open failed. (370_sec.hho)
[02:05:48 AM]	CNtlWorldShadow::LoadSwapFile (141):  file open failed. (371_sec.sdw)
[02:05:48 AM]	CNtlPLObject::LoadSwapFile (3331):  file open failed. (371_sec.objt)
[02:05:48 AM]	CNtlInstanceEffect::LoadSwapFile (801):  file open failed. (371_sec.eff)
[02:05:48 AM]	CNtlPLOccluder_Quad::LoadSwapFile (830):  file open failed. (371_sec.ocq)
[02:05:48 AM]	CNtlPLHeatHazeObject::LoadSwapFile (724):  file open failed. (371_sec.hho)
[02:05:49 AM]	CNtlWorldShadow::LoadSwapFile (141):  file open failed. (340_sec.sdw)
[02:05:49 AM]	CNtlPLObject::LoadSwapFile (3331):  file open failed. (340_sec.objt)
[02:05:49 AM]	CNtlInstanceEffect::LoadSwapFile (801):  file open failed. (340_sec.eff)
[02:05:49 AM]	CNtlPLOccluder_Quad::LoadSwapFile (830):  file open failed. (340_sec.ocq)
[02:05:49 AM]	CNtlPLHeatHazeObject::LoadSwapFile (724):  file open failed. (340_sec.hho)
[02:05:49 AM]	CNtlWorldShadow::LoadSwapFile (141):  file open failed. (341_sec.sdw)
[02:05:49 AM]	CNtlPLObject::LoadSwapFile (3331):  file open failed. (341_sec.objt)
[02:05:49 AM]	CNtlInstanceEffect::LoadSwapFile (801):  file open failed. (341_sec.eff)
[02:05:49 AM]	CNtlPLOccluder_Quad::LoadSwapFile (830):  file open failed. (341_sec.ocq)
[02:05:49 AM]	CNtlPLHeatHazeObject::LoadSwapFile (724):  file open failed. (341_sec.hho)
[02:05:49 AM]	CNtlWorldShadow::LoadSwapFile (141):  file open failed. (372_sec.sdw)
[02:05:49 AM]	CNtlPLObject::LoadSwapFile (3331):  file open failed. (372_sec.objt)
[02:05:49 AM]	CNtlInstanceEffect::LoadSwapFile (801):  file open failed. (372_sec.eff)
[02:05:49 AM]	CNtlPLOccluder_Quad::LoadSwapFile (830):  file open failed. (372_sec.ocq)
[02:05:49 AM]	CNtlPLHeatHazeObject::LoadSwapFile (724):  file open failed. (372_sec.hho)
[02:05:49 AM]	CNtlWorldShadow::LoadSwapFile (141):  file open failed. (373_sec.sdw)
[02:05:49 AM]	CNtlPLObject::LoadSwapFile (3331):  file open failed. (373_sec.objt)
[02:05:49 AM]	CNtlInstanceEffect::LoadSwapFile (801):  file open failed. (373_sec.eff)
[02:05:49 AM]	CNtlPLOccluder_Quad::LoadSwapFile (830):  file open failed. (373_sec.ocq)
[02:05:49 AM]	CNtlPLHeatHazeObject::LoadSwapFile (724):  file open failed. (373_sec.hho)
[02:05:50 AM]	CNtlWorldShadow::LoadSwapFile (141):  file open failed. (342_sec.sdw)
[02:05:50 AM]	CNtlPLObject::LoadSwapFile (3331):  file open failed. (342_sec.objt)
[02:05:50 AM]	CNtlInstanceEffect::LoadSwapFile (801):  file open failed. (342_sec.eff)
[02:05:50 AM]	CNtlPLOccluder_Quad::LoadSwapFile (830):  file open failed. (342_sec.ocq)
[02:05:50 AM]	CNtlPLHeatHazeObject::LoadSwapFile (724):  file open failed. (342_sec.hho)
[02:05:50 AM]	CNtlWorldShadow::LoadSwapFile (141):  file open failed. (343_sec.sdw)
[02:05:50 AM]	CNtlPLObject::LoadSwapFile (3331):  file open failed. (343_sec.objt)
[02:05:51 AM]	CNtlInstanceEffect::LoadSwapFile (801):  file open failed. (343_sec.eff)
[02:05:51 AM]	CNtlPLOccluder_Quad::LoadSwapFile (830):  file open failed. (343_sec.ocq)
[02:05:51 AM]	CNtlPLHeatHazeObject::LoadSwapFile (724):  file open failed. (343_sec.hho)
[02:05:51 AM]	CNtlWorldShadow::LoadSwapFile (141):  file open failed. (374_sec.sdw)
[02:05:51 AM]	CNtlPLObject::LoadSwapFile (3331):  file open failed. (374_sec.objt)
[02:05:51 AM]	CNtlInstanceEffect::LoadSwapFile (801):  file open failed. (374_sec.eff)
[02:05:51 AM]	CNtlPLOccluder_Quad::LoadSwapFile (830):  file open failed. (374_sec.ocq)
[02:05:51 AM]	CNtlPLHeatHazeObject::LoadSwapFile (724):  file open failed. (374_sec.hho)
[02:05:51 AM]	CNtlWorldShadow::LoadSwapFile (141):  file open failed. (375_sec.sdw)
[02:05:51 AM]	CNtlPLObject::LoadSwapFile (3331):  file open failed. (375_sec.objt)
[02:05:51 AM]	CNtlInstanceEffect::LoadSwapFile (801):  file open failed. (375_sec.eff)
[02:05:51 AM]	CNtlPLOccluder_Quad::LoadSwapFile (830):  file open failed. (375_sec.ocq)
[02:05:51 AM]	CNtlPLHeatHazeObject::LoadSwapFile (724):  file open failed. (375_sec.hho)
[02:05:52 AM]	CNtlWorldShadow::LoadSwapFile (141):  file open failed. (344_sec.sdw)
[02:05:52 AM]	CNtlPLObject::LoadSwapFile (3331):  file open failed. (344_sec.objt)
[02:05:52 AM]	CNtlInstanceEffect::LoadSwapFile (801):  file open failed. (344_sec.eff)
[02:05:52 AM]	CNtlPLOccluder_Quad::LoadSwapFile (830):  file open failed. (344_sec.ocq)
[02:05:52 AM]	CNtlPLHeatHazeObject::LoadSwapFile (724):  file open failed. (344_sec.hho)
[02:05:52 AM]	CNtlWorldShadow::LoadSwapFile (141):  file open failed. (345_sec.sdw)
[02:05:52 AM]	CNtlPLObject::LoadSwapFile (3331):  file open failed. (345_sec.objt)
[02:05:52 AM]	CNtlInstanceEffect::LoadSwapFile (801):  file open failed. (345_sec.eff)
[02:05:52 AM]	CNtlPLOccluder_Quad::LoadSwapFile (830):  file open failed. (345_sec.ocq)
[02:05:52 AM]	CNtlPLHeatHazeObject::LoadSwapFile (724):  file open failed. (345_sec.hho)
[02:05:52 AM]	CNtlWorldShadow::LoadSwapFile (141):  file open failed. (376_sec.sdw)
[02:05:52 AM]	CNtlPLObject::LoadSwapFile (3331):  file open failed. (376_sec.objt)
[02:05:52 AM]	CNtlInstanceEffect::LoadSwapFile (801):  file open failed. (376_sec.eff)
[02:05:52 AM]	CNtlPLOccluder_Quad::LoadSwapFile (830):  file open failed. (376_sec.ocq)
[02:05:52 AM]	CNtlPLHeatHazeObject::LoadSwapFile (724):  file open failed. (376_sec.hho)
[02:05:52 AM]	CNtlWorldShadow::LoadSwapFile (141):  file open failed. (377_sec.sdw)
[02:05:52 AM]	CNtlPLObject::LoadSwapFile (3331):  file open failed. (377_sec.objt)
[02:05:52 AM]	CNtlInstanceEffect::LoadSwapFile (801):  file open failed. (377_sec.eff)
[02:05:52 AM]	CNtlPLOccluder_Quad::LoadSwapFile (830):  file open failed. (377_sec.ocq)
[02:05:52 AM]	CNtlPLHeatHazeObject::LoadSwapFile (724):  file open failed. (377_sec.hho)
[02:05:52 AM]	CNtlWorldShadow::LoadSwapFile (141):  file open failed. (408_sec.sdw)
[02:05:52 AM]	CNtlPLObject::LoadSwapFile (3331):  file open failed. (408_sec.objt)
[02:05:52 AM]	CNtlInstanceEffect::LoadSwapFile (801):  file open failed. (408_sec.eff)
[02:05:52 AM]	CNtlPLOccluder_Quad::LoadSwapFile (830):  file open failed. (408_sec.ocq)
[02:05:52 AM]	CNtlPLHeatHazeObject::LoadSwapFile (724):  file open failed. (408_sec.hho)
[02:05:52 AM]	CNtlWorldShadow::LoadSwapFile (141):  file open failed. (409_sec.sdw)
[02:05:52 AM]	CNtlPLObject::LoadSwapFile (3331):  file open failed. (409_sec.objt)
[02:05:52 AM]	CNtlInstanceEffect::LoadSwapFile (801):  file open failed. (409_sec.eff)
[02:05:52 AM]	CNtlPLOccluder_Quad::LoadSwapFile (830):  file open failed. (409_sec.ocq)
[02:05:52 AM]	CNtlPLHeatHazeObject::LoadSwapFile (724):  file open failed. (409_sec.hho)
[02:05:52 AM]	CNtlWorldShadow::LoadSwapFile (141):  file open failed. (440_sec.sdw)
[02:05:52 AM]	CNtlPLObject::LoadSwapFile (3331):  file open failed. (440_sec.objt)
[02:05:52 AM]	CNtlInstanceEffect::LoadSwapFile (801):  file open failed. (440_sec.eff)
[02:05:52 AM]	CNtlPLOccluder_Quad::LoadSwapFile (830):  file open failed. (440_sec.ocq)
[02:05:52 AM]	CNtlPLHeatHazeObject::LoadSwapFile (724):  file open failed. (440_sec.hho)
[02:05:52 AM]	CNtlWorldShadow::LoadSwapFile (141):  file open failed. (441_sec.sdw)
[02:05:52 AM]	CNtlPLObject::LoadSwapFile (3331):  file open failed. (441_sec.objt)
[02:05:52 AM]	CNtlInstanceEffect::LoadSwapFile (801):  file open failed. (441_sec.eff)
[02:05:52 AM]	CNtlPLOccluder_Quad::LoadSwapFile (830):  file open failed. (441_sec.ocq)
[02:05:52 AM]	CNtlPLHeatHazeObject::LoadSwapFile (724):  file open failed. (441_sec.hho)
[02:05:52 AM]	CNtlWorldShadow::LoadSwapFile (141):  file open failed. (472_sec.sdw)
[02:05:52 AM]	CNtlPLObject::LoadSwapFile (3331):  file open failed. (472_sec.objt)
[02:05:52 AM]	CNtlInstanceEffect::LoadSwapFile (801):  file open failed. (472_sec.eff)
[02:05:52 AM]	CNtlPLOccluder_Quad::LoadSwapFile (830):  file open failed. (472_sec.ocq)
[02:05:52 AM]	CNtlPLHeatHazeObject::LoadSwapFile (724):  file open failed. (472_sec.hho)
[02:05:52 AM]	CNtlWorldShadow::LoadSwapFile (141):  file open failed. (473_sec.sdw)
[02:05:52 AM]	CNtlPLObject::LoadSwapFile (3331):  file open failed. (473_sec.objt)
[02:05:52 AM]	CNtlInstanceEffect::LoadSwapFile (801):  file open failed. (473_sec.eff)
[02:05:52 AM]	CNtlPLOccluder_Quad::LoadSwapFile (830):  file open failed. (473_sec.ocq)
[02:05:52 AM]	CNtlPLHeatHazeObject::LoadSwapFile (724):  file open failed. (473_sec.hho)
[02:05:52 AM]	CNtlWorldShadow::LoadSwapFile (141):  file open failed. (504_sec.sdw)
[02:05:52 AM]	CNtlPLObject::LoadSwapFile (3331):  file open failed. (504_sec.objt)
[02:05:52 AM]	CNtlInstanceEffect::LoadSwapFile (801):  file open failed. (504_sec.eff)
[02:05:52 AM]	CNtlPLOccluder_Quad::LoadSwapFile (830):  file open failed. (504_sec.ocq)
[02:05:52 AM]	CNtlPLHeatHazeObject::LoadSwapFile (724):  file open failed. (504_sec.hho)
[02:05:52 AM]	CNtlWorldShadow::LoadSwapFile (141):  file open failed. (505_sec.sdw)
[02:05:52 AM]	CNtlPLObject::LoadSwapFile (3331):  file open failed. (505_sec.objt)
[02:05:52 AM]	CNtlInstanceEffect::LoadSwapFile (801):  file open failed. (505_sec.eff)
[02:05:52 AM]	CNtlPLOccluder_Quad::LoadSwapFile (830):  file open failed. (505_sec.ocq)
[02:05:52 AM]	CNtlPLHeatHazeObject::LoadSwapFile (724):  file open failed. (505_sec.hho)
[02:05:52 AM]	CNtlWorldShadow::LoadSwapFile (141):  file open failed. (536_sec.sdw)
[02:05:52 AM]	CNtlPLObject::LoadSwapFile (3331):  file open failed. (536_sec.objt)
[02:05:52 AM]	CNtlInstanceEffect::LoadSwapFile (801):  file open failed. (536_sec.eff)
[02:05:52 AM]	CNtlPLOccluder_Quad::LoadSwapFile (830):  file open failed. (536_sec.ocq)
[02:05:52 AM]	CNtlPLHeatHazeObject::LoadSwapFile (724):  file open failed. (536_sec.hho)
[02:05:52 AM]	CNtlWorldShadow::LoadSwapFile (141):  file open failed. (537_sec.sdw)
[02:05:52 AM]	CNtlPLObject::LoadSwapFile (3331):  file open failed. (537_sec.objt)
[02:05:52 AM]	CNtlInstanceEffect::LoadSwapFile (801):  file open failed. (537_sec.eff)
[02:05:53 AM]	CNtlPLOccluder_Quad::LoadSwapFile (830):  file open failed. (537_sec.ocq)
[02:05:53 AM]	CNtlPLHeatHazeObject::LoadSwapFile (724):  file open failed. (537_sec.hho)
[02:05:53 AM]	CNtlWorldShadow::LoadSwapFile (141):  file open failed. (568_sec.sdw)
[02:05:53 AM]	CNtlPLObject::LoadSwapFile (3331):  file open failed. (568_sec.objt)
[02:05:53 AM]	CNtlInstanceEffect::LoadSwapFile (801):  file open failed. (568_sec.eff)
[02:05:53 AM]	CNtlPLOccluder_Quad::LoadSwapFile (830):  file open failed. (568_sec.ocq)
[02:05:53 AM]	CNtlPLHeatHazeObject::LoadSwapFile (724):  file open failed. (568_sec.hho)
[02:05:53 AM]	CNtlWorldShadow::LoadSwapFile (141):  file open failed. (569_sec.sdw)
[02:05:53 AM]	CNtlPLObject::LoadSwapFile (3331):  file open failed. (569_sec.objt)
[02:05:53 AM]	CNtlInstanceEffect::LoadSwapFile (801):  file open failed. (569_sec.eff)
[02:05:53 AM]	CNtlPLOccluder_Quad::LoadSwapFile (830):  file open failed. (569_sec.ocq)
[02:05:53 AM]	CNtlPLHeatHazeObject::LoadSwapFile (724):  file open failed. (569_sec.hho)
[02:05:53 AM]	CNtlWorldShadow::LoadSwapFile (141):  file open failed. (600_sec.sdw)
[02:05:53 AM]	CNtlPLObject::LoadSwapFile (3331):  file open failed. (600_sec.objt)
[02:05:53 AM]	CNtlInstanceEffect::LoadSwapFile (801):  file open failed. (600_sec.eff)
[02:05:53 AM]	CNtlPLOccluder_Quad::LoadSwapFile (830):  file open failed. (600_sec.ocq)
[02:05:53 AM]	CNtlPLHeatHazeObject::LoadSwapFile (724):  file open failed. (600_sec.hho)
[02:05:53 AM]	CNtlWorldShadow::LoadSwapFile (141):  file open failed. (601_sec.sdw)
[02:05:53 AM]	CNtlPLObject::LoadSwapFile (3331):  file open failed. (601_sec.objt)
[02:05:53 AM]	CNtlInstanceEffect::LoadSwapFile (801):  file open failed. (601_sec.eff)
[02:05:53 AM]	CNtlPLOccluder_Quad::LoadSwapFile (830):  file open failed. (601_sec.ocq)
[02:05:53 AM]	CNtlPLHeatHazeObject::LoadSwapFile (724):  file open failed. (601_sec.hho)
[02:05:53 AM]	CNtlWorldShadow::LoadSwapFile (141):  file open failed. (632_sec.sdw)
[02:05:53 AM]	CNtlPLObject::LoadSwapFile (3331):  file open failed. (632_sec.objt)
[02:05:53 AM]	CNtlInstanceEffect::LoadSwapFile (801):  file open failed. (632_sec.eff)
[02:05:53 AM]	CNtlPLOccluder_Quad::LoadSwapFile (830):  file open failed. (632_sec.ocq)
[02:05:53 AM]	CNtlPLHeatHazeObject::LoadSwapFile (724):  file open failed. (632_sec.hho)
[02:05:53 AM]	CNtlWorldShadow::LoadSwapFile (141):  file open failed. (633_sec.sdw)
[02:05:53 AM]	CNtlPLObject::LoadSwapFile (3331):  file open failed. (633_sec.objt)
[02:05:53 AM]	CNtlInstanceEffect::LoadSwapFile (801):  file open failed. (633_sec.eff)
[02:05:53 AM]	CNtlPLOccluder_Quad::LoadSwapFile (830):  file open failed. (633_sec.ocq)
[02:05:53 AM]	CNtlPLHeatHazeObject::LoadSwapFile (724):  file open failed. (633_sec.hho)
[02:05:53 AM]	CNtlWorldShadow::LoadSwapFile (141):  file open failed. (664_sec.sdw)
[02:05:53 AM]	CNtlPLObject::LoadSwapFile (3331):  file open failed. (664_sec.objt)
[02:05:53 AM]	CNtlInstanceEffect::LoadSwapFile (801):  file open failed. (664_sec.eff)
[02:05:53 AM]	CNtlPLOccluder_Quad::LoadSwapFile (830):  file open failed. (664_sec.ocq)
[02:05:53 AM]	CNtlPLHeatHazeObject::LoadSwapFile (724):  file open failed. (664_sec.hho)
[02:05:53 AM]	CNtlWorldShadow::LoadSwapFile (141):  file open failed. (665_sec.sdw)
[02:05:53 AM]	CNtlPLObject::LoadSwapFile (3331):  file open failed. (665_sec.objt)
[02:05:53 AM]	CNtlInstanceEffect::LoadSwapFile (801):  file open failed. (665_sec.eff)
[02:05:53 AM]	CNtlPLOccluder_Quad::LoadSwapFile (830):  file open failed. (665_sec.ocq)
[02:05:53 AM]	CNtlPLHeatHazeObject::LoadSwapFile (724):  file open failed. (665_sec.hho)
[02:05:53 AM]	CNtlWorldShadow::LoadSwapFile (141):  file open failed. (696_sec.sdw)
[02:05:53 AM]	CNtlPLObject::LoadSwapFile (3331):  file open failed. (696_sec.objt)
[02:05:53 AM]	CNtlInstanceEffect::LoadSwapFile (801):  file open failed. (696_sec.eff)
[02:05:53 AM]	CNtlPLOccluder_Quad::LoadSwapFile (830):  file open failed. (696_sec.ocq)
[02:05:53 AM]	CNtlPLHeatHazeObject::LoadSwapFile (724):  file open failed. (696_sec.hho)
[02:05:53 AM]	CNtlWorldShadow::LoadSwapFile (141):  file open failed. (697_sec.sdw)
[02:05:53 AM]	CNtlPLObject::LoadSwapFile (3331):  file open failed. (697_sec.objt)
[02:05:53 AM]	CNtlInstanceEffect::LoadSwapFile (801):  file open failed. (697_sec.eff)
[02:05:53 AM]	CNtlPLOccluder_Quad::LoadSwapFile (830):  file open failed. (697_sec.ocq)
[02:05:53 AM]	CNtlPLHeatHazeObject::LoadSwapFile (724):  file open failed. (697_sec.hho)
[02:05:58 AM]	CNtlWorldShadow::LoadSwapFile (141):  file open failed. (270_sec.sdw)
[02:05:58 AM]	CNtlPLObject::LoadSwapFile (3331):  file open failed. (270_sec.objt)
[02:05:58 AM]	CNtlInstanceEffect::LoadSwapFile (801):  file open failed. (270_sec.eff)
[02:05:58 AM]	CNtlPLOccluder_Quad::LoadSwapFile (830):  file open failed. (270_sec.ocq)
[02:05:58 AM]	CNtlPLHeatHazeObject::LoadSwapFile (724):  file open failed. (270_sec.hho)
[02:05:58 AM]	CNtlWorldShadow::LoadSwapFile (141):  file open failed. (271_sec.sdw)
[02:05:58 AM]	CNtlPLObject::LoadSwapFile (3331):  file open failed. (271_sec.objt)
[02:05:58 AM]	CNtlInstanceEffect::LoadSwapFile (801):  file open failed. (271_sec.eff)
[02:05:58 AM]	CNtlPLOccluder_Quad::LoadSwapFile (830):  file open failed. (271_sec.ocq)
[02:05:58 AM]	CNtlPLHeatHazeObject::LoadSwapFile (724):  file open failed. (271_sec.hho)
[02:05:58 AM]	CNtlWorldShadow::LoadSwapFile (141):  file open failed. (302_sec.sdw)
[02:05:58 AM]	CNtlPLObject::LoadSwapFile (3331):  file open failed. (302_sec.objt)
[02:05:58 AM]	CNtlInstanceEffect::LoadSwapFile (801):  file open failed. (302_sec.eff)
[02:05:58 AM]	CNtlPLOccluder_Quad::LoadSwapFile (830):  file open failed. (302_sec.ocq)
[02:05:58 AM]	CNtlPLHeatHazeObject::LoadSwapFile (724):  file open failed. (302_sec.hho)
[02:05:58 AM]	CNtlWorldShadow::LoadSwapFile (141):  file open failed. (303_sec.sdw)
[02:05:58 AM]	CNtlPLObject::LoadSwapFile (3331):  file open failed. (303_sec.objt)
[02:05:58 AM]	CNtlInstanceEffect::LoadSwapFile (801):  file open failed. (303_sec.eff)
[02:05:58 AM]	CNtlPLOccluder_Quad::LoadSwapFile (830):  file open failed. (303_sec.ocq)
[02:05:58 AM]	CNtlPLHeatHazeObject::LoadSwapFile (724):  file open failed. (303_sec.hho)
[02:05:58 AM]	CNtlWorldShadow::LoadSwapFile (141):  file open failed. (272_sec.sdw)
[02:05:58 AM]	CNtlPLObject::LoadSwapFile (3331):  file open failed. (272_sec.objt)
[02:05:58 AM]	CNtlInstanceEffect::LoadSwapFile (801):  file open failed. (272_sec.eff)
[02:05:58 AM]	CNtlPLOccluder_Quad::LoadSwapFile (830):  file open failed. (272_sec.ocq)
[02:05:58 AM]	CNtlPLHeatHazeObject::LoadSwapFile (724):  file open failed. (272_sec.hho)
[02:05:58 AM]	CNtlWorldShadow::LoadSwapFile (141):  file open failed. (273_sec.sdw)
[02:05:58 AM]	CNtlPLObject::LoadSwapFile (3331):  file open failed. (273_sec.objt)
[02:05:58 AM]	CNtlInstanceEffect::LoadSwapFile (801):  file open failed. (273_sec.eff)
[02:05:58 AM]	CNtlPLOccluder_Quad::LoadSwapFile (830):  file open failed. (273_sec.ocq)
[02:05:58 AM]	CNtlPLHeatHazeObject::LoadSwapFile (724):  file open failed. (273_sec.hho)
[02:05:58 AM]	CNtlWorldShadow::LoadSwapFile (141):  file open failed. (304_sec.sdw)
[02:05:58 AM]	CNtlPLObject::LoadSwapFile (3331):  file open failed. (304_sec.objt)
[02:05:58 AM]	CNtlInstanceEffect::LoadSwapFile (801):  file open failed. (304_sec.eff)
[02:05:58 AM]	CNtlPLOccluder_Quad::LoadSwapFile (830):  file open failed. (304_sec.ocq)
[02:05:58 AM]	CNtlPLHeatHazeObject::LoadSwapFile (724):  file open failed. (304_sec.hho)
[02:05:58 AM]	CNtlWorldShadow::LoadSwapFile (141):  file open failed. (305_sec.sdw)
[02:05:58 AM]	CNtlPLObject::LoadSwapFile (3331):  file open failed. (305_sec.objt)
[02:05:58 AM]	CNtlInstanceEffect::LoadSwapFile (801):  file open failed. (305_sec.eff)
[02:05:58 AM]	CNtlPLOccluder_Quad::LoadSwapFile (830):  file open failed. (305_sec.ocq)
[02:05:58 AM]	CNtlPLHeatHazeObject::LoadSwapFile (724):  file open failed. (305_sec.hho)
[02:05:58 AM]	CNtlWorldShadow::LoadSwapFile (141):  file open failed. (274_sec.sdw)
[02:05:58 AM]	CNtlPLObject::LoadSwapFile (3331):  file open failed. (274_sec.objt)
[02:05:58 AM]	CNtlInstanceEffect::LoadSwapFile (801):  file open failed. (274_sec.eff)
[02:05:58 AM]	CNtlPLOccluder_Quad::LoadSwapFile (830):  file open failed. (274_sec.ocq)
[02:05:58 AM]	CNtlPLHeatHazeObject::LoadSwapFile (724):  file open failed. (274_sec.hho)
[02:05:58 AM]	CNtlWorldShadow::LoadSwapFile (141):  file open failed. (275_sec.sdw)
[02:05:58 AM]	CNtlPLObject::LoadSwapFile (3331):  file open failed. (275_sec.objt)
[02:05:58 AM]	CNtlInstanceEffect::LoadSwapFile (801):  file open failed. (275_sec.eff)
[02:05:58 AM]	CNtlPLOccluder_Quad::LoadSwapFile (830):  file open failed. (275_sec.ocq)
[02:05:58 AM]	CNtlPLHeatHazeObject::LoadSwapFile (724):  file open failed. (275_sec.hho)
[02:05:58 AM]	CNtlWorldShadow::LoadSwapFile (141):  file open failed. (306_sec.sdw)
[02:05:58 AM]	CNtlPLObject::LoadSwapFile (3331):  file open failed. (306_sec.objt)
[02:05:58 AM]	CNtlInstanceEffect::LoadSwapFile (801):  file open failed. (306_sec.eff)
[02:05:58 AM]	CNtlPLOccluder_Quad::LoadSwapFile (830):  file open failed. (306_sec.ocq)
[02:05:58 AM]	CNtlPLHeatHazeObject::LoadSwapFile (724):  file open failed. (306_sec.hho)
[02:05:58 AM]	CNtlWorldShadow::LoadSwapFile (141):  file open failed. (307_sec.sdw)
[02:05:58 AM]	CNtlPLObject::LoadSwapFile (3331):  file open failed. (307_sec.objt)
[02:05:58 AM]	CNtlInstanceEffect::LoadSwapFile (801):  file open failed. (307_sec.eff)
[02:05:58 AM]	CNtlPLOccluder_Quad::LoadSwapFile (830):  file open failed. (307_sec.ocq)
[02:05:58 AM]	CNtlPLHeatHazeObject::LoadSwapFile (724):  file open failed. (307_sec.hho)
[02:05:59 AM]	CNtlWorldShadow::LoadSwapFile (141):  file open failed. (276_sec.sdw)
[02:05:59 AM]	CNtlPLObject::LoadSwapFile (3331):  file open failed. (276_sec.objt)
[02:05:59 AM]	CNtlInstanceEffect::LoadSwapFile (801):  file open failed. (276_sec.eff)
[02:05:59 AM]	CNtlPLOccluder_Quad::LoadSwapFile (830):  file open failed. (276_sec.ocq)
[02:05:59 AM]	CNtlPLHeatHazeObject::LoadSwapFile (724):  file open failed. (276_sec.hho)
[02:05:59 AM]	CNtlWorldShadow::LoadSwapFile (141):  file open failed. (277_sec.sdw)
[02:05:59 AM]	CNtlPLObject::LoadSwapFile (3331):  file open failed. (277_sec.objt)
[02:05:59 AM]	CNtlInstanceEffect::LoadSwapFile (801):  file open failed. (277_sec.eff)
[02:05:59 AM]	CNtlPLOccluder_Quad::LoadSwapFile (830):  file open failed. (277_sec.ocq)
[02:05:59 AM]	CNtlPLHeatHazeObject::LoadSwapFile (724):  file open failed. (277_sec.hho)
[02:05:59 AM]	CNtlWorldShadow::LoadSwapFile (141):  file open failed. (308_sec.sdw)
[02:05:59 AM]	CNtlPLObject::LoadSwapFile (3331):  file open failed. (308_sec.objt)
[02:05:59 AM]	CNtlInstanceEffect::LoadSwapFile (801):  file open failed. (308_sec.eff)
[02:05:59 AM]	CNtlPLOccluder_Quad::LoadSwapFile (830):  file open failed. (308_sec.ocq)
[02:05:59 AM]	CNtlPLHeatHazeObject::LoadSwapFile (724):  file open failed. (308_sec.hho)
[02:05:59 AM]	CNtlWorldShadow::LoadSwapFile (141):  file open failed. (309_sec.sdw)
[02:05:59 AM]	CNtlPLObject::LoadSwapFile (3331):  file open failed. (309_sec.objt)
[02:05:59 AM]	CNtlInstanceEffect::LoadSwapFile (801):  file open failed. (309_sec.eff)
[02:05:59 AM]	CNtlPLOccluder_Quad::LoadSwapFile (830):  file open failed. (309_sec.ocq)
[02:05:59 AM]	CNtlPLHeatHazeObject::LoadSwapFile (724):  file open failed. (309_sec.hho)
[02:05:59 AM]	CNtlWorldShadow::LoadSwapFile (141):  file open failed. (278_sec.sdw)
[02:05:59 AM]	CNtlPLObject::LoadSwapFile (3331):  file open failed. (278_sec.objt)
[02:05:59 AM]	CNtlInstanceEffect::LoadSwapFile (801):  file open failed. (278_sec.eff)
[02:05:59 AM]	CNtlPLOccluder_Quad::LoadSwapFile (830):  file open failed. (278_sec.ocq)
[02:05:59 AM]	CNtlPLHeatHazeObject::LoadSwapFile (724):  file open failed. (278_sec.hho)
[02:05:59 AM]	CNtlWorldShadow::LoadSwapFile (141):  file open failed. (279_sec.sdw)
[02:05:59 AM]	CNtlPLObject::LoadSwapFile (3331):  file open failed. (279_sec.objt)
[02:05:59 AM]	CNtlInstanceEffect::LoadSwapFile (801):  file open failed. (279_sec.eff)
[02:05:59 AM]	CNtlPLOccluder_Quad::LoadSwapFile (830):  file open failed. (279_sec.ocq)
[02:06:00 AM]	CNtlPLHeatHazeObject::LoadSwapFile (724):  file open failed. (279_sec.hho)
[02:06:00 AM]	CNtlWorldShadow::LoadSwapFile (141):  file open failed. (310_sec.sdw)
[02:06:00 AM]	CNtlPLObject::LoadSwapFile (3331):  file open failed. (310_sec.objt)
[02:06:00 AM]	CNtlInstanceEffect::LoadSwapFile (801):  file open failed. (310_sec.eff)
[02:06:00 AM]	CNtlPLOccluder_Quad::LoadSwapFile (830):  file open failed. (310_sec.ocq)
[02:06:00 AM]	CNtlPLHeatHazeObject::LoadSwapFile (724):  file open failed. (310_sec.hho)
[02:06:00 AM]	CNtlWorldShadow::LoadSwapFile (141):  file open failed. (311_sec.sdw)
[02:06:00 AM]	CNtlPLObject::LoadSwapFile (3331):  file open failed. (311_sec.objt)
[02:06:00 AM]	CNtlInstanceEffect::LoadSwapFile (801):  file open failed. (311_sec.eff)
[02:06:00 AM]	CNtlPLOccluder_Quad::LoadSwapFile (830):  file open failed. (311_sec.ocq)
[02:06:00 AM]	CNtlPLHeatHazeObject::LoadSwapFile (724):  file open failed. (311_sec.hho)
[02:06:00 AM]	CNtlWorldShadow::LoadSwapFile (141):  file open failed. (280_sec.sdw)
[02:06:00 AM]	CNtlPLObject::LoadSwapFile (3331):  file open failed. (280_sec.objt)
[02:06:00 AM]	CNtlInstanceEffect::LoadSwapFile (801):  file open failed. (280_sec.eff)
[02:06:00 AM]	CNtlPLOccluder_Quad::LoadSwapFile (830):  file open failed. (280_sec.ocq)
[02:06:00 AM]	CNtlPLHeatHazeObject::LoadSwapFile (724):  file open failed. (280_sec.hho)
[02:06:00 AM]	CNtlWorldShadow::LoadSwapFile (141):  file open failed. (281_sec.sdw)
[02:06:00 AM]	CNtlPLObject::LoadSwapFile (3331):  file open failed. (281_sec.objt)
[02:06:00 AM]	CNtlInstanceEffect::LoadSwapFile (801):  file open failed. (281_sec.eff)
[02:06:00 AM]	CNtlPLOccluder_Quad::LoadSwapFile (830):  file open failed. (281_sec.ocq)
[02:06:00 AM]	CNtlPLHeatHazeObject::LoadSwapFile (724):  file open failed. (281_sec.hho)
[02:06:00 AM]	CNtlWorldShadow::LoadSwapFile (141):  file open failed. (312_sec.sdw)
[02:06:00 AM]	CNtlPLObject::LoadSwapFile (3331):  file open failed. (312_sec.objt)
[02:06:00 AM]	CNtlInstanceEffect::LoadSwapFile (801):  file open failed. (312_sec.eff)
[02:06:00 AM]	CNtlPLOccluder_Quad::LoadSwapFile (830):  file open failed. (312_sec.ocq)
[02:06:00 AM]	CNtlPLHeatHazeObject::LoadSwapFile (724):  file open failed. (312_sec.hho)
[02:06:00 AM]	CNtlWorldShadow::LoadSwapFile (141):  file open failed. (313_sec.sdw)
[02:06:00 AM]	CNtlPLObject::LoadSwapFile (3331):  file open failed. (313_sec.objt)
[02:06:00 AM]	CNtlInstanceEffect::LoadSwapFile (801):  file open failed. (313_sec.eff)
[02:06:00 AM]	CNtlPLOccluder_Quad::LoadSwapFile (830):  file open failed. (313_sec.ocq)
[02:06:00 AM]	CNtlPLHeatHazeObject::LoadSwapFile (724):  file open failed. (313_sec.hho)
[02:06:02 AM]	CNtlWorldShadow::LoadSwapFile (141):  file open failed. (282_sec.sdw)
[02:06:02 AM]	CNtlPLObject::LoadSwapFile (3331):  file open failed. (282_sec.objt)
[02:06:02 AM]	CNtlInstanceEffect::LoadSwapFile (801):  file open failed. (282_sec.eff)
[02:06:02 AM]	CNtlPLOccluder_Quad::LoadSwapFile (830):  file open failed. (282_sec.ocq)
[02:06:02 AM]	CNtlPLHeatHazeObject::LoadSwapFile (724):  file open failed. (282_sec.hho)
[02:06:02 AM]	CNtlWorldShadow::LoadSwapFile (141):  file open failed. (283_sec.sdw)
[02:06:02 AM]	CNtlPLObject::LoadSwapFile (3331):  file open failed. (283_sec.objt)
[02:06:03 AM]	CNtlInstanceEffect::LoadSwapFile (801):  file open failed. (283_sec.eff)
[02:06:03 AM]	CNtlPLOccluder_Quad::LoadSwapFile (830):  file open failed. (283_sec.ocq)
[02:06:03 AM]	CNtlPLHeatHazeObject::LoadSwapFile (724):  file open failed. (283_sec.hho)
[02:06:03 AM]	CNtlWorldShadow::LoadSwapFile (141):  file open failed. (314_sec.sdw)
[02:06:03 AM]	CNtlPLObject::LoadSwapFile (3331):  file open failed. (314_sec.objt)
[02:06:03 AM]	CNtlInstanceEffect::LoadSwapFile (801):  file open failed. (314_sec.eff)
[02:06:03 AM]	CNtlPLOccluder_Quad::LoadSwapFile (830):  file open failed. (314_sec.ocq)
[02:06:03 AM]	CNtlPLHeatHazeObject::LoadSwapFile (724):  file open failed. (314_sec.hho)
[02:06:03 AM]	CNtlWorldShadow::LoadSwapFile (141):  file open failed. (315_sec.sdw)
[02:06:03 AM]	CNtlPLObject::LoadSwapFile (3331):  file open failed. (315_sec.objt)
[02:06:03 AM]	CNtlInstanceEffect::LoadSwapFile (801):  file open failed. (315_sec.eff)
[02:06:03 AM]	CNtlPLOccluder_Quad::LoadSwapFile (830):  file open failed. (315_sec.ocq)
[02:06:03 AM]	CNtlPLHeatHazeObject::LoadSwapFile (724):  file open failed. (315_sec.hho)
[02:06:03 AM]	CNtlWorldShadow::LoadSwapFile (141):  file open failed. (346_sec.sdw)
[02:06:03 AM]	CNtlPLObject::LoadSwapFile (3331):  file open failed. (346_sec.objt)
[02:06:03 AM]	CNtlInstanceEffect::LoadSwapFile (801):  file open failed. (346_sec.eff)
[02:06:03 AM]	CNtlPLOccluder_Quad::LoadSwapFile (830):  file open failed. (346_sec.ocq)
[02:06:03 AM]	CNtlPLHeatHazeObject::LoadSwapFile (724):  file open failed. (346_sec.hho)
[02:06:03 AM]	CNtlWorldShadow::LoadSwapFile (141):  file open failed. (347_sec.sdw)
[02:06:03 AM]	CNtlPLObject::LoadSwapFile (3331):  file open failed. (347_sec.objt)
[02:06:03 AM]	CNtlInstanceEffect::LoadSwapFile (801):  file open failed. (347_sec.eff)
[02:06:03 AM]	CNtlPLOccluder_Quad::LoadSwapFile (830):  file open failed. (347_sec.ocq)
[02:06:03 AM]	CNtlPLHeatHazeObject::LoadSwapFile (724):  file open failed. (347_sec.hho)
[02:06:03 AM]	CNtlWorldShadow::LoadSwapFile (141):  file open failed. (378_sec.sdw)
[02:06:03 AM]	CNtlPLObject::LoadSwapFile (3331):  file open failed. (378_sec.objt)
[02:06:03 AM]	CNtlInstanceEffect::LoadSwapFile (801):  file open failed. (378_sec.eff)
[02:06:03 AM]	CNtlPLOccluder_Quad::LoadSwapFile (830):  file open failed. (378_sec.ocq)
[02:06:03 AM]	CNtlPLHeatHazeObject::LoadSwapFile (724):  file open failed. (378_sec.hho)
[02:06:03 AM]	CNtlWorldShadow::LoadSwapFile (141):  file open failed. (379_sec.sdw)
[02:06:03 AM]	CNtlPLObject::LoadSwapFile (3331):  file open failed. (379_sec.objt)
[02:06:03 AM]	CNtlInstanceEffect::LoadSwapFile (801):  file open failed. (379_sec.eff)
[02:06:03 AM]	CNtlPLOccluder_Quad::LoadSwapFile (830):  file open failed. (379_sec.ocq)
[02:06:03 AM]	CNtlPLHeatHazeObject::LoadSwapFile (724):  file open failed. (379_sec.hho)
[02:06:03 AM]	CNtlWorldShadow::LoadSwapFile (141):  file open failed. (410_sec.sdw)
[02:06:03 AM]	CNtlPLObject::LoadSwapFile (3331):  file open failed. (410_sec.objt)
[02:06:03 AM]	CNtlInstanceEffect::LoadSwapFile (801):  file open failed. (410_sec.eff)
[02:06:03 AM]	CNtlPLOccluder_Quad::LoadSwapFile (830):  file open failed. (410_sec.ocq)
[02:06:03 AM]	CNtlPLHeatHazeObject::LoadSwapFile (724):  file open failed. (410_sec.hho)
[02:06:03 AM]	CNtlWorldShadow::LoadSwapFile (141):  file open failed. (411_sec.sdw)
[02:06:03 AM]	CNtlPLObject::LoadSwapFile (3331):  file open failed. (411_sec.objt)
[02:06:03 AM]	CNtlInstanceEffect::LoadSwapFile (801):  file open failed. (411_sec.eff)
[02:06:03 AM]	CNtlPLOccluder_Quad::LoadSwapFile (830):  file open failed. (411_sec.ocq)
[02:06:03 AM]	CNtlPLHeatHazeObject::LoadSwapFile (724):  file open failed. (411_sec.hho)
[02:06:03 AM]	CNtlWorldShadow::LoadSwapFile (141):  file open failed. (442_sec.sdw)
[02:06:03 AM]	CNtlPLObject::LoadSwapFile (3331):  file open failed. (442_sec.objt)
[02:06:03 AM]	CNtlInstanceEffect::LoadSwapFile (801):  file open failed. (442_sec.eff)
[02:06:03 AM]	CNtlPLOccluder_Quad::LoadSwapFile (830):  file open failed. (442_sec.ocq)
[02:06:03 AM]	CNtlPLHeatHazeObject::LoadSwapFile (724):  file open failed. (442_sec.hho)
[02:06:03 AM]	CNtlWorldShadow::LoadSwapFile (141):  file open failed. (443_sec.sdw)
[02:06:03 AM]	CNtlPLObject::LoadSwapFile (3331):  file open failed. (443_sec.objt)
[02:06:03 AM]	CNtlInstanceEffect::LoadSwapFile (801):  file open failed. (443_sec.eff)
[02:06:03 AM]	CNtlPLOccluder_Quad::LoadSwapFile (830):  file open failed. (443_sec.ocq)
[02:06:03 AM]	CNtlPLHeatHazeObject::LoadSwapFile (724):  file open failed. (443_sec.hho)
[02:06:03 AM]	CNtlWorldShadow::LoadSwapFile (141):  file open failed. (474_sec.sdw)
[02:06:03 AM]	CNtlPLObject::LoadSwapFile (3331):  file open failed. (474_sec.objt)
[02:06:03 AM]	CNtlInstanceEffect::LoadSwapFile (801):  file open failed. (474_sec.eff)
[02:06:03 AM]	CNtlPLOccluder_Quad::LoadSwapFile (830):  file open failed. (474_sec.ocq)
[02:06:03 AM]	CNtlPLHeatHazeObject::LoadSwapFile (724):  file open failed. (474_sec.hho)
[02:06:03 AM]	CNtlWorldShadow::LoadSwapFile (141):  file open failed. (475_sec.sdw)
[02:06:03 AM]	CNtlPLObject::LoadSwapFile (3331):  file open failed. (475_sec.objt)
[02:06:03 AM]	CNtlInstanceEffect::LoadSwapFile (801):  file open failed. (475_sec.eff)
[02:06:03 AM]	CNtlPLOccluder_Quad::LoadSwapFile (830):  file open failed. (475_sec.ocq)
[02:06:03 AM]	CNtlPLHeatHazeObject::LoadSwapFile (724):  file open failed. (475_sec.hho)
[02:06:03 AM]	CNtlWorldShadow::LoadSwapFile (141):  file open failed. (506_sec.sdw)
[02:06:03 AM]	CNtlPLObject::LoadSwapFile (3331):  file open failed. (506_sec.objt)
[02:06:03 AM]	CNtlInstanceEffect::LoadSwapFile (801):  file open failed. (506_sec.eff)
[02:06:03 AM]	CNtlPLOccluder_Quad::LoadSwapFile (830):  file open failed. (506_sec.ocq)
[02:06:03 AM]	CNtlPLHeatHazeObject::LoadSwapFile (724):  file open failed. (506_sec.hho)
[02:06:03 AM]	CNtlWorldShadow::LoadSwapFile (141):  file open failed. (507_sec.sdw)
[02:06:03 AM]	CNtlPLObject::LoadSwapFile (3331):  file open failed. (507_sec.objt)
[02:06:03 AM]	CNtlInstanceEffect::LoadSwapFile (801):  file open failed. (507_sec.eff)
[02:06:03 AM]	CNtlPLOccluder_Quad::LoadSwapFile (830):  file open failed. (507_sec.ocq)
[02:06:03 AM]	CNtlPLHeatHazeObject::LoadSwapFile (724):  file open failed. (507_sec.hho)
[02:06:03 AM]	CNtlWorldShadow::LoadSwapFile (141):  file open failed. (538_sec.sdw)
[02:06:03 AM]	CNtlPLObject::LoadSwapFile (3331):  file open failed. (538_sec.objt)
[02:06:03 AM]	CNtlInstanceEffect::LoadSwapFile (801):  file open failed. (538_sec.eff)
[02:06:03 AM]	CNtlPLOccluder_Quad::LoadSwapFile (830):  file open failed. (538_sec.ocq)
[02:06:03 AM]	CNtlPLHeatHazeObject::LoadSwapFile (724):  file open failed. (538_sec.hho)
[02:06:03 AM]	CNtlWorldShadow::LoadSwapFile (141):  file open failed. (539_sec.sdw)
[02:06:03 AM]	CNtlPLObject::LoadSwapFile (3331):  file open failed. (539_sec.objt)
[02:06:03 AM]	CNtlInstanceEffect::LoadSwapFile (801):  file open failed. (539_sec.eff)
[02:06:03 AM]	CNtlPLOccluder_Quad::LoadSwapFile (830):  file open failed. (539_sec.ocq)
[02:06:03 AM]	CNtlPLHeatHazeObject::LoadSwapFile (724):  file open failed. (539_sec.hho)
[02:06:03 AM]	CNtlWorldShadow::LoadSwapFile (141):  file open failed. (570_sec.sdw)
[02:06:03 AM]	CNtlPLObject::LoadSwapFile (3331):  file open failed. (570_sec.objt)
[02:06:03 AM]	CNtlInstanceEffect::LoadSwapFile (801):  file open failed. (570_sec.eff)
[02:06:03 AM]	CNtlPLOccluder_Quad::LoadSwapFile (830):  file open failed. (570_sec.ocq)
[02:06:03 AM]	CNtlPLHeatHazeObject::LoadSwapFile (724):  file open failed. (570_sec.hho)
[02:06:03 AM]	CNtlWorldShadow::LoadSwapFile (141):  file open failed. (571_sec.sdw)
[02:06:03 AM]	CNtlPLObject::LoadSwapFile (3331):  file open failed. (571_sec.objt)
[02:06:03 AM]	CNtlInstanceEffect::LoadSwapFile (801):  file open failed. (571_sec.eff)
[02:06:03 AM]	CNtlPLOccluder_Quad::LoadSwapFile (830):  file open failed. (571_sec.ocq)
[02:06:03 AM]	CNtlPLHeatHazeObject::LoadSwapFile (724):  file open failed. (571_sec.hho)
[02:06:03 AM]	CNtlWorldShadow::LoadSwapFile (141):  file open failed. (602_sec.sdw)
[02:06:03 AM]	CNtlPLObject::LoadSwapFile (3331):  file open failed. (602_sec.objt)
[02:06:03 AM]	CNtlInstanceEffect::LoadSwapFile (801):  file open failed. (602_sec.eff)
[02:06:03 AM]	CNtlPLOccluder_Quad::LoadSwapFile (830):  file open failed. (602_sec.ocq)
[02:06:03 AM]	CNtlPLHeatHazeObject::LoadSwapFile (724):  file open failed. (602_sec.hho)
[02:06:03 AM]	CNtlWorldShadow::LoadSwapFile (141):  file open failed. (603_sec.sdw)
[02:06:03 AM]	CNtlPLObject::LoadSwapFile (3331):  file open failed. (603_sec.objt)
[02:06:03 AM]	CNtlInstanceEffect::LoadSwapFile (801):  file open failed. (603_sec.eff)
[02:06:03 AM]	CNtlPLOccluder_Quad::LoadSwapFile (830):  file open failed. (603_sec.ocq)
[02:06:03 AM]	CNtlPLHeatHazeObject::LoadSwapFile (724):  file open failed. (603_sec.hho)
[02:06:03 AM]	CNtlWorldShadow::LoadSwapFile (141):  file open failed. (634_sec.sdw)
[02:06:03 AM]	CNtlPLObject::LoadSwapFile (3331):  file open failed. (634_sec.objt)
[02:06:03 AM]	CNtlInstanceEffect::LoadSwapFile (801):  file open failed. (634_sec.eff)
[02:06:03 AM]	CNtlPLOccluder_Quad::LoadSwapFile (830):  file open failed. (634_sec.ocq)
[02:06:03 AM]	CNtlPLHeatHazeObject::LoadSwapFile (724):  file open failed. (634_sec.hho)
[02:06:03 AM]	CNtlWorldShadow::LoadSwapFile (141):  file open failed. (635_sec.sdw)
[02:06:03 AM]	CNtlPLObject::LoadSwapFile (3331):  file open failed. (635_sec.objt)
[02:06:03 AM]	CNtlInstanceEffect::LoadSwapFile (801):  file open failed. (635_sec.eff)
[02:06:03 AM]	CNtlPLOccluder_Quad::LoadSwapFile (830):  file open failed. (635_sec.ocq)
[02:06:03 AM]	CNtlPLHeatHazeObject::LoadSwapFile (724):  file open failed. (635_sec.hho)
