[02:31:29 AM]	=============== Start Trace ===============

[02:31:29 AM]	 === < SABER > Trace Start === 
[02:31:46 AM]	CNtlPLLightObject::LoadSwapFile (978):  file open failed. (0_sec.ld)
[02:31:46 AM]	CNtlPLLightObject::LoadSwapFile (978):  file open failed. (1_sec.ld)
[02:31:46 AM]	CNtlPLLightObject::LoadSwapFile (978):  file open failed. (2_sec.ld)
[02:31:46 AM]	CNtlPLLightObject::LoadSwapFile (978):  file open failed. (3_sec.ld)
[02:31:46 AM]	CNtlPLLightObject::LoadSwapFile (978):  file open failed. (4_sec.ld)
[02:31:46 AM]	CNtlPLLightObject::LoadSwapFile (978):  file open failed. (5_sec.ld)
[02:31:46 AM]	CNtlPLLightObject::LoadSwapFile (978):  file open failed. (6_sec.ld)
[02:31:46 AM]	CNtlPLLightObject::LoadSwapFile (978):  file open failed. (7_sec.ld)
[02:31:46 AM]	CNtlPLLightObject::LoadSwapFile (978):  file open failed. (8_sec.ld)
[02:31:46 AM]	CNtlPLLightObject::LoadSwapFile (978):  file open failed. (9_sec.ld)
[02:31:46 AM]	CNtlPLLightObject::LoadSwapFile (978):  file open failed. (10_sec.ld)
[02:31:46 AM]	CNtlPLLightObject::LoadSwapFile (978):  file open failed. (11_sec.ld)
[02:31:46 AM]	CNtlPLLightObject::LoadSwapFile (978):  file open failed. (12_sec.ld)
[02:31:46 AM]	CNtlPLLightObject::LoadSwapFile (978):  file open failed. (13_sec.ld)
[02:31:46 AM]	CNtlPLLightObject::LoadSwapFile (978):  file open failed. (14_sec.ld)
[02:31:46 AM]	CNtlPLLightObject::LoadSwapFile (978):  file open failed. (15_sec.ld)
[02:31:46 AM]	CNtlPLLightObject::LoadSwapFile (978):  file open failed. (16_sec.ld)
[02:31:46 AM]	CNtlPLLightObject::LoadSwapFile (978):  file open failed. (17_sec.ld)
[02:31:46 AM]	CNtlPLLightObject::LoadSwapFile (978):  file open failed. (18_sec.ld)
[02:31:46 AM]	CNtlPLLightObject::LoadSwapFile (978):  file open failed. (19_sec.ld)
[02:31:46 AM]	CNtlPLLightObject::LoadSwapFile (978):  file open failed. (20_sec.ld)
[02:31:46 AM]	CNtlPLLightObject::LoadSwapFile (978):  file open failed. (21_sec.ld)
[02:31:46 AM]	CNtlPLLightObject::LoadSwapFile (978):  file open failed. (22_sec.ld)
[02:31:46 AM]	CNtlPLLightObject::LoadSwapFile (978):  file open failed. (23_sec.ld)
[02:31:46 AM]	CNtlPLLightObject::LoadSwapFile (978):  file open failed. (24_sec.ld)
[02:31:46 AM]	CNtlPLLightObject::LoadSwapFile (978):  file open failed. (25_sec.ld)
[02:31:46 AM]	CNtlPLLightObject::LoadSwapFile (978):  file open failed. (26_sec.ld)
[02:31:46 AM]	CNtlPLLightObject::LoadSwapFile (978):  file open failed. (27_sec.ld)
[02:31:46 AM]	CNtlPLLightObject::LoadSwapFile (978):  file open failed. (28_sec.ld)
[02:31:46 AM]	CNtlPLLightObject::LoadSwapFile (978):  file open failed. (29_sec.ld)
[02:31:46 AM]	CNtlPLLightObject::LoadSwapFile (978):  file open failed. (30_sec.ld)
[02:31:46 AM]	CNtlPLLightObject::LoadSwapFile (978):  file open failed. (31_sec.ld)
[02:31:46 AM]	CNtlPLLightObject::LoadSwapFile (978):  file open failed. (32_sec.ld)
[02:31:46 AM]	CNtlPLLightObject::LoadSwapFile (978):  file open failed. (33_sec.ld)
[02:31:46 AM]	CNtlPLLightObject::LoadSwapFile (978):  file open failed. (34_sec.ld)
[02:31:46 AM]	CNtlPLLightObject::LoadSwapFile (978):  file open failed. (35_sec.ld)
[02:31:46 AM]	CNtlPLLightObject::LoadSwapFile (978):  file open failed. (36_sec.ld)
[02:31:46 AM]	CNtlPLLightObject::LoadSwapFile (978):  file open failed. (37_sec.ld)
[02:31:46 AM]	CNtlPLLightObject::LoadSwapFile (978):  file open failed. (38_sec.ld)
[02:31:46 AM]	CNtlPLLightObject::LoadSwapFile (978):  file open failed. (39_sec.ld)
[02:31:46 AM]	CNtlPLLightObject::LoadSwapFile (978):  file open failed. (40_sec.ld)
[02:31:46 AM]	CNtlPLLightObject::LoadSwapFile (978):  file open failed. (41_sec.ld)
[02:31:46 AM]	CNtlPLLightObject::LoadSwapFile (978):  file open failed. (42_sec.ld)
[02:31:46 AM]	CNtlPLLightObject::LoadSwapFile (978):  file open failed. (43_sec.ld)
[02:31:46 AM]	CNtlPLLightObject::LoadSwapFile (978):  file open failed. (44_sec.ld)
[02:31:46 AM]	CNtlPLLightObject::LoadSwapFile (978):  file open failed. (45_sec.ld)
[02:31:46 AM]	CNtlPLLightObject::LoadSwapFile (978):  file open failed. (46_sec.ld)
[02:31:46 AM]	CNtlPLLightObject::LoadSwapFile (978):  file open failed. (47_sec.ld)
[02:31:46 AM]	CNtlPLLightObject::LoadSwapFile (978):  file open failed. (48_sec.ld)
[02:31:46 AM]	CNtlPLLightObject::LoadSwapFile (978):  file open failed. (49_sec.ld)
[02:31:46 AM]	CNtlPLLightObject::LoadSwapFile (978):  file open failed. (50_sec.ld)
[02:31:46 AM]	CNtlPLLightObject::LoadSwapFile (978):  file open failed. (51_sec.ld)
[02:31:46 AM]	CNtlPLLightObject::LoadSwapFile (978):  file open failed. (52_sec.ld)
[02:31:46 AM]	CNtlPLLightObject::LoadSwapFile (978):  file open failed. (53_sec.ld)
[02:31:46 AM]	CNtlPLLightObject::LoadSwapFile (978):  file open failed. (54_sec.ld)
[02:31:46 AM]	CNtlPLLightObject::LoadSwapFile (978):  file open failed. (55_sec.ld)
[02:31:46 AM]	CNtlPLLightObject::LoadSwapFile (978):  file open failed. (56_sec.ld)
[02:31:46 AM]	CNtlPLLightObject::LoadSwapFile (978):  file open failed. (57_sec.ld)
[02:31:46 AM]	CNtlPLLightObject::LoadSwapFile (978):  file open failed. (58_sec.ld)
[02:31:46 AM]	CNtlPLLightObject::LoadSwapFile (978):  file open failed. (59_sec.ld)
[02:31:46 AM]	CNtlPLLightObject::LoadSwapFile (978):  file open failed. (60_sec.ld)
[02:31:46 AM]	CNtlPLLightObject::LoadSwapFile (978):  file open failed. (61_sec.ld)
[02:31:46 AM]	CNtlPLLightObject::LoadSwapFile (978):  file open failed. (62_sec.ld)
[02:31:46 AM]	CNtlPLLightObject::LoadSwapFile (978):  file open failed. (63_sec.ld)
[02:31:46 AM]	CNtlPLLightObject::LoadSwapFile (978):  file open failed. (64_sec.ld)
[02:31:46 AM]	CNtlPLLightObject::LoadSwapFile (978):  file open failed. (65_sec.ld)
[02:31:46 AM]	CNtlPLLightObject::LoadSwapFile (978):  file open failed. (66_sec.ld)
[02:31:46 AM]	CNtlPLLightObject::LoadSwapFile (978):  file open failed. (67_sec.ld)
[02:31:46 AM]	CNtlPLLightObject::LoadSwapFile (978):  file open failed. (68_sec.ld)
[02:31:46 AM]	CNtlPLLightObject::LoadSwapFile (978):  file open failed. (69_sec.ld)
[02:31:46 AM]	CNtlPLLightObject::LoadSwapFile (978):  file open failed. (70_sec.ld)
[02:31:46 AM]	CNtlPLLightObject::LoadSwapFile (978):  file open failed. (71_sec.ld)
[02:31:46 AM]	CNtlPLLightObject::LoadSwapFile (978):  file open failed. (72_sec.ld)
[02:31:46 AM]	CNtlPLLightObject::LoadSwapFile (978):  file open failed. (73_sec.ld)
[02:31:46 AM]	CNtlPLLightObject::LoadSwapFile (978):  file open failed. (74_sec.ld)
[02:31:46 AM]	CNtlPLLightObject::LoadSwapFile (978):  file open failed. (75_sec.ld)
[02:31:46 AM]	CNtlPLLightObject::LoadSwapFile (978):  file open failed. (76_sec.ld)
[02:31:46 AM]	CNtlPLLightObject::LoadSwapFile (978):  file open failed. (77_sec.ld)
[02:31:46 AM]	CNtlPLLightObject::LoadSwapFile (978):  file open failed. (78_sec.ld)
[02:31:46 AM]	CNtlPLLightObject::LoadSwapFile (978):  file open failed. (79_sec.ld)
[02:31:46 AM]	CNtlPLLightObject::LoadSwapFile (978):  file open failed. (80_sec.ld)
[02:31:46 AM]	CNtlPLLightObject::LoadSwapFile (978):  file open failed. (81_sec.ld)
[02:31:46 AM]	CNtlPLLightObject::LoadSwapFile (978):  file open failed. (82_sec.ld)
[02:31:46 AM]	CNtlPLLightObject::LoadSwapFile (978):  file open failed. (83_sec.ld)
[02:31:46 AM]	CNtlPLLightObject::LoadSwapFile (978):  file open failed. (84_sec.ld)
[02:31:46 AM]	CNtlPLLightObject::LoadSwapFile (978):  file open failed. (85_sec.ld)
[02:31:46 AM]	CNtlPLLightObject::LoadSwapFile (978):  file open failed. (86_sec.ld)
[02:31:46 AM]	CNtlPLLightObject::LoadSwapFile (978):  file open failed. (87_sec.ld)
[02:31:46 AM]	CNtlPLLightObject::LoadSwapFile (978):  file open failed. (88_sec.ld)
[02:31:46 AM]	CNtlPLLightObject::LoadSwapFile (978):  file open failed. (89_sec.ld)
[02:31:46 AM]	CNtlPLLightObject::LoadSwapFile (978):  file open failed. (90_sec.ld)
[02:31:46 AM]	CNtlPLLightObject::LoadSwapFile (978):  file open failed. (91_sec.ld)
[02:31:46 AM]	CNtlPLLightObject::LoadSwapFile (978):  file open failed. (92_sec.ld)
[02:31:46 AM]	CNtlPLLightObject::LoadSwapFile (978):  file open failed. (93_sec.ld)
[02:31:46 AM]	CNtlPLLightObject::LoadSwapFile (978):  file open failed. (94_sec.ld)
[02:31:46 AM]	CNtlPLLightObject::LoadSwapFile (978):  file open failed. (95_sec.ld)
[02:31:46 AM]	CNtlPLLightObject::LoadSwapFile (978):  file open failed. (96_sec.ld)
[02:31:46 AM]	CNtlPLLightObject::LoadSwapFile (978):  file open failed. (97_sec.ld)
[02:31:46 AM]	CNtlPLLightObject::LoadSwapFile (978):  file open failed. (98_sec.ld)
[02:31:46 AM]	CNtlPLLightObject::LoadSwapFile (978):  file open failed. (99_sec.ld)
[02:31:46 AM]	CNtlPLLightObject::LoadSwapFile (978):  file open failed. (100_sec.ld)
[02:31:46 AM]	CNtlPLLightObject::LoadSwapFile (978):  file open failed. (101_sec.ld)
[02:31:46 AM]	CNtlPLLightObject::LoadSwapFile (978):  file open failed. (102_sec.ld)
[02:31:46 AM]	CNtlPLLightObject::LoadSwapFile (978):  file open failed. (103_sec.ld)
[02:31:46 AM]	CNtlPLLightObject::LoadSwapFile (978):  file open failed. (104_sec.ld)
[02:31:46 AM]	CNtlPLLightObject::LoadSwapFile (978):  file open failed. (105_sec.ld)
[02:31:46 AM]	CNtlPLLightObject::LoadSwapFile (978):  file open failed. (106_sec.ld)
[02:31:46 AM]	CNtlPLLightObject::LoadSwapFile (978):  file open failed. (107_sec.ld)
[02:31:46 AM]	CNtlPLLightObject::LoadSwapFile (978):  file open failed. (108_sec.ld)
[02:31:46 AM]	CNtlPLLightObject::LoadSwapFile (978):  file open failed. (109_sec.ld)
[02:31:46 AM]	CNtlPLLightObject::LoadSwapFile (978):  file open failed. (110_sec.ld)
[02:31:46 AM]	CNtlPLLightObject::LoadSwapFile (978):  file open failed. (111_sec.ld)
[02:31:46 AM]	CNtlPLLightObject::LoadSwapFile (978):  file open failed. (112_sec.ld)
[02:31:46 AM]	CNtlPLLightObject::LoadSwapFile (978):  file open failed. (113_sec.ld)
[02:31:46 AM]	CNtlPLLightObject::LoadSwapFile (978):  file open failed. (114_sec.ld)
[02:31:46 AM]	CNtlPLLightObject::LoadSwapFile (978):  file open failed. (115_sec.ld)
[02:31:46 AM]	CNtlPLLightObject::LoadSwapFile (978):  file open failed. (116_sec.ld)
[02:31:46 AM]	CNtlPLLightObject::LoadSwapFile (978):  file open failed. (117_sec.ld)
[02:31:46 AM]	CNtlPLLightObject::LoadSwapFile (978):  file open failed. (118_sec.ld)
[02:31:46 AM]	CNtlPLLightObject::LoadSwapFile (978):  file open failed. (119_sec.ld)
[02:31:46 AM]	CNtlPLLightObject::LoadSwapFile (978):  file open failed. (120_sec.ld)
[02:31:46 AM]	CNtlPLLightObject::LoadSwapFile (978):  file open failed. (121_sec.ld)
[02:31:46 AM]	CNtlPLLightObject::LoadSwapFile (978):  file open failed. (122_sec.ld)
[02:31:46 AM]	CNtlPLLightObject::LoadSwapFile (978):  file open failed. (123_sec.ld)
[02:31:46 AM]	CNtlPLLightObject::LoadSwapFile (978):  file open failed. (124_sec.ld)
[02:31:46 AM]	CNtlPLLightObject::LoadSwapFile (978):  file open failed. (125_sec.ld)
[02:31:46 AM]	CNtlPLLightObject::LoadSwapFile (978):  file open failed. (126_sec.ld)
[02:31:46 AM]	CNtlPLLightObject::LoadSwapFile (978):  file open failed. (127_sec.ld)
[02:31:46 AM]	CNtlPLLightObject::LoadSwapFile (978):  file open failed. (128_sec.ld)
[02:31:46 AM]	CNtlPLLightObject::LoadSwapFile (978):  file open failed. (129_sec.ld)
[02:31:46 AM]	CNtlPLLightObject::LoadSwapFile (978):  file open failed. (130_sec.ld)
[02:31:46 AM]	CNtlPLLightObject::LoadSwapFile (978):  file open failed. (131_sec.ld)
[02:31:46 AM]	CNtlPLLightObject::LoadSwapFile (978):  file open failed. (132_sec.ld)
[02:31:46 AM]	CNtlPLLightObject::LoadSwapFile (978):  file open failed. (133_sec.ld)
[02:31:46 AM]	CNtlPLLightObject::LoadSwapFile (978):  file open failed. (134_sec.ld)
[02:31:46 AM]	CNtlPLLightObject::LoadSwapFile (978):  file open failed. (135_sec.ld)
[02:31:46 AM]	CNtlPLLightObject::LoadSwapFile (978):  file open failed. (136_sec.ld)
[02:31:46 AM]	CNtlPLLightObject::LoadSwapFile (978):  file open failed. (137_sec.ld)
[02:31:46 AM]	CNtlPLLightObject::LoadSwapFile (978):  file open failed. (138_sec.ld)
[02:31:46 AM]	CNtlPLLightObject::LoadSwapFile (978):  file open failed. (139_sec.ld)
[02:31:47 AM]	CNtlPLLightObject::LoadSwapFile (978):  file open failed. (140_sec.ld)
[02:31:47 AM]	CNtlPLLightObject::LoadSwapFile (978):  file open failed. (141_sec.ld)
[02:31:47 AM]	CNtlPLLightObject::LoadSwapFile (978):  file open failed. (142_sec.ld)
[02:31:47 AM]	CNtlPLLightObject::LoadSwapFile (978):  file open failed. (143_sec.ld)
[02:31:47 AM]	CNtlPLLightObject::LoadSwapFile (978):  file open failed. (144_sec.ld)
[02:31:47 AM]	CNtlPLLightObject::LoadSwapFile (978):  file open failed. (145_sec.ld)
[02:31:47 AM]	CNtlPLLightObject::LoadSwapFile (978):  file open failed. (146_sec.ld)
[02:31:47 AM]	CNtlPLLightObject::LoadSwapFile (978):  file open failed. (147_sec.ld)
[02:31:47 AM]	CNtlPLLightObject::LoadSwapFile (978):  file open failed. (148_sec.ld)
[02:31:47 AM]	CNtlPLLightObject::LoadSwapFile (978):  file open failed. (149_sec.ld)
[02:31:47 AM]	CNtlPLLightObject::LoadSwapFile (978):  file open failed. (150_sec.ld)
[02:31:47 AM]	CNtlPLLightObject::LoadSwapFile (978):  file open failed. (151_sec.ld)
[02:31:47 AM]	CNtlPLLightObject::LoadSwapFile (978):  file open failed. (152_sec.ld)
[02:31:47 AM]	CNtlPLLightObject::LoadSwapFile (978):  file open failed. (153_sec.ld)
[02:31:47 AM]	CNtlPLLightObject::LoadSwapFile (978):  file open failed. (154_sec.ld)
[02:31:47 AM]	CNtlPLLightObject::LoadSwapFile (978):  file open failed. (155_sec.ld)
[02:31:47 AM]	CNtlPLLightObject::LoadSwapFile (978):  file open failed. (156_sec.ld)
[02:31:47 AM]	CNtlPLLightObject::LoadSwapFile (978):  file open failed. (157_sec.ld)
[02:31:47 AM]	CNtlPLLightObject::LoadSwapFile (978):  file open failed. (158_sec.ld)
[02:31:47 AM]	CNtlPLLightObject::LoadSwapFile (978):  file open failed. (159_sec.ld)
[02:31:47 AM]	CNtlPLLightObject::LoadSwapFile (978):  file open failed. (160_sec.ld)
[02:31:47 AM]	CNtlPLLightObject::LoadSwapFile (978):  file open failed. (161_sec.ld)
[02:31:47 AM]	CNtlPLLightObject::LoadSwapFile (978):  file open failed. (162_sec.ld)
[02:31:47 AM]	CNtlPLLightObject::LoadSwapFile (978):  file open failed. (163_sec.ld)
[02:31:47 AM]	CNtlPLLightObject::LoadSwapFile (978):  file open failed. (164_sec.ld)
[02:31:47 AM]	CNtlPLLightObject::LoadSwapFile (978):  file open failed. (165_sec.ld)
[02:31:47 AM]	CNtlPLLightObject::LoadSwapFile (978):  file open failed. (166_sec.ld)
[02:31:47 AM]	CNtlPLLightObject::LoadSwapFile (978):  file open failed. (167_sec.ld)
[02:31:47 AM]	CNtlPLLightObject::LoadSwapFile (978):  file open failed. (168_sec.ld)
[02:31:47 AM]	CNtlPLLightObject::LoadSwapFile (978):  file open failed. (169_sec.ld)
[02:31:47 AM]	CNtlPLLightObject::LoadSwapFile (978):  file open failed. (170_sec.ld)
[02:31:47 AM]	CNtlPLLightObject::LoadSwapFile (978):  file open failed. (171_sec.ld)
[02:31:47 AM]	CNtlPLLightObject::LoadSwapFile (978):  file open failed. (172_sec.ld)
[02:31:47 AM]	CNtlPLLightObject::LoadSwapFile (978):  file open failed. (173_sec.ld)
[02:31:47 AM]	CNtlPLLightObject::LoadSwapFile (978):  file open failed. (174_sec.ld)
[02:31:47 AM]	CNtlPLLightObject::LoadSwapFile (978):  file open failed. (175_sec.ld)
[02:31:47 AM]	CNtlPLLightObject::LoadSwapFile (978):  file open failed. (176_sec.ld)
[02:31:47 AM]	CNtlPLLightObject::LoadSwapFile (978):  file open failed. (177_sec.ld)
[02:31:47 AM]	CNtlPLLightObject::LoadSwapFile (978):  file open failed. (178_sec.ld)
[02:31:47 AM]	CNtlPLLightObject::LoadSwapFile (978):  file open failed. (179_sec.ld)
[02:31:47 AM]	CNtlPLLightObject::LoadSwapFile (978):  file open failed. (180_sec.ld)
[02:31:47 AM]	CNtlPLLightObject::LoadSwapFile (978):  file open failed. (181_sec.ld)
[02:31:47 AM]	CNtlPLLightObject::LoadSwapFile (978):  file open failed. (182_sec.ld)
[02:31:47 AM]	CNtlPLLightObject::LoadSwapFile (978):  file open failed. (183_sec.ld)
[02:31:47 AM]	CNtlPLLightObject::LoadSwapFile (978):  file open failed. (184_sec.ld)
[02:31:47 AM]	CNtlPLLightObject::LoadSwapFile (978):  file open failed. (185_sec.ld)
[02:31:47 AM]	CNtlPLLightObject::LoadSwapFile (978):  file open failed. (186_sec.ld)
[02:31:47 AM]	CNtlPLLightObject::LoadSwapFile (978):  file open failed. (187_sec.ld)
[02:31:47 AM]	CNtlPLLightObject::LoadSwapFile (978):  file open failed. (188_sec.ld)
[02:31:47 AM]	CNtlPLLightObject::LoadSwapFile (978):  file open failed. (189_sec.ld)
[02:31:47 AM]	CNtlPLLightObject::LoadSwapFile (978):  file open failed. (190_sec.ld)
[02:31:47 AM]	CNtlPLLightObject::LoadSwapFile (978):  file open failed. (191_sec.ld)
[02:31:47 AM]	CNtlPLLightObject::LoadSwapFile (978):  file open failed. (192_sec.ld)
[02:31:47 AM]	CNtlPLLightObject::LoadSwapFile (978):  file open failed. (193_sec.ld)
[02:31:47 AM]	CNtlPLLightObject::LoadSwapFile (978):  file open failed. (194_sec.ld)
[02:31:47 AM]	CNtlPLLightObject::LoadSwapFile (978):  file open failed. (195_sec.ld)
[02:31:47 AM]	CNtlPLLightObject::LoadSwapFile (978):  file open failed. (196_sec.ld)
[02:31:47 AM]	CNtlPLLightObject::LoadSwapFile (978):  file open failed. (197_sec.ld)
[02:31:47 AM]	CNtlPLLightObject::LoadSwapFile (978):  file open failed. (198_sec.ld)
[02:31:47 AM]	CNtlPLLightObject::LoadSwapFile (978):  file open failed. (199_sec.ld)
[02:31:47 AM]	CNtlPLLightObject::LoadSwapFile (978):  file open failed. (200_sec.ld)
[02:31:47 AM]	CNtlPLLightObject::LoadSwapFile (978):  file open failed. (201_sec.ld)
[02:31:47 AM]	CNtlPLLightObject::LoadSwapFile (978):  file open failed. (202_sec.ld)
[02:31:47 AM]	CNtlPLLightObject::LoadSwapFile (978):  file open failed. (203_sec.ld)
[02:31:47 AM]	CNtlPLLightObject::LoadSwapFile (978):  file open failed. (204_sec.ld)
[02:31:47 AM]	CNtlPLLightObject::LoadSwapFile (978):  file open failed. (205_sec.ld)
[02:31:47 AM]	CNtlPLLightObject::LoadSwapFile (978):  file open failed. (206_sec.ld)
[02:31:47 AM]	CNtlPLLightObject::LoadSwapFile (978):  file open failed. (207_sec.ld)
[02:31:47 AM]	CNtlPLLightObject::LoadSwapFile (978):  file open failed. (208_sec.ld)
[02:31:47 AM]	CNtlPLLightObject::LoadSwapFile (978):  file open failed. (209_sec.ld)
[02:31:47 AM]	CNtlPLLightObject::LoadSwapFile (978):  file open failed. (210_sec.ld)
[02:31:47 AM]	CNtlPLLightObject::LoadSwapFile (978):  file open failed. (211_sec.ld)
[02:31:47 AM]	CNtlPLLightObject::LoadSwapFile (978):  file open failed. (212_sec.ld)
[02:31:47 AM]	CNtlPLLightObject::LoadSwapFile (978):  file open failed. (213_sec.ld)
[02:31:47 AM]	CNtlPLLightObject::LoadSwapFile (978):  file open failed. (214_sec.ld)
[02:31:47 AM]	CNtlPLLightObject::LoadSwapFile (978):  file open failed. (215_sec.ld)
[02:31:47 AM]	CNtlPLLightObject::LoadSwapFile (978):  file open failed. (216_sec.ld)
[02:31:47 AM]	CNtlPLLightObject::LoadSwapFile (978):  file open failed. (217_sec.ld)
[02:31:47 AM]	CNtlPLLightObject::LoadSwapFile (978):  file open failed. (218_sec.ld)
[02:31:47 AM]	CNtlPLLightObject::LoadSwapFile (978):  file open failed. (219_sec.ld)
[02:31:47 AM]	CNtlPLLightObject::LoadSwapFile (978):  file open failed. (220_sec.ld)
[02:31:47 AM]	CNtlPLLightObject::LoadSwapFile (978):  file open failed. (221_sec.ld)
[02:31:47 AM]	CNtlPLLightObject::LoadSwapFile (978):  file open failed. (222_sec.ld)
[02:31:47 AM]	CNtlPLLightObject::LoadSwapFile (978):  file open failed. (223_sec.ld)
[02:31:47 AM]	CNtlPLLightObject::LoadSwapFile (978):  file open failed. (224_sec.ld)
[02:31:47 AM]	CNtlPLLightObject::LoadSwapFile (978):  file open failed. (225_sec.ld)
[02:31:47 AM]	CNtlPLLightObject::LoadSwapFile (978):  file open failed. (226_sec.ld)
[02:31:47 AM]	CNtlPLLightObject::LoadSwapFile (978):  file open failed. (227_sec.ld)
[02:31:47 AM]	CNtlPLLightObject::LoadSwapFile (978):  file open failed. (228_sec.ld)
[02:31:47 AM]	CNtlPLLightObject::LoadSwapFile (978):  file open failed. (229_sec.ld)
[02:31:47 AM]	CNtlPLLightObject::LoadSwapFile (978):  file open failed. (230_sec.ld)
[02:31:47 AM]	CNtlPLLightObject::LoadSwapFile (978):  file open failed. (231_sec.ld)
[02:31:47 AM]	CNtlPLLightObject::LoadSwapFile (978):  file open failed. (232_sec.ld)
[02:31:47 AM]	CNtlPLLightObject::LoadSwapFile (978):  file open failed. (233_sec.ld)
[02:31:47 AM]	CNtlPLLightObject::LoadSwapFile (978):  file open failed. (234_sec.ld)
[02:31:47 AM]	CNtlPLLightObject::LoadSwapFile (978):  file open failed. (235_sec.ld)
[02:31:47 AM]	CNtlPLLightObject::LoadSwapFile (978):  file open failed. (236_sec.ld)
[02:31:47 AM]	CNtlPLLightObject::LoadSwapFile (978):  file open failed. (237_sec.ld)
[02:31:47 AM]	CNtlPLLightObject::LoadSwapFile (978):  file open failed. (238_sec.ld)
[02:31:47 AM]	CNtlPLLightObject::LoadSwapFile (978):  file open failed. (239_sec.ld)
[02:31:47 AM]	CNtlPLLightObject::LoadSwapFile (978):  file open failed. (240_sec.ld)
[02:31:47 AM]	CNtlPLLightObject::LoadSwapFile (978):  file open failed. (241_sec.ld)
[02:31:47 AM]	CNtlPLLightObject::LoadSwapFile (978):  file open failed. (242_sec.ld)
[02:31:47 AM]	CNtlPLLightObject::LoadSwapFile (978):  file open failed. (243_sec.ld)
[02:31:47 AM]	CNtlPLLightObject::LoadSwapFile (978):  file open failed. (244_sec.ld)
[02:31:47 AM]	CNtlPLLightObject::LoadSwapFile (978):  file open failed. (245_sec.ld)
[02:31:47 AM]	CNtlPLLightObject::LoadSwapFile (978):  file open failed. (246_sec.ld)
[02:31:47 AM]	CNtlPLLightObject::LoadSwapFile (978):  file open failed. (247_sec.ld)
[02:31:47 AM]	CNtlPLLightObject::LoadSwapFile (978):  file open failed. (248_sec.ld)
[02:31:47 AM]	CNtlPLLightObject::LoadSwapFile (978):  file open failed. (249_sec.ld)
[02:31:47 AM]	CNtlPLLightObject::LoadSwapFile (978):  file open failed. (250_sec.ld)
[02:31:47 AM]	CNtlPLLightObject::LoadSwapFile (978):  file open failed. (251_sec.ld)
[02:31:47 AM]	CNtlPLLightObject::LoadSwapFile (978):  file open failed. (252_sec.ld)
[02:31:47 AM]	CNtlPLLightObject::LoadSwapFile (978):  file open failed. (253_sec.ld)
[02:31:47 AM]	CNtlPLLightObject::LoadSwapFile (978):  file open failed. (254_sec.ld)
[02:31:47 AM]	CNtlPLLightObject::LoadSwapFile (978):  file open failed. (255_sec.ld)
[02:31:47 AM]	CNtlWorldRpLightManager::LoadSwap (216):  file open failed. (static_sec.ld)
[02:31:47 AM]	CNtlPLVisualManager::GetRWWorldHeight (1062):  GetWorldHeight : Failed : IN(0,0,0), OUT_HEIGHT(-3.94024)
[02:31:50 AM]	CNtlWorldShadow::LoadSwapFile (141):  file open failed. (66_sec.sdw)
[02:31:50 AM]	CNtlPLObject::LoadSwapFile (3331):  file open failed. (66_sec.objt)
[02:31:50 AM]	CNtlInstanceEffect::LoadSwapFile (801):  file open failed. (66_sec.eff)
[02:31:50 AM]	CNtlPLOccluder_Quad::LoadSwapFile (830):  file open failed. (66_sec.ocq)
[02:31:50 AM]	CNtlPLHeatHazeObject::LoadSwapFile (724):  file open failed. (66_sec.hho)
[02:31:50 AM]	CNtlWorldShadow::LoadSwapFile (141):  file open failed. (67_sec.sdw)
[02:31:50 AM]	CNtlPLObject::LoadSwapFile (3331):  file open failed. (67_sec.objt)
[02:31:50 AM]	CNtlInstanceEffect::LoadSwapFile (801):  file open failed. (67_sec.eff)
[02:31:50 AM]	CNtlPLOccluder_Quad::LoadSwapFile (830):  file open failed. (67_sec.ocq)
[02:31:50 AM]	CNtlPLHeatHazeObject::LoadSwapFile (724):  file open failed. (67_sec.hho)
[02:31:50 AM]	CNtlWorldShadow::LoadSwapFile (141):  file open failed. (82_sec.sdw)
[02:31:50 AM]	CNtlPLObject::LoadSwapFile (3331):  file open failed. (82_sec.objt)
[02:31:50 AM]	CNtlInstanceEffect::LoadSwapFile (801):  file open failed. (82_sec.eff)
[02:31:50 AM]	CNtlPLOccluder_Quad::LoadSwapFile (830):  file open failed. (82_sec.ocq)
[02:31:50 AM]	CNtlPLHeatHazeObject::LoadSwapFile (724):  file open failed. (82_sec.hho)
[02:31:50 AM]	CNtlWorldShadow::LoadSwapFile (141):  file open failed. (83_sec.sdw)
[02:31:50 AM]	CNtlPLObject::LoadSwapFile (3331):  file open failed. (83_sec.objt)
[02:31:50 AM]	CNtlInstanceEffect::LoadSwapFile (801):  file open failed. (83_sec.eff)
[02:31:50 AM]	CNtlPLOccluder_Quad::LoadSwapFile (830):  file open failed. (83_sec.ocq)
[02:31:50 AM]	CNtlPLHeatHazeObject::LoadSwapFile (724):  file open failed. (83_sec.hho)
[02:31:50 AM]	CNtlWorldShadow::LoadSwapFile (141):  file open failed. (68_sec.sdw)
[02:31:50 AM]	CNtlPLObject::LoadSwapFile (3331):  file open failed. (68_sec.objt)
[02:31:50 AM]	CNtlInstanceEffect::LoadSwapFile (801):  file open failed. (68_sec.eff)
[02:31:50 AM]	CNtlPLOccluder_Quad::LoadSwapFile (830):  file open failed. (68_sec.ocq)
[02:31:50 AM]	CNtlPLHeatHazeObject::LoadSwapFile (724):  file open failed. (68_sec.hho)
[02:31:50 AM]	CNtlWorldShadow::LoadSwapFile (141):  file open failed. (69_sec.sdw)
[02:31:50 AM]	CNtlPLObject::LoadSwapFile (3331):  file open failed. (69_sec.objt)
[02:31:50 AM]	CNtlInstanceEffect::LoadSwapFile (801):  file open failed. (69_sec.eff)
[02:31:50 AM]	CNtlPLOccluder_Quad::LoadSwapFile (830):  file open failed. (69_sec.ocq)
[02:31:50 AM]	CNtlPLHeatHazeObject::LoadSwapFile (724):  file open failed. (69_sec.hho)
[02:31:50 AM]	CNtlWorldShadow::LoadSwapFile (141):  file open failed. (84_sec.sdw)
[02:31:50 AM]	CNtlPLObject::LoadSwapFile (3331):  file open failed. (84_sec.objt)
[02:31:50 AM]	CNtlInstanceEffect::LoadSwapFile (801):  file open failed. (84_sec.eff)
[02:31:50 AM]	CNtlPLOccluder_Quad::LoadSwapFile (830):  file open failed. (84_sec.ocq)
[02:31:50 AM]	CNtlPLHeatHazeObject::LoadSwapFile (724):  file open failed. (84_sec.hho)
[02:31:50 AM]	CNtlWorldShadow::LoadSwapFile (141):  file open failed. (85_sec.sdw)
[02:31:50 AM]	CNtlPLObject::LoadSwapFile (3331):  file open failed. (85_sec.objt)
[02:31:50 AM]	CNtlInstanceEffect::LoadSwapFile (801):  file open failed. (85_sec.eff)
[02:31:50 AM]	CNtlPLOccluder_Quad::LoadSwapFile (830):  file open failed. (85_sec.ocq)
[02:31:50 AM]	CNtlPLHeatHazeObject::LoadSwapFile (724):  file open failed. (85_sec.hho)
[02:31:50 AM]	CNtlWorldShadow::LoadSwapFile (141):  file open failed. (70_sec.sdw)
[02:31:50 AM]	CNtlPLObject::LoadSwapFile (3331):  file open failed. (70_sec.objt)
[02:31:50 AM]	CNtlInstanceEffect::LoadSwapFile (801):  file open failed. (70_sec.eff)
[02:31:50 AM]	CNtlPLOccluder_Quad::LoadSwapFile (830):  file open failed. (70_sec.ocq)
[02:31:50 AM]	CNtlPLHeatHazeObject::LoadSwapFile (724):  file open failed. (70_sec.hho)
[02:31:50 AM]	CNtlWorldShadow::LoadSwapFile (141):  file open failed. (71_sec.sdw)
[02:31:50 AM]	CNtlPLObject::LoadSwapFile (3331):  file open failed. (71_sec.objt)
[02:31:50 AM]	CNtlInstanceEffect::LoadSwapFile (801):  file open failed. (71_sec.eff)
[02:31:50 AM]	CNtlPLOccluder_Quad::LoadSwapFile (830):  file open failed. (71_sec.ocq)
[02:31:50 AM]	CNtlPLHeatHazeObject::LoadSwapFile (724):  file open failed. (71_sec.hho)
[02:31:50 AM]	CNtlWorldShadow::LoadSwapFile (141):  file open failed. (86_sec.sdw)
[02:31:50 AM]	CNtlPLObject::LoadSwapFile (3331):  file open failed. (86_sec.objt)
[02:31:50 AM]	CNtlInstanceEffect::LoadSwapFile (801):  file open failed. (86_sec.eff)
[02:31:50 AM]	CNtlPLOccluder_Quad::LoadSwapFile (830):  file open failed. (86_sec.ocq)
[02:31:50 AM]	CNtlPLHeatHazeObject::LoadSwapFile (724):  file open failed. (86_sec.hho)
[02:31:50 AM]	CNtlWorldShadow::LoadSwapFile (141):  file open failed. (87_sec.sdw)
[02:31:50 AM]	CNtlPLObject::LoadSwapFile (3331):  file open failed. (87_sec.objt)
[02:31:50 AM]	CNtlInstanceEffect::LoadSwapFile (801):  file open failed. (87_sec.eff)
[02:31:50 AM]	CNtlPLOccluder_Quad::LoadSwapFile (830):  file open failed. (87_sec.ocq)
[02:31:50 AM]	CNtlPLHeatHazeObject::LoadSwapFile (724):  file open failed. (87_sec.hho)
[02:31:50 AM]	CNtlWorldShadow::LoadSwapFile (141):  file open failed. (72_sec.sdw)
[02:31:50 AM]	CNtlPLObject::LoadSwapFile (3331):  file open failed. (72_sec.objt)
[02:31:50 AM]	CNtlInstanceEffect::LoadSwapFile (801):  file open failed. (72_sec.eff)
[02:31:50 AM]	CNtlPLOccluder_Quad::LoadSwapFile (830):  file open failed. (72_sec.ocq)
[02:31:50 AM]	CNtlPLHeatHazeObject::LoadSwapFile (724):  file open failed. (72_sec.hho)
[02:31:50 AM]	CNtlWorldShadow::LoadSwapFile (141):  file open failed. (73_sec.sdw)
[02:31:50 AM]	CNtlPLObject::LoadSwapFile (3331):  file open failed. (73_sec.objt)
[02:31:50 AM]	CNtlInstanceEffect::LoadSwapFile (801):  file open failed. (73_sec.eff)
[02:31:50 AM]	CNtlPLOccluder_Quad::LoadSwapFile (830):  file open failed. (73_sec.ocq)
[02:31:50 AM]	CNtlPLHeatHazeObject::LoadSwapFile (724):  file open failed. (73_sec.hho)
[02:31:50 AM]	CNtlWorldShadow::LoadSwapFile (141):  file open failed. (88_sec.sdw)
[02:31:50 AM]	CNtlPLObject::LoadSwapFile (3331):  file open failed. (88_sec.objt)
[02:31:50 AM]	CNtlInstanceEffect::LoadSwapFile (801):  file open failed. (88_sec.eff)
[02:31:50 AM]	CNtlPLOccluder_Quad::LoadSwapFile (830):  file open failed. (88_sec.ocq)
[02:31:50 AM]	CNtlPLHeatHazeObject::LoadSwapFile (724):  file open failed. (88_sec.hho)
[02:31:50 AM]	CNtlWorldShadow::LoadSwapFile (141):  file open failed. (89_sec.sdw)
[02:31:50 AM]	CNtlPLObject::LoadSwapFile (3331):  file open failed. (89_sec.objt)
[02:31:50 AM]	CNtlInstanceEffect::LoadSwapFile (801):  file open failed. (89_sec.eff)
[02:31:50 AM]	CNtlPLOccluder_Quad::LoadSwapFile (830):  file open failed. (89_sec.ocq)
[02:31:50 AM]	CNtlPLHeatHazeObject::LoadSwapFile (724):  file open failed. (89_sec.hho)
[02:31:50 AM]	CNtlWorldShadow::LoadSwapFile (141):  file open failed. (74_sec.sdw)
[02:31:50 AM]	CNtlPLObject::LoadSwapFile (3331):  file open failed. (74_sec.objt)
[02:31:50 AM]	CNtlInstanceEffect::LoadSwapFile (801):  file open failed. (74_sec.eff)
[02:31:50 AM]	CNtlPLOccluder_Quad::LoadSwapFile (830):  file open failed. (74_sec.ocq)
[02:31:50 AM]	CNtlPLHeatHazeObject::LoadSwapFile (724):  file open failed. (74_sec.hho)
[02:31:50 AM]	CNtlWorldShadow::LoadSwapFile (141):  file open failed. (75_sec.sdw)
[02:31:50 AM]	CNtlPLObject::LoadSwapFile (3331):  file open failed. (75_sec.objt)
[02:31:50 AM]	CNtlInstanceEffect::LoadSwapFile (801):  file open failed. (75_sec.eff)
[02:31:50 AM]	CNtlPLOccluder_Quad::LoadSwapFile (830):  file open failed. (75_sec.ocq)
[02:31:50 AM]	CNtlPLHeatHazeObject::LoadSwapFile (724):  file open failed. (75_sec.hho)
[02:31:50 AM]	CNtlWorldShadow::LoadSwapFile (141):  file open failed. (90_sec.sdw)
[02:31:50 AM]	CNtlPLObject::LoadSwapFile (3331):  file open failed. (90_sec.objt)
[02:31:50 AM]	CNtlInstanceEffect::LoadSwapFile (801):  file open failed. (90_sec.eff)
[02:31:50 AM]	CNtlPLOccluder_Quad::LoadSwapFile (830):  file open failed. (90_sec.ocq)
[02:31:50 AM]	CNtlPLHeatHazeObject::LoadSwapFile (724):  file open failed. (90_sec.hho)
[02:31:50 AM]	CNtlWorldShadow::LoadSwapFile (141):  file open failed. (91_sec.sdw)
[02:31:50 AM]	CNtlPLObject::LoadSwapFile (3331):  file open failed. (91_sec.objt)
[02:31:50 AM]	CNtlInstanceEffect::LoadSwapFile (801):  file open failed. (91_sec.eff)
[02:31:50 AM]	CNtlPLOccluder_Quad::LoadSwapFile (830):  file open failed. (91_sec.ocq)
[02:31:50 AM]	CNtlPLHeatHazeObject::LoadSwapFile (724):  file open failed. (91_sec.hho)
[02:31:50 AM]	CNtlWorldShadow::LoadSwapFile (141):  file open failed. (76_sec.sdw)
[02:31:50 AM]	CNtlPLObject::LoadSwapFile (3331):  file open failed. (76_sec.objt)
[02:31:50 AM]	CNtlInstanceEffect::LoadSwapFile (801):  file open failed. (76_sec.eff)
[02:31:50 AM]	CNtlPLOccluder_Quad::LoadSwapFile (830):  file open failed. (76_sec.ocq)
[02:31:50 AM]	CNtlPLHeatHazeObject::LoadSwapFile (724):  file open failed. (76_sec.hho)
[02:31:50 AM]	CNtlWorldShadow::LoadSwapFile (141):  file open failed. (77_sec.sdw)
[02:31:50 AM]	CNtlPLObject::LoadSwapFile (3331):  file open failed. (77_sec.objt)
[02:31:50 AM]	CNtlInstanceEffect::LoadSwapFile (801):  file open failed. (77_sec.eff)
[02:31:50 AM]	CNtlPLOccluder_Quad::LoadSwapFile (830):  file open failed. (77_sec.ocq)
[02:31:50 AM]	CNtlPLHeatHazeObject::LoadSwapFile (724):  file open failed. (77_sec.hho)
[02:31:50 AM]	CNtlWorldShadow::LoadSwapFile (141):  file open failed. (92_sec.sdw)
[02:31:50 AM]	CNtlPLObject::LoadSwapFile (3331):  file open failed. (92_sec.objt)
[02:31:50 AM]	CNtlInstanceEffect::LoadSwapFile (801):  file open failed. (92_sec.eff)
[02:31:50 AM]	CNtlPLOccluder_Quad::LoadSwapFile (830):  file open failed. (92_sec.ocq)
[02:31:50 AM]	CNtlPLHeatHazeObject::LoadSwapFile (724):  file open failed. (92_sec.hho)
[02:31:50 AM]	CNtlWorldShadow::LoadSwapFile (141):  file open failed. (93_sec.sdw)
[02:31:50 AM]	CNtlPLObject::LoadSwapFile (3331):  file open failed. (93_sec.objt)
[02:31:50 AM]	CNtlInstanceEffect::LoadSwapFile (801):  file open failed. (93_sec.eff)
[02:31:51 AM]	CNtlPLOccluder_Quad::LoadSwapFile (830):  file open failed. (93_sec.ocq)
[02:31:51 AM]	CNtlPLHeatHazeObject::LoadSwapFile (724):  file open failed. (93_sec.hho)
[02:31:51 AM]	CNtlWorldShadow::LoadSwapFile (141):  file open failed. (98_sec.sdw)
[02:31:51 AM]	CNtlPLObject::LoadSwapFile (3331):  file open failed. (98_sec.objt)
[02:31:51 AM]	CNtlInstanceEffect::LoadSwapFile (801):  file open failed. (98_sec.eff)
[02:31:51 AM]	CNtlPLOccluder_Quad::LoadSwapFile (830):  file open failed. (98_sec.ocq)
[02:31:51 AM]	CNtlPLHeatHazeObject::LoadSwapFile (724):  file open failed. (98_sec.hho)
[02:31:51 AM]	CNtlWorldShadow::LoadSwapFile (141):  file open failed. (99_sec.sdw)
[02:31:51 AM]	CNtlPLObject::LoadSwapFile (3331):  file open failed. (99_sec.objt)
[02:31:51 AM]	CNtlInstanceEffect::LoadSwapFile (801):  file open failed. (99_sec.eff)
[02:31:51 AM]	CNtlPLOccluder_Quad::LoadSwapFile (830):  file open failed. (99_sec.ocq)
[02:31:51 AM]	CNtlPLHeatHazeObject::LoadSwapFile (724):  file open failed. (99_sec.hho)
[02:31:51 AM]	CNtlWorldShadow::LoadSwapFile (141):  file open failed. (114_sec.sdw)
[02:31:51 AM]	CNtlPLObject::LoadSwapFile (3331):  file open failed. (114_sec.objt)
[02:31:51 AM]	CNtlInstanceEffect::LoadSwapFile (801):  file open failed. (114_sec.eff)
[02:31:51 AM]	CNtlPLOccluder_Quad::LoadSwapFile (830):  file open failed. (114_sec.ocq)
[02:31:51 AM]	CNtlPLHeatHazeObject::LoadSwapFile (724):  file open failed. (114_sec.hho)
[02:31:51 AM]	CNtlWorldShadow::LoadSwapFile (141):  file open failed. (115_sec.sdw)
[02:31:51 AM]	CNtlPLObject::LoadSwapFile (3331):  file open failed. (115_sec.objt)
[02:31:51 AM]	CNtlInstanceEffect::LoadSwapFile (801):  file open failed. (115_sec.eff)
[02:31:51 AM]	CNtlPLOccluder_Quad::LoadSwapFile (830):  file open failed. (115_sec.ocq)
[02:31:51 AM]	CNtlPLHeatHazeObject::LoadSwapFile (724):  file open failed. (115_sec.hho)
[02:31:51 AM]	CNtlWorldShadow::LoadSwapFile (141):  file open failed. (100_sec.sdw)
[02:31:51 AM]	CNtlPLObject::LoadSwapFile (3331):  file open failed. (100_sec.objt)
[02:31:51 AM]	CNtlInstanceEffect::LoadSwapFile (801):  file open failed. (100_sec.eff)
[02:31:51 AM]	CNtlPLOccluder_Quad::LoadSwapFile (830):  file open failed. (100_sec.ocq)
[02:31:51 AM]	CNtlPLHeatHazeObject::LoadSwapFile (724):  file open failed. (100_sec.hho)
[02:31:51 AM]	CNtlWorldShadow::LoadSwapFile (141):  file open failed. (101_sec.sdw)
[02:31:51 AM]	CNtlPLObject::LoadSwapFile (3331):  file open failed. (101_sec.objt)
[02:31:51 AM]	CNtlInstanceEffect::LoadSwapFile (801):  file open failed. (101_sec.eff)
[02:31:51 AM]	CNtlPLOccluder_Quad::LoadSwapFile (830):  file open failed. (101_sec.ocq)
[02:31:51 AM]	CNtlPLHeatHazeObject::LoadSwapFile (724):  file open failed. (101_sec.hho)
[02:31:51 AM]	CNtlWorldShadow::LoadSwapFile (141):  file open failed. (116_sec.sdw)
[02:31:51 AM]	CNtlPLObject::LoadSwapFile (3331):  file open failed. (116_sec.objt)
[02:31:51 AM]	CNtlInstanceEffect::LoadSwapFile (801):  file open failed. (116_sec.eff)
[02:31:51 AM]	CNtlPLOccluder_Quad::LoadSwapFile (830):  file open failed. (116_sec.ocq)
[02:31:51 AM]	CNtlPLHeatHazeObject::LoadSwapFile (724):  file open failed. (116_sec.hho)
[02:31:51 AM]	CNtlWorldShadow::LoadSwapFile (141):  file open failed. (117_sec.sdw)
[02:31:51 AM]	CNtlPLObject::LoadSwapFile (3331):  file open failed. (117_sec.objt)
[02:31:51 AM]	CNtlInstanceEffect::LoadSwapFile (801):  file open failed. (117_sec.eff)
[02:31:51 AM]	CNtlPLOccluder_Quad::LoadSwapFile (830):  file open failed. (117_sec.ocq)
[02:31:51 AM]	CNtlPLHeatHazeObject::LoadSwapFile (724):  file open failed. (117_sec.hho)
[02:31:51 AM]	CNtlWorldShadow::LoadSwapFile (141):  file open failed. (102_sec.sdw)
[02:31:51 AM]	CNtlPLObject::LoadSwapFile (3331):  file open failed. (102_sec.objt)
[02:31:51 AM]	CNtlInstanceEffect::LoadSwapFile (801):  file open failed. (102_sec.eff)
[02:31:51 AM]	CNtlPLOccluder_Quad::LoadSwapFile (830):  file open failed. (102_sec.ocq)
[02:31:51 AM]	CNtlPLHeatHazeObject::LoadSwapFile (724):  file open failed. (102_sec.hho)
[02:31:51 AM]	CNtlWorldShadow::LoadSwapFile (141):  file open failed. (103_sec.sdw)
[02:31:51 AM]	CNtlPLObject::LoadSwapFile (3331):  file open failed. (103_sec.objt)
[02:31:51 AM]	CNtlInstanceEffect::LoadSwapFile (801):  file open failed. (103_sec.eff)
[02:31:51 AM]	CNtlPLOccluder_Quad::LoadSwapFile (830):  file open failed. (103_sec.ocq)
[02:31:51 AM]	CNtlPLHeatHazeObject::LoadSwapFile (724):  file open failed. (103_sec.hho)
[02:31:51 AM]	CNtlWorldShadow::LoadSwapFile (141):  file open failed. (118_sec.sdw)
[02:31:51 AM]	CNtlPLObject::LoadSwapFile (3331):  file open failed. (118_sec.objt)
[02:31:51 AM]	CNtlInstanceEffect::LoadSwapFile (801):  file open failed. (118_sec.eff)
[02:31:51 AM]	CNtlPLOccluder_Quad::LoadSwapFile (830):  file open failed. (118_sec.ocq)
[02:31:52 AM]	CNtlPLHeatHazeObject::LoadSwapFile (724):  file open failed. (118_sec.hho)
[02:31:52 AM]	CNtlWorldShadow::LoadSwapFile (141):  file open failed. (119_sec.sdw)
[02:31:52 AM]	CNtlPLObject::LoadSwapFile (3331):  file open failed. (119_sec.objt)
[02:31:52 AM]	CNtlInstanceEffect::LoadSwapFile (801):  file open failed. (119_sec.eff)
[02:31:52 AM]	CNtlPLOccluder_Quad::LoadSwapFile (830):  file open failed. (119_sec.ocq)
[02:31:52 AM]	CNtlPLHeatHazeObject::LoadSwapFile (724):  file open failed. (119_sec.hho)
[02:31:52 AM]	CNtlWorldShadow::LoadSwapFile (141):  file open failed. (104_sec.sdw)
[02:31:52 AM]	CNtlPLObject::LoadSwapFile (3331):  file open failed. (104_sec.objt)
[02:31:52 AM]	CNtlInstanceEffect::LoadSwapFile (801):  file open failed. (104_sec.eff)
[02:31:52 AM]	CNtlPLOccluder_Quad::LoadSwapFile (830):  file open failed. (104_sec.ocq)
[02:31:52 AM]	CNtlPLHeatHazeObject::LoadSwapFile (724):  file open failed. (104_sec.hho)
[02:31:52 AM]	CNtlWorldShadow::LoadSwapFile (141):  file open failed. (105_sec.sdw)
[02:31:52 AM]	CNtlPLObject::LoadSwapFile (3331):  file open failed. (105_sec.objt)
[02:31:52 AM]	CNtlInstanceEffect::LoadSwapFile (801):  file open failed. (105_sec.eff)
[02:31:52 AM]	CNtlPLOccluder_Quad::LoadSwapFile (830):  file open failed. (105_sec.ocq)
[02:31:52 AM]	CNtlPLHeatHazeObject::LoadSwapFile (724):  file open failed. (105_sec.hho)
[02:31:52 AM]	CNtlWorldShadow::LoadSwapFile (141):  file open failed. (120_sec.sdw)
