[15:15:50 PM]	=============== Start Trace ===============

[15:15:50 PM]	 === < SABER > Trace Start === 
[15:17:18 PM]	CNtlPLVisualManager::GetHeightFieldWorldHeight (1170):  GetWorldHeight : Failed : IN(0,0,0), OUT_HEIGHT(-999)
[15:18:47 PM]	CNtlPLResourceManager::LoadClump (550):  CNtlPLResourceManager::LoadClump the clump find not(Effect\Max_Dragonball_01.dff)
[15:19:09 PM]	CNtlWorldShadow::LoadSwapFile (141):  file open failed. (8562_sec.sdw)
[15:19:09 PM]	CNtlPLObject::LoadSwapFile (3331):  file open failed. (8562_sec.objt)
[15:19:09 PM]	CNtlInstanceEffect::LoadSwapFile (801):  file open failed. (8562_sec.eff)
[15:19:09 PM]	CNtlPLOccluder_Quad::LoadSwapFile (830):  file open failed. (8562_sec.ocq)
[15:19:09 PM]	CNtlPLHeatHazeObject::LoadSwapFile (724):  file open failed. (8562_sec.hho)
[15:19:09 PM]	CNtlWorldShadow::LoadSwapFile (141):  file open failed. (8563_sec.sdw)
[15:19:09 PM]	CNtlPLObject::LoadSwapFile (3331):  file open failed. (8563_sec.objt)
[15:19:09 PM]	CNtlInstanceEffect::LoadSwapFile (801):  file open failed. (8563_sec.eff)
[15:19:09 PM]	CNtlPLOccluder_Quad::LoadSwapFile (830):  file open failed. (8563_sec.ocq)
[15:19:09 PM]	CNtlPLHeatHazeObject::LoadSwapFile (724):  file open failed. (8563_sec.hho)
[15:19:09 PM]	CNtlWorldShadow::LoadSwapFile (141):  file open failed. (8690_sec.sdw)
[15:19:09 PM]	CNtlPLObject::LoadSwapFile (3331):  file open failed. (8690_sec.objt)
[15:19:09 PM]	CNtlInstanceEffect::LoadSwapFile (801):  file open failed. (8690_sec.eff)
[15:19:09 PM]	CNtlPLOccluder_Quad::LoadSwapFile (830):  file open failed. (8690_sec.ocq)
[15:19:09 PM]	CNtlPLHeatHazeObject::LoadSwapFile (724):  file open failed. (8690_sec.hho)
[15:19:09 PM]	CNtlWorldShadow::LoadSwapFile (141):  file open failed. (8691_sec.sdw)
[15:19:09 PM]	CNtlPLObject::LoadSwapFile (3331):  file open failed. (8691_sec.objt)
[15:19:09 PM]	CNtlInstanceEffect::LoadSwapFile (801):  file open failed. (8691_sec.eff)
[15:19:09 PM]	CNtlPLOccluder_Quad::LoadSwapFile (830):  file open failed. (8691_sec.ocq)
[15:19:09 PM]	CNtlPLHeatHazeObject::LoadSwapFile (724):  file open failed. (8691_sec.hho)
[15:20:37 PM]	CNtlWorldShadow::LoadSwapFile (141):  file open failed. (8548_sec.sdw)
[15:20:37 PM]	CNtlPLObject::LoadSwapFile (3331):  file open failed. (8548_sec.objt)
[15:20:37 PM]	CNtlInstanceEffect::LoadSwapFile (801):  file open failed. (8548_sec.eff)
[15:20:37 PM]	CNtlPLOccluder_Quad::LoadSwapFile (830):  file open failed. (8548_sec.ocq)
[15:20:37 PM]	CNtlPLHeatHazeObject::LoadSwapFile (724):  file open failed. (8548_sec.hho)
[15:20:37 PM]	CNtlWorldShadow::LoadSwapFile (141):  file open failed. (8549_sec.sdw)
[15:20:37 PM]	CNtlPLObject::LoadSwapFile (3331):  file open failed. (8549_sec.objt)
[15:20:37 PM]	CNtlInstanceEffect::LoadSwapFile (801):  file open failed. (8549_sec.eff)
[15:20:37 PM]	CNtlPLOccluder_Quad::LoadSwapFile (830):  file open failed. (8549_sec.ocq)
[15:20:37 PM]	CNtlPLHeatHazeObject::LoadSwapFile (724):  file open failed. (8549_sec.hho)
[15:20:37 PM]	CNtlWorldShadow::LoadSwapFile (141):  file open failed. (8676_sec.sdw)
[15:20:37 PM]	CNtlPLObject::LoadSwapFile (3331):  file open failed. (8676_sec.objt)
[15:20:37 PM]	CNtlInstanceEffect::LoadSwapFile (801):  file open failed. (8676_sec.eff)
[15:20:37 PM]	CNtlPLOccluder_Quad::LoadSwapFile (830):  file open failed. (8676_sec.ocq)
[15:20:37 PM]	CNtlPLHeatHazeObject::LoadSwapFile (724):  file open failed. (8676_sec.hho)
[15:20:37 PM]	CNtlWorldShadow::LoadSwapFile (141):  file open failed. (8677_sec.sdw)
[15:20:37 PM]	CNtlPLObject::LoadSwapFile (3331):  file open failed. (8677_sec.objt)
[15:20:37 PM]	CNtlInstanceEffect::LoadSwapFile (801):  file open failed. (8677_sec.eff)
[15:20:37 PM]	CNtlPLOccluder_Quad::LoadSwapFile (830):  file open failed. (8677_sec.ocq)
[15:20:37 PM]	CNtlPLHeatHazeObject::LoadSwapFile (724):  file open failed. (8677_sec.hho)
[15:20:37 PM]	CNtlWorldShadow::LoadSwapFile (141):  file open failed. (8804_sec.sdw)
[15:20:37 PM]	CNtlPLObject::LoadSwapFile (3331):  file open failed. (8804_sec.objt)
[15:20:37 PM]	CNtlInstanceEffect::LoadSwapFile (801):  file open failed. (8804_sec.eff)
[15:20:37 PM]	CNtlPLOccluder_Quad::LoadSwapFile (830):  file open failed. (8804_sec.ocq)
[15:20:37 PM]	CNtlPLHeatHazeObject::LoadSwapFile (724):  file open failed. (8804_sec.hho)
[15:20:37 PM]	CNtlWorldShadow::LoadSwapFile (141):  file open failed. (8805_sec.sdw)
[15:20:37 PM]	CNtlPLObject::LoadSwapFile (3331):  file open failed. (8805_sec.objt)
[15:20:37 PM]	CNtlInstanceEffect::LoadSwapFile (801):  file open failed. (8805_sec.eff)
[15:20:37 PM]	CNtlPLOccluder_Quad::LoadSwapFile (830):  file open failed. (8805_sec.ocq)
[15:20:37 PM]	CNtlPLHeatHazeObject::LoadSwapFile (724):  file open failed. (8805_sec.hho)
[15:20:37 PM]	CNtlWorldShadow::LoadSwapFile (141):  file open failed. (8932_sec.sdw)
[15:20:37 PM]	CNtlPLObject::LoadSwapFile (3331):  file open failed. (8932_sec.objt)
[15:20:37 PM]	CNtlInstanceEffect::LoadSwapFile (801):  file open failed. (8932_sec.eff)
[15:20:37 PM]	CNtlPLOccluder_Quad::LoadSwapFile (830):  file open failed. (8932_sec.ocq)
[15:20:37 PM]	CNtlPLHeatHazeObject::LoadSwapFile (724):  file open failed. (8932_sec.hho)
[15:20:37 PM]	CNtlWorldShadow::LoadSwapFile (141):  file open failed. (8933_sec.sdw)
[15:20:37 PM]	CNtlPLObject::LoadSwapFile (3331):  file open failed. (8933_sec.objt)
[15:20:37 PM]	CNtlInstanceEffect::LoadSwapFile (801):  file open failed. (8933_sec.eff)
[15:20:37 PM]	CNtlPLOccluder_Quad::LoadSwapFile (830):  file open failed. (8933_sec.ocq)
[15:20:37 PM]	CNtlPLHeatHazeObject::LoadSwapFile (724):  file open failed. (8933_sec.hho)
[15:20:37 PM]	CNtlWorldShadow::LoadSwapFile (141):  file open failed. (9060_sec.sdw)
[15:20:37 PM]	CNtlPLObject::LoadSwapFile (3331):  file open failed. (9060_sec.objt)
[15:20:37 PM]	CNtlInstanceEffect::LoadSwapFile (801):  file open failed. (9060_sec.eff)
[15:20:37 PM]	CNtlPLOccluder_Quad::LoadSwapFile (830):  file open failed. (9060_sec.ocq)
[15:20:37 PM]	CNtlPLHeatHazeObject::LoadSwapFile (724):  file open failed. (9060_sec.hho)
[15:20:37 PM]	CNtlWorldShadow::LoadSwapFile (141):  file open failed. (9061_sec.sdw)
[15:20:37 PM]	CNtlPLObject::LoadSwapFile (3331):  file open failed. (9061_sec.objt)
[15:20:37 PM]	CNtlInstanceEffect::LoadSwapFile (801):  file open failed. (9061_sec.eff)
[15:20:37 PM]	CNtlPLOccluder_Quad::LoadSwapFile (830):  file open failed. (9061_sec.ocq)
[15:20:37 PM]	CNtlPLHeatHazeObject::LoadSwapFile (724):  file open failed. (9061_sec.hho)
[15:20:37 PM]	CNtlWorldShadow::LoadSwapFile (141):  file open failed. (9188_sec.sdw)
[15:20:37 PM]	CNtlPLObject::LoadSwapFile (3331):  file open failed. (9188_sec.objt)
[15:20:37 PM]	CNtlInstanceEffect::LoadSwapFile (801):  file open failed. (9188_sec.eff)
[15:20:37 PM]	CNtlPLOccluder_Quad::LoadSwapFile (830):  file open failed. (9188_sec.ocq)
[15:20:37 PM]	CNtlPLHeatHazeObject::LoadSwapFile (724):  file open failed. (9188_sec.hho)
[15:20:37 PM]	CNtlWorldShadow::LoadSwapFile (141):  file open failed. (9189_sec.sdw)
[15:20:37 PM]	CNtlPLObject::LoadSwapFile (3331):  file open failed. (9189_sec.objt)
[15:20:37 PM]	CNtlInstanceEffect::LoadSwapFile (801):  file open failed. (9189_sec.eff)
[15:20:37 PM]	CNtlPLOccluder_Quad::LoadSwapFile (830):  file open failed. (9189_sec.ocq)
[15:20:37 PM]	CNtlPLHeatHazeObject::LoadSwapFile (724):  file open failed. (9189_sec.hho)
[15:20:37 PM]	CNtlWorldShadow::LoadSwapFile (141):  file open failed. (9316_sec.sdw)
[15:20:37 PM]	CNtlPLObject::LoadSwapFile (3331):  file open failed. (9316_sec.objt)
[15:20:37 PM]	CNtlInstanceEffect::LoadSwapFile (801):  file open failed. (9316_sec.eff)
[15:20:37 PM]	CNtlPLOccluder_Quad::LoadSwapFile (830):  file open failed. (9316_sec.ocq)
[15:20:37 PM]	CNtlPLHeatHazeObject::LoadSwapFile (724):  file open failed. (9316_sec.hho)
[15:20:37 PM]	CNtlWorldShadow::LoadSwapFile (141):  file open failed. (9317_sec.sdw)
[15:20:37 PM]	CNtlPLObject::LoadSwapFile (3331):  file open failed. (9317_sec.objt)
[15:20:37 PM]	CNtlInstanceEffect::LoadSwapFile (801):  file open failed. (9317_sec.eff)
[15:20:37 PM]	CNtlPLOccluder_Quad::LoadSwapFile (830):  file open failed. (9317_sec.ocq)
[15:20:37 PM]	CNtlPLHeatHazeObject::LoadSwapFile (724):  file open failed. (9317_sec.hho)
[15:20:37 PM]	CNtlWorldShadow::LoadSwapFile (141):  file open failed. (9444_sec.sdw)
[15:20:37 PM]	CNtlPLObject::LoadSwapFile (3331):  file open failed. (9444_sec.objt)
[15:20:37 PM]	CNtlInstanceEffect::LoadSwapFile (801):  file open failed. (9444_sec.eff)
[15:20:37 PM]	CNtlPLOccluder_Quad::LoadSwapFile (830):  file open failed. (9444_sec.ocq)
[15:20:37 PM]	CNtlPLHeatHazeObject::LoadSwapFile (724):  file open failed. (9444_sec.hho)
[15:20:37 PM]	CNtlWorldShadow::LoadSwapFile (141):  file open failed. (9445_sec.sdw)
[15:20:37 PM]	CNtlPLObject::LoadSwapFile (3331):  file open failed. (9445_sec.objt)
[15:20:37 PM]	CNtlInstanceEffect::LoadSwapFile (801):  file open failed. (9445_sec.eff)
[15:20:37 PM]	CNtlPLOccluder_Quad::LoadSwapFile (830):  file open failed. (9445_sec.ocq)
[15:20:37 PM]	CNtlPLHeatHazeObject::LoadSwapFile (724):  file open failed. (9445_sec.hho)
[15:20:37 PM]	CNtlWorldShadow::LoadSwapFile (141):  file open failed. (9572_sec.sdw)
[15:20:37 PM]	CNtlPLObject::LoadSwapFile (3331):  file open failed. (9572_sec.objt)
[15:20:37 PM]	CNtlInstanceEffect::LoadSwapFile (801):  file open failed. (9572_sec.eff)
[15:20:37 PM]	CNtlPLOccluder_Quad::LoadSwapFile (830):  file open failed. (9572_sec.ocq)
[15:20:37 PM]	CNtlPLHeatHazeObject::LoadSwapFile (724):  file open failed. (9572_sec.hho)
[15:20:37 PM]	CNtlWorldShadow::LoadSwapFile (141):  file open failed. (9573_sec.sdw)
[15:20:37 PM]	CNtlPLObject::LoadSwapFile (3331):  file open failed. (9573_sec.objt)
[15:20:37 PM]	CNtlInstanceEffect::LoadSwapFile (801):  file open failed. (9573_sec.eff)
[15:20:37 PM]	CNtlPLOccluder_Quad::LoadSwapFile (830):  file open failed. (9573_sec.ocq)
[15:20:37 PM]	CNtlPLHeatHazeObject::LoadSwapFile (724):  file open failed. (9573_sec.hho)
[15:20:37 PM]	CNtlWorldShadow::LoadSwapFile (141):  file open failed. (9700_sec.sdw)
[15:20:37 PM]	CNtlPLObject::LoadSwapFile (3331):  file open failed. (9700_sec.objt)
[15:20:37 PM]	CNtlInstanceEffect::LoadSwapFile (801):  file open failed. (9700_sec.eff)
[15:20:37 PM]	CNtlPLOccluder_Quad::LoadSwapFile (830):  file open failed. (9700_sec.ocq)
[15:20:37 PM]	CNtlPLHeatHazeObject::LoadSwapFile (724):  file open failed. (9700_sec.hho)
[15:20:37 PM]	CNtlWorldShadow::LoadSwapFile (141):  file open failed. (9701_sec.sdw)
[15:20:38 PM]	CNtlPLObject::LoadSwapFile (3331):  file open failed. (9701_sec.objt)
[15:20:38 PM]	CNtlInstanceEffect::LoadSwapFile (801):  file open failed. (9701_sec.eff)
[15:20:38 PM]	CNtlPLOccluder_Quad::LoadSwapFile (830):  file open failed. (9701_sec.ocq)
[15:20:38 PM]	CNtlPLHeatHazeObject::LoadSwapFile (724):  file open failed. (9701_sec.hho)
[15:20:38 PM]	CNtlWorldShadow::LoadSwapFile (141):  file open failed. (9828_sec.sdw)
[15:20:38 PM]	CNtlPLObject::LoadSwapFile (3331):  file open failed. (9828_sec.objt)
[15:20:38 PM]	CNtlInstanceEffect::LoadSwapFile (801):  file open failed. (9828_sec.eff)
[15:20:38 PM]	CNtlPLOccluder_Quad::LoadSwapFile (830):  file open failed. (9828_sec.ocq)
[15:20:38 PM]	CNtlPLHeatHazeObject::LoadSwapFile (724):  file open failed. (9828_sec.hho)
[15:20:38 PM]	CNtlWorldShadow::LoadSwapFile (141):  file open failed. (9829_sec.sdw)
[15:20:38 PM]	CNtlPLObject::LoadSwapFile (3331):  file open failed. (9829_sec.objt)
[15:20:38 PM]	CNtlInstanceEffect::LoadSwapFile (801):  file open failed. (9829_sec.eff)
[15:20:38 PM]	CNtlPLOccluder_Quad::LoadSwapFile (830):  file open failed. (9829_sec.ocq)
[15:20:38 PM]	CNtlPLHeatHazeObject::LoadSwapFile (724):  file open failed. (9829_sec.hho)
[15:20:38 PM]	CNtlWorldShadow::LoadSwapFile (141):  file open failed. (9956_sec.sdw)
[15:20:38 PM]	CNtlPLObject::LoadSwapFile (3331):  file open failed. (9956_sec.objt)
[15:20:38 PM]	CNtlInstanceEffect::LoadSwapFile (801):  file open failed. (9956_sec.eff)
[15:20:38 PM]	CNtlPLOccluder_Quad::LoadSwapFile (830):  file open failed. (9956_sec.ocq)
[15:20:38 PM]	CNtlPLHeatHazeObject::LoadSwapFile (724):  file open failed. (9956_sec.hho)
[15:20:38 PM]	CNtlWorldShadow::LoadSwapFile (141):  file open failed. (9957_sec.sdw)
[15:20:38 PM]	CNtlPLObject::LoadSwapFile (3331):  file open failed. (9957_sec.objt)
[15:20:38 PM]	CNtlInstanceEffect::LoadSwapFile (801):  file open failed. (9957_sec.eff)
[15:20:38 PM]	CNtlPLOccluder_Quad::LoadSwapFile (830):  file open failed. (9957_sec.ocq)
[15:20:38 PM]	CNtlPLHeatHazeObject::LoadSwapFile (724):  file open failed. (9957_sec.hho)
[15:20:39 PM]	CNtlWorldShadow::LoadSwapFile (141):  file open failed. (8292_sec.sdw)
[15:20:39 PM]	CNtlPLObject::LoadSwapFile (3331):  file open failed. (8292_sec.objt)
[15:20:39 PM]	CNtlInstanceEffect::LoadSwapFile (801):  file open failed. (8292_sec.eff)
[15:20:39 PM]	CNtlPLOccluder_Quad::LoadSwapFile (830):  file open failed. (8292_sec.ocq)
[15:20:39 PM]	CNtlPLHeatHazeObject::LoadSwapFile (724):  file open failed. (8292_sec.hho)
[15:20:39 PM]	CNtlWorldShadow::LoadSwapFile (141):  file open failed. (8293_sec.sdw)
[15:20:39 PM]	CNtlPLObject::LoadSwapFile (3331):  file open failed. (8293_sec.objt)
[15:20:40 PM]	CNtlInstanceEffect::LoadSwapFile (801):  file open failed. (8293_sec.eff)
[15:20:40 PM]	CNtlPLOccluder_Quad::LoadSwapFile (830):  file open failed. (8293_sec.ocq)
[15:20:40 PM]	CNtlPLHeatHazeObject::LoadSwapFile (724):  file open failed. (8293_sec.hho)
[15:20:40 PM]	CNtlWorldShadow::LoadSwapFile (141):  file open failed. (8420_sec.sdw)
[15:20:40 PM]	CNtlPLObject::LoadSwapFile (3331):  file open failed. (8420_sec.objt)
[15:20:40 PM]	CNtlInstanceEffect::LoadSwapFile (801):  file open failed. (8420_sec.eff)
[15:20:40 PM]	CNtlPLOccluder_Quad::LoadSwapFile (830):  file open failed. (8420_sec.ocq)
[15:20:40 PM]	CNtlPLHeatHazeObject::LoadSwapFile (724):  file open failed. (8420_sec.hho)
[15:20:40 PM]	CNtlWorldShadow::LoadSwapFile (141):  file open failed. (8421_sec.sdw)
[15:20:40 PM]	CNtlPLObject::LoadSwapFile (3331):  file open failed. (8421_sec.objt)
[15:20:40 PM]	CNtlInstanceEffect::LoadSwapFile (801):  file open failed. (8421_sec.eff)
[15:20:40 PM]	CNtlPLOccluder_Quad::LoadSwapFile (830):  file open failed. (8421_sec.ocq)
[15:20:40 PM]	CNtlPLHeatHazeObject::LoadSwapFile (724):  file open failed. (8421_sec.hho)
[15:20:46 PM]	CNtlWorldShadow::LoadSwapFile (141):  file open failed. (8036_sec.sdw)
[15:20:46 PM]	CNtlPLObject::LoadSwapFile (3331):  file open failed. (8036_sec.objt)
[15:20:46 PM]	CNtlInstanceEffect::LoadSwapFile (801):  file open failed. (8036_sec.eff)
[15:20:46 PM]	CNtlPLOccluder_Quad::LoadSwapFile (830):  file open failed. (8036_sec.ocq)
[15:20:46 PM]	CNtlPLHeatHazeObject::LoadSwapFile (724):  file open failed. (8036_sec.hho)
[15:20:46 PM]	CNtlWorldShadow::LoadSwapFile (141):  file open failed. (8037_sec.sdw)
[15:20:46 PM]	CNtlPLObject::LoadSwapFile (3331):  file open failed. (8037_sec.objt)
[15:20:46 PM]	CNtlInstanceEffect::LoadSwapFile (801):  file open failed. (8037_sec.eff)
[15:20:46 PM]	CNtlPLOccluder_Quad::LoadSwapFile (830):  file open failed. (8037_sec.ocq)
[15:20:46 PM]	CNtlPLHeatHazeObject::LoadSwapFile (724):  file open failed. (8037_sec.hho)
[15:20:46 PM]	CNtlWorldShadow::LoadSwapFile (141):  file open failed. (8164_sec.sdw)
[15:20:46 PM]	CNtlPLObject::LoadSwapFile (3331):  file open failed. (8164_sec.objt)
[15:20:46 PM]	CNtlInstanceEffect::LoadSwapFile (801):  file open failed. (8164_sec.eff)
[15:20:46 PM]	CNtlPLOccluder_Quad::LoadSwapFile (830):  file open failed. (8164_sec.ocq)
[15:20:46 PM]	CNtlPLHeatHazeObject::LoadSwapFile (724):  file open failed. (8164_sec.hho)
[15:20:46 PM]	CNtlWorldShadow::LoadSwapFile (141):  file open failed. (8165_sec.sdw)
[15:20:46 PM]	CNtlPLObject::LoadSwapFile (3331):  file open failed. (8165_sec.objt)
[15:20:46 PM]	CNtlInstanceEffect::LoadSwapFile (801):  file open failed. (8165_sec.eff)
[15:20:46 PM]	CNtlPLOccluder_Quad::LoadSwapFile (830):  file open failed. (8165_sec.ocq)
[15:20:46 PM]	CNtlPLHeatHazeObject::LoadSwapFile (724):  file open failed. (8165_sec.hho)
[15:20:46 PM]	CNtlWorldShadow::LoadSwapFile (141):  file open failed. (8038_sec.sdw)
