[02:55:48 AM]	=============== Start Trace ===============

[02:55:48 AM]	 === < SABER > Trace Start === 
[02:56:45 AM]	CNtlPLVisualManager::GetHeightFieldWorldHeight (1170):  GetWorldHeight : Failed : IN(0,0,0), OUT_HEIGHT(-999)
[02:57:26 AM]	CNtlWorldShadow::LoadSwapFile (141):  file open failed. (9830_sec.sdw)
[02:57:26 AM]	CNtlPLObject::LoadSwapFile (3331):  file open failed. (9830_sec.objt)
[02:57:27 AM]	CNtlInstanceEffect::LoadSwapFile (801):  file open failed. (9830_sec.eff)
[02:57:27 AM]	CNtlPLOccluder_Quad::LoadSwapFile (830):  file open failed. (9830_sec.ocq)
[02:57:27 AM]	CNtlPLHeatHazeObject::LoadSwapFile (724):  file open failed. (9830_sec.hho)
[02:57:27 AM]	CNtlWorldShadow::LoadSwapFile (141):  file open failed. (9831_sec.sdw)
[02:57:27 AM]	CNtlPLObject::LoadSwapFile (3331):  file open failed. (9831_sec.objt)
[02:57:27 AM]	CNtlInstanceEffect::LoadSwapFile (801):  file open failed. (9831_sec.eff)
[02:57:27 AM]	CNtlPLOccluder_Quad::LoadSwapFile (830):  file open failed. (9831_sec.ocq)
[02:57:27 AM]	CNtlPLHeatHazeObject::LoadSwapFile (724):  file open failed. (9831_sec.hho)
[02:57:27 AM]	CNtlWorldShadow::LoadSwapFile (141):  file open failed. (9958_sec.sdw)
[02:57:27 AM]	CNtlPLObject::LoadSwapFile (3331):  file open failed. (9958_sec.objt)
[02:57:27 AM]	CNtlInstanceEffect::LoadSwapFile (801):  file open failed. (9958_sec.eff)
[02:57:27 AM]	CNtlPLOccluder_Quad::LoadSwapFile (830):  file open failed. (9958_sec.ocq)
[02:57:27 AM]	CNtlPLHeatHazeObject::LoadSwapFile (724):  file open failed. (9958_sec.hho)
[02:57:27 AM]	CNtlWorldShadow::LoadSwapFile (141):  file open failed. (9959_sec.sdw)
[02:57:27 AM]	CNtlPLObject::LoadSwapFile (3331):  file open failed. (9959_sec.objt)
[02:57:27 AM]	CNtlInstanceEffect::LoadSwapFile (801):  file open failed. (9959_sec.eff)
[02:57:27 AM]	CNtlPLOccluder_Quad::LoadSwapFile (830):  file open failed. (9959_sec.ocq)
[02:57:27 AM]	CNtlPLHeatHazeObject::LoadSwapFile (724):  file open failed. (9959_sec.hho)
[02:57:27 AM]	CNtlWorldShadow::LoadSwapFile (141):  file open failed. (9832_sec.sdw)
[02:57:27 AM]	CNtlPLObject::LoadSwapFile (3331):  file open failed. (9832_sec.objt)
[02:57:27 AM]	CNtlInstanceEffect::LoadSwapFile (801):  file open failed. (9832_sec.eff)
[02:57:27 AM]	CNtlPLOccluder_Quad::LoadSwapFile (830):  file open failed. (9832_sec.ocq)
[02:57:27 AM]	CNtlPLHeatHazeObject::LoadSwapFile (724):  file open failed. (9832_sec.hho)
[02:57:27 AM]	CNtlWorldShadow::LoadSwapFile (141):  file open failed. (9833_sec.sdw)
[02:57:27 AM]	CNtlPLObject::LoadSwapFile (3331):  file open failed. (9833_sec.objt)
[02:57:27 AM]	CNtlInstanceEffect::LoadSwapFile (801):  file open failed. (9833_sec.eff)
[02:57:27 AM]	CNtlPLOccluder_Quad::LoadSwapFile (830):  file open failed. (9833_sec.ocq)
[02:57:27 AM]	CNtlPLHeatHazeObject::LoadSwapFile (724):  file open failed. (9833_sec.hho)
[02:57:27 AM]	CNtlWorldShadow::LoadSwapFile (141):  file open failed. (9960_sec.sdw)
[02:57:27 AM]	CNtlPLObject::LoadSwapFile (3331):  file open failed. (9960_sec.objt)
[02:57:27 AM]	CNtlInstanceEffect::LoadSwapFile (801):  file open failed. (9960_sec.eff)
[02:57:27 AM]	CNtlPLOccluder_Quad::LoadSwapFile (830):  file open failed. (9960_sec.ocq)
[02:57:27 AM]	CNtlPLHeatHazeObject::LoadSwapFile (724):  file open failed. (9960_sec.hho)
[02:57:27 AM]	CNtlWorldShadow::LoadSwapFile (141):  file open failed. (9961_sec.sdw)
[02:57:27 AM]	CNtlPLObject::LoadSwapFile (3331):  file open failed. (9961_sec.objt)
[02:57:27 AM]	CNtlInstanceEffect::LoadSwapFile (801):  file open failed. (9961_sec.eff)
[02:57:27 AM]	CNtlPLOccluder_Quad::LoadSwapFile (830):  file open failed. (9961_sec.ocq)
[02:57:27 AM]	CNtlPLHeatHazeObject::LoadSwapFile (724):  file open failed. (9961_sec.hho)
[02:57:27 AM]	CNtlWorldShadow::LoadSwapFile (141):  file open failed. (9834_sec.sdw)
[02:57:27 AM]	CNtlPLObject::LoadSwapFile (3331):  file open failed. (9834_sec.objt)
[02:57:27 AM]	CNtlInstanceEffect::LoadSwapFile (801):  file open failed. (9834_sec.eff)
[02:57:27 AM]	CNtlPLOccluder_Quad::LoadSwapFile (830):  file open failed. (9834_sec.ocq)
[02:57:27 AM]	CNtlPLHeatHazeObject::LoadSwapFile (724):  file open failed. (9834_sec.hho)
[02:57:27 AM]	CNtlWorldShadow::LoadSwapFile (141):  file open failed. (9835_sec.sdw)
[02:57:27 AM]	CNtlPLObject::LoadSwapFile (3331):  file open failed. (9835_sec.objt)
[02:57:27 AM]	CNtlInstanceEffect::LoadSwapFile (801):  file open failed. (9835_sec.eff)
[02:57:27 AM]	CNtlPLOccluder_Quad::LoadSwapFile (830):  file open failed. (9835_sec.ocq)
[02:57:27 AM]	CNtlPLHeatHazeObject::LoadSwapFile (724):  file open failed. (9835_sec.hho)
[02:57:27 AM]	CNtlWorldShadow::LoadSwapFile (141):  file open failed. (9962_sec.sdw)
[02:57:27 AM]	CNtlPLObject::LoadSwapFile (3331):  file open failed. (9962_sec.objt)
[02:57:27 AM]	CNtlInstanceEffect::LoadSwapFile (801):  file open failed. (9962_sec.eff)
[02:57:27 AM]	CNtlPLOccluder_Quad::LoadSwapFile (830):  file open failed. (9962_sec.ocq)
[02:57:27 AM]	CNtlPLHeatHazeObject::LoadSwapFile (724):  file open failed. (9962_sec.hho)
[02:57:27 AM]	CNtlWorldShadow::LoadSwapFile (141):  file open failed. (9963_sec.sdw)
[02:57:27 AM]	CNtlPLObject::LoadSwapFile (3331):  file open failed. (9963_sec.objt)
[02:57:27 AM]	CNtlInstanceEffect::LoadSwapFile (801):  file open failed. (9963_sec.eff)
[02:57:27 AM]	CNtlPLOccluder_Quad::LoadSwapFile (830):  file open failed. (9963_sec.ocq)
[02:57:27 AM]	CNtlPLHeatHazeObject::LoadSwapFile (724):  file open failed. (9963_sec.hho)
[02:57:27 AM]	CNtlWorldShadow::LoadSwapFile (141):  file open failed. (9836_sec.sdw)
[02:57:27 AM]	CNtlPLObject::LoadSwapFile (3331):  file open failed. (9836_sec.objt)
[02:57:27 AM]	CNtlInstanceEffect::LoadSwapFile (801):  file open failed. (9836_sec.eff)
[02:57:27 AM]	CNtlPLOccluder_Quad::LoadSwapFile (830):  file open failed. (9836_sec.ocq)
[02:57:27 AM]	CNtlPLHeatHazeObject::LoadSwapFile (724):  file open failed. (9836_sec.hho)
[02:57:27 AM]	CNtlWorldShadow::LoadSwapFile (141):  file open failed. (9837_sec.sdw)
[02:57:27 AM]	CNtlPLObject::LoadSwapFile (3331):  file open failed. (9837_sec.objt)
[02:57:28 AM]	CNtlInstanceEffect::LoadSwapFile (801):  file open failed. (9837_sec.eff)
[02:57:28 AM]	CNtlPLOccluder_Quad::LoadSwapFile (830):  file open failed. (9837_sec.ocq)
[02:57:28 AM]	CNtlPLHeatHazeObject::LoadSwapFile (724):  file open failed. (9837_sec.hho)
[02:57:28 AM]	CNtlWorldShadow::LoadSwapFile (141):  file open failed. (9964_sec.sdw)
[02:57:28 AM]	CNtlPLObject::LoadSwapFile (3331):  file open failed. (9964_sec.objt)
[02:57:28 AM]	CNtlInstanceEffect::LoadSwapFile (801):  file open failed. (9964_sec.eff)
[02:57:28 AM]	CNtlPLOccluder_Quad::LoadSwapFile (830):  file open failed. (9964_sec.ocq)
[02:57:28 AM]	CNtlPLHeatHazeObject::LoadSwapFile (724):  file open failed. (9964_sec.hho)
[02:57:28 AM]	CNtlWorldShadow::LoadSwapFile (141):  file open failed. (9965_sec.sdw)
[02:57:28 AM]	CNtlPLObject::LoadSwapFile (3331):  file open failed. (9965_sec.objt)
[02:57:28 AM]	CNtlInstanceEffect::LoadSwapFile (801):  file open failed. (9965_sec.eff)
[02:57:28 AM]	CNtlPLOccluder_Quad::LoadSwapFile (830):  file open failed. (9965_sec.ocq)
[02:57:28 AM]	CNtlPLHeatHazeObject::LoadSwapFile (724):  file open failed. (9965_sec.hho)
[02:57:28 AM]	CNtlWorldShadow::LoadSwapFile (141):  file open failed. (9838_sec.sdw)
[02:57:28 AM]	CNtlPLObject::LoadSwapFile (3331):  file open failed. (9838_sec.objt)
[02:57:28 AM]	CNtlInstanceEffect::LoadSwapFile (801):  file open failed. (9838_sec.eff)
[02:57:28 AM]	CNtlPLOccluder_Quad::LoadSwapFile (830):  file open failed. (9838_sec.ocq)
[02:57:28 AM]	CNtlPLHeatHazeObject::LoadSwapFile (724):  file open failed. (9838_sec.hho)
[02:57:28 AM]	CNtlWorldShadow::LoadSwapFile (141):  file open failed. (9839_sec.sdw)
[02:57:28 AM]	CNtlPLObject::LoadSwapFile (3331):  file open failed. (9839_sec.objt)
[02:57:28 AM]	CNtlInstanceEffect::LoadSwapFile (801):  file open failed. (9839_sec.eff)
[02:57:28 AM]	CNtlPLOccluder_Quad::LoadSwapFile (830):  file open failed. (9839_sec.ocq)
[02:57:28 AM]	CNtlPLHeatHazeObject::LoadSwapFile (724):  file open failed. (9839_sec.hho)
[02:57:28 AM]	CNtlWorldShadow::LoadSwapFile (141):  file open failed. (9966_sec.sdw)
[02:57:28 AM]	CNtlPLObject::LoadSwapFile (3331):  file open failed. (9966_sec.objt)
[02:57:28 AM]	CNtlInstanceEffect::LoadSwapFile (801):  file open failed. (9966_sec.eff)
[02:57:28 AM]	CNtlPLOccluder_Quad::LoadSwapFile (830):  file open failed. (9966_sec.ocq)
[02:57:28 AM]	CNtlPLHeatHazeObject::LoadSwapFile (724):  file open failed. (9966_sec.hho)
[02:57:28 AM]	CNtlWorldShadow::LoadSwapFile (141):  file open failed. (9967_sec.sdw)
[02:57:28 AM]	CNtlPLObject::LoadSwapFile (3331):  file open failed. (9967_sec.objt)
[02:57:28 AM]	CNtlInstanceEffect::LoadSwapFile (801):  file open failed. (9967_sec.eff)
[02:57:28 AM]	CNtlPLOccluder_Quad::LoadSwapFile (830):  file open failed. (9967_sec.ocq)
[02:57:28 AM]	CNtlPLHeatHazeObject::LoadSwapFile (724):  file open failed. (9967_sec.hho)
[02:57:48 AM]	CNtlWorldShadow::LoadSwapFile (141):  file open failed. (8038_sec.sdw)
