[21:55:12 PM]	=============== Start Trace ===============

[21:55:12 PM]	 === < SABER > Trace Start === 
[21:55:33 PM]	CNtlPLPropertyContainer::AddProp (258):  prop defined.(A_HMY_F_AD)
[21:55:39 PM]	CNtlPLVisualManager::GetHeightFieldWorldHeight (1170):  GetWorldHeight : Failed : IN(0,0,0), OUT_HEIGHT(-999)
[21:55:42 PM]	CNtlWorldShadow::LoadSwapFile (141):  file open failed. (7226_sec.sdw)
[21:55:42 PM]	CNtlPLObject::LoadSwapFile (3331):  file open failed. (7226_sec.objt)
[21:55:42 PM]	CNtlInstanceEffect::LoadSwapFile (801):  file open failed. (7226_sec.eff)
[21:55:42 PM]	CNtlPLOccluder_Quad::LoadSwapFile (830):  file open failed. (7226_sec.ocq)
[21:55:42 PM]	CNtlPLHeatHazeObject::LoadSwapFile (724):  file open failed. (7226_sec.hho)
[21:55:42 PM]	CNtlWorldShadow::LoadSwapFile (141):  file open failed. (7227_sec.sdw)
[21:55:42 PM]	CNtlPLObject::LoadSwapFile (3331):  file open failed. (7227_sec.objt)
[21:55:42 PM]	CNtlInstanceEffect::LoadSwapFile (801):  file open failed. (7227_sec.eff)
[21:55:42 PM]	CNtlPLOccluder_Quad::LoadSwapFile (830):  file open failed. (7227_sec.ocq)
[21:55:42 PM]	CNtlPLHeatHazeObject::LoadSwapFile (724):  file open failed. (7227_sec.hho)
[21:55:42 PM]	CNtlWorldShadow::LoadSwapFile (141):  file open failed. (7354_sec.sdw)
[21:55:42 PM]	CNtlPLObject::LoadSwapFile (3331):  file open failed. (7354_sec.objt)
[21:55:42 PM]	CNtlInstanceEffect::LoadSwapFile (801):  file open failed. (7354_sec.eff)
[21:55:42 PM]	CNtlPLOccluder_Quad::LoadSwapFile (830):  file open failed. (7354_sec.ocq)
[21:55:42 PM]	CNtlPLHeatHazeObject::LoadSwapFile (724):  file open failed. (7354_sec.hho)
[21:55:42 PM]	CNtlWorldShadow::LoadSwapFile (141):  file open failed. (7355_sec.sdw)
[21:55:42 PM]	CNtlPLObject::LoadSwapFile (3331):  file open failed. (7355_sec.objt)
[21:55:42 PM]	CNtlInstanceEffect::LoadSwapFile (801):  file open failed. (7355_sec.eff)
[21:55:42 PM]	CNtlPLOccluder_Quad::LoadSwapFile (830):  file open failed. (7355_sec.ocq)
[21:55:42 PM]	CNtlPLHeatHazeObject::LoadSwapFile (724):  file open failed. (7355_sec.hho)
[21:55:42 PM]	CNtlWorldShadow::LoadSwapFile (141):  file open failed. (7228_sec.sdw)
[21:55:42 PM]	CNtlPLObject::LoadSwapFile (3331):  file open failed. (7228_sec.objt)
[21:55:42 PM]	CNtlInstanceEffect::LoadSwapFile (801):  file open failed. (7228_sec.eff)
[21:55:42 PM]	CNtlPLOccluder_Quad::LoadSwapFile (830):  file open failed. (7228_sec.ocq)
[21:55:42 PM]	CNtlPLHeatHazeObject::LoadSwapFile (724):  file open failed. (7228_sec.hho)
[21:55:42 PM]	CNtlWorldShadow::LoadSwapFile (141):  file open failed. (7229_sec.sdw)
[21:55:42 PM]	CNtlPLObject::LoadSwapFile (3331):  file open failed. (7229_sec.objt)
[21:55:42 PM]	CNtlInstanceEffect::LoadSwapFile (801):  file open failed. (7229_sec.eff)
[21:55:42 PM]	CNtlPLOccluder_Quad::LoadSwapFile (830):  file open failed. (7229_sec.ocq)
[21:55:42 PM]	CNtlPLHeatHazeObject::LoadSwapFile (724):  file open failed. (7229_sec.hho)
[21:55:42 PM]	CNtlWorldShadow::LoadSwapFile (141):  file open failed. (7356_sec.sdw)
[21:55:42 PM]	CNtlPLObject::LoadSwapFile (3331):  file open failed. (7356_sec.objt)
[21:55:42 PM]	CNtlInstanceEffect::LoadSwapFile (801):  file open failed. (7356_sec.eff)
[21:55:42 PM]	CNtlPLOccluder_Quad::LoadSwapFile (830):  file open failed. (7356_sec.ocq)
[21:55:42 PM]	CNtlPLHeatHazeObject::LoadSwapFile (724):  file open failed. (7356_sec.hho)
[21:55:42 PM]	CNtlWorldShadow::LoadSwapFile (141):  file open failed. (7357_sec.sdw)
[21:55:42 PM]	CNtlPLObject::LoadSwapFile (3331):  file open failed. (7357_sec.objt)
[21:55:42 PM]	CNtlInstanceEffect::LoadSwapFile (801):  file open failed. (7357_sec.eff)
[21:55:42 PM]	CNtlPLOccluder_Quad::LoadSwapFile (830):  file open failed. (7357_sec.ocq)
[21:55:42 PM]	CNtlPLHeatHazeObject::LoadSwapFile (724):  file open failed. (7357_sec.hho)
[21:55:42 PM]	CNtlWorldShadow::LoadSwapFile (141):  file open failed. (7230_sec.sdw)
[21:55:42 PM]	CNtlPLObject::LoadSwapFile (3331):  file open failed. (7230_sec.objt)
[21:55:42 PM]	CNtlInstanceEffect::LoadSwapFile (801):  file open failed. (7230_sec.eff)
[21:55:42 PM]	CNtlPLOccluder_Quad::LoadSwapFile (830):  file open failed. (7230_sec.ocq)
[21:55:42 PM]	CNtlPLHeatHazeObject::LoadSwapFile (724):  file open failed. (7230_sec.hho)
[21:55:42 PM]	CNtlWorldShadow::LoadSwapFile (141):  file open failed. (7231_sec.sdw)
[21:55:42 PM]	CNtlPLObject::LoadSwapFile (3331):  file open failed. (7231_sec.objt)
[21:55:42 PM]	CNtlInstanceEffect::LoadSwapFile (801):  file open failed. (7231_sec.eff)
[21:55:42 PM]	CNtlPLOccluder_Quad::LoadSwapFile (830):  file open failed. (7231_sec.ocq)
[21:55:42 PM]	CNtlPLHeatHazeObject::LoadSwapFile (724):  file open failed. (7231_sec.hho)
[21:55:42 PM]	CNtlWorldShadow::LoadSwapFile (141):  file open failed. (7358_sec.sdw)
[21:55:42 PM]	CNtlPLObject::LoadSwapFile (3331):  file open failed. (7358_sec.objt)
[21:55:42 PM]	CNtlInstanceEffect::LoadSwapFile (801):  file open failed. (7358_sec.eff)
[21:55:42 PM]	CNtlPLOccluder_Quad::LoadSwapFile (830):  file open failed. (7358_sec.ocq)
[21:55:42 PM]	CNtlPLHeatHazeObject::LoadSwapFile (724):  file open failed. (7358_sec.hho)
[21:55:42 PM]	CNtlWorldShadow::LoadSwapFile (141):  file open failed. (7359_sec.sdw)
[21:55:42 PM]	CNtlPLObject::LoadSwapFile (3331):  file open failed. (7359_sec.objt)
[21:55:42 PM]	CNtlInstanceEffect::LoadSwapFile (801):  file open failed. (7359_sec.eff)
[21:55:42 PM]	CNtlPLOccluder_Quad::LoadSwapFile (830):  file open failed. (7359_sec.ocq)
[21:55:42 PM]	CNtlPLHeatHazeObject::LoadSwapFile (724):  file open failed. (7359_sec.hho)
[21:55:42 PM]	CNtlWorldShadow::LoadSwapFile (141):  file open failed. (7232_sec.sdw)
[21:55:42 PM]	CNtlPLObject::LoadSwapFile (3331):  file open failed. (7232_sec.objt)
[21:55:42 PM]	CNtlInstanceEffect::LoadSwapFile (801):  file open failed. (7232_sec.eff)
[21:55:42 PM]	CNtlPLOccluder_Quad::LoadSwapFile (830):  file open failed. (7232_sec.ocq)
[21:55:42 PM]	CNtlPLHeatHazeObject::LoadSwapFile (724):  file open failed. (7232_sec.hho)
[21:55:42 PM]	CNtlWorldShadow::LoadSwapFile (141):  file open failed. (7233_sec.sdw)
[21:55:42 PM]	CNtlPLObject::LoadSwapFile (3331):  file open failed. (7233_sec.objt)
[21:55:42 PM]	CNtlInstanceEffect::LoadSwapFile (801):  file open failed. (7233_sec.eff)
[21:55:42 PM]	CNtlPLOccluder_Quad::LoadSwapFile (830):  file open failed. (7233_sec.ocq)
[21:55:42 PM]	CNtlPLHeatHazeObject::LoadSwapFile (724):  file open failed. (7233_sec.hho)
[21:55:42 PM]	CNtlWorldShadow::LoadSwapFile (141):  file open failed. (7360_sec.sdw)
[21:55:42 PM]	CNtlPLObject::LoadSwapFile (3331):  file open failed. (7360_sec.objt)
[21:55:42 PM]	CNtlInstanceEffect::LoadSwapFile (801):  file open failed. (7360_sec.eff)
[21:55:42 PM]	CNtlPLOccluder_Quad::LoadSwapFile (830):  file open failed. (7360_sec.ocq)
[21:55:42 PM]	CNtlPLHeatHazeObject::LoadSwapFile (724):  file open failed. (7360_sec.hho)
[21:55:42 PM]	CNtlWorldShadow::LoadSwapFile (141):  file open failed. (7361_sec.sdw)
[21:55:42 PM]	CNtlPLObject::LoadSwapFile (3331):  file open failed. (7361_sec.objt)
[21:55:42 PM]	CNtlInstanceEffect::LoadSwapFile (801):  file open failed. (7361_sec.eff)
[21:55:42 PM]	CNtlPLOccluder_Quad::LoadSwapFile (830):  file open failed. (7361_sec.ocq)
[21:55:42 PM]	CNtlPLHeatHazeObject::LoadSwapFile (724):  file open failed. (7361_sec.hho)
[21:55:42 PM]	CNtlWorldShadow::LoadSwapFile (141):  file open failed. (7234_sec.sdw)
[21:55:42 PM]	CNtlPLObject::LoadSwapFile (3331):  file open failed. (7234_sec.objt)
[21:55:42 PM]	CNtlInstanceEffect::LoadSwapFile (801):  file open failed. (7234_sec.eff)
[21:55:42 PM]	CNtlPLOccluder_Quad::LoadSwapFile (830):  file open failed. (7234_sec.ocq)
[21:55:42 PM]	CNtlPLHeatHazeObject::LoadSwapFile (724):  file open failed. (7234_sec.hho)
[21:55:42 PM]	CNtlWorldShadow::LoadSwapFile (141):  file open failed. (7235_sec.sdw)
[21:55:42 PM]	CNtlPLObject::LoadSwapFile (3331):  file open failed. (7235_sec.objt)
[21:55:42 PM]	CNtlInstanceEffect::LoadSwapFile (801):  file open failed. (7235_sec.eff)
[21:55:42 PM]	CNtlPLOccluder_Quad::LoadSwapFile (830):  file open failed. (7235_sec.ocq)
[21:55:42 PM]	CNtlPLHeatHazeObject::LoadSwapFile (724):  file open failed. (7235_sec.hho)
[21:55:42 PM]	CNtlWorldShadow::LoadSwapFile (141):  file open failed. (7362_sec.sdw)
[21:55:42 PM]	CNtlPLObject::LoadSwapFile (3331):  file open failed. (7362_sec.objt)
[21:55:42 PM]	CNtlInstanceEffect::LoadSwapFile (801):  file open failed. (7362_sec.eff)
[21:55:42 PM]	CNtlPLOccluder_Quad::LoadSwapFile (830):  file open failed. (7362_sec.ocq)
[21:55:42 PM]	CNtlPLHeatHazeObject::LoadSwapFile (724):  file open failed. (7362_sec.hho)
[21:55:42 PM]	CNtlWorldShadow::LoadSwapFile (141):  file open failed. (7363_sec.sdw)
[21:55:42 PM]	CNtlPLObject::LoadSwapFile (3331):  file open failed. (7363_sec.objt)
[21:55:42 PM]	CNtlInstanceEffect::LoadSwapFile (801):  file open failed. (7363_sec.eff)
[21:55:42 PM]	CNtlPLOccluder_Quad::LoadSwapFile (830):  file open failed. (7363_sec.ocq)
[21:55:42 PM]	CNtlPLHeatHazeObject::LoadSwapFile (724):  file open failed. (7363_sec.hho)
[21:55:42 PM]	CNtlWorldShadow::LoadSwapFile (141):  file open failed. (7236_sec.sdw)
[21:55:42 PM]	CNtlPLObject::LoadSwapFile (3331):  file open failed. (7236_sec.objt)
[21:55:42 PM]	CNtlInstanceEffect::LoadSwapFile (801):  file open failed. (7236_sec.eff)
[21:55:42 PM]	CNtlPLOccluder_Quad::LoadSwapFile (830):  file open failed. (7236_sec.ocq)
[21:55:42 PM]	CNtlPLHeatHazeObject::LoadSwapFile (724):  file open failed. (7236_sec.hho)
[21:55:42 PM]	CNtlWorldShadow::LoadSwapFile (141):  file open failed. (7237_sec.sdw)
[21:55:42 PM]	CNtlPLObject::LoadSwapFile (3331):  file open failed. (7237_sec.objt)
[21:55:43 PM]	CNtlInstanceEffect::LoadSwapFile (801):  file open failed. (7237_sec.eff)
[21:55:43 PM]	CNtlPLOccluder_Quad::LoadSwapFile (830):  file open failed. (7237_sec.ocq)
[21:55:43 PM]	CNtlPLHeatHazeObject::LoadSwapFile (724):  file open failed. (7237_sec.hho)
[21:55:43 PM]	CNtlWorldShadow::LoadSwapFile (141):  file open failed. (7364_sec.sdw)
[21:55:43 PM]	CNtlPLObject::LoadSwapFile (3331):  file open failed. (7364_sec.objt)
[21:55:43 PM]	CNtlInstanceEffect::LoadSwapFile (801):  file open failed. (7364_sec.eff)
[21:55:43 PM]	CNtlPLOccluder_Quad::LoadSwapFile (830):  file open failed. (7364_sec.ocq)
[21:55:43 PM]	CNtlPLHeatHazeObject::LoadSwapFile (724):  file open failed. (7364_sec.hho)
[21:55:43 PM]	CNtlWorldShadow::LoadSwapFile (141):  file open failed. (7365_sec.sdw)
[21:55:43 PM]	CNtlPLObject::LoadSwapFile (3331):  file open failed. (7365_sec.objt)
[21:55:43 PM]	CNtlInstanceEffect::LoadSwapFile (801):  file open failed. (7365_sec.eff)
[21:55:43 PM]	CNtlPLOccluder_Quad::LoadSwapFile (830):  file open failed. (7365_sec.ocq)
[21:55:43 PM]	CNtlPLHeatHazeObject::LoadSwapFile (724):  file open failed. (7365_sec.hho)
[21:55:43 PM]	CNtlWorldShadow::LoadSwapFile (141):  file open failed. (7482_sec.sdw)
[21:55:43 PM]	CNtlPLObject::LoadSwapFile (3331):  file open failed. (7482_sec.objt)
[21:55:43 PM]	CNtlInstanceEffect::LoadSwapFile (801):  file open failed. (7482_sec.eff)
[21:55:43 PM]	CNtlPLOccluder_Quad::LoadSwapFile (830):  file open failed. (7482_sec.ocq)
[21:55:43 PM]	CNtlPLHeatHazeObject::LoadSwapFile (724):  file open failed. (7482_sec.hho)
[21:55:43 PM]	CNtlWorldShadow::LoadSwapFile (141):  file open failed. (7483_sec.sdw)
[21:55:43 PM]	CNtlPLObject::LoadSwapFile (3331):  file open failed. (7483_sec.objt)
[21:55:43 PM]	CNtlInstanceEffect::LoadSwapFile (801):  file open failed. (7483_sec.eff)
[21:55:43 PM]	CNtlPLOccluder_Quad::LoadSwapFile (830):  file open failed. (7483_sec.ocq)
[21:55:43 PM]	CNtlPLHeatHazeObject::LoadSwapFile (724):  file open failed. (7483_sec.hho)
[21:55:43 PM]	CNtlWorldShadow::LoadSwapFile (141):  file open failed. (7610_sec.sdw)
[21:55:43 PM]	CNtlPLObject::LoadSwapFile (3331):  file open failed. (7610_sec.objt)
[21:55:43 PM]	CNtlInstanceEffect::LoadSwapFile (801):  file open failed. (7610_sec.eff)
[21:55:43 PM]	CNtlPLOccluder_Quad::LoadSwapFile (830):  file open failed. (7610_sec.ocq)
[21:55:43 PM]	CNtlPLHeatHazeObject::LoadSwapFile (724):  file open failed. (7610_sec.hho)
[21:55:43 PM]	CNtlWorldShadow::LoadSwapFile (141):  file open failed. (7611_sec.sdw)
[21:55:43 PM]	CNtlPLObject::LoadSwapFile (3331):  file open failed. (7611_sec.objt)
[21:55:43 PM]	CNtlInstanceEffect::LoadSwapFile (801):  file open failed. (7611_sec.eff)
[21:55:43 PM]	CNtlPLOccluder_Quad::LoadSwapFile (830):  file open failed. (7611_sec.ocq)
[21:55:43 PM]	CNtlPLHeatHazeObject::LoadSwapFile (724):  file open failed. (7611_sec.hho)
[21:55:43 PM]	CNtlWorldShadow::LoadSwapFile (141):  file open failed. (7484_sec.sdw)
[21:55:43 PM]	CNtlPLObject::LoadSwapFile (3331):  file open failed. (7484_sec.objt)
[21:55:43 PM]	CNtlInstanceEffect::LoadSwapFile (801):  file open failed. (7484_sec.eff)
[21:55:43 PM]	CNtlPLOccluder_Quad::LoadSwapFile (830):  file open failed. (7484_sec.ocq)
[21:55:43 PM]	CNtlPLHeatHazeObject::LoadSwapFile (724):  file open failed. (7484_sec.hho)
[21:55:43 PM]	CNtlWorldShadow::LoadSwapFile (141):  file open failed. (7485_sec.sdw)
[21:55:43 PM]	CNtlPLObject::LoadSwapFile (3331):  file open failed. (7485_sec.objt)
[21:55:43 PM]	CNtlInstanceEffect::LoadSwapFile (801):  file open failed. (7485_sec.eff)
[21:55:43 PM]	CNtlPLOccluder_Quad::LoadSwapFile (830):  file open failed. (7485_sec.ocq)
[21:55:43 PM]	CNtlPLHeatHazeObject::LoadSwapFile (724):  file open failed. (7485_sec.hho)
[21:55:43 PM]	CNtlWorldShadow::LoadSwapFile (141):  file open failed. (7612_sec.sdw)
[21:55:43 PM]	CNtlPLObject::LoadSwapFile (3331):  file open failed. (7612_sec.objt)
[21:55:43 PM]	CNtlInstanceEffect::LoadSwapFile (801):  file open failed. (7612_sec.eff)
[21:55:43 PM]	CNtlPLOccluder_Quad::LoadSwapFile (830):  file open failed. (7612_sec.ocq)
[21:55:43 PM]	CNtlPLHeatHazeObject::LoadSwapFile (724):  file open failed. (7612_sec.hho)
[21:55:43 PM]	CNtlWorldShadow::LoadSwapFile (141):  file open failed. (7613_sec.sdw)
[21:55:43 PM]	CNtlPLObject::LoadSwapFile (3331):  file open failed. (7613_sec.objt)
[21:55:43 PM]	CNtlInstanceEffect::LoadSwapFile (801):  file open failed. (7613_sec.eff)
[21:55:43 PM]	CNtlPLOccluder_Quad::LoadSwapFile (830):  file open failed. (7613_sec.ocq)
[21:55:43 PM]	CNtlPLHeatHazeObject::LoadSwapFile (724):  file open failed. (7613_sec.hho)
[21:55:43 PM]	CNtlWorldShadow::LoadSwapFile (141):  file open failed. (7486_sec.sdw)
[21:55:43 PM]	CNtlPLObject::LoadSwapFile (3331):  file open failed. (7486_sec.objt)
[21:55:43 PM]	CNtlInstanceEffect::LoadSwapFile (801):  file open failed. (7486_sec.eff)
[21:55:43 PM]	CNtlPLOccluder_Quad::LoadSwapFile (830):  file open failed. (7486_sec.ocq)
[21:55:43 PM]	CNtlPLHeatHazeObject::LoadSwapFile (724):  file open failed. (7486_sec.hho)
[21:55:43 PM]	CNtlWorldShadow::LoadSwapFile (141):  file open failed. (7487_sec.sdw)
[21:55:43 PM]	CNtlPLObject::LoadSwapFile (3331):  file open failed. (7487_sec.objt)
[21:55:43 PM]	CNtlInstanceEffect::LoadSwapFile (801):  file open failed. (7487_sec.eff)
[21:55:43 PM]	CNtlPLOccluder_Quad::LoadSwapFile (830):  file open failed. (7487_sec.ocq)
[21:55:43 PM]	CNtlPLHeatHazeObject::LoadSwapFile (724):  file open failed. (7487_sec.hho)
[21:55:43 PM]	CNtlWorldShadow::LoadSwapFile (141):  file open failed. (7614_sec.sdw)
[21:55:43 PM]	CNtlPLObject::LoadSwapFile (3331):  file open failed. (7614_sec.objt)
[21:55:43 PM]	CNtlInstanceEffect::LoadSwapFile (801):  file open failed. (7614_sec.eff)
[21:55:43 PM]	CNtlPLOccluder_Quad::LoadSwapFile (830):  file open failed. (7614_sec.ocq)
[21:55:43 PM]	CNtlPLHeatHazeObject::LoadSwapFile (724):  file open failed. (7614_sec.hho)
[21:55:43 PM]	CNtlWorldShadow::LoadSwapFile (141):  file open failed. (7615_sec.sdw)
[21:55:43 PM]	CNtlPLObject::LoadSwapFile (3331):  file open failed. (7615_sec.objt)
[21:55:43 PM]	CNtlInstanceEffect::LoadSwapFile (801):  file open failed. (7615_sec.eff)
[21:55:43 PM]	CNtlPLOccluder_Quad::LoadSwapFile (830):  file open failed. (7615_sec.ocq)
[21:55:43 PM]	CNtlPLHeatHazeObject::LoadSwapFile (724):  file open failed. (7615_sec.hho)
[21:55:43 PM]	CNtlWorldShadow::LoadSwapFile (141):  file open failed. (7488_sec.sdw)
[21:55:43 PM]	CNtlPLObject::LoadSwapFile (3331):  file open failed. (7488_sec.objt)
[21:55:43 PM]	CNtlInstanceEffect::LoadSwapFile (801):  file open failed. (7488_sec.eff)
[21:55:43 PM]	CNtlPLOccluder_Quad::LoadSwapFile (830):  file open failed. (7488_sec.ocq)
[21:55:43 PM]	CNtlPLHeatHazeObject::LoadSwapFile (724):  file open failed. (7488_sec.hho)
[21:55:43 PM]	CNtlWorldShadow::LoadSwapFile (141):  file open failed. (7489_sec.sdw)
[21:55:43 PM]	CNtlPLObject::LoadSwapFile (3331):  file open failed. (7489_sec.objt)
[21:55:43 PM]	CNtlInstanceEffect::LoadSwapFile (801):  file open failed. (7489_sec.eff)
[21:55:43 PM]	CNtlPLOccluder_Quad::LoadSwapFile (830):  file open failed. (7489_sec.ocq)
[21:55:43 PM]	CNtlPLHeatHazeObject::LoadSwapFile (724):  file open failed. (7489_sec.hho)
[21:55:43 PM]	CNtlWorldShadow::LoadSwapFile (141):  file open failed. (7616_sec.sdw)
[21:55:43 PM]	CNtlPLObject::LoadSwapFile (3331):  file open failed. (7616_sec.objt)
[21:55:43 PM]	CNtlInstanceEffect::LoadSwapFile (801):  file open failed. (7616_sec.eff)
[21:55:43 PM]	CNtlPLOccluder_Quad::LoadSwapFile (830):  file open failed. (7616_sec.ocq)
[21:55:43 PM]	CNtlPLHeatHazeObject::LoadSwapFile (724):  file open failed. (7616_sec.hho)
[21:55:43 PM]	CNtlWorldShadow::LoadSwapFile (141):  file open failed. (7617_sec.sdw)
[21:55:43 PM]	CNtlPLObject::LoadSwapFile (3331):  file open failed. (7617_sec.objt)
[21:55:43 PM]	CNtlInstanceEffect::LoadSwapFile (801):  file open failed. (7617_sec.eff)
[21:55:43 PM]	CNtlPLOccluder_Quad::LoadSwapFile (830):  file open failed. (7617_sec.ocq)
[21:55:43 PM]	CNtlPLHeatHazeObject::LoadSwapFile (724):  file open failed. (7617_sec.hho)
[21:55:43 PM]	CNtlWorldShadow::LoadSwapFile (141):  file open failed. (7490_sec.sdw)
[21:55:43 PM]	CNtlPLObject::LoadSwapFile (3331):  file open failed. (7490_sec.objt)
[21:55:43 PM]	CNtlInstanceEffect::LoadSwapFile (801):  file open failed. (7490_sec.eff)
[21:55:43 PM]	CNtlPLOccluder_Quad::LoadSwapFile (830):  file open failed. (7490_sec.ocq)
[21:55:43 PM]	CNtlPLHeatHazeObject::LoadSwapFile (724):  file open failed. (7490_sec.hho)
[21:55:43 PM]	CNtlWorldShadow::LoadSwapFile (141):  file open failed. (7491_sec.sdw)
[21:55:43 PM]	CNtlPLObject::LoadSwapFile (3331):  file open failed. (7491_sec.objt)
[21:55:43 PM]	CNtlInstanceEffect::LoadSwapFile (801):  file open failed. (7491_sec.eff)
[21:55:43 PM]	CNtlPLOccluder_Quad::LoadSwapFile (830):  file open failed. (7491_sec.ocq)
[21:55:43 PM]	CNtlPLHeatHazeObject::LoadSwapFile (724):  file open failed. (7491_sec.hho)
[21:55:43 PM]	CNtlWorldShadow::LoadSwapFile (141):  file open failed. (7618_sec.sdw)
[21:55:43 PM]	CNtlPLObject::LoadSwapFile (3331):  file open failed. (7618_sec.objt)
[21:55:43 PM]	CNtlInstanceEffect::LoadSwapFile (801):  file open failed. (7618_sec.eff)
[21:55:43 PM]	CNtlPLOccluder_Quad::LoadSwapFile (830):  file open failed. (7618_sec.ocq)
[21:55:43 PM]	CNtlPLHeatHazeObject::LoadSwapFile (724):  file open failed. (7618_sec.hho)
[21:55:43 PM]	CNtlWorldShadow::LoadSwapFile (141):  file open failed. (7619_sec.sdw)
[21:55:43 PM]	CNtlPLObject::LoadSwapFile (3331):  file open failed. (7619_sec.objt)
[21:55:43 PM]	CNtlInstanceEffect::LoadSwapFile (801):  file open failed. (7619_sec.eff)
[21:55:43 PM]	CNtlPLOccluder_Quad::LoadSwapFile (830):  file open failed. (7619_sec.ocq)
[21:55:43 PM]	CNtlPLHeatHazeObject::LoadSwapFile (724):  file open failed. (7619_sec.hho)
[21:55:43 PM]	CNtlWorldShadow::LoadSwapFile (141):  file open failed. (7492_sec.sdw)
[21:55:43 PM]	CNtlPLObject::LoadSwapFile (3331):  file open failed. (7492_sec.objt)
[21:55:43 PM]	CNtlInstanceEffect::LoadSwapFile (801):  file open failed. (7492_sec.eff)
[21:55:43 PM]	CNtlPLOccluder_Quad::LoadSwapFile (830):  file open failed. (7492_sec.ocq)
[21:55:43 PM]	CNtlPLHeatHazeObject::LoadSwapFile (724):  file open failed. (7492_sec.hho)
[21:55:43 PM]	CNtlWorldShadow::LoadSwapFile (141):  file open failed. (7493_sec.sdw)
[21:55:43 PM]	CNtlPLObject::LoadSwapFile (3331):  file open failed. (7493_sec.objt)
[21:55:43 PM]	CNtlInstanceEffect::LoadSwapFile (801):  file open failed. (7493_sec.eff)
[21:55:43 PM]	CNtlPLOccluder_Quad::LoadSwapFile (830):  file open failed. (7493_sec.ocq)
[21:55:43 PM]	CNtlPLHeatHazeObject::LoadSwapFile (724):  file open failed. (7493_sec.hho)
[21:55:43 PM]	CNtlWorldShadow::LoadSwapFile (141):  file open failed. (7620_sec.sdw)
[21:55:43 PM]	CNtlPLObject::LoadSwapFile (3331):  file open failed. (7620_sec.objt)
[21:55:43 PM]	CNtlInstanceEffect::LoadSwapFile (801):  file open failed. (7620_sec.eff)
[21:55:43 PM]	CNtlPLOccluder_Quad::LoadSwapFile (830):  file open failed. (7620_sec.ocq)
[21:55:43 PM]	CNtlPLHeatHazeObject::LoadSwapFile (724):  file open failed. (7620_sec.hho)
[21:55:43 PM]	CNtlWorldShadow::LoadSwapFile (141):  file open failed. (7621_sec.sdw)
[21:55:43 PM]	CNtlPLObject::LoadSwapFile (3331):  file open failed. (7621_sec.objt)
[21:55:43 PM]	CNtlInstanceEffect::LoadSwapFile (801):  file open failed. (7621_sec.eff)
[21:55:43 PM]	CNtlPLOccluder_Quad::LoadSwapFile (830):  file open failed. (7621_sec.ocq)
[21:55:43 PM]	CNtlPLHeatHazeObject::LoadSwapFile (724):  file open failed. (7621_sec.hho)
