[21:58:47 PM]	=============== Start Trace ===============

[21:58:47 PM]	 === < SABER > Trace Start === 
[21:59:13 PM]	CNtlPLPropertyContainer::AddProp (258):  prop defined.(A_HMY_F_AD)
[21:59:18 PM]	CNtlPLVisualManager::GetHeightFieldWorldHeight (1170):  GetWorldHeight : Failed : IN(0,0,0), OUT_HEIGHT(-999)
[21:59:21 PM]	CNtlWorldShadow::LoadSwapFile (141):  file open failed. (7226_sec.sdw)
[21:59:21 PM]	CNtlPLObject::LoadSwapFile (3331):  file open failed. (7226_sec.objt)
[21:59:21 PM]	CNtlInstanceEffect::LoadSwapFile (801):  file open failed. (7226_sec.eff)
[21:59:21 PM]	CNtlPLOccluder_Quad::LoadSwapFile (830):  file open failed. (7226_sec.ocq)
[21:59:21 PM]	CNtlPLHeatHazeObject::LoadSwapFile (724):  file open failed. (7226_sec.hho)
[21:59:21 PM]	CNtlWorldShadow::LoadSwapFile (141):  file open failed. (7227_sec.sdw)
[21:59:21 PM]	CNtlPLObject::LoadSwapFile (3331):  file open failed. (7227_sec.objt)
[21:59:21 PM]	CNtlInstanceEffect::LoadSwapFile (801):  file open failed. (7227_sec.eff)
[21:59:21 PM]	CNtlPLOccluder_Quad::LoadSwapFile (830):  file open failed. (7227_sec.ocq)
[21:59:21 PM]	CNtlPLHeatHazeObject::LoadSwapFile (724):  file open failed. (7227_sec.hho)
[21:59:21 PM]	CNtlWorldShadow::LoadSwapFile (141):  file open failed. (7354_sec.sdw)
[21:59:21 PM]	CNtlPLObject::LoadSwapFile (3331):  file open failed. (7354_sec.objt)
[21:59:21 PM]	CNtlInstanceEffect::LoadSwapFile (801):  file open failed. (7354_sec.eff)
[21:59:21 PM]	CNtlPLOccluder_Quad::LoadSwapFile (830):  file open failed. (7354_sec.ocq)
[21:59:21 PM]	CNtlPLHeatHazeObject::LoadSwapFile (724):  file open failed. (7354_sec.hho)
[21:59:21 PM]	CNtlWorldShadow::LoadSwapFile (141):  file open failed. (7355_sec.sdw)
[21:59:21 PM]	CNtlPLObject::LoadSwapFile (3331):  file open failed. (7355_sec.objt)
[21:59:21 PM]	CNtlInstanceEffect::LoadSwapFile (801):  file open failed. (7355_sec.eff)
[21:59:21 PM]	CNtlPLOccluder_Quad::LoadSwapFile (830):  file open failed. (7355_sec.ocq)
[21:59:21 PM]	CNtlPLHeatHazeObject::LoadSwapFile (724):  file open failed. (7355_sec.hho)
[21:59:21 PM]	CNtlWorldShadow::LoadSwapFile (141):  file open failed. (7228_sec.sdw)
[21:59:21 PM]	CNtlPLObject::LoadSwapFile (3331):  file open failed. (7228_sec.objt)
[21:59:21 PM]	CNtlInstanceEffect::LoadSwapFile (801):  file open failed. (7228_sec.eff)
[21:59:21 PM]	CNtlPLOccluder_Quad::LoadSwapFile (830):  file open failed. (7228_sec.ocq)
[21:59:21 PM]	CNtlPLHeatHazeObject::LoadSwapFile (724):  file open failed. (7228_sec.hho)
[21:59:21 PM]	CNtlWorldShadow::LoadSwapFile (141):  file open failed. (7229_sec.sdw)
[21:59:21 PM]	CNtlPLObject::LoadSwapFile (3331):  file open failed. (7229_sec.objt)
[21:59:21 PM]	CNtlInstanceEffect::LoadSwapFile (801):  file open failed. (7229_sec.eff)
[21:59:21 PM]	CNtlPLOccluder_Quad::LoadSwapFile (830):  file open failed. (7229_sec.ocq)
[21:59:21 PM]	CNtlPLHeatHazeObject::LoadSwapFile (724):  file open failed. (7229_sec.hho)
[21:59:21 PM]	CNtlWorldShadow::LoadSwapFile (141):  file open failed. (7356_sec.sdw)
[21:59:21 PM]	CNtlPLObject::LoadSwapFile (3331):  file open failed. (7356_sec.objt)
[21:59:21 PM]	CNtlInstanceEffect::LoadSwapFile (801):  file open failed. (7356_sec.eff)
[21:59:21 PM]	CNtlPLOccluder_Quad::LoadSwapFile (830):  file open failed. (7356_sec.ocq)
[21:59:21 PM]	CNtlPLHeatHazeObject::LoadSwapFile (724):  file open failed. (7356_sec.hho)
[21:59:21 PM]	CNtlWorldShadow::LoadSwapFile (141):  file open failed. (7357_sec.sdw)
[21:59:21 PM]	CNtlPLObject::LoadSwapFile (3331):  file open failed. (7357_sec.objt)
[21:59:21 PM]	CNtlInstanceEffect::LoadSwapFile (801):  file open failed. (7357_sec.eff)
[21:59:21 PM]	CNtlPLOccluder_Quad::LoadSwapFile (830):  file open failed. (7357_sec.ocq)
[21:59:21 PM]	CNtlPLHeatHazeObject::LoadSwapFile (724):  file open failed. (7357_sec.hho)
[21:59:21 PM]	CNtlWorldShadow::LoadSwapFile (141):  file open failed. (7230_sec.sdw)
[21:59:21 PM]	CNtlPLObject::LoadSwapFile (3331):  file open failed. (7230_sec.objt)
[21:59:21 PM]	CNtlInstanceEffect::LoadSwapFile (801):  file open failed. (7230_sec.eff)
[21:59:21 PM]	CNtlPLOccluder_Quad::LoadSwapFile (830):  file open failed. (7230_sec.ocq)
[21:59:21 PM]	CNtlPLHeatHazeObject::LoadSwapFile (724):  file open failed. (7230_sec.hho)
[21:59:21 PM]	CNtlWorldShadow::LoadSwapFile (141):  file open failed. (7231_sec.sdw)
[21:59:21 PM]	CNtlPLObject::LoadSwapFile (3331):  file open failed. (7231_sec.objt)
[21:59:21 PM]	CNtlInstanceEffect::LoadSwapFile (801):  file open failed. (7231_sec.eff)
[21:59:21 PM]	CNtlPLOccluder_Quad::LoadSwapFile (830):  file open failed. (7231_sec.ocq)
[21:59:21 PM]	CNtlPLHeatHazeObject::LoadSwapFile (724):  file open failed. (7231_sec.hho)
[21:59:21 PM]	CNtlWorldShadow::LoadSwapFile (141):  file open failed. (7358_sec.sdw)
[21:59:21 PM]	CNtlPLObject::LoadSwapFile (3331):  file open failed. (7358_sec.objt)
[21:59:21 PM]	CNtlInstanceEffect::LoadSwapFile (801):  file open failed. (7358_sec.eff)
[21:59:21 PM]	CNtlPLOccluder_Quad::LoadSwapFile (830):  file open failed. (7358_sec.ocq)
[21:59:21 PM]	CNtlPLHeatHazeObject::LoadSwapFile (724):  file open failed. (7358_sec.hho)
[21:59:21 PM]	CNtlWorldShadow::LoadSwapFile (141):  file open failed. (7359_sec.sdw)
[21:59:21 PM]	CNtlPLObject::LoadSwapFile (3331):  file open failed. (7359_sec.objt)
[21:59:21 PM]	CNtlInstanceEffect::LoadSwapFile (801):  file open failed. (7359_sec.eff)
[21:59:21 PM]	CNtlPLOccluder_Quad::LoadSwapFile (830):  file open failed. (7359_sec.ocq)
[21:59:21 PM]	CNtlPLHeatHazeObject::LoadSwapFile (724):  file open failed. (7359_sec.hho)
[21:59:21 PM]	CNtlWorldShadow::LoadSwapFile (141):  file open failed. (7232_sec.sdw)
[21:59:21 PM]	CNtlPLObject::LoadSwapFile (3331):  file open failed. (7232_sec.objt)
[21:59:21 PM]	CNtlInstanceEffect::LoadSwapFile (801):  file open failed. (7232_sec.eff)
[21:59:21 PM]	CNtlPLOccluder_Quad::LoadSwapFile (830):  file open failed. (7232_sec.ocq)
[21:59:21 PM]	CNtlPLHeatHazeObject::LoadSwapFile (724):  file open failed. (7232_sec.hho)
[21:59:21 PM]	CNtlWorldShadow::LoadSwapFile (141):  file open failed. (7233_sec.sdw)
[21:59:21 PM]	CNtlPLObject::LoadSwapFile (3331):  file open failed. (7233_sec.objt)
[21:59:21 PM]	CNtlInstanceEffect::LoadSwapFile (801):  file open failed. (7233_sec.eff)
[21:59:21 PM]	CNtlPLOccluder_Quad::LoadSwapFile (830):  file open failed. (7233_sec.ocq)
[21:59:21 PM]	CNtlPLHeatHazeObject::LoadSwapFile (724):  file open failed. (7233_sec.hho)
[21:59:21 PM]	CNtlWorldShadow::LoadSwapFile (141):  file open failed. (7360_sec.sdw)
[21:59:21 PM]	CNtlPLObject::LoadSwapFile (3331):  file open failed. (7360_sec.objt)
[21:59:21 PM]	CNtlInstanceEffect::LoadSwapFile (801):  file open failed. (7360_sec.eff)
[21:59:21 PM]	CNtlPLOccluder_Quad::LoadSwapFile (830):  file open failed. (7360_sec.ocq)
[21:59:21 PM]	CNtlPLHeatHazeObject::LoadSwapFile (724):  file open failed. (7360_sec.hho)
[21:59:21 PM]	CNtlWorldShadow::LoadSwapFile (141):  file open failed. (7361_sec.sdw)
[21:59:21 PM]	CNtlPLObject::LoadSwapFile (3331):  file open failed. (7361_sec.objt)
[21:59:21 PM]	CNtlInstanceEffect::LoadSwapFile (801):  file open failed. (7361_sec.eff)
[21:59:21 PM]	CNtlPLOccluder_Quad::LoadSwapFile (830):  file open failed. (7361_sec.ocq)
[21:59:21 PM]	CNtlPLHeatHazeObject::LoadSwapFile (724):  file open failed. (7361_sec.hho)
[21:59:21 PM]	CNtlWorldShadow::LoadSwapFile (141):  file open failed. (7234_sec.sdw)
[21:59:21 PM]	CNtlPLObject::LoadSwapFile (3331):  file open failed. (7234_sec.objt)
[21:59:21 PM]	CNtlInstanceEffect::LoadSwapFile (801):  file open failed. (7234_sec.eff)
[21:59:21 PM]	CNtlPLOccluder_Quad::LoadSwapFile (830):  file open failed. (7234_sec.ocq)
[21:59:21 PM]	CNtlPLHeatHazeObject::LoadSwapFile (724):  file open failed. (7234_sec.hho)
[21:59:21 PM]	CNtlWorldShadow::LoadSwapFile (141):  file open failed. (7235_sec.sdw)
[21:59:21 PM]	CNtlPLObject::LoadSwapFile (3331):  file open failed. (7235_sec.objt)
[21:59:21 PM]	CNtlInstanceEffect::LoadSwapFile (801):  file open failed. (7235_sec.eff)
[21:59:21 PM]	CNtlPLOccluder_Quad::LoadSwapFile (830):  file open failed. (7235_sec.ocq)
[21:59:21 PM]	CNtlPLHeatHazeObject::LoadSwapFile (724):  file open failed. (7235_sec.hho)
[21:59:21 PM]	CNtlWorldShadow::LoadSwapFile (141):  file open failed. (7362_sec.sdw)
[21:59:21 PM]	CNtlPLObject::LoadSwapFile (3331):  file open failed. (7362_sec.objt)
[21:59:21 PM]	CNtlInstanceEffect::LoadSwapFile (801):  file open failed. (7362_sec.eff)
[21:59:21 PM]	CNtlPLOccluder_Quad::LoadSwapFile (830):  file open failed. (7362_sec.ocq)
[21:59:21 PM]	CNtlPLHeatHazeObject::LoadSwapFile (724):  file open failed. (7362_sec.hho)
[21:59:21 PM]	CNtlWorldShadow::LoadSwapFile (141):  file open failed. (7363_sec.sdw)
[21:59:21 PM]	CNtlPLObject::LoadSwapFile (3331):  file open failed. (7363_sec.objt)
[21:59:21 PM]	CNtlInstanceEffect::LoadSwapFile (801):  file open failed. (7363_sec.eff)
[21:59:21 PM]	CNtlPLOccluder_Quad::LoadSwapFile (830):  file open failed. (7363_sec.ocq)
[21:59:21 PM]	CNtlPLHeatHazeObject::LoadSwapFile (724):  file open failed. (7363_sec.hho)
[21:59:21 PM]	CNtlWorldShadow::LoadSwapFile (141):  file open failed. (7236_sec.sdw)
[21:59:21 PM]	CNtlPLObject::LoadSwapFile (3331):  file open failed. (7236_sec.objt)
[21:59:21 PM]	CNtlInstanceEffect::LoadSwapFile (801):  file open failed. (7236_sec.eff)
[21:59:21 PM]	CNtlPLOccluder_Quad::LoadSwapFile (830):  file open failed. (7236_sec.ocq)
[21:59:21 PM]	CNtlPLHeatHazeObject::LoadSwapFile (724):  file open failed. (7236_sec.hho)
[21:59:21 PM]	CNtlWorldShadow::LoadSwapFile (141):  file open failed. (7237_sec.sdw)
[21:59:21 PM]	CNtlPLObject::LoadSwapFile (3331):  file open failed. (7237_sec.objt)
[21:59:21 PM]	CNtlInstanceEffect::LoadSwapFile (801):  file open failed. (7237_sec.eff)
[21:59:21 PM]	CNtlPLOccluder_Quad::LoadSwapFile (830):  file open failed. (7237_sec.ocq)
[21:59:21 PM]	CNtlPLHeatHazeObject::LoadSwapFile (724):  file open failed. (7237_sec.hho)
[21:59:21 PM]	CNtlWorldShadow::LoadSwapFile (141):  file open failed. (7364_sec.sdw)
[21:59:21 PM]	CNtlPLObject::LoadSwapFile (3331):  file open failed. (7364_sec.objt)
[21:59:21 PM]	CNtlInstanceEffect::LoadSwapFile (801):  file open failed. (7364_sec.eff)
[21:59:21 PM]	CNtlPLOccluder_Quad::LoadSwapFile (830):  file open failed. (7364_sec.ocq)
[21:59:22 PM]	CNtlPLHeatHazeObject::LoadSwapFile (724):  file open failed. (7364_sec.hho)
[21:59:22 PM]	CNtlWorldShadow::LoadSwapFile (141):  file open failed. (7365_sec.sdw)
[21:59:22 PM]	CNtlPLObject::LoadSwapFile (3331):  file open failed. (7365_sec.objt)
[21:59:22 PM]	CNtlInstanceEffect::LoadSwapFile (801):  file open failed. (7365_sec.eff)
[21:59:22 PM]	CNtlPLOccluder_Quad::LoadSwapFile (830):  file open failed. (7365_sec.ocq)
[21:59:22 PM]	CNtlPLHeatHazeObject::LoadSwapFile (724):  file open failed. (7365_sec.hho)
[21:59:22 PM]	CNtlWorldShadow::LoadSwapFile (141):  file open failed. (7482_sec.sdw)
[21:59:22 PM]	CNtlPLObject::LoadSwapFile (3331):  file open failed. (7482_sec.objt)
[21:59:22 PM]	CNtlInstanceEffect::LoadSwapFile (801):  file open failed. (7482_sec.eff)
[21:59:22 PM]	CNtlPLOccluder_Quad::LoadSwapFile (830):  file open failed. (7482_sec.ocq)
[21:59:22 PM]	CNtlPLHeatHazeObject::LoadSwapFile (724):  file open failed. (7482_sec.hho)
[21:59:22 PM]	CNtlWorldShadow::LoadSwapFile (141):  file open failed. (7483_sec.sdw)
[21:59:22 PM]	CNtlPLObject::LoadSwapFile (3331):  file open failed. (7483_sec.objt)
[21:59:22 PM]	CNtlInstanceEffect::LoadSwapFile (801):  file open failed. (7483_sec.eff)
[21:59:22 PM]	CNtlPLOccluder_Quad::LoadSwapFile (830):  file open failed. (7483_sec.ocq)
[21:59:22 PM]	CNtlPLHeatHazeObject::LoadSwapFile (724):  file open failed. (7483_sec.hho)
[21:59:22 PM]	CNtlWorldShadow::LoadSwapFile (141):  file open failed. (7610_sec.sdw)
[21:59:22 PM]	CNtlPLObject::LoadSwapFile (3331):  file open failed. (7610_sec.objt)
[21:59:22 PM]	CNtlInstanceEffect::LoadSwapFile (801):  file open failed. (7610_sec.eff)
[21:59:22 PM]	CNtlPLOccluder_Quad::LoadSwapFile (830):  file open failed. (7610_sec.ocq)
[21:59:22 PM]	CNtlPLHeatHazeObject::LoadSwapFile (724):  file open failed. (7610_sec.hho)
[21:59:22 PM]	CNtlWorldShadow::LoadSwapFile (141):  file open failed. (7611_sec.sdw)
[21:59:22 PM]	CNtlPLObject::LoadSwapFile (3331):  file open failed. (7611_sec.objt)
[21:59:22 PM]	CNtlInstanceEffect::LoadSwapFile (801):  file open failed. (7611_sec.eff)
[21:59:22 PM]	CNtlPLOccluder_Quad::LoadSwapFile (830):  file open failed. (7611_sec.ocq)
[21:59:22 PM]	CNtlPLHeatHazeObject::LoadSwapFile (724):  file open failed. (7611_sec.hho)
[21:59:22 PM]	CNtlWorldShadow::LoadSwapFile (141):  file open failed. (7484_sec.sdw)
[21:59:22 PM]	CNtlPLObject::LoadSwapFile (3331):  file open failed. (7484_sec.objt)
[21:59:22 PM]	CNtlInstanceEffect::LoadSwapFile (801):  file open failed. (7484_sec.eff)
[21:59:22 PM]	CNtlPLOccluder_Quad::LoadSwapFile (830):  file open failed. (7484_sec.ocq)
[21:59:22 PM]	CNtlPLHeatHazeObject::LoadSwapFile (724):  file open failed. (7484_sec.hho)
[21:59:22 PM]	CNtlWorldShadow::LoadSwapFile (141):  file open failed. (7485_sec.sdw)
[21:59:22 PM]	CNtlPLObject::LoadSwapFile (3331):  file open failed. (7485_sec.objt)
[21:59:22 PM]	CNtlInstanceEffect::LoadSwapFile (801):  file open failed. (7485_sec.eff)
[21:59:22 PM]	CNtlPLOccluder_Quad::LoadSwapFile (830):  file open failed. (7485_sec.ocq)
[21:59:22 PM]	CNtlPLHeatHazeObject::LoadSwapFile (724):  file open failed. (7485_sec.hho)
[21:59:22 PM]	CNtlWorldShadow::LoadSwapFile (141):  file open failed. (7612_sec.sdw)
[21:59:22 PM]	CNtlPLObject::LoadSwapFile (3331):  file open failed. (7612_sec.objt)
[21:59:22 PM]	CNtlInstanceEffect::LoadSwapFile (801):  file open failed. (7612_sec.eff)
[21:59:22 PM]	CNtlPLOccluder_Quad::LoadSwapFile (830):  file open failed. (7612_sec.ocq)
[21:59:22 PM]	CNtlPLHeatHazeObject::LoadSwapFile (724):  file open failed. (7612_sec.hho)
[21:59:22 PM]	CNtlWorldShadow::LoadSwapFile (141):  file open failed. (7613_sec.sdw)
[21:59:22 PM]	CNtlPLObject::LoadSwapFile (3331):  file open failed. (7613_sec.objt)
[21:59:22 PM]	CNtlInstanceEffect::LoadSwapFile (801):  file open failed. (7613_sec.eff)
[21:59:22 PM]	CNtlPLOccluder_Quad::LoadSwapFile (830):  file open failed. (7613_sec.ocq)
[21:59:22 PM]	CNtlPLHeatHazeObject::LoadSwapFile (724):  file open failed. (7613_sec.hho)
[21:59:22 PM]	CNtlWorldShadow::LoadSwapFile (141):  file open failed. (7486_sec.sdw)
[21:59:22 PM]	CNtlPLObject::LoadSwapFile (3331):  file open failed. (7486_sec.objt)
[21:59:22 PM]	CNtlInstanceEffect::LoadSwapFile (801):  file open failed. (7486_sec.eff)
[21:59:22 PM]	CNtlPLOccluder_Quad::LoadSwapFile (830):  file open failed. (7486_sec.ocq)
[21:59:22 PM]	CNtlPLHeatHazeObject::LoadSwapFile (724):  file open failed. (7486_sec.hho)
[21:59:22 PM]	CNtlWorldShadow::LoadSwapFile (141):  file open failed. (7487_sec.sdw)
[21:59:22 PM]	CNtlPLObject::LoadSwapFile (3331):  file open failed. (7487_sec.objt)
[21:59:22 PM]	CNtlInstanceEffect::LoadSwapFile (801):  file open failed. (7487_sec.eff)
[21:59:22 PM]	CNtlPLOccluder_Quad::LoadSwapFile (830):  file open failed. (7487_sec.ocq)
[21:59:22 PM]	CNtlPLHeatHazeObject::LoadSwapFile (724):  file open failed. (7487_sec.hho)
[21:59:22 PM]	CNtlWorldShadow::LoadSwapFile (141):  file open failed. (7614_sec.sdw)
[21:59:22 PM]	CNtlPLObject::LoadSwapFile (3331):  file open failed. (7614_sec.objt)
[21:59:22 PM]	CNtlInstanceEffect::LoadSwapFile (801):  file open failed. (7614_sec.eff)
[21:59:22 PM]	CNtlPLOccluder_Quad::LoadSwapFile (830):  file open failed. (7614_sec.ocq)
[21:59:22 PM]	CNtlPLHeatHazeObject::LoadSwapFile (724):  file open failed. (7614_sec.hho)
[21:59:22 PM]	CNtlWorldShadow::LoadSwapFile (141):  file open failed. (7615_sec.sdw)
[21:59:22 PM]	CNtlPLObject::LoadSwapFile (3331):  file open failed. (7615_sec.objt)
[21:59:22 PM]	CNtlInstanceEffect::LoadSwapFile (801):  file open failed. (7615_sec.eff)
[21:59:22 PM]	CNtlPLOccluder_Quad::LoadSwapFile (830):  file open failed. (7615_sec.ocq)
[21:59:22 PM]	CNtlPLHeatHazeObject::LoadSwapFile (724):  file open failed. (7615_sec.hho)
[21:59:22 PM]	CNtlWorldShadow::LoadSwapFile (141):  file open failed. (7488_sec.sdw)
[21:59:22 PM]	CNtlPLObject::LoadSwapFile (3331):  file open failed. (7488_sec.objt)
[21:59:22 PM]	CNtlInstanceEffect::LoadSwapFile (801):  file open failed. (7488_sec.eff)
[21:59:22 PM]	CNtlPLOccluder_Quad::LoadSwapFile (830):  file open failed. (7488_sec.ocq)
[21:59:22 PM]	CNtlPLHeatHazeObject::LoadSwapFile (724):  file open failed. (7488_sec.hho)
[21:59:22 PM]	CNtlWorldShadow::LoadSwapFile (141):  file open failed. (7489_sec.sdw)
[21:59:22 PM]	CNtlPLObject::LoadSwapFile (3331):  file open failed. (7489_sec.objt)
[21:59:22 PM]	CNtlInstanceEffect::LoadSwapFile (801):  file open failed. (7489_sec.eff)
[21:59:22 PM]	CNtlPLOccluder_Quad::LoadSwapFile (830):  file open failed. (7489_sec.ocq)
[21:59:22 PM]	CNtlPLHeatHazeObject::LoadSwapFile (724):  file open failed. (7489_sec.hho)
[21:59:22 PM]	CNtlWorldShadow::LoadSwapFile (141):  file open failed. (7616_sec.sdw)
[21:59:22 PM]	CNtlPLObject::LoadSwapFile (3331):  file open failed. (7616_sec.objt)
[21:59:22 PM]	CNtlInstanceEffect::LoadSwapFile (801):  file open failed. (7616_sec.eff)
[21:59:22 PM]	CNtlPLOccluder_Quad::LoadSwapFile (830):  file open failed. (7616_sec.ocq)
[21:59:22 PM]	CNtlPLHeatHazeObject::LoadSwapFile (724):  file open failed. (7616_sec.hho)
[21:59:22 PM]	CNtlWorldShadow::LoadSwapFile (141):  file open failed. (7617_sec.sdw)
[21:59:22 PM]	CNtlPLObject::LoadSwapFile (3331):  file open failed. (7617_sec.objt)
[21:59:22 PM]	CNtlInstanceEffect::LoadSwapFile (801):  file open failed. (7617_sec.eff)
[21:59:22 PM]	CNtlPLOccluder_Quad::LoadSwapFile (830):  file open failed. (7617_sec.ocq)
[21:59:22 PM]	CNtlPLHeatHazeObject::LoadSwapFile (724):  file open failed. (7617_sec.hho)
[21:59:22 PM]	CNtlWorldShadow::LoadSwapFile (141):  file open failed. (7490_sec.sdw)
[21:59:22 PM]	CNtlPLObject::LoadSwapFile (3331):  file open failed. (7490_sec.objt)
[21:59:22 PM]	CNtlInstanceEffect::LoadSwapFile (801):  file open failed. (7490_sec.eff)
[21:59:22 PM]	CNtlPLOccluder_Quad::LoadSwapFile (830):  file open failed. (7490_sec.ocq)
[21:59:22 PM]	CNtlPLHeatHazeObject::LoadSwapFile (724):  file open failed. (7490_sec.hho)
[21:59:22 PM]	CNtlWorldShadow::LoadSwapFile (141):  file open failed. (7491_sec.sdw)
[21:59:22 PM]	CNtlPLObject::LoadSwapFile (3331):  file open failed. (7491_sec.objt)
[21:59:22 PM]	CNtlInstanceEffect::LoadSwapFile (801):  file open failed. (7491_sec.eff)
[21:59:22 PM]	CNtlPLOccluder_Quad::LoadSwapFile (830):  file open failed. (7491_sec.ocq)
[21:59:22 PM]	CNtlPLHeatHazeObject::LoadSwapFile (724):  file open failed. (7491_sec.hho)
[21:59:22 PM]	CNtlWorldShadow::LoadSwapFile (141):  file open failed. (7618_sec.sdw)
[21:59:22 PM]	CNtlPLObject::LoadSwapFile (3331):  file open failed. (7618_sec.objt)
[21:59:22 PM]	CNtlInstanceEffect::LoadSwapFile (801):  file open failed. (7618_sec.eff)
[21:59:22 PM]	CNtlPLOccluder_Quad::LoadSwapFile (830):  file open failed. (7618_sec.ocq)
[21:59:22 PM]	CNtlPLHeatHazeObject::LoadSwapFile (724):  file open failed. (7618_sec.hho)
[21:59:22 PM]	CNtlWorldShadow::LoadSwapFile (141):  file open failed. (7619_sec.sdw)
[21:59:22 PM]	CNtlPLObject::LoadSwapFile (3331):  file open failed. (7619_sec.objt)
[21:59:22 PM]	CNtlInstanceEffect::LoadSwapFile (801):  file open failed. (7619_sec.eff)
[21:59:22 PM]	CNtlPLOccluder_Quad::LoadSwapFile (830):  file open failed. (7619_sec.ocq)
[21:59:22 PM]	CNtlPLHeatHazeObject::LoadSwapFile (724):  file open failed. (7619_sec.hho)
[21:59:22 PM]	CNtlWorldShadow::LoadSwapFile (141):  file open failed. (7492_sec.sdw)
[21:59:22 PM]	CNtlPLObject::LoadSwapFile (3331):  file open failed. (7492_sec.objt)
[21:59:22 PM]	CNtlInstanceEffect::LoadSwapFile (801):  file open failed. (7492_sec.eff)
[21:59:22 PM]	CNtlPLOccluder_Quad::LoadSwapFile (830):  file open failed. (7492_sec.ocq)
[21:59:22 PM]	CNtlPLHeatHazeObject::LoadSwapFile (724):  file open failed. (7492_sec.hho)
[21:59:22 PM]	CNtlWorldShadow::LoadSwapFile (141):  file open failed. (7493_sec.sdw)
[21:59:22 PM]	CNtlPLObject::LoadSwapFile (3331):  file open failed. (7493_sec.objt)
[21:59:22 PM]	CNtlInstanceEffect::LoadSwapFile (801):  file open failed. (7493_sec.eff)
[21:59:22 PM]	CNtlPLOccluder_Quad::LoadSwapFile (830):  file open failed. (7493_sec.ocq)
[21:59:22 PM]	CNtlPLHeatHazeObject::LoadSwapFile (724):  file open failed. (7493_sec.hho)
[21:59:22 PM]	CNtlWorldShadow::LoadSwapFile (141):  file open failed. (7620_sec.sdw)
[21:59:22 PM]	CNtlPLObject::LoadSwapFile (3331):  file open failed. (7620_sec.objt)
[21:59:22 PM]	CNtlInstanceEffect::LoadSwapFile (801):  file open failed. (7620_sec.eff)
[21:59:22 PM]	CNtlPLOccluder_Quad::LoadSwapFile (830):  file open failed. (7620_sec.ocq)
[21:59:22 PM]	CNtlPLHeatHazeObject::LoadSwapFile (724):  file open failed. (7620_sec.hho)
[21:59:22 PM]	CNtlWorldShadow::LoadSwapFile (141):  file open failed. (7621_sec.sdw)
[21:59:22 PM]	CNtlPLObject::LoadSwapFile (3331):  file open failed. (7621_sec.objt)
[21:59:22 PM]	CNtlInstanceEffect::LoadSwapFile (801):  file open failed. (7621_sec.eff)
[21:59:22 PM]	CNtlPLOccluder_Quad::LoadSwapFile (830):  file open failed. (7621_sec.ocq)
[21:59:22 PM]	CNtlPLHeatHazeObject::LoadSwapFile (724):  file open failed. (7621_sec.hho)
[22:00:00 PM]	CNtlWorldShadow::LoadSwapFile (141):  file open failed. (7238_sec.sdw)
[22:00:00 PM]	CNtlPLObject::LoadSwapFile (3331):  file open failed. (7238_sec.objt)
[22:00:00 PM]	CNtlInstanceEffect::LoadSwapFile (801):  file open failed. (7238_sec.eff)
[22:00:00 PM]	CNtlPLOccluder_Quad::LoadSwapFile (830):  file open failed. (7238_sec.ocq)
[22:00:00 PM]	CNtlPLHeatHazeObject::LoadSwapFile (724):  file open failed. (7238_sec.hho)
[22:00:00 PM]	CNtlWorldShadow::LoadSwapFile (141):  file open failed. (7239_sec.sdw)
[22:00:00 PM]	CNtlPLObject::LoadSwapFile (3331):  file open failed. (7239_sec.objt)
[22:00:00 PM]	CNtlInstanceEffect::LoadSwapFile (801):  file open failed. (7239_sec.eff)
[22:00:00 PM]	CNtlPLOccluder_Quad::LoadSwapFile (830):  file open failed. (7239_sec.ocq)
[22:00:00 PM]	CNtlPLHeatHazeObject::LoadSwapFile (724):  file open failed. (7239_sec.hho)
[22:00:00 PM]	CNtlWorldShadow::LoadSwapFile (141):  file open failed. (7366_sec.sdw)
[22:00:00 PM]	CNtlPLObject::LoadSwapFile (3331):  file open failed. (7366_sec.objt)
[22:00:00 PM]	CNtlInstanceEffect::LoadSwapFile (801):  file open failed. (7366_sec.eff)
[22:00:00 PM]	CNtlPLOccluder_Quad::LoadSwapFile (830):  file open failed. (7366_sec.ocq)
[22:00:00 PM]	CNtlPLHeatHazeObject::LoadSwapFile (724):  file open failed. (7366_sec.hho)
[22:00:00 PM]	CNtlWorldShadow::LoadSwapFile (141):  file open failed. (7367_sec.sdw)
[22:00:00 PM]	CNtlPLObject::LoadSwapFile (3331):  file open failed. (7367_sec.objt)
[22:00:00 PM]	CNtlInstanceEffect::LoadSwapFile (801):  file open failed. (7367_sec.eff)
[22:00:00 PM]	CNtlPLOccluder_Quad::LoadSwapFile (830):  file open failed. (7367_sec.ocq)
[22:00:00 PM]	CNtlPLHeatHazeObject::LoadSwapFile (724):  file open failed. (7367_sec.hho)
[22:00:00 PM]	CNtlWorldShadow::LoadSwapFile (141):  file open failed. (7494_sec.sdw)
[22:00:00 PM]	CNtlPLObject::LoadSwapFile (3331):  file open failed. (7494_sec.objt)
[22:00:00 PM]	CNtlInstanceEffect::LoadSwapFile (801):  file open failed. (7494_sec.eff)
[22:00:00 PM]	CNtlPLOccluder_Quad::LoadSwapFile (830):  file open failed. (7494_sec.ocq)
[22:00:00 PM]	CNtlPLHeatHazeObject::LoadSwapFile (724):  file open failed. (7494_sec.hho)
[22:00:00 PM]	CNtlWorldShadow::LoadSwapFile (141):  file open failed. (7495_sec.sdw)
[22:00:00 PM]	CNtlPLObject::LoadSwapFile (3331):  file open failed. (7495_sec.objt)
[22:00:00 PM]	CNtlInstanceEffect::LoadSwapFile (801):  file open failed. (7495_sec.eff)
[22:00:00 PM]	CNtlPLOccluder_Quad::LoadSwapFile (830):  file open failed. (7495_sec.ocq)
[22:00:00 PM]	CNtlPLHeatHazeObject::LoadSwapFile (724):  file open failed. (7495_sec.hho)
[22:00:00 PM]	CNtlWorldShadow::LoadSwapFile (141):  file open failed. (7622_sec.sdw)
[22:00:00 PM]	CNtlPLObject::LoadSwapFile (3331):  file open failed. (7622_sec.objt)
[22:00:00 PM]	CNtlInstanceEffect::LoadSwapFile (801):  file open failed. (7622_sec.eff)
[22:00:00 PM]	CNtlPLOccluder_Quad::LoadSwapFile (830):  file open failed. (7622_sec.ocq)
[22:00:00 PM]	CNtlPLHeatHazeObject::LoadSwapFile (724):  file open failed. (7622_sec.hho)
[22:00:00 PM]	CNtlWorldShadow::LoadSwapFile (141):  file open failed. (7623_sec.sdw)
[22:00:00 PM]	CNtlPLObject::LoadSwapFile (3331):  file open failed. (7623_sec.objt)
[22:00:00 PM]	CNtlInstanceEffect::LoadSwapFile (801):  file open failed. (7623_sec.eff)
[22:00:00 PM]	CNtlPLOccluder_Quad::LoadSwapFile (830):  file open failed. (7623_sec.ocq)
[22:00:00 PM]	CNtlPLHeatHazeObject::LoadSwapFile (724):  file open failed. (7623_sec.hho)
[22:00:00 PM]	CNtlWorldShadow::LoadSwapFile (141):  file open failed. (7750_sec.sdw)
[22:00:00 PM]	CNtlPLObject::LoadSwapFile (3331):  file open failed. (7750_sec.objt)
[22:00:00 PM]	CNtlInstanceEffect::LoadSwapFile (801):  file open failed. (7750_sec.eff)
[22:00:00 PM]	CNtlPLOccluder_Quad::LoadSwapFile (830):  file open failed. (7750_sec.ocq)
[22:00:00 PM]	CNtlPLHeatHazeObject::LoadSwapFile (724):  file open failed. (7750_sec.hho)
[22:00:00 PM]	CNtlWorldShadow::LoadSwapFile (141):  file open failed. (7751_sec.sdw)
[22:00:00 PM]	CNtlPLObject::LoadSwapFile (3331):  file open failed. (7751_sec.objt)
[22:00:00 PM]	CNtlInstanceEffect::LoadSwapFile (801):  file open failed. (7751_sec.eff)
[22:00:00 PM]	CNtlPLOccluder_Quad::LoadSwapFile (830):  file open failed. (7751_sec.ocq)
[22:00:00 PM]	CNtlPLHeatHazeObject::LoadSwapFile (724):  file open failed. (7751_sec.hho)
[22:00:00 PM]	CNtlWorldShadow::LoadSwapFile (141):  file open failed. (7878_sec.sdw)
[22:00:00 PM]	CNtlPLObject::LoadSwapFile (3331):  file open failed. (7878_sec.objt)
[22:00:00 PM]	CNtlInstanceEffect::LoadSwapFile (801):  file open failed. (7878_sec.eff)
[22:00:00 PM]	CNtlPLOccluder_Quad::LoadSwapFile (830):  file open failed. (7878_sec.ocq)
[22:00:00 PM]	CNtlPLHeatHazeObject::LoadSwapFile (724):  file open failed. (7878_sec.hho)
[22:00:00 PM]	CNtlWorldShadow::LoadSwapFile (141):  file open failed. (7879_sec.sdw)
[22:00:00 PM]	CNtlPLObject::LoadSwapFile (3331):  file open failed. (7879_sec.objt)
[22:00:00 PM]	CNtlInstanceEffect::LoadSwapFile (801):  file open failed. (7879_sec.eff)
[22:00:00 PM]	CNtlPLOccluder_Quad::LoadSwapFile (830):  file open failed. (7879_sec.ocq)
[22:00:00 PM]	CNtlPLHeatHazeObject::LoadSwapFile (724):  file open failed. (7879_sec.hho)
[22:00:00 PM]	CNtlWorldShadow::LoadSwapFile (141):  file open failed. (8006_sec.sdw)
[22:00:00 PM]	CNtlPLObject::LoadSwapFile (3331):  file open failed. (8006_sec.objt)
[22:00:00 PM]	CNtlInstanceEffect::LoadSwapFile (801):  file open failed. (8006_sec.eff)
[22:00:00 PM]	CNtlPLOccluder_Quad::LoadSwapFile (830):  file open failed. (8006_sec.ocq)
[22:00:00 PM]	CNtlPLHeatHazeObject::LoadSwapFile (724):  file open failed. (8006_sec.hho)
[22:00:00 PM]	CNtlWorldShadow::LoadSwapFile (141):  file open failed. (8007_sec.sdw)
[22:00:00 PM]	CNtlPLObject::LoadSwapFile (3331):  file open failed. (8007_sec.objt)
[22:00:00 PM]	CNtlInstanceEffect::LoadSwapFile (801):  file open failed. (8007_sec.eff)
[22:00:00 PM]	CNtlPLOccluder_Quad::LoadSwapFile (830):  file open failed. (8007_sec.ocq)
[22:00:00 PM]	CNtlPLHeatHazeObject::LoadSwapFile (724):  file open failed. (8007_sec.hho)
[22:00:00 PM]	CNtlWorldShadow::LoadSwapFile (141):  file open failed. (8134_sec.sdw)
[22:00:00 PM]	CNtlPLObject::LoadSwapFile (3331):  file open failed. (8134_sec.objt)
[22:00:00 PM]	CNtlInstanceEffect::LoadSwapFile (801):  file open failed. (8134_sec.eff)
[22:00:00 PM]	CNtlPLOccluder_Quad::LoadSwapFile (830):  file open failed. (8134_sec.ocq)
[22:00:00 PM]	CNtlPLHeatHazeObject::LoadSwapFile (724):  file open failed. (8134_sec.hho)
[22:00:00 PM]	CNtlWorldShadow::LoadSwapFile (141):  file open failed. (8135_sec.sdw)
[22:00:00 PM]	CNtlPLObject::LoadSwapFile (3331):  file open failed. (8135_sec.objt)
[22:00:00 PM]	CNtlInstanceEffect::LoadSwapFile (801):  file open failed. (8135_sec.eff)
[22:00:00 PM]	CNtlPLOccluder_Quad::LoadSwapFile (830):  file open failed. (8135_sec.ocq)
[22:00:00 PM]	CNtlPLHeatHazeObject::LoadSwapFile (724):  file open failed. (8135_sec.hho)
[22:00:00 PM]	CNtlWorldShadow::LoadSwapFile (141):  file open failed. (8262_sec.sdw)
[22:00:00 PM]	CNtlPLObject::LoadSwapFile (3331):  file open failed. (8262_sec.objt)
[22:00:00 PM]	CNtlInstanceEffect::LoadSwapFile (801):  file open failed. (8262_sec.eff)
[22:00:00 PM]	CNtlPLOccluder_Quad::LoadSwapFile (830):  file open failed. (8262_sec.ocq)
[22:00:00 PM]	CNtlPLHeatHazeObject::LoadSwapFile (724):  file open failed. (8262_sec.hho)
[22:00:00 PM]	CNtlWorldShadow::LoadSwapFile (141):  file open failed. (8263_sec.sdw)
[22:00:00 PM]	CNtlPLObject::LoadSwapFile (3331):  file open failed. (8263_sec.objt)
[22:00:00 PM]	CNtlInstanceEffect::LoadSwapFile (801):  file open failed. (8263_sec.eff)
[22:00:00 PM]	CNtlPLOccluder_Quad::LoadSwapFile (830):  file open failed. (8263_sec.ocq)
[22:00:00 PM]	CNtlPLHeatHazeObject::LoadSwapFile (724):  file open failed. (8263_sec.hho)
[22:00:00 PM]	CNtlWorldShadow::LoadSwapFile (141):  file open failed. (8390_sec.sdw)
[22:00:00 PM]	CNtlPLObject::LoadSwapFile (3331):  file open failed. (8390_sec.objt)
[22:00:01 PM]	CNtlInstanceEffect::LoadSwapFile (801):  file open failed. (8390_sec.eff)
[22:00:01 PM]	CNtlPLOccluder_Quad::LoadSwapFile (830):  file open failed. (8390_sec.ocq)
[22:00:01 PM]	CNtlPLHeatHazeObject::LoadSwapFile (724):  file open failed. (8390_sec.hho)
[22:00:01 PM]	CNtlWorldShadow::LoadSwapFile (141):  file open failed. (8391_sec.sdw)
[22:00:01 PM]	CNtlPLObject::LoadSwapFile (3331):  file open failed. (8391_sec.objt)
[22:00:01 PM]	CNtlInstanceEffect::LoadSwapFile (801):  file open failed. (8391_sec.eff)
[22:00:01 PM]	CNtlPLOccluder_Quad::LoadSwapFile (830):  file open failed. (8391_sec.ocq)
[22:00:01 PM]	CNtlPLHeatHazeObject::LoadSwapFile (724):  file open failed. (8391_sec.hho)
[22:00:01 PM]	CNtlWorldShadow::LoadSwapFile (141):  file open failed. (8518_sec.sdw)
[22:00:01 PM]	CNtlPLObject::LoadSwapFile (3331):  file open failed. (8518_sec.objt)
[22:00:01 PM]	CNtlInstanceEffect::LoadSwapFile (801):  file open failed. (8518_sec.eff)
[22:00:01 PM]	CNtlPLOccluder_Quad::LoadSwapFile (830):  file open failed. (8518_sec.ocq)
[22:00:01 PM]	CNtlPLHeatHazeObject::LoadSwapFile (724):  file open failed. (8518_sec.hho)
[22:00:01 PM]	CNtlWorldShadow::LoadSwapFile (141):  file open failed. (8519_sec.sdw)
[22:00:01 PM]	CNtlPLObject::LoadSwapFile (3331):  file open failed. (8519_sec.objt)
[22:00:01 PM]	CNtlInstanceEffect::LoadSwapFile (801):  file open failed. (8519_sec.eff)
[22:00:01 PM]	CNtlPLOccluder_Quad::LoadSwapFile (830):  file open failed. (8519_sec.ocq)
[22:00:01 PM]	CNtlPLHeatHazeObject::LoadSwapFile (724):  file open failed. (8519_sec.hho)
[22:00:01 PM]	CNtlWorldShadow::LoadSwapFile (141):  file open failed. (8646_sec.sdw)
[22:00:01 PM]	CNtlPLObject::LoadSwapFile (3331):  file open failed. (8646_sec.objt)
[22:00:01 PM]	CNtlInstanceEffect::LoadSwapFile (801):  file open failed. (8646_sec.eff)
[22:00:01 PM]	CNtlPLOccluder_Quad::LoadSwapFile (830):  file open failed. (8646_sec.ocq)
[22:00:01 PM]	CNtlPLHeatHazeObject::LoadSwapFile (724):  file open failed. (8646_sec.hho)
[22:00:01 PM]	CNtlWorldShadow::LoadSwapFile (141):  file open failed. (8647_sec.sdw)
[22:00:01 PM]	CNtlPLObject::LoadSwapFile (3331):  file open failed. (8647_sec.objt)
[22:00:01 PM]	CNtlInstanceEffect::LoadSwapFile (801):  file open failed. (8647_sec.eff)
[22:00:01 PM]	CNtlPLOccluder_Quad::LoadSwapFile (830):  file open failed. (8647_sec.ocq)
[22:00:01 PM]	CNtlPLHeatHazeObject::LoadSwapFile (724):  file open failed. (8647_sec.hho)
[22:00:05 PM]	CNtlWorldShadow::LoadSwapFile (141):  file open failed. (8774_sec.sdw)
[22:00:05 PM]	CNtlPLObject::LoadSwapFile (3331):  file open failed. (8774_sec.objt)
[22:00:05 PM]	CNtlInstanceEffect::LoadSwapFile (801):  file open failed. (8774_sec.eff)
[22:00:05 PM]	CNtlPLOccluder_Quad::LoadSwapFile (830):  file open failed. (8774_sec.ocq)
[22:00:05 PM]	CNtlPLHeatHazeObject::LoadSwapFile (724):  file open failed. (8774_sec.hho)
[22:00:05 PM]	CNtlWorldShadow::LoadSwapFile (141):  file open failed. (8775_sec.sdw)
[22:00:05 PM]	CNtlPLObject::LoadSwapFile (3331):  file open failed. (8775_sec.objt)
[22:00:05 PM]	CNtlInstanceEffect::LoadSwapFile (801):  file open failed. (8775_sec.eff)
[22:00:05 PM]	CNtlPLOccluder_Quad::LoadSwapFile (830):  file open failed. (8775_sec.ocq)
[22:00:05 PM]	CNtlPLHeatHazeObject::LoadSwapFile (724):  file open failed. (8775_sec.hho)
[22:00:05 PM]	CNtlWorldShadow::LoadSwapFile (141):  file open failed. (8902_sec.sdw)
[22:00:05 PM]	CNtlPLObject::LoadSwapFile (3331):  file open failed. (8902_sec.objt)
[22:00:05 PM]	CNtlInstanceEffect::LoadSwapFile (801):  file open failed. (8902_sec.eff)
[22:00:05 PM]	CNtlPLOccluder_Quad::LoadSwapFile (830):  file open failed. (8902_sec.ocq)
[22:00:05 PM]	CNtlPLHeatHazeObject::LoadSwapFile (724):  file open failed. (8902_sec.hho)
[22:00:05 PM]	CNtlWorldShadow::LoadSwapFile (141):  file open failed. (8903_sec.sdw)
[22:00:05 PM]	CNtlPLObject::LoadSwapFile (3331):  file open failed. (8903_sec.objt)
[22:00:05 PM]	CNtlInstanceEffect::LoadSwapFile (801):  file open failed. (8903_sec.eff)
[22:00:05 PM]	CNtlPLOccluder_Quad::LoadSwapFile (830):  file open failed. (8903_sec.ocq)
[22:00:05 PM]	CNtlPLHeatHazeObject::LoadSwapFile (724):  file open failed. (8903_sec.hho)
[22:00:09 PM]	CNtlWorldShadow::LoadSwapFile (141):  file open failed. (7496_sec.sdw)
[22:00:09 PM]	CNtlPLObject::LoadSwapFile (3331):  file open failed. (7496_sec.objt)
[22:00:09 PM]	CNtlInstanceEffect::LoadSwapFile (801):  file open failed. (7496_sec.eff)
[22:00:09 PM]	CNtlPLOccluder_Quad::LoadSwapFile (830):  file open failed. (7496_sec.ocq)
[22:00:09 PM]	CNtlPLHeatHazeObject::LoadSwapFile (724):  file open failed. (7496_sec.hho)
[22:00:09 PM]	CNtlWorldShadow::LoadSwapFile (141):  file open failed. (7497_sec.sdw)
[22:00:09 PM]	CNtlPLObject::LoadSwapFile (3331):  file open failed. (7497_sec.objt)
[22:00:09 PM]	CNtlInstanceEffect::LoadSwapFile (801):  file open failed. (7497_sec.eff)
[22:00:09 PM]	CNtlPLOccluder_Quad::LoadSwapFile (830):  file open failed. (7497_sec.ocq)
[22:00:09 PM]	CNtlPLHeatHazeObject::LoadSwapFile (724):  file open failed. (7497_sec.hho)
[22:00:09 PM]	CNtlWorldShadow::LoadSwapFile (141):  file open failed. (7624_sec.sdw)
[22:00:09 PM]	CNtlPLObject::LoadSwapFile (3331):  file open failed. (7624_sec.objt)
[22:00:09 PM]	CNtlInstanceEffect::LoadSwapFile (801):  file open failed. (7624_sec.eff)
[22:00:09 PM]	CNtlPLOccluder_Quad::LoadSwapFile (830):  file open failed. (7624_sec.ocq)
[22:00:09 PM]	CNtlPLHeatHazeObject::LoadSwapFile (724):  file open failed. (7624_sec.hho)
[22:00:09 PM]	CNtlWorldShadow::LoadSwapFile (141):  file open failed. (7625_sec.sdw)
[22:00:09 PM]	CNtlPLObject::LoadSwapFile (3331):  file open failed. (7625_sec.objt)
[22:00:09 PM]	CNtlInstanceEffect::LoadSwapFile (801):  file open failed. (7625_sec.eff)
[22:00:09 PM]	CNtlPLOccluder_Quad::LoadSwapFile (830):  file open failed. (7625_sec.ocq)
[22:00:09 PM]	CNtlPLHeatHazeObject::LoadSwapFile (724):  file open failed. (7625_sec.hho)
[22:00:09 PM]	CNtlWorldShadow::LoadSwapFile (141):  file open failed. (7752_sec.sdw)
[22:00:09 PM]	CNtlPLObject::LoadSwapFile (3331):  file open failed. (7752_sec.objt)
[22:00:09 PM]	CNtlInstanceEffect::LoadSwapFile (801):  file open failed. (7752_sec.eff)
[22:00:09 PM]	CNtlPLOccluder_Quad::LoadSwapFile (830):  file open failed. (7752_sec.ocq)
[22:00:09 PM]	CNtlPLHeatHazeObject::LoadSwapFile (724):  file open failed. (7752_sec.hho)
[22:00:09 PM]	CNtlWorldShadow::LoadSwapFile (141):  file open failed. (7753_sec.sdw)
[22:00:09 PM]	CNtlPLObject::LoadSwapFile (3331):  file open failed. (7753_sec.objt)
[22:00:09 PM]	CNtlInstanceEffect::LoadSwapFile (801):  file open failed. (7753_sec.eff)
[22:00:09 PM]	CNtlPLOccluder_Quad::LoadSwapFile (830):  file open failed. (7753_sec.ocq)
[22:00:09 PM]	CNtlPLHeatHazeObject::LoadSwapFile (724):  file open failed. (7753_sec.hho)
[22:00:09 PM]	CNtlWorldShadow::LoadSwapFile (141):  file open failed. (7880_sec.sdw)
[22:00:09 PM]	CNtlPLObject::LoadSwapFile (3331):  file open failed. (7880_sec.objt)
[22:00:09 PM]	CNtlInstanceEffect::LoadSwapFile (801):  file open failed. (7880_sec.eff)
[22:00:09 PM]	CNtlPLOccluder_Quad::LoadSwapFile (830):  file open failed. (7880_sec.ocq)
[22:00:09 PM]	CNtlPLHeatHazeObject::LoadSwapFile (724):  file open failed. (7880_sec.hho)
[22:00:09 PM]	CNtlWorldShadow::LoadSwapFile (141):  file open failed. (7881_sec.sdw)
[22:00:09 PM]	CNtlPLObject::LoadSwapFile (3331):  file open failed. (7881_sec.objt)
[22:00:09 PM]	CNtlInstanceEffect::LoadSwapFile (801):  file open failed. (7881_sec.eff)
[22:00:09 PM]	CNtlPLOccluder_Quad::LoadSwapFile (830):  file open failed. (7881_sec.ocq)
[22:00:09 PM]	CNtlPLHeatHazeObject::LoadSwapFile (724):  file open failed. (7881_sec.hho)
[22:00:09 PM]	CNtlWorldShadow::LoadSwapFile (141):  file open failed. (8008_sec.sdw)
[22:00:09 PM]	CNtlPLObject::LoadSwapFile (3331):  file open failed. (8008_sec.objt)
[22:00:09 PM]	CNtlInstanceEffect::LoadSwapFile (801):  file open failed. (8008_sec.eff)
[22:00:09 PM]	CNtlPLOccluder_Quad::LoadSwapFile (830):  file open failed. (8008_sec.ocq)
[22:00:09 PM]	CNtlPLHeatHazeObject::LoadSwapFile (724):  file open failed. (8008_sec.hho)
[22:00:09 PM]	CNtlWorldShadow::LoadSwapFile (141):  file open failed. (8009_sec.sdw)
[22:00:09 PM]	CNtlPLObject::LoadSwapFile (3331):  file open failed. (8009_sec.objt)
[22:00:09 PM]	CNtlInstanceEffect::LoadSwapFile (801):  file open failed. (8009_sec.eff)
[22:00:09 PM]	CNtlPLOccluder_Quad::LoadSwapFile (830):  file open failed. (8009_sec.ocq)
[22:00:09 PM]	CNtlPLHeatHazeObject::LoadSwapFile (724):  file open failed. (8009_sec.hho)
[22:00:09 PM]	CNtlWorldShadow::LoadSwapFile (141):  file open failed. (8136_sec.sdw)
[22:00:09 PM]	CNtlPLObject::LoadSwapFile (3331):  file open failed. (8136_sec.objt)
[22:00:09 PM]	CNtlInstanceEffect::LoadSwapFile (801):  file open failed. (8136_sec.eff)
[22:00:09 PM]	CNtlPLOccluder_Quad::LoadSwapFile (830):  file open failed. (8136_sec.ocq)
[22:00:09 PM]	CNtlPLHeatHazeObject::LoadSwapFile (724):  file open failed. (8136_sec.hho)
[22:00:09 PM]	CNtlWorldShadow::LoadSwapFile (141):  file open failed. (8137_sec.sdw)
[22:00:09 PM]	CNtlPLObject::LoadSwapFile (3331):  file open failed. (8137_sec.objt)
[22:00:09 PM]	CNtlInstanceEffect::LoadSwapFile (801):  file open failed. (8137_sec.eff)
[22:00:09 PM]	CNtlPLOccluder_Quad::LoadSwapFile (830):  file open failed. (8137_sec.ocq)
[22:00:09 PM]	CNtlPLHeatHazeObject::LoadSwapFile (724):  file open failed. (8137_sec.hho)
[22:00:09 PM]	CNtlWorldShadow::LoadSwapFile (141):  file open failed. (8264_sec.sdw)
[22:00:09 PM]	CNtlPLObject::LoadSwapFile (3331):  file open failed. (8264_sec.objt)
[22:00:09 PM]	CNtlInstanceEffect::LoadSwapFile (801):  file open failed. (8264_sec.eff)
[22:00:09 PM]	CNtlPLOccluder_Quad::LoadSwapFile (830):  file open failed. (8264_sec.ocq)
[22:00:09 PM]	CNtlPLHeatHazeObject::LoadSwapFile (724):  file open failed. (8264_sec.hho)
[22:00:09 PM]	CNtlWorldShadow::LoadSwapFile (141):  file open failed. (8265_sec.sdw)
[22:00:09 PM]	CNtlPLObject::LoadSwapFile (3331):  file open failed. (8265_sec.objt)
[22:00:09 PM]	CNtlInstanceEffect::LoadSwapFile (801):  file open failed. (8265_sec.eff)
[22:00:09 PM]	CNtlPLOccluder_Quad::LoadSwapFile (830):  file open failed. (8265_sec.ocq)
[22:00:09 PM]	CNtlPLHeatHazeObject::LoadSwapFile (724):  file open failed. (8265_sec.hho)
[22:00:09 PM]	CNtlWorldShadow::LoadSwapFile (141):  file open failed. (8392_sec.sdw)
[22:00:10 PM]	CNtlPLObject::LoadSwapFile (3331):  file open failed. (8392_sec.objt)
[22:00:10 PM]	CNtlInstanceEffect::LoadSwapFile (801):  file open failed. (8392_sec.eff)
[22:00:10 PM]	CNtlPLOccluder_Quad::LoadSwapFile (830):  file open failed. (8392_sec.ocq)
[22:00:10 PM]	CNtlPLHeatHazeObject::LoadSwapFile (724):  file open failed. (8392_sec.hho)
[22:00:10 PM]	CNtlWorldShadow::LoadSwapFile (141):  file open failed. (8393_sec.sdw)
[22:00:10 PM]	CNtlPLObject::LoadSwapFile (3331):  file open failed. (8393_sec.objt)
[22:00:10 PM]	CNtlInstanceEffect::LoadSwapFile (801):  file open failed. (8393_sec.eff)
[22:00:10 PM]	CNtlPLOccluder_Quad::LoadSwapFile (830):  file open failed. (8393_sec.ocq)
[22:00:10 PM]	CNtlPLHeatHazeObject::LoadSwapFile (724):  file open failed. (8393_sec.hho)
[22:00:10 PM]	CNtlWorldShadow::LoadSwapFile (141):  file open failed. (8520_sec.sdw)
[22:00:10 PM]	CNtlPLObject::LoadSwapFile (3331):  file open failed. (8520_sec.objt)
[22:00:10 PM]	CNtlInstanceEffect::LoadSwapFile (801):  file open failed. (8520_sec.eff)
[22:00:10 PM]	CNtlPLOccluder_Quad::LoadSwapFile (830):  file open failed. (8520_sec.ocq)
[22:00:10 PM]	CNtlPLHeatHazeObject::LoadSwapFile (724):  file open failed. (8520_sec.hho)
[22:00:10 PM]	CNtlWorldShadow::LoadSwapFile (141):  file open failed. (8521_sec.sdw)
[22:00:10 PM]	CNtlPLObject::LoadSwapFile (3331):  file open failed. (8521_sec.objt)
[22:00:10 PM]	CNtlInstanceEffect::LoadSwapFile (801):  file open failed. (8521_sec.eff)
[22:00:10 PM]	CNtlPLOccluder_Quad::LoadSwapFile (830):  file open failed. (8521_sec.ocq)
[22:00:10 PM]	CNtlPLHeatHazeObject::LoadSwapFile (724):  file open failed. (8521_sec.hho)
[22:00:10 PM]	CNtlWorldShadow::LoadSwapFile (141):  file open failed. (8648_sec.sdw)
[22:00:10 PM]	CNtlPLObject::LoadSwapFile (3331):  file open failed. (8648_sec.objt)
[22:00:10 PM]	CNtlInstanceEffect::LoadSwapFile (801):  file open failed. (8648_sec.eff)
[22:00:10 PM]	CNtlPLOccluder_Quad::LoadSwapFile (830):  file open failed. (8648_sec.ocq)
[22:00:10 PM]	CNtlPLHeatHazeObject::LoadSwapFile (724):  file open failed. (8648_sec.hho)
[22:00:10 PM]	CNtlWorldShadow::LoadSwapFile (141):  file open failed. (8649_sec.sdw)
[22:00:10 PM]	CNtlPLObject::LoadSwapFile (3331):  file open failed. (8649_sec.objt)
[22:00:10 PM]	CNtlInstanceEffect::LoadSwapFile (801):  file open failed. (8649_sec.eff)
[22:00:10 PM]	CNtlPLOccluder_Quad::LoadSwapFile (830):  file open failed. (8649_sec.ocq)
[22:00:10 PM]	CNtlPLHeatHazeObject::LoadSwapFile (724):  file open failed. (8649_sec.hho)
[22:00:10 PM]	CNtlWorldShadow::LoadSwapFile (141):  file open failed. (8776_sec.sdw)
[22:00:10 PM]	CNtlPLObject::LoadSwapFile (3331):  file open failed. (8776_sec.objt)
[22:00:10 PM]	CNtlInstanceEffect::LoadSwapFile (801):  file open failed. (8776_sec.eff)
[22:00:10 PM]	CNtlPLOccluder_Quad::LoadSwapFile (830):  file open failed. (8776_sec.ocq)
[22:00:10 PM]	CNtlPLHeatHazeObject::LoadSwapFile (724):  file open failed. (8776_sec.hho)
[22:00:10 PM]	CNtlWorldShadow::LoadSwapFile (141):  file open failed. (8777_sec.sdw)
[22:00:10 PM]	CNtlPLObject::LoadSwapFile (3331):  file open failed. (8777_sec.objt)
[22:00:10 PM]	CNtlInstanceEffect::LoadSwapFile (801):  file open failed. (8777_sec.eff)
[22:00:10 PM]	CNtlPLOccluder_Quad::LoadSwapFile (830):  file open failed. (8777_sec.ocq)
[22:00:10 PM]	CNtlPLHeatHazeObject::LoadSwapFile (724):  file open failed. (8777_sec.hho)
[22:00:10 PM]	CNtlWorldShadow::LoadSwapFile (141):  file open failed. (8904_sec.sdw)
[22:00:10 PM]	CNtlPLObject::LoadSwapFile (3331):  file open failed. (8904_sec.objt)
[22:00:10 PM]	CNtlInstanceEffect::LoadSwapFile (801):  file open failed. (8904_sec.eff)
[22:00:10 PM]	CNtlPLOccluder_Quad::LoadSwapFile (830):  file open failed. (8904_sec.ocq)
[22:00:10 PM]	CNtlPLHeatHazeObject::LoadSwapFile (724):  file open failed. (8904_sec.hho)
[22:00:10 PM]	CNtlWorldShadow::LoadSwapFile (141):  file open failed. (8905_sec.sdw)
[22:00:10 PM]	CNtlPLObject::LoadSwapFile (3331):  file open failed. (8905_sec.objt)
[22:00:10 PM]	CNtlInstanceEffect::LoadSwapFile (801):  file open failed. (8905_sec.eff)
[22:00:10 PM]	CNtlPLOccluder_Quad::LoadSwapFile (830):  file open failed. (8905_sec.ocq)
[22:00:10 PM]	CNtlPLHeatHazeObject::LoadSwapFile (724):  file open failed. (8905_sec.hho)
[22:00:12 PM]	CNtlWorldShadow::LoadSwapFile (141):  file open failed. (9030_sec.sdw)
[22:00:12 PM]	CNtlPLObject::LoadSwapFile (3331):  file open failed. (9030_sec.objt)
[22:00:12 PM]	CNtlInstanceEffect::LoadSwapFile (801):  file open failed. (9030_sec.eff)
[22:00:12 PM]	CNtlPLOccluder_Quad::LoadSwapFile (830):  file open failed. (9030_sec.ocq)
[22:00:12 PM]	CNtlPLHeatHazeObject::LoadSwapFile (724):  file open failed. (9030_sec.hho)
[22:00:12 PM]	CNtlWorldShadow::LoadSwapFile (141):  file open failed. (9031_sec.sdw)
[22:00:12 PM]	CNtlPLObject::LoadSwapFile (3331):  file open failed. (9031_sec.objt)
[22:00:12 PM]	CNtlInstanceEffect::LoadSwapFile (801):  file open failed. (9031_sec.eff)
[22:00:12 PM]	CNtlPLOccluder_Quad::LoadSwapFile (830):  file open failed. (9031_sec.ocq)
[22:00:12 PM]	CNtlPLHeatHazeObject::LoadSwapFile (724):  file open failed. (9031_sec.hho)
[22:00:12 PM]	CNtlWorldShadow::LoadSwapFile (141):  file open failed. (9158_sec.sdw)
[22:00:12 PM]	CNtlPLObject::LoadSwapFile (3331):  file open failed. (9158_sec.objt)
[22:00:12 PM]	CNtlInstanceEffect::LoadSwapFile (801):  file open failed. (9158_sec.eff)
[22:00:12 PM]	CNtlPLOccluder_Quad::LoadSwapFile (830):  file open failed. (9158_sec.ocq)
[22:00:12 PM]	CNtlPLHeatHazeObject::LoadSwapFile (724):  file open failed. (9158_sec.hho)
[22:00:12 PM]	CNtlWorldShadow::LoadSwapFile (141):  file open failed. (9159_sec.sdw)
[22:00:12 PM]	CNtlPLObject::LoadSwapFile (3331):  file open failed. (9159_sec.objt)
[22:00:12 PM]	CNtlInstanceEffect::LoadSwapFile (801):  file open failed. (9159_sec.eff)
[22:00:12 PM]	CNtlPLOccluder_Quad::LoadSwapFile (830):  file open failed. (9159_sec.ocq)
[22:00:12 PM]	CNtlPLHeatHazeObject::LoadSwapFile (724):  file open failed. (9159_sec.hho)
[22:00:12 PM]	CNtlWorldShadow::LoadSwapFile (141):  file open failed. (9032_sec.sdw)
[22:00:12 PM]	CNtlPLObject::LoadSwapFile (3331):  file open failed. (9032_sec.objt)
[22:00:12 PM]	CNtlInstanceEffect::LoadSwapFile (801):  file open failed. (9032_sec.eff)
[22:00:12 PM]	CNtlPLOccluder_Quad::LoadSwapFile (830):  file open failed. (9032_sec.ocq)
[22:00:12 PM]	CNtlPLHeatHazeObject::LoadSwapFile (724):  file open failed. (9032_sec.hho)
[22:00:12 PM]	CNtlWorldShadow::LoadSwapFile (141):  file open failed. (9033_sec.sdw)
[22:00:12 PM]	CNtlPLObject::LoadSwapFile (3331):  file open failed. (9033_sec.objt)
[22:00:12 PM]	CNtlInstanceEffect::LoadSwapFile (801):  file open failed. (9033_sec.eff)
[22:00:12 PM]	CNtlPLOccluder_Quad::LoadSwapFile (830):  file open failed. (9033_sec.ocq)
[22:00:12 PM]	CNtlPLHeatHazeObject::LoadSwapFile (724):  file open failed. (9033_sec.hho)
[22:00:12 PM]	CNtlWorldShadow::LoadSwapFile (141):  file open failed. (9160_sec.sdw)
[22:00:12 PM]	CNtlPLObject::LoadSwapFile (3331):  file open failed. (9160_sec.objt)
[22:00:12 PM]	CNtlInstanceEffect::LoadSwapFile (801):  file open failed. (9160_sec.eff)
[22:00:12 PM]	CNtlPLOccluder_Quad::LoadSwapFile (830):  file open failed. (9160_sec.ocq)
[22:00:12 PM]	CNtlPLHeatHazeObject::LoadSwapFile (724):  file open failed. (9160_sec.hho)
[22:00:12 PM]	CNtlWorldShadow::LoadSwapFile (141):  file open failed. (9161_sec.sdw)
[22:00:12 PM]	CNtlPLObject::LoadSwapFile (3331):  file open failed. (9161_sec.objt)
[22:00:12 PM]	CNtlInstanceEffect::LoadSwapFile (801):  file open failed. (9161_sec.eff)
[22:00:12 PM]	CNtlPLOccluder_Quad::LoadSwapFile (830):  file open failed. (9161_sec.ocq)
[22:00:12 PM]	CNtlPLHeatHazeObject::LoadSwapFile (724):  file open failed. (9161_sec.hho)
[22:00:16 PM]	CNtlWorldShadow::LoadSwapFile (141):  file open failed. (9278_sec.sdw)
[22:00:16 PM]	CNtlPLObject::LoadSwapFile (3331):  file open failed. (9278_sec.objt)
[22:00:16 PM]	CNtlInstanceEffect::LoadSwapFile (801):  file open failed. (9278_sec.eff)
[22:00:16 PM]	CNtlPLOccluder_Quad::LoadSwapFile (830):  file open failed. (9278_sec.ocq)
[22:00:16 PM]	CNtlPLHeatHazeObject::LoadSwapFile (724):  file open failed. (9278_sec.hho)
[22:00:16 PM]	CNtlWorldShadow::LoadSwapFile (141):  file open failed. (9279_sec.sdw)
[22:00:16 PM]	CNtlPLObject::LoadSwapFile (3331):  file open failed. (9279_sec.objt)
[22:00:16 PM]	CNtlInstanceEffect::LoadSwapFile (801):  file open failed. (9279_sec.eff)
[22:00:16 PM]	CNtlPLOccluder_Quad::LoadSwapFile (830):  file open failed. (9279_sec.ocq)
[22:00:16 PM]	CNtlPLHeatHazeObject::LoadSwapFile (724):  file open failed. (9279_sec.hho)
[22:00:16 PM]	CNtlWorldShadow::LoadSwapFile (141):  file open failed. (9406_sec.sdw)
[22:00:16 PM]	CNtlPLObject::LoadSwapFile (3331):  file open failed. (9406_sec.objt)
[22:00:16 PM]	CNtlInstanceEffect::LoadSwapFile (801):  file open failed. (9406_sec.eff)
[22:00:16 PM]	CNtlPLOccluder_Quad::LoadSwapFile (830):  file open failed. (9406_sec.ocq)
[22:00:16 PM]	CNtlPLHeatHazeObject::LoadSwapFile (724):  file open failed. (9406_sec.hho)
[22:00:16 PM]	CNtlWorldShadow::LoadSwapFile (141):  file open failed. (9407_sec.sdw)
[22:00:16 PM]	CNtlPLObject::LoadSwapFile (3331):  file open failed. (9407_sec.objt)
[22:00:16 PM]	CNtlInstanceEffect::LoadSwapFile (801):  file open failed. (9407_sec.eff)
[22:00:16 PM]	CNtlPLOccluder_Quad::LoadSwapFile (830):  file open failed. (9407_sec.ocq)
[22:00:16 PM]	CNtlPLHeatHazeObject::LoadSwapFile (724):  file open failed. (9407_sec.hho)
[22:00:16 PM]	CNtlWorldShadow::LoadSwapFile (141):  file open failed. (9280_sec.sdw)
[22:00:16 PM]	CNtlPLObject::LoadSwapFile (3331):  file open failed. (9280_sec.objt)
[22:00:16 PM]	CNtlInstanceEffect::LoadSwapFile (801):  file open failed. (9280_sec.eff)
[22:00:16 PM]	CNtlPLOccluder_Quad::LoadSwapFile (830):  file open failed. (9280_sec.ocq)
[22:00:16 PM]	CNtlPLHeatHazeObject::LoadSwapFile (724):  file open failed. (9280_sec.hho)
[22:00:16 PM]	CNtlWorldShadow::LoadSwapFile (141):  file open failed. (9281_sec.sdw)
[22:00:16 PM]	CNtlPLObject::LoadSwapFile (3331):  file open failed. (9281_sec.objt)
[22:00:16 PM]	CNtlInstanceEffect::LoadSwapFile (801):  file open failed. (9281_sec.eff)
[22:00:16 PM]	CNtlPLOccluder_Quad::LoadSwapFile (830):  file open failed. (9281_sec.ocq)
[22:00:16 PM]	CNtlPLHeatHazeObject::LoadSwapFile (724):  file open failed. (9281_sec.hho)
[22:00:16 PM]	CNtlWorldShadow::LoadSwapFile (141):  file open failed. (9408_sec.sdw)
[22:00:16 PM]	CNtlPLObject::LoadSwapFile (3331):  file open failed. (9408_sec.objt)
[22:00:16 PM]	CNtlInstanceEffect::LoadSwapFile (801):  file open failed. (9408_sec.eff)
[22:00:16 PM]	CNtlPLOccluder_Quad::LoadSwapFile (830):  file open failed. (9408_sec.ocq)
[22:00:16 PM]	CNtlPLHeatHazeObject::LoadSwapFile (724):  file open failed. (9408_sec.hho)
[22:00:16 PM]	CNtlWorldShadow::LoadSwapFile (141):  file open failed. (9409_sec.sdw)
[22:00:16 PM]	CNtlPLObject::LoadSwapFile (3331):  file open failed. (9409_sec.objt)
[22:00:16 PM]	CNtlInstanceEffect::LoadSwapFile (801):  file open failed. (9409_sec.eff)
[22:00:16 PM]	CNtlPLOccluder_Quad::LoadSwapFile (830):  file open failed. (9409_sec.ocq)
[22:00:16 PM]	CNtlPLHeatHazeObject::LoadSwapFile (724):  file open failed. (9409_sec.hho)
[22:00:17 PM]	CNtlWorldShadow::LoadSwapFile (141):  file open failed. (9282_sec.sdw)
[22:00:17 PM]	CNtlPLObject::LoadSwapFile (3331):  file open failed. (9282_sec.objt)
[22:00:17 PM]	CNtlInstanceEffect::LoadSwapFile (801):  file open failed. (9282_sec.eff)
[22:00:17 PM]	CNtlPLOccluder_Quad::LoadSwapFile (830):  file open failed. (9282_sec.ocq)
[22:00:17 PM]	CNtlPLHeatHazeObject::LoadSwapFile (724):  file open failed. (9282_sec.hho)
[22:00:17 PM]	CNtlWorldShadow::LoadSwapFile (141):  file open failed. (9283_sec.sdw)
[22:00:17 PM]	CNtlPLObject::LoadSwapFile (3331):  file open failed. (9283_sec.objt)
[22:00:17 PM]	CNtlInstanceEffect::LoadSwapFile (801):  file open failed. (9283_sec.eff)
[22:00:17 PM]	CNtlPLOccluder_Quad::LoadSwapFile (830):  file open failed. (9283_sec.ocq)
[22:00:17 PM]	CNtlPLHeatHazeObject::LoadSwapFile (724):  file open failed. (9283_sec.hho)
[22:00:17 PM]	CNtlWorldShadow::LoadSwapFile (141):  file open failed. (9410_sec.sdw)
[22:00:17 PM]	CNtlPLObject::LoadSwapFile (3331):  file open failed. (9410_sec.objt)
[22:00:17 PM]	CNtlInstanceEffect::LoadSwapFile (801):  file open failed. (9410_sec.eff)
[22:00:17 PM]	CNtlPLOccluder_Quad::LoadSwapFile (830):  file open failed. (9410_sec.ocq)
[22:00:17 PM]	CNtlPLHeatHazeObject::LoadSwapFile (724):  file open failed. (9410_sec.hho)
[22:00:17 PM]	CNtlWorldShadow::LoadSwapFile (141):  file open failed. (9411_sec.sdw)
[22:00:17 PM]	CNtlPLObject::LoadSwapFile (3331):  file open failed. (9411_sec.objt)
[22:00:17 PM]	CNtlInstanceEffect::LoadSwapFile (801):  file open failed. (9411_sec.eff)
[22:00:17 PM]	CNtlPLOccluder_Quad::LoadSwapFile (830):  file open failed. (9411_sec.ocq)
[22:00:17 PM]	CNtlPLHeatHazeObject::LoadSwapFile (724):  file open failed. (9411_sec.hho)
[22:00:17 PM]	CNtlWorldShadow::LoadSwapFile (141):  file open failed. (9284_sec.sdw)
[22:00:17 PM]	CNtlPLObject::LoadSwapFile (3331):  file open failed. (9284_sec.objt)
[22:00:17 PM]	CNtlInstanceEffect::LoadSwapFile (801):  file open failed. (9284_sec.eff)
[22:00:17 PM]	CNtlPLOccluder_Quad::LoadSwapFile (830):  file open failed. (9284_sec.ocq)
[22:00:17 PM]	CNtlPLHeatHazeObject::LoadSwapFile (724):  file open failed. (9284_sec.hho)
[22:00:17 PM]	CNtlWorldShadow::LoadSwapFile (141):  file open failed. (9285_sec.sdw)
[22:00:17 PM]	CNtlPLObject::LoadSwapFile (3331):  file open failed. (9285_sec.objt)
[22:00:17 PM]	CNtlInstanceEffect::LoadSwapFile (801):  file open failed. (9285_sec.eff)
[22:00:17 PM]	CNtlPLOccluder_Quad::LoadSwapFile (830):  file open failed. (9285_sec.ocq)
[22:00:17 PM]	CNtlPLHeatHazeObject::LoadSwapFile (724):  file open failed. (9285_sec.hho)
[22:00:17 PM]	CNtlWorldShadow::LoadSwapFile (141):  file open failed. (9412_sec.sdw)
[22:00:17 PM]	CNtlPLObject::LoadSwapFile (3331):  file open failed. (9412_sec.objt)
[22:00:17 PM]	CNtlInstanceEffect::LoadSwapFile (801):  file open failed. (9412_sec.eff)
[22:00:17 PM]	CNtlPLOccluder_Quad::LoadSwapFile (830):  file open failed. (9412_sec.ocq)
[22:00:17 PM]	CNtlPLHeatHazeObject::LoadSwapFile (724):  file open failed. (9412_sec.hho)
[22:00:17 PM]	CNtlWorldShadow::LoadSwapFile (141):  file open failed. (9413_sec.sdw)
[22:00:17 PM]	CNtlPLObject::LoadSwapFile (3331):  file open failed. (9413_sec.objt)
[22:00:17 PM]	CNtlInstanceEffect::LoadSwapFile (801):  file open failed. (9413_sec.eff)
[22:00:17 PM]	CNtlPLOccluder_Quad::LoadSwapFile (830):  file open failed. (9413_sec.ocq)
[22:00:17 PM]	CNtlPLHeatHazeObject::LoadSwapFile (724):  file open failed. (9413_sec.hho)
[22:00:17 PM]	CNtlWorldShadow::LoadSwapFile (141):  file open failed. (9286_sec.sdw)
[22:00:17 PM]	CNtlPLObject::LoadSwapFile (3331):  file open failed. (9286_sec.objt)
[22:00:17 PM]	CNtlInstanceEffect::LoadSwapFile (801):  file open failed. (9286_sec.eff)
[22:00:17 PM]	CNtlPLOccluder_Quad::LoadSwapFile (830):  file open failed. (9286_sec.ocq)
[22:00:17 PM]	CNtlPLHeatHazeObject::LoadSwapFile (724):  file open failed. (9286_sec.hho)
[22:00:17 PM]	CNtlWorldShadow::LoadSwapFile (141):  file open failed. (9287_sec.sdw)
[22:00:17 PM]	CNtlPLObject::LoadSwapFile (3331):  file open failed. (9287_sec.objt)
[22:00:17 PM]	CNtlInstanceEffect::LoadSwapFile (801):  file open failed. (9287_sec.eff)
[22:00:17 PM]	CNtlPLOccluder_Quad::LoadSwapFile (830):  file open failed. (9287_sec.ocq)
[22:00:17 PM]	CNtlPLHeatHazeObject::LoadSwapFile (724):  file open failed. (9287_sec.hho)
[22:00:17 PM]	CNtlWorldShadow::LoadSwapFile (141):  file open failed. (9414_sec.sdw)
[22:00:17 PM]	CNtlPLObject::LoadSwapFile (3331):  file open failed. (9414_sec.objt)
[22:00:17 PM]	CNtlInstanceEffect::LoadSwapFile (801):  file open failed. (9414_sec.eff)
[22:00:17 PM]	CNtlPLOccluder_Quad::LoadSwapFile (830):  file open failed. (9414_sec.ocq)
[22:00:17 PM]	CNtlPLHeatHazeObject::LoadSwapFile (724):  file open failed. (9414_sec.hho)
[22:00:17 PM]	CNtlWorldShadow::LoadSwapFile (141):  file open failed. (9415_sec.sdw)
[22:00:17 PM]	CNtlPLObject::LoadSwapFile (3331):  file open failed. (9415_sec.objt)
[22:00:17 PM]	CNtlInstanceEffect::LoadSwapFile (801):  file open failed. (9415_sec.eff)
[22:00:17 PM]	CNtlPLOccluder_Quad::LoadSwapFile (830):  file open failed. (9415_sec.ocq)
[22:00:17 PM]	CNtlPLHeatHazeObject::LoadSwapFile (724):  file open failed. (9415_sec.hho)
[22:00:17 PM]	CNtlWorldShadow::LoadSwapFile (141):  file open failed. (9288_sec.sdw)
[22:00:17 PM]	CNtlPLObject::LoadSwapFile (3331):  file open failed. (9288_sec.objt)
[22:00:17 PM]	CNtlInstanceEffect::LoadSwapFile (801):  file open failed. (9288_sec.eff)
[22:00:17 PM]	CNtlPLOccluder_Quad::LoadSwapFile (830):  file open failed. (9288_sec.ocq)
[22:00:17 PM]	CNtlPLHeatHazeObject::LoadSwapFile (724):  file open failed. (9288_sec.hho)
[22:00:17 PM]	CNtlWorldShadow::LoadSwapFile (141):  file open failed. (9289_sec.sdw)
[22:00:17 PM]	CNtlPLObject::LoadSwapFile (3331):  file open failed. (9289_sec.objt)
[22:00:17 PM]	CNtlInstanceEffect::LoadSwapFile (801):  file open failed. (9289_sec.eff)
[22:00:17 PM]	CNtlPLOccluder_Quad::LoadSwapFile (830):  file open failed. (9289_sec.ocq)
[22:00:17 PM]	CNtlPLHeatHazeObject::LoadSwapFile (724):  file open failed. (9289_sec.hho)
[22:00:17 PM]	CNtlWorldShadow::LoadSwapFile (141):  file open failed. (9416_sec.sdw)
[22:00:17 PM]	CNtlPLObject::LoadSwapFile (3331):  file open failed. (9416_sec.objt)
[22:00:17 PM]	CNtlInstanceEffect::LoadSwapFile (801):  file open failed. (9416_sec.eff)
[22:00:17 PM]	CNtlPLOccluder_Quad::LoadSwapFile (830):  file open failed. (9416_sec.ocq)
[22:00:17 PM]	CNtlPLHeatHazeObject::LoadSwapFile (724):  file open failed. (9416_sec.hho)
[22:00:17 PM]	CNtlWorldShadow::LoadSwapFile (141):  file open failed. (9417_sec.sdw)
[22:00:17 PM]	CNtlPLObject::LoadSwapFile (3331):  file open failed. (9417_sec.objt)
[22:00:17 PM]	CNtlInstanceEffect::LoadSwapFile (801):  file open failed. (9417_sec.eff)
[22:00:17 PM]	CNtlPLOccluder_Quad::LoadSwapFile (830):  file open failed. (9417_sec.ocq)
[22:00:17 PM]	CNtlPLHeatHazeObject::LoadSwapFile (724):  file open failed. (9417_sec.hho)
[22:00:18 PM]	CNtlWorldShadow::LoadSwapFile (141):  file open failed. (8010_sec.sdw)
[22:00:18 PM]	CNtlPLObject::LoadSwapFile (3331):  file open failed. (8010_sec.objt)
[22:00:18 PM]	CNtlInstanceEffect::LoadSwapFile (801):  file open failed. (8010_sec.eff)
[22:00:18 PM]	CNtlPLOccluder_Quad::LoadSwapFile (830):  file open failed. (8010_sec.ocq)
[22:00:18 PM]	CNtlPLHeatHazeObject::LoadSwapFile (724):  file open failed. (8010_sec.hho)
[22:00:18 PM]	CNtlWorldShadow::LoadSwapFile (141):  file open failed. (8011_sec.sdw)
[22:00:18 PM]	CNtlPLObject::LoadSwapFile (3331):  file open failed. (8011_sec.objt)
[22:00:18 PM]	CNtlInstanceEffect::LoadSwapFile (801):  file open failed. (8011_sec.eff)
[22:00:18 PM]	CNtlPLOccluder_Quad::LoadSwapFile (830):  file open failed. (8011_sec.ocq)
[22:00:18 PM]	CNtlPLHeatHazeObject::LoadSwapFile (724):  file open failed. (8011_sec.hho)
[22:00:19 PM]	CNtlWorldShadow::LoadSwapFile (141):  file open failed. (8138_sec.sdw)
[22:00:19 PM]	CNtlPLObject::LoadSwapFile (3331):  file open failed. (8138_sec.objt)
[22:00:19 PM]	CNtlInstanceEffect::LoadSwapFile (801):  file open failed. (8138_sec.eff)
[22:00:19 PM]	CNtlPLOccluder_Quad::LoadSwapFile (830):  file open failed. (8138_sec.ocq)
[22:00:19 PM]	CNtlPLHeatHazeObject::LoadSwapFile (724):  file open failed. (8138_sec.hho)
[22:00:19 PM]	CNtlWorldShadow::LoadSwapFile (141):  file open failed. (8139_sec.sdw)
[22:00:19 PM]	CNtlPLObject::LoadSwapFile (3331):  file open failed. (8139_sec.objt)
[22:00:19 PM]	CNtlInstanceEffect::LoadSwapFile (801):  file open failed. (8139_sec.eff)
[22:00:19 PM]	CNtlPLOccluder_Quad::LoadSwapFile (830):  file open failed. (8139_sec.ocq)
[22:00:19 PM]	CNtlPLHeatHazeObject::LoadSwapFile (724):  file open failed. (8139_sec.hho)
[22:00:19 PM]	CNtlWorldShadow::LoadSwapFile (141):  file open failed. (8266_sec.sdw)
[22:00:19 PM]	CNtlPLObject::LoadSwapFile (3331):  file open failed. (8266_sec.objt)
[22:00:19 PM]	CNtlInstanceEffect::LoadSwapFile (801):  file open failed. (8266_sec.eff)
[22:00:19 PM]	CNtlPLOccluder_Quad::LoadSwapFile (830):  file open failed. (8266_sec.ocq)
[22:00:19 PM]	CNtlPLHeatHazeObject::LoadSwapFile (724):  file open failed. (8266_sec.hho)
[22:00:19 PM]	CNtlWorldShadow::LoadSwapFile (141):  file open failed. (8267_sec.sdw)
[22:00:19 PM]	CNtlPLObject::LoadSwapFile (3331):  file open failed. (8267_sec.objt)
[22:00:19 PM]	CNtlInstanceEffect::LoadSwapFile (801):  file open failed. (8267_sec.eff)
[22:00:19 PM]	CNtlPLOccluder_Quad::LoadSwapFile (830):  file open failed. (8267_sec.ocq)
[22:00:19 PM]	CNtlPLHeatHazeObject::LoadSwapFile (724):  file open failed. (8267_sec.hho)
[22:00:19 PM]	CNtlWorldShadow::LoadSwapFile (141):  file open failed. (8394_sec.sdw)
[22:00:19 PM]	CNtlPLObject::LoadSwapFile (3331):  file open failed. (8394_sec.objt)
[22:00:19 PM]	CNtlInstanceEffect::LoadSwapFile (801):  file open failed. (8394_sec.eff)
[22:00:19 PM]	CNtlPLOccluder_Quad::LoadSwapFile (830):  file open failed. (8394_sec.ocq)
[22:00:19 PM]	CNtlPLHeatHazeObject::LoadSwapFile (724):  file open failed. (8394_sec.hho)
[22:00:19 PM]	CNtlWorldShadow::LoadSwapFile (141):  file open failed. (8395_sec.sdw)
[22:00:19 PM]	CNtlPLObject::LoadSwapFile (3331):  file open failed. (8395_sec.objt)
[22:00:19 PM]	CNtlInstanceEffect::LoadSwapFile (801):  file open failed. (8395_sec.eff)
[22:00:19 PM]	CNtlPLOccluder_Quad::LoadSwapFile (830):  file open failed. (8395_sec.ocq)
[22:00:19 PM]	CNtlPLHeatHazeObject::LoadSwapFile (724):  file open failed. (8395_sec.hho)
[22:00:19 PM]	CNtlWorldShadow::LoadSwapFile (141):  file open failed. (8522_sec.sdw)
[22:00:19 PM]	CNtlPLObject::LoadSwapFile (3331):  file open failed. (8522_sec.objt)
[22:00:19 PM]	CNtlInstanceEffect::LoadSwapFile (801):  file open failed. (8522_sec.eff)
[22:00:19 PM]	CNtlPLOccluder_Quad::LoadSwapFile (830):  file open failed. (8522_sec.ocq)
[22:00:19 PM]	CNtlPLHeatHazeObject::LoadSwapFile (724):  file open failed. (8522_sec.hho)
[22:00:19 PM]	CNtlWorldShadow::LoadSwapFile (141):  file open failed. (8523_sec.sdw)
[22:00:19 PM]	CNtlPLObject::LoadSwapFile (3331):  file open failed. (8523_sec.objt)
[22:00:19 PM]	CNtlInstanceEffect::LoadSwapFile (801):  file open failed. (8523_sec.eff)
[22:00:19 PM]	CNtlPLOccluder_Quad::LoadSwapFile (830):  file open failed. (8523_sec.ocq)
[22:00:19 PM]	CNtlPLHeatHazeObject::LoadSwapFile (724):  file open failed. (8523_sec.hho)
[22:00:19 PM]	CNtlWorldShadow::LoadSwapFile (141):  file open failed. (8650_sec.sdw)
[22:00:19 PM]	CNtlPLObject::LoadSwapFile (3331):  file open failed. (8650_sec.objt)
[22:00:19 PM]	CNtlInstanceEffect::LoadSwapFile (801):  file open failed. (8650_sec.eff)
[22:00:19 PM]	CNtlPLOccluder_Quad::LoadSwapFile (830):  file open failed. (8650_sec.ocq)
[22:00:19 PM]	CNtlPLHeatHazeObject::LoadSwapFile (724):  file open failed. (8650_sec.hho)
[22:00:19 PM]	CNtlWorldShadow::LoadSwapFile (141):  file open failed. (8651_sec.sdw)
[22:00:19 PM]	CNtlPLObject::LoadSwapFile (3331):  file open failed. (8651_sec.objt)
[22:00:19 PM]	CNtlInstanceEffect::LoadSwapFile (801):  file open failed. (8651_sec.eff)
[22:00:19 PM]	CNtlPLOccluder_Quad::LoadSwapFile (830):  file open failed. (8651_sec.ocq)
[22:00:19 PM]	CNtlPLHeatHazeObject::LoadSwapFile (724):  file open failed. (8651_sec.hho)
[22:00:19 PM]	CNtlWorldShadow::LoadSwapFile (141):  file open failed. (8778_sec.sdw)
[22:00:19 PM]	CNtlPLObject::LoadSwapFile (3331):  file open failed. (8778_sec.objt)
[22:00:19 PM]	CNtlInstanceEffect::LoadSwapFile (801):  file open failed. (8778_sec.eff)
[22:00:19 PM]	CNtlPLOccluder_Quad::LoadSwapFile (830):  file open failed. (8778_sec.ocq)
[22:00:19 PM]	CNtlPLHeatHazeObject::LoadSwapFile (724):  file open failed. (8778_sec.hho)
[22:00:19 PM]	CNtlWorldShadow::LoadSwapFile (141):  file open failed. (8779_sec.sdw)
[22:00:19 PM]	CNtlPLObject::LoadSwapFile (3331):  file open failed. (8779_sec.objt)
[22:00:19 PM]	CNtlInstanceEffect::LoadSwapFile (801):  file open failed. (8779_sec.eff)
[22:00:19 PM]	CNtlPLOccluder_Quad::LoadSwapFile (830):  file open failed. (8779_sec.ocq)
[22:00:19 PM]	CNtlPLHeatHazeObject::LoadSwapFile (724):  file open failed. (8779_sec.hho)
[22:00:19 PM]	CNtlWorldShadow::LoadSwapFile (141):  file open failed. (8906_sec.sdw)
[22:00:19 PM]	CNtlPLObject::LoadSwapFile (3331):  file open failed. (8906_sec.objt)
[22:00:19 PM]	CNtlInstanceEffect::LoadSwapFile (801):  file open failed. (8906_sec.eff)
[22:00:19 PM]	CNtlPLOccluder_Quad::LoadSwapFile (830):  file open failed. (8906_sec.ocq)
[22:00:19 PM]	CNtlPLHeatHazeObject::LoadSwapFile (724):  file open failed. (8906_sec.hho)
[22:00:19 PM]	CNtlWorldShadow::LoadSwapFile (141):  file open failed. (8907_sec.sdw)
[22:00:19 PM]	CNtlPLObject::LoadSwapFile (3331):  file open failed. (8907_sec.objt)
[22:00:19 PM]	CNtlInstanceEffect::LoadSwapFile (801):  file open failed. (8907_sec.eff)
[22:00:19 PM]	CNtlPLOccluder_Quad::LoadSwapFile (830):  file open failed. (8907_sec.ocq)
[22:00:19 PM]	CNtlPLHeatHazeObject::LoadSwapFile (724):  file open failed. (8907_sec.hho)
[22:00:19 PM]	CNtlWorldShadow::LoadSwapFile (141):  file open failed. (9034_sec.sdw)
[22:00:19 PM]	CNtlPLObject::LoadSwapFile (3331):  file open failed. (9034_sec.objt)
[22:00:19 PM]	CNtlInstanceEffect::LoadSwapFile (801):  file open failed. (9034_sec.eff)
[22:00:19 PM]	CNtlPLOccluder_Quad::LoadSwapFile (830):  file open failed. (9034_sec.ocq)
[22:00:19 PM]	CNtlPLHeatHazeObject::LoadSwapFile (724):  file open failed. (9034_sec.hho)
[22:00:19 PM]	CNtlWorldShadow::LoadSwapFile (141):  file open failed. (9035_sec.sdw)
[22:00:19 PM]	CNtlPLObject::LoadSwapFile (3331):  file open failed. (9035_sec.objt)
[22:00:19 PM]	CNtlInstanceEffect::LoadSwapFile (801):  file open failed. (9035_sec.eff)
[22:00:19 PM]	CNtlPLOccluder_Quad::LoadSwapFile (830):  file open failed. (9035_sec.ocq)
[22:00:19 PM]	CNtlPLHeatHazeObject::LoadSwapFile (724):  file open failed. (9035_sec.hho)
[22:00:19 PM]	CNtlWorldShadow::LoadSwapFile (141):  file open failed. (9162_sec.sdw)
[22:00:19 PM]	CNtlPLObject::LoadSwapFile (3331):  file open failed. (9162_sec.objt)
[22:00:19 PM]	CNtlInstanceEffect::LoadSwapFile (801):  file open failed. (9162_sec.eff)
[22:00:19 PM]	CNtlPLOccluder_Quad::LoadSwapFile (830):  file open failed. (9162_sec.ocq)
[22:00:19 PM]	CNtlPLHeatHazeObject::LoadSwapFile (724):  file open failed. (9162_sec.hho)
[22:00:19 PM]	CNtlWorldShadow::LoadSwapFile (141):  file open failed. (9163_sec.sdw)
[22:00:19 PM]	CNtlPLObject::LoadSwapFile (3331):  file open failed. (9163_sec.objt)
[22:00:19 PM]	CNtlInstanceEffect::LoadSwapFile (801):  file open failed. (9163_sec.eff)
[22:00:19 PM]	CNtlPLOccluder_Quad::LoadSwapFile (830):  file open failed. (9163_sec.ocq)
[22:00:19 PM]	CNtlPLHeatHazeObject::LoadSwapFile (724):  file open failed. (9163_sec.hho)
[22:00:19 PM]	CNtlWorldShadow::LoadSwapFile (141):  file open failed. (9290_sec.sdw)
[22:00:19 PM]	CNtlPLObject::LoadSwapFile (3331):  file open failed. (9290_sec.objt)
[22:00:19 PM]	CNtlInstanceEffect::LoadSwapFile (801):  file open failed. (9290_sec.eff)
[22:00:19 PM]	CNtlPLOccluder_Quad::LoadSwapFile (830):  file open failed. (9290_sec.ocq)
[22:00:20 PM]	CNtlPLHeatHazeObject::LoadSwapFile (724):  file open failed. (9290_sec.hho)
[22:00:20 PM]	CNtlWorldShadow::LoadSwapFile (141):  file open failed. (9291_sec.sdw)
[22:00:20 PM]	CNtlPLObject::LoadSwapFile (3331):  file open failed. (9291_sec.objt)
[22:00:20 PM]	CNtlInstanceEffect::LoadSwapFile (801):  file open failed. (9291_sec.eff)
[22:00:20 PM]	CNtlPLOccluder_Quad::LoadSwapFile (830):  file open failed. (9291_sec.ocq)
[22:00:20 PM]	CNtlPLHeatHazeObject::LoadSwapFile (724):  file open failed. (9291_sec.hho)
[22:00:20 PM]	CNtlWorldShadow::LoadSwapFile (141):  file open failed. (9418_sec.sdw)
[22:00:20 PM]	CNtlPLObject::LoadSwapFile (3331):  file open failed. (9418_sec.objt)
[22:00:20 PM]	CNtlInstanceEffect::LoadSwapFile (801):  file open failed. (9418_sec.eff)
[22:00:20 PM]	CNtlPLOccluder_Quad::LoadSwapFile (830):  file open failed. (9418_sec.ocq)
[22:00:20 PM]	CNtlPLHeatHazeObject::LoadSwapFile (724):  file open failed. (9418_sec.hho)
[22:00:20 PM]	CNtlWorldShadow::LoadSwapFile (141):  file open failed. (9419_sec.sdw)
[22:00:20 PM]	CNtlPLObject::LoadSwapFile (3331):  file open failed. (9419_sec.objt)
[22:00:20 PM]	CNtlInstanceEffect::LoadSwapFile (801):  file open failed. (9419_sec.eff)
[22:00:20 PM]	CNtlPLOccluder_Quad::LoadSwapFile (830):  file open failed. (9419_sec.ocq)
[22:00:20 PM]	CNtlPLHeatHazeObject::LoadSwapFile (724):  file open failed. (9419_sec.hho)
