[10:22:19 AM]	=============== Start Trace ===============

[10:22:19 AM]	 === < SABER > Trace Start === 
[10:22:40 AM]	CNtlPLPropertyContainer::AddProp (258):  prop defined.(A_HMY_F_AD)
[10:22:45 AM]	CNtlPLVisualManager::GetHeightFieldWorldHeight (1170):  GetWorldHeight : Failed : IN(0,0,0), OUT_HEIGHT(-999)
[10:22:48 AM]	CNtlWorldShadow::LoadSwapFile (141):  file open failed. (2_sec.sdw)
[10:22:48 AM]	CNtlPLObject::LoadSwapFile (3334):  file open failed. (2_sec.objt)
[10:22:48 AM]	CNtlInstanceEffect::LoadSwapFile (801):  file open failed. (2_sec.eff)
[10:22:48 AM]	CNtlPLOccluder_Quad::LoadSwapFile (830):  file open failed. (2_sec.ocq)
[10:22:48 AM]	CNtlPLHeatHazeObject::LoadSwapFile (724):  file open failed. (2_sec.hho)
[10:22:48 AM]	CNtlWorldShadow::LoadSwapFile (141):  file open failed. (3_sec.sdw)
[10:22:48 AM]	CNtlPLObject::LoadSwapFile (3334):  file open failed. (3_sec.objt)
[10:22:48 AM]	CNtlInstanceEffect::LoadSwapFile (801):  file open failed. (3_sec.eff)
[10:22:48 AM]	CNtlPLOccluder_Quad::LoadSwapFile (830):  file open failed. (3_sec.ocq)
[10:22:48 AM]	CNtlPLHeatHazeObject::LoadSwapFile (724):  file open failed. (3_sec.hho)
[10:22:48 AM]	CNtlWorldShadow::LoadSwapFile (141):  file open failed. (18_sec.sdw)
[10:22:48 AM]	CNtlPLObject::LoadSwapFile (3334):  file open failed. (18_sec.objt)
[10:22:48 AM]	CNtlInstanceEffect::LoadSwapFile (801):  file open failed. (18_sec.eff)
[10:22:48 AM]	CNtlPLOccluder_Quad::LoadSwapFile (830):  file open failed. (18_sec.ocq)
[10:22:48 AM]	CNtlPLHeatHazeObject::LoadSwapFile (724):  file open failed. (18_sec.hho)
[10:22:48 AM]	CNtlWorldShadow::LoadSwapFile (141):  file open failed. (19_sec.sdw)
[10:22:48 AM]	CNtlPLObject::LoadSwapFile (3334):  file open failed. (19_sec.objt)
[10:22:48 AM]	CNtlInstanceEffect::LoadSwapFile (801):  file open failed. (19_sec.eff)
[10:22:48 AM]	CNtlPLOccluder_Quad::LoadSwapFile (830):  file open failed. (19_sec.ocq)
[10:22:48 AM]	CNtlPLHeatHazeObject::LoadSwapFile (724):  file open failed. (19_sec.hho)
[10:22:48 AM]	CNtlWorldShadow::LoadSwapFile (141):  file open failed. (4_sec.sdw)
[10:22:48 AM]	CNtlPLObject::LoadSwapFile (3334):  file open failed. (4_sec.objt)
[10:22:48 AM]	CNtlInstanceEffect::LoadSwapFile (801):  file open failed. (4_sec.eff)
[10:22:48 AM]	CNtlPLOccluder_Quad::LoadSwapFile (830):  file open failed. (4_sec.ocq)
[10:22:48 AM]	CNtlPLHeatHazeObject::LoadSwapFile (724):  file open failed. (4_sec.hho)
[10:22:48 AM]	CNtlWorldShadow::LoadSwapFile (141):  file open failed. (5_sec.sdw)
[10:22:48 AM]	CNtlPLObject::LoadSwapFile (3334):  file open failed. (5_sec.objt)
[10:22:48 AM]	CNtlInstanceEffect::LoadSwapFile (801):  file open failed. (5_sec.eff)
[10:22:48 AM]	CNtlPLOccluder_Quad::LoadSwapFile (830):  file open failed. (5_sec.ocq)
[10:22:48 AM]	CNtlPLHeatHazeObject::LoadSwapFile (724):  file open failed. (5_sec.hho)
[10:22:48 AM]	CNtlWorldShadow::LoadSwapFile (141):  file open failed. (20_sec.sdw)
[10:22:48 AM]	CNtlPLObject::LoadSwapFile (3334):  file open failed. (20_sec.objt)
[10:22:48 AM]	CNtlInstanceEffect::LoadSwapFile (801):  file open failed. (20_sec.eff)
[10:22:49 AM]	CNtlPLOccluder_Quad::LoadSwapFile (830):  file open failed. (20_sec.ocq)
[10:22:49 AM]	CNtlPLHeatHazeObject::LoadSwapFile (724):  file open failed. (20_sec.hho)
[10:22:49 AM]	CNtlWorldShadow::LoadSwapFile (141):  file open failed. (21_sec.sdw)
[10:22:49 AM]	CNtlPLObject::LoadSwapFile (3334):  file open failed. (21_sec.objt)
[10:22:49 AM]	CNtlInstanceEffect::LoadSwapFile (801):  file open failed. (21_sec.eff)
[10:22:49 AM]	CNtlPLOccluder_Quad::LoadSwapFile (830):  file open failed. (21_sec.ocq)
[10:22:49 AM]	CNtlPLHeatHazeObject::LoadSwapFile (724):  file open failed. (21_sec.hho)
[10:22:49 AM]	CNtlWorldShadow::LoadSwapFile (141):  file open failed. (6_sec.sdw)
[10:22:49 AM]	CNtlPLObject::LoadSwapFile (3334):  file open failed. (6_sec.objt)
[10:22:49 AM]	CNtlInstanceEffect::LoadSwapFile (801):  file open failed. (6_sec.eff)
[10:22:49 AM]	CNtlPLOccluder_Quad::LoadSwapFile (830):  file open failed. (6_sec.ocq)
[10:22:49 AM]	CNtlPLHeatHazeObject::LoadSwapFile (724):  file open failed. (6_sec.hho)
[10:22:49 AM]	CNtlWorldShadow::LoadSwapFile (141):  file open failed. (7_sec.sdw)
[10:22:49 AM]	CNtlPLObject::LoadSwapFile (3334):  file open failed. (7_sec.objt)
[10:22:49 AM]	CNtlInstanceEffect::LoadSwapFile (801):  file open failed. (7_sec.eff)
[10:22:49 AM]	CNtlPLOccluder_Quad::LoadSwapFile (830):  file open failed. (7_sec.ocq)
[10:22:49 AM]	CNtlPLHeatHazeObject::LoadSwapFile (724):  file open failed. (7_sec.hho)
[10:22:49 AM]	CNtlWorldShadow::LoadSwapFile (141):  file open failed. (22_sec.sdw)
[10:22:49 AM]	CNtlPLObject::LoadSwapFile (3334):  file open failed. (22_sec.objt)
[10:22:49 AM]	CNtlInstanceEffect::LoadSwapFile (801):  file open failed. (22_sec.eff)
[10:22:49 AM]	CNtlPLOccluder_Quad::LoadSwapFile (830):  file open failed. (22_sec.ocq)
[10:22:49 AM]	CNtlPLHeatHazeObject::LoadSwapFile (724):  file open failed. (22_sec.hho)
[10:22:49 AM]	CNtlWorldShadow::LoadSwapFile (141):  file open failed. (23_sec.sdw)
[10:22:49 AM]	CNtlPLObject::LoadSwapFile (3334):  file open failed. (23_sec.objt)
[10:22:49 AM]	CNtlInstanceEffect::LoadSwapFile (801):  file open failed. (23_sec.eff)
[10:22:49 AM]	CNtlPLOccluder_Quad::LoadSwapFile (830):  file open failed. (23_sec.ocq)
[10:22:49 AM]	CNtlPLHeatHazeObject::LoadSwapFile (724):  file open failed. (23_sec.hho)
[10:22:49 AM]	CNtlWorldShadow::LoadSwapFile (141):  file open failed. (8_sec.sdw)
[10:22:49 AM]	CNtlPLObject::LoadSwapFile (3334):  file open failed. (8_sec.objt)
[10:22:49 AM]	CNtlInstanceEffect::LoadSwapFile (801):  file open failed. (8_sec.eff)
[10:22:49 AM]	CNtlPLOccluder_Quad::LoadSwapFile (830):  file open failed. (8_sec.ocq)
[10:22:49 AM]	CNtlPLHeatHazeObject::LoadSwapFile (724):  file open failed. (8_sec.hho)
[10:22:49 AM]	CNtlWorldShadow::LoadSwapFile (141):  file open failed. (9_sec.sdw)
[10:22:49 AM]	CNtlPLObject::LoadSwapFile (3334):  file open failed. (9_sec.objt)
[10:22:49 AM]	CNtlInstanceEffect::LoadSwapFile (801):  file open failed. (9_sec.eff)
[10:22:49 AM]	CNtlPLOccluder_Quad::LoadSwapFile (830):  file open failed. (9_sec.ocq)
[10:22:49 AM]	CNtlPLHeatHazeObject::LoadSwapFile (724):  file open failed. (9_sec.hho)
[10:22:49 AM]	CNtlWorldShadow::LoadSwapFile (141):  file open failed. (24_sec.sdw)
[10:22:49 AM]	CNtlPLObject::LoadSwapFile (3334):  file open failed. (24_sec.objt)
[10:22:49 AM]	CNtlInstanceEffect::LoadSwapFile (801):  file open failed. (24_sec.eff)
[10:22:49 AM]	CNtlPLOccluder_Quad::LoadSwapFile (830):  file open failed. (24_sec.ocq)
[10:22:49 AM]	CNtlPLHeatHazeObject::LoadSwapFile (724):  file open failed. (24_sec.hho)
[10:22:49 AM]	CNtlWorldShadow::LoadSwapFile (141):  file open failed. (25_sec.sdw)
[10:22:49 AM]	CNtlPLObject::LoadSwapFile (3334):  file open failed. (25_sec.objt)
[10:22:49 AM]	CNtlInstanceEffect::LoadSwapFile (801):  file open failed. (25_sec.eff)
[10:22:49 AM]	CNtlPLOccluder_Quad::LoadSwapFile (830):  file open failed. (25_sec.ocq)
[10:22:49 AM]	CNtlPLHeatHazeObject::LoadSwapFile (724):  file open failed. (25_sec.hho)
[10:22:49 AM]	CNtlWorldShadow::LoadSwapFile (141):  file open failed. (10_sec.sdw)
[10:22:49 AM]	CNtlPLObject::LoadSwapFile (3334):  file open failed. (10_sec.objt)
[10:22:49 AM]	CNtlInstanceEffect::LoadSwapFile (801):  file open failed. (10_sec.eff)
[10:22:49 AM]	CNtlPLOccluder_Quad::LoadSwapFile (830):  file open failed. (10_sec.ocq)
[10:22:49 AM]	CNtlPLHeatHazeObject::LoadSwapFile (724):  file open failed. (10_sec.hho)
[10:22:49 AM]	CNtlWorldShadow::LoadSwapFile (141):  file open failed. (11_sec.sdw)
[10:22:49 AM]	CNtlPLObject::LoadSwapFile (3334):  file open failed. (11_sec.objt)
[10:22:49 AM]	CNtlInstanceEffect::LoadSwapFile (801):  file open failed. (11_sec.eff)
[10:22:49 AM]	CNtlPLOccluder_Quad::LoadSwapFile (830):  file open failed. (11_sec.ocq)
[10:22:49 AM]	CNtlPLHeatHazeObject::LoadSwapFile (724):  file open failed. (11_sec.hho)
[10:22:49 AM]	CNtlWorldShadow::LoadSwapFile (141):  file open failed. (26_sec.sdw)
[10:22:49 AM]	CNtlPLObject::LoadSwapFile (3334):  file open failed. (26_sec.objt)
[10:22:49 AM]	CNtlInstanceEffect::LoadSwapFile (801):  file open failed. (26_sec.eff)
[10:22:49 AM]	CNtlPLOccluder_Quad::LoadSwapFile (830):  file open failed. (26_sec.ocq)
[10:22:49 AM]	CNtlPLHeatHazeObject::LoadSwapFile (724):  file open failed. (26_sec.hho)
[10:22:49 AM]	CNtlWorldShadow::LoadSwapFile (141):  file open failed. (27_sec.sdw)
[10:22:49 AM]	CNtlPLObject::LoadSwapFile (3334):  file open failed. (27_sec.objt)
[10:22:49 AM]	CNtlInstanceEffect::LoadSwapFile (801):  file open failed. (27_sec.eff)
[10:22:49 AM]	CNtlPLOccluder_Quad::LoadSwapFile (830):  file open failed. (27_sec.ocq)
[10:22:49 AM]	CNtlPLHeatHazeObject::LoadSwapFile (724):  file open failed. (27_sec.hho)
[10:22:49 AM]	CNtlWorldShadow::LoadSwapFile (141):  file open failed. (12_sec.sdw)
[10:22:49 AM]	CNtlPLObject::LoadSwapFile (3334):  file open failed. (12_sec.objt)
[10:22:49 AM]	CNtlInstanceEffect::LoadSwapFile (801):  file open failed. (12_sec.eff)
[10:22:49 AM]	CNtlPLOccluder_Quad::LoadSwapFile (830):  file open failed. (12_sec.ocq)
[10:22:49 AM]	CNtlPLHeatHazeObject::LoadSwapFile (724):  file open failed. (12_sec.hho)
[10:22:49 AM]	CNtlWorldShadow::LoadSwapFile (141):  file open failed. (13_sec.sdw)
[10:22:49 AM]	CNtlPLObject::LoadSwapFile (3334):  file open failed. (13_sec.objt)
[10:22:49 AM]	CNtlInstanceEffect::LoadSwapFile (801):  file open failed. (13_sec.eff)
[10:22:49 AM]	CNtlPLOccluder_Quad::LoadSwapFile (830):  file open failed. (13_sec.ocq)
[10:22:49 AM]	CNtlPLHeatHazeObject::LoadSwapFile (724):  file open failed. (13_sec.hho)
[10:22:49 AM]	CNtlWorldShadow::LoadSwapFile (141):  file open failed. (28_sec.sdw)
[10:22:49 AM]	CNtlPLObject::LoadSwapFile (3334):  file open failed. (28_sec.objt)
[10:22:49 AM]	CNtlInstanceEffect::LoadSwapFile (801):  file open failed. (28_sec.eff)
[10:22:49 AM]	CNtlPLOccluder_Quad::LoadSwapFile (830):  file open failed. (28_sec.ocq)
[10:22:49 AM]	CNtlPLHeatHazeObject::LoadSwapFile (724):  file open failed. (28_sec.hho)
[10:22:49 AM]	CNtlWorldShadow::LoadSwapFile (141):  file open failed. (29_sec.sdw)
[10:22:49 AM]	CNtlPLObject::LoadSwapFile (3334):  file open failed. (29_sec.objt)
[10:22:49 AM]	CNtlInstanceEffect::LoadSwapFile (801):  file open failed. (29_sec.eff)
[10:22:49 AM]	CNtlPLOccluder_Quad::LoadSwapFile (830):  file open failed. (29_sec.ocq)
[10:22:49 AM]	CNtlPLHeatHazeObject::LoadSwapFile (724):  file open failed. (29_sec.hho)
[10:22:49 AM]	CNtlWorldShadow::LoadSwapFile (141):  file open failed. (34_sec.sdw)
[10:22:49 AM]	CNtlPLObject::LoadSwapFile (3334):  file open failed. (34_sec.objt)
[10:22:49 AM]	CNtlInstanceEffect::LoadSwapFile (801):  file open failed. (34_sec.eff)
[10:22:49 AM]	CNtlPLOccluder_Quad::LoadSwapFile (830):  file open failed. (34_sec.ocq)
[10:22:49 AM]	CNtlPLHeatHazeObject::LoadSwapFile (724):  file open failed. (34_sec.hho)
[10:22:49 AM]	CNtlWorldShadow::LoadSwapFile (141):  file open failed. (35_sec.sdw)
[10:22:49 AM]	CNtlPLObject::LoadSwapFile (3334):  file open failed. (35_sec.objt)
[10:22:49 AM]	CNtlInstanceEffect::LoadSwapFile (801):  file open failed. (35_sec.eff)
[10:22:49 AM]	CNtlPLOccluder_Quad::LoadSwapFile (830):  file open failed. (35_sec.ocq)
[10:22:49 AM]	CNtlPLHeatHazeObject::LoadSwapFile (724):  file open failed. (35_sec.hho)
[10:22:49 AM]	CNtlWorldShadow::LoadSwapFile (141):  file open failed. (50_sec.sdw)
[10:22:49 AM]	CNtlPLObject::LoadSwapFile (3334):  file open failed. (50_sec.objt)
[10:22:49 AM]	CNtlInstanceEffect::LoadSwapFile (801):  file open failed. (50_sec.eff)
[10:22:49 AM]	CNtlPLOccluder_Quad::LoadSwapFile (830):  file open failed. (50_sec.ocq)
[10:22:49 AM]	CNtlPLHeatHazeObject::LoadSwapFile (724):  file open failed. (50_sec.hho)
[10:22:49 AM]	CNtlWorldShadow::LoadSwapFile (141):  file open failed. (51_sec.sdw)
[10:22:49 AM]	CNtlPLObject::LoadSwapFile (3334):  file open failed. (51_sec.objt)
[10:22:49 AM]	CNtlInstanceEffect::LoadSwapFile (801):  file open failed. (51_sec.eff)
[10:22:49 AM]	CNtlPLOccluder_Quad::LoadSwapFile (830):  file open failed. (51_sec.ocq)
[10:22:49 AM]	CNtlPLHeatHazeObject::LoadSwapFile (724):  file open failed. (51_sec.hho)
[10:22:49 AM]	CNtlWorldShadow::LoadSwapFile (141):  file open failed. (36_sec.sdw)
[10:22:49 AM]	CNtlPLObject::LoadSwapFile (3334):  file open failed. (36_sec.objt)
[10:22:49 AM]	CNtlInstanceEffect::LoadSwapFile (801):  file open failed. (36_sec.eff)
[10:22:49 AM]	CNtlPLOccluder_Quad::LoadSwapFile (830):  file open failed. (36_sec.ocq)
[10:22:49 AM]	CNtlPLHeatHazeObject::LoadSwapFile (724):  file open failed. (36_sec.hho)
[10:22:49 AM]	CNtlWorldShadow::LoadSwapFile (141):  file open failed. (37_sec.sdw)
[10:22:49 AM]	CNtlPLObject::LoadSwapFile (3334):  file open failed. (37_sec.objt)
[10:22:49 AM]	CNtlInstanceEffect::LoadSwapFile (801):  file open failed. (37_sec.eff)
[10:22:49 AM]	CNtlPLOccluder_Quad::LoadSwapFile (830):  file open failed. (37_sec.ocq)
[10:22:49 AM]	CNtlPLHeatHazeObject::LoadSwapFile (724):  file open failed. (37_sec.hho)
[10:22:49 AM]	CNtlWorldShadow::LoadSwapFile (141):  file open failed. (52_sec.sdw)
[10:22:49 AM]	CNtlPLObject::LoadSwapFile (3334):  file open failed. (52_sec.objt)
[10:22:49 AM]	CNtlInstanceEffect::LoadSwapFile (801):  file open failed. (52_sec.eff)
[10:22:49 AM]	CNtlPLOccluder_Quad::LoadSwapFile (830):  file open failed. (52_sec.ocq)
[10:22:49 AM]	CNtlPLHeatHazeObject::LoadSwapFile (724):  file open failed. (52_sec.hho)
[10:22:49 AM]	CNtlWorldShadow::LoadSwapFile (141):  file open failed. (53_sec.sdw)
[10:22:49 AM]	CNtlPLObject::LoadSwapFile (3334):  file open failed. (53_sec.objt)
[10:22:49 AM]	CNtlInstanceEffect::LoadSwapFile (801):  file open failed. (53_sec.eff)
[10:22:49 AM]	CNtlPLOccluder_Quad::LoadSwapFile (830):  file open failed. (53_sec.ocq)
[10:22:49 AM]	CNtlPLHeatHazeObject::LoadSwapFile (724):  file open failed. (53_sec.hho)
[10:22:49 AM]	CNtlWorldShadow::LoadSwapFile (141):  file open failed. (38_sec.sdw)
[10:22:49 AM]	CNtlPLObject::LoadSwapFile (3334):  file open failed. (38_sec.objt)
[10:22:49 AM]	CNtlInstanceEffect::LoadSwapFile (801):  file open failed. (38_sec.eff)
[10:22:49 AM]	CNtlPLOccluder_Quad::LoadSwapFile (830):  file open failed. (38_sec.ocq)
[10:22:49 AM]	CNtlPLHeatHazeObject::LoadSwapFile (724):  file open failed. (38_sec.hho)
[10:22:49 AM]	CNtlWorldShadow::LoadSwapFile (141):  file open failed. (39_sec.sdw)
[10:22:49 AM]	CNtlPLObject::LoadSwapFile (3334):  file open failed. (39_sec.objt)
[10:22:49 AM]	CNtlInstanceEffect::LoadSwapFile (801):  file open failed. (39_sec.eff)
[10:22:49 AM]	CNtlPLOccluder_Quad::LoadSwapFile (830):  file open failed. (39_sec.ocq)
[10:22:49 AM]	CNtlPLHeatHazeObject::LoadSwapFile (724):  file open failed. (39_sec.hho)
[10:22:49 AM]	CNtlWorldShadow::LoadSwapFile (141):  file open failed. (54_sec.sdw)
[10:22:49 AM]	CNtlPLObject::LoadSwapFile (3334):  file open failed. (54_sec.objt)
[10:22:49 AM]	CNtlInstanceEffect::LoadSwapFile (801):  file open failed. (54_sec.eff)
[10:22:49 AM]	CNtlPLOccluder_Quad::LoadSwapFile (830):  file open failed. (54_sec.ocq)
[10:22:49 AM]	CNtlPLHeatHazeObject::LoadSwapFile (724):  file open failed. (54_sec.hho)
[10:22:49 AM]	CNtlWorldShadow::LoadSwapFile (141):  file open failed. (55_sec.sdw)
[10:35:10 AM]	CNtlPLObject::LoadSwapFile (3334):  file open failed. (55_sec.objt)
[10:35:10 AM]	CNtlInstanceEffect::LoadSwapFile (801):  file open failed. (55_sec.eff)
[10:35:10 AM]	CNtlPLOccluder_Quad::LoadSwapFile (830):  file open failed. (55_sec.ocq)
[10:35:10 AM]	CNtlPLHeatHazeObject::LoadSwapFile (724):  file open failed. (55_sec.hho)
[10:35:10 AM]	CNtlWorldShadow::LoadSwapFile (141):  file open failed. (40_sec.sdw)
[10:35:10 AM]	CNtlPLObject::LoadSwapFile (3334):  file open failed. (40_sec.objt)
[10:35:10 AM]	CNtlInstanceEffect::LoadSwapFile (801):  file open failed. (40_sec.eff)
[10:35:10 AM]	CNtlPLOccluder_Quad::LoadSwapFile (830):  file open failed. (40_sec.ocq)
[10:35:10 AM]	CNtlPLHeatHazeObject::LoadSwapFile (724):  file open failed. (40_sec.hho)
[10:35:10 AM]	CNtlWorldShadow::LoadSwapFile (141):  file open failed. (41_sec.sdw)
[10:35:10 AM]	CNtlPLObject::LoadSwapFile (3334):  file open failed. (41_sec.objt)
[10:35:10 AM]	CNtlInstanceEffect::LoadSwapFile (801):  file open failed. (41_sec.eff)
[10:35:10 AM]	CNtlPLOccluder_Quad::LoadSwapFile (830):  file open failed. (41_sec.ocq)
[10:35:10 AM]	CNtlPLHeatHazeObject::LoadSwapFile (724):  file open failed. (41_sec.hho)
[10:35:10 AM]	CNtlWorldShadow::LoadSwapFile (141):  file open failed. (56_sec.sdw)
[10:35:11 AM]	CNtlPLObject::LoadSwapFile (3334):  file open failed. (56_sec.objt)
[10:35:11 AM]	CNtlInstanceEffect::LoadSwapFile (801):  file open failed. (56_sec.eff)
[10:35:11 AM]	CNtlPLOccluder_Quad::LoadSwapFile (830):  file open failed. (56_sec.ocq)
[10:35:11 AM]	CNtlPLHeatHazeObject::LoadSwapFile (724):  file open failed. (56_sec.hho)
[10:35:11 AM]	CNtlWorldShadow::LoadSwapFile (141):  file open failed. (57_sec.sdw)
[10:35:27 AM]	CNtlPLObject::LoadSwapFile (3334):  file open failed. (57_sec.objt)
[10:35:27 AM]	CNtlInstanceEffect::LoadSwapFile (801):  file open failed. (57_sec.eff)
[10:35:27 AM]	CNtlPLOccluder_Quad::LoadSwapFile (830):  file open failed. (57_sec.ocq)
[10:35:27 AM]	CNtlPLHeatHazeObject::LoadSwapFile (724):  file open failed. (57_sec.hho)
[10:35:27 AM]	CNtlWorldShadow::LoadSwapFile (141):  file open failed. (42_sec.sdw)
[10:35:27 AM]	CNtlPLObject::LoadSwapFile (3334):  file open failed. (42_sec.objt)
[10:35:27 AM]	CNtlInstanceEffect::LoadSwapFile (801):  file open failed. (42_sec.eff)
[10:35:27 AM]	CNtlPLOccluder_Quad::LoadSwapFile (830):  file open failed. (42_sec.ocq)
[10:35:27 AM]	CNtlPLHeatHazeObject::LoadSwapFile (724):  file open failed. (42_sec.hho)
[10:35:27 AM]	CNtlWorldShadow::LoadSwapFile (141):  file open failed. (43_sec.sdw)
[10:35:27 AM]	CNtlPLObject::LoadSwapFile (3334):  file open failed. (43_sec.objt)
[10:35:27 AM]	CNtlInstanceEffect::LoadSwapFile (801):  file open failed. (43_sec.eff)
[10:35:27 AM]	CNtlPLOccluder_Quad::LoadSwapFile (830):  file open failed. (43_sec.ocq)
[10:35:27 AM]	CNtlPLHeatHazeObject::LoadSwapFile (724):  file open failed. (43_sec.hho)
[10:35:27 AM]	CNtlWorldShadow::LoadSwapFile (141):  file open failed. (58_sec.sdw)
