[18:34:47 PM]	=============== Start Trace ===============

[18:34:47 PM]	 === < SABER > Trace Start === 
[18:36:38 PM]	CNtlPLPropertyContainer::AddProp (258):  prop defined.(A_HMY_F_AD)
[18:36:43 PM]	CNtlPLVisualManager::GetHeightFieldWorldHeight (1170):  GetWorldHeight : Failed : IN(0,0,0), OUT_HEIGHT(-999)
[18:36:46 PM]	CNtlWorldShadow::LoadSwapFile (141):  file open failed. (66_sec.sdw)
[18:36:46 PM]	CNtlPLObject::LoadSwapFile (3334):  file open failed. (66_sec.objt)
[18:36:46 PM]	CNtlInstanceEffect::LoadSwapFile (801):  file open failed. (66_sec.eff)
[18:36:46 PM]	CNtlPLOccluder_Quad::LoadSwapFile (830):  file open failed. (66_sec.ocq)
[18:36:46 PM]	CNtlPLHeatHazeObject::LoadSwapFile (724):  file open failed. (66_sec.hho)
[18:36:46 PM]	CNtlWorldShadow::LoadSwapFile (141):  file open failed. (67_sec.sdw)
[18:36:46 PM]	CNtlPLObject::LoadSwapFile (3334):  file open failed. (67_sec.objt)
[18:36:46 PM]	CNtlInstanceEffect::LoadSwapFile (801):  file open failed. (67_sec.eff)
[18:36:46 PM]	CNtlPLOccluder_Quad::LoadSwapFile (830):  file open failed. (67_sec.ocq)
[18:36:46 PM]	CNtlPLHeatHazeObject::LoadSwapFile (724):  file open failed. (67_sec.hho)
[18:36:46 PM]	CNtlWorldShadow::LoadSwapFile (141):  file open failed. (82_sec.sdw)
[18:36:46 PM]	CNtlPLObject::LoadSwapFile (3334):  file open failed. (82_sec.objt)
[18:36:46 PM]	CNtlInstanceEffect::LoadSwapFile (801):  file open failed. (82_sec.eff)
[18:36:46 PM]	CNtlPLOccluder_Quad::LoadSwapFile (830):  file open failed. (82_sec.ocq)
[18:36:46 PM]	CNtlPLHeatHazeObject::LoadSwapFile (724):  file open failed. (82_sec.hho)
[18:36:46 PM]	CNtlWorldShadow::LoadSwapFile (141):  file open failed. (83_sec.sdw)
[18:36:46 PM]	CNtlPLObject::LoadSwapFile (3334):  file open failed. (83_sec.objt)
[18:36:46 PM]	CNtlInstanceEffect::LoadSwapFile (801):  file open failed. (83_sec.eff)
[18:36:46 PM]	CNtlPLOccluder_Quad::LoadSwapFile (830):  file open failed. (83_sec.ocq)
[18:36:46 PM]	CNtlPLHeatHazeObject::LoadSwapFile (724):  file open failed. (83_sec.hho)
[18:36:46 PM]	CNtlWorldShadow::LoadSwapFile (141):  file open failed. (68_sec.sdw)
[18:36:46 PM]	CNtlPLObject::LoadSwapFile (3334):  file open failed. (68_sec.objt)
[18:36:46 PM]	CNtlInstanceEffect::LoadSwapFile (801):  file open failed. (68_sec.eff)
[18:36:46 PM]	CNtlPLOccluder_Quad::LoadSwapFile (830):  file open failed. (68_sec.ocq)
[18:36:46 PM]	CNtlPLHeatHazeObject::LoadSwapFile (724):  file open failed. (68_sec.hho)
[18:36:46 PM]	CNtlWorldShadow::LoadSwapFile (141):  file open failed. (69_sec.sdw)
[18:36:46 PM]	CNtlPLObject::LoadSwapFile (3334):  file open failed. (69_sec.objt)
[18:36:46 PM]	CNtlInstanceEffect::LoadSwapFile (801):  file open failed. (69_sec.eff)
[18:36:46 PM]	CNtlPLOccluder_Quad::LoadSwapFile (830):  file open failed. (69_sec.ocq)
[18:36:46 PM]	CNtlPLHeatHazeObject::LoadSwapFile (724):  file open failed. (69_sec.hho)
[18:36:46 PM]	CNtlWorldShadow::LoadSwapFile (141):  file open failed. (84_sec.sdw)
[18:36:46 PM]	CNtlPLObject::LoadSwapFile (3334):  file open failed. (84_sec.objt)
[18:36:46 PM]	CNtlInstanceEffect::LoadSwapFile (801):  file open failed. (84_sec.eff)
[18:36:46 PM]	CNtlPLOccluder_Quad::LoadSwapFile (830):  file open failed. (84_sec.ocq)
[18:36:46 PM]	CNtlPLHeatHazeObject::LoadSwapFile (724):  file open failed. (84_sec.hho)
[18:36:46 PM]	CNtlWorldShadow::LoadSwapFile (141):  file open failed. (85_sec.sdw)
[18:36:46 PM]	CNtlPLObject::LoadSwapFile (3334):  file open failed. (85_sec.objt)
[18:36:46 PM]	CNtlInstanceEffect::LoadSwapFile (801):  file open failed. (85_sec.eff)
[18:36:46 PM]	CNtlPLOccluder_Quad::LoadSwapFile (830):  file open failed. (85_sec.ocq)
[18:36:46 PM]	CNtlPLHeatHazeObject::LoadSwapFile (724):  file open failed. (85_sec.hho)
[18:36:46 PM]	CNtlWorldShadow::LoadSwapFile (141):  file open failed. (70_sec.sdw)
[18:36:46 PM]	CNtlPLObject::LoadSwapFile (3334):  file open failed. (70_sec.objt)
[18:36:46 PM]	CNtlInstanceEffect::LoadSwapFile (801):  file open failed. (70_sec.eff)
[18:36:46 PM]	CNtlPLOccluder_Quad::LoadSwapFile (830):  file open failed. (70_sec.ocq)
[18:36:46 PM]	CNtlPLHeatHazeObject::LoadSwapFile (724):  file open failed. (70_sec.hho)
[18:36:46 PM]	CNtlWorldShadow::LoadSwapFile (141):  file open failed. (71_sec.sdw)
[18:36:46 PM]	CNtlPLObject::LoadSwapFile (3334):  file open failed. (71_sec.objt)
[18:36:46 PM]	CNtlInstanceEffect::LoadSwapFile (801):  file open failed. (71_sec.eff)
[18:36:46 PM]	CNtlPLOccluder_Quad::LoadSwapFile (830):  file open failed. (71_sec.ocq)
[18:36:46 PM]	CNtlPLHeatHazeObject::LoadSwapFile (724):  file open failed. (71_sec.hho)
[18:36:46 PM]	CNtlWorldShadow::LoadSwapFile (141):  file open failed. (86_sec.sdw)
[18:36:46 PM]	CNtlPLObject::LoadSwapFile (3334):  file open failed. (86_sec.objt)
[18:36:46 PM]	CNtlInstanceEffect::LoadSwapFile (801):  file open failed. (86_sec.eff)
[18:36:46 PM]	CNtlPLOccluder_Quad::LoadSwapFile (830):  file open failed. (86_sec.ocq)
[18:36:46 PM]	CNtlPLHeatHazeObject::LoadSwapFile (724):  file open failed. (86_sec.hho)
[18:36:46 PM]	CNtlWorldShadow::LoadSwapFile (141):  file open failed. (87_sec.sdw)
[18:36:46 PM]	CNtlPLObject::LoadSwapFile (3334):  file open failed. (87_sec.objt)
[18:36:46 PM]	CNtlInstanceEffect::LoadSwapFile (801):  file open failed. (87_sec.eff)
[18:36:46 PM]	CNtlPLOccluder_Quad::LoadSwapFile (830):  file open failed. (87_sec.ocq)
[18:36:46 PM]	CNtlPLHeatHazeObject::LoadSwapFile (724):  file open failed. (87_sec.hho)
[18:36:46 PM]	CNtlWorldShadow::LoadSwapFile (141):  file open failed. (72_sec.sdw)
[18:36:46 PM]	CNtlPLObject::LoadSwapFile (3334):  file open failed. (72_sec.objt)
[18:36:46 PM]	CNtlInstanceEffect::LoadSwapFile (801):  file open failed. (72_sec.eff)
[18:36:46 PM]	CNtlPLOccluder_Quad::LoadSwapFile (830):  file open failed. (72_sec.ocq)
[18:36:46 PM]	CNtlPLHeatHazeObject::LoadSwapFile (724):  file open failed. (72_sec.hho)
[18:36:46 PM]	CNtlWorldShadow::LoadSwapFile (141):  file open failed. (73_sec.sdw)
[18:36:46 PM]	CNtlPLObject::LoadSwapFile (3334):  file open failed. (73_sec.objt)
[18:36:46 PM]	CNtlInstanceEffect::LoadSwapFile (801):  file open failed. (73_sec.eff)
[18:36:46 PM]	CNtlPLOccluder_Quad::LoadSwapFile (830):  file open failed. (73_sec.ocq)
[18:36:46 PM]	CNtlPLHeatHazeObject::LoadSwapFile (724):  file open failed. (73_sec.hho)
[18:36:46 PM]	CNtlWorldShadow::LoadSwapFile (141):  file open failed. (88_sec.sdw)
[18:36:46 PM]	CNtlPLObject::LoadSwapFile (3334):  file open failed. (88_sec.objt)
[18:36:46 PM]	CNtlInstanceEffect::LoadSwapFile (801):  file open failed. (88_sec.eff)
[18:36:46 PM]	CNtlPLOccluder_Quad::LoadSwapFile (830):  file open failed. (88_sec.ocq)
[18:36:46 PM]	CNtlPLHeatHazeObject::LoadSwapFile (724):  file open failed. (88_sec.hho)
[18:36:46 PM]	CNtlWorldShadow::LoadSwapFile (141):  file open failed. (89_sec.sdw)
[18:36:46 PM]	CNtlPLObject::LoadSwapFile (3334):  file open failed. (89_sec.objt)
[18:36:46 PM]	CNtlInstanceEffect::LoadSwapFile (801):  file open failed. (89_sec.eff)
[18:36:46 PM]	CNtlPLOccluder_Quad::LoadSwapFile (830):  file open failed. (89_sec.ocq)
[18:36:46 PM]	CNtlPLHeatHazeObject::LoadSwapFile (724):  file open failed. (89_sec.hho)
[18:36:46 PM]	CNtlWorldShadow::LoadSwapFile (141):  file open failed. (74_sec.sdw)
[18:36:46 PM]	CNtlPLObject::LoadSwapFile (3334):  file open failed. (74_sec.objt)
[18:36:47 PM]	CNtlInstanceEffect::LoadSwapFile (801):  file open failed. (74_sec.eff)
[18:36:47 PM]	CNtlPLOccluder_Quad::LoadSwapFile (830):  file open failed. (74_sec.ocq)
[18:36:47 PM]	CNtlPLHeatHazeObject::LoadSwapFile (724):  file open failed. (74_sec.hho)
[18:36:47 PM]	CNtlWorldShadow::LoadSwapFile (141):  file open failed. (75_sec.sdw)
[18:36:47 PM]	CNtlPLObject::LoadSwapFile (3334):  file open failed. (75_sec.objt)
[18:36:47 PM]	CNtlInstanceEffect::LoadSwapFile (801):  file open failed. (75_sec.eff)
[18:36:47 PM]	CNtlPLOccluder_Quad::LoadSwapFile (830):  file open failed. (75_sec.ocq)
[18:36:47 PM]	CNtlPLHeatHazeObject::LoadSwapFile (724):  file open failed. (75_sec.hho)
[18:36:47 PM]	CNtlWorldShadow::LoadSwapFile (141):  file open failed. (90_sec.sdw)
[18:36:47 PM]	CNtlPLObject::LoadSwapFile (3334):  file open failed. (90_sec.objt)
[18:36:47 PM]	CNtlInstanceEffect::LoadSwapFile (801):  file open failed. (90_sec.eff)
[18:36:47 PM]	CNtlPLOccluder_Quad::LoadSwapFile (830):  file open failed. (90_sec.ocq)
[18:36:47 PM]	CNtlPLHeatHazeObject::LoadSwapFile (724):  file open failed. (90_sec.hho)
[18:36:47 PM]	CNtlWorldShadow::LoadSwapFile (141):  file open failed. (91_sec.sdw)
[18:36:47 PM]	CNtlPLObject::LoadSwapFile (3334):  file open failed. (91_sec.objt)
[18:36:47 PM]	CNtlInstanceEffect::LoadSwapFile (801):  file open failed. (91_sec.eff)
[18:36:47 PM]	CNtlPLOccluder_Quad::LoadSwapFile (830):  file open failed. (91_sec.ocq)
[18:36:47 PM]	CNtlPLHeatHazeObject::LoadSwapFile (724):  file open failed. (91_sec.hho)
[18:36:47 PM]	CNtlWorldShadow::LoadSwapFile (141):  file open failed. (76_sec.sdw)
[18:36:47 PM]	CNtlPLObject::LoadSwapFile (3334):  file open failed. (76_sec.objt)
[18:36:47 PM]	CNtlInstanceEffect::LoadSwapFile (801):  file open failed. (76_sec.eff)
[18:36:47 PM]	CNtlPLOccluder_Quad::LoadSwapFile (830):  file open failed. (76_sec.ocq)
[18:36:47 PM]	CNtlPLHeatHazeObject::LoadSwapFile (724):  file open failed. (76_sec.hho)
[18:36:47 PM]	CNtlWorldShadow::LoadSwapFile (141):  file open failed. (77_sec.sdw)
[18:36:47 PM]	CNtlPLObject::LoadSwapFile (3334):  file open failed. (77_sec.objt)
[18:36:47 PM]	CNtlInstanceEffect::LoadSwapFile (801):  file open failed. (77_sec.eff)
[18:36:47 PM]	CNtlPLOccluder_Quad::LoadSwapFile (830):  file open failed. (77_sec.ocq)
[18:36:47 PM]	CNtlPLHeatHazeObject::LoadSwapFile (724):  file open failed. (77_sec.hho)
[18:36:47 PM]	CNtlWorldShadow::LoadSwapFile (141):  file open failed. (92_sec.sdw)
[18:36:47 PM]	CNtlPLObject::LoadSwapFile (3334):  file open failed. (92_sec.objt)
[18:36:47 PM]	CNtlInstanceEffect::LoadSwapFile (801):  file open failed. (92_sec.eff)
[18:36:47 PM]	CNtlPLOccluder_Quad::LoadSwapFile (830):  file open failed. (92_sec.ocq)
[18:36:47 PM]	CNtlPLHeatHazeObject::LoadSwapFile (724):  file open failed. (92_sec.hho)
[18:36:47 PM]	CNtlWorldShadow::LoadSwapFile (141):  file open failed. (93_sec.sdw)
[18:36:47 PM]	CNtlPLObject::LoadSwapFile (3334):  file open failed. (93_sec.objt)
[18:36:47 PM]	CNtlInstanceEffect::LoadSwapFile (801):  file open failed. (93_sec.eff)
[18:36:47 PM]	CNtlPLOccluder_Quad::LoadSwapFile (830):  file open failed. (93_sec.ocq)
[18:36:47 PM]	CNtlPLHeatHazeObject::LoadSwapFile (724):  file open failed. (93_sec.hho)
[18:36:47 PM]	CNtlWorldShadow::LoadSwapFile (141):  file open failed. (98_sec.sdw)
[18:36:47 PM]	CNtlPLObject::LoadSwapFile (3334):  file open failed. (98_sec.objt)
[18:36:47 PM]	CNtlInstanceEffect::LoadSwapFile (801):  file open failed. (98_sec.eff)
[18:36:47 PM]	CNtlPLOccluder_Quad::LoadSwapFile (830):  file open failed. (98_sec.ocq)
[18:36:47 PM]	CNtlPLHeatHazeObject::LoadSwapFile (724):  file open failed. (98_sec.hho)
[18:36:47 PM]	CNtlWorldShadow::LoadSwapFile (141):  file open failed. (99_sec.sdw)
[18:36:47 PM]	CNtlPLObject::LoadSwapFile (3334):  file open failed. (99_sec.objt)
[18:36:47 PM]	CNtlInstanceEffect::LoadSwapFile (801):  file open failed. (99_sec.eff)
[18:36:47 PM]	CNtlPLOccluder_Quad::LoadSwapFile (830):  file open failed. (99_sec.ocq)
[18:36:47 PM]	CNtlPLHeatHazeObject::LoadSwapFile (724):  file open failed. (99_sec.hho)
[18:36:47 PM]	CNtlWorldShadow::LoadSwapFile (141):  file open failed. (114_sec.sdw)
[18:36:47 PM]	CNtlPLObject::LoadSwapFile (3334):  file open failed. (114_sec.objt)
[18:36:47 PM]	CNtlInstanceEffect::LoadSwapFile (801):  file open failed. (114_sec.eff)
[18:36:47 PM]	CNtlPLOccluder_Quad::LoadSwapFile (830):  file open failed. (114_sec.ocq)
[18:36:47 PM]	CNtlPLHeatHazeObject::LoadSwapFile (724):  file open failed. (114_sec.hho)
[18:36:47 PM]	CNtlWorldShadow::LoadSwapFile (141):  file open failed. (115_sec.sdw)
[18:36:47 PM]	CNtlPLObject::LoadSwapFile (3334):  file open failed. (115_sec.objt)
[18:36:47 PM]	CNtlInstanceEffect::LoadSwapFile (801):  file open failed. (115_sec.eff)
[18:36:47 PM]	CNtlPLOccluder_Quad::LoadSwapFile (830):  file open failed. (115_sec.ocq)
[18:36:47 PM]	CNtlPLHeatHazeObject::LoadSwapFile (724):  file open failed. (115_sec.hho)
[18:36:47 PM]	CNtlWorldShadow::LoadSwapFile (141):  file open failed. (100_sec.sdw)
[18:36:47 PM]	CNtlPLObject::LoadSwapFile (3334):  file open failed. (100_sec.objt)
[18:36:47 PM]	CNtlInstanceEffect::LoadSwapFile (801):  file open failed. (100_sec.eff)
[18:36:47 PM]	CNtlPLOccluder_Quad::LoadSwapFile (830):  file open failed. (100_sec.ocq)
[18:36:47 PM]	CNtlPLHeatHazeObject::LoadSwapFile (724):  file open failed. (100_sec.hho)
[18:36:47 PM]	CNtlWorldShadow::LoadSwapFile (141):  file open failed. (101_sec.sdw)
[18:36:47 PM]	CNtlPLObject::LoadSwapFile (3334):  file open failed. (101_sec.objt)
[18:36:47 PM]	CNtlInstanceEffect::LoadSwapFile (801):  file open failed. (101_sec.eff)
[18:36:47 PM]	CNtlPLOccluder_Quad::LoadSwapFile (830):  file open failed. (101_sec.ocq)
[18:36:47 PM]	CNtlPLHeatHazeObject::LoadSwapFile (724):  file open failed. (101_sec.hho)
[18:36:47 PM]	CNtlWorldShadow::LoadSwapFile (141):  file open failed. (116_sec.sdw)
[18:36:47 PM]	CNtlPLObject::LoadSwapFile (3334):  file open failed. (116_sec.objt)
[18:36:47 PM]	CNtlInstanceEffect::LoadSwapFile (801):  file open failed. (116_sec.eff)
[18:36:47 PM]	CNtlPLOccluder_Quad::LoadSwapFile (830):  file open failed. (116_sec.ocq)
[18:36:47 PM]	CNtlPLHeatHazeObject::LoadSwapFile (724):  file open failed. (116_sec.hho)
[18:36:47 PM]	CNtlWorldShadow::LoadSwapFile (141):  file open failed. (117_sec.sdw)
[18:36:47 PM]	CNtlPLObject::LoadSwapFile (3334):  file open failed. (117_sec.objt)
[18:36:47 PM]	CNtlInstanceEffect::LoadSwapFile (801):  file open failed. (117_sec.eff)
[18:36:47 PM]	CNtlPLOccluder_Quad::LoadSwapFile (830):  file open failed. (117_sec.ocq)
[18:36:47 PM]	CNtlPLHeatHazeObject::LoadSwapFile (724):  file open failed. (117_sec.hho)
[18:36:47 PM]	CNtlWorldShadow::LoadSwapFile (141):  file open failed. (102_sec.sdw)
[18:36:47 PM]	CNtlPLObject::LoadSwapFile (3334):  file open failed. (102_sec.objt)
[18:36:47 PM]	CNtlInstanceEffect::LoadSwapFile (801):  file open failed. (102_sec.eff)
[18:36:47 PM]	CNtlPLOccluder_Quad::LoadSwapFile (830):  file open failed. (102_sec.ocq)
[18:36:47 PM]	CNtlPLHeatHazeObject::LoadSwapFile (724):  file open failed. (102_sec.hho)
[18:36:47 PM]	CNtlWorldShadow::LoadSwapFile (141):  file open failed. (103_sec.sdw)
[18:36:47 PM]	CNtlPLObject::LoadSwapFile (3334):  file open failed. (103_sec.objt)
[18:36:47 PM]	CNtlInstanceEffect::LoadSwapFile (801):  file open failed. (103_sec.eff)
[18:36:47 PM]	CNtlPLOccluder_Quad::LoadSwapFile (830):  file open failed. (103_sec.ocq)
[18:36:47 PM]	CNtlPLHeatHazeObject::LoadSwapFile (724):  file open failed. (103_sec.hho)
[18:36:47 PM]	CNtlWorldShadow::LoadSwapFile (141):  file open failed. (118_sec.sdw)
[18:36:47 PM]	CNtlPLObject::LoadSwapFile (3334):  file open failed. (118_sec.objt)
[18:36:47 PM]	CNtlInstanceEffect::LoadSwapFile (801):  file open failed. (118_sec.eff)
[18:36:47 PM]	CNtlPLOccluder_Quad::LoadSwapFile (830):  file open failed. (118_sec.ocq)
[18:36:47 PM]	CNtlPLHeatHazeObject::LoadSwapFile (724):  file open failed. (118_sec.hho)
[18:36:47 PM]	CNtlWorldShadow::LoadSwapFile (141):  file open failed. (119_sec.sdw)
[18:36:47 PM]	CNtlPLObject::LoadSwapFile (3334):  file open failed. (119_sec.objt)
[18:36:47 PM]	CNtlInstanceEffect::LoadSwapFile (801):  file open failed. (119_sec.eff)
[18:36:47 PM]	CNtlPLOccluder_Quad::LoadSwapFile (830):  file open failed. (119_sec.ocq)
[18:36:47 PM]	CNtlPLHeatHazeObject::LoadSwapFile (724):  file open failed. (119_sec.hho)
[18:36:47 PM]	CNtlWorldShadow::LoadSwapFile (141):  file open failed. (104_sec.sdw)
[18:36:47 PM]	CNtlPLObject::LoadSwapFile (3334):  file open failed. (104_sec.objt)
[18:36:47 PM]	CNtlInstanceEffect::LoadSwapFile (801):  file open failed. (104_sec.eff)
[18:36:47 PM]	CNtlPLOccluder_Quad::LoadSwapFile (830):  file open failed. (104_sec.ocq)
[18:36:47 PM]	CNtlPLHeatHazeObject::LoadSwapFile (724):  file open failed. (104_sec.hho)
[18:36:47 PM]	CNtlWorldShadow::LoadSwapFile (141):  file open failed. (105_sec.sdw)
[18:36:47 PM]	CNtlPLObject::LoadSwapFile (3334):  file open failed. (105_sec.objt)
[18:36:47 PM]	CNtlInstanceEffect::LoadSwapFile (801):  file open failed. (105_sec.eff)
[18:36:47 PM]	CNtlPLOccluder_Quad::LoadSwapFile (830):  file open failed. (105_sec.ocq)
[18:36:47 PM]	CNtlPLHeatHazeObject::LoadSwapFile (724):  file open failed. (105_sec.hho)
[18:36:47 PM]	CNtlWorldShadow::LoadSwapFile (141):  file open failed. (120_sec.sdw)
[18:36:47 PM]	CNtlPLVisualManager::CreateEntity (688):  CNtlPLVisualManager::CreateEntity the property(.xml) find not(D0_PATCH2_CLOUD_03)
