[18:00:32 PM]	=============== Start Trace ===============

[18:00:32 PM]	 === < SABER > Trace Start === 
[18:00:59 PM]	CNtlPLPropertyContainer::AddProp (258):  prop defined.(A_HMY_F_AD)
[18:01:30 PM]	CNtlPLVisualManager::GetHeightFieldWorldHeight (1170):  GetWorldHeight : Failed : IN(0,0,0), OUT_HEIGHT(-999)
[18:01:35 PM]	CNtlPLVisualManager::CreateEntity (688):  CNtlPLVisualManager::CreateEntity the property(.xml) find not(obj_06_kiri_impregnator)
[18:02:45 PM]	CNtlWorldShadow::LoadSwapFile (141):  file open failed. (9280_sec.sdw)
[18:02:45 PM]	CNtlPLObject::LoadSwapFile (3322):  file open failed. (9280_sec.objt)
[18:02:45 PM]	CNtlInstanceEffect::LoadSwapFile (801):  file open failed. (9280_sec.eff)
[18:02:45 PM]	CNtlPLOccluder_Quad::LoadSwapFile (830):  file open failed. (9280_sec.ocq)
[18:02:45 PM]	CNtlPLHeatHazeObject::LoadSwapFile (724):  file open failed. (9280_sec.hho)
[18:02:45 PM]	CNtlWorldShadow::LoadSwapFile (141):  file open failed. (9281_sec.sdw)
[18:02:45 PM]	CNtlPLObject::LoadSwapFile (3322):  file open failed. (9281_sec.objt)
[18:02:45 PM]	CNtlInstanceEffect::LoadSwapFile (801):  file open failed. (9281_sec.eff)
[18:02:45 PM]	CNtlPLOccluder_Quad::LoadSwapFile (830):  file open failed. (9281_sec.ocq)
[18:02:45 PM]	CNtlPLHeatHazeObject::LoadSwapFile (724):  file open failed. (9281_sec.hho)
[18:02:45 PM]	CNtlWorldShadow::LoadSwapFile (141):  file open failed. (9408_sec.sdw)
[18:02:45 PM]	CNtlPLObject::LoadSwapFile (3322):  file open failed. (9408_sec.objt)
[18:02:45 PM]	CNtlInstanceEffect::LoadSwapFile (801):  file open failed. (9408_sec.eff)
[18:02:45 PM]	CNtlPLOccluder_Quad::LoadSwapFile (830):  file open failed. (9408_sec.ocq)
[18:02:45 PM]	CNtlPLHeatHazeObject::LoadSwapFile (724):  file open failed. (9408_sec.hho)
[18:02:45 PM]	CNtlWorldShadow::LoadSwapFile (141):  file open failed. (9409_sec.sdw)
[18:02:45 PM]	CNtlPLObject::LoadSwapFile (3322):  file open failed. (9409_sec.objt)
[18:02:45 PM]	CNtlInstanceEffect::LoadSwapFile (801):  file open failed. (9409_sec.eff)
[18:02:45 PM]	CNtlPLOccluder_Quad::LoadSwapFile (830):  file open failed. (9409_sec.ocq)
[18:02:45 PM]	CNtlPLHeatHazeObject::LoadSwapFile (724):  file open failed. (9409_sec.hho)
[18:02:45 PM]	CNtlWorldShadow::LoadSwapFile (141):  file open failed. (9282_sec.sdw)
[18:02:45 PM]	CNtlPLObject::LoadSwapFile (3322):  file open failed. (9282_sec.objt)
[18:02:45 PM]	CNtlInstanceEffect::LoadSwapFile (801):  file open failed. (9282_sec.eff)
[18:02:45 PM]	CNtlPLOccluder_Quad::LoadSwapFile (830):  file open failed. (9282_sec.ocq)
[18:02:45 PM]	CNtlPLHeatHazeObject::LoadSwapFile (724):  file open failed. (9282_sec.hho)
[18:02:45 PM]	CNtlWorldShadow::LoadSwapFile (141):  file open failed. (9283_sec.sdw)
[18:02:45 PM]	CNtlPLObject::LoadSwapFile (3322):  file open failed. (9283_sec.objt)
[18:02:45 PM]	CNtlInstanceEffect::LoadSwapFile (801):  file open failed. (9283_sec.eff)
[18:02:45 PM]	CNtlPLOccluder_Quad::LoadSwapFile (830):  file open failed. (9283_sec.ocq)
[18:02:45 PM]	CNtlPLHeatHazeObject::LoadSwapFile (724):  file open failed. (9283_sec.hho)
[18:02:45 PM]	CNtlWorldShadow::LoadSwapFile (141):  file open failed. (9410_sec.sdw)
[18:02:45 PM]	CNtlPLObject::LoadSwapFile (3322):  file open failed. (9410_sec.objt)
[18:02:45 PM]	CNtlInstanceEffect::LoadSwapFile (801):  file open failed. (9410_sec.eff)
[18:02:45 PM]	CNtlPLOccluder_Quad::LoadSwapFile (830):  file open failed. (9410_sec.ocq)
[18:02:45 PM]	CNtlPLHeatHazeObject::LoadSwapFile (724):  file open failed. (9410_sec.hho)
[18:02:45 PM]	CNtlWorldShadow::LoadSwapFile (141):  file open failed. (9411_sec.sdw)
[18:02:45 PM]	CNtlPLObject::LoadSwapFile (3322):  file open failed. (9411_sec.objt)
[18:02:45 PM]	CNtlInstanceEffect::LoadSwapFile (801):  file open failed. (9411_sec.eff)
[18:02:45 PM]	CNtlPLOccluder_Quad::LoadSwapFile (830):  file open failed. (9411_sec.ocq)
[18:02:45 PM]	CNtlPLHeatHazeObject::LoadSwapFile (724):  file open failed. (9411_sec.hho)
[18:02:45 PM]	CNtlWorldShadow::LoadSwapFile (141):  file open failed. (9284_sec.sdw)
[18:02:45 PM]	CNtlPLObject::LoadSwapFile (3322):  file open failed. (9284_sec.objt)
[18:02:45 PM]	CNtlInstanceEffect::LoadSwapFile (801):  file open failed. (9284_sec.eff)
[18:02:46 PM]	CNtlPLOccluder_Quad::LoadSwapFile (830):  file open failed. (9284_sec.ocq)
[18:02:46 PM]	CNtlPLHeatHazeObject::LoadSwapFile (724):  file open failed. (9284_sec.hho)
[18:02:46 PM]	CNtlWorldShadow::LoadSwapFile (141):  file open failed. (9285_sec.sdw)
[18:02:46 PM]	CNtlPLObject::LoadSwapFile (3322):  file open failed. (9285_sec.objt)
[18:02:46 PM]	CNtlInstanceEffect::LoadSwapFile (801):  file open failed. (9285_sec.eff)
[18:02:46 PM]	CNtlPLOccluder_Quad::LoadSwapFile (830):  file open failed. (9285_sec.ocq)
[18:02:46 PM]	CNtlPLHeatHazeObject::LoadSwapFile (724):  file open failed. (9285_sec.hho)
[18:02:46 PM]	CNtlWorldShadow::LoadSwapFile (141):  file open failed. (9412_sec.sdw)
[18:02:46 PM]	CNtlPLObject::LoadSwapFile (3322):  file open failed. (9412_sec.objt)
[18:02:46 PM]	CNtlInstanceEffect::LoadSwapFile (801):  file open failed. (9412_sec.eff)
[18:02:46 PM]	CNtlPLOccluder_Quad::LoadSwapFile (830):  file open failed. (9412_sec.ocq)
[18:02:46 PM]	CNtlPLHeatHazeObject::LoadSwapFile (724):  file open failed. (9412_sec.hho)
[18:02:46 PM]	CNtlWorldShadow::LoadSwapFile (141):  file open failed. (9413_sec.sdw)
[18:02:46 PM]	CNtlPLObject::LoadSwapFile (3322):  file open failed. (9413_sec.objt)
[18:02:46 PM]	CNtlInstanceEffect::LoadSwapFile (801):  file open failed. (9413_sec.eff)
[18:02:46 PM]	CNtlPLOccluder_Quad::LoadSwapFile (830):  file open failed. (9413_sec.ocq)
[18:02:46 PM]	CNtlPLHeatHazeObject::LoadSwapFile (724):  file open failed. (9413_sec.hho)
[18:03:56 PM]	CNtlWorldShadow::LoadSwapFile (141):  file open failed. (9534_sec.sdw)
[18:03:56 PM]	CNtlPLObject::LoadSwapFile (3322):  file open failed. (9534_sec.objt)
[18:03:56 PM]	CNtlInstanceEffect::LoadSwapFile (801):  file open failed. (9534_sec.eff)
[18:03:56 PM]	CNtlPLOccluder_Quad::LoadSwapFile (830):  file open failed. (9534_sec.ocq)
[18:03:56 PM]	CNtlPLHeatHazeObject::LoadSwapFile (724):  file open failed. (9534_sec.hho)
[18:03:56 PM]	CNtlWorldShadow::LoadSwapFile (141):  file open failed. (9535_sec.sdw)
[18:03:56 PM]	CNtlPLObject::LoadSwapFile (3322):  file open failed. (9535_sec.objt)
[18:03:56 PM]	CNtlInstanceEffect::LoadSwapFile (801):  file open failed. (9535_sec.eff)
[18:03:56 PM]	CNtlPLOccluder_Quad::LoadSwapFile (830):  file open failed. (9535_sec.ocq)
[18:03:56 PM]	CNtlPLHeatHazeObject::LoadSwapFile (724):  file open failed. (9535_sec.hho)
[18:03:56 PM]	CNtlWorldShadow::LoadSwapFile (141):  file open failed. (9662_sec.sdw)
[18:03:56 PM]	CNtlPLObject::LoadSwapFile (3322):  file open failed. (9662_sec.objt)
[18:03:56 PM]	CNtlInstanceEffect::LoadSwapFile (801):  file open failed. (9662_sec.eff)
[18:03:56 PM]	CNtlPLOccluder_Quad::LoadSwapFile (830):  file open failed. (9662_sec.ocq)
[18:03:56 PM]	CNtlPLHeatHazeObject::LoadSwapFile (724):  file open failed. (9662_sec.hho)
[18:03:56 PM]	CNtlWorldShadow::LoadSwapFile (141):  file open failed. (9663_sec.sdw)
[18:03:56 PM]	CNtlPLObject::LoadSwapFile (3322):  file open failed. (9663_sec.objt)
[18:03:56 PM]	CNtlInstanceEffect::LoadSwapFile (801):  file open failed. (9663_sec.eff)
[18:03:56 PM]	CNtlPLOccluder_Quad::LoadSwapFile (830):  file open failed. (9663_sec.ocq)
[18:03:56 PM]	CNtlPLHeatHazeObject::LoadSwapFile (724):  file open failed. (9663_sec.hho)
[18:03:57 PM]	CNtlWorldShadow::LoadSwapFile (141):  file open failed. (9536_sec.sdw)
[18:03:57 PM]	CNtlPLObject::LoadSwapFile (3322):  file open failed. (9536_sec.objt)
[18:03:57 PM]	CNtlInstanceEffect::LoadSwapFile (801):  file open failed. (9536_sec.eff)
[18:03:57 PM]	CNtlPLOccluder_Quad::LoadSwapFile (830):  file open failed. (9536_sec.ocq)
[18:03:57 PM]	CNtlPLHeatHazeObject::LoadSwapFile (724):  file open failed. (9536_sec.hho)
[18:03:57 PM]	CNtlWorldShadow::LoadSwapFile (141):  file open failed. (9537_sec.sdw)
[18:03:57 PM]	CNtlPLObject::LoadSwapFile (3322):  file open failed. (9537_sec.objt)
[18:03:57 PM]	CNtlInstanceEffect::LoadSwapFile (801):  file open failed. (9537_sec.eff)
[18:03:57 PM]	CNtlPLOccluder_Quad::LoadSwapFile (830):  file open failed. (9537_sec.ocq)
[18:03:57 PM]	CNtlPLHeatHazeObject::LoadSwapFile (724):  file open failed. (9537_sec.hho)
[18:03:57 PM]	CNtlWorldShadow::LoadSwapFile (141):  file open failed. (9664_sec.sdw)
[18:03:57 PM]	CNtlPLObject::LoadSwapFile (3322):  file open failed. (9664_sec.objt)
[18:03:57 PM]	CNtlInstanceEffect::LoadSwapFile (801):  file open failed. (9664_sec.eff)
[18:03:57 PM]	CNtlPLOccluder_Quad::LoadSwapFile (830):  file open failed. (9664_sec.ocq)
[18:03:57 PM]	CNtlPLHeatHazeObject::LoadSwapFile (724):  file open failed. (9664_sec.hho)
[18:03:57 PM]	CNtlWorldShadow::LoadSwapFile (141):  file open failed. (9665_sec.sdw)
[18:03:57 PM]	CNtlPLObject::LoadSwapFile (3322):  file open failed. (9665_sec.objt)
[18:03:57 PM]	CNtlInstanceEffect::LoadSwapFile (801):  file open failed. (9665_sec.eff)
[18:03:57 PM]	CNtlPLOccluder_Quad::LoadSwapFile (830):  file open failed. (9665_sec.ocq)
[18:03:57 PM]	CNtlPLHeatHazeObject::LoadSwapFile (724):  file open failed. (9665_sec.hho)
[18:03:57 PM]	CNtlWorldShadow::LoadSwapFile (141):  file open failed. (9538_sec.sdw)
[18:03:57 PM]	CNtlPLObject::LoadSwapFile (3322):  file open failed. (9538_sec.objt)
[18:03:57 PM]	CNtlInstanceEffect::LoadSwapFile (801):  file open failed. (9538_sec.eff)
[18:03:57 PM]	CNtlPLOccluder_Quad::LoadSwapFile (830):  file open failed. (9538_sec.ocq)
[18:03:57 PM]	CNtlPLHeatHazeObject::LoadSwapFile (724):  file open failed. (9538_sec.hho)
[18:03:57 PM]	CNtlWorldShadow::LoadSwapFile (141):  file open failed. (9539_sec.sdw)
[18:03:57 PM]	CNtlPLObject::LoadSwapFile (3322):  file open failed. (9539_sec.objt)
[18:03:57 PM]	CNtlInstanceEffect::LoadSwapFile (801):  file open failed. (9539_sec.eff)
[18:03:57 PM]	CNtlPLOccluder_Quad::LoadSwapFile (830):  file open failed. (9539_sec.ocq)
[18:03:57 PM]	CNtlPLHeatHazeObject::LoadSwapFile (724):  file open failed. (9539_sec.hho)
[18:03:57 PM]	CNtlWorldShadow::LoadSwapFile (141):  file open failed. (9666_sec.sdw)
[18:03:57 PM]	CNtlPLObject::LoadSwapFile (3322):  file open failed. (9666_sec.objt)
[18:03:57 PM]	CNtlInstanceEffect::LoadSwapFile (801):  file open failed. (9666_sec.eff)
[18:03:57 PM]	CNtlPLOccluder_Quad::LoadSwapFile (830):  file open failed. (9666_sec.ocq)
[18:03:57 PM]	CNtlPLHeatHazeObject::LoadSwapFile (724):  file open failed. (9666_sec.hho)
[18:03:57 PM]	CNtlWorldShadow::LoadSwapFile (141):  file open failed. (9667_sec.sdw)
[18:03:57 PM]	CNtlPLObject::LoadSwapFile (3322):  file open failed. (9667_sec.objt)
[18:03:57 PM]	CNtlInstanceEffect::LoadSwapFile (801):  file open failed. (9667_sec.eff)
[18:03:57 PM]	CNtlPLOccluder_Quad::LoadSwapFile (830):  file open failed. (9667_sec.ocq)
[18:03:57 PM]	CNtlPLHeatHazeObject::LoadSwapFile (724):  file open failed. (9667_sec.hho)
[18:04:42 PM]	CNtlWorldShadow::LoadSwapFile (141):  file open failed. (10860_sec.sdw)
[18:04:42 PM]	CNtlPLObject::LoadSwapFile (3322):  file open failed. (10860_sec.objt)
[18:04:42 PM]	CNtlInstanceEffect::LoadSwapFile (801):  file open failed. (10860_sec.eff)
[18:04:42 PM]	CNtlPLOccluder_Quad::LoadSwapFile (830):  file open failed. (10860_sec.ocq)
[18:04:42 PM]	CNtlPLHeatHazeObject::LoadSwapFile (724):  file open failed. (10860_sec.hho)
[18:04:42 PM]	CNtlWorldShadow::LoadSwapFile (141):  file open failed. (10861_sec.sdw)
[18:04:42 PM]	CNtlPLObject::LoadSwapFile (3322):  file open failed. (10861_sec.objt)
[18:04:42 PM]	CNtlInstanceEffect::LoadSwapFile (801):  file open failed. (10861_sec.eff)
[18:04:42 PM]	CNtlPLOccluder_Quad::LoadSwapFile (830):  file open failed. (10861_sec.ocq)
[18:04:42 PM]	CNtlPLHeatHazeObject::LoadSwapFile (724):  file open failed. (10861_sec.hho)
[18:04:42 PM]	CNtlWorldShadow::LoadSwapFile (141):  file open failed. (10988_sec.sdw)
[18:04:42 PM]	CNtlPLObject::LoadSwapFile (3322):  file open failed. (10988_sec.objt)
[18:04:42 PM]	CNtlInstanceEffect::LoadSwapFile (801):  file open failed. (10988_sec.eff)
[18:04:42 PM]	CNtlPLOccluder_Quad::LoadSwapFile (830):  file open failed. (10988_sec.ocq)
[18:04:42 PM]	CNtlPLHeatHazeObject::LoadSwapFile (724):  file open failed. (10988_sec.hho)
[18:04:42 PM]	CNtlWorldShadow::LoadSwapFile (141):  file open failed. (10989_sec.sdw)
[18:04:42 PM]	CNtlPLObject::LoadSwapFile (3322):  file open failed. (10989_sec.objt)
[18:04:42 PM]	CNtlInstanceEffect::LoadSwapFile (801):  file open failed. (10989_sec.eff)
[18:04:42 PM]	CNtlPLOccluder_Quad::LoadSwapFile (830):  file open failed. (10989_sec.ocq)
[18:04:42 PM]	CNtlPLHeatHazeObject::LoadSwapFile (724):  file open failed. (10989_sec.hho)
[18:04:42 PM]	CNtlWorldShadow::LoadSwapFile (141):  file open failed. (10862_sec.sdw)
[18:04:42 PM]	CNtlPLObject::LoadSwapFile (3322):  file open failed. (10862_sec.objt)
[18:04:42 PM]	CNtlInstanceEffect::LoadSwapFile (801):  file open failed. (10862_sec.eff)
[18:04:42 PM]	CNtlPLOccluder_Quad::LoadSwapFile (830):  file open failed. (10862_sec.ocq)
[18:04:42 PM]	CNtlPLHeatHazeObject::LoadSwapFile (724):  file open failed. (10862_sec.hho)
[18:04:42 PM]	CNtlWorldShadow::LoadSwapFile (141):  file open failed. (10863_sec.sdw)
[18:04:42 PM]	CNtlPLObject::LoadSwapFile (3322):  file open failed. (10863_sec.objt)
[18:04:42 PM]	CNtlInstanceEffect::LoadSwapFile (801):  file open failed. (10863_sec.eff)
[18:04:42 PM]	CNtlPLOccluder_Quad::LoadSwapFile (830):  file open failed. (10863_sec.ocq)
[18:04:42 PM]	CNtlPLHeatHazeObject::LoadSwapFile (724):  file open failed. (10863_sec.hho)
[18:04:42 PM]	CNtlWorldShadow::LoadSwapFile (141):  file open failed. (10990_sec.sdw)
[18:04:43 PM]	CNtlPLObject::LoadSwapFile (3322):  file open failed. (10990_sec.objt)
[18:04:43 PM]	CNtlInstanceEffect::LoadSwapFile (801):  file open failed. (10990_sec.eff)
[18:04:43 PM]	CNtlPLOccluder_Quad::LoadSwapFile (830):  file open failed. (10990_sec.ocq)
[18:04:43 PM]	CNtlPLHeatHazeObject::LoadSwapFile (724):  file open failed. (10990_sec.hho)
[18:04:43 PM]	CNtlWorldShadow::LoadSwapFile (141):  file open failed. (10991_sec.sdw)
[18:04:43 PM]	CNtlPLObject::LoadSwapFile (3322):  file open failed. (10991_sec.objt)
[18:04:43 PM]	CNtlInstanceEffect::LoadSwapFile (801):  file open failed. (10991_sec.eff)
[18:04:43 PM]	CNtlPLOccluder_Quad::LoadSwapFile (830):  file open failed. (10991_sec.ocq)
[18:04:43 PM]	CNtlPLHeatHazeObject::LoadSwapFile (724):  file open failed. (10991_sec.hho)
[18:04:43 PM]	CNtlWorldShadow::LoadSwapFile (141):  file open failed. (10864_sec.sdw)
[18:04:43 PM]	CNtlPLObject::LoadSwapFile (3322):  file open failed. (10864_sec.objt)
[18:04:43 PM]	CNtlInstanceEffect::LoadSwapFile (801):  file open failed. (10864_sec.eff)
[18:04:43 PM]	CNtlPLOccluder_Quad::LoadSwapFile (830):  file open failed. (10864_sec.ocq)
[18:04:43 PM]	CNtlPLHeatHazeObject::LoadSwapFile (724):  file open failed. (10864_sec.hho)
[18:04:43 PM]	CNtlWorldShadow::LoadSwapFile (141):  file open failed. (10865_sec.sdw)
[18:04:43 PM]	CNtlPLObject::LoadSwapFile (3322):  file open failed. (10865_sec.objt)
[18:04:43 PM]	CNtlInstanceEffect::LoadSwapFile (801):  file open failed. (10865_sec.eff)
[18:04:43 PM]	CNtlPLOccluder_Quad::LoadSwapFile (830):  file open failed. (10865_sec.ocq)
[18:04:43 PM]	CNtlPLHeatHazeObject::LoadSwapFile (724):  file open failed. (10865_sec.hho)
[18:04:43 PM]	CNtlWorldShadow::LoadSwapFile (141):  file open failed. (10992_sec.sdw)
[18:04:43 PM]	CNtlPLObject::LoadSwapFile (3322):  file open failed. (10992_sec.objt)
[18:04:43 PM]	CNtlInstanceEffect::LoadSwapFile (801):  file open failed. (10992_sec.eff)
[18:04:43 PM]	CNtlPLOccluder_Quad::LoadSwapFile (830):  file open failed. (10992_sec.ocq)
[18:04:44 PM]	CNtlPLHeatHazeObject::LoadSwapFile (724):  file open failed. (10992_sec.hho)
[18:04:44 PM]	CNtlWorldShadow::LoadSwapFile (141):  file open failed. (10993_sec.sdw)
[18:04:44 PM]	CNtlPLObject::LoadSwapFile (3322):  file open failed. (10993_sec.objt)
[18:04:44 PM]	CNtlInstanceEffect::LoadSwapFile (801):  file open failed. (10993_sec.eff)
[18:04:44 PM]	CNtlPLOccluder_Quad::LoadSwapFile (830):  file open failed. (10993_sec.ocq)
[18:04:44 PM]	CNtlPLHeatHazeObject::LoadSwapFile (724):  file open failed. (10993_sec.hho)
[18:04:44 PM]	CNtlWorldShadow::LoadSwapFile (141):  file open failed. (10866_sec.sdw)
[18:04:44 PM]	CNtlPLObject::LoadSwapFile (3322):  file open failed. (10866_sec.objt)
[18:04:44 PM]	CNtlInstanceEffect::LoadSwapFile (801):  file open failed. (10866_sec.eff)
[18:04:44 PM]	CNtlPLOccluder_Quad::LoadSwapFile (830):  file open failed. (10866_sec.ocq)
[18:04:44 PM]	CNtlPLHeatHazeObject::LoadSwapFile (724):  file open failed. (10866_sec.hho)
[18:04:44 PM]	CNtlWorldShadow::LoadSwapFile (141):  file open failed. (10867_sec.sdw)
[18:04:44 PM]	CNtlPLObject::LoadSwapFile (3322):  file open failed. (10867_sec.objt)
[18:04:44 PM]	CNtlInstanceEffect::LoadSwapFile (801):  file open failed. (10867_sec.eff)
[18:04:44 PM]	CNtlPLOccluder_Quad::LoadSwapFile (830):  file open failed. (10867_sec.ocq)
[18:04:44 PM]	CNtlPLHeatHazeObject::LoadSwapFile (724):  file open failed. (10867_sec.hho)
[18:04:44 PM]	CNtlWorldShadow::LoadSwapFile (141):  file open failed. (10994_sec.sdw)
[18:04:44 PM]	CNtlPLObject::LoadSwapFile (3322):  file open failed. (10994_sec.objt)
[18:04:44 PM]	CNtlInstanceEffect::LoadSwapFile (801):  file open failed. (10994_sec.eff)
[18:04:44 PM]	CNtlPLOccluder_Quad::LoadSwapFile (830):  file open failed. (10994_sec.ocq)
[18:04:44 PM]	CNtlPLHeatHazeObject::LoadSwapFile (724):  file open failed. (10994_sec.hho)
[18:04:44 PM]	CNtlWorldShadow::LoadSwapFile (141):  file open failed. (10995_sec.sdw)
[18:04:45 PM]	CNtlPLObject::LoadSwapFile (3322):  file open failed. (10995_sec.objt)
[18:04:45 PM]	CNtlInstanceEffect::LoadSwapFile (801):  file open failed. (10995_sec.eff)
[18:04:45 PM]	CNtlPLOccluder_Quad::LoadSwapFile (830):  file open failed. (10995_sec.ocq)
[18:04:45 PM]	CNtlPLHeatHazeObject::LoadSwapFile (724):  file open failed. (10995_sec.hho)
[18:04:45 PM]	CNtlWorldShadow::LoadSwapFile (141):  file open failed. (10868_sec.sdw)
[18:04:45 PM]	CNtlPLObject::LoadSwapFile (3322):  file open failed. (10868_sec.objt)
[18:04:45 PM]	CNtlInstanceEffect::LoadSwapFile (801):  file open failed. (10868_sec.eff)
[18:04:45 PM]	CNtlPLOccluder_Quad::LoadSwapFile (830):  file open failed. (10868_sec.ocq)
[18:04:45 PM]	CNtlPLHeatHazeObject::LoadSwapFile (724):  file open failed. (10868_sec.hho)
[18:04:45 PM]	CNtlWorldShadow::LoadSwapFile (141):  file open failed. (10869_sec.sdw)
[18:04:45 PM]	CNtlPLObject::LoadSwapFile (3322):  file open failed. (10869_sec.objt)
[18:04:45 PM]	CNtlInstanceEffect::LoadSwapFile (801):  file open failed. (10869_sec.eff)
[18:04:45 PM]	CNtlPLOccluder_Quad::LoadSwapFile (830):  file open failed. (10869_sec.ocq)
[18:04:45 PM]	CNtlPLHeatHazeObject::LoadSwapFile (724):  file open failed. (10869_sec.hho)
[18:04:45 PM]	CNtlWorldShadow::LoadSwapFile (141):  file open failed. (10996_sec.sdw)
[18:04:45 PM]	CNtlPLObject::LoadSwapFile (3322):  file open failed. (10996_sec.objt)
[18:04:45 PM]	CNtlInstanceEffect::LoadSwapFile (801):  file open failed. (10996_sec.eff)
[18:04:45 PM]	CNtlPLOccluder_Quad::LoadSwapFile (830):  file open failed. (10996_sec.ocq)
[18:04:45 PM]	CNtlPLHeatHazeObject::LoadSwapFile (724):  file open failed. (10996_sec.hho)
[18:04:45 PM]	CNtlWorldShadow::LoadSwapFile (141):  file open failed. (10997_sec.sdw)
[18:04:45 PM]	CNtlPLObject::LoadSwapFile (3322):  file open failed. (10997_sec.objt)
[18:04:46 PM]	CNtlInstanceEffect::LoadSwapFile (801):  file open failed. (10997_sec.eff)
[18:04:46 PM]	CNtlPLOccluder_Quad::LoadSwapFile (830):  file open failed. (10997_sec.ocq)
[18:04:46 PM]	CNtlPLHeatHazeObject::LoadSwapFile (724):  file open failed. (10997_sec.hho)
[18:04:46 PM]	CNtlWorldShadow::LoadSwapFile (141):  file open failed. (10870_sec.sdw)
[18:04:46 PM]	CNtlPLObject::LoadSwapFile (3322):  file open failed. (10870_sec.objt)
[18:04:46 PM]	CNtlInstanceEffect::LoadSwapFile (801):  file open failed. (10870_sec.eff)
[18:04:46 PM]	CNtlPLOccluder_Quad::LoadSwapFile (830):  file open failed. (10870_sec.ocq)
[18:04:46 PM]	CNtlPLHeatHazeObject::LoadSwapFile (724):  file open failed. (10870_sec.hho)
[18:04:46 PM]	CNtlWorldShadow::LoadSwapFile (141):  file open failed. (10871_sec.sdw)
[18:04:46 PM]	CNtlPLObject::LoadSwapFile (3322):  file open failed. (10871_sec.objt)
[18:04:46 PM]	CNtlInstanceEffect::LoadSwapFile (801):  file open failed. (10871_sec.eff)
[18:04:46 PM]	CNtlPLOccluder_Quad::LoadSwapFile (830):  file open failed. (10871_sec.ocq)
[18:04:46 PM]	CNtlPLHeatHazeObject::LoadSwapFile (724):  file open failed. (10871_sec.hho)
[18:04:46 PM]	CNtlWorldShadow::LoadSwapFile (141):  file open failed. (10998_sec.sdw)
[18:04:46 PM]	CNtlPLObject::LoadSwapFile (3322):  file open failed. (10998_sec.objt)
[18:04:46 PM]	CNtlInstanceEffect::LoadSwapFile (801):  file open failed. (10998_sec.eff)
[18:04:46 PM]	CNtlPLOccluder_Quad::LoadSwapFile (830):  file open failed. (10998_sec.ocq)
[18:04:46 PM]	CNtlPLHeatHazeObject::LoadSwapFile (724):  file open failed. (10998_sec.hho)
[18:04:46 PM]	CNtlWorldShadow::LoadSwapFile (141):  file open failed. (10999_sec.sdw)
[18:04:47 PM]	CNtlPLObject::LoadSwapFile (3322):  file open failed. (10999_sec.objt)
[18:04:47 PM]	CNtlInstanceEffect::LoadSwapFile (801):  file open failed. (10999_sec.eff)
[18:04:47 PM]	CNtlPLOccluder_Quad::LoadSwapFile (830):  file open failed. (10999_sec.ocq)
[18:04:47 PM]	CNtlPLHeatHazeObject::LoadSwapFile (724):  file open failed. (10999_sec.hho)
[18:04:47 PM]	CNtlWorldShadow::LoadSwapFile (141):  file open failed. (11116_sec.sdw)
[18:04:47 PM]	CNtlPLObject::LoadSwapFile (3322):  file open failed. (11116_sec.objt)
[18:04:47 PM]	CNtlInstanceEffect::LoadSwapFile (801):  file open failed. (11116_sec.eff)
[18:04:47 PM]	CNtlPLOccluder_Quad::LoadSwapFile (830):  file open failed. (11116_sec.ocq)
[18:04:47 PM]	CNtlPLHeatHazeObject::LoadSwapFile (724):  file open failed. (11116_sec.hho)
[18:04:47 PM]	CNtlWorldShadow::LoadSwapFile (141):  file open failed. (11117_sec.sdw)
[18:04:47 PM]	CNtlPLObject::LoadSwapFile (3322):  file open failed. (11117_sec.objt)
[18:04:48 PM]	CNtlInstanceEffect::LoadSwapFile (801):  file open failed. (11117_sec.eff)
[18:04:48 PM]	CNtlPLOccluder_Quad::LoadSwapFile (830):  file open failed. (11117_sec.ocq)
[18:04:48 PM]	CNtlPLHeatHazeObject::LoadSwapFile (724):  file open failed. (11117_sec.hho)
[18:04:48 PM]	CNtlWorldShadow::LoadSwapFile (141):  file open failed. (11244_sec.sdw)
[18:04:48 PM]	CNtlPLObject::LoadSwapFile (3322):  file open failed. (11244_sec.objt)
[18:04:48 PM]	CNtlInstanceEffect::LoadSwapFile (801):  file open failed. (11244_sec.eff)
[18:04:48 PM]	CNtlPLOccluder_Quad::LoadSwapFile (830):  file open failed. (11244_sec.ocq)
[18:04:48 PM]	CNtlPLHeatHazeObject::LoadSwapFile (724):  file open failed. (11244_sec.hho)
[18:04:48 PM]	CNtlWorldShadow::LoadSwapFile (141):  file open failed. (11245_sec.sdw)
[18:04:48 PM]	CNtlPLObject::LoadSwapFile (3322):  file open failed. (11245_sec.objt)
[18:04:48 PM]	CNtlInstanceEffect::LoadSwapFile (801):  file open failed. (11245_sec.eff)
[18:04:48 PM]	CNtlPLOccluder_Quad::LoadSwapFile (830):  file open failed. (11245_sec.ocq)
[18:04:48 PM]	CNtlPLHeatHazeObject::LoadSwapFile (724):  file open failed. (11245_sec.hho)
[18:04:48 PM]	CNtlWorldShadow::LoadSwapFile (141):  file open failed. (11118_sec.sdw)
[18:04:48 PM]	CNtlPLObject::LoadSwapFile (3322):  file open failed. (11118_sec.objt)
[18:04:48 PM]	CNtlInstanceEffect::LoadSwapFile (801):  file open failed. (11118_sec.eff)
[18:04:48 PM]	CNtlPLOccluder_Quad::LoadSwapFile (830):  file open failed. (11118_sec.ocq)
[18:04:48 PM]	CNtlPLHeatHazeObject::LoadSwapFile (724):  file open failed. (11118_sec.hho)
[18:04:48 PM]	CNtlWorldShadow::LoadSwapFile (141):  file open failed. (11119_sec.sdw)
[18:04:49 PM]	CNtlPLObject::LoadSwapFile (3322):  file open failed. (11119_sec.objt)
[18:04:49 PM]	CNtlInstanceEffect::LoadSwapFile (801):  file open failed. (11119_sec.eff)
[18:04:49 PM]	CNtlPLOccluder_Quad::LoadSwapFile (830):  file open failed. (11119_sec.ocq)
[18:04:49 PM]	CNtlPLHeatHazeObject::LoadSwapFile (724):  file open failed. (11119_sec.hho)
[18:04:49 PM]	CNtlWorldShadow::LoadSwapFile (141):  file open failed. (11246_sec.sdw)
[18:04:49 PM]	CNtlPLObject::LoadSwapFile (3322):  file open failed. (11246_sec.objt)
[18:04:49 PM]	CNtlInstanceEffect::LoadSwapFile (801):  file open failed. (11246_sec.eff)
[18:04:49 PM]	CNtlPLOccluder_Quad::LoadSwapFile (830):  file open failed. (11246_sec.ocq)
[18:04:49 PM]	CNtlPLHeatHazeObject::LoadSwapFile (724):  file open failed. (11246_sec.hho)
[18:04:49 PM]	CNtlWorldShadow::LoadSwapFile (141):  file open failed. (11247_sec.sdw)
[18:04:50 PM]	CNtlPLObject::LoadSwapFile (3322):  file open failed. (11247_sec.objt)
[18:04:50 PM]	CNtlInstanceEffect::LoadSwapFile (801):  file open failed. (11247_sec.eff)
[18:04:50 PM]	CNtlPLOccluder_Quad::LoadSwapFile (830):  file open failed. (11247_sec.ocq)
[18:04:50 PM]	CNtlPLHeatHazeObject::LoadSwapFile (724):  file open failed. (11247_sec.hho)
[18:04:50 PM]	CNtlWorldShadow::LoadSwapFile (141):  file open failed. (11120_sec.sdw)
[18:04:50 PM]	CNtlPLObject::LoadSwapFile (3322):  file open failed. (11120_sec.objt)
[18:04:50 PM]	CNtlInstanceEffect::LoadSwapFile (801):  file open failed. (11120_sec.eff)
[18:04:50 PM]	CNtlPLOccluder_Quad::LoadSwapFile (830):  file open failed. (11120_sec.ocq)
[18:04:50 PM]	CNtlPLHeatHazeObject::LoadSwapFile (724):  file open failed. (11120_sec.hho)
[18:04:50 PM]	CNtlWorldShadow::LoadSwapFile (141):  file open failed. (11121_sec.sdw)
[18:04:50 PM]	CNtlPLObject::LoadSwapFile (3322):  file open failed. (11121_sec.objt)
[18:04:50 PM]	CNtlInstanceEffect::LoadSwapFile (801):  file open failed. (11121_sec.eff)
[18:04:50 PM]	CNtlPLOccluder_Quad::LoadSwapFile (830):  file open failed. (11121_sec.ocq)
[18:04:50 PM]	CNtlPLHeatHazeObject::LoadSwapFile (724):  file open failed. (11121_sec.hho)
[18:04:50 PM]	CNtlWorldShadow::LoadSwapFile (141):  file open failed. (11248_sec.sdw)
[18:04:50 PM]	CNtlPLObject::LoadSwapFile (3322):  file open failed. (11248_sec.objt)
[18:04:50 PM]	CNtlInstanceEffect::LoadSwapFile (801):  file open failed. (11248_sec.eff)
[18:04:50 PM]	CNtlPLOccluder_Quad::LoadSwapFile (830):  file open failed. (11248_sec.ocq)
[18:04:50 PM]	CNtlPLHeatHazeObject::LoadSwapFile (724):  file open failed. (11248_sec.hho)
[18:04:50 PM]	CNtlWorldShadow::LoadSwapFile (141):  file open failed. (11249_sec.sdw)
[18:04:50 PM]	CNtlPLObject::LoadSwapFile (3322):  file open failed. (11249_sec.objt)
[18:04:51 PM]	CNtlInstanceEffect::LoadSwapFile (801):  file open failed. (11249_sec.eff)
[18:04:51 PM]	CNtlPLOccluder_Quad::LoadSwapFile (830):  file open failed. (11249_sec.ocq)
[18:04:51 PM]	CNtlPLHeatHazeObject::LoadSwapFile (724):  file open failed. (11249_sec.hho)
[18:04:51 PM]	CNtlWorldShadow::LoadSwapFile (141):  file open failed. (11122_sec.sdw)
[18:04:51 PM]	CNtlPLObject::LoadSwapFile (3322):  file open failed. (11122_sec.objt)
[18:04:51 PM]	CNtlInstanceEffect::LoadSwapFile (801):  file open failed. (11122_sec.eff)
[18:04:51 PM]	CNtlPLOccluder_Quad::LoadSwapFile (830):  file open failed. (11122_sec.ocq)
[18:04:51 PM]	CNtlPLHeatHazeObject::LoadSwapFile (724):  file open failed. (11122_sec.hho)
[18:04:51 PM]	CNtlWorldShadow::LoadSwapFile (141):  file open failed. (11123_sec.sdw)
[18:04:51 PM]	CNtlPLObject::LoadSwapFile (3322):  file open failed. (11123_sec.objt)
[18:04:51 PM]	CNtlInstanceEffect::LoadSwapFile (801):  file open failed. (11123_sec.eff)
[18:04:51 PM]	CNtlPLOccluder_Quad::LoadSwapFile (830):  file open failed. (11123_sec.ocq)
[18:04:51 PM]	CNtlPLHeatHazeObject::LoadSwapFile (724):  file open failed. (11123_sec.hho)
[18:04:51 PM]	CNtlWorldShadow::LoadSwapFile (141):  file open failed. (11250_sec.sdw)
[18:04:51 PM]	CNtlPLObject::LoadSwapFile (3322):  file open failed. (11250_sec.objt)
[18:04:51 PM]	CNtlInstanceEffect::LoadSwapFile (801):  file open failed. (11250_sec.eff)
[18:04:51 PM]	CNtlPLOccluder_Quad::LoadSwapFile (830):  file open failed. (11250_sec.ocq)
[18:04:51 PM]	CNtlPLHeatHazeObject::LoadSwapFile (724):  file open failed. (11250_sec.hho)
[18:04:51 PM]	CNtlWorldShadow::LoadSwapFile (141):  file open failed. (11251_sec.sdw)
[18:04:51 PM]	CNtlPLObject::LoadSwapFile (3322):  file open failed. (11251_sec.objt)
[18:04:51 PM]	CNtlInstanceEffect::LoadSwapFile (801):  file open failed. (11251_sec.eff)
[18:04:51 PM]	CNtlPLOccluder_Quad::LoadSwapFile (830):  file open failed. (11251_sec.ocq)
[18:04:51 PM]	CNtlPLHeatHazeObject::LoadSwapFile (724):  file open failed. (11251_sec.hho)
[18:04:51 PM]	CNtlWorldShadow::LoadSwapFile (141):  file open failed. (11124_sec.sdw)
[18:04:51 PM]	CNtlPLObject::LoadSwapFile (3322):  file open failed. (11124_sec.objt)
[18:04:51 PM]	CNtlInstanceEffect::LoadSwapFile (801):  file open failed. (11124_sec.eff)
[18:04:51 PM]	CNtlPLOccluder_Quad::LoadSwapFile (830):  file open failed. (11124_sec.ocq)
[18:04:51 PM]	CNtlPLHeatHazeObject::LoadSwapFile (724):  file open failed. (11124_sec.hho)
[18:04:51 PM]	CNtlWorldShadow::LoadSwapFile (141):  file open failed. (11125_sec.sdw)
[18:04:51 PM]	CNtlPLObject::LoadSwapFile (3322):  file open failed. (11125_sec.objt)
[18:04:51 PM]	CNtlInstanceEffect::LoadSwapFile (801):  file open failed. (11125_sec.eff)
[18:04:51 PM]	CNtlPLOccluder_Quad::LoadSwapFile (830):  file open failed. (11125_sec.ocq)
[18:04:51 PM]	CNtlPLHeatHazeObject::LoadSwapFile (724):  file open failed. (11125_sec.hho)
[18:04:51 PM]	CNtlWorldShadow::LoadSwapFile (141):  file open failed. (11252_sec.sdw)
[18:04:51 PM]	CNtlPLObject::LoadSwapFile (3322):  file open failed. (11252_sec.objt)
[18:04:51 PM]	CNtlInstanceEffect::LoadSwapFile (801):  file open failed. (11252_sec.eff)
[18:04:51 PM]	CNtlPLOccluder_Quad::LoadSwapFile (830):  file open failed. (11252_sec.ocq)
[18:04:51 PM]	CNtlPLHeatHazeObject::LoadSwapFile (724):  file open failed. (11252_sec.hho)
[18:04:51 PM]	CNtlWorldShadow::LoadSwapFile (141):  file open failed. (11253_sec.sdw)
[18:04:51 PM]	CNtlPLObject::LoadSwapFile (3322):  file open failed. (11253_sec.objt)
[18:04:51 PM]	CNtlInstanceEffect::LoadSwapFile (801):  file open failed. (11253_sec.eff)
[18:04:51 PM]	CNtlPLOccluder_Quad::LoadSwapFile (830):  file open failed. (11253_sec.ocq)
[18:04:51 PM]	CNtlPLHeatHazeObject::LoadSwapFile (724):  file open failed. (11253_sec.hho)
[18:04:52 PM]	CNtlWorldShadow::LoadSwapFile (141):  file open failed. (11126_sec.sdw)
[18:04:52 PM]	CNtlPLObject::LoadSwapFile (3322):  file open failed. (11126_sec.objt)
[18:04:52 PM]	CNtlInstanceEffect::LoadSwapFile (801):  file open failed. (11126_sec.eff)
[18:04:52 PM]	CNtlPLOccluder_Quad::LoadSwapFile (830):  file open failed. (11126_sec.ocq)
[18:04:52 PM]	CNtlPLHeatHazeObject::LoadSwapFile (724):  file open failed. (11126_sec.hho)
[18:04:52 PM]	CNtlWorldShadow::LoadSwapFile (141):  file open failed. (11127_sec.sdw)
[18:04:53 PM]	CNtlPLObject::LoadSwapFile (3322):  file open failed. (11127_sec.objt)
[18:04:53 PM]	CNtlInstanceEffect::LoadSwapFile (801):  file open failed. (11127_sec.eff)
[18:04:53 PM]	CNtlPLOccluder_Quad::LoadSwapFile (830):  file open failed. (11127_sec.ocq)
[18:04:53 PM]	CNtlPLHeatHazeObject::LoadSwapFile (724):  file open failed. (11127_sec.hho)
[18:04:53 PM]	CNtlWorldShadow::LoadSwapFile (141):  file open failed. (11254_sec.sdw)
[18:04:53 PM]	CNtlPLObject::LoadSwapFile (3322):  file open failed. (11254_sec.objt)
[18:04:53 PM]	CNtlInstanceEffect::LoadSwapFile (801):  file open failed. (11254_sec.eff)
[18:04:53 PM]	CNtlPLOccluder_Quad::LoadSwapFile (830):  file open failed. (11254_sec.ocq)
[18:04:53 PM]	CNtlPLHeatHazeObject::LoadSwapFile (724):  file open failed. (11254_sec.hho)
[18:04:53 PM]	CNtlWorldShadow::LoadSwapFile (141):  file open failed. (11255_sec.sdw)
[18:04:53 PM]	CNtlPLObject::LoadSwapFile (3322):  file open failed. (11255_sec.objt)
[18:04:53 PM]	CNtlInstanceEffect::LoadSwapFile (801):  file open failed. (11255_sec.eff)
[18:04:53 PM]	CNtlPLOccluder_Quad::LoadSwapFile (830):  file open failed. (11255_sec.ocq)
[18:04:53 PM]	CNtlPLHeatHazeObject::LoadSwapFile (724):  file open failed. (11255_sec.hho)
[18:04:53 PM]	CNtlWorldShadow::LoadSwapFile (141):  file open failed. (11372_sec.sdw)
[18:04:53 PM]	CNtlPLObject::LoadSwapFile (3322):  file open failed. (11372_sec.objt)
[18:04:54 PM]	CNtlInstanceEffect::LoadSwapFile (801):  file open failed. (11372_sec.eff)
[18:04:54 PM]	CNtlPLOccluder_Quad::LoadSwapFile (830):  file open failed. (11372_sec.ocq)
[18:04:54 PM]	CNtlPLHeatHazeObject::LoadSwapFile (724):  file open failed. (11372_sec.hho)
[18:04:54 PM]	CNtlWorldShadow::LoadSwapFile (141):  file open failed. (11373_sec.sdw)
[18:04:54 PM]	CNtlPLObject::LoadSwapFile (3322):  file open failed. (11373_sec.objt)
[18:04:54 PM]	CNtlInstanceEffect::LoadSwapFile (801):  file open failed. (11373_sec.eff)
[18:04:54 PM]	CNtlPLOccluder_Quad::LoadSwapFile (830):  file open failed. (11373_sec.ocq)
[18:04:54 PM]	CNtlPLHeatHazeObject::LoadSwapFile (724):  file open failed. (11373_sec.hho)
[18:04:54 PM]	CNtlWorldShadow::LoadSwapFile (141):  file open failed. (11500_sec.sdw)
[18:04:54 PM]	CNtlPLObject::LoadSwapFile (3322):  file open failed. (11500_sec.objt)
[18:04:54 PM]	CNtlInstanceEffect::LoadSwapFile (801):  file open failed. (11500_sec.eff)
[18:04:54 PM]	CNtlPLOccluder_Quad::LoadSwapFile (830):  file open failed. (11500_sec.ocq)
[18:04:54 PM]	CNtlPLHeatHazeObject::LoadSwapFile (724):  file open failed. (11500_sec.hho)
[18:04:54 PM]	CNtlWorldShadow::LoadSwapFile (141):  file open failed. (11501_sec.sdw)
[18:04:54 PM]	CNtlPLObject::LoadSwapFile (3322):  file open failed. (11501_sec.objt)
[18:04:54 PM]	CNtlInstanceEffect::LoadSwapFile (801):  file open failed. (11501_sec.eff)
[18:04:54 PM]	CNtlPLOccluder_Quad::LoadSwapFile (830):  file open failed. (11501_sec.ocq)
[18:04:54 PM]	CNtlPLHeatHazeObject::LoadSwapFile (724):  file open failed. (11501_sec.hho)
[18:04:54 PM]	CNtlWorldShadow::LoadSwapFile (141):  file open failed. (11374_sec.sdw)
[18:04:54 PM]	CNtlPLObject::LoadSwapFile (3322):  file open failed. (11374_sec.objt)
[18:04:55 PM]	CNtlInstanceEffect::LoadSwapFile (801):  file open failed. (11374_sec.eff)
[18:04:55 PM]	CNtlPLOccluder_Quad::LoadSwapFile (830):  file open failed. (11374_sec.ocq)
[18:04:55 PM]	CNtlPLHeatHazeObject::LoadSwapFile (724):  file open failed. (11374_sec.hho)
[18:04:55 PM]	CNtlWorldShadow::LoadSwapFile (141):  file open failed. (11375_sec.sdw)
[18:04:55 PM]	CNtlPLObject::LoadSwapFile (3322):  file open failed. (11375_sec.objt)
[18:04:55 PM]	CNtlInstanceEffect::LoadSwapFile (801):  file open failed. (11375_sec.eff)
[18:04:55 PM]	CNtlPLOccluder_Quad::LoadSwapFile (830):  file open failed. (11375_sec.ocq)
[18:04:55 PM]	CNtlPLHeatHazeObject::LoadSwapFile (724):  file open failed. (11375_sec.hho)
[18:04:55 PM]	CNtlWorldShadow::LoadSwapFile (141):  file open failed. (11502_sec.sdw)
[18:04:55 PM]	CNtlPLObject::LoadSwapFile (3322):  file open failed. (11502_sec.objt)
[18:04:55 PM]	CNtlInstanceEffect::LoadSwapFile (801):  file open failed. (11502_sec.eff)
[18:04:55 PM]	CNtlPLOccluder_Quad::LoadSwapFile (830):  file open failed. (11502_sec.ocq)
[18:04:55 PM]	CNtlPLHeatHazeObject::LoadSwapFile (724):  file open failed. (11502_sec.hho)
[18:04:55 PM]	CNtlWorldShadow::LoadSwapFile (141):  file open failed. (11503_sec.sdw)
[18:04:55 PM]	CNtlPLObject::LoadSwapFile (3322):  file open failed. (11503_sec.objt)
[18:04:55 PM]	CNtlInstanceEffect::LoadSwapFile (801):  file open failed. (11503_sec.eff)
[18:04:55 PM]	CNtlPLOccluder_Quad::LoadSwapFile (830):  file open failed. (11503_sec.ocq)
[18:04:55 PM]	CNtlPLHeatHazeObject::LoadSwapFile (724):  file open failed. (11503_sec.hho)
[18:04:55 PM]	CNtlWorldShadow::LoadSwapFile (141):  file open failed. (11376_sec.sdw)
[18:04:55 PM]	CNtlPLObject::LoadSwapFile (3322):  file open failed. (11376_sec.objt)
[18:04:55 PM]	CNtlInstanceEffect::LoadSwapFile (801):  file open failed. (11376_sec.eff)
[18:04:55 PM]	CNtlPLOccluder_Quad::LoadSwapFile (830):  file open failed. (11376_sec.ocq)
[18:04:55 PM]	CNtlPLHeatHazeObject::LoadSwapFile (724):  file open failed. (11376_sec.hho)
[18:04:55 PM]	CNtlWorldShadow::LoadSwapFile (141):  file open failed. (11377_sec.sdw)
[18:04:55 PM]	CNtlPLObject::LoadSwapFile (3322):  file open failed. (11377_sec.objt)
[18:04:55 PM]	CNtlInstanceEffect::LoadSwapFile (801):  file open failed. (11377_sec.eff)
[18:04:55 PM]	CNtlPLOccluder_Quad::LoadSwapFile (830):  file open failed. (11377_sec.ocq)
[18:04:55 PM]	CNtlPLHeatHazeObject::LoadSwapFile (724):  file open failed. (11377_sec.hho)
[18:04:55 PM]	CNtlWorldShadow::LoadSwapFile (141):  file open failed. (11504_sec.sdw)
[18:04:55 PM]	CNtlPLObject::LoadSwapFile (3322):  file open failed. (11504_sec.objt)
[18:04:55 PM]	CNtlInstanceEffect::LoadSwapFile (801):  file open failed. (11504_sec.eff)
[18:04:55 PM]	CNtlPLOccluder_Quad::LoadSwapFile (830):  file open failed. (11504_sec.ocq)
[18:04:55 PM]	CNtlPLHeatHazeObject::LoadSwapFile (724):  file open failed. (11504_sec.hho)
[18:04:55 PM]	CNtlWorldShadow::LoadSwapFile (141):  file open failed. (11505_sec.sdw)
[18:04:55 PM]	CNtlPLObject::LoadSwapFile (3322):  file open failed. (11505_sec.objt)
[18:04:55 PM]	CNtlInstanceEffect::LoadSwapFile (801):  file open failed. (11505_sec.eff)
[18:04:55 PM]	CNtlPLOccluder_Quad::LoadSwapFile (830):  file open failed. (11505_sec.ocq)
[18:04:55 PM]	CNtlPLHeatHazeObject::LoadSwapFile (724):  file open failed. (11505_sec.hho)
[18:04:55 PM]	CNtlWorldShadow::LoadSwapFile (141):  file open failed. (11378_sec.sdw)
[18:04:55 PM]	CNtlPLObject::LoadSwapFile (3322):  file open failed. (11378_sec.objt)
[18:04:55 PM]	CNtlInstanceEffect::LoadSwapFile (801):  file open failed. (11378_sec.eff)
[18:04:55 PM]	CNtlPLOccluder_Quad::LoadSwapFile (830):  file open failed. (11378_sec.ocq)
[18:04:55 PM]	CNtlPLHeatHazeObject::LoadSwapFile (724):  file open failed. (11378_sec.hho)
[18:04:55 PM]	CNtlWorldShadow::LoadSwapFile (141):  file open failed. (11379_sec.sdw)
[18:04:56 PM]	CNtlPLObject::LoadSwapFile (3322):  file open failed. (11379_sec.objt)
[18:04:56 PM]	CNtlInstanceEffect::LoadSwapFile (801):  file open failed. (11379_sec.eff)
[18:04:56 PM]	CNtlPLOccluder_Quad::LoadSwapFile (830):  file open failed. (11379_sec.ocq)
[18:04:56 PM]	CNtlPLHeatHazeObject::LoadSwapFile (724):  file open failed. (11379_sec.hho)
[18:04:56 PM]	CNtlWorldShadow::LoadSwapFile (141):  file open failed. (11506_sec.sdw)
[18:04:56 PM]	CNtlPLObject::LoadSwapFile (3322):  file open failed. (11506_sec.objt)
[18:04:56 PM]	CNtlInstanceEffect::LoadSwapFile (801):  file open failed. (11506_sec.eff)
[18:04:56 PM]	CNtlPLOccluder_Quad::LoadSwapFile (830):  file open failed. (11506_sec.ocq)
[18:04:56 PM]	CNtlPLHeatHazeObject::LoadSwapFile (724):  file open failed. (11506_sec.hho)
[18:04:56 PM]	CNtlWorldShadow::LoadSwapFile (141):  file open failed. (11507_sec.sdw)
[18:04:56 PM]	CNtlPLVisualManager::CreateEntity (688):  CNtlPLVisualManager::CreateEntity the property(.xml) find not(obj_10_lighthouse_01)
[18:04:56 PM]	CNtlPLObject::LoadSwapFile (3322):  file open failed. (11507_sec.objt)
[18:04:56 PM]	CNtlInstanceEffect::LoadSwapFile (801):  file open failed. (11507_sec.eff)
[18:04:56 PM]	CNtlPLOccluder_Quad::LoadSwapFile (830):  file open failed. (11507_sec.ocq)
[18:04:56 PM]	CNtlPLHeatHazeObject::LoadSwapFile (724):  file open failed. (11507_sec.hho)
[18:04:56 PM]	CNtlWorldShadow::LoadSwapFile (141):  file open failed. (11380_sec.sdw)
[18:04:56 PM]	CNtlPLObject::LoadSwapFile (3322):  file open failed. (11380_sec.objt)
[18:04:56 PM]	CNtlInstanceEffect::LoadSwapFile (801):  file open failed. (11380_sec.eff)
[18:04:56 PM]	CNtlPLOccluder_Quad::LoadSwapFile (830):  file open failed. (11380_sec.ocq)
[18:04:56 PM]	CNtlPLHeatHazeObject::LoadSwapFile (724):  file open failed. (11380_sec.hho)
[18:04:56 PM]	CNtlWorldShadow::LoadSwapFile (141):  file open failed. (11381_sec.sdw)
[18:04:56 PM]	CNtlPLObject::LoadSwapFile (3322):  file open failed. (11381_sec.objt)
[18:04:56 PM]	CNtlInstanceEffect::LoadSwapFile (801):  file open failed. (11381_sec.eff)
[18:04:56 PM]	CNtlPLOccluder_Quad::LoadSwapFile (830):  file open failed. (11381_sec.ocq)
[18:04:56 PM]	CNtlPLHeatHazeObject::LoadSwapFile (724):  file open failed. (11381_sec.hho)
[18:04:56 PM]	CNtlWorldShadow::LoadSwapFile (141):  file open failed. (11508_sec.sdw)
[18:04:56 PM]	CNtlPLObject::LoadSwapFile (3322):  file open failed. (11508_sec.objt)
[18:04:56 PM]	CNtlInstanceEffect::LoadSwapFile (801):  file open failed. (11508_sec.eff)
[18:04:56 PM]	CNtlPLOccluder_Quad::LoadSwapFile (830):  file open failed. (11508_sec.ocq)
[18:04:56 PM]	CNtlPLHeatHazeObject::LoadSwapFile (724):  file open failed. (11508_sec.hho)
[18:04:56 PM]	CNtlWorldShadow::LoadSwapFile (141):  file open failed. (11509_sec.sdw)
[18:04:56 PM]	CNtlPLObject::LoadSwapFile (3322):  file open failed. (11509_sec.objt)
[18:04:56 PM]	CNtlInstanceEffect::LoadSwapFile (801):  file open failed. (11509_sec.eff)
[18:04:56 PM]	CNtlPLOccluder_Quad::LoadSwapFile (830):  file open failed. (11509_sec.ocq)
[18:04:56 PM]	CNtlPLHeatHazeObject::LoadSwapFile (724):  file open failed. (11509_sec.hho)
[18:04:56 PM]	CNtlWorldShadow::LoadSwapFile (141):  file open failed. (11382_sec.sdw)
[18:04:56 PM]	CNtlPLObject::LoadSwapFile (3322):  file open failed. (11382_sec.objt)
[18:04:56 PM]	CNtlInstanceEffect::LoadSwapFile (801):  file open failed. (11382_sec.eff)
[18:04:56 PM]	CNtlPLOccluder_Quad::LoadSwapFile (830):  file open failed. (11382_sec.ocq)
[18:04:56 PM]	CNtlPLHeatHazeObject::LoadSwapFile (724):  file open failed. (11382_sec.hho)
[18:04:56 PM]	CNtlWorldShadow::LoadSwapFile (141):  file open failed. (11383_sec.sdw)
[18:04:56 PM]	CNtlPLObject::LoadSwapFile (3322):  file open failed. (11383_sec.objt)
[18:04:56 PM]	CNtlInstanceEffect::LoadSwapFile (801):  file open failed. (11383_sec.eff)
[18:04:56 PM]	CNtlPLOccluder_Quad::LoadSwapFile (830):  file open failed. (11383_sec.ocq)
[18:04:56 PM]	CNtlPLHeatHazeObject::LoadSwapFile (724):  file open failed. (11383_sec.hho)
[18:04:56 PM]	CNtlWorldShadow::LoadSwapFile (141):  file open failed. (11510_sec.sdw)
[18:04:57 PM]	CNtlPLObject::LoadSwapFile (3322):  file open failed. (11510_sec.objt)
[18:04:57 PM]	CNtlInstanceEffect::LoadSwapFile (801):  file open failed. (11510_sec.eff)
[18:04:57 PM]	CNtlPLOccluder_Quad::LoadSwapFile (830):  file open failed. (11510_sec.ocq)
[18:04:57 PM]	CNtlPLHeatHazeObject::LoadSwapFile (724):  file open failed. (11510_sec.hho)
[18:04:57 PM]	CNtlWorldShadow::LoadSwapFile (141):  file open failed. (11511_sec.sdw)
[18:04:57 PM]	CNtlPLObject::LoadSwapFile (3322):  file open failed. (11511_sec.objt)
[18:04:57 PM]	CNtlInstanceEffect::LoadSwapFile (801):  file open failed. (11511_sec.eff)
[18:04:57 PM]	CNtlPLOccluder_Quad::LoadSwapFile (830):  file open failed. (11511_sec.ocq)
[18:04:57 PM]	CNtlPLHeatHazeObject::LoadSwapFile (724):  file open failed. (11511_sec.hho)
[18:04:57 PM]	CNtlWorldShadow::LoadSwapFile (141):  file open failed. (11628_sec.sdw)
[18:04:57 PM]	CNtlPLObject::LoadSwapFile (3322):  file open failed. (11628_sec.objt)
[18:04:57 PM]	CNtlInstanceEffect::LoadSwapFile (801):  file open failed. (11628_sec.eff)
[18:04:57 PM]	CNtlPLOccluder_Quad::LoadSwapFile (830):  file open failed. (11628_sec.ocq)
[18:04:57 PM]	CNtlPLHeatHazeObject::LoadSwapFile (724):  file open failed. (11628_sec.hho)
[18:04:57 PM]	CNtlWorldShadow::LoadSwapFile (141):  file open failed. (11629_sec.sdw)
[18:04:57 PM]	CNtlPLObject::LoadSwapFile (3322):  file open failed. (11629_sec.objt)
[18:04:57 PM]	CNtlInstanceEffect::LoadSwapFile (801):  file open failed. (11629_sec.eff)
[18:04:57 PM]	CNtlPLOccluder_Quad::LoadSwapFile (830):  file open failed. (11629_sec.ocq)
[18:04:57 PM]	CNtlPLHeatHazeObject::LoadSwapFile (724):  file open failed. (11629_sec.hho)
[18:04:57 PM]	CNtlWorldShadow::LoadSwapFile (141):  file open failed. (11756_sec.sdw)
[18:04:57 PM]	CNtlPLObject::LoadSwapFile (3322):  file open failed. (11756_sec.objt)
[18:04:57 PM]	CNtlInstanceEffect::LoadSwapFile (801):  file open failed. (11756_sec.eff)
[18:04:57 PM]	CNtlPLOccluder_Quad::LoadSwapFile (830):  file open failed. (11756_sec.ocq)
[18:04:57 PM]	CNtlPLHeatHazeObject::LoadSwapFile (724):  file open failed. (11756_sec.hho)
[18:04:57 PM]	CNtlWorldShadow::LoadSwapFile (141):  file open failed. (11757_sec.sdw)
[18:04:57 PM]	CNtlPLObject::LoadSwapFile (3322):  file open failed. (11757_sec.objt)
[18:04:57 PM]	CNtlInstanceEffect::LoadSwapFile (801):  file open failed. (11757_sec.eff)
[18:04:57 PM]	CNtlPLOccluder_Quad::LoadSwapFile (830):  file open failed. (11757_sec.ocq)
[18:04:57 PM]	CNtlPLHeatHazeObject::LoadSwapFile (724):  file open failed. (11757_sec.hho)
[18:04:57 PM]	CNtlWorldShadow::LoadSwapFile (141):  file open failed. (11630_sec.sdw)
[18:04:57 PM]	CNtlPLObject::LoadSwapFile (3322):  file open failed. (11630_sec.objt)
[18:04:57 PM]	CNtlInstanceEffect::LoadSwapFile (801):  file open failed. (11630_sec.eff)
[18:04:57 PM]	CNtlPLOccluder_Quad::LoadSwapFile (830):  file open failed. (11630_sec.ocq)
[18:04:57 PM]	CNtlPLHeatHazeObject::LoadSwapFile (724):  file open failed. (11630_sec.hho)
[18:04:57 PM]	CNtlWorldShadow::LoadSwapFile (141):  file open failed. (11631_sec.sdw)
[18:04:57 PM]	CNtlPLObject::LoadSwapFile (3322):  file open failed. (11631_sec.objt)
[18:04:57 PM]	CNtlInstanceEffect::LoadSwapFile (801):  file open failed. (11631_sec.eff)
[18:04:57 PM]	CNtlPLOccluder_Quad::LoadSwapFile (830):  file open failed. (11631_sec.ocq)
[18:04:57 PM]	CNtlPLHeatHazeObject::LoadSwapFile (724):  file open failed. (11631_sec.hho)
[18:04:57 PM]	CNtlWorldShadow::LoadSwapFile (141):  file open failed. (11758_sec.sdw)
[18:04:57 PM]	CNtlPLObject::LoadSwapFile (3322):  file open failed. (11758_sec.objt)
[18:04:57 PM]	CNtlInstanceEffect::LoadSwapFile (801):  file open failed. (11758_sec.eff)
[18:04:57 PM]	CNtlPLOccluder_Quad::LoadSwapFile (830):  file open failed. (11758_sec.ocq)
[18:04:57 PM]	CNtlPLHeatHazeObject::LoadSwapFile (724):  file open failed. (11758_sec.hho)
[18:04:57 PM]	CNtlWorldShadow::LoadSwapFile (141):  file open failed. (11759_sec.sdw)
[18:04:57 PM]	CNtlPLObject::LoadSwapFile (3322):  file open failed. (11759_sec.objt)
[18:04:57 PM]	CNtlInstanceEffect::LoadSwapFile (801):  file open failed. (11759_sec.eff)
[18:04:57 PM]	CNtlPLOccluder_Quad::LoadSwapFile (830):  file open failed. (11759_sec.ocq)
[18:04:57 PM]	CNtlPLHeatHazeObject::LoadSwapFile (724):  file open failed. (11759_sec.hho)
[18:04:58 PM]	CNtlWorldShadow::LoadSwapFile (141):  file open failed. (11632_sec.sdw)
[18:04:58 PM]	CNtlPLObject::LoadSwapFile (3322):  file open failed. (11632_sec.objt)
[18:04:58 PM]	CNtlInstanceEffect::LoadSwapFile (801):  file open failed. (11632_sec.eff)
[18:04:58 PM]	CNtlPLOccluder_Quad::LoadSwapFile (830):  file open failed. (11632_sec.ocq)
[18:04:58 PM]	CNtlPLHeatHazeObject::LoadSwapFile (724):  file open failed. (11632_sec.hho)
[18:04:58 PM]	CNtlWorldShadow::LoadSwapFile (141):  file open failed. (11633_sec.sdw)
[18:04:58 PM]	CNtlPLObject::LoadSwapFile (3322):  file open failed. (11633_sec.objt)
[18:04:58 PM]	CNtlInstanceEffect::LoadSwapFile (801):  file open failed. (11633_sec.eff)
[18:04:58 PM]	CNtlPLOccluder_Quad::LoadSwapFile (830):  file open failed. (11633_sec.ocq)
[18:04:58 PM]	CNtlPLHeatHazeObject::LoadSwapFile (724):  file open failed. (11633_sec.hho)
[18:04:58 PM]	CNtlWorldShadow::LoadSwapFile (141):  file open failed. (11760_sec.sdw)
[18:04:58 PM]	CNtlPLObject::LoadSwapFile (3322):  file open failed. (11760_sec.objt)
[18:04:58 PM]	CNtlInstanceEffect::LoadSwapFile (801):  file open failed. (11760_sec.eff)
[18:04:58 PM]	CNtlPLOccluder_Quad::LoadSwapFile (830):  file open failed. (11760_sec.ocq)
[18:04:58 PM]	CNtlPLHeatHazeObject::LoadSwapFile (724):  file open failed. (11760_sec.hho)
[18:04:58 PM]	CNtlWorldShadow::LoadSwapFile (141):  file open failed. (11761_sec.sdw)
[18:04:58 PM]	CNtlPLObject::LoadSwapFile (3322):  file open failed. (11761_sec.objt)
[18:04:58 PM]	CNtlInstanceEffect::LoadSwapFile (801):  file open failed. (11761_sec.eff)
[18:04:58 PM]	CNtlPLOccluder_Quad::LoadSwapFile (830):  file open failed. (11761_sec.ocq)
[18:04:58 PM]	CNtlPLHeatHazeObject::LoadSwapFile (724):  file open failed. (11761_sec.hho)
[18:04:58 PM]	CNtlWorldShadow::LoadSwapFile (141):  file open failed. (11634_sec.sdw)
[18:04:58 PM]	CNtlPLObject::LoadSwapFile (3322):  file open failed. (11634_sec.objt)
[18:04:58 PM]	CNtlInstanceEffect::LoadSwapFile (801):  file open failed. (11634_sec.eff)
[18:04:58 PM]	CNtlPLOccluder_Quad::LoadSwapFile (830):  file open failed. (11634_sec.ocq)
[18:04:58 PM]	CNtlPLHeatHazeObject::LoadSwapFile (724):  file open failed. (11634_sec.hho)
[18:04:58 PM]	CNtlWorldShadow::LoadSwapFile (141):  file open failed. (11635_sec.sdw)
[18:04:58 PM]	CNtlPLObject::LoadSwapFile (3322):  file open failed. (11635_sec.objt)
[18:04:58 PM]	CNtlInstanceEffect::LoadSwapFile (801):  file open failed. (11635_sec.eff)
[18:04:58 PM]	CNtlPLOccluder_Quad::LoadSwapFile (830):  file open failed. (11635_sec.ocq)
[18:04:58 PM]	CNtlPLHeatHazeObject::LoadSwapFile (724):  file open failed. (11635_sec.hho)
[18:04:58 PM]	CNtlWorldShadow::LoadSwapFile (141):  file open failed. (11762_sec.sdw)
[18:04:58 PM]	CNtlPLObject::LoadSwapFile (3322):  file open failed. (11762_sec.objt)
[18:04:58 PM]	CNtlInstanceEffect::LoadSwapFile (801):  file open failed. (11762_sec.eff)
[18:04:58 PM]	CNtlPLOccluder_Quad::LoadSwapFile (830):  file open failed. (11762_sec.ocq)
[18:04:58 PM]	CNtlPLHeatHazeObject::LoadSwapFile (724):  file open failed. (11762_sec.hho)
[18:04:58 PM]	CNtlWorldShadow::LoadSwapFile (141):  file open failed. (11763_sec.sdw)
[18:04:58 PM]	CNtlPLObject::LoadSwapFile (3322):  file open failed. (11763_sec.objt)
[18:04:58 PM]	CNtlInstanceEffect::LoadSwapFile (801):  file open failed. (11763_sec.eff)
[18:04:58 PM]	CNtlPLOccluder_Quad::LoadSwapFile (830):  file open failed. (11763_sec.ocq)
[18:04:58 PM]	CNtlPLHeatHazeObject::LoadSwapFile (724):  file open failed. (11763_sec.hho)
[18:04:58 PM]	CNtlWorldShadow::LoadSwapFile (141):  file open failed. (11636_sec.sdw)
[18:04:58 PM]	CNtlPLObject::LoadSwapFile (3322):  file open failed. (11636_sec.objt)
[18:04:58 PM]	CNtlInstanceEffect::LoadSwapFile (801):  file open failed. (11636_sec.eff)
[18:04:58 PM]	CNtlPLOccluder_Quad::LoadSwapFile (830):  file open failed. (11636_sec.ocq)
[18:04:58 PM]	CNtlPLHeatHazeObject::LoadSwapFile (724):  file open failed. (11636_sec.hho)
[18:04:58 PM]	CNtlWorldShadow::LoadSwapFile (141):  file open failed. (11637_sec.sdw)
[18:04:58 PM]	CNtlPLObject::LoadSwapFile (3322):  file open failed. (11637_sec.objt)
[18:04:58 PM]	CNtlInstanceEffect::LoadSwapFile (801):  file open failed. (11637_sec.eff)
[18:04:58 PM]	CNtlPLOccluder_Quad::LoadSwapFile (830):  file open failed. (11637_sec.ocq)
[18:04:58 PM]	CNtlPLHeatHazeObject::LoadSwapFile (724):  file open failed. (11637_sec.hho)
[18:04:58 PM]	CNtlWorldShadow::LoadSwapFile (141):  file open failed. (11764_sec.sdw)
[18:04:58 PM]	CNtlPLObject::LoadSwapFile (3322):  file open failed. (11764_sec.objt)
[18:04:58 PM]	CNtlInstanceEffect::LoadSwapFile (801):  file open failed. (11764_sec.eff)
[18:04:58 PM]	CNtlPLOccluder_Quad::LoadSwapFile (830):  file open failed. (11764_sec.ocq)
[18:04:58 PM]	CNtlPLHeatHazeObject::LoadSwapFile (724):  file open failed. (11764_sec.hho)
[18:04:58 PM]	CNtlWorldShadow::LoadSwapFile (141):  file open failed. (11765_sec.sdw)
[18:04:59 PM]	CNtlPLObject::LoadSwapFile (3322):  file open failed. (11765_sec.objt)
[18:04:59 PM]	CNtlInstanceEffect::LoadSwapFile (801):  file open failed. (11765_sec.eff)
[18:04:59 PM]	CNtlPLOccluder_Quad::LoadSwapFile (830):  file open failed. (11765_sec.ocq)
[18:04:59 PM]	CNtlPLHeatHazeObject::LoadSwapFile (724):  file open failed. (11765_sec.hho)
[18:04:59 PM]	CNtlWorldShadow::LoadSwapFile (141):  file open failed. (11638_sec.sdw)
[18:04:59 PM]	CNtlPLObject::LoadSwapFile (3322):  file open failed. (11638_sec.objt)
[18:04:59 PM]	CNtlInstanceEffect::LoadSwapFile (801):  file open failed. (11638_sec.eff)
[18:04:59 PM]	CNtlPLOccluder_Quad::LoadSwapFile (830):  file open failed. (11638_sec.ocq)
[18:04:59 PM]	CNtlPLHeatHazeObject::LoadSwapFile (724):  file open failed. (11638_sec.hho)
[18:04:59 PM]	CNtlWorldShadow::LoadSwapFile (141):  file open failed. (11639_sec.sdw)
[18:04:59 PM]	CNtlPLObject::LoadSwapFile (3322):  file open failed. (11639_sec.objt)
[18:04:59 PM]	CNtlInstanceEffect::LoadSwapFile (801):  file open failed. (11639_sec.eff)
[18:04:59 PM]	CNtlPLOccluder_Quad::LoadSwapFile (830):  file open failed. (11639_sec.ocq)
[18:04:59 PM]	CNtlPLHeatHazeObject::LoadSwapFile (724):  file open failed. (11639_sec.hho)
[18:04:59 PM]	CNtlWorldShadow::LoadSwapFile (141):  file open failed. (11766_sec.sdw)
[18:04:59 PM]	CNtlPLObject::LoadSwapFile (3322):  file open failed. (11766_sec.objt)
[18:04:59 PM]	CNtlInstanceEffect::LoadSwapFile (801):  file open failed. (11766_sec.eff)
[18:04:59 PM]	CNtlPLOccluder_Quad::LoadSwapFile (830):  file open failed. (11766_sec.ocq)
[18:04:59 PM]	CNtlPLHeatHazeObject::LoadSwapFile (724):  file open failed. (11766_sec.hho)
[18:04:59 PM]	CNtlWorldShadow::LoadSwapFile (141):  file open failed. (11767_sec.sdw)
[18:04:59 PM]	CNtlPLObject::LoadSwapFile (3322):  file open failed. (11767_sec.objt)
[18:04:59 PM]	CNtlInstanceEffect::LoadSwapFile (801):  file open failed. (11767_sec.eff)
[18:04:59 PM]	CNtlPLOccluder_Quad::LoadSwapFile (830):  file open failed. (11767_sec.ocq)
[18:04:59 PM]	CNtlPLHeatHazeObject::LoadSwapFile (724):  file open failed. (11767_sec.hho)
[18:04:59 PM]	CNtlWorldShadow::LoadSwapFile (141):  file open failed. (11884_sec.sdw)
[18:04:59 PM]	CNtlPLObject::LoadSwapFile (3322):  file open failed. (11884_sec.objt)
[18:04:59 PM]	CNtlInstanceEffect::LoadSwapFile (801):  file open failed. (11884_sec.eff)
[18:04:59 PM]	CNtlPLOccluder_Quad::LoadSwapFile (830):  file open failed. (11884_sec.ocq)
[18:04:59 PM]	CNtlPLHeatHazeObject::LoadSwapFile (724):  file open failed. (11884_sec.hho)
[18:04:59 PM]	CNtlWorldShadow::LoadSwapFile (141):  file open failed. (11885_sec.sdw)
[18:04:59 PM]	CNtlPLObject::LoadSwapFile (3322):  file open failed. (11885_sec.objt)
[18:04:59 PM]	CNtlInstanceEffect::LoadSwapFile (801):  file open failed. (11885_sec.eff)
[18:04:59 PM]	CNtlPLOccluder_Quad::LoadSwapFile (830):  file open failed. (11885_sec.ocq)
[18:04:59 PM]	CNtlPLHeatHazeObject::LoadSwapFile (724):  file open failed. (11885_sec.hho)
[18:04:59 PM]	CNtlWorldShadow::LoadSwapFile (141):  file open failed. (12012_sec.sdw)
[18:04:59 PM]	CNtlPLObject::LoadSwapFile (3322):  file open failed. (12012_sec.objt)
[18:04:59 PM]	CNtlInstanceEffect::LoadSwapFile (801):  file open failed. (12012_sec.eff)
[18:04:59 PM]	CNtlPLOccluder_Quad::LoadSwapFile (830):  file open failed. (12012_sec.ocq)
[18:04:59 PM]	CNtlPLHeatHazeObject::LoadSwapFile (724):  file open failed. (12012_sec.hho)
[18:04:59 PM]	CNtlWorldShadow::LoadSwapFile (141):  file open failed. (12013_sec.sdw)
[18:04:59 PM]	CNtlPLObject::LoadSwapFile (3322):  file open failed. (12013_sec.objt)
[18:04:59 PM]	CNtlInstanceEffect::LoadSwapFile (801):  file open failed. (12013_sec.eff)
[18:04:59 PM]	CNtlPLOccluder_Quad::LoadSwapFile (830):  file open failed. (12013_sec.ocq)
[18:04:59 PM]	CNtlPLHeatHazeObject::LoadSwapFile (724):  file open failed. (12013_sec.hho)
[18:04:59 PM]	CNtlWorldShadow::LoadSwapFile (141):  file open failed. (11886_sec.sdw)
