[20:29:16 PM]	=============== Start Trace ===============

[20:29:16 PM]	 === < SABER > Trace Start === 
[20:29:43 PM]	CNtlPLPropertyContainer::AddProp (258):  prop defined.(A_HMY_F_AD)
[20:29:48 PM]	CNtlPLVisualManager::GetHeightFieldWorldHeight (1170):  GetWorldHeight : Failed : IN(0,0,0), OUT_HEIGHT(-999)
[20:29:51 PM]	CNtlWorldShadow::LoadSwapFile (141):  file open failed. (66_sec.sdw)
[20:29:51 PM]	CNtlPLObject::LoadSwapFile (3330):  file open failed. (66_sec.objt)
[20:29:51 PM]	CNtlInstanceEffect::LoadSwapFile (801):  file open failed. (66_sec.eff)
[20:29:51 PM]	CNtlPLOccluder_Quad::LoadSwapFile (830):  file open failed. (66_sec.ocq)
[20:29:51 PM]	CNtlPLHeatHazeObject::LoadSwapFile (724):  file open failed. (66_sec.hho)
[20:29:51 PM]	CNtlWorldShadow::LoadSwapFile (141):  file open failed. (67_sec.sdw)
[20:29:51 PM]	CNtlPLObject::LoadSwapFile (3330):  file open failed. (67_sec.objt)
[20:29:51 PM]	CNtlInstanceEffect::LoadSwapFile (801):  file open failed. (67_sec.eff)
[20:29:51 PM]	CNtlPLOccluder_Quad::LoadSwapFile (830):  file open failed. (67_sec.ocq)
[20:29:51 PM]	CNtlPLHeatHazeObject::LoadSwapFile (724):  file open failed. (67_sec.hho)
[20:29:51 PM]	CNtlWorldShadow::LoadSwapFile (141):  file open failed. (82_sec.sdw)
[20:29:51 PM]	CNtlPLObject::LoadSwapFile (3330):  file open failed. (82_sec.objt)
[20:29:51 PM]	CNtlInstanceEffect::LoadSwapFile (801):  file open failed. (82_sec.eff)
[20:29:51 PM]	CNtlPLOccluder_Quad::LoadSwapFile (830):  file open failed. (82_sec.ocq)
[20:29:51 PM]	CNtlPLHeatHazeObject::LoadSwapFile (724):  file open failed. (82_sec.hho)
[20:29:51 PM]	CNtlWorldShadow::LoadSwapFile (141):  file open failed. (83_sec.sdw)
[20:29:51 PM]	CNtlPLObject::LoadSwapFile (3330):  file open failed. (83_sec.objt)
[20:29:51 PM]	CNtlInstanceEffect::LoadSwapFile (801):  file open failed. (83_sec.eff)
[20:29:51 PM]	CNtlPLOccluder_Quad::LoadSwapFile (830):  file open failed. (83_sec.ocq)
[20:29:51 PM]	CNtlPLHeatHazeObject::LoadSwapFile (724):  file open failed. (83_sec.hho)
[20:29:51 PM]	CNtlWorldShadow::LoadSwapFile (141):  file open failed. (68_sec.sdw)
[20:29:51 PM]	CNtlPLObject::LoadSwapFile (3330):  file open failed. (68_sec.objt)
[20:29:51 PM]	CNtlInstanceEffect::LoadSwapFile (801):  file open failed. (68_sec.eff)
[20:29:51 PM]	CNtlPLOccluder_Quad::LoadSwapFile (830):  file open failed. (68_sec.ocq)
[20:29:51 PM]	CNtlPLHeatHazeObject::LoadSwapFile (724):  file open failed. (68_sec.hho)
[20:29:51 PM]	CNtlWorldShadow::LoadSwapFile (141):  file open failed. (69_sec.sdw)
[20:29:51 PM]	CNtlPLObject::LoadSwapFile (3330):  file open failed. (69_sec.objt)
[20:29:51 PM]	CNtlInstanceEffect::LoadSwapFile (801):  file open failed. (69_sec.eff)
[20:29:51 PM]	CNtlPLOccluder_Quad::LoadSwapFile (830):  file open failed. (69_sec.ocq)
[20:29:51 PM]	CNtlPLHeatHazeObject::LoadSwapFile (724):  file open failed. (69_sec.hho)
[20:29:51 PM]	CNtlWorldShadow::LoadSwapFile (141):  file open failed. (84_sec.sdw)
[20:29:51 PM]	CNtlPLObject::LoadSwapFile (3330):  file open failed. (84_sec.objt)
[20:29:51 PM]	CNtlInstanceEffect::LoadSwapFile (801):  file open failed. (84_sec.eff)
[20:29:51 PM]	CNtlPLOccluder_Quad::LoadSwapFile (830):  file open failed. (84_sec.ocq)
[20:29:51 PM]	CNtlPLHeatHazeObject::LoadSwapFile (724):  file open failed. (84_sec.hho)
[20:29:51 PM]	CNtlWorldShadow::LoadSwapFile (141):  file open failed. (85_sec.sdw)
[20:29:51 PM]	CNtlPLObject::LoadSwapFile (3330):  file open failed. (85_sec.objt)
[20:29:51 PM]	CNtlInstanceEffect::LoadSwapFile (801):  file open failed. (85_sec.eff)
[20:29:51 PM]	CNtlPLOccluder_Quad::LoadSwapFile (830):  file open failed. (85_sec.ocq)
[20:29:51 PM]	CNtlPLHeatHazeObject::LoadSwapFile (724):  file open failed. (85_sec.hho)
[20:29:51 PM]	CNtlWorldShadow::LoadSwapFile (141):  file open failed. (70_sec.sdw)
[20:29:51 PM]	CNtlPLObject::LoadSwapFile (3330):  file open failed. (70_sec.objt)
[20:29:51 PM]	CNtlInstanceEffect::LoadSwapFile (801):  file open failed. (70_sec.eff)
[20:29:51 PM]	CNtlPLOccluder_Quad::LoadSwapFile (830):  file open failed. (70_sec.ocq)
[20:29:51 PM]	CNtlPLHeatHazeObject::LoadSwapFile (724):  file open failed. (70_sec.hho)
[20:29:51 PM]	CNtlWorldShadow::LoadSwapFile (141):  file open failed. (71_sec.sdw)
[20:29:51 PM]	CNtlPLObject::LoadSwapFile (3330):  file open failed. (71_sec.objt)
[20:29:51 PM]	CNtlInstanceEffect::LoadSwapFile (801):  file open failed. (71_sec.eff)
[20:29:51 PM]	CNtlPLOccluder_Quad::LoadSwapFile (830):  file open failed. (71_sec.ocq)
[20:29:51 PM]	CNtlPLHeatHazeObject::LoadSwapFile (724):  file open failed. (71_sec.hho)
[20:29:51 PM]	CNtlWorldShadow::LoadSwapFile (141):  file open failed. (86_sec.sdw)
[20:29:51 PM]	CNtlPLObject::LoadSwapFile (3330):  file open failed. (86_sec.objt)
[20:29:51 PM]	CNtlInstanceEffect::LoadSwapFile (801):  file open failed. (86_sec.eff)
[20:29:51 PM]	CNtlPLOccluder_Quad::LoadSwapFile (830):  file open failed. (86_sec.ocq)
[20:29:51 PM]	CNtlPLHeatHazeObject::LoadSwapFile (724):  file open failed. (86_sec.hho)
[20:29:51 PM]	CNtlWorldShadow::LoadSwapFile (141):  file open failed. (87_sec.sdw)
[20:29:51 PM]	CNtlPLObject::LoadSwapFile (3330):  file open failed. (87_sec.objt)
[20:29:51 PM]	CNtlInstanceEffect::LoadSwapFile (801):  file open failed. (87_sec.eff)
[20:29:51 PM]	CNtlPLOccluder_Quad::LoadSwapFile (830):  file open failed. (87_sec.ocq)
[20:29:51 PM]	CNtlPLHeatHazeObject::LoadSwapFile (724):  file open failed. (87_sec.hho)
