[01:20:52 AM]	=============== Start Trace ===============

[01:20:52 AM]	 === < SABER > Trace Start === 
[01:21:18 AM]	CNtlPLPropertyContainer::AddProp (258):  prop defined.(A_HMY_F_AD)
[01:21:27 AM]	CNtlPLVisualManager::GetHeightFieldWorldHeight (1170):  GetWorldHeight : Failed : IN(0,0,0), OUT_HEIGHT(-999)
[01:21:32 AM]	CNtlWorldShadow::LoadSwapFile (141):  file open failed. (1818_sec.sdw)
[01:21:32 AM]	CNtlPLObject::LoadSwapFile (3330):  file open failed. (1818_sec.objt)
[01:21:32 AM]	CNtlInstanceEffect::LoadSwapFile (801):  file open failed. (1818_sec.eff)
[01:21:32 AM]	CNtlPLOccluder_Quad::LoadSwapFile (830):  file open failed. (1818_sec.ocq)
[01:21:32 AM]	CNtlPLHeatHazeObject::LoadSwapFile (724):  file open failed. (1818_sec.hho)
[01:21:32 AM]	CNtlWorldShadow::LoadSwapFile (141):  file open failed. (1819_sec.sdw)
[01:21:32 AM]	CNtlPLObject::LoadSwapFile (3330):  file open failed. (1819_sec.objt)
[01:21:32 AM]	CNtlInstanceEffect::LoadSwapFile (801):  file open failed. (1819_sec.eff)
[01:21:32 AM]	CNtlPLOccluder_Quad::LoadSwapFile (830):  file open failed. (1819_sec.ocq)
[01:21:32 AM]	CNtlPLHeatHazeObject::LoadSwapFile (724):  file open failed. (1819_sec.hho)
[01:21:32 AM]	CNtlWorldShadow::LoadSwapFile (141):  file open failed. (1882_sec.sdw)
[01:21:32 AM]	CNtlPLObject::LoadSwapFile (3330):  file open failed. (1882_sec.objt)
[01:21:32 AM]	CNtlInstanceEffect::LoadSwapFile (801):  file open failed. (1882_sec.eff)
[01:21:32 AM]	CNtlPLOccluder_Quad::LoadSwapFile (830):  file open failed. (1882_sec.ocq)
[01:21:32 AM]	CNtlPLHeatHazeObject::LoadSwapFile (724):  file open failed. (1882_sec.hho)
[01:21:32 AM]	CNtlWorldShadow::LoadSwapFile (141):  file open failed. (1883_sec.sdw)
[01:21:32 AM]	CNtlPLObject::LoadSwapFile (3330):  file open failed. (1883_sec.objt)
[01:21:32 AM]	CNtlInstanceEffect::LoadSwapFile (801):  file open failed. (1883_sec.eff)
[01:21:32 AM]	CNtlPLOccluder_Quad::LoadSwapFile (830):  file open failed. (1883_sec.ocq)
[01:21:32 AM]	CNtlPLHeatHazeObject::LoadSwapFile (724):  file open failed. (1883_sec.hho)
[01:21:32 AM]	CNtlWorldShadow::LoadSwapFile (141):  file open failed. (1820_sec.sdw)
[01:21:32 AM]	CNtlPLObject::LoadSwapFile (3330):  file open failed. (1820_sec.objt)
[01:21:32 AM]	CNtlInstanceEffect::LoadSwapFile (801):  file open failed. (1820_sec.eff)
[01:21:32 AM]	CNtlPLOccluder_Quad::LoadSwapFile (830):  file open failed. (1820_sec.ocq)
[01:21:32 AM]	CNtlPLHeatHazeObject::LoadSwapFile (724):  file open failed. (1820_sec.hho)
[01:21:32 AM]	CNtlWorldShadow::LoadSwapFile (141):  file open failed. (1821_sec.sdw)
[01:21:32 AM]	CNtlPLObject::LoadSwapFile (3330):  file open failed. (1821_sec.objt)
[01:21:32 AM]	CNtlInstanceEffect::LoadSwapFile (801):  file open failed. (1821_sec.eff)
[01:21:32 AM]	CNtlPLOccluder_Quad::LoadSwapFile (830):  file open failed. (1821_sec.ocq)
[01:21:32 AM]	CNtlPLHeatHazeObject::LoadSwapFile (724):  file open failed. (1821_sec.hho)
[01:21:32 AM]	CNtlWorldShadow::LoadSwapFile (141):  file open failed. (1884_sec.sdw)
[01:21:32 AM]	CNtlPLObject::LoadSwapFile (3330):  file open failed. (1884_sec.objt)
[01:21:32 AM]	CNtlInstanceEffect::LoadSwapFile (801):  file open failed. (1884_sec.eff)
[01:21:32 AM]	CNtlPLOccluder_Quad::LoadSwapFile (830):  file open failed. (1884_sec.ocq)
[01:21:33 AM]	CNtlPLHeatHazeObject::LoadSwapFile (724):  file open failed. (1884_sec.hho)
[01:21:33 AM]	CNtlWorldShadow::LoadSwapFile (141):  file open failed. (1885_sec.sdw)
[01:21:33 AM]	CNtlPLObject::LoadSwapFile (3330):  file open failed. (1885_sec.objt)
[01:21:33 AM]	CNtlInstanceEffect::LoadSwapFile (801):  file open failed. (1885_sec.eff)
[01:21:33 AM]	CNtlPLOccluder_Quad::LoadSwapFile (830):  file open failed. (1885_sec.ocq)
[01:21:33 AM]	CNtlPLHeatHazeObject::LoadSwapFile (724):  file open failed. (1885_sec.hho)
[01:21:33 AM]	CNtlWorldShadow::LoadSwapFile (141):  file open failed. (1822_sec.sdw)
[01:21:33 AM]	CNtlPLObject::LoadSwapFile (3330):  file open failed. (1822_sec.objt)
[01:21:33 AM]	CNtlInstanceEffect::LoadSwapFile (801):  file open failed. (1822_sec.eff)
[01:21:33 AM]	CNtlPLOccluder_Quad::LoadSwapFile (830):  file open failed. (1822_sec.ocq)
[01:21:33 AM]	CNtlPLHeatHazeObject::LoadSwapFile (724):  file open failed. (1822_sec.hho)
[01:21:33 AM]	CNtlWorldShadow::LoadSwapFile (141):  file open failed. (1823_sec.sdw)
[01:21:33 AM]	CNtlPLObject::LoadSwapFile (3330):  file open failed. (1823_sec.objt)
[01:21:33 AM]	CNtlInstanceEffect::LoadSwapFile (801):  file open failed. (1823_sec.eff)
[01:21:33 AM]	CNtlPLOccluder_Quad::LoadSwapFile (830):  file open failed. (1823_sec.ocq)
[01:21:33 AM]	CNtlPLHeatHazeObject::LoadSwapFile (724):  file open failed. (1823_sec.hho)
[01:21:33 AM]	CNtlWorldShadow::LoadSwapFile (141):  file open failed. (1886_sec.sdw)
[01:21:33 AM]	CNtlPLObject::LoadSwapFile (3330):  file open failed. (1886_sec.objt)
[01:21:33 AM]	CNtlInstanceEffect::LoadSwapFile (801):  file open failed. (1886_sec.eff)
[01:21:33 AM]	CNtlPLOccluder_Quad::LoadSwapFile (830):  file open failed. (1886_sec.ocq)
[01:21:33 AM]	CNtlPLHeatHazeObject::LoadSwapFile (724):  file open failed. (1886_sec.hho)
[01:21:33 AM]	CNtlWorldShadow::LoadSwapFile (141):  file open failed. (1887_sec.sdw)
[01:21:33 AM]	CNtlPLObject::LoadSwapFile (3330):  file open failed. (1887_sec.objt)
[01:21:33 AM]	CNtlInstanceEffect::LoadSwapFile (801):  file open failed. (1887_sec.eff)
[01:21:33 AM]	CNtlPLOccluder_Quad::LoadSwapFile (830):  file open failed. (1887_sec.ocq)
[01:21:33 AM]	CNtlPLHeatHazeObject::LoadSwapFile (724):  file open failed. (1887_sec.hho)
[01:21:33 AM]	CNtlWorldShadow::LoadSwapFile (141):  file open failed. (1824_sec.sdw)
[01:21:33 AM]	CNtlPLObject::LoadSwapFile (3330):  file open failed. (1824_sec.objt)
[01:21:33 AM]	CNtlInstanceEffect::LoadSwapFile (801):  file open failed. (1824_sec.eff)
[01:21:33 AM]	CNtlPLOccluder_Quad::LoadSwapFile (830):  file open failed. (1824_sec.ocq)
[01:21:33 AM]	CNtlPLHeatHazeObject::LoadSwapFile (724):  file open failed. (1824_sec.hho)
[01:21:33 AM]	CNtlWorldShadow::LoadSwapFile (141):  file open failed. (1825_sec.sdw)
[01:21:34 AM]	CNtlPLObject::LoadSwapFile (3330):  file open failed. (1825_sec.objt)
[01:21:34 AM]	CNtlInstanceEffect::LoadSwapFile (801):  file open failed. (1825_sec.eff)
[01:21:34 AM]	CNtlPLOccluder_Quad::LoadSwapFile (830):  file open failed. (1825_sec.ocq)
[01:21:34 AM]	CNtlPLHeatHazeObject::LoadSwapFile (724):  file open failed. (1825_sec.hho)
[01:21:34 AM]	CNtlWorldShadow::LoadSwapFile (141):  file open failed. (1888_sec.sdw)
[01:21:34 AM]	CNtlPLObject::LoadSwapFile (3330):  file open failed. (1888_sec.objt)
[01:21:34 AM]	CNtlInstanceEffect::LoadSwapFile (801):  file open failed. (1888_sec.eff)
[01:21:34 AM]	CNtlPLOccluder_Quad::LoadSwapFile (830):  file open failed. (1888_sec.ocq)
[01:21:34 AM]	CNtlPLHeatHazeObject::LoadSwapFile (724):  file open failed. (1888_sec.hho)
[01:21:34 AM]	CNtlWorldShadow::LoadSwapFile (141):  file open failed. (1889_sec.sdw)
[01:21:34 AM]	CNtlPLObject::LoadSwapFile (3330):  file open failed. (1889_sec.objt)
[01:21:34 AM]	CNtlInstanceEffect::LoadSwapFile (801):  file open failed. (1889_sec.eff)
[01:21:34 AM]	CNtlPLOccluder_Quad::LoadSwapFile (830):  file open failed. (1889_sec.ocq)
[01:21:34 AM]	CNtlPLHeatHazeObject::LoadSwapFile (724):  file open failed. (1889_sec.hho)
[01:21:34 AM]	CNtlWorldShadow::LoadSwapFile (141):  file open failed. (1826_sec.sdw)
[01:21:34 AM]	CNtlPLVisualManager::CreateEntity (688):  CNtlPLVisualManager::CreateEntity the property(.xml) find not(10_N_MUSHROOM_004)
