[18:00:36 PM]	=============== Start Trace ===============

[18:00:36 PM]	 === < SABER > Trace Start === 
[18:08:06 PM]	CNtlPLPropertyContainer::AddProp (258):  prop defined.(A_HMY_F_AD)
[18:08:15 PM]	CNtlWorldShadow::LoadSwapFile (141):  file open failed. (66_sec.sdw)
[18:08:15 PM]	CNtlWorldShadow::LoadSwapFile (141):  file open failed. (67_sec.sdw)
[18:08:15 PM]	CNtlWorldShadow::LoadSwapFile (141):  file open failed. (82_sec.sdw)
[18:08:15 PM]	CNtlWorldShadow::LoadSwapFile (141):  file open failed. (83_sec.sdw)
[18:08:15 PM]	CNtlWorldShadow::LoadSwapFile (141):  file open failed. (68_sec.sdw)
[18:08:15 PM]	CNtlWorldShadow::LoadSwapFile (141):  file open failed. (69_sec.sdw)
[18:08:15 PM]	CNtlWorldShadow::LoadSwapFile (141):  file open failed. (84_sec.sdw)
[18:08:15 PM]	CNtlWorldShadow::LoadSwapFile (141):  file open failed. (85_sec.sdw)
[18:08:15 PM]	CNtlWorldShadow::LoadSwapFile (141):  file open failed. (70_sec.sdw)
[18:08:15 PM]	CNtlWorldShadow::LoadSwapFile (141):  file open failed. (71_sec.sdw)
[18:08:15 PM]	CNtlWorldShadow::LoadSwapFile (141):  file open failed. (86_sec.sdw)
[18:08:15 PM]	CNtlWorldShadow::LoadSwapFile (141):  file open failed. (87_sec.sdw)
[18:08:15 PM]	CNtlWorldShadow::LoadSwapFile (141):  file open failed. (72_sec.sdw)
[18:08:15 PM]	CNtlWorldShadow::LoadSwapFile (141):  file open failed. (73_sec.sdw)
[18:08:15 PM]	CNtlWorldShadow::LoadSwapFile (141):  file open failed. (88_sec.sdw)
[18:08:15 PM]	CNtlWorldShadow::LoadSwapFile (141):  file open failed. (89_sec.sdw)
[18:08:15 PM]	CNtlWorldShadow::LoadSwapFile (141):  file open failed. (74_sec.sdw)
[18:08:16 PM]	CNtlWorldShadow::LoadSwapFile (141):  file open failed. (75_sec.sdw)
[18:08:16 PM]	CNtlWorldShadow::LoadSwapFile (141):  file open failed. (90_sec.sdw)
[18:08:16 PM]	CNtlWorldShadow::LoadSwapFile (141):  file open failed. (91_sec.sdw)
[18:08:16 PM]	CNtlWorldShadow::LoadSwapFile (141):  file open failed. (76_sec.sdw)
[18:08:16 PM]	CNtlWorldShadow::LoadSwapFile (141):  file open failed. (77_sec.sdw)
[18:08:16 PM]	CNtlWorldShadow::LoadSwapFile (141):  file open failed. (92_sec.sdw)
[18:08:16 PM]	CNtlWorldShadow::LoadSwapFile (141):  file open failed. (93_sec.sdw)
[18:08:16 PM]	CNtlWorldShadow::LoadSwapFile (141):  file open failed. (98_sec.sdw)
[18:08:16 PM]	CNtlWorldShadow::LoadSwapFile (141):  file open failed. (99_sec.sdw)
[18:08:16 PM]	CNtlWorldShadow::LoadSwapFile (141):  file open failed. (114_sec.sdw)
[18:08:16 PM]	CNtlWorldShadow::LoadSwapFile (141):  file open failed. (115_sec.sdw)
[18:08:16 PM]	CNtlWorldShadow::LoadSwapFile (141):  file open failed. (100_sec.sdw)
[18:08:16 PM]	CNtlWorldShadow::LoadSwapFile (141):  file open failed. (101_sec.sdw)
[18:08:16 PM]	CNtlWorldShadow::LoadSwapFile (141):  file open failed. (116_sec.sdw)
[18:08:16 PM]	CNtlWorldShadow::LoadSwapFile (141):  file open failed. (117_sec.sdw)
[18:08:16 PM]	CNtlWorldShadow::LoadSwapFile (141):  file open failed. (102_sec.sdw)
[18:08:16 PM]	CNtlWorldShadow::LoadSwapFile (141):  file open failed. (103_sec.sdw)
[18:08:16 PM]	CNtlWorldShadow::LoadSwapFile (141):  file open failed. (118_sec.sdw)
[18:08:16 PM]	CNtlWorldShadow::LoadSwapFile (141):  file open failed. (119_sec.sdw)
[18:08:16 PM]	CNtlWorldShadow::LoadSwapFile (141):  file open failed. (104_sec.sdw)
[18:08:16 PM]	CNtlWorldShadow::LoadSwapFile (141):  file open failed. (105_sec.sdw)
[18:08:16 PM]	CNtlWorldShadow::LoadSwapFile (141):  file open failed. (120_sec.sdw)
[18:08:16 PM]	CNtlWorldShadow::LoadSwapFile (141):  file open failed. (121_sec.sdw)
[18:08:16 PM]	CNtlWorldShadow::LoadSwapFile (141):  file open failed. (106_sec.sdw)
[18:08:16 PM]	CNtlWorldShadow::LoadSwapFile (141):  file open failed. (107_sec.sdw)
[18:08:16 PM]	CNtlWorldShadow::LoadSwapFile (141):  file open failed. (122_sec.sdw)
[18:08:16 PM]	CNtlWorldShadow::LoadSwapFile (141):  file open failed. (123_sec.sdw)
[18:08:16 PM]	CNtlWorldShadow::LoadSwapFile (141):  file open failed. (108_sec.sdw)
[18:08:16 PM]	CNtlWorldShadow::LoadSwapFile (141):  file open failed. (109_sec.sdw)
[18:08:16 PM]	CNtlWorldShadow::LoadSwapFile (141):  file open failed. (124_sec.sdw)
[18:08:16 PM]	CNtlWorldShadow::LoadSwapFile (141):  file open failed. (125_sec.sdw)
[18:08:16 PM]	CNtlWorldShadow::LoadSwapFile (141):  file open failed. (130_sec.sdw)
[18:08:16 PM]	CNtlWorldShadow::LoadSwapFile (141):  file open failed. (131_sec.sdw)
[18:08:16 PM]	CNtlWorldShadow::LoadSwapFile (141):  file open failed. (146_sec.sdw)
[18:08:16 PM]	CNtlWorldShadow::LoadSwapFile (141):  file open failed. (147_sec.sdw)
[18:08:17 PM]	CNtlWorldShadow::LoadSwapFile (141):  file open failed. (132_sec.sdw)
[18:08:17 PM]	CNtlWorldShadow::LoadSwapFile (141):  file open failed. (133_sec.sdw)
[18:08:17 PM]	CNtlWorldShadow::LoadSwapFile (141):  file open failed. (148_sec.sdw)
[18:08:17 PM]	CNtlWorldShadow::LoadSwapFile (141):  file open failed. (149_sec.sdw)
[18:08:17 PM]	CNtlWorldShadow::LoadSwapFile (141):  file open failed. (134_sec.sdw)
[18:08:17 PM]	CNtlWorldShadow::LoadSwapFile (141):  file open failed. (135_sec.sdw)
[18:08:17 PM]	CNtlWorldShadow::LoadSwapFile (141):  file open failed. (150_sec.sdw)
[18:08:17 PM]	CNtlWorldShadow::LoadSwapFile (141):  file open failed. (151_sec.sdw)
[18:08:17 PM]	CNtlWorldShadow::LoadSwapFile (141):  file open failed. (136_sec.sdw)
[18:08:17 PM]	CNtlWorldShadow::LoadSwapFile (141):  file open failed. (137_sec.sdw)
[18:08:17 PM]	CNtlWorldShadow::LoadSwapFile (141):  file open failed. (152_sec.sdw)
[18:08:17 PM]	CNtlWorldShadow::LoadSwapFile (141):  file open failed. (153_sec.sdw)
[18:08:17 PM]	CNtlWorldShadow::LoadSwapFile (141):  file open failed. (138_sec.sdw)
[18:08:17 PM]	CNtlWorldShadow::LoadSwapFile (141):  file open failed. (139_sec.sdw)
[18:08:17 PM]	CNtlWorldShadow::LoadSwapFile (141):  file open failed. (154_sec.sdw)
[18:08:17 PM]	CNtlWorldShadow::LoadSwapFile (141):  file open failed. (155_sec.sdw)
[18:08:17 PM]	CNtlWorldShadow::LoadSwapFile (141):  file open failed. (140_sec.sdw)
[18:08:17 PM]	CNtlWorldShadow::LoadSwapFile (141):  file open failed. (141_sec.sdw)
[18:08:17 PM]	CNtlWorldShadow::LoadSwapFile (141):  file open failed. (156_sec.sdw)
[18:08:17 PM]	CNtlWorldShadow::LoadSwapFile (141):  file open failed. (157_sec.sdw)
[18:08:17 PM]	CNtlWorldShadow::LoadSwapFile (141):  file open failed. (162_sec.sdw)
[18:08:17 PM]	CNtlWorldShadow::LoadSwapFile (141):  file open failed. (163_sec.sdw)
[18:08:17 PM]	CNtlWorldShadow::LoadSwapFile (141):  file open failed. (178_sec.sdw)
[18:08:17 PM]	CNtlWorldShadow::LoadSwapFile (141):  file open failed. (179_sec.sdw)
[18:08:17 PM]	CNtlWorldShadow::LoadSwapFile (141):  file open failed. (164_sec.sdw)
[18:08:17 PM]	CNtlWorldShadow::LoadSwapFile (141):  file open failed. (165_sec.sdw)
[18:08:17 PM]	CNtlWorldShadow::LoadSwapFile (141):  file open failed. (180_sec.sdw)
[18:08:17 PM]	CNtlWorldShadow::LoadSwapFile (141):  file open failed. (181_sec.sdw)
[18:08:17 PM]	CNtlWorldShadow::LoadSwapFile (141):  file open failed. (166_sec.sdw)
[18:08:17 PM]	CNtlWorldShadow::LoadSwapFile (141):  file open failed. (167_sec.sdw)
[18:08:18 PM]	CNtlWorldShadow::LoadSwapFile (141):  file open failed. (182_sec.sdw)
[18:08:18 PM]	CNtlWorldShadow::LoadSwapFile (141):  file open failed. (183_sec.sdw)
[18:08:18 PM]	CNtlWorldShadow::LoadSwapFile (141):  file open failed. (168_sec.sdw)
[18:08:18 PM]	CNtlWorldShadow::LoadSwapFile (141):  file open failed. (169_sec.sdw)
[18:08:18 PM]	CNtlWorldShadow::LoadSwapFile (141):  file open failed. (184_sec.sdw)
[18:08:18 PM]	CNtlWorldShadow::LoadSwapFile (141):  file open failed. (185_sec.sdw)
[18:08:18 PM]	CNtlWorldShadow::LoadSwapFile (141):  file open failed. (170_sec.sdw)
[18:08:18 PM]	CNtlWorldShadow::LoadSwapFile (141):  file open failed. (171_sec.sdw)
[18:08:18 PM]	CNtlWorldShadow::LoadSwapFile (141):  file open failed. (186_sec.sdw)
[18:08:18 PM]	CNtlWorldShadow::LoadSwapFile (141):  file open failed. (187_sec.sdw)
[18:08:18 PM]	CNtlWorldShadow::LoadSwapFile (141):  file open failed. (172_sec.sdw)
[18:08:18 PM]	CNtlWorldShadow::LoadSwapFile (141):  file open failed. (173_sec.sdw)
[18:08:18 PM]	CNtlWorldShadow::LoadSwapFile (141):  file open failed. (188_sec.sdw)
[18:08:18 PM]	CNtlWorldShadow::LoadSwapFile (141):  file open failed. (189_sec.sdw)
[18:08:18 PM]	CNtlWorldShadow::LoadSwapFile (141):  file open failed. (194_sec.sdw)
[18:08:18 PM]	CNtlWorldShadow::LoadSwapFile (141):  file open failed. (195_sec.sdw)
[18:08:18 PM]	CNtlWorldShadow::LoadSwapFile (141):  file open failed. (210_sec.sdw)
[18:08:18 PM]	CNtlWorldShadow::LoadSwapFile (141):  file open failed. (211_sec.sdw)
[18:08:18 PM]	CNtlWorldShadow::LoadSwapFile (141):  file open failed. (196_sec.sdw)
[18:08:18 PM]	CNtlWorldShadow::LoadSwapFile (141):  file open failed. (197_sec.sdw)
[18:08:18 PM]	CNtlWorldShadow::LoadSwapFile (141):  file open failed. (212_sec.sdw)
[18:08:18 PM]	CNtlWorldShadow::LoadSwapFile (141):  file open failed. (213_sec.sdw)
[18:08:18 PM]	CNtlWorldShadow::LoadSwapFile (141):  file open failed. (198_sec.sdw)
[18:08:18 PM]	CNtlWorldShadow::LoadSwapFile (141):  file open failed. (199_sec.sdw)
[18:08:18 PM]	CNtlWorldShadow::LoadSwapFile (141):  file open failed. (214_sec.sdw)
[18:08:18 PM]	CNtlWorldShadow::LoadSwapFile (141):  file open failed. (215_sec.sdw)
[18:08:18 PM]	CNtlWorldShadow::LoadSwapFile (141):  file open failed. (200_sec.sdw)
[18:08:19 PM]	CNtlWorldShadow::LoadSwapFile (141):  file open failed. (201_sec.sdw)
[18:08:19 PM]	CNtlWorldShadow::LoadSwapFile (141):  file open failed. (216_sec.sdw)
[18:08:19 PM]	CNtlWorldShadow::LoadSwapFile (141):  file open failed. (217_sec.sdw)
[18:08:19 PM]	CNtlWorldShadow::LoadSwapFile (141):  file open failed. (202_sec.sdw)
[18:08:19 PM]	CNtlWorldShadow::LoadSwapFile (141):  file open failed. (203_sec.sdw)
[18:08:19 PM]	CNtlWorldShadow::LoadSwapFile (141):  file open failed. (218_sec.sdw)
[18:08:19 PM]	CNtlWorldShadow::LoadSwapFile (141):  file open failed. (219_sec.sdw)
[18:08:19 PM]	CNtlWorldShadow::LoadSwapFile (141):  file open failed. (204_sec.sdw)
[18:08:19 PM]	CNtlWorldShadow::LoadSwapFile (141):  file open failed. (205_sec.sdw)
[18:08:19 PM]	CNtlWorldShadow::LoadSwapFile (141):  file open failed. (220_sec.sdw)
[18:08:19 PM]	CNtlWorldShadow::LoadSwapFile (141):  file open failed. (221_sec.sdw)
[18:08:19 PM]	CNtlWorldShadow::LoadSwapFile (141):  file open failed. (226_sec.sdw)
[18:08:19 PM]	CNtlWorldShadow::LoadSwapFile (141):  file open failed. (227_sec.sdw)
[18:08:19 PM]	CNtlWorldShadow::LoadSwapFile (141):  file open failed. (242_sec.sdw)
[18:08:19 PM]	CNtlWorldShadow::LoadSwapFile (141):  file open failed. (243_sec.sdw)
[18:08:19 PM]	CNtlWorldShadow::LoadSwapFile (141):  file open failed. (228_sec.sdw)
[18:08:19 PM]	CNtlWorldShadow::LoadSwapFile (141):  file open failed. (229_sec.sdw)
[18:08:19 PM]	CNtlWorldShadow::LoadSwapFile (141):  file open failed. (244_sec.sdw)
[18:08:19 PM]	CNtlWorldShadow::LoadSwapFile (141):  file open failed. (245_sec.sdw)
[18:08:19 PM]	CNtlWorldShadow::LoadSwapFile (141):  file open failed. (230_sec.sdw)
[18:08:19 PM]	CNtlWorldShadow::LoadSwapFile (141):  file open failed. (231_sec.sdw)
[18:08:19 PM]	CNtlWorldShadow::LoadSwapFile (141):  file open failed. (246_sec.sdw)
[18:08:19 PM]	CNtlWorldShadow::LoadSwapFile (141):  file open failed. (247_sec.sdw)
[18:08:19 PM]	CNtlWorldShadow::LoadSwapFile (141):  file open failed. (232_sec.sdw)
[18:08:19 PM]	CNtlWorldShadow::LoadSwapFile (141):  file open failed. (233_sec.sdw)
[18:08:19 PM]	CNtlWorldShadow::LoadSwapFile (141):  file open failed. (248_sec.sdw)
[18:08:19 PM]	CNtlWorldShadow::LoadSwapFile (141):  file open failed. (249_sec.sdw)
[18:08:19 PM]	CNtlWorldShadow::LoadSwapFile (141):  file open failed. (234_sec.sdw)
[18:08:19 PM]	CNtlWorldShadow::LoadSwapFile (141):  file open failed. (235_sec.sdw)
[18:08:19 PM]	CNtlWorldShadow::LoadSwapFile (141):  file open failed. (250_sec.sdw)
[18:08:19 PM]	CNtlWorldShadow::LoadSwapFile (141):  file open failed. (251_sec.sdw)
[18:08:20 PM]	CNtlWorldShadow::LoadSwapFile (141):  file open failed. (236_sec.sdw)
[18:08:20 PM]	CNtlWorldShadow::LoadSwapFile (141):  file open failed. (237_sec.sdw)
[18:08:20 PM]	CNtlWorldShadow::LoadSwapFile (141):  file open failed. (252_sec.sdw)
[18:08:20 PM]	CNtlWorldShadow::LoadSwapFile (141):  file open failed. (253_sec.sdw)
[18:08:32 PM]	CNtlWorldShadow::LoadSwapFile (141):  file open failed. (34_sec.sdw)
[18:08:32 PM]	CNtlWorldShadow::LoadSwapFile (141):  file open failed. (35_sec.sdw)
[18:08:32 PM]	CNtlWorldShadow::LoadSwapFile (141):  file open failed. (50_sec.sdw)
[18:08:32 PM]	CNtlWorldShadow::LoadSwapFile (141):  file open failed. (51_sec.sdw)
[18:08:32 PM]	CNtlWorldShadow::LoadSwapFile (141):  file open failed. (36_sec.sdw)
[18:08:32 PM]	CNtlWorldShadow::LoadSwapFile (141):  file open failed. (37_sec.sdw)
[18:08:32 PM]	CNtlWorldShadow::LoadSwapFile (141):  file open failed. (52_sec.sdw)
[18:08:32 PM]	CNtlWorldShadow::LoadSwapFile (141):  file open failed. (53_sec.sdw)
[18:08:32 PM]	CNtlWorldShadow::LoadSwapFile (141):  file open failed. (38_sec.sdw)
[18:08:32 PM]	CNtlWorldShadow::LoadSwapFile (141):  file open failed. (39_sec.sdw)
[18:08:32 PM]	CNtlWorldShadow::LoadSwapFile (141):  file open failed. (54_sec.sdw)
[18:08:32 PM]	CNtlWorldShadow::LoadSwapFile (141):  file open failed. (55_sec.sdw)
[18:08:32 PM]	CNtlWorldShadow::LoadSwapFile (141):  file open failed. (40_sec.sdw)
[18:08:32 PM]	CNtlWorldShadow::LoadSwapFile (141):  file open failed. (41_sec.sdw)
[18:08:32 PM]	CNtlWorldShadow::LoadSwapFile (141):  file open failed. (56_sec.sdw)
[18:08:32 PM]	CNtlWorldShadow::LoadSwapFile (141):  file open failed. (57_sec.sdw)
[18:08:32 PM]	CNtlWorldShadow::LoadSwapFile (141):  file open failed. (42_sec.sdw)
[18:08:32 PM]	CNtlWorldShadow::LoadSwapFile (141):  file open failed. (43_sec.sdw)
[18:08:32 PM]	CNtlWorldShadow::LoadSwapFile (141):  file open failed. (58_sec.sdw)
[18:08:32 PM]	CNtlWorldShadow::LoadSwapFile (141):  file open failed. (59_sec.sdw)
[18:08:32 PM]	CNtlWorldShadow::LoadSwapFile (141):  file open failed. (44_sec.sdw)
[18:08:32 PM]	CNtlWorldShadow::LoadSwapFile (141):  file open failed. (45_sec.sdw)
[18:08:32 PM]	CNtlWorldShadow::LoadSwapFile (141):  file open failed. (60_sec.sdw)
[18:08:32 PM]	CNtlWorldShadow::LoadSwapFile (141):  file open failed. (61_sec.sdw)
[18:09:14 PM]	CNtlWorldShadow::LoadSwapFile (141):  file open failed. (64_sec.sdw)
[18:09:14 PM]	CNtlWorldShadow::LoadSwapFile (141):  file open failed. (65_sec.sdw)
[18:09:14 PM]	CNtlWorldShadow::LoadSwapFile (141):  file open failed. (80_sec.sdw)
[18:09:14 PM]	CNtlWorldShadow::LoadSwapFile (141):  file open failed. (81_sec.sdw)
[18:09:14 PM]	CNtlWorldShadow::LoadSwapFile (141):  file open failed. (96_sec.sdw)
[18:09:14 PM]	CNtlWorldShadow::LoadSwapFile (141):  file open failed. (97_sec.sdw)
[18:09:14 PM]	CNtlWorldShadow::LoadSwapFile (141):  file open failed. (112_sec.sdw)
[18:09:14 PM]	CNtlWorldShadow::LoadSwapFile (141):  file open failed. (113_sec.sdw)
[18:09:14 PM]	CNtlWorldShadow::LoadSwapFile (141):  file open failed. (128_sec.sdw)
[18:09:14 PM]	CNtlWorldShadow::LoadSwapFile (141):  file open failed. (129_sec.sdw)
[18:09:14 PM]	CNtlWorldShadow::LoadSwapFile (141):  file open failed. (144_sec.sdw)
[18:09:14 PM]	CNtlWorldShadow::LoadSwapFile (141):  file open failed. (145_sec.sdw)
[18:09:14 PM]	CNtlWorldShadow::LoadSwapFile (141):  file open failed. (160_sec.sdw)
[18:09:14 PM]	CNtlWorldShadow::LoadSwapFile (141):  file open failed. (161_sec.sdw)
[18:09:14 PM]	CNtlWorldShadow::LoadSwapFile (141):  file open failed. (176_sec.sdw)
[18:09:14 PM]	CNtlWorldShadow::LoadSwapFile (141):  file open failed. (177_sec.sdw)
[18:09:14 PM]	CNtlWorldShadow::LoadSwapFile (141):  file open failed. (192_sec.sdw)
[18:09:14 PM]	CNtlWorldShadow::LoadSwapFile (141):  file open failed. (193_sec.sdw)
[18:09:14 PM]	CNtlWorldShadow::LoadSwapFile (141):  file open failed. (208_sec.sdw)
[18:09:14 PM]	CNtlWorldShadow::LoadSwapFile (141):  file open failed. (209_sec.sdw)
[18:09:14 PM]	CNtlWorldShadow::LoadSwapFile (141):  file open failed. (224_sec.sdw)
[18:09:15 PM]	CNtlWorldShadow::LoadSwapFile (141):  file open failed. (225_sec.sdw)
[18:09:15 PM]	CNtlWorldShadow::LoadSwapFile (141):  file open failed. (240_sec.sdw)
[18:09:15 PM]	CNtlWorldShadow::LoadSwapFile (141):  file open failed. (241_sec.sdw)
[18:14:06 PM]	CNtlWorldShadow::LoadSwapFile (141):  file open failed. (32_sec.sdw)
[18:14:07 PM]	CNtlWorldShadow::LoadSwapFile (141):  file open failed. (33_sec.sdw)
[18:14:07 PM]	CNtlWorldShadow::LoadSwapFile (141):  file open failed. (48_sec.sdw)
[18:14:07 PM]	CNtlWorldShadow::LoadSwapFile (141):  file open failed. (49_sec.sdw)
[19:11:14 PM]	CNtlPLResourceManager::LoadClump (550):  CNtlPLResourceManager::LoadClump the clump find not(Effect\Max_Dragonball_01.dff)
[20:49:39 PM]	 === < SABER > Trace End === 
