[22:06:23 PM]	=============== Start Trace ===============

[22:06:24 PM]	 === < SABER > Trace Start === 
[22:06:44 PM]	CNtlPLPropertyContainer::AddProp (258):  prop defined.(A_HMY_F_AD)
[22:06:49 PM]	CNtlPLVisualManager::GetHeightFieldWorldHeight (1170):  GetWorldHeight : Failed : IN(0,0,0), OUT_HEIGHT(-999)
[22:08:15 PM]	CNtlWorldShadow::LoadSwapFile (141):  file open failed. (8006_sec.sdw)
[22:08:15 PM]	CNtlPLObject::LoadSwapFile (3331):  file open failed. (8006_sec.objt)
[22:08:15 PM]	CNtlInstanceEffect::LoadSwapFile (801):  file open failed. (8006_sec.eff)
[22:08:15 PM]	CNtlPLOccluder_Quad::LoadSwapFile (830):  file open failed. (8006_sec.ocq)
[22:08:15 PM]	CNtlPLHeatHazeObject::LoadSwapFile (724):  file open failed. (8006_sec.hho)
[22:08:15 PM]	CNtlWorldShadow::LoadSwapFile (141):  file open failed. (8007_sec.sdw)
[22:08:15 PM]	CNtlPLObject::LoadSwapFile (3331):  file open failed. (8007_sec.objt)
[22:08:15 PM]	CNtlInstanceEffect::LoadSwapFile (801):  file open failed. (8007_sec.eff)
[22:08:15 PM]	CNtlPLOccluder_Quad::LoadSwapFile (830):  file open failed. (8007_sec.ocq)
[22:08:15 PM]	CNtlPLHeatHazeObject::LoadSwapFile (724):  file open failed. (8007_sec.hho)
[22:08:15 PM]	CNtlWorldShadow::LoadSwapFile (141):  file open failed. (8134_sec.sdw)
[22:08:15 PM]	CNtlPLObject::LoadSwapFile (3331):  file open failed. (8134_sec.objt)
[22:08:15 PM]	CNtlInstanceEffect::LoadSwapFile (801):  file open failed. (8134_sec.eff)
[22:08:15 PM]	CNtlPLOccluder_Quad::LoadSwapFile (830):  file open failed. (8134_sec.ocq)
[22:08:15 PM]	CNtlPLHeatHazeObject::LoadSwapFile (724):  file open failed. (8134_sec.hho)
[22:08:15 PM]	CNtlWorldShadow::LoadSwapFile (141):  file open failed. (8135_sec.sdw)
[22:08:15 PM]	CNtlPLObject::LoadSwapFile (3331):  file open failed. (8135_sec.objt)
[22:08:15 PM]	CNtlInstanceEffect::LoadSwapFile (801):  file open failed. (8135_sec.eff)
[22:08:15 PM]	CNtlPLOccluder_Quad::LoadSwapFile (830):  file open failed. (8135_sec.ocq)
[22:08:15 PM]	CNtlPLHeatHazeObject::LoadSwapFile (724):  file open failed. (8135_sec.hho)
[22:08:15 PM]	CNtlWorldShadow::LoadSwapFile (141):  file open failed. (8262_sec.sdw)
[22:08:15 PM]	CNtlPLObject::LoadSwapFile (3331):  file open failed. (8262_sec.objt)
[22:08:15 PM]	CNtlInstanceEffect::LoadSwapFile (801):  file open failed. (8262_sec.eff)
[22:08:15 PM]	CNtlPLOccluder_Quad::LoadSwapFile (830):  file open failed. (8262_sec.ocq)
[22:08:15 PM]	CNtlPLHeatHazeObject::LoadSwapFile (724):  file open failed. (8262_sec.hho)
[22:08:15 PM]	CNtlWorldShadow::LoadSwapFile (141):  file open failed. (8263_sec.sdw)
[22:08:15 PM]	CNtlPLObject::LoadSwapFile (3331):  file open failed. (8263_sec.objt)
[22:08:15 PM]	CNtlInstanceEffect::LoadSwapFile (801):  file open failed. (8263_sec.eff)
[22:08:15 PM]	CNtlPLOccluder_Quad::LoadSwapFile (830):  file open failed. (8263_sec.ocq)
[22:08:15 PM]	CNtlPLHeatHazeObject::LoadSwapFile (724):  file open failed. (8263_sec.hho)
[22:08:15 PM]	CNtlWorldShadow::LoadSwapFile (141):  file open failed. (8390_sec.sdw)
[22:08:15 PM]	CNtlPLObject::LoadSwapFile (3331):  file open failed. (8390_sec.objt)
[22:08:15 PM]	CNtlInstanceEffect::LoadSwapFile (801):  file open failed. (8390_sec.eff)
[22:08:15 PM]	CNtlPLOccluder_Quad::LoadSwapFile (830):  file open failed. (8390_sec.ocq)
[22:08:15 PM]	CNtlPLHeatHazeObject::LoadSwapFile (724):  file open failed. (8390_sec.hho)
[22:08:15 PM]	CNtlWorldShadow::LoadSwapFile (141):  file open failed. (8391_sec.sdw)
[22:08:15 PM]	CNtlPLObject::LoadSwapFile (3331):  file open failed. (8391_sec.objt)
[22:08:15 PM]	CNtlInstanceEffect::LoadSwapFile (801):  file open failed. (8391_sec.eff)
[22:08:15 PM]	CNtlPLOccluder_Quad::LoadSwapFile (830):  file open failed. (8391_sec.ocq)
[22:08:15 PM]	CNtlPLHeatHazeObject::LoadSwapFile (724):  file open failed. (8391_sec.hho)
[22:08:15 PM]	CNtlWorldShadow::LoadSwapFile (141):  file open failed. (8518_sec.sdw)
[22:08:15 PM]	CNtlPLObject::LoadSwapFile (3331):  file open failed. (8518_sec.objt)
[22:08:15 PM]	CNtlInstanceEffect::LoadSwapFile (801):  file open failed. (8518_sec.eff)
[22:08:15 PM]	CNtlPLOccluder_Quad::LoadSwapFile (830):  file open failed. (8518_sec.ocq)
[22:08:15 PM]	CNtlPLHeatHazeObject::LoadSwapFile (724):  file open failed. (8518_sec.hho)
[22:08:15 PM]	CNtlWorldShadow::LoadSwapFile (141):  file open failed. (8519_sec.sdw)
[22:08:15 PM]	CNtlPLObject::LoadSwapFile (3331):  file open failed. (8519_sec.objt)
[22:08:15 PM]	CNtlInstanceEffect::LoadSwapFile (801):  file open failed. (8519_sec.eff)
[22:08:15 PM]	CNtlPLOccluder_Quad::LoadSwapFile (830):  file open failed. (8519_sec.ocq)
[22:08:15 PM]	CNtlPLHeatHazeObject::LoadSwapFile (724):  file open failed. (8519_sec.hho)
[22:08:15 PM]	CNtlWorldShadow::LoadSwapFile (141):  file open failed. (8646_sec.sdw)
[22:08:15 PM]	CNtlPLObject::LoadSwapFile (3331):  file open failed. (8646_sec.objt)
[22:08:15 PM]	CNtlInstanceEffect::LoadSwapFile (801):  file open failed. (8646_sec.eff)
[22:08:15 PM]	CNtlPLOccluder_Quad::LoadSwapFile (830):  file open failed. (8646_sec.ocq)
[22:08:15 PM]	CNtlPLHeatHazeObject::LoadSwapFile (724):  file open failed. (8646_sec.hho)
[22:08:15 PM]	CNtlWorldShadow::LoadSwapFile (141):  file open failed. (8647_sec.sdw)
[22:08:15 PM]	CNtlPLObject::LoadSwapFile (3331):  file open failed. (8647_sec.objt)
[22:08:15 PM]	CNtlInstanceEffect::LoadSwapFile (801):  file open failed. (8647_sec.eff)
[22:08:15 PM]	CNtlPLOccluder_Quad::LoadSwapFile (830):  file open failed. (8647_sec.ocq)
[22:08:15 PM]	CNtlPLHeatHazeObject::LoadSwapFile (724):  file open failed. (8647_sec.hho)
[22:08:18 PM]	CNtlWorldShadow::LoadSwapFile (141):  file open failed. (8774_sec.sdw)
[22:08:18 PM]	CNtlPLObject::LoadSwapFile (3331):  file open failed. (8774_sec.objt)
[22:08:18 PM]	CNtlInstanceEffect::LoadSwapFile (801):  file open failed. (8774_sec.eff)
[22:08:19 PM]	CNtlPLOccluder_Quad::LoadSwapFile (830):  file open failed. (8774_sec.ocq)
[22:08:19 PM]	CNtlPLHeatHazeObject::LoadSwapFile (724):  file open failed. (8774_sec.hho)
[22:08:19 PM]	CNtlWorldShadow::LoadSwapFile (141):  file open failed. (8775_sec.sdw)
[22:08:19 PM]	CNtlPLObject::LoadSwapFile (3331):  file open failed. (8775_sec.objt)
[22:08:19 PM]	CNtlInstanceEffect::LoadSwapFile (801):  file open failed. (8775_sec.eff)
[22:08:19 PM]	CNtlPLOccluder_Quad::LoadSwapFile (830):  file open failed. (8775_sec.ocq)
[22:08:19 PM]	CNtlPLHeatHazeObject::LoadSwapFile (724):  file open failed. (8775_sec.hho)
[22:08:19 PM]	CNtlWorldShadow::LoadSwapFile (141):  file open failed. (8902_sec.sdw)
[22:08:19 PM]	CNtlPLObject::LoadSwapFile (3331):  file open failed. (8902_sec.objt)
[22:08:19 PM]	CNtlInstanceEffect::LoadSwapFile (801):  file open failed. (8902_sec.eff)
[22:08:19 PM]	CNtlPLOccluder_Quad::LoadSwapFile (830):  file open failed. (8902_sec.ocq)
[22:08:19 PM]	CNtlPLHeatHazeObject::LoadSwapFile (724):  file open failed. (8902_sec.hho)
[22:08:19 PM]	CNtlWorldShadow::LoadSwapFile (141):  file open failed. (8903_sec.sdw)
[22:08:19 PM]	CNtlPLObject::LoadSwapFile (3331):  file open failed. (8903_sec.objt)
[22:08:19 PM]	CNtlInstanceEffect::LoadSwapFile (801):  file open failed. (8903_sec.eff)
[22:08:19 PM]	CNtlPLOccluder_Quad::LoadSwapFile (830):  file open failed. (8903_sec.ocq)
[22:08:19 PM]	CNtlPLHeatHazeObject::LoadSwapFile (724):  file open failed. (8903_sec.hho)
[22:08:19 PM]	CNtlWorldShadow::LoadSwapFile (141):  file open failed. (8008_sec.sdw)
[22:08:19 PM]	CNtlPLObject::LoadSwapFile (3331):  file open failed. (8008_sec.objt)
[22:08:19 PM]	CNtlInstanceEffect::LoadSwapFile (801):  file open failed. (8008_sec.eff)
[22:08:19 PM]	CNtlPLOccluder_Quad::LoadSwapFile (830):  file open failed. (8008_sec.ocq)
[22:08:19 PM]	CNtlPLHeatHazeObject::LoadSwapFile (724):  file open failed. (8008_sec.hho)
[22:08:19 PM]	CNtlWorldShadow::LoadSwapFile (141):  file open failed. (8009_sec.sdw)
[22:08:19 PM]	CNtlPLObject::LoadSwapFile (3331):  file open failed. (8009_sec.objt)
[22:08:19 PM]	CNtlInstanceEffect::LoadSwapFile (801):  file open failed. (8009_sec.eff)
[22:08:19 PM]	CNtlPLOccluder_Quad::LoadSwapFile (830):  file open failed. (8009_sec.ocq)
[22:08:19 PM]	CNtlPLHeatHazeObject::LoadSwapFile (724):  file open failed. (8009_sec.hho)
[22:08:19 PM]	CNtlWorldShadow::LoadSwapFile (141):  file open failed. (8136_sec.sdw)
[22:08:19 PM]	CNtlPLObject::LoadSwapFile (3331):  file open failed. (8136_sec.objt)
[22:08:19 PM]	CNtlInstanceEffect::LoadSwapFile (801):  file open failed. (8136_sec.eff)
[22:08:19 PM]	CNtlPLOccluder_Quad::LoadSwapFile (830):  file open failed. (8136_sec.ocq)
[22:08:19 PM]	CNtlPLHeatHazeObject::LoadSwapFile (724):  file open failed. (8136_sec.hho)
[22:08:19 PM]	CNtlWorldShadow::LoadSwapFile (141):  file open failed. (8137_sec.sdw)
[22:08:19 PM]	CNtlPLObject::LoadSwapFile (3331):  file open failed. (8137_sec.objt)
[22:08:19 PM]	CNtlInstanceEffect::LoadSwapFile (801):  file open failed. (8137_sec.eff)
[22:08:19 PM]	CNtlPLOccluder_Quad::LoadSwapFile (830):  file open failed. (8137_sec.ocq)
[22:08:19 PM]	CNtlPLHeatHazeObject::LoadSwapFile (724):  file open failed. (8137_sec.hho)
[22:08:19 PM]	CNtlWorldShadow::LoadSwapFile (141):  file open failed. (8264_sec.sdw)
[22:08:19 PM]	CNtlPLObject::LoadSwapFile (3331):  file open failed. (8264_sec.objt)
[22:08:19 PM]	CNtlInstanceEffect::LoadSwapFile (801):  file open failed. (8264_sec.eff)
[22:08:19 PM]	CNtlPLOccluder_Quad::LoadSwapFile (830):  file open failed. (8264_sec.ocq)
[22:08:19 PM]	CNtlPLHeatHazeObject::LoadSwapFile (724):  file open failed. (8264_sec.hho)
[22:08:19 PM]	CNtlWorldShadow::LoadSwapFile (141):  file open failed. (8265_sec.sdw)
[22:08:19 PM]	CNtlPLObject::LoadSwapFile (3331):  file open failed. (8265_sec.objt)
[22:08:19 PM]	CNtlInstanceEffect::LoadSwapFile (801):  file open failed. (8265_sec.eff)
[22:08:19 PM]	CNtlPLOccluder_Quad::LoadSwapFile (830):  file open failed. (8265_sec.ocq)
[22:08:19 PM]	CNtlPLHeatHazeObject::LoadSwapFile (724):  file open failed. (8265_sec.hho)
[22:08:19 PM]	CNtlWorldShadow::LoadSwapFile (141):  file open failed. (8392_sec.sdw)
[22:08:19 PM]	CNtlPLObject::LoadSwapFile (3331):  file open failed. (8392_sec.objt)
[22:08:19 PM]	CNtlInstanceEffect::LoadSwapFile (801):  file open failed. (8392_sec.eff)
[22:08:19 PM]	CNtlPLOccluder_Quad::LoadSwapFile (830):  file open failed. (8392_sec.ocq)
[22:08:19 PM]	CNtlPLHeatHazeObject::LoadSwapFile (724):  file open failed. (8392_sec.hho)
[22:08:19 PM]	CNtlWorldShadow::LoadSwapFile (141):  file open failed. (8393_sec.sdw)
[22:08:19 PM]	CNtlPLObject::LoadSwapFile (3331):  file open failed. (8393_sec.objt)
[22:08:19 PM]	CNtlInstanceEffect::LoadSwapFile (801):  file open failed. (8393_sec.eff)
[22:08:19 PM]	CNtlPLOccluder_Quad::LoadSwapFile (830):  file open failed. (8393_sec.ocq)
[22:08:19 PM]	CNtlPLHeatHazeObject::LoadSwapFile (724):  file open failed. (8393_sec.hho)
[22:08:19 PM]	CNtlWorldShadow::LoadSwapFile (141):  file open failed. (8520_sec.sdw)
[22:08:19 PM]	CNtlPLObject::LoadSwapFile (3331):  file open failed. (8520_sec.objt)
[22:08:19 PM]	CNtlInstanceEffect::LoadSwapFile (801):  file open failed. (8520_sec.eff)
[22:08:19 PM]	CNtlPLOccluder_Quad::LoadSwapFile (830):  file open failed. (8520_sec.ocq)
[22:08:19 PM]	CNtlPLHeatHazeObject::LoadSwapFile (724):  file open failed. (8520_sec.hho)
[22:08:19 PM]	CNtlWorldShadow::LoadSwapFile (141):  file open failed. (8521_sec.sdw)
[22:08:19 PM]	CNtlPLObject::LoadSwapFile (3331):  file open failed. (8521_sec.objt)
[22:08:19 PM]	CNtlInstanceEffect::LoadSwapFile (801):  file open failed. (8521_sec.eff)
[22:08:19 PM]	CNtlPLOccluder_Quad::LoadSwapFile (830):  file open failed. (8521_sec.ocq)
[22:08:19 PM]	CNtlPLHeatHazeObject::LoadSwapFile (724):  file open failed. (8521_sec.hho)
[22:08:19 PM]	CNtlWorldShadow::LoadSwapFile (141):  file open failed. (8648_sec.sdw)
[22:08:19 PM]	CNtlPLObject::LoadSwapFile (3331):  file open failed. (8648_sec.objt)
[22:08:19 PM]	CNtlInstanceEffect::LoadSwapFile (801):  file open failed. (8648_sec.eff)
[22:08:19 PM]	CNtlPLOccluder_Quad::LoadSwapFile (830):  file open failed. (8648_sec.ocq)
[22:08:19 PM]	CNtlPLHeatHazeObject::LoadSwapFile (724):  file open failed. (8648_sec.hho)
[22:08:19 PM]	CNtlWorldShadow::LoadSwapFile (141):  file open failed. (8649_sec.sdw)
[22:08:19 PM]	CNtlPLObject::LoadSwapFile (3331):  file open failed. (8649_sec.objt)
[22:08:19 PM]	CNtlInstanceEffect::LoadSwapFile (801):  file open failed. (8649_sec.eff)
[22:08:19 PM]	CNtlPLOccluder_Quad::LoadSwapFile (830):  file open failed. (8649_sec.ocq)
[22:08:19 PM]	CNtlPLHeatHazeObject::LoadSwapFile (724):  file open failed. (8649_sec.hho)
[22:08:19 PM]	CNtlWorldShadow::LoadSwapFile (141):  file open failed. (8776_sec.sdw)
[22:08:19 PM]	CNtlPLObject::LoadSwapFile (3331):  file open failed. (8776_sec.objt)
[22:08:19 PM]	CNtlInstanceEffect::LoadSwapFile (801):  file open failed. (8776_sec.eff)
[22:08:19 PM]	CNtlPLOccluder_Quad::LoadSwapFile (830):  file open failed. (8776_sec.ocq)
[22:08:19 PM]	CNtlPLHeatHazeObject::LoadSwapFile (724):  file open failed. (8776_sec.hho)
[22:08:19 PM]	CNtlWorldShadow::LoadSwapFile (141):  file open failed. (8777_sec.sdw)
[22:08:20 PM]	CNtlPLObject::LoadSwapFile (3331):  file open failed. (8777_sec.objt)
[22:08:20 PM]	CNtlInstanceEffect::LoadSwapFile (801):  file open failed. (8777_sec.eff)
[22:08:20 PM]	CNtlPLOccluder_Quad::LoadSwapFile (830):  file open failed. (8777_sec.ocq)
[22:08:20 PM]	CNtlPLHeatHazeObject::LoadSwapFile (724):  file open failed. (8777_sec.hho)
[22:08:20 PM]	CNtlWorldShadow::LoadSwapFile (141):  file open failed. (8904_sec.sdw)
[22:08:20 PM]	CNtlPLObject::LoadSwapFile (3331):  file open failed. (8904_sec.objt)
[22:08:20 PM]	CNtlInstanceEffect::LoadSwapFile (801):  file open failed. (8904_sec.eff)
[22:08:20 PM]	CNtlPLOccluder_Quad::LoadSwapFile (830):  file open failed. (8904_sec.ocq)
[22:08:20 PM]	CNtlPLHeatHazeObject::LoadSwapFile (724):  file open failed. (8904_sec.hho)
[22:08:20 PM]	CNtlWorldShadow::LoadSwapFile (141):  file open failed. (8905_sec.sdw)
[22:08:20 PM]	CNtlPLObject::LoadSwapFile (3331):  file open failed. (8905_sec.objt)
[22:08:20 PM]	CNtlInstanceEffect::LoadSwapFile (801):  file open failed. (8905_sec.eff)
[22:08:20 PM]	CNtlPLOccluder_Quad::LoadSwapFile (830):  file open failed. (8905_sec.ocq)
[22:08:20 PM]	CNtlPLHeatHazeObject::LoadSwapFile (724):  file open failed. (8905_sec.hho)
[22:08:22 PM]	CNtlWorldShadow::LoadSwapFile (141):  file open failed. (7498_sec.sdw)
[22:08:22 PM]	CNtlPLObject::LoadSwapFile (3331):  file open failed. (7498_sec.objt)
[22:08:22 PM]	CNtlInstanceEffect::LoadSwapFile (801):  file open failed. (7498_sec.eff)
[22:08:22 PM]	CNtlPLOccluder_Quad::LoadSwapFile (830):  file open failed. (7498_sec.ocq)
[22:08:22 PM]	CNtlPLHeatHazeObject::LoadSwapFile (724):  file open failed. (7498_sec.hho)
[22:08:22 PM]	CNtlWorldShadow::LoadSwapFile (141):  file open failed. (7499_sec.sdw)
[22:08:22 PM]	CNtlPLObject::LoadSwapFile (3331):  file open failed. (7499_sec.objt)
[22:08:22 PM]	CNtlInstanceEffect::LoadSwapFile (801):  file open failed. (7499_sec.eff)
[22:08:22 PM]	CNtlPLOccluder_Quad::LoadSwapFile (830):  file open failed. (7499_sec.ocq)
[22:08:22 PM]	CNtlPLHeatHazeObject::LoadSwapFile (724):  file open failed. (7499_sec.hho)
[22:08:22 PM]	CNtlWorldShadow::LoadSwapFile (141):  file open failed. (7626_sec.sdw)
[22:08:22 PM]	CNtlPLObject::LoadSwapFile (3331):  file open failed. (7626_sec.objt)
[22:08:22 PM]	CNtlInstanceEffect::LoadSwapFile (801):  file open failed. (7626_sec.eff)
[22:08:22 PM]	CNtlPLOccluder_Quad::LoadSwapFile (830):  file open failed. (7626_sec.ocq)
[22:08:22 PM]	CNtlPLHeatHazeObject::LoadSwapFile (724):  file open failed. (7626_sec.hho)
[22:08:22 PM]	CNtlWorldShadow::LoadSwapFile (141):  file open failed. (7627_sec.sdw)
[22:08:22 PM]	CNtlPLObject::LoadSwapFile (3331):  file open failed. (7627_sec.objt)
[22:08:22 PM]	CNtlInstanceEffect::LoadSwapFile (801):  file open failed. (7627_sec.eff)
[22:08:22 PM]	CNtlPLOccluder_Quad::LoadSwapFile (830):  file open failed. (7627_sec.ocq)
[22:08:22 PM]	CNtlPLHeatHazeObject::LoadSwapFile (724):  file open failed. (7627_sec.hho)
[22:08:22 PM]	CNtlWorldShadow::LoadSwapFile (141):  file open failed. (7754_sec.sdw)
[22:08:22 PM]	CNtlPLObject::LoadSwapFile (3331):  file open failed. (7754_sec.objt)
[22:08:22 PM]	CNtlInstanceEffect::LoadSwapFile (801):  file open failed. (7754_sec.eff)
[22:08:22 PM]	CNtlPLOccluder_Quad::LoadSwapFile (830):  file open failed. (7754_sec.ocq)
[22:08:22 PM]	CNtlPLHeatHazeObject::LoadSwapFile (724):  file open failed. (7754_sec.hho)
[22:08:22 PM]	CNtlWorldShadow::LoadSwapFile (141):  file open failed. (7755_sec.sdw)
[22:08:22 PM]	CNtlPLObject::LoadSwapFile (3331):  file open failed. (7755_sec.objt)
[22:08:22 PM]	CNtlInstanceEffect::LoadSwapFile (801):  file open failed. (7755_sec.eff)
[22:08:22 PM]	CNtlPLOccluder_Quad::LoadSwapFile (830):  file open failed. (7755_sec.ocq)
[22:08:22 PM]	CNtlPLHeatHazeObject::LoadSwapFile (724):  file open failed. (7755_sec.hho)
[22:08:22 PM]	CNtlWorldShadow::LoadSwapFile (141):  file open failed. (7882_sec.sdw)
[22:08:22 PM]	CNtlPLObject::LoadSwapFile (3331):  file open failed. (7882_sec.objt)
[22:08:22 PM]	CNtlInstanceEffect::LoadSwapFile (801):  file open failed. (7882_sec.eff)
[22:08:22 PM]	CNtlPLOccluder_Quad::LoadSwapFile (830):  file open failed. (7882_sec.ocq)
[22:08:22 PM]	CNtlPLHeatHazeObject::LoadSwapFile (724):  file open failed. (7882_sec.hho)
[22:08:22 PM]	CNtlWorldShadow::LoadSwapFile (141):  file open failed. (7883_sec.sdw)
[22:08:22 PM]	CNtlPLObject::LoadSwapFile (3331):  file open failed. (7883_sec.objt)
[22:08:22 PM]	CNtlInstanceEffect::LoadSwapFile (801):  file open failed. (7883_sec.eff)
[22:08:22 PM]	CNtlPLOccluder_Quad::LoadSwapFile (830):  file open failed. (7883_sec.ocq)
[22:08:22 PM]	CNtlPLHeatHazeObject::LoadSwapFile (724):  file open failed. (7883_sec.hho)
[22:08:22 PM]	CNtlWorldShadow::LoadSwapFile (141):  file open failed. (8010_sec.sdw)
[22:08:22 PM]	CNtlPLObject::LoadSwapFile (3331):  file open failed. (8010_sec.objt)
[22:08:22 PM]	CNtlInstanceEffect::LoadSwapFile (801):  file open failed. (8010_sec.eff)
[22:08:22 PM]	CNtlPLOccluder_Quad::LoadSwapFile (830):  file open failed. (8010_sec.ocq)
[22:08:22 PM]	CNtlPLHeatHazeObject::LoadSwapFile (724):  file open failed. (8010_sec.hho)
[22:08:22 PM]	CNtlWorldShadow::LoadSwapFile (141):  file open failed. (8011_sec.sdw)
[22:08:22 PM]	CNtlPLObject::LoadSwapFile (3331):  file open failed. (8011_sec.objt)
[22:08:22 PM]	CNtlInstanceEffect::LoadSwapFile (801):  file open failed. (8011_sec.eff)
[22:08:22 PM]	CNtlPLOccluder_Quad::LoadSwapFile (830):  file open failed. (8011_sec.ocq)
[22:08:22 PM]	CNtlPLHeatHazeObject::LoadSwapFile (724):  file open failed. (8011_sec.hho)
[22:08:22 PM]	CNtlWorldShadow::LoadSwapFile (141):  file open failed. (8138_sec.sdw)
[22:08:22 PM]	CNtlPLObject::LoadSwapFile (3331):  file open failed. (8138_sec.objt)
[22:08:22 PM]	CNtlInstanceEffect::LoadSwapFile (801):  file open failed. (8138_sec.eff)
[22:08:22 PM]	CNtlPLOccluder_Quad::LoadSwapFile (830):  file open failed. (8138_sec.ocq)
[22:08:22 PM]	CNtlPLHeatHazeObject::LoadSwapFile (724):  file open failed. (8138_sec.hho)
[22:08:22 PM]	CNtlWorldShadow::LoadSwapFile (141):  file open failed. (8139_sec.sdw)
[22:08:22 PM]	CNtlPLObject::LoadSwapFile (3331):  file open failed. (8139_sec.objt)
[22:08:22 PM]	CNtlInstanceEffect::LoadSwapFile (801):  file open failed. (8139_sec.eff)
[22:08:23 PM]	CNtlPLOccluder_Quad::LoadSwapFile (830):  file open failed. (8139_sec.ocq)
[22:08:23 PM]	CNtlPLHeatHazeObject::LoadSwapFile (724):  file open failed. (8139_sec.hho)
[22:08:23 PM]	CNtlWorldShadow::LoadSwapFile (141):  file open failed. (8266_sec.sdw)
[22:08:23 PM]	CNtlPLObject::LoadSwapFile (3331):  file open failed. (8266_sec.objt)
[22:08:23 PM]	CNtlInstanceEffect::LoadSwapFile (801):  file open failed. (8266_sec.eff)
[22:08:23 PM]	CNtlPLOccluder_Quad::LoadSwapFile (830):  file open failed. (8266_sec.ocq)
[22:08:23 PM]	CNtlPLHeatHazeObject::LoadSwapFile (724):  file open failed. (8266_sec.hho)
[22:08:23 PM]	CNtlWorldShadow::LoadSwapFile (141):  file open failed. (8267_sec.sdw)
[22:08:23 PM]	CNtlPLObject::LoadSwapFile (3331):  file open failed. (8267_sec.objt)
[22:08:23 PM]	CNtlInstanceEffect::LoadSwapFile (801):  file open failed. (8267_sec.eff)
[22:08:23 PM]	CNtlPLOccluder_Quad::LoadSwapFile (830):  file open failed. (8267_sec.ocq)
[22:08:23 PM]	CNtlPLHeatHazeObject::LoadSwapFile (724):  file open failed. (8267_sec.hho)
[22:08:23 PM]	CNtlWorldShadow::LoadSwapFile (141):  file open failed. (8394_sec.sdw)
[22:08:23 PM]	CNtlPLObject::LoadSwapFile (3331):  file open failed. (8394_sec.objt)
[22:08:23 PM]	CNtlInstanceEffect::LoadSwapFile (801):  file open failed. (8394_sec.eff)
[22:08:23 PM]	CNtlPLOccluder_Quad::LoadSwapFile (830):  file open failed. (8394_sec.ocq)
[22:08:23 PM]	CNtlPLHeatHazeObject::LoadSwapFile (724):  file open failed. (8394_sec.hho)
[22:08:23 PM]	CNtlWorldShadow::LoadSwapFile (141):  file open failed. (8395_sec.sdw)
[22:08:23 PM]	CNtlPLObject::LoadSwapFile (3331):  file open failed. (8395_sec.objt)
[22:08:23 PM]	CNtlInstanceEffect::LoadSwapFile (801):  file open failed. (8395_sec.eff)
[22:08:23 PM]	CNtlPLOccluder_Quad::LoadSwapFile (830):  file open failed. (8395_sec.ocq)
[22:08:23 PM]	CNtlPLHeatHazeObject::LoadSwapFile (724):  file open failed. (8395_sec.hho)
[22:08:23 PM]	CNtlWorldShadow::LoadSwapFile (141):  file open failed. (8522_sec.sdw)
[22:08:23 PM]	CNtlPLObject::LoadSwapFile (3331):  file open failed. (8522_sec.objt)
[22:08:23 PM]	CNtlInstanceEffect::LoadSwapFile (801):  file open failed. (8522_sec.eff)
[22:08:23 PM]	CNtlPLOccluder_Quad::LoadSwapFile (830):  file open failed. (8522_sec.ocq)
[22:08:23 PM]	CNtlPLHeatHazeObject::LoadSwapFile (724):  file open failed. (8522_sec.hho)
[22:08:23 PM]	CNtlWorldShadow::LoadSwapFile (141):  file open failed. (8523_sec.sdw)
[22:08:23 PM]	CNtlPLObject::LoadSwapFile (3331):  file open failed. (8523_sec.objt)
[22:08:23 PM]	CNtlInstanceEffect::LoadSwapFile (801):  file open failed. (8523_sec.eff)
[22:08:23 PM]	CNtlPLOccluder_Quad::LoadSwapFile (830):  file open failed. (8523_sec.ocq)
[22:08:23 PM]	CNtlPLHeatHazeObject::LoadSwapFile (724):  file open failed. (8523_sec.hho)
[22:08:23 PM]	CNtlWorldShadow::LoadSwapFile (141):  file open failed. (8650_sec.sdw)
[22:08:23 PM]	CNtlPLObject::LoadSwapFile (3331):  file open failed. (8650_sec.objt)
[22:08:23 PM]	CNtlInstanceEffect::LoadSwapFile (801):  file open failed. (8650_sec.eff)
[22:08:23 PM]	CNtlPLOccluder_Quad::LoadSwapFile (830):  file open failed. (8650_sec.ocq)
[22:08:23 PM]	CNtlPLHeatHazeObject::LoadSwapFile (724):  file open failed. (8650_sec.hho)
[22:08:23 PM]	CNtlWorldShadow::LoadSwapFile (141):  file open failed. (8651_sec.sdw)
[22:08:23 PM]	CNtlPLObject::LoadSwapFile (3331):  file open failed. (8651_sec.objt)
[22:08:23 PM]	CNtlInstanceEffect::LoadSwapFile (801):  file open failed. (8651_sec.eff)
[22:08:23 PM]	CNtlPLOccluder_Quad::LoadSwapFile (830):  file open failed. (8651_sec.ocq)
[22:08:23 PM]	CNtlPLHeatHazeObject::LoadSwapFile (724):  file open failed. (8651_sec.hho)
[22:08:23 PM]	CNtlWorldShadow::LoadSwapFile (141):  file open failed. (8778_sec.sdw)
[22:08:23 PM]	CNtlPLObject::LoadSwapFile (3331):  file open failed. (8778_sec.objt)
[22:08:23 PM]	CNtlInstanceEffect::LoadSwapFile (801):  file open failed. (8778_sec.eff)
[22:08:23 PM]	CNtlPLOccluder_Quad::LoadSwapFile (830):  file open failed. (8778_sec.ocq)
[22:08:23 PM]	CNtlPLHeatHazeObject::LoadSwapFile (724):  file open failed. (8778_sec.hho)
[22:08:23 PM]	CNtlWorldShadow::LoadSwapFile (141):  file open failed. (8779_sec.sdw)
[22:08:23 PM]	CNtlPLObject::LoadSwapFile (3331):  file open failed. (8779_sec.objt)
[22:08:23 PM]	CNtlInstanceEffect::LoadSwapFile (801):  file open failed. (8779_sec.eff)
[22:08:23 PM]	CNtlPLOccluder_Quad::LoadSwapFile (830):  file open failed. (8779_sec.ocq)
[22:08:23 PM]	CNtlPLHeatHazeObject::LoadSwapFile (724):  file open failed. (8779_sec.hho)
[22:08:23 PM]	CNtlWorldShadow::LoadSwapFile (141):  file open failed. (8906_sec.sdw)
[22:08:23 PM]	CNtlPLObject::LoadSwapFile (3331):  file open failed. (8906_sec.objt)
[22:08:23 PM]	CNtlInstanceEffect::LoadSwapFile (801):  file open failed. (8906_sec.eff)
[22:08:23 PM]	CNtlPLOccluder_Quad::LoadSwapFile (830):  file open failed. (8906_sec.ocq)
[22:08:23 PM]	CNtlPLHeatHazeObject::LoadSwapFile (724):  file open failed. (8906_sec.hho)
[22:08:23 PM]	CNtlWorldShadow::LoadSwapFile (141):  file open failed. (8907_sec.sdw)
[22:08:23 PM]	CNtlPLObject::LoadSwapFile (3331):  file open failed. (8907_sec.objt)
[22:08:23 PM]	CNtlInstanceEffect::LoadSwapFile (801):  file open failed. (8907_sec.eff)
[22:08:23 PM]	CNtlPLOccluder_Quad::LoadSwapFile (830):  file open failed. (8907_sec.ocq)
[22:08:23 PM]	CNtlPLHeatHazeObject::LoadSwapFile (724):  file open failed. (8907_sec.hho)
[22:08:23 PM]	CNtlWorldShadow::LoadSwapFile (141):  file open failed. (9030_sec.sdw)
[22:08:23 PM]	CNtlPLObject::LoadSwapFile (3331):  file open failed. (9030_sec.objt)
[22:08:23 PM]	CNtlInstanceEffect::LoadSwapFile (801):  file open failed. (9030_sec.eff)
[22:08:23 PM]	CNtlPLOccluder_Quad::LoadSwapFile (830):  file open failed. (9030_sec.ocq)
[22:08:23 PM]	CNtlPLHeatHazeObject::LoadSwapFile (724):  file open failed. (9030_sec.hho)
[22:08:23 PM]	CNtlWorldShadow::LoadSwapFile (141):  file open failed. (9031_sec.sdw)
[22:08:23 PM]	CNtlPLObject::LoadSwapFile (3331):  file open failed. (9031_sec.objt)
[22:08:23 PM]	CNtlInstanceEffect::LoadSwapFile (801):  file open failed. (9031_sec.eff)
[22:08:23 PM]	CNtlPLOccluder_Quad::LoadSwapFile (830):  file open failed. (9031_sec.ocq)
[22:08:23 PM]	CNtlPLHeatHazeObject::LoadSwapFile (724):  file open failed. (9031_sec.hho)
[22:08:23 PM]	CNtlWorldShadow::LoadSwapFile (141):  file open failed. (9158_sec.sdw)
[22:08:23 PM]	CNtlPLObject::LoadSwapFile (3331):  file open failed. (9158_sec.objt)
[22:08:23 PM]	CNtlInstanceEffect::LoadSwapFile (801):  file open failed. (9158_sec.eff)
[22:08:23 PM]	CNtlPLOccluder_Quad::LoadSwapFile (830):  file open failed. (9158_sec.ocq)
[22:08:23 PM]	CNtlPLHeatHazeObject::LoadSwapFile (724):  file open failed. (9158_sec.hho)
[22:08:23 PM]	CNtlWorldShadow::LoadSwapFile (141):  file open failed. (9159_sec.sdw)
[22:08:23 PM]	CNtlPLObject::LoadSwapFile (3331):  file open failed. (9159_sec.objt)
[22:08:23 PM]	CNtlInstanceEffect::LoadSwapFile (801):  file open failed. (9159_sec.eff)
[22:08:23 PM]	CNtlPLOccluder_Quad::LoadSwapFile (830):  file open failed. (9159_sec.ocq)
[22:08:23 PM]	CNtlPLHeatHazeObject::LoadSwapFile (724):  file open failed. (9159_sec.hho)
[22:08:23 PM]	CNtlWorldShadow::LoadSwapFile (141):  file open failed. (9032_sec.sdw)
[22:08:23 PM]	CNtlPLObject::LoadSwapFile (3331):  file open failed. (9032_sec.objt)
[22:08:23 PM]	CNtlInstanceEffect::LoadSwapFile (801):  file open failed. (9032_sec.eff)
[22:08:23 PM]	CNtlPLOccluder_Quad::LoadSwapFile (830):  file open failed. (9032_sec.ocq)
[22:08:23 PM]	CNtlPLHeatHazeObject::LoadSwapFile (724):  file open failed. (9032_sec.hho)
[22:08:23 PM]	CNtlWorldShadow::LoadSwapFile (141):  file open failed. (9033_sec.sdw)
[22:08:23 PM]	CNtlPLObject::LoadSwapFile (3331):  file open failed. (9033_sec.objt)
[22:08:23 PM]	CNtlInstanceEffect::LoadSwapFile (801):  file open failed. (9033_sec.eff)
[22:08:23 PM]	CNtlPLOccluder_Quad::LoadSwapFile (830):  file open failed. (9033_sec.ocq)
[22:08:23 PM]	CNtlPLHeatHazeObject::LoadSwapFile (724):  file open failed. (9033_sec.hho)
[22:08:23 PM]	CNtlWorldShadow::LoadSwapFile (141):  file open failed. (9160_sec.sdw)
[22:08:23 PM]	CNtlPLObject::LoadSwapFile (3331):  file open failed. (9160_sec.objt)
[22:08:23 PM]	CNtlInstanceEffect::LoadSwapFile (801):  file open failed. (9160_sec.eff)
[22:08:23 PM]	CNtlPLOccluder_Quad::LoadSwapFile (830):  file open failed. (9160_sec.ocq)
[22:08:23 PM]	CNtlPLHeatHazeObject::LoadSwapFile (724):  file open failed. (9160_sec.hho)
[22:08:23 PM]	CNtlWorldShadow::LoadSwapFile (141):  file open failed. (9161_sec.sdw)
[22:08:23 PM]	CNtlPLObject::LoadSwapFile (3331):  file open failed. (9161_sec.objt)
[22:08:23 PM]	CNtlInstanceEffect::LoadSwapFile (801):  file open failed. (9161_sec.eff)
[22:08:23 PM]	CNtlPLOccluder_Quad::LoadSwapFile (830):  file open failed. (9161_sec.ocq)
[22:08:24 PM]	CNtlPLHeatHazeObject::LoadSwapFile (724):  file open failed. (9161_sec.hho)
[22:08:24 PM]	CNtlWorldShadow::LoadSwapFile (141):  file open failed. (9034_sec.sdw)
[22:08:24 PM]	CNtlPLObject::LoadSwapFile (3331):  file open failed. (9034_sec.objt)
[22:08:24 PM]	CNtlInstanceEffect::LoadSwapFile (801):  file open failed. (9034_sec.eff)
[22:08:24 PM]	CNtlPLOccluder_Quad::LoadSwapFile (830):  file open failed. (9034_sec.ocq)
[22:08:24 PM]	CNtlPLHeatHazeObject::LoadSwapFile (724):  file open failed. (9034_sec.hho)
[22:08:24 PM]	CNtlWorldShadow::LoadSwapFile (141):  file open failed. (9035_sec.sdw)
[22:08:24 PM]	CNtlPLObject::LoadSwapFile (3331):  file open failed. (9035_sec.objt)
[22:08:24 PM]	CNtlInstanceEffect::LoadSwapFile (801):  file open failed. (9035_sec.eff)
[22:08:24 PM]	CNtlPLOccluder_Quad::LoadSwapFile (830):  file open failed. (9035_sec.ocq)
[22:08:24 PM]	CNtlPLHeatHazeObject::LoadSwapFile (724):  file open failed. (9035_sec.hho)
[22:08:24 PM]	CNtlWorldShadow::LoadSwapFile (141):  file open failed. (9162_sec.sdw)
[22:08:24 PM]	CNtlPLObject::LoadSwapFile (3331):  file open failed. (9162_sec.objt)
[22:08:24 PM]	CNtlInstanceEffect::LoadSwapFile (801):  file open failed. (9162_sec.eff)
[22:08:24 PM]	CNtlPLOccluder_Quad::LoadSwapFile (830):  file open failed. (9162_sec.ocq)
[22:08:24 PM]	CNtlPLHeatHazeObject::LoadSwapFile (724):  file open failed. (9162_sec.hho)
[22:08:24 PM]	CNtlWorldShadow::LoadSwapFile (141):  file open failed. (9163_sec.sdw)
[22:08:24 PM]	CNtlPLObject::LoadSwapFile (3331):  file open failed. (9163_sec.objt)
[22:08:24 PM]	CNtlInstanceEffect::LoadSwapFile (801):  file open failed. (9163_sec.eff)
[22:08:24 PM]	CNtlPLOccluder_Quad::LoadSwapFile (830):  file open failed. (9163_sec.ocq)
[22:08:24 PM]	CNtlPLHeatHazeObject::LoadSwapFile (724):  file open failed. (9163_sec.hho)
[22:08:27 PM]	CNtlWorldShadow::LoadSwapFile (141):  file open failed. (7756_sec.sdw)
[22:08:27 PM]	CNtlPLObject::LoadSwapFile (3331):  file open failed. (7756_sec.objt)
[22:08:27 PM]	CNtlInstanceEffect::LoadSwapFile (801):  file open failed. (7756_sec.eff)
[22:08:27 PM]	CNtlPLOccluder_Quad::LoadSwapFile (830):  file open failed. (7756_sec.ocq)
[22:08:27 PM]	CNtlPLHeatHazeObject::LoadSwapFile (724):  file open failed. (7756_sec.hho)
[22:08:27 PM]	CNtlWorldShadow::LoadSwapFile (141):  file open failed. (7757_sec.sdw)
[22:08:27 PM]	CNtlPLObject::LoadSwapFile (3331):  file open failed. (7757_sec.objt)
[22:08:27 PM]	CNtlInstanceEffect::LoadSwapFile (801):  file open failed. (7757_sec.eff)
[22:08:28 PM]	CNtlPLOccluder_Quad::LoadSwapFile (830):  file open failed. (7757_sec.ocq)
[22:08:28 PM]	CNtlPLHeatHazeObject::LoadSwapFile (724):  file open failed. (7757_sec.hho)
[22:08:28 PM]	CNtlWorldShadow::LoadSwapFile (141):  file open failed. (7884_sec.sdw)
[22:08:28 PM]	CNtlPLObject::LoadSwapFile (3331):  file open failed. (7884_sec.objt)
[22:08:28 PM]	CNtlInstanceEffect::LoadSwapFile (801):  file open failed. (7884_sec.eff)
[22:08:28 PM]	CNtlPLOccluder_Quad::LoadSwapFile (830):  file open failed. (7884_sec.ocq)
[22:08:28 PM]	CNtlPLHeatHazeObject::LoadSwapFile (724):  file open failed. (7884_sec.hho)
[22:08:28 PM]	CNtlWorldShadow::LoadSwapFile (141):  file open failed. (7885_sec.sdw)
[22:08:28 PM]	CNtlPLObject::LoadSwapFile (3331):  file open failed. (7885_sec.objt)
[22:08:28 PM]	CNtlInstanceEffect::LoadSwapFile (801):  file open failed. (7885_sec.eff)
[22:08:28 PM]	CNtlPLOccluder_Quad::LoadSwapFile (830):  file open failed. (7885_sec.ocq)
[22:08:28 PM]	CNtlPLHeatHazeObject::LoadSwapFile (724):  file open failed. (7885_sec.hho)
[22:08:28 PM]	CNtlWorldShadow::LoadSwapFile (141):  file open failed. (8012_sec.sdw)
[22:08:28 PM]	CNtlPLObject::LoadSwapFile (3331):  file open failed. (8012_sec.objt)
[22:08:28 PM]	CNtlInstanceEffect::LoadSwapFile (801):  file open failed. (8012_sec.eff)
[22:08:28 PM]	CNtlPLOccluder_Quad::LoadSwapFile (830):  file open failed. (8012_sec.ocq)
[22:08:28 PM]	CNtlPLHeatHazeObject::LoadSwapFile (724):  file open failed. (8012_sec.hho)
[22:08:28 PM]	CNtlWorldShadow::LoadSwapFile (141):  file open failed. (8013_sec.sdw)
[22:08:28 PM]	CNtlPLObject::LoadSwapFile (3331):  file open failed. (8013_sec.objt)
[22:08:28 PM]	CNtlInstanceEffect::LoadSwapFile (801):  file open failed. (8013_sec.eff)
[22:08:28 PM]	CNtlPLOccluder_Quad::LoadSwapFile (830):  file open failed. (8013_sec.ocq)
[22:08:28 PM]	CNtlPLHeatHazeObject::LoadSwapFile (724):  file open failed. (8013_sec.hho)
[22:08:28 PM]	CNtlWorldShadow::LoadSwapFile (141):  file open failed. (8140_sec.sdw)
[22:08:28 PM]	CNtlPLObject::LoadSwapFile (3331):  file open failed. (8140_sec.objt)
[22:08:28 PM]	CNtlInstanceEffect::LoadSwapFile (801):  file open failed. (8140_sec.eff)
[22:08:28 PM]	CNtlPLOccluder_Quad::LoadSwapFile (830):  file open failed. (8140_sec.ocq)
[22:08:28 PM]	CNtlPLHeatHazeObject::LoadSwapFile (724):  file open failed. (8140_sec.hho)
[22:08:28 PM]	CNtlWorldShadow::LoadSwapFile (141):  file open failed. (8141_sec.sdw)
[22:08:28 PM]	CNtlPLObject::LoadSwapFile (3331):  file open failed. (8141_sec.objt)
[22:08:28 PM]	CNtlInstanceEffect::LoadSwapFile (801):  file open failed. (8141_sec.eff)
[22:08:28 PM]	CNtlPLOccluder_Quad::LoadSwapFile (830):  file open failed. (8141_sec.ocq)
[22:08:28 PM]	CNtlPLHeatHazeObject::LoadSwapFile (724):  file open failed. (8141_sec.hho)
[22:08:28 PM]	CNtlWorldShadow::LoadSwapFile (141):  file open failed. (8268_sec.sdw)
[22:08:28 PM]	CNtlPLObject::LoadSwapFile (3331):  file open failed. (8268_sec.objt)
[22:08:28 PM]	CNtlInstanceEffect::LoadSwapFile (801):  file open failed. (8268_sec.eff)
[22:08:28 PM]	CNtlPLOccluder_Quad::LoadSwapFile (830):  file open failed. (8268_sec.ocq)
[22:08:28 PM]	CNtlPLHeatHazeObject::LoadSwapFile (724):  file open failed. (8268_sec.hho)
[22:08:28 PM]	CNtlWorldShadow::LoadSwapFile (141):  file open failed. (8269_sec.sdw)
[22:08:28 PM]	CNtlPLObject::LoadSwapFile (3331):  file open failed. (8269_sec.objt)
[22:08:28 PM]	CNtlInstanceEffect::LoadSwapFile (801):  file open failed. (8269_sec.eff)
[22:08:28 PM]	CNtlPLOccluder_Quad::LoadSwapFile (830):  file open failed. (8269_sec.ocq)
[22:08:28 PM]	CNtlPLHeatHazeObject::LoadSwapFile (724):  file open failed. (8269_sec.hho)
[22:08:28 PM]	CNtlWorldShadow::LoadSwapFile (141):  file open failed. (8396_sec.sdw)
[22:08:28 PM]	CNtlPLObject::LoadSwapFile (3331):  file open failed. (8396_sec.objt)
[22:08:28 PM]	CNtlInstanceEffect::LoadSwapFile (801):  file open failed. (8396_sec.eff)
[22:08:28 PM]	CNtlPLOccluder_Quad::LoadSwapFile (830):  file open failed. (8396_sec.ocq)
[22:08:28 PM]	CNtlPLHeatHazeObject::LoadSwapFile (724):  file open failed. (8396_sec.hho)
[22:08:28 PM]	CNtlWorldShadow::LoadSwapFile (141):  file open failed. (8397_sec.sdw)
[22:08:28 PM]	CNtlPLObject::LoadSwapFile (3331):  file open failed. (8397_sec.objt)
[22:08:28 PM]	CNtlInstanceEffect::LoadSwapFile (801):  file open failed. (8397_sec.eff)
[22:08:28 PM]	CNtlPLOccluder_Quad::LoadSwapFile (830):  file open failed. (8397_sec.ocq)
[22:08:28 PM]	CNtlPLHeatHazeObject::LoadSwapFile (724):  file open failed. (8397_sec.hho)
[22:08:28 PM]	CNtlWorldShadow::LoadSwapFile (141):  file open failed. (8524_sec.sdw)
[22:08:28 PM]	CNtlPLObject::LoadSwapFile (3331):  file open failed. (8524_sec.objt)
[22:08:28 PM]	CNtlInstanceEffect::LoadSwapFile (801):  file open failed. (8524_sec.eff)
[22:08:28 PM]	CNtlPLOccluder_Quad::LoadSwapFile (830):  file open failed. (8524_sec.ocq)
[22:08:28 PM]	CNtlPLHeatHazeObject::LoadSwapFile (724):  file open failed. (8524_sec.hho)
[22:08:28 PM]	CNtlWorldShadow::LoadSwapFile (141):  file open failed. (8525_sec.sdw)
[22:08:28 PM]	CNtlPLObject::LoadSwapFile (3331):  file open failed. (8525_sec.objt)
[22:08:28 PM]	CNtlInstanceEffect::LoadSwapFile (801):  file open failed. (8525_sec.eff)
[22:08:28 PM]	CNtlPLOccluder_Quad::LoadSwapFile (830):  file open failed. (8525_sec.ocq)
[22:08:28 PM]	CNtlPLHeatHazeObject::LoadSwapFile (724):  file open failed. (8525_sec.hho)
[22:08:28 PM]	CNtlWorldShadow::LoadSwapFile (141):  file open failed. (8652_sec.sdw)
[22:08:28 PM]	CNtlPLObject::LoadSwapFile (3331):  file open failed. (8652_sec.objt)
[22:08:28 PM]	CNtlInstanceEffect::LoadSwapFile (801):  file open failed. (8652_sec.eff)
[22:08:28 PM]	CNtlPLOccluder_Quad::LoadSwapFile (830):  file open failed. (8652_sec.ocq)
[22:08:28 PM]	CNtlPLHeatHazeObject::LoadSwapFile (724):  file open failed. (8652_sec.hho)
[22:08:28 PM]	CNtlWorldShadow::LoadSwapFile (141):  file open failed. (8653_sec.sdw)
[22:08:28 PM]	CNtlPLObject::LoadSwapFile (3331):  file open failed. (8653_sec.objt)
[22:08:28 PM]	CNtlInstanceEffect::LoadSwapFile (801):  file open failed. (8653_sec.eff)
[22:08:28 PM]	CNtlPLOccluder_Quad::LoadSwapFile (830):  file open failed. (8653_sec.ocq)
[22:08:28 PM]	CNtlPLHeatHazeObject::LoadSwapFile (724):  file open failed. (8653_sec.hho)
[22:08:28 PM]	CNtlWorldShadow::LoadSwapFile (141):  file open failed. (8780_sec.sdw)
[22:08:28 PM]	CNtlPLObject::LoadSwapFile (3331):  file open failed. (8780_sec.objt)
[22:08:28 PM]	CNtlInstanceEffect::LoadSwapFile (801):  file open failed. (8780_sec.eff)
[22:08:28 PM]	CNtlPLOccluder_Quad::LoadSwapFile (830):  file open failed. (8780_sec.ocq)
[22:08:28 PM]	CNtlPLHeatHazeObject::LoadSwapFile (724):  file open failed. (8780_sec.hho)
[22:08:28 PM]	CNtlWorldShadow::LoadSwapFile (141):  file open failed. (8781_sec.sdw)
[22:08:28 PM]	CNtlPLObject::LoadSwapFile (3331):  file open failed. (8781_sec.objt)
[22:08:28 PM]	CNtlInstanceEffect::LoadSwapFile (801):  file open failed. (8781_sec.eff)
[22:08:28 PM]	CNtlPLOccluder_Quad::LoadSwapFile (830):  file open failed. (8781_sec.ocq)
[22:08:28 PM]	CNtlPLHeatHazeObject::LoadSwapFile (724):  file open failed. (8781_sec.hho)
[22:08:28 PM]	CNtlWorldShadow::LoadSwapFile (141):  file open failed. (8908_sec.sdw)
[22:08:28 PM]	CNtlPLObject::LoadSwapFile (3331):  file open failed. (8908_sec.objt)
[22:08:28 PM]	CNtlInstanceEffect::LoadSwapFile (801):  file open failed. (8908_sec.eff)
[22:08:28 PM]	CNtlPLOccluder_Quad::LoadSwapFile (830):  file open failed. (8908_sec.ocq)
[22:08:28 PM]	CNtlPLHeatHazeObject::LoadSwapFile (724):  file open failed. (8908_sec.hho)
[22:08:28 PM]	CNtlWorldShadow::LoadSwapFile (141):  file open failed. (8909_sec.sdw)
[22:08:28 PM]	CNtlPLObject::LoadSwapFile (3331):  file open failed. (8909_sec.objt)
[22:08:28 PM]	CNtlInstanceEffect::LoadSwapFile (801):  file open failed. (8909_sec.eff)
[22:08:28 PM]	CNtlPLOccluder_Quad::LoadSwapFile (830):  file open failed. (8909_sec.ocq)
[22:08:28 PM]	CNtlPLHeatHazeObject::LoadSwapFile (724):  file open failed. (8909_sec.hho)
[22:08:28 PM]	CNtlWorldShadow::LoadSwapFile (141):  file open failed. (9036_sec.sdw)
[22:08:28 PM]	CNtlPLObject::LoadSwapFile (3331):  file open failed. (9036_sec.objt)
[22:08:28 PM]	CNtlInstanceEffect::LoadSwapFile (801):  file open failed. (9036_sec.eff)
[22:08:28 PM]	CNtlPLOccluder_Quad::LoadSwapFile (830):  file open failed. (9036_sec.ocq)
[22:08:28 PM]	CNtlPLHeatHazeObject::LoadSwapFile (724):  file open failed. (9036_sec.hho)
[22:08:28 PM]	CNtlWorldShadow::LoadSwapFile (141):  file open failed. (9037_sec.sdw)
[22:08:28 PM]	CNtlPLObject::LoadSwapFile (3331):  file open failed. (9037_sec.objt)
[22:08:28 PM]	CNtlInstanceEffect::LoadSwapFile (801):  file open failed. (9037_sec.eff)
[22:08:28 PM]	CNtlPLOccluder_Quad::LoadSwapFile (830):  file open failed. (9037_sec.ocq)
[22:08:28 PM]	CNtlPLHeatHazeObject::LoadSwapFile (724):  file open failed. (9037_sec.hho)
[22:08:28 PM]	CNtlWorldShadow::LoadSwapFile (141):  file open failed. (9164_sec.sdw)
[22:08:28 PM]	CNtlPLObject::LoadSwapFile (3331):  file open failed. (9164_sec.objt)
[22:08:28 PM]	CNtlInstanceEffect::LoadSwapFile (801):  file open failed. (9164_sec.eff)
[22:08:28 PM]	CNtlPLOccluder_Quad::LoadSwapFile (830):  file open failed. (9164_sec.ocq)
[22:08:28 PM]	CNtlPLHeatHazeObject::LoadSwapFile (724):  file open failed. (9164_sec.hho)
[22:08:28 PM]	CNtlWorldShadow::LoadSwapFile (141):  file open failed. (9165_sec.sdw)
[22:08:28 PM]	CNtlPLObject::LoadSwapFile (3331):  file open failed. (9165_sec.objt)
[22:08:28 PM]	CNtlInstanceEffect::LoadSwapFile (801):  file open failed. (9165_sec.eff)
[22:08:28 PM]	CNtlPLOccluder_Quad::LoadSwapFile (830):  file open failed. (9165_sec.ocq)
[22:08:28 PM]	CNtlPLHeatHazeObject::LoadSwapFile (724):  file open failed. (9165_sec.hho)
[22:08:31 PM]	CNtlWorldShadow::LoadSwapFile (141):  file open failed. (9282_sec.sdw)
[22:08:31 PM]	CNtlPLObject::LoadSwapFile (3331):  file open failed. (9282_sec.objt)
[22:08:31 PM]	CNtlInstanceEffect::LoadSwapFile (801):  file open failed. (9282_sec.eff)
[22:08:31 PM]	CNtlPLOccluder_Quad::LoadSwapFile (830):  file open failed. (9282_sec.ocq)
[22:08:31 PM]	CNtlPLHeatHazeObject::LoadSwapFile (724):  file open failed. (9282_sec.hho)
[22:08:31 PM]	CNtlWorldShadow::LoadSwapFile (141):  file open failed. (9283_sec.sdw)
[22:08:31 PM]	CNtlPLObject::LoadSwapFile (3331):  file open failed. (9283_sec.objt)
[22:08:31 PM]	CNtlInstanceEffect::LoadSwapFile (801):  file open failed. (9283_sec.eff)
[22:08:31 PM]	CNtlPLOccluder_Quad::LoadSwapFile (830):  file open failed. (9283_sec.ocq)
[22:08:31 PM]	CNtlPLHeatHazeObject::LoadSwapFile (724):  file open failed. (9283_sec.hho)
[22:08:31 PM]	CNtlWorldShadow::LoadSwapFile (141):  file open failed. (9410_sec.sdw)
[22:08:31 PM]	CNtlPLObject::LoadSwapFile (3331):  file open failed. (9410_sec.objt)
[22:08:31 PM]	CNtlInstanceEffect::LoadSwapFile (801):  file open failed. (9410_sec.eff)
[22:08:31 PM]	CNtlPLOccluder_Quad::LoadSwapFile (830):  file open failed. (9410_sec.ocq)
[22:08:31 PM]	CNtlPLHeatHazeObject::LoadSwapFile (724):  file open failed. (9410_sec.hho)
[22:08:31 PM]	CNtlWorldShadow::LoadSwapFile (141):  file open failed. (9411_sec.sdw)
[22:08:31 PM]	CNtlPLObject::LoadSwapFile (3331):  file open failed. (9411_sec.objt)
[22:08:31 PM]	CNtlInstanceEffect::LoadSwapFile (801):  file open failed. (9411_sec.eff)
[22:08:31 PM]	CNtlPLOccluder_Quad::LoadSwapFile (830):  file open failed. (9411_sec.ocq)
[22:08:31 PM]	CNtlPLHeatHazeObject::LoadSwapFile (724):  file open failed. (9411_sec.hho)
[22:08:31 PM]	CNtlWorldShadow::LoadSwapFile (141):  file open failed. (9284_sec.sdw)
[22:08:31 PM]	CNtlPLObject::LoadSwapFile (3331):  file open failed. (9284_sec.objt)
[22:08:31 PM]	CNtlInstanceEffect::LoadSwapFile (801):  file open failed. (9284_sec.eff)
[22:08:31 PM]	CNtlPLOccluder_Quad::LoadSwapFile (830):  file open failed. (9284_sec.ocq)
[22:08:31 PM]	CNtlPLHeatHazeObject::LoadSwapFile (724):  file open failed. (9284_sec.hho)
[22:08:31 PM]	CNtlWorldShadow::LoadSwapFile (141):  file open failed. (9285_sec.sdw)
[22:08:31 PM]	CNtlPLObject::LoadSwapFile (3331):  file open failed. (9285_sec.objt)
[22:08:31 PM]	CNtlInstanceEffect::LoadSwapFile (801):  file open failed. (9285_sec.eff)
[22:08:31 PM]	CNtlPLOccluder_Quad::LoadSwapFile (830):  file open failed. (9285_sec.ocq)
[22:08:31 PM]	CNtlPLHeatHazeObject::LoadSwapFile (724):  file open failed. (9285_sec.hho)
[22:08:31 PM]	CNtlWorldShadow::LoadSwapFile (141):  file open failed. (9412_sec.sdw)
[22:08:31 PM]	CNtlPLObject::LoadSwapFile (3331):  file open failed. (9412_sec.objt)
[22:08:31 PM]	CNtlInstanceEffect::LoadSwapFile (801):  file open failed. (9412_sec.eff)
[22:08:31 PM]	CNtlPLOccluder_Quad::LoadSwapFile (830):  file open failed. (9412_sec.ocq)
[22:08:31 PM]	CNtlPLHeatHazeObject::LoadSwapFile (724):  file open failed. (9412_sec.hho)
[22:08:31 PM]	CNtlWorldShadow::LoadSwapFile (141):  file open failed. (9413_sec.sdw)
[22:08:31 PM]	CNtlPLObject::LoadSwapFile (3331):  file open failed. (9413_sec.objt)
[22:08:31 PM]	CNtlInstanceEffect::LoadSwapFile (801):  file open failed. (9413_sec.eff)
[22:08:31 PM]	CNtlPLOccluder_Quad::LoadSwapFile (830):  file open failed. (9413_sec.ocq)
[22:08:31 PM]	CNtlPLHeatHazeObject::LoadSwapFile (724):  file open failed. (9413_sec.hho)
[22:08:31 PM]	CNtlWorldShadow::LoadSwapFile (141):  file open failed. (9286_sec.sdw)
[22:08:31 PM]	CNtlPLObject::LoadSwapFile (3331):  file open failed. (9286_sec.objt)
[22:08:31 PM]	CNtlInstanceEffect::LoadSwapFile (801):  file open failed. (9286_sec.eff)
[22:08:31 PM]	CNtlPLOccluder_Quad::LoadSwapFile (830):  file open failed. (9286_sec.ocq)
[22:08:31 PM]	CNtlPLHeatHazeObject::LoadSwapFile (724):  file open failed. (9286_sec.hho)
[22:08:31 PM]	CNtlWorldShadow::LoadSwapFile (141):  file open failed. (9287_sec.sdw)
[22:08:31 PM]	CNtlPLObject::LoadSwapFile (3331):  file open failed. (9287_sec.objt)
[22:08:31 PM]	CNtlInstanceEffect::LoadSwapFile (801):  file open failed. (9287_sec.eff)
[22:08:31 PM]	CNtlPLOccluder_Quad::LoadSwapFile (830):  file open failed. (9287_sec.ocq)
[22:08:31 PM]	CNtlPLHeatHazeObject::LoadSwapFile (724):  file open failed. (9287_sec.hho)
[22:08:31 PM]	CNtlWorldShadow::LoadSwapFile (141):  file open failed. (9414_sec.sdw)
[22:08:31 PM]	CNtlPLObject::LoadSwapFile (3331):  file open failed. (9414_sec.objt)
[22:08:31 PM]	CNtlInstanceEffect::LoadSwapFile (801):  file open failed. (9414_sec.eff)
[22:08:31 PM]	CNtlPLOccluder_Quad::LoadSwapFile (830):  file open failed. (9414_sec.ocq)
[22:08:31 PM]	CNtlPLHeatHazeObject::LoadSwapFile (724):  file open failed. (9414_sec.hho)
[22:08:31 PM]	CNtlWorldShadow::LoadSwapFile (141):  file open failed. (9415_sec.sdw)
[22:08:31 PM]	CNtlPLObject::LoadSwapFile (3331):  file open failed. (9415_sec.objt)
[22:08:31 PM]	CNtlInstanceEffect::LoadSwapFile (801):  file open failed. (9415_sec.eff)
[22:08:31 PM]	CNtlPLOccluder_Quad::LoadSwapFile (830):  file open failed. (9415_sec.ocq)
[22:08:31 PM]	CNtlPLHeatHazeObject::LoadSwapFile (724):  file open failed. (9415_sec.hho)
[22:08:31 PM]	CNtlWorldShadow::LoadSwapFile (141):  file open failed. (9288_sec.sdw)
[22:08:31 PM]	CNtlPLObject::LoadSwapFile (3331):  file open failed. (9288_sec.objt)
[22:08:31 PM]	CNtlInstanceEffect::LoadSwapFile (801):  file open failed. (9288_sec.eff)
[22:08:31 PM]	CNtlPLOccluder_Quad::LoadSwapFile (830):  file open failed. (9288_sec.ocq)
[22:08:31 PM]	CNtlPLHeatHazeObject::LoadSwapFile (724):  file open failed. (9288_sec.hho)
[22:08:31 PM]	CNtlWorldShadow::LoadSwapFile (141):  file open failed. (9289_sec.sdw)
[22:08:31 PM]	CNtlPLObject::LoadSwapFile (3331):  file open failed. (9289_sec.objt)
[22:08:31 PM]	CNtlInstanceEffect::LoadSwapFile (801):  file open failed. (9289_sec.eff)
[22:08:31 PM]	CNtlPLOccluder_Quad::LoadSwapFile (830):  file open failed. (9289_sec.ocq)
[22:08:31 PM]	CNtlPLHeatHazeObject::LoadSwapFile (724):  file open failed. (9289_sec.hho)
[22:08:31 PM]	CNtlWorldShadow::LoadSwapFile (141):  file open failed. (9416_sec.sdw)
[22:08:31 PM]	CNtlPLObject::LoadSwapFile (3331):  file open failed. (9416_sec.objt)
[22:08:31 PM]	CNtlInstanceEffect::LoadSwapFile (801):  file open failed. (9416_sec.eff)
[22:08:31 PM]	CNtlPLOccluder_Quad::LoadSwapFile (830):  file open failed. (9416_sec.ocq)
[22:08:31 PM]	CNtlPLHeatHazeObject::LoadSwapFile (724):  file open failed. (9416_sec.hho)
[22:08:31 PM]	CNtlWorldShadow::LoadSwapFile (141):  file open failed. (9417_sec.sdw)
[22:08:31 PM]	CNtlPLObject::LoadSwapFile (3331):  file open failed. (9417_sec.objt)
[22:08:31 PM]	CNtlInstanceEffect::LoadSwapFile (801):  file open failed. (9417_sec.eff)
[22:08:31 PM]	CNtlPLOccluder_Quad::LoadSwapFile (830):  file open failed. (9417_sec.ocq)
[22:08:31 PM]	CNtlPLHeatHazeObject::LoadSwapFile (724):  file open failed. (9417_sec.hho)
[22:08:32 PM]	CNtlWorldShadow::LoadSwapFile (141):  file open failed. (9290_sec.sdw)
[22:08:32 PM]	CNtlPLObject::LoadSwapFile (3331):  file open failed. (9290_sec.objt)
[22:08:32 PM]	CNtlInstanceEffect::LoadSwapFile (801):  file open failed. (9290_sec.eff)
[22:08:32 PM]	CNtlPLOccluder_Quad::LoadSwapFile (830):  file open failed. (9290_sec.ocq)
[22:08:32 PM]	CNtlPLHeatHazeObject::LoadSwapFile (724):  file open failed. (9290_sec.hho)
[22:08:32 PM]	CNtlWorldShadow::LoadSwapFile (141):  file open failed. (9291_sec.sdw)
[22:08:32 PM]	CNtlPLObject::LoadSwapFile (3331):  file open failed. (9291_sec.objt)
[22:08:32 PM]	CNtlInstanceEffect::LoadSwapFile (801):  file open failed. (9291_sec.eff)
[22:08:32 PM]	CNtlPLOccluder_Quad::LoadSwapFile (830):  file open failed. (9291_sec.ocq)
[22:08:32 PM]	CNtlPLHeatHazeObject::LoadSwapFile (724):  file open failed. (9291_sec.hho)
[22:08:32 PM]	CNtlWorldShadow::LoadSwapFile (141):  file open failed. (9418_sec.sdw)
[22:08:32 PM]	CNtlPLObject::LoadSwapFile (3331):  file open failed. (9418_sec.objt)
[22:08:32 PM]	CNtlInstanceEffect::LoadSwapFile (801):  file open failed. (9418_sec.eff)
[22:08:32 PM]	CNtlPLOccluder_Quad::LoadSwapFile (830):  file open failed. (9418_sec.ocq)
[22:08:32 PM]	CNtlPLHeatHazeObject::LoadSwapFile (724):  file open failed. (9418_sec.hho)
[22:08:32 PM]	CNtlWorldShadow::LoadSwapFile (141):  file open failed. (9419_sec.sdw)
[22:08:32 PM]	CNtlPLObject::LoadSwapFile (3331):  file open failed. (9419_sec.objt)
[22:08:32 PM]	CNtlInstanceEffect::LoadSwapFile (801):  file open failed. (9419_sec.eff)
[22:08:32 PM]	CNtlPLOccluder_Quad::LoadSwapFile (830):  file open failed. (9419_sec.ocq)
[22:08:32 PM]	CNtlPLHeatHazeObject::LoadSwapFile (724):  file open failed. (9419_sec.hho)
[22:08:32 PM]	CNtlWorldShadow::LoadSwapFile (141):  file open failed. (9292_sec.sdw)
[22:08:32 PM]	CNtlPLObject::LoadSwapFile (3331):  file open failed. (9292_sec.objt)
[22:08:32 PM]	CNtlInstanceEffect::LoadSwapFile (801):  file open failed. (9292_sec.eff)
[22:08:32 PM]	CNtlPLOccluder_Quad::LoadSwapFile (830):  file open failed. (9292_sec.ocq)
[22:08:32 PM]	CNtlPLHeatHazeObject::LoadSwapFile (724):  file open failed. (9292_sec.hho)
[22:08:32 PM]	CNtlWorldShadow::LoadSwapFile (141):  file open failed. (9293_sec.sdw)
[22:08:32 PM]	CNtlPLObject::LoadSwapFile (3331):  file open failed. (9293_sec.objt)
[22:08:32 PM]	CNtlInstanceEffect::LoadSwapFile (801):  file open failed. (9293_sec.eff)
[22:08:32 PM]	CNtlPLOccluder_Quad::LoadSwapFile (830):  file open failed. (9293_sec.ocq)
[22:08:32 PM]	CNtlPLHeatHazeObject::LoadSwapFile (724):  file open failed. (9293_sec.hho)
[22:08:32 PM]	CNtlWorldShadow::LoadSwapFile (141):  file open failed. (9420_sec.sdw)
[22:08:32 PM]	CNtlPLObject::LoadSwapFile (3331):  file open failed. (9420_sec.objt)
[22:08:32 PM]	CNtlInstanceEffect::LoadSwapFile (801):  file open failed. (9420_sec.eff)
[22:08:32 PM]	CNtlPLOccluder_Quad::LoadSwapFile (830):  file open failed. (9420_sec.ocq)
[22:08:32 PM]	CNtlPLHeatHazeObject::LoadSwapFile (724):  file open failed. (9420_sec.hho)
[22:08:32 PM]	CNtlWorldShadow::LoadSwapFile (141):  file open failed. (9421_sec.sdw)
[22:08:32 PM]	CNtlPLObject::LoadSwapFile (3331):  file open failed. (9421_sec.objt)
[22:08:32 PM]	CNtlInstanceEffect::LoadSwapFile (801):  file open failed. (9421_sec.eff)
[22:08:32 PM]	CNtlPLOccluder_Quad::LoadSwapFile (830):  file open failed. (9421_sec.ocq)
[22:08:32 PM]	CNtlPLHeatHazeObject::LoadSwapFile (724):  file open failed. (9421_sec.hho)
[22:08:34 PM]	CNtlWorldShadow::LoadSwapFile (141):  file open failed. (8014_sec.sdw)
[22:08:34 PM]	CNtlPLObject::LoadSwapFile (3331):  file open failed. (8014_sec.objt)
[22:08:34 PM]	CNtlInstanceEffect::LoadSwapFile (801):  file open failed. (8014_sec.eff)
[22:08:34 PM]	CNtlPLOccluder_Quad::LoadSwapFile (830):  file open failed. (8014_sec.ocq)
[22:08:34 PM]	CNtlPLHeatHazeObject::LoadSwapFile (724):  file open failed. (8014_sec.hho)
[22:08:34 PM]	CNtlWorldShadow::LoadSwapFile (141):  file open failed. (8015_sec.sdw)
[22:08:34 PM]	CNtlPLObject::LoadSwapFile (3331):  file open failed. (8015_sec.objt)
[22:08:34 PM]	CNtlInstanceEffect::LoadSwapFile (801):  file open failed. (8015_sec.eff)
[22:08:34 PM]	CNtlPLOccluder_Quad::LoadSwapFile (830):  file open failed. (8015_sec.ocq)
[22:08:34 PM]	CNtlPLHeatHazeObject::LoadSwapFile (724):  file open failed. (8015_sec.hho)
[22:08:34 PM]	CNtlWorldShadow::LoadSwapFile (141):  file open failed. (8142_sec.sdw)
[22:08:34 PM]	CNtlPLObject::LoadSwapFile (3331):  file open failed. (8142_sec.objt)
[22:08:34 PM]	CNtlInstanceEffect::LoadSwapFile (801):  file open failed. (8142_sec.eff)
[22:08:34 PM]	CNtlPLOccluder_Quad::LoadSwapFile (830):  file open failed. (8142_sec.ocq)
[22:08:34 PM]	CNtlPLHeatHazeObject::LoadSwapFile (724):  file open failed. (8142_sec.hho)
[22:08:34 PM]	CNtlWorldShadow::LoadSwapFile (141):  file open failed. (8143_sec.sdw)
[22:08:34 PM]	CNtlPLObject::LoadSwapFile (3331):  file open failed. (8143_sec.objt)
[22:08:34 PM]	CNtlInstanceEffect::LoadSwapFile (801):  file open failed. (8143_sec.eff)
[22:08:34 PM]	CNtlPLOccluder_Quad::LoadSwapFile (830):  file open failed. (8143_sec.ocq)
[22:08:34 PM]	CNtlPLHeatHazeObject::LoadSwapFile (724):  file open failed. (8143_sec.hho)
[22:08:34 PM]	CNtlWorldShadow::LoadSwapFile (141):  file open failed. (8270_sec.sdw)
[22:08:34 PM]	CNtlPLObject::LoadSwapFile (3331):  file open failed. (8270_sec.objt)
[22:08:34 PM]	CNtlInstanceEffect::LoadSwapFile (801):  file open failed. (8270_sec.eff)
[22:08:34 PM]	CNtlPLOccluder_Quad::LoadSwapFile (830):  file open failed. (8270_sec.ocq)
[22:08:34 PM]	CNtlPLHeatHazeObject::LoadSwapFile (724):  file open failed. (8270_sec.hho)
[22:08:34 PM]	CNtlWorldShadow::LoadSwapFile (141):  file open failed. (8271_sec.sdw)
[22:08:34 PM]	CNtlPLObject::LoadSwapFile (3331):  file open failed. (8271_sec.objt)
[22:08:34 PM]	CNtlInstanceEffect::LoadSwapFile (801):  file open failed. (8271_sec.eff)
[22:08:34 PM]	CNtlPLOccluder_Quad::LoadSwapFile (830):  file open failed. (8271_sec.ocq)
[22:08:34 PM]	CNtlPLHeatHazeObject::LoadSwapFile (724):  file open failed. (8271_sec.hho)
[22:08:34 PM]	CNtlWorldShadow::LoadSwapFile (141):  file open failed. (8398_sec.sdw)
[22:08:34 PM]	CNtlPLObject::LoadSwapFile (3331):  file open failed. (8398_sec.objt)
[22:08:34 PM]	CNtlInstanceEffect::LoadSwapFile (801):  file open failed. (8398_sec.eff)
[22:08:34 PM]	CNtlPLOccluder_Quad::LoadSwapFile (830):  file open failed. (8398_sec.ocq)
[22:08:34 PM]	CNtlPLHeatHazeObject::LoadSwapFile (724):  file open failed. (8398_sec.hho)
[22:08:34 PM]	CNtlWorldShadow::LoadSwapFile (141):  file open failed. (8399_sec.sdw)
[22:08:34 PM]	CNtlPLObject::LoadSwapFile (3331):  file open failed. (8399_sec.objt)
[22:08:34 PM]	CNtlInstanceEffect::LoadSwapFile (801):  file open failed. (8399_sec.eff)
[22:08:34 PM]	CNtlPLOccluder_Quad::LoadSwapFile (830):  file open failed. (8399_sec.ocq)
[22:08:34 PM]	CNtlPLHeatHazeObject::LoadSwapFile (724):  file open failed. (8399_sec.hho)
[22:08:34 PM]	CNtlWorldShadow::LoadSwapFile (141):  file open failed. (8526_sec.sdw)
[22:08:34 PM]	CNtlPLObject::LoadSwapFile (3331):  file open failed. (8526_sec.objt)
[22:08:34 PM]	CNtlInstanceEffect::LoadSwapFile (801):  file open failed. (8526_sec.eff)
[22:08:34 PM]	CNtlPLOccluder_Quad::LoadSwapFile (830):  file open failed. (8526_sec.ocq)
[22:08:34 PM]	CNtlPLHeatHazeObject::LoadSwapFile (724):  file open failed. (8526_sec.hho)
[22:08:34 PM]	CNtlWorldShadow::LoadSwapFile (141):  file open failed. (8527_sec.sdw)
[22:08:34 PM]	CNtlPLObject::LoadSwapFile (3331):  file open failed. (8527_sec.objt)
[22:08:34 PM]	CNtlInstanceEffect::LoadSwapFile (801):  file open failed. (8527_sec.eff)
[22:08:34 PM]	CNtlPLOccluder_Quad::LoadSwapFile (830):  file open failed. (8527_sec.ocq)
[22:08:34 PM]	CNtlPLHeatHazeObject::LoadSwapFile (724):  file open failed. (8527_sec.hho)
[22:08:34 PM]	CNtlWorldShadow::LoadSwapFile (141):  file open failed. (8654_sec.sdw)
[22:08:34 PM]	CNtlPLObject::LoadSwapFile (3331):  file open failed. (8654_sec.objt)
[22:08:34 PM]	CNtlInstanceEffect::LoadSwapFile (801):  file open failed. (8654_sec.eff)
[22:08:34 PM]	CNtlPLOccluder_Quad::LoadSwapFile (830):  file open failed. (8654_sec.ocq)
[22:08:34 PM]	CNtlPLHeatHazeObject::LoadSwapFile (724):  file open failed. (8654_sec.hho)
[22:08:34 PM]	CNtlWorldShadow::LoadSwapFile (141):  file open failed. (8655_sec.sdw)
[22:08:34 PM]	CNtlPLObject::LoadSwapFile (3331):  file open failed. (8655_sec.objt)
[22:08:34 PM]	CNtlInstanceEffect::LoadSwapFile (801):  file open failed. (8655_sec.eff)
[22:08:34 PM]	CNtlPLOccluder_Quad::LoadSwapFile (830):  file open failed. (8655_sec.ocq)
[22:08:34 PM]	CNtlPLHeatHazeObject::LoadSwapFile (724):  file open failed. (8655_sec.hho)
[22:08:34 PM]	CNtlWorldShadow::LoadSwapFile (141):  file open failed. (8782_sec.sdw)
[22:08:34 PM]	CNtlPLObject::LoadSwapFile (3331):  file open failed. (8782_sec.objt)
[22:08:34 PM]	CNtlInstanceEffect::LoadSwapFile (801):  file open failed. (8782_sec.eff)
[22:08:34 PM]	CNtlPLOccluder_Quad::LoadSwapFile (830):  file open failed. (8782_sec.ocq)
[22:08:34 PM]	CNtlPLHeatHazeObject::LoadSwapFile (724):  file open failed. (8782_sec.hho)
[22:08:34 PM]	CNtlWorldShadow::LoadSwapFile (141):  file open failed. (8783_sec.sdw)
[22:08:34 PM]	CNtlPLObject::LoadSwapFile (3331):  file open failed. (8783_sec.objt)
[22:08:34 PM]	CNtlInstanceEffect::LoadSwapFile (801):  file open failed. (8783_sec.eff)
[22:08:34 PM]	CNtlPLOccluder_Quad::LoadSwapFile (830):  file open failed. (8783_sec.ocq)
[22:08:34 PM]	CNtlPLHeatHazeObject::LoadSwapFile (724):  file open failed. (8783_sec.hho)
[22:08:34 PM]	CNtlWorldShadow::LoadSwapFile (141):  file open failed. (8910_sec.sdw)
[22:08:35 PM]	CNtlPLObject::LoadSwapFile (3331):  file open failed. (8910_sec.objt)
[22:08:35 PM]	CNtlInstanceEffect::LoadSwapFile (801):  file open failed. (8910_sec.eff)
[22:08:35 PM]	CNtlPLOccluder_Quad::LoadSwapFile (830):  file open failed. (8910_sec.ocq)
[22:08:35 PM]	CNtlPLHeatHazeObject::LoadSwapFile (724):  file open failed. (8910_sec.hho)
[22:08:35 PM]	CNtlWorldShadow::LoadSwapFile (141):  file open failed. (8911_sec.sdw)
[22:08:35 PM]	CNtlPLObject::LoadSwapFile (3331):  file open failed. (8911_sec.objt)
[22:08:35 PM]	CNtlInstanceEffect::LoadSwapFile (801):  file open failed. (8911_sec.eff)
[22:08:35 PM]	CNtlPLOccluder_Quad::LoadSwapFile (830):  file open failed. (8911_sec.ocq)
[22:08:35 PM]	CNtlPLHeatHazeObject::LoadSwapFile (724):  file open failed. (8911_sec.hho)
[22:08:35 PM]	CNtlWorldShadow::LoadSwapFile (141):  file open failed. (9038_sec.sdw)
[22:08:35 PM]	CNtlPLObject::LoadSwapFile (3331):  file open failed. (9038_sec.objt)
[22:08:35 PM]	CNtlInstanceEffect::LoadSwapFile (801):  file open failed. (9038_sec.eff)
[22:08:35 PM]	CNtlPLOccluder_Quad::LoadSwapFile (830):  file open failed. (9038_sec.ocq)
[22:08:35 PM]	CNtlPLHeatHazeObject::LoadSwapFile (724):  file open failed. (9038_sec.hho)
[22:08:35 PM]	CNtlWorldShadow::LoadSwapFile (141):  file open failed. (9039_sec.sdw)
[22:08:35 PM]	CNtlPLObject::LoadSwapFile (3331):  file open failed. (9039_sec.objt)
[22:08:35 PM]	CNtlInstanceEffect::LoadSwapFile (801):  file open failed. (9039_sec.eff)
[22:08:35 PM]	CNtlPLOccluder_Quad::LoadSwapFile (830):  file open failed. (9039_sec.ocq)
[22:08:35 PM]	CNtlPLHeatHazeObject::LoadSwapFile (724):  file open failed. (9039_sec.hho)
[22:08:35 PM]	CNtlWorldShadow::LoadSwapFile (141):  file open failed. (9166_sec.sdw)
[22:08:35 PM]	CNtlPLObject::LoadSwapFile (3331):  file open failed. (9166_sec.objt)
[22:08:35 PM]	CNtlInstanceEffect::LoadSwapFile (801):  file open failed. (9166_sec.eff)
[22:08:35 PM]	CNtlPLOccluder_Quad::LoadSwapFile (830):  file open failed. (9166_sec.ocq)
[22:08:35 PM]	CNtlPLHeatHazeObject::LoadSwapFile (724):  file open failed. (9166_sec.hho)
[22:08:35 PM]	CNtlWorldShadow::LoadSwapFile (141):  file open failed. (9167_sec.sdw)
[22:08:35 PM]	CNtlPLObject::LoadSwapFile (3331):  file open failed. (9167_sec.objt)
[22:08:35 PM]	CNtlInstanceEffect::LoadSwapFile (801):  file open failed. (9167_sec.eff)
[22:08:35 PM]	CNtlPLOccluder_Quad::LoadSwapFile (830):  file open failed. (9167_sec.ocq)
[22:08:35 PM]	CNtlPLHeatHazeObject::LoadSwapFile (724):  file open failed. (9167_sec.hho)
[22:08:35 PM]	CNtlWorldShadow::LoadSwapFile (141):  file open failed. (9294_sec.sdw)
[22:08:35 PM]	CNtlPLObject::LoadSwapFile (3331):  file open failed. (9294_sec.objt)
[22:08:35 PM]	CNtlInstanceEffect::LoadSwapFile (801):  file open failed. (9294_sec.eff)
[22:08:35 PM]	CNtlPLOccluder_Quad::LoadSwapFile (830):  file open failed. (9294_sec.ocq)
[22:08:35 PM]	CNtlPLHeatHazeObject::LoadSwapFile (724):  file open failed. (9294_sec.hho)
[22:08:35 PM]	CNtlWorldShadow::LoadSwapFile (141):  file open failed. (9295_sec.sdw)
[22:08:35 PM]	CNtlPLObject::LoadSwapFile (3331):  file open failed. (9295_sec.objt)
[22:08:35 PM]	CNtlInstanceEffect::LoadSwapFile (801):  file open failed. (9295_sec.eff)
[22:08:35 PM]	CNtlPLOccluder_Quad::LoadSwapFile (830):  file open failed. (9295_sec.ocq)
[22:08:35 PM]	CNtlPLHeatHazeObject::LoadSwapFile (724):  file open failed. (9295_sec.hho)
[22:08:35 PM]	CNtlWorldShadow::LoadSwapFile (141):  file open failed. (9422_sec.sdw)
[22:08:35 PM]	CNtlPLObject::LoadSwapFile (3331):  file open failed. (9422_sec.objt)
[22:08:35 PM]	CNtlInstanceEffect::LoadSwapFile (801):  file open failed. (9422_sec.eff)
[22:08:35 PM]	CNtlPLOccluder_Quad::LoadSwapFile (830):  file open failed. (9422_sec.ocq)
[22:08:35 PM]	CNtlPLHeatHazeObject::LoadSwapFile (724):  file open failed. (9422_sec.hho)
[22:08:35 PM]	CNtlWorldShadow::LoadSwapFile (141):  file open failed. (9423_sec.sdw)
[22:08:35 PM]	CNtlPLObject::LoadSwapFile (3331):  file open failed. (9423_sec.objt)
[22:08:35 PM]	CNtlInstanceEffect::LoadSwapFile (801):  file open failed. (9423_sec.eff)
[22:08:35 PM]	CNtlPLOccluder_Quad::LoadSwapFile (830):  file open failed. (9423_sec.ocq)
[22:08:35 PM]	CNtlPLHeatHazeObject::LoadSwapFile (724):  file open failed. (9423_sec.hho)
[22:08:39 PM]	CNtlWorldShadow::LoadSwapFile (141):  file open failed. (9540_sec.sdw)
[22:08:39 PM]	CNtlPLObject::LoadSwapFile (3331):  file open failed. (9540_sec.objt)
[22:08:39 PM]	CNtlInstanceEffect::LoadSwapFile (801):  file open failed. (9540_sec.eff)
[22:08:39 PM]	CNtlPLOccluder_Quad::LoadSwapFile (830):  file open failed. (9540_sec.ocq)
[22:08:39 PM]	CNtlPLHeatHazeObject::LoadSwapFile (724):  file open failed. (9540_sec.hho)
[22:08:39 PM]	CNtlWorldShadow::LoadSwapFile (141):  file open failed. (9541_sec.sdw)
[22:08:39 PM]	CNtlPLObject::LoadSwapFile (3331):  file open failed. (9541_sec.objt)
[22:08:39 PM]	CNtlInstanceEffect::LoadSwapFile (801):  file open failed. (9541_sec.eff)
[22:08:39 PM]	CNtlPLOccluder_Quad::LoadSwapFile (830):  file open failed. (9541_sec.ocq)
[22:08:39 PM]	CNtlPLHeatHazeObject::LoadSwapFile (724):  file open failed. (9541_sec.hho)
[22:08:39 PM]	CNtlWorldShadow::LoadSwapFile (141):  file open failed. (9668_sec.sdw)
[22:08:39 PM]	CNtlPLObject::LoadSwapFile (3331):  file open failed. (9668_sec.objt)
[22:08:39 PM]	CNtlInstanceEffect::LoadSwapFile (801):  file open failed. (9668_sec.eff)
[22:08:39 PM]	CNtlPLOccluder_Quad::LoadSwapFile (830):  file open failed. (9668_sec.ocq)
[22:08:39 PM]	CNtlPLHeatHazeObject::LoadSwapFile (724):  file open failed. (9668_sec.hho)
[22:08:39 PM]	CNtlWorldShadow::LoadSwapFile (141):  file open failed. (9669_sec.sdw)
[22:08:39 PM]	CNtlPLObject::LoadSwapFile (3331):  file open failed. (9669_sec.objt)
[22:08:39 PM]	CNtlInstanceEffect::LoadSwapFile (801):  file open failed. (9669_sec.eff)
[22:08:39 PM]	CNtlPLOccluder_Quad::LoadSwapFile (830):  file open failed. (9669_sec.ocq)
[22:08:39 PM]	CNtlPLHeatHazeObject::LoadSwapFile (724):  file open failed. (9669_sec.hho)
[22:08:39 PM]	CNtlWorldShadow::LoadSwapFile (141):  file open failed. (9542_sec.sdw)
[22:08:39 PM]	CNtlPLObject::LoadSwapFile (3331):  file open failed. (9542_sec.objt)
[22:08:39 PM]	CNtlInstanceEffect::LoadSwapFile (801):  file open failed. (9542_sec.eff)
[22:08:39 PM]	CNtlPLOccluder_Quad::LoadSwapFile (830):  file open failed. (9542_sec.ocq)
[22:08:39 PM]	CNtlPLHeatHazeObject::LoadSwapFile (724):  file open failed. (9542_sec.hho)
[22:08:39 PM]	CNtlWorldShadow::LoadSwapFile (141):  file open failed. (9543_sec.sdw)
[22:08:39 PM]	CNtlPLObject::LoadSwapFile (3331):  file open failed. (9543_sec.objt)
[22:08:39 PM]	CNtlInstanceEffect::LoadSwapFile (801):  file open failed. (9543_sec.eff)
[22:08:39 PM]	CNtlPLOccluder_Quad::LoadSwapFile (830):  file open failed. (9543_sec.ocq)
[22:08:39 PM]	CNtlPLHeatHazeObject::LoadSwapFile (724):  file open failed. (9543_sec.hho)
[22:08:39 PM]	CNtlWorldShadow::LoadSwapFile (141):  file open failed. (9670_sec.sdw)
[22:08:39 PM]	CNtlPLObject::LoadSwapFile (3331):  file open failed. (9670_sec.objt)
[22:08:39 PM]	CNtlInstanceEffect::LoadSwapFile (801):  file open failed. (9670_sec.eff)
[22:08:39 PM]	CNtlPLOccluder_Quad::LoadSwapFile (830):  file open failed. (9670_sec.ocq)
[22:08:39 PM]	CNtlPLHeatHazeObject::LoadSwapFile (724):  file open failed. (9670_sec.hho)
[22:08:39 PM]	CNtlWorldShadow::LoadSwapFile (141):  file open failed. (9671_sec.sdw)
[22:08:39 PM]	CNtlPLObject::LoadSwapFile (3331):  file open failed. (9671_sec.objt)
[22:08:39 PM]	CNtlInstanceEffect::LoadSwapFile (801):  file open failed. (9671_sec.eff)
[22:08:39 PM]	CNtlPLOccluder_Quad::LoadSwapFile (830):  file open failed. (9671_sec.ocq)
[22:08:39 PM]	CNtlPLHeatHazeObject::LoadSwapFile (724):  file open failed. (9671_sec.hho)
[22:08:39 PM]	CNtlWorldShadow::LoadSwapFile (141):  file open failed. (9544_sec.sdw)
[22:08:39 PM]	CNtlPLObject::LoadSwapFile (3331):  file open failed. (9544_sec.objt)
[22:08:39 PM]	CNtlInstanceEffect::LoadSwapFile (801):  file open failed. (9544_sec.eff)
[22:08:39 PM]	CNtlPLOccluder_Quad::LoadSwapFile (830):  file open failed. (9544_sec.ocq)
[22:08:39 PM]	CNtlPLHeatHazeObject::LoadSwapFile (724):  file open failed. (9544_sec.hho)
[22:08:39 PM]	CNtlWorldShadow::LoadSwapFile (141):  file open failed. (9545_sec.sdw)
[22:08:39 PM]	CNtlPLObject::LoadSwapFile (3331):  file open failed. (9545_sec.objt)
[22:08:39 PM]	CNtlInstanceEffect::LoadSwapFile (801):  file open failed. (9545_sec.eff)
[22:08:39 PM]	CNtlPLOccluder_Quad::LoadSwapFile (830):  file open failed. (9545_sec.ocq)
[22:08:39 PM]	CNtlPLHeatHazeObject::LoadSwapFile (724):  file open failed. (9545_sec.hho)
[22:08:39 PM]	CNtlWorldShadow::LoadSwapFile (141):  file open failed. (9672_sec.sdw)
[22:08:39 PM]	CNtlPLObject::LoadSwapFile (3331):  file open failed. (9672_sec.objt)
[22:08:39 PM]	CNtlInstanceEffect::LoadSwapFile (801):  file open failed. (9672_sec.eff)
[22:08:39 PM]	CNtlPLOccluder_Quad::LoadSwapFile (830):  file open failed. (9672_sec.ocq)
[22:08:39 PM]	CNtlPLHeatHazeObject::LoadSwapFile (724):  file open failed. (9672_sec.hho)
[22:08:39 PM]	CNtlWorldShadow::LoadSwapFile (141):  file open failed. (9673_sec.sdw)
[22:08:39 PM]	CNtlPLObject::LoadSwapFile (3331):  file open failed. (9673_sec.objt)
[22:08:39 PM]	CNtlInstanceEffect::LoadSwapFile (801):  file open failed. (9673_sec.eff)
[22:08:39 PM]	CNtlPLOccluder_Quad::LoadSwapFile (830):  file open failed. (9673_sec.ocq)
[22:08:39 PM]	CNtlPLHeatHazeObject::LoadSwapFile (724):  file open failed. (9673_sec.hho)
[22:08:39 PM]	CNtlWorldShadow::LoadSwapFile (141):  file open failed. (9546_sec.sdw)
[22:08:39 PM]	CNtlPLObject::LoadSwapFile (3331):  file open failed. (9546_sec.objt)
[22:08:39 PM]	CNtlInstanceEffect::LoadSwapFile (801):  file open failed. (9546_sec.eff)
[22:08:39 PM]	CNtlPLOccluder_Quad::LoadSwapFile (830):  file open failed. (9546_sec.ocq)
[22:08:39 PM]	CNtlPLHeatHazeObject::LoadSwapFile (724):  file open failed. (9546_sec.hho)
[22:08:39 PM]	CNtlWorldShadow::LoadSwapFile (141):  file open failed. (9547_sec.sdw)
[22:08:39 PM]	CNtlPLObject::LoadSwapFile (3331):  file open failed. (9547_sec.objt)
[22:08:39 PM]	CNtlInstanceEffect::LoadSwapFile (801):  file open failed. (9547_sec.eff)
[22:08:39 PM]	CNtlPLOccluder_Quad::LoadSwapFile (830):  file open failed. (9547_sec.ocq)
[22:08:39 PM]	CNtlPLHeatHazeObject::LoadSwapFile (724):  file open failed. (9547_sec.hho)
[22:08:39 PM]	CNtlWorldShadow::LoadSwapFile (141):  file open failed. (9674_sec.sdw)
[22:08:39 PM]	CNtlPLObject::LoadSwapFile (3331):  file open failed. (9674_sec.objt)
[22:08:39 PM]	CNtlInstanceEffect::LoadSwapFile (801):  file open failed. (9674_sec.eff)
[22:08:39 PM]	CNtlPLOccluder_Quad::LoadSwapFile (830):  file open failed. (9674_sec.ocq)
[22:08:39 PM]	CNtlPLHeatHazeObject::LoadSwapFile (724):  file open failed. (9674_sec.hho)
[22:08:39 PM]	CNtlWorldShadow::LoadSwapFile (141):  file open failed. (9675_sec.sdw)
[22:08:39 PM]	CNtlPLObject::LoadSwapFile (3331):  file open failed. (9675_sec.objt)
[22:08:39 PM]	CNtlInstanceEffect::LoadSwapFile (801):  file open failed. (9675_sec.eff)
[22:08:39 PM]	CNtlPLOccluder_Quad::LoadSwapFile (830):  file open failed. (9675_sec.ocq)
[22:08:39 PM]	CNtlPLHeatHazeObject::LoadSwapFile (724):  file open failed. (9675_sec.hho)
[22:08:39 PM]	CNtlWorldShadow::LoadSwapFile (141):  file open failed. (9548_sec.sdw)
[22:08:39 PM]	CNtlPLObject::LoadSwapFile (3331):  file open failed. (9548_sec.objt)
[22:08:39 PM]	CNtlInstanceEffect::LoadSwapFile (801):  file open failed. (9548_sec.eff)
[22:08:39 PM]	CNtlPLOccluder_Quad::LoadSwapFile (830):  file open failed. (9548_sec.ocq)
[22:08:39 PM]	CNtlPLHeatHazeObject::LoadSwapFile (724):  file open failed. (9548_sec.hho)
[22:08:39 PM]	CNtlWorldShadow::LoadSwapFile (141):  file open failed. (9549_sec.sdw)
[22:08:39 PM]	CNtlPLObject::LoadSwapFile (3331):  file open failed. (9549_sec.objt)
[22:08:39 PM]	CNtlInstanceEffect::LoadSwapFile (801):  file open failed. (9549_sec.eff)
[22:08:39 PM]	CNtlPLOccluder_Quad::LoadSwapFile (830):  file open failed. (9549_sec.ocq)
[22:08:39 PM]	CNtlPLHeatHazeObject::LoadSwapFile (724):  file open failed. (9549_sec.hho)
[22:08:39 PM]	CNtlWorldShadow::LoadSwapFile (141):  file open failed. (9676_sec.sdw)
[22:08:39 PM]	CNtlPLObject::LoadSwapFile (3331):  file open failed. (9676_sec.objt)
[22:08:39 PM]	CNtlInstanceEffect::LoadSwapFile (801):  file open failed. (9676_sec.eff)
[22:08:39 PM]	CNtlPLOccluder_Quad::LoadSwapFile (830):  file open failed. (9676_sec.ocq)
[22:08:39 PM]	CNtlPLHeatHazeObject::LoadSwapFile (724):  file open failed. (9676_sec.hho)
[22:08:39 PM]	CNtlWorldShadow::LoadSwapFile (141):  file open failed. (9677_sec.sdw)
[22:08:39 PM]	CNtlPLObject::LoadSwapFile (3331):  file open failed. (9677_sec.objt)
[22:08:39 PM]	CNtlInstanceEffect::LoadSwapFile (801):  file open failed. (9677_sec.eff)
[22:08:39 PM]	CNtlPLOccluder_Quad::LoadSwapFile (830):  file open failed. (9677_sec.ocq)
[22:08:39 PM]	CNtlPLHeatHazeObject::LoadSwapFile (724):  file open failed. (9677_sec.hho)
[22:08:39 PM]	CNtlWorldShadow::LoadSwapFile (141):  file open failed. (9550_sec.sdw)
[22:08:39 PM]	CNtlPLObject::LoadSwapFile (3331):  file open failed. (9550_sec.objt)
[22:08:39 PM]	CNtlInstanceEffect::LoadSwapFile (801):  file open failed. (9550_sec.eff)
[22:08:39 PM]	CNtlPLOccluder_Quad::LoadSwapFile (830):  file open failed. (9550_sec.ocq)
[22:08:39 PM]	CNtlPLHeatHazeObject::LoadSwapFile (724):  file open failed. (9550_sec.hho)
[22:08:39 PM]	CNtlWorldShadow::LoadSwapFile (141):  file open failed. (9551_sec.sdw)
[22:08:39 PM]	CNtlPLObject::LoadSwapFile (3331):  file open failed. (9551_sec.objt)
[22:08:39 PM]	CNtlInstanceEffect::LoadSwapFile (801):  file open failed. (9551_sec.eff)
[22:08:39 PM]	CNtlPLOccluder_Quad::LoadSwapFile (830):  file open failed. (9551_sec.ocq)
[22:08:39 PM]	CNtlPLHeatHazeObject::LoadSwapFile (724):  file open failed. (9551_sec.hho)
[22:08:39 PM]	CNtlWorldShadow::LoadSwapFile (141):  file open failed. (9678_sec.sdw)
[22:08:39 PM]	CNtlPLObject::LoadSwapFile (3331):  file open failed. (9678_sec.objt)
[22:08:39 PM]	CNtlInstanceEffect::LoadSwapFile (801):  file open failed. (9678_sec.eff)
[22:08:39 PM]	CNtlPLOccluder_Quad::LoadSwapFile (830):  file open failed. (9678_sec.ocq)
[22:08:39 PM]	CNtlPLHeatHazeObject::LoadSwapFile (724):  file open failed. (9678_sec.hho)
[22:08:39 PM]	CNtlWorldShadow::LoadSwapFile (141):  file open failed. (9679_sec.sdw)
[22:08:39 PM]	CNtlPLObject::LoadSwapFile (3331):  file open failed. (9679_sec.objt)
[22:08:39 PM]	CNtlInstanceEffect::LoadSwapFile (801):  file open failed. (9679_sec.eff)
[22:08:39 PM]	CNtlPLOccluder_Quad::LoadSwapFile (830):  file open failed. (9679_sec.ocq)
[22:08:39 PM]	CNtlPLHeatHazeObject::LoadSwapFile (724):  file open failed. (9679_sec.hho)
[22:08:41 PM]	CNtlWorldShadow::LoadSwapFile (141):  file open failed. (8272_sec.sdw)
[22:08:41 PM]	CNtlPLObject::LoadSwapFile (3331):  file open failed. (8272_sec.objt)
[22:08:41 PM]	CNtlInstanceEffect::LoadSwapFile (801):  file open failed. (8272_sec.eff)
[22:08:41 PM]	CNtlPLOccluder_Quad::LoadSwapFile (830):  file open failed. (8272_sec.ocq)
[22:08:41 PM]	CNtlPLHeatHazeObject::LoadSwapFile (724):  file open failed. (8272_sec.hho)
[22:08:41 PM]	CNtlWorldShadow::LoadSwapFile (141):  file open failed. (8273_sec.sdw)
[22:08:41 PM]	CNtlPLObject::LoadSwapFile (3331):  file open failed. (8273_sec.objt)
[22:08:41 PM]	CNtlInstanceEffect::LoadSwapFile (801):  file open failed. (8273_sec.eff)
[22:08:41 PM]	CNtlPLOccluder_Quad::LoadSwapFile (830):  file open failed. (8273_sec.ocq)
[22:08:41 PM]	CNtlPLHeatHazeObject::LoadSwapFile (724):  file open failed. (8273_sec.hho)
[22:08:41 PM]	CNtlWorldShadow::LoadSwapFile (141):  file open failed. (8400_sec.sdw)
[22:08:41 PM]	CNtlPLObject::LoadSwapFile (3331):  file open failed. (8400_sec.objt)
[22:08:41 PM]	CNtlInstanceEffect::LoadSwapFile (801):  file open failed. (8400_sec.eff)
[22:08:41 PM]	CNtlPLOccluder_Quad::LoadSwapFile (830):  file open failed. (8400_sec.ocq)
[22:08:41 PM]	CNtlPLHeatHazeObject::LoadSwapFile (724):  file open failed. (8400_sec.hho)
[22:08:41 PM]	CNtlWorldShadow::LoadSwapFile (141):  file open failed. (8401_sec.sdw)
[22:08:41 PM]	CNtlPLObject::LoadSwapFile (3331):  file open failed. (8401_sec.objt)
[22:08:41 PM]	CNtlInstanceEffect::LoadSwapFile (801):  file open failed. (8401_sec.eff)
[22:08:41 PM]	CNtlPLOccluder_Quad::LoadSwapFile (830):  file open failed. (8401_sec.ocq)
[22:08:41 PM]	CNtlPLHeatHazeObject::LoadSwapFile (724):  file open failed. (8401_sec.hho)
[22:08:41 PM]	CNtlWorldShadow::LoadSwapFile (141):  file open failed. (8528_sec.sdw)
[22:08:41 PM]	CNtlPLObject::LoadSwapFile (3331):  file open failed. (8528_sec.objt)
[22:08:41 PM]	CNtlInstanceEffect::LoadSwapFile (801):  file open failed. (8528_sec.eff)
[22:08:41 PM]	CNtlPLOccluder_Quad::LoadSwapFile (830):  file open failed. (8528_sec.ocq)
[22:08:41 PM]	CNtlPLHeatHazeObject::LoadSwapFile (724):  file open failed. (8528_sec.hho)
[22:08:41 PM]	CNtlWorldShadow::LoadSwapFile (141):  file open failed. (8529_sec.sdw)
[22:08:41 PM]	CNtlPLObject::LoadSwapFile (3331):  file open failed. (8529_sec.objt)
[22:08:41 PM]	CNtlInstanceEffect::LoadSwapFile (801):  file open failed. (8529_sec.eff)
[22:08:41 PM]	CNtlPLOccluder_Quad::LoadSwapFile (830):  file open failed. (8529_sec.ocq)
[22:08:41 PM]	CNtlPLHeatHazeObject::LoadSwapFile (724):  file open failed. (8529_sec.hho)
[22:08:41 PM]	CNtlWorldShadow::LoadSwapFile (141):  file open failed. (8656_sec.sdw)
[22:08:41 PM]	CNtlPLObject::LoadSwapFile (3331):  file open failed. (8656_sec.objt)
[22:08:41 PM]	CNtlInstanceEffect::LoadSwapFile (801):  file open failed. (8656_sec.eff)
[22:08:41 PM]	CNtlPLOccluder_Quad::LoadSwapFile (830):  file open failed. (8656_sec.ocq)
[22:08:41 PM]	CNtlPLHeatHazeObject::LoadSwapFile (724):  file open failed. (8656_sec.hho)
[22:08:41 PM]	CNtlWorldShadow::LoadSwapFile (141):  file open failed. (8657_sec.sdw)
[22:08:41 PM]	CNtlPLObject::LoadSwapFile (3331):  file open failed. (8657_sec.objt)
[22:08:41 PM]	CNtlInstanceEffect::LoadSwapFile (801):  file open failed. (8657_sec.eff)
[22:08:41 PM]	CNtlPLOccluder_Quad::LoadSwapFile (830):  file open failed. (8657_sec.ocq)
[22:08:41 PM]	CNtlPLHeatHazeObject::LoadSwapFile (724):  file open failed. (8657_sec.hho)
[22:08:41 PM]	CNtlWorldShadow::LoadSwapFile (141):  file open failed. (8784_sec.sdw)
[22:08:41 PM]	CNtlPLObject::LoadSwapFile (3331):  file open failed. (8784_sec.objt)
[22:08:41 PM]	CNtlInstanceEffect::LoadSwapFile (801):  file open failed. (8784_sec.eff)
[22:08:41 PM]	CNtlPLOccluder_Quad::LoadSwapFile (830):  file open failed. (8784_sec.ocq)
[22:08:41 PM]	CNtlPLHeatHazeObject::LoadSwapFile (724):  file open failed. (8784_sec.hho)
[22:08:41 PM]	CNtlWorldShadow::LoadSwapFile (141):  file open failed. (8785_sec.sdw)
[22:08:41 PM]	CNtlPLObject::LoadSwapFile (3331):  file open failed. (8785_sec.objt)
[22:08:41 PM]	CNtlInstanceEffect::LoadSwapFile (801):  file open failed. (8785_sec.eff)
[22:08:41 PM]	CNtlPLOccluder_Quad::LoadSwapFile (830):  file open failed. (8785_sec.ocq)
[22:08:41 PM]	CNtlPLHeatHazeObject::LoadSwapFile (724):  file open failed. (8785_sec.hho)
[22:08:41 PM]	CNtlWorldShadow::LoadSwapFile (141):  file open failed. (8912_sec.sdw)
[22:08:41 PM]	CNtlPLObject::LoadSwapFile (3331):  file open failed. (8912_sec.objt)
[22:08:41 PM]	CNtlInstanceEffect::LoadSwapFile (801):  file open failed. (8912_sec.eff)
[22:08:41 PM]	CNtlPLOccluder_Quad::LoadSwapFile (830):  file open failed. (8912_sec.ocq)
[22:08:41 PM]	CNtlPLHeatHazeObject::LoadSwapFile (724):  file open failed. (8912_sec.hho)
[22:08:41 PM]	CNtlWorldShadow::LoadSwapFile (141):  file open failed. (8913_sec.sdw)
[22:08:41 PM]	CNtlPLObject::LoadSwapFile (3331):  file open failed. (8913_sec.objt)
[22:08:41 PM]	CNtlInstanceEffect::LoadSwapFile (801):  file open failed. (8913_sec.eff)
[22:08:41 PM]	CNtlPLOccluder_Quad::LoadSwapFile (830):  file open failed. (8913_sec.ocq)
[22:08:41 PM]	CNtlPLHeatHazeObject::LoadSwapFile (724):  file open failed. (8913_sec.hho)
[22:08:41 PM]	CNtlWorldShadow::LoadSwapFile (141):  file open failed. (9040_sec.sdw)
[22:08:41 PM]	CNtlPLObject::LoadSwapFile (3331):  file open failed. (9040_sec.objt)
[22:08:41 PM]	CNtlInstanceEffect::LoadSwapFile (801):  file open failed. (9040_sec.eff)
[22:08:41 PM]	CNtlPLOccluder_Quad::LoadSwapFile (830):  file open failed. (9040_sec.ocq)
[22:08:41 PM]	CNtlPLHeatHazeObject::LoadSwapFile (724):  file open failed. (9040_sec.hho)
[22:08:41 PM]	CNtlWorldShadow::LoadSwapFile (141):  file open failed. (9041_sec.sdw)
[22:08:41 PM]	CNtlPLObject::LoadSwapFile (3331):  file open failed. (9041_sec.objt)
[22:08:41 PM]	CNtlInstanceEffect::LoadSwapFile (801):  file open failed. (9041_sec.eff)
[22:08:41 PM]	CNtlPLOccluder_Quad::LoadSwapFile (830):  file open failed. (9041_sec.ocq)
[22:08:41 PM]	CNtlPLHeatHazeObject::LoadSwapFile (724):  file open failed. (9041_sec.hho)
[22:08:41 PM]	CNtlWorldShadow::LoadSwapFile (141):  file open failed. (9168_sec.sdw)
[22:08:41 PM]	CNtlPLObject::LoadSwapFile (3331):  file open failed. (9168_sec.objt)
[22:08:41 PM]	CNtlInstanceEffect::LoadSwapFile (801):  file open failed. (9168_sec.eff)
[22:08:41 PM]	CNtlPLOccluder_Quad::LoadSwapFile (830):  file open failed. (9168_sec.ocq)
[22:08:41 PM]	CNtlPLHeatHazeObject::LoadSwapFile (724):  file open failed. (9168_sec.hho)
[22:08:41 PM]	CNtlWorldShadow::LoadSwapFile (141):  file open failed. (9169_sec.sdw)
[22:08:41 PM]	CNtlPLObject::LoadSwapFile (3331):  file open failed. (9169_sec.objt)
[22:08:41 PM]	CNtlInstanceEffect::LoadSwapFile (801):  file open failed. (9169_sec.eff)
[22:08:41 PM]	CNtlPLOccluder_Quad::LoadSwapFile (830):  file open failed. (9169_sec.ocq)
[22:08:41 PM]	CNtlPLHeatHazeObject::LoadSwapFile (724):  file open failed. (9169_sec.hho)
[22:08:41 PM]	CNtlWorldShadow::LoadSwapFile (141):  file open failed. (9296_sec.sdw)
[22:08:41 PM]	CNtlPLObject::LoadSwapFile (3331):  file open failed. (9296_sec.objt)
[22:08:41 PM]	CNtlInstanceEffect::LoadSwapFile (801):  file open failed. (9296_sec.eff)
[22:08:41 PM]	CNtlPLOccluder_Quad::LoadSwapFile (830):  file open failed. (9296_sec.ocq)
[22:08:41 PM]	CNtlPLHeatHazeObject::LoadSwapFile (724):  file open failed. (9296_sec.hho)
[22:08:41 PM]	CNtlWorldShadow::LoadSwapFile (141):  file open failed. (9297_sec.sdw)
[22:08:41 PM]	CNtlPLObject::LoadSwapFile (3331):  file open failed. (9297_sec.objt)
[22:08:41 PM]	CNtlInstanceEffect::LoadSwapFile (801):  file open failed. (9297_sec.eff)
[22:08:41 PM]	CNtlPLOccluder_Quad::LoadSwapFile (830):  file open failed. (9297_sec.ocq)
[22:08:42 PM]	CNtlPLHeatHazeObject::LoadSwapFile (724):  file open failed. (9297_sec.hho)
[22:08:42 PM]	CNtlWorldShadow::LoadSwapFile (141):  file open failed. (9424_sec.sdw)
[22:08:42 PM]	CNtlPLObject::LoadSwapFile (3331):  file open failed. (9424_sec.objt)
[22:08:42 PM]	CNtlInstanceEffect::LoadSwapFile (801):  file open failed. (9424_sec.eff)
[22:08:42 PM]	CNtlPLOccluder_Quad::LoadSwapFile (830):  file open failed. (9424_sec.ocq)
[22:08:42 PM]	CNtlPLHeatHazeObject::LoadSwapFile (724):  file open failed. (9424_sec.hho)
[22:08:42 PM]	CNtlWorldShadow::LoadSwapFile (141):  file open failed. (9425_sec.sdw)
[22:08:42 PM]	CNtlPLObject::LoadSwapFile (3331):  file open failed. (9425_sec.objt)
[22:08:42 PM]	CNtlInstanceEffect::LoadSwapFile (801):  file open failed. (9425_sec.eff)
[22:08:42 PM]	CNtlPLOccluder_Quad::LoadSwapFile (830):  file open failed. (9425_sec.ocq)
[22:08:42 PM]	CNtlPLHeatHazeObject::LoadSwapFile (724):  file open failed. (9425_sec.hho)
[22:08:42 PM]	CNtlWorldShadow::LoadSwapFile (141):  file open failed. (9552_sec.sdw)
[22:08:42 PM]	CNtlPLObject::LoadSwapFile (3331):  file open failed. (9552_sec.objt)
[22:08:42 PM]	CNtlInstanceEffect::LoadSwapFile (801):  file open failed. (9552_sec.eff)
[22:08:42 PM]	CNtlPLOccluder_Quad::LoadSwapFile (830):  file open failed. (9552_sec.ocq)
[22:08:42 PM]	CNtlPLHeatHazeObject::LoadSwapFile (724):  file open failed. (9552_sec.hho)
[22:08:42 PM]	CNtlWorldShadow::LoadSwapFile (141):  file open failed. (9553_sec.sdw)
[22:08:42 PM]	CNtlPLObject::LoadSwapFile (3331):  file open failed. (9553_sec.objt)
[22:08:42 PM]	CNtlInstanceEffect::LoadSwapFile (801):  file open failed. (9553_sec.eff)
[22:08:42 PM]	CNtlPLOccluder_Quad::LoadSwapFile (830):  file open failed. (9553_sec.ocq)
[22:08:42 PM]	CNtlPLHeatHazeObject::LoadSwapFile (724):  file open failed. (9553_sec.hho)
[22:08:42 PM]	CNtlWorldShadow::LoadSwapFile (141):  file open failed. (9680_sec.sdw)
[22:08:42 PM]	CNtlPLObject::LoadSwapFile (3331):  file open failed. (9680_sec.objt)
[22:08:42 PM]	CNtlInstanceEffect::LoadSwapFile (801):  file open failed. (9680_sec.eff)
[22:08:42 PM]	CNtlPLOccluder_Quad::LoadSwapFile (830):  file open failed. (9680_sec.ocq)
[22:08:42 PM]	CNtlPLHeatHazeObject::LoadSwapFile (724):  file open failed. (9680_sec.hho)
[22:08:42 PM]	CNtlWorldShadow::LoadSwapFile (141):  file open failed. (9681_sec.sdw)
[22:08:42 PM]	CNtlPLObject::LoadSwapFile (3331):  file open failed. (9681_sec.objt)
[22:08:42 PM]	CNtlInstanceEffect::LoadSwapFile (801):  file open failed. (9681_sec.eff)
[22:08:42 PM]	CNtlPLOccluder_Quad::LoadSwapFile (830):  file open failed. (9681_sec.ocq)
[22:08:42 PM]	CNtlPLHeatHazeObject::LoadSwapFile (724):  file open failed. (9681_sec.hho)
