[14:08:29 PM]	=============== Start Trace ===============

[14:08:29 PM]	 === < SABER > Trace Start === 
[14:10:04 PM]	CNtlPLPropertyContainer::AddProp (258):  prop defined.(A_HMY_F_AD)
[14:11:01 PM]	CNtlPLVisualManager::GetHeightFieldWorldHeight (1170):  GetWorldHeight : Failed : IN(0,0,0), OUT_HEIGHT(-999)
[14:11:10 PM]	CNtlWorldShadow::LoadSwapFile (141):  file open failed. (266_sec.sdw)
[14:11:10 PM]	CNtlPLObject::LoadSwapFile (3322):  file open failed. (266_sec.objt)
[14:11:10 PM]	CNtlInstanceEffect::LoadSwapFile (801):  file open failed. (266_sec.eff)
[14:11:10 PM]	CNtlPLOccluder_Quad::LoadSwapFile (830):  file open failed. (266_sec.ocq)
[14:11:10 PM]	CNtlPLHeatHazeObject::LoadSwapFile (724):  file open failed. (266_sec.hho)
[14:11:10 PM]	CNtlWorldShadow::LoadSwapFile (141):  file open failed. (267_sec.sdw)
[14:11:10 PM]	CNtlPLObject::LoadSwapFile (3322):  file open failed. (267_sec.objt)
[14:11:10 PM]	CNtlInstanceEffect::LoadSwapFile (801):  file open failed. (267_sec.eff)
[14:11:10 PM]	CNtlPLOccluder_Quad::LoadSwapFile (830):  file open failed. (267_sec.ocq)
[14:11:10 PM]	CNtlPLHeatHazeObject::LoadSwapFile (724):  file open failed. (267_sec.hho)
[14:11:10 PM]	CNtlWorldShadow::LoadSwapFile (141):  file open failed. (298_sec.sdw)
[14:11:10 PM]	CNtlPLObject::LoadSwapFile (3322):  file open failed. (298_sec.objt)
[14:11:10 PM]	CNtlInstanceEffect::LoadSwapFile (801):  file open failed. (298_sec.eff)
[14:11:10 PM]	CNtlPLOccluder_Quad::LoadSwapFile (830):  file open failed. (298_sec.ocq)
[14:11:10 PM]	CNtlPLHeatHazeObject::LoadSwapFile (724):  file open failed. (298_sec.hho)
[14:11:10 PM]	CNtlWorldShadow::LoadSwapFile (141):  file open failed. (299_sec.sdw)
[14:11:10 PM]	CNtlPLObject::LoadSwapFile (3322):  file open failed. (299_sec.objt)
[14:11:10 PM]	CNtlInstanceEffect::LoadSwapFile (801):  file open failed. (299_sec.eff)
[14:11:10 PM]	CNtlPLOccluder_Quad::LoadSwapFile (830):  file open failed. (299_sec.ocq)
[14:11:10 PM]	CNtlPLHeatHazeObject::LoadSwapFile (724):  file open failed. (299_sec.hho)
[14:11:10 PM]	CNtlWorldShadow::LoadSwapFile (141):  file open failed. (268_sec.sdw)
[14:11:10 PM]	CNtlPLObject::LoadSwapFile (3322):  file open failed. (268_sec.objt)
[14:11:10 PM]	CNtlInstanceEffect::LoadSwapFile (801):  file open failed. (268_sec.eff)
[14:11:10 PM]	CNtlPLOccluder_Quad::LoadSwapFile (830):  file open failed. (268_sec.ocq)
[14:11:10 PM]	CNtlPLHeatHazeObject::LoadSwapFile (724):  file open failed. (268_sec.hho)
[14:11:10 PM]	CNtlWorldShadow::LoadSwapFile (141):  file open failed. (269_sec.sdw)
[14:11:10 PM]	CNtlPLObject::LoadSwapFile (3322):  file open failed. (269_sec.objt)
[14:11:10 PM]	CNtlInstanceEffect::LoadSwapFile (801):  file open failed. (269_sec.eff)
[14:11:11 PM]	CNtlPLOccluder_Quad::LoadSwapFile (830):  file open failed. (269_sec.ocq)
[14:11:11 PM]	CNtlPLHeatHazeObject::LoadSwapFile (724):  file open failed. (269_sec.hho)
[14:11:11 PM]	CNtlWorldShadow::LoadSwapFile (141):  file open failed. (300_sec.sdw)
[14:11:11 PM]	CNtlPLObject::LoadSwapFile (3322):  file open failed. (300_sec.objt)
[14:11:11 PM]	CNtlInstanceEffect::LoadSwapFile (801):  file open failed. (300_sec.eff)
[14:11:11 PM]	CNtlPLOccluder_Quad::LoadSwapFile (830):  file open failed. (300_sec.ocq)
[14:11:11 PM]	CNtlPLHeatHazeObject::LoadSwapFile (724):  file open failed. (300_sec.hho)
[14:11:11 PM]	CNtlWorldShadow::LoadSwapFile (141):  file open failed. (301_sec.sdw)
[14:11:11 PM]	CNtlPLObject::LoadSwapFile (3322):  file open failed. (301_sec.objt)
[14:11:11 PM]	CNtlInstanceEffect::LoadSwapFile (801):  file open failed. (301_sec.eff)
[14:11:11 PM]	CNtlPLOccluder_Quad::LoadSwapFile (830):  file open failed. (301_sec.ocq)
[14:11:11 PM]	CNtlPLHeatHazeObject::LoadSwapFile (724):  file open failed. (301_sec.hho)
[14:11:11 PM]	CNtlWorldShadow::LoadSwapFile (141):  file open failed. (270_sec.sdw)
[14:11:11 PM]	CNtlPLObject::LoadSwapFile (3322):  file open failed. (270_sec.objt)
[14:11:11 PM]	CNtlInstanceEffect::LoadSwapFile (801):  file open failed. (270_sec.eff)
[14:11:11 PM]	CNtlPLOccluder_Quad::LoadSwapFile (830):  file open failed. (270_sec.ocq)
[14:11:11 PM]	CNtlPLHeatHazeObject::LoadSwapFile (724):  file open failed. (270_sec.hho)
[14:11:11 PM]	CNtlWorldShadow::LoadSwapFile (141):  file open failed. (271_sec.sdw)
[14:11:11 PM]	CNtlPLObject::LoadSwapFile (3322):  file open failed. (271_sec.objt)
[14:11:11 PM]	CNtlInstanceEffect::LoadSwapFile (801):  file open failed. (271_sec.eff)
[14:11:11 PM]	CNtlPLOccluder_Quad::LoadSwapFile (830):  file open failed. (271_sec.ocq)
[14:11:11 PM]	CNtlPLHeatHazeObject::LoadSwapFile (724):  file open failed. (271_sec.hho)
[14:11:11 PM]	CNtlWorldShadow::LoadSwapFile (141):  file open failed. (302_sec.sdw)
[14:11:11 PM]	CNtlPLObject::LoadSwapFile (3322):  file open failed. (302_sec.objt)
[14:11:11 PM]	CNtlInstanceEffect::LoadSwapFile (801):  file open failed. (302_sec.eff)
[14:11:11 PM]	CNtlPLOccluder_Quad::LoadSwapFile (830):  file open failed. (302_sec.ocq)
[14:11:11 PM]	CNtlPLHeatHazeObject::LoadSwapFile (724):  file open failed. (302_sec.hho)
[14:11:11 PM]	CNtlWorldShadow::LoadSwapFile (141):  file open failed. (303_sec.sdw)
[14:11:11 PM]	CNtlPLObject::LoadSwapFile (3322):  file open failed. (303_sec.objt)
[14:11:11 PM]	CNtlInstanceEffect::LoadSwapFile (801):  file open failed. (303_sec.eff)
[14:11:11 PM]	CNtlPLOccluder_Quad::LoadSwapFile (830):  file open failed. (303_sec.ocq)
[14:11:11 PM]	CNtlPLHeatHazeObject::LoadSwapFile (724):  file open failed. (303_sec.hho)
[14:11:11 PM]	CNtlWorldShadow::LoadSwapFile (141):  file open failed. (272_sec.sdw)
[14:11:11 PM]	CNtlPLObject::LoadSwapFile (3322):  file open failed. (272_sec.objt)
[14:11:11 PM]	CNtlInstanceEffect::LoadSwapFile (801):  file open failed. (272_sec.eff)
[14:11:12 PM]	CNtlPLOccluder_Quad::LoadSwapFile (830):  file open failed. (272_sec.ocq)
[14:11:12 PM]	CNtlPLHeatHazeObject::LoadSwapFile (724):  file open failed. (272_sec.hho)
[14:11:12 PM]	CNtlWorldShadow::LoadSwapFile (141):  file open failed. (273_sec.sdw)
[14:11:12 PM]	CNtlPLObject::LoadSwapFile (3322):  file open failed. (273_sec.objt)
[14:11:12 PM]	CNtlInstanceEffect::LoadSwapFile (801):  file open failed. (273_sec.eff)
[14:11:12 PM]	CNtlPLOccluder_Quad::LoadSwapFile (830):  file open failed. (273_sec.ocq)
[14:11:12 PM]	CNtlPLHeatHazeObject::LoadSwapFile (724):  file open failed. (273_sec.hho)
[14:11:12 PM]	CNtlWorldShadow::LoadSwapFile (141):  file open failed. (304_sec.sdw)
[14:11:12 PM]	CNtlPLObject::LoadSwapFile (3322):  file open failed. (304_sec.objt)
[14:11:12 PM]	CNtlInstanceEffect::LoadSwapFile (801):  file open failed. (304_sec.eff)
[14:11:12 PM]	CNtlPLOccluder_Quad::LoadSwapFile (830):  file open failed. (304_sec.ocq)
[14:11:12 PM]	CNtlPLHeatHazeObject::LoadSwapFile (724):  file open failed. (304_sec.hho)
[14:11:12 PM]	CNtlWorldShadow::LoadSwapFile (141):  file open failed. (305_sec.sdw)
[14:11:12 PM]	CNtlPLObject::LoadSwapFile (3322):  file open failed. (305_sec.objt)
[14:11:12 PM]	CNtlInstanceEffect::LoadSwapFile (801):  file open failed. (305_sec.eff)
[14:11:12 PM]	CNtlPLOccluder_Quad::LoadSwapFile (830):  file open failed. (305_sec.ocq)
[14:11:12 PM]	CNtlPLHeatHazeObject::LoadSwapFile (724):  file open failed. (305_sec.hho)
[14:11:12 PM]	CNtlWorldShadow::LoadSwapFile (141):  file open failed. (274_sec.sdw)
[14:11:12 PM]	CNtlPLObject::LoadSwapFile (3322):  file open failed. (274_sec.objt)
[14:11:12 PM]	CNtlInstanceEffect::LoadSwapFile (801):  file open failed. (274_sec.eff)
[14:11:12 PM]	CNtlPLOccluder_Quad::LoadSwapFile (830):  file open failed. (274_sec.ocq)
[14:11:12 PM]	CNtlPLHeatHazeObject::LoadSwapFile (724):  file open failed. (274_sec.hho)
[14:11:12 PM]	CNtlWorldShadow::LoadSwapFile (141):  file open failed. (275_sec.sdw)
[14:11:12 PM]	CNtlPLObject::LoadSwapFile (3322):  file open failed. (275_sec.objt)
[14:11:12 PM]	CNtlInstanceEffect::LoadSwapFile (801):  file open failed. (275_sec.eff)
[14:11:12 PM]	CNtlPLOccluder_Quad::LoadSwapFile (830):  file open failed. (275_sec.ocq)
[14:11:12 PM]	CNtlPLHeatHazeObject::LoadSwapFile (724):  file open failed. (275_sec.hho)
[14:11:12 PM]	CNtlWorldShadow::LoadSwapFile (141):  file open failed. (306_sec.sdw)
[14:11:12 PM]	CNtlPLObject::LoadSwapFile (3322):  file open failed. (306_sec.objt)
[14:11:12 PM]	CNtlInstanceEffect::LoadSwapFile (801):  file open failed. (306_sec.eff)
[14:11:12 PM]	CNtlPLOccluder_Quad::LoadSwapFile (830):  file open failed. (306_sec.ocq)
[14:11:12 PM]	CNtlPLHeatHazeObject::LoadSwapFile (724):  file open failed. (306_sec.hho)
[14:11:12 PM]	CNtlWorldShadow::LoadSwapFile (141):  file open failed. (307_sec.sdw)
[14:11:12 PM]	CNtlPLObject::LoadSwapFile (3322):  file open failed. (307_sec.objt)
[14:11:12 PM]	CNtlInstanceEffect::LoadSwapFile (801):  file open failed. (307_sec.eff)
[14:11:12 PM]	CNtlPLOccluder_Quad::LoadSwapFile (830):  file open failed. (307_sec.ocq)
[14:11:12 PM]	CNtlPLHeatHazeObject::LoadSwapFile (724):  file open failed. (307_sec.hho)
[14:11:12 PM]	CNtlWorldShadow::LoadSwapFile (141):  file open failed. (276_sec.sdw)
[14:11:12 PM]	CNtlPLObject::LoadSwapFile (3322):  file open failed. (276_sec.objt)
[14:11:12 PM]	CNtlInstanceEffect::LoadSwapFile (801):  file open failed. (276_sec.eff)
[14:11:12 PM]	CNtlPLOccluder_Quad::LoadSwapFile (830):  file open failed. (276_sec.ocq)
[14:11:12 PM]	CNtlPLHeatHazeObject::LoadSwapFile (724):  file open failed. (276_sec.hho)
[14:11:13 PM]	CNtlWorldShadow::LoadSwapFile (141):  file open failed. (277_sec.sdw)
[14:11:13 PM]	CNtlPLObject::LoadSwapFile (3322):  file open failed. (277_sec.objt)
[14:11:13 PM]	CNtlInstanceEffect::LoadSwapFile (801):  file open failed. (277_sec.eff)
[14:11:13 PM]	CNtlPLOccluder_Quad::LoadSwapFile (830):  file open failed. (277_sec.ocq)
[14:11:13 PM]	CNtlPLHeatHazeObject::LoadSwapFile (724):  file open failed. (277_sec.hho)
[14:11:13 PM]	CNtlWorldShadow::LoadSwapFile (141):  file open failed. (308_sec.sdw)
[14:11:13 PM]	CNtlPLObject::LoadSwapFile (3322):  file open failed. (308_sec.objt)
[14:11:13 PM]	CNtlInstanceEffect::LoadSwapFile (801):  file open failed. (308_sec.eff)
[14:11:13 PM]	CNtlPLOccluder_Quad::LoadSwapFile (830):  file open failed. (308_sec.ocq)
[14:11:13 PM]	CNtlPLHeatHazeObject::LoadSwapFile (724):  file open failed. (308_sec.hho)
[14:11:13 PM]	CNtlWorldShadow::LoadSwapFile (141):  file open failed. (309_sec.sdw)
[14:11:13 PM]	CNtlPLObject::LoadSwapFile (3322):  file open failed. (309_sec.objt)
[14:11:13 PM]	CNtlInstanceEffect::LoadSwapFile (801):  file open failed. (309_sec.eff)
[14:11:13 PM]	CNtlPLOccluder_Quad::LoadSwapFile (830):  file open failed. (309_sec.ocq)
[14:11:13 PM]	CNtlPLHeatHazeObject::LoadSwapFile (724):  file open failed. (309_sec.hho)
[14:11:13 PM]	CNtlWorldShadow::LoadSwapFile (141):  file open failed. (330_sec.sdw)
[14:11:13 PM]	CNtlPLObject::LoadSwapFile (3322):  file open failed. (330_sec.objt)
[14:11:13 PM]	CNtlInstanceEffect::LoadSwapFile (801):  file open failed. (330_sec.eff)
[14:11:13 PM]	CNtlPLOccluder_Quad::LoadSwapFile (830):  file open failed. (330_sec.ocq)
[14:11:13 PM]	CNtlPLHeatHazeObject::LoadSwapFile (724):  file open failed. (330_sec.hho)
[14:11:13 PM]	CNtlWorldShadow::LoadSwapFile (141):  file open failed. (331_sec.sdw)
[14:11:13 PM]	CNtlPLObject::LoadSwapFile (3322):  file open failed. (331_sec.objt)
[14:11:13 PM]	CNtlInstanceEffect::LoadSwapFile (801):  file open failed. (331_sec.eff)
[14:11:13 PM]	CNtlPLOccluder_Quad::LoadSwapFile (830):  file open failed. (331_sec.ocq)
[14:11:13 PM]	CNtlPLHeatHazeObject::LoadSwapFile (724):  file open failed. (331_sec.hho)
[14:11:13 PM]	CNtlWorldShadow::LoadSwapFile (141):  file open failed. (362_sec.sdw)
[14:11:13 PM]	CNtlPLObject::LoadSwapFile (3322):  file open failed. (362_sec.objt)
[14:11:13 PM]	CNtlInstanceEffect::LoadSwapFile (801):  file open failed. (362_sec.eff)
[14:11:13 PM]	CNtlPLOccluder_Quad::LoadSwapFile (830):  file open failed. (362_sec.ocq)
[14:11:13 PM]	CNtlPLHeatHazeObject::LoadSwapFile (724):  file open failed. (362_sec.hho)
[14:11:13 PM]	CNtlWorldShadow::LoadSwapFile (141):  file open failed. (363_sec.sdw)
[14:11:13 PM]	CNtlPLObject::LoadSwapFile (3322):  file open failed. (363_sec.objt)
[14:11:13 PM]	CNtlInstanceEffect::LoadSwapFile (801):  file open failed. (363_sec.eff)
[14:11:13 PM]	CNtlPLOccluder_Quad::LoadSwapFile (830):  file open failed. (363_sec.ocq)
[14:11:13 PM]	CNtlPLHeatHazeObject::LoadSwapFile (724):  file open failed. (363_sec.hho)
[14:11:13 PM]	CNtlWorldShadow::LoadSwapFile (141):  file open failed. (332_sec.sdw)
[14:11:13 PM]	CNtlPLObject::LoadSwapFile (3322):  file open failed. (332_sec.objt)
[14:11:13 PM]	CNtlInstanceEffect::LoadSwapFile (801):  file open failed. (332_sec.eff)
[14:11:13 PM]	CNtlPLOccluder_Quad::LoadSwapFile (830):  file open failed. (332_sec.ocq)
[14:11:13 PM]	CNtlPLHeatHazeObject::LoadSwapFile (724):  file open failed. (332_sec.hho)
[14:11:13 PM]	CNtlWorldShadow::LoadSwapFile (141):  file open failed. (333_sec.sdw)
[14:11:13 PM]	CNtlPLObject::LoadSwapFile (3322):  file open failed. (333_sec.objt)
[14:11:14 PM]	CNtlInstanceEffect::LoadSwapFile (801):  file open failed. (333_sec.eff)
[14:11:14 PM]	CNtlPLOccluder_Quad::LoadSwapFile (830):  file open failed. (333_sec.ocq)
[14:11:14 PM]	CNtlPLHeatHazeObject::LoadSwapFile (724):  file open failed. (333_sec.hho)
[14:11:14 PM]	CNtlWorldShadow::LoadSwapFile (141):  file open failed. (364_sec.sdw)
[14:11:14 PM]	CNtlPLObject::LoadSwapFile (3322):  file open failed. (364_sec.objt)
[14:11:14 PM]	CNtlInstanceEffect::LoadSwapFile (801):  file open failed. (364_sec.eff)
[14:11:14 PM]	CNtlPLOccluder_Quad::LoadSwapFile (830):  file open failed. (364_sec.ocq)
[14:11:14 PM]	CNtlPLHeatHazeObject::LoadSwapFile (724):  file open failed. (364_sec.hho)
[14:11:14 PM]	CNtlWorldShadow::LoadSwapFile (141):  file open failed. (365_sec.sdw)
[14:11:14 PM]	CNtlPLObject::LoadSwapFile (3322):  file open failed. (365_sec.objt)
[14:11:14 PM]	CNtlInstanceEffect::LoadSwapFile (801):  file open failed. (365_sec.eff)
[14:11:14 PM]	CNtlPLOccluder_Quad::LoadSwapFile (830):  file open failed. (365_sec.ocq)
[14:11:14 PM]	CNtlPLHeatHazeObject::LoadSwapFile (724):  file open failed. (365_sec.hho)
[14:11:14 PM]	CNtlWorldShadow::LoadSwapFile (141):  file open failed. (334_sec.sdw)
[14:11:14 PM]	CNtlPLObject::LoadSwapFile (3322):  file open failed. (334_sec.objt)
[14:11:14 PM]	CNtlInstanceEffect::LoadSwapFile (801):  file open failed. (334_sec.eff)
[14:11:14 PM]	CNtlPLOccluder_Quad::LoadSwapFile (830):  file open failed. (334_sec.ocq)
[14:11:14 PM]	CNtlPLHeatHazeObject::LoadSwapFile (724):  file open failed. (334_sec.hho)
[14:11:14 PM]	CNtlWorldShadow::LoadSwapFile (141):  file open failed. (335_sec.sdw)
[14:11:14 PM]	CNtlPLObject::LoadSwapFile (3322):  file open failed. (335_sec.objt)
[14:11:14 PM]	CNtlInstanceEffect::LoadSwapFile (801):  file open failed. (335_sec.eff)
[14:11:14 PM]	CNtlPLOccluder_Quad::LoadSwapFile (830):  file open failed. (335_sec.ocq)
[14:11:14 PM]	CNtlPLHeatHazeObject::LoadSwapFile (724):  file open failed. (335_sec.hho)
[14:11:14 PM]	CNtlWorldShadow::LoadSwapFile (141):  file open failed. (366_sec.sdw)
[14:11:14 PM]	CNtlPLObject::LoadSwapFile (3322):  file open failed. (366_sec.objt)
[14:11:14 PM]	CNtlInstanceEffect::LoadSwapFile (801):  file open failed. (366_sec.eff)
[14:11:14 PM]	CNtlPLOccluder_Quad::LoadSwapFile (830):  file open failed. (366_sec.ocq)
[14:11:14 PM]	CNtlPLHeatHazeObject::LoadSwapFile (724):  file open failed. (366_sec.hho)
[14:11:14 PM]	CNtlWorldShadow::LoadSwapFile (141):  file open failed. (367_sec.sdw)
[14:11:14 PM]	CNtlPLObject::LoadSwapFile (3322):  file open failed. (367_sec.objt)
[14:11:15 PM]	CNtlInstanceEffect::LoadSwapFile (801):  file open failed. (367_sec.eff)
[14:11:15 PM]	CNtlPLOccluder_Quad::LoadSwapFile (830):  file open failed. (367_sec.ocq)
[14:11:15 PM]	CNtlPLHeatHazeObject::LoadSwapFile (724):  file open failed. (367_sec.hho)
[14:11:15 PM]	CNtlWorldShadow::LoadSwapFile (141):  file open failed. (336_sec.sdw)
[14:11:15 PM]	CNtlPLObject::LoadSwapFile (3322):  file open failed. (336_sec.objt)
[14:11:15 PM]	CNtlInstanceEffect::LoadSwapFile (801):  file open failed. (336_sec.eff)
[14:11:15 PM]	CNtlPLOccluder_Quad::LoadSwapFile (830):  file open failed. (336_sec.ocq)
[14:11:15 PM]	CNtlPLHeatHazeObject::LoadSwapFile (724):  file open failed. (336_sec.hho)
[14:11:15 PM]	CNtlWorldShadow::LoadSwapFile (141):  file open failed. (337_sec.sdw)
[14:11:15 PM]	CNtlPLObject::LoadSwapFile (3322):  file open failed. (337_sec.objt)
[14:11:15 PM]	CNtlInstanceEffect::LoadSwapFile (801):  file open failed. (337_sec.eff)
[14:11:15 PM]	CNtlPLOccluder_Quad::LoadSwapFile (830):  file open failed. (337_sec.ocq)
[14:11:15 PM]	CNtlPLHeatHazeObject::LoadSwapFile (724):  file open failed. (337_sec.hho)
[14:11:15 PM]	CNtlWorldShadow::LoadSwapFile (141):  file open failed. (368_sec.sdw)
[14:11:15 PM]	CNtlPLObject::LoadSwapFile (3322):  file open failed. (368_sec.objt)
[14:11:15 PM]	CNtlInstanceEffect::LoadSwapFile (801):  file open failed. (368_sec.eff)
[14:11:15 PM]	CNtlPLOccluder_Quad::LoadSwapFile (830):  file open failed. (368_sec.ocq)
[14:11:15 PM]	CNtlPLHeatHazeObject::LoadSwapFile (724):  file open failed. (368_sec.hho)
[14:11:15 PM]	CNtlWorldShadow::LoadSwapFile (141):  file open failed. (369_sec.sdw)
[14:11:15 PM]	CNtlPLObject::LoadSwapFile (3322):  file open failed. (369_sec.objt)
[14:11:15 PM]	CNtlInstanceEffect::LoadSwapFile (801):  file open failed. (369_sec.eff)
[14:11:15 PM]	CNtlPLOccluder_Quad::LoadSwapFile (830):  file open failed. (369_sec.ocq)
[14:11:15 PM]	CNtlPLHeatHazeObject::LoadSwapFile (724):  file open failed. (369_sec.hho)
[14:11:15 PM]	CNtlWorldShadow::LoadSwapFile (141):  file open failed. (338_sec.sdw)
[14:11:15 PM]	CNtlPLObject::LoadSwapFile (3322):  file open failed. (338_sec.objt)
[14:11:15 PM]	CNtlInstanceEffect::LoadSwapFile (801):  file open failed. (338_sec.eff)
[14:11:15 PM]	CNtlPLOccluder_Quad::LoadSwapFile (830):  file open failed. (338_sec.ocq)
[14:11:16 PM]	CNtlPLHeatHazeObject::LoadSwapFile (724):  file open failed. (338_sec.hho)
[14:11:16 PM]	CNtlWorldShadow::LoadSwapFile (141):  file open failed. (339_sec.sdw)
[14:11:16 PM]	CNtlPLObject::LoadSwapFile (3322):  file open failed. (339_sec.objt)
[14:11:16 PM]	CNtlInstanceEffect::LoadSwapFile (801):  file open failed. (339_sec.eff)
[14:11:16 PM]	CNtlPLOccluder_Quad::LoadSwapFile (830):  file open failed. (339_sec.ocq)
[14:11:16 PM]	CNtlPLHeatHazeObject::LoadSwapFile (724):  file open failed. (339_sec.hho)
[14:11:16 PM]	CNtlWorldShadow::LoadSwapFile (141):  file open failed. (370_sec.sdw)
[14:11:16 PM]	CNtlPLObject::LoadSwapFile (3322):  file open failed. (370_sec.objt)
[14:11:16 PM]	CNtlInstanceEffect::LoadSwapFile (801):  file open failed. (370_sec.eff)
[14:11:16 PM]	CNtlPLOccluder_Quad::LoadSwapFile (830):  file open failed. (370_sec.ocq)
[14:11:16 PM]	CNtlPLHeatHazeObject::LoadSwapFile (724):  file open failed. (370_sec.hho)
[14:11:16 PM]	CNtlWorldShadow::LoadSwapFile (141):  file open failed. (371_sec.sdw)
[14:11:16 PM]	CNtlPLObject::LoadSwapFile (3322):  file open failed. (371_sec.objt)
[14:11:16 PM]	CNtlInstanceEffect::LoadSwapFile (801):  file open failed. (371_sec.eff)
[14:11:16 PM]	CNtlPLOccluder_Quad::LoadSwapFile (830):  file open failed. (371_sec.ocq)
[14:11:16 PM]	CNtlPLHeatHazeObject::LoadSwapFile (724):  file open failed. (371_sec.hho)
[14:11:16 PM]	CNtlWorldShadow::LoadSwapFile (141):  file open failed. (340_sec.sdw)
[14:11:16 PM]	CNtlPLObject::LoadSwapFile (3322):  file open failed. (340_sec.objt)
[14:11:16 PM]	CNtlInstanceEffect::LoadSwapFile (801):  file open failed. (340_sec.eff)
[14:11:16 PM]	CNtlPLOccluder_Quad::LoadSwapFile (830):  file open failed. (340_sec.ocq)
[14:11:16 PM]	CNtlPLHeatHazeObject::LoadSwapFile (724):  file open failed. (340_sec.hho)
[14:11:16 PM]	CNtlWorldShadow::LoadSwapFile (141):  file open failed. (341_sec.sdw)
[14:11:16 PM]	CNtlPLObject::LoadSwapFile (3322):  file open failed. (341_sec.objt)
[14:11:16 PM]	CNtlInstanceEffect::LoadSwapFile (801):  file open failed. (341_sec.eff)
[14:11:16 PM]	CNtlPLOccluder_Quad::LoadSwapFile (830):  file open failed. (341_sec.ocq)
[14:11:16 PM]	CNtlPLHeatHazeObject::LoadSwapFile (724):  file open failed. (341_sec.hho)
[14:11:16 PM]	CNtlWorldShadow::LoadSwapFile (141):  file open failed. (372_sec.sdw)
[14:11:16 PM]	CNtlPLObject::LoadSwapFile (3322):  file open failed. (372_sec.objt)
[14:11:16 PM]	CNtlInstanceEffect::LoadSwapFile (801):  file open failed. (372_sec.eff)
[14:11:16 PM]	CNtlPLOccluder_Quad::LoadSwapFile (830):  file open failed. (372_sec.ocq)
[14:11:16 PM]	CNtlPLHeatHazeObject::LoadSwapFile (724):  file open failed. (372_sec.hho)
[14:11:16 PM]	CNtlWorldShadow::LoadSwapFile (141):  file open failed. (373_sec.sdw)
[14:11:16 PM]	CNtlPLObject::LoadSwapFile (3322):  file open failed. (373_sec.objt)
[14:11:16 PM]	CNtlInstanceEffect::LoadSwapFile (801):  file open failed. (373_sec.eff)
[14:11:16 PM]	CNtlPLOccluder_Quad::LoadSwapFile (830):  file open failed. (373_sec.ocq)
[14:11:16 PM]	CNtlPLHeatHazeObject::LoadSwapFile (724):  file open failed. (373_sec.hho)
[14:19:09 PM]	 === < SABER > Trace End === 
