[18:12:45 PM]	=============== Start Trace ===============

[18:12:45 PM]	 === < SABER > Trace Start === 
[18:13:10 PM]	CNtlPLPropertyContainer::AddProp (258):  prop defined.(A_HMY_F_AD)
[18:13:15 PM]	CNtlPLVisualManager::GetHeightFieldWorldHeight (1170):  GetWorldHeight : Failed : IN(0,0,0), OUT_HEIGHT(-999)
[18:13:18 PM]	CNtlWorldShadow::LoadSwapFile (141):  file open failed. (2_sec.sdw)
[18:13:18 PM]	CNtlPLObject::LoadSwapFile (3334):  file open failed. (2_sec.objt)
[18:13:18 PM]	CNtlInstanceEffect::LoadSwapFile (801):  file open failed. (2_sec.eff)
[18:13:18 PM]	CNtlPLOccluder_Quad::LoadSwapFile (830):  file open failed. (2_sec.ocq)
[18:13:18 PM]	CNtlPLHeatHazeObject::LoadSwapFile (724):  file open failed. (2_sec.hho)
[18:13:18 PM]	CNtlWorldShadow::LoadSwapFile (141):  file open failed. (3_sec.sdw)
[18:13:18 PM]	CNtlPLObject::LoadSwapFile (3334):  file open failed. (3_sec.objt)
[18:13:18 PM]	CNtlInstanceEffect::LoadSwapFile (801):  file open failed. (3_sec.eff)
[18:13:18 PM]	CNtlPLOccluder_Quad::LoadSwapFile (830):  file open failed. (3_sec.ocq)
[18:13:18 PM]	CNtlPLHeatHazeObject::LoadSwapFile (724):  file open failed. (3_sec.hho)
[18:13:18 PM]	CNtlWorldShadow::LoadSwapFile (141):  file open failed. (18_sec.sdw)
[18:13:18 PM]	CNtlPLObject::LoadSwapFile (3334):  file open failed. (18_sec.objt)
[18:13:18 PM]	CNtlInstanceEffect::LoadSwapFile (801):  file open failed. (18_sec.eff)
[18:13:18 PM]	CNtlPLOccluder_Quad::LoadSwapFile (830):  file open failed. (18_sec.ocq)
[18:13:18 PM]	CNtlPLHeatHazeObject::LoadSwapFile (724):  file open failed. (18_sec.hho)
[18:13:18 PM]	CNtlWorldShadow::LoadSwapFile (141):  file open failed. (19_sec.sdw)
[18:13:18 PM]	CNtlPLObject::LoadSwapFile (3334):  file open failed. (19_sec.objt)
[18:13:18 PM]	CNtlInstanceEffect::LoadSwapFile (801):  file open failed. (19_sec.eff)
[18:13:18 PM]	CNtlPLOccluder_Quad::LoadSwapFile (830):  file open failed. (19_sec.ocq)
[18:13:18 PM]	CNtlPLHeatHazeObject::LoadSwapFile (724):  file open failed. (19_sec.hho)
[18:13:18 PM]	CNtlWorldShadow::LoadSwapFile (141):  file open failed. (4_sec.sdw)
[18:13:18 PM]	CNtlPLObject::LoadSwapFile (3334):  file open failed. (4_sec.objt)
[18:13:18 PM]	CNtlInstanceEffect::LoadSwapFile (801):  file open failed. (4_sec.eff)
[18:13:18 PM]	CNtlPLOccluder_Quad::LoadSwapFile (830):  file open failed. (4_sec.ocq)
[18:13:18 PM]	CNtlPLHeatHazeObject::LoadSwapFile (724):  file open failed. (4_sec.hho)
[18:13:18 PM]	CNtlWorldShadow::LoadSwapFile (141):  file open failed. (5_sec.sdw)
[18:13:18 PM]	CNtlPLObject::LoadSwapFile (3334):  file open failed. (5_sec.objt)
[18:13:18 PM]	CNtlInstanceEffect::LoadSwapFile (801):  file open failed. (5_sec.eff)
[18:13:18 PM]	CNtlPLOccluder_Quad::LoadSwapFile (830):  file open failed. (5_sec.ocq)
[18:13:18 PM]	CNtlPLHeatHazeObject::LoadSwapFile (724):  file open failed. (5_sec.hho)
[18:13:18 PM]	CNtlWorldShadow::LoadSwapFile (141):  file open failed. (20_sec.sdw)
[18:13:18 PM]	CNtlPLObject::LoadSwapFile (3334):  file open failed. (20_sec.objt)
[18:13:18 PM]	CNtlInstanceEffect::LoadSwapFile (801):  file open failed. (20_sec.eff)
[18:13:18 PM]	CNtlPLOccluder_Quad::LoadSwapFile (830):  file open failed. (20_sec.ocq)
[18:13:18 PM]	CNtlPLHeatHazeObject::LoadSwapFile (724):  file open failed. (20_sec.hho)
[18:13:18 PM]	CNtlWorldShadow::LoadSwapFile (141):  file open failed. (21_sec.sdw)
[18:13:18 PM]	CNtlPLObject::LoadSwapFile (3334):  file open failed. (21_sec.objt)
[18:13:18 PM]	CNtlInstanceEffect::LoadSwapFile (801):  file open failed. (21_sec.eff)
[18:13:18 PM]	CNtlPLOccluder_Quad::LoadSwapFile (830):  file open failed. (21_sec.ocq)
[18:13:18 PM]	CNtlPLHeatHazeObject::LoadSwapFile (724):  file open failed. (21_sec.hho)
[18:13:18 PM]	CNtlWorldShadow::LoadSwapFile (141):  file open failed. (6_sec.sdw)
[18:13:18 PM]	CNtlPLObject::LoadSwapFile (3334):  file open failed. (6_sec.objt)
[18:13:18 PM]	CNtlInstanceEffect::LoadSwapFile (801):  file open failed. (6_sec.eff)
[18:13:18 PM]	CNtlPLOccluder_Quad::LoadSwapFile (830):  file open failed. (6_sec.ocq)
[18:13:18 PM]	CNtlPLHeatHazeObject::LoadSwapFile (724):  file open failed. (6_sec.hho)
[18:13:18 PM]	CNtlWorldShadow::LoadSwapFile (141):  file open failed. (7_sec.sdw)
[18:13:18 PM]	CNtlPLObject::LoadSwapFile (3334):  file open failed. (7_sec.objt)
[18:13:18 PM]	CNtlInstanceEffect::LoadSwapFile (801):  file open failed. (7_sec.eff)
[18:13:18 PM]	CNtlPLOccluder_Quad::LoadSwapFile (830):  file open failed. (7_sec.ocq)
[18:13:18 PM]	CNtlPLHeatHazeObject::LoadSwapFile (724):  file open failed. (7_sec.hho)
[18:13:18 PM]	CNtlWorldShadow::LoadSwapFile (141):  file open failed. (22_sec.sdw)
[18:13:18 PM]	CNtlPLObject::LoadSwapFile (3334):  file open failed. (22_sec.objt)
[18:13:18 PM]	CNtlInstanceEffect::LoadSwapFile (801):  file open failed. (22_sec.eff)
[18:13:18 PM]	CNtlPLOccluder_Quad::LoadSwapFile (830):  file open failed. (22_sec.ocq)
[18:13:18 PM]	CNtlPLHeatHazeObject::LoadSwapFile (724):  file open failed. (22_sec.hho)
[18:13:18 PM]	CNtlWorldShadow::LoadSwapFile (141):  file open failed. (23_sec.sdw)
[18:13:18 PM]	CNtlPLObject::LoadSwapFile (3334):  file open failed. (23_sec.objt)
[18:13:18 PM]	CNtlInstanceEffect::LoadSwapFile (801):  file open failed. (23_sec.eff)
[18:13:18 PM]	CNtlPLOccluder_Quad::LoadSwapFile (830):  file open failed. (23_sec.ocq)
[18:13:18 PM]	CNtlPLHeatHazeObject::LoadSwapFile (724):  file open failed. (23_sec.hho)
[18:13:18 PM]	CNtlWorldShadow::LoadSwapFile (141):  file open failed. (8_sec.sdw)
[18:13:18 PM]	CNtlPLObject::LoadSwapFile (3334):  file open failed. (8_sec.objt)
[18:13:18 PM]	CNtlInstanceEffect::LoadSwapFile (801):  file open failed. (8_sec.eff)
[18:13:18 PM]	CNtlPLOccluder_Quad::LoadSwapFile (830):  file open failed. (8_sec.ocq)
[18:13:18 PM]	CNtlPLHeatHazeObject::LoadSwapFile (724):  file open failed. (8_sec.hho)
[18:13:18 PM]	CNtlWorldShadow::LoadSwapFile (141):  file open failed. (9_sec.sdw)
[18:13:18 PM]	CNtlPLObject::LoadSwapFile (3334):  file open failed. (9_sec.objt)
[18:13:18 PM]	CNtlInstanceEffect::LoadSwapFile (801):  file open failed. (9_sec.eff)
[18:13:18 PM]	CNtlPLOccluder_Quad::LoadSwapFile (830):  file open failed. (9_sec.ocq)
[18:13:18 PM]	CNtlPLHeatHazeObject::LoadSwapFile (724):  file open failed. (9_sec.hho)
[18:13:18 PM]	CNtlWorldShadow::LoadSwapFile (141):  file open failed. (24_sec.sdw)
[18:13:18 PM]	CNtlPLObject::LoadSwapFile (3334):  file open failed. (24_sec.objt)
[18:13:18 PM]	CNtlInstanceEffect::LoadSwapFile (801):  file open failed. (24_sec.eff)
[18:13:18 PM]	CNtlPLOccluder_Quad::LoadSwapFile (830):  file open failed. (24_sec.ocq)
[18:13:18 PM]	CNtlPLHeatHazeObject::LoadSwapFile (724):  file open failed. (24_sec.hho)
[18:13:18 PM]	CNtlWorldShadow::LoadSwapFile (141):  file open failed. (25_sec.sdw)
[18:13:18 PM]	CNtlPLObject::LoadSwapFile (3334):  file open failed. (25_sec.objt)
[18:13:18 PM]	CNtlInstanceEffect::LoadSwapFile (801):  file open failed. (25_sec.eff)
[18:13:18 PM]	CNtlPLOccluder_Quad::LoadSwapFile (830):  file open failed. (25_sec.ocq)
[18:13:18 PM]	CNtlPLHeatHazeObject::LoadSwapFile (724):  file open failed. (25_sec.hho)
[18:13:18 PM]	CNtlWorldShadow::LoadSwapFile (141):  file open failed. (10_sec.sdw)
[18:13:18 PM]	CNtlPLObject::LoadSwapFile (3334):  file open failed. (10_sec.objt)
[18:13:18 PM]	CNtlInstanceEffect::LoadSwapFile (801):  file open failed. (10_sec.eff)
[18:13:18 PM]	CNtlPLOccluder_Quad::LoadSwapFile (830):  file open failed. (10_sec.ocq)
[18:13:18 PM]	CNtlPLHeatHazeObject::LoadSwapFile (724):  file open failed. (10_sec.hho)
[18:13:18 PM]	CNtlWorldShadow::LoadSwapFile (141):  file open failed. (11_sec.sdw)
[18:13:18 PM]	CNtlPLObject::LoadSwapFile (3334):  file open failed. (11_sec.objt)
[18:13:18 PM]	CNtlInstanceEffect::LoadSwapFile (801):  file open failed. (11_sec.eff)
[18:13:18 PM]	CNtlPLOccluder_Quad::LoadSwapFile (830):  file open failed. (11_sec.ocq)
[18:13:18 PM]	CNtlPLHeatHazeObject::LoadSwapFile (724):  file open failed. (11_sec.hho)
[18:13:18 PM]	CNtlWorldShadow::LoadSwapFile (141):  file open failed. (26_sec.sdw)
[18:13:18 PM]	CNtlPLObject::LoadSwapFile (3334):  file open failed. (26_sec.objt)
[18:13:18 PM]	CNtlInstanceEffect::LoadSwapFile (801):  file open failed. (26_sec.eff)
[18:13:19 PM]	CNtlPLOccluder_Quad::LoadSwapFile (830):  file open failed. (26_sec.ocq)
[18:13:19 PM]	CNtlPLHeatHazeObject::LoadSwapFile (724):  file open failed. (26_sec.hho)
[18:13:19 PM]	CNtlWorldShadow::LoadSwapFile (141):  file open failed. (27_sec.sdw)
[18:13:19 PM]	CNtlPLObject::LoadSwapFile (3334):  file open failed. (27_sec.objt)
[18:13:19 PM]	CNtlInstanceEffect::LoadSwapFile (801):  file open failed. (27_sec.eff)
[18:13:19 PM]	CNtlPLOccluder_Quad::LoadSwapFile (830):  file open failed. (27_sec.ocq)
[18:13:19 PM]	CNtlPLHeatHazeObject::LoadSwapFile (724):  file open failed. (27_sec.hho)
[18:13:19 PM]	CNtlWorldShadow::LoadSwapFile (141):  file open failed. (12_sec.sdw)
[18:13:19 PM]	CNtlPLObject::LoadSwapFile (3334):  file open failed. (12_sec.objt)
[18:13:19 PM]	CNtlInstanceEffect::LoadSwapFile (801):  file open failed. (12_sec.eff)
[18:13:19 PM]	CNtlPLOccluder_Quad::LoadSwapFile (830):  file open failed. (12_sec.ocq)
[18:13:19 PM]	CNtlPLHeatHazeObject::LoadSwapFile (724):  file open failed. (12_sec.hho)
[18:13:19 PM]	CNtlWorldShadow::LoadSwapFile (141):  file open failed. (13_sec.sdw)
[18:13:19 PM]	CNtlPLObject::LoadSwapFile (3334):  file open failed. (13_sec.objt)
[18:13:19 PM]	CNtlInstanceEffect::LoadSwapFile (801):  file open failed. (13_sec.eff)
[18:13:19 PM]	CNtlPLOccluder_Quad::LoadSwapFile (830):  file open failed. (13_sec.ocq)
[18:13:19 PM]	CNtlPLHeatHazeObject::LoadSwapFile (724):  file open failed. (13_sec.hho)
[18:13:19 PM]	CNtlWorldShadow::LoadSwapFile (141):  file open failed. (28_sec.sdw)
[18:13:19 PM]	CNtlPLObject::LoadSwapFile (3334):  file open failed. (28_sec.objt)
[18:13:19 PM]	CNtlInstanceEffect::LoadSwapFile (801):  file open failed. (28_sec.eff)
[18:13:19 PM]	CNtlPLOccluder_Quad::LoadSwapFile (830):  file open failed. (28_sec.ocq)
[18:13:19 PM]	CNtlPLHeatHazeObject::LoadSwapFile (724):  file open failed. (28_sec.hho)
[18:13:19 PM]	CNtlWorldShadow::LoadSwapFile (141):  file open failed. (29_sec.sdw)
[18:13:19 PM]	CNtlPLObject::LoadSwapFile (3334):  file open failed. (29_sec.objt)
[18:13:19 PM]	CNtlInstanceEffect::LoadSwapFile (801):  file open failed. (29_sec.eff)
[18:13:19 PM]	CNtlPLOccluder_Quad::LoadSwapFile (830):  file open failed. (29_sec.ocq)
[18:13:19 PM]	CNtlPLHeatHazeObject::LoadSwapFile (724):  file open failed. (29_sec.hho)
[18:13:19 PM]	CNtlWorldShadow::LoadSwapFile (141):  file open failed. (34_sec.sdw)
[18:13:19 PM]	CNtlPLObject::LoadSwapFile (3334):  file open failed. (34_sec.objt)
[18:13:19 PM]	CNtlInstanceEffect::LoadSwapFile (801):  file open failed. (34_sec.eff)
[18:13:19 PM]	CNtlPLOccluder_Quad::LoadSwapFile (830):  file open failed. (34_sec.ocq)
[18:13:19 PM]	CNtlPLHeatHazeObject::LoadSwapFile (724):  file open failed. (34_sec.hho)
[18:13:19 PM]	CNtlWorldShadow::LoadSwapFile (141):  file open failed. (35_sec.sdw)
[18:13:19 PM]	CNtlPLObject::LoadSwapFile (3334):  file open failed. (35_sec.objt)
[18:13:19 PM]	CNtlInstanceEffect::LoadSwapFile (801):  file open failed. (35_sec.eff)
[18:13:19 PM]	CNtlPLOccluder_Quad::LoadSwapFile (830):  file open failed. (35_sec.ocq)
[18:13:19 PM]	CNtlPLHeatHazeObject::LoadSwapFile (724):  file open failed. (35_sec.hho)
[18:13:19 PM]	CNtlWorldShadow::LoadSwapFile (141):  file open failed. (50_sec.sdw)
[18:13:19 PM]	CNtlPLObject::LoadSwapFile (3334):  file open failed. (50_sec.objt)
[18:13:19 PM]	CNtlInstanceEffect::LoadSwapFile (801):  file open failed. (50_sec.eff)
[18:13:19 PM]	CNtlPLOccluder_Quad::LoadSwapFile (830):  file open failed. (50_sec.ocq)
[18:13:19 PM]	CNtlPLHeatHazeObject::LoadSwapFile (724):  file open failed. (50_sec.hho)
[18:13:19 PM]	CNtlWorldShadow::LoadSwapFile (141):  file open failed. (51_sec.sdw)
[18:13:19 PM]	CNtlPLObject::LoadSwapFile (3334):  file open failed. (51_sec.objt)
[18:13:19 PM]	CNtlInstanceEffect::LoadSwapFile (801):  file open failed. (51_sec.eff)
[18:13:19 PM]	CNtlPLOccluder_Quad::LoadSwapFile (830):  file open failed. (51_sec.ocq)
[18:13:19 PM]	CNtlPLHeatHazeObject::LoadSwapFile (724):  file open failed. (51_sec.hho)
[18:13:19 PM]	CNtlWorldShadow::LoadSwapFile (141):  file open failed. (36_sec.sdw)
[18:13:19 PM]	CNtlPLObject::LoadSwapFile (3334):  file open failed. (36_sec.objt)
[18:13:19 PM]	CNtlInstanceEffect::LoadSwapFile (801):  file open failed. (36_sec.eff)
[18:13:19 PM]	CNtlPLOccluder_Quad::LoadSwapFile (830):  file open failed. (36_sec.ocq)
[18:13:19 PM]	CNtlPLHeatHazeObject::LoadSwapFile (724):  file open failed. (36_sec.hho)
[18:13:19 PM]	CNtlWorldShadow::LoadSwapFile (141):  file open failed. (37_sec.sdw)
[18:13:19 PM]	CNtlPLObject::LoadSwapFile (3334):  file open failed. (37_sec.objt)
[18:13:19 PM]	CNtlInstanceEffect::LoadSwapFile (801):  file open failed. (37_sec.eff)
[18:13:19 PM]	CNtlPLOccluder_Quad::LoadSwapFile (830):  file open failed. (37_sec.ocq)
[18:13:19 PM]	CNtlPLHeatHazeObject::LoadSwapFile (724):  file open failed. (37_sec.hho)
[18:13:19 PM]	CNtlWorldShadow::LoadSwapFile (141):  file open failed. (52_sec.sdw)
[18:13:19 PM]	CNtlPLObject::LoadSwapFile (3334):  file open failed. (52_sec.objt)
[18:13:19 PM]	CNtlInstanceEffect::LoadSwapFile (801):  file open failed. (52_sec.eff)
[18:13:19 PM]	CNtlPLOccluder_Quad::LoadSwapFile (830):  file open failed. (52_sec.ocq)
[18:13:19 PM]	CNtlPLHeatHazeObject::LoadSwapFile (724):  file open failed. (52_sec.hho)
[18:13:19 PM]	CNtlWorldShadow::LoadSwapFile (141):  file open failed. (53_sec.sdw)
[18:13:19 PM]	CNtlPLObject::LoadSwapFile (3334):  file open failed. (53_sec.objt)
[18:13:19 PM]	CNtlInstanceEffect::LoadSwapFile (801):  file open failed. (53_sec.eff)
[18:13:19 PM]	CNtlPLOccluder_Quad::LoadSwapFile (830):  file open failed. (53_sec.ocq)
[18:13:19 PM]	CNtlPLHeatHazeObject::LoadSwapFile (724):  file open failed. (53_sec.hho)
[18:13:19 PM]	CNtlWorldShadow::LoadSwapFile (141):  file open failed. (38_sec.sdw)
[18:13:19 PM]	CNtlPLObject::LoadSwapFile (3334):  file open failed. (38_sec.objt)
[18:13:19 PM]	CNtlInstanceEffect::LoadSwapFile (801):  file open failed. (38_sec.eff)
[18:13:19 PM]	CNtlPLOccluder_Quad::LoadSwapFile (830):  file open failed. (38_sec.ocq)
[18:13:19 PM]	CNtlPLHeatHazeObject::LoadSwapFile (724):  file open failed. (38_sec.hho)
[18:13:19 PM]	CNtlWorldShadow::LoadSwapFile (141):  file open failed. (39_sec.sdw)
[18:13:19 PM]	CNtlPLObject::LoadSwapFile (3334):  file open failed. (39_sec.objt)
[18:13:19 PM]	CNtlInstanceEffect::LoadSwapFile (801):  file open failed. (39_sec.eff)
[18:13:19 PM]	CNtlPLOccluder_Quad::LoadSwapFile (830):  file open failed. (39_sec.ocq)
[18:13:19 PM]	CNtlPLHeatHazeObject::LoadSwapFile (724):  file open failed. (39_sec.hho)
[18:13:19 PM]	CNtlWorldShadow::LoadSwapFile (141):  file open failed. (54_sec.sdw)
[18:13:19 PM]	CNtlPLObject::LoadSwapFile (3334):  file open failed. (54_sec.objt)
[18:13:19 PM]	CNtlInstanceEffect::LoadSwapFile (801):  file open failed. (54_sec.eff)
[18:13:19 PM]	CNtlPLOccluder_Quad::LoadSwapFile (830):  file open failed. (54_sec.ocq)
[18:13:19 PM]	CNtlPLHeatHazeObject::LoadSwapFile (724):  file open failed. (54_sec.hho)
[18:13:19 PM]	CNtlWorldShadow::LoadSwapFile (141):  file open failed. (55_sec.sdw)
[18:13:19 PM]	CNtlPLObject::LoadSwapFile (3334):  file open failed. (55_sec.objt)
[18:13:19 PM]	CNtlInstanceEffect::LoadSwapFile (801):  file open failed. (55_sec.eff)
[18:13:19 PM]	CNtlPLOccluder_Quad::LoadSwapFile (830):  file open failed. (55_sec.ocq)
[18:13:19 PM]	CNtlPLHeatHazeObject::LoadSwapFile (724):  file open failed. (55_sec.hho)
[18:13:19 PM]	CNtlWorldShadow::LoadSwapFile (141):  file open failed. (40_sec.sdw)
[18:13:19 PM]	CNtlPLObject::LoadSwapFile (3334):  file open failed. (40_sec.objt)
[18:13:19 PM]	CNtlInstanceEffect::LoadSwapFile (801):  file open failed. (40_sec.eff)
[18:13:19 PM]	CNtlPLOccluder_Quad::LoadSwapFile (830):  file open failed. (40_sec.ocq)
[18:13:19 PM]	CNtlPLHeatHazeObject::LoadSwapFile (724):  file open failed. (40_sec.hho)
[18:13:19 PM]	CNtlWorldShadow::LoadSwapFile (141):  file open failed. (41_sec.sdw)
[18:13:19 PM]	CNtlPLObject::LoadSwapFile (3334):  file open failed. (41_sec.objt)
[18:13:19 PM]	CNtlInstanceEffect::LoadSwapFile (801):  file open failed. (41_sec.eff)
[18:13:19 PM]	CNtlPLOccluder_Quad::LoadSwapFile (830):  file open failed. (41_sec.ocq)
[18:13:19 PM]	CNtlPLHeatHazeObject::LoadSwapFile (724):  file open failed. (41_sec.hho)
[18:13:19 PM]	CNtlWorldShadow::LoadSwapFile (141):  file open failed. (56_sec.sdw)
[18:13:19 PM]	CNtlPLObject::LoadSwapFile (3334):  file open failed. (56_sec.objt)
[18:13:19 PM]	CNtlInstanceEffect::LoadSwapFile (801):  file open failed. (56_sec.eff)
[18:13:19 PM]	CNtlPLOccluder_Quad::LoadSwapFile (830):  file open failed. (56_sec.ocq)
[18:13:19 PM]	CNtlPLHeatHazeObject::LoadSwapFile (724):  file open failed. (56_sec.hho)
[18:13:19 PM]	CNtlWorldShadow::LoadSwapFile (141):  file open failed. (57_sec.sdw)
[18:13:19 PM]	CNtlPLObject::LoadSwapFile (3334):  file open failed. (57_sec.objt)
[18:13:19 PM]	CNtlInstanceEffect::LoadSwapFile (801):  file open failed. (57_sec.eff)
[18:13:19 PM]	CNtlPLOccluder_Quad::LoadSwapFile (830):  file open failed. (57_sec.ocq)
[18:13:19 PM]	CNtlPLHeatHazeObject::LoadSwapFile (724):  file open failed. (57_sec.hho)
[18:13:19 PM]	CNtlWorldShadow::LoadSwapFile (141):  file open failed. (42_sec.sdw)
[18:13:19 PM]	CNtlPLObject::LoadSwapFile (3334):  file open failed. (42_sec.objt)
[18:13:19 PM]	CNtlInstanceEffect::LoadSwapFile (801):  file open failed. (42_sec.eff)
[18:13:19 PM]	CNtlPLOccluder_Quad::LoadSwapFile (830):  file open failed. (42_sec.ocq)
[18:13:19 PM]	CNtlPLHeatHazeObject::LoadSwapFile (724):  file open failed. (42_sec.hho)
[18:13:19 PM]	CNtlWorldShadow::LoadSwapFile (141):  file open failed. (43_sec.sdw)
[18:13:19 PM]	CNtlPLObject::LoadSwapFile (3334):  file open failed. (43_sec.objt)
[18:13:19 PM]	CNtlInstanceEffect::LoadSwapFile (801):  file open failed. (43_sec.eff)
[18:13:19 PM]	CNtlPLOccluder_Quad::LoadSwapFile (830):  file open failed. (43_sec.ocq)
[18:13:19 PM]	CNtlPLHeatHazeObject::LoadSwapFile (724):  file open failed. (43_sec.hho)
[18:13:19 PM]	CNtlWorldShadow::LoadSwapFile (141):  file open failed. (58_sec.sdw)
[18:13:19 PM]	CNtlPLObject::LoadSwapFile (3334):  file open failed. (58_sec.objt)
[18:13:19 PM]	CNtlInstanceEffect::LoadSwapFile (801):  file open failed. (58_sec.eff)
[18:13:19 PM]	CNtlPLOccluder_Quad::LoadSwapFile (830):  file open failed. (58_sec.ocq)
[18:13:19 PM]	CNtlPLHeatHazeObject::LoadSwapFile (724):  file open failed. (58_sec.hho)
[18:13:19 PM]	CNtlWorldShadow::LoadSwapFile (141):  file open failed. (59_sec.sdw)
[18:13:19 PM]	CNtlPLObject::LoadSwapFile (3334):  file open failed. (59_sec.objt)
[18:13:19 PM]	CNtlInstanceEffect::LoadSwapFile (801):  file open failed. (59_sec.eff)
[18:13:19 PM]	CNtlPLOccluder_Quad::LoadSwapFile (830):  file open failed. (59_sec.ocq)
[18:13:19 PM]	CNtlPLHeatHazeObject::LoadSwapFile (724):  file open failed. (59_sec.hho)
[18:13:19 PM]	CNtlWorldShadow::LoadSwapFile (141):  file open failed. (44_sec.sdw)
[18:13:19 PM]	CNtlPLObject::LoadSwapFile (3334):  file open failed. (44_sec.objt)
[18:13:19 PM]	CNtlInstanceEffect::LoadSwapFile (801):  file open failed. (44_sec.eff)
[18:13:19 PM]	CNtlPLOccluder_Quad::LoadSwapFile (830):  file open failed. (44_sec.ocq)
[18:13:19 PM]	CNtlPLHeatHazeObject::LoadSwapFile (724):  file open failed. (44_sec.hho)
[18:13:19 PM]	CNtlWorldShadow::LoadSwapFile (141):  file open failed. (45_sec.sdw)
[18:13:19 PM]	CNtlPLObject::LoadSwapFile (3334):  file open failed. (45_sec.objt)
[18:13:19 PM]	CNtlInstanceEffect::LoadSwapFile (801):  file open failed. (45_sec.eff)
[18:13:19 PM]	CNtlPLOccluder_Quad::LoadSwapFile (830):  file open failed. (45_sec.ocq)
[18:13:19 PM]	CNtlPLHeatHazeObject::LoadSwapFile (724):  file open failed. (45_sec.hho)
[18:13:19 PM]	CNtlWorldShadow::LoadSwapFile (141):  file open failed. (60_sec.sdw)
[18:13:19 PM]	CNtlPLObject::LoadSwapFile (3334):  file open failed. (60_sec.objt)
[18:13:19 PM]	CNtlInstanceEffect::LoadSwapFile (801):  file open failed. (60_sec.eff)
[18:13:19 PM]	CNtlPLOccluder_Quad::LoadSwapFile (830):  file open failed. (60_sec.ocq)
[18:13:19 PM]	CNtlPLHeatHazeObject::LoadSwapFile (724):  file open failed. (60_sec.hho)
[18:13:19 PM]	CNtlWorldShadow::LoadSwapFile (141):  file open failed. (61_sec.sdw)
[18:13:19 PM]	CNtlPLObject::LoadSwapFile (3334):  file open failed. (61_sec.objt)
[18:13:19 PM]	CNtlInstanceEffect::LoadSwapFile (801):  file open failed. (61_sec.eff)
[18:13:19 PM]	CNtlPLOccluder_Quad::LoadSwapFile (830):  file open failed. (61_sec.ocq)
[18:13:19 PM]	CNtlPLHeatHazeObject::LoadSwapFile (724):  file open failed. (61_sec.hho)
[18:13:19 PM]	CNtlWorldShadow::LoadSwapFile (141):  file open failed. (66_sec.sdw)
[18:13:19 PM]	CNtlPLObject::LoadSwapFile (3334):  file open failed. (66_sec.objt)
[18:13:19 PM]	CNtlInstanceEffect::LoadSwapFile (801):  file open failed. (66_sec.eff)
[18:13:19 PM]	CNtlPLOccluder_Quad::LoadSwapFile (830):  file open failed. (66_sec.ocq)
[18:13:19 PM]	CNtlPLHeatHazeObject::LoadSwapFile (724):  file open failed. (66_sec.hho)
[18:13:19 PM]	CNtlWorldShadow::LoadSwapFile (141):  file open failed. (67_sec.sdw)
[18:13:19 PM]	CNtlPLObject::LoadSwapFile (3334):  file open failed. (67_sec.objt)
[18:13:19 PM]	CNtlInstanceEffect::LoadSwapFile (801):  file open failed. (67_sec.eff)
[18:13:19 PM]	CNtlPLOccluder_Quad::LoadSwapFile (830):  file open failed. (67_sec.ocq)
[18:13:19 PM]	CNtlPLHeatHazeObject::LoadSwapFile (724):  file open failed. (67_sec.hho)
[18:13:19 PM]	CNtlWorldShadow::LoadSwapFile (141):  file open failed. (82_sec.sdw)
[18:13:19 PM]	CNtlPLObject::LoadSwapFile (3334):  file open failed. (82_sec.objt)
[18:13:19 PM]	CNtlInstanceEffect::LoadSwapFile (801):  file open failed. (82_sec.eff)
[18:13:19 PM]	CNtlPLOccluder_Quad::LoadSwapFile (830):  file open failed. (82_sec.ocq)
[18:13:19 PM]	CNtlPLHeatHazeObject::LoadSwapFile (724):  file open failed. (82_sec.hho)
[18:13:19 PM]	CNtlWorldShadow::LoadSwapFile (141):  file open failed. (83_sec.sdw)
[18:13:19 PM]	CNtlPLObject::LoadSwapFile (3334):  file open failed. (83_sec.objt)
[18:13:19 PM]	CNtlInstanceEffect::LoadSwapFile (801):  file open failed. (83_sec.eff)
[18:13:19 PM]	CNtlPLOccluder_Quad::LoadSwapFile (830):  file open failed. (83_sec.ocq)
[18:13:19 PM]	CNtlPLHeatHazeObject::LoadSwapFile (724):  file open failed. (83_sec.hho)
[18:13:20 PM]	CNtlWorldShadow::LoadSwapFile (141):  file open failed. (68_sec.sdw)
[18:13:20 PM]	CNtlPLObject::LoadSwapFile (3334):  file open failed. (68_sec.objt)
[18:13:20 PM]	CNtlInstanceEffect::LoadSwapFile (801):  file open failed. (68_sec.eff)
[18:13:20 PM]	CNtlPLOccluder_Quad::LoadSwapFile (830):  file open failed. (68_sec.ocq)
[18:13:20 PM]	CNtlPLHeatHazeObject::LoadSwapFile (724):  file open failed. (68_sec.hho)
[18:13:20 PM]	CNtlWorldShadow::LoadSwapFile (141):  file open failed. (69_sec.sdw)
[18:13:20 PM]	CNtlPLObject::LoadSwapFile (3334):  file open failed. (69_sec.objt)
[18:13:20 PM]	CNtlInstanceEffect::LoadSwapFile (801):  file open failed. (69_sec.eff)
[18:13:20 PM]	CNtlPLOccluder_Quad::LoadSwapFile (830):  file open failed. (69_sec.ocq)
[18:13:20 PM]	CNtlPLHeatHazeObject::LoadSwapFile (724):  file open failed. (69_sec.hho)
[18:13:20 PM]	CNtlWorldShadow::LoadSwapFile (141):  file open failed. (84_sec.sdw)
[18:13:20 PM]	CNtlPLObject::LoadSwapFile (3334):  file open failed. (84_sec.objt)
[18:13:20 PM]	CNtlInstanceEffect::LoadSwapFile (801):  file open failed. (84_sec.eff)
[18:13:20 PM]	CNtlPLOccluder_Quad::LoadSwapFile (830):  file open failed. (84_sec.ocq)
[18:13:20 PM]	CNtlPLHeatHazeObject::LoadSwapFile (724):  file open failed. (84_sec.hho)
[18:13:20 PM]	CNtlWorldShadow::LoadSwapFile (141):  file open failed. (85_sec.sdw)
[18:13:20 PM]	CNtlPLObject::LoadSwapFile (3334):  file open failed. (85_sec.objt)
[18:13:20 PM]	CNtlInstanceEffect::LoadSwapFile (801):  file open failed. (85_sec.eff)
[18:13:20 PM]	CNtlPLOccluder_Quad::LoadSwapFile (830):  file open failed. (85_sec.ocq)
[18:13:20 PM]	CNtlPLHeatHazeObject::LoadSwapFile (724):  file open failed. (85_sec.hho)
[18:13:20 PM]	CNtlWorldShadow::LoadSwapFile (141):  file open failed. (70_sec.sdw)
[18:13:20 PM]	CNtlPLObject::LoadSwapFile (3334):  file open failed. (70_sec.objt)
[18:13:20 PM]	CNtlInstanceEffect::LoadSwapFile (801):  file open failed. (70_sec.eff)
[18:13:20 PM]	CNtlPLOccluder_Quad::LoadSwapFile (830):  file open failed. (70_sec.ocq)
[18:13:20 PM]	CNtlPLHeatHazeObject::LoadSwapFile (724):  file open failed. (70_sec.hho)
[18:13:20 PM]	CNtlWorldShadow::LoadSwapFile (141):  file open failed. (71_sec.sdw)
[18:13:20 PM]	CNtlPLObject::LoadSwapFile (3334):  file open failed. (71_sec.objt)
[18:13:20 PM]	CNtlInstanceEffect::LoadSwapFile (801):  file open failed. (71_sec.eff)
[18:13:20 PM]	CNtlPLOccluder_Quad::LoadSwapFile (830):  file open failed. (71_sec.ocq)
[18:13:20 PM]	CNtlPLHeatHazeObject::LoadSwapFile (724):  file open failed. (71_sec.hho)
[18:13:20 PM]	CNtlWorldShadow::LoadSwapFile (141):  file open failed. (86_sec.sdw)
[18:13:20 PM]	CNtlPLObject::LoadSwapFile (3334):  file open failed. (86_sec.objt)
[18:13:20 PM]	CNtlInstanceEffect::LoadSwapFile (801):  file open failed. (86_sec.eff)
[18:13:20 PM]	CNtlPLOccluder_Quad::LoadSwapFile (830):  file open failed. (86_sec.ocq)
[18:13:20 PM]	CNtlPLHeatHazeObject::LoadSwapFile (724):  file open failed. (86_sec.hho)
[18:13:20 PM]	CNtlWorldShadow::LoadSwapFile (141):  file open failed. (87_sec.sdw)
[18:13:20 PM]	CNtlPLObject::LoadSwapFile (3334):  file open failed. (87_sec.objt)
[18:13:20 PM]	CNtlInstanceEffect::LoadSwapFile (801):  file open failed. (87_sec.eff)
[18:13:20 PM]	CNtlPLOccluder_Quad::LoadSwapFile (830):  file open failed. (87_sec.ocq)
[18:13:20 PM]	CNtlPLHeatHazeObject::LoadSwapFile (724):  file open failed. (87_sec.hho)
[18:13:20 PM]	CNtlWorldShadow::LoadSwapFile (141):  file open failed. (72_sec.sdw)
[18:13:20 PM]	CNtlPLObject::LoadSwapFile (3334):  file open failed. (72_sec.objt)
[18:13:20 PM]	CNtlInstanceEffect::LoadSwapFile (801):  file open failed. (72_sec.eff)
[18:13:20 PM]	CNtlPLOccluder_Quad::LoadSwapFile (830):  file open failed. (72_sec.ocq)
[18:13:20 PM]	CNtlPLHeatHazeObject::LoadSwapFile (724):  file open failed. (72_sec.hho)
[18:13:20 PM]	CNtlWorldShadow::LoadSwapFile (141):  file open failed. (73_sec.sdw)
[18:13:20 PM]	CNtlPLObject::LoadSwapFile (3334):  file open failed. (73_sec.objt)
[18:13:20 PM]	CNtlInstanceEffect::LoadSwapFile (801):  file open failed. (73_sec.eff)
[18:13:20 PM]	CNtlPLOccluder_Quad::LoadSwapFile (830):  file open failed. (73_sec.ocq)
[18:13:20 PM]	CNtlPLHeatHazeObject::LoadSwapFile (724):  file open failed. (73_sec.hho)
[18:13:20 PM]	CNtlWorldShadow::LoadSwapFile (141):  file open failed. (88_sec.sdw)
[18:13:20 PM]	CNtlPLObject::LoadSwapFile (3334):  file open failed. (88_sec.objt)
[18:13:20 PM]	CNtlInstanceEffect::LoadSwapFile (801):  file open failed. (88_sec.eff)
[18:13:20 PM]	CNtlPLOccluder_Quad::LoadSwapFile (830):  file open failed. (88_sec.ocq)
[18:13:20 PM]	CNtlPLHeatHazeObject::LoadSwapFile (724):  file open failed. (88_sec.hho)
[18:13:20 PM]	CNtlWorldShadow::LoadSwapFile (141):  file open failed. (89_sec.sdw)
[18:13:20 PM]	CNtlPLObject::LoadSwapFile (3334):  file open failed. (89_sec.objt)
[18:13:20 PM]	CNtlInstanceEffect::LoadSwapFile (801):  file open failed. (89_sec.eff)
[18:13:20 PM]	CNtlPLOccluder_Quad::LoadSwapFile (830):  file open failed. (89_sec.ocq)
[18:13:20 PM]	CNtlPLHeatHazeObject::LoadSwapFile (724):  file open failed. (89_sec.hho)
[18:13:20 PM]	CNtlWorldShadow::LoadSwapFile (141):  file open failed. (74_sec.sdw)
[18:13:20 PM]	CNtlPLObject::LoadSwapFile (3334):  file open failed. (74_sec.objt)
[18:13:20 PM]	CNtlInstanceEffect::LoadSwapFile (801):  file open failed. (74_sec.eff)
[18:13:20 PM]	CNtlPLOccluder_Quad::LoadSwapFile (830):  file open failed. (74_sec.ocq)
[18:13:20 PM]	CNtlPLHeatHazeObject::LoadSwapFile (724):  file open failed. (74_sec.hho)
[18:13:20 PM]	CNtlWorldShadow::LoadSwapFile (141):  file open failed. (75_sec.sdw)
[18:13:20 PM]	CNtlPLObject::LoadSwapFile (3334):  file open failed. (75_sec.objt)
[18:13:20 PM]	CNtlInstanceEffect::LoadSwapFile (801):  file open failed. (75_sec.eff)
[18:13:20 PM]	CNtlPLOccluder_Quad::LoadSwapFile (830):  file open failed. (75_sec.ocq)
[18:13:20 PM]	CNtlPLHeatHazeObject::LoadSwapFile (724):  file open failed. (75_sec.hho)
[18:13:20 PM]	CNtlWorldShadow::LoadSwapFile (141):  file open failed. (90_sec.sdw)
[18:13:20 PM]	CNtlPLObject::LoadSwapFile (3334):  file open failed. (90_sec.objt)
[18:13:20 PM]	CNtlInstanceEffect::LoadSwapFile (801):  file open failed. (90_sec.eff)
[18:13:20 PM]	CNtlPLOccluder_Quad::LoadSwapFile (830):  file open failed. (90_sec.ocq)
[18:13:20 PM]	CNtlPLHeatHazeObject::LoadSwapFile (724):  file open failed. (90_sec.hho)
[18:13:20 PM]	CNtlWorldShadow::LoadSwapFile (141):  file open failed. (91_sec.sdw)
[18:13:20 PM]	CNtlPLObject::LoadSwapFile (3334):  file open failed. (91_sec.objt)
[18:13:20 PM]	CNtlInstanceEffect::LoadSwapFile (801):  file open failed. (91_sec.eff)
[18:13:20 PM]	CNtlPLOccluder_Quad::LoadSwapFile (830):  file open failed. (91_sec.ocq)
[18:13:20 PM]	CNtlPLHeatHazeObject::LoadSwapFile (724):  file open failed. (91_sec.hho)
[18:13:20 PM]	CNtlWorldShadow::LoadSwapFile (141):  file open failed. (76_sec.sdw)
[18:13:20 PM]	CNtlPLObject::LoadSwapFile (3334):  file open failed. (76_sec.objt)
[18:13:20 PM]	CNtlInstanceEffect::LoadSwapFile (801):  file open failed. (76_sec.eff)
[18:13:20 PM]	CNtlPLOccluder_Quad::LoadSwapFile (830):  file open failed. (76_sec.ocq)
[18:13:20 PM]	CNtlPLHeatHazeObject::LoadSwapFile (724):  file open failed. (76_sec.hho)
[18:13:20 PM]	CNtlWorldShadow::LoadSwapFile (141):  file open failed. (77_sec.sdw)
[18:13:20 PM]	CNtlPLObject::LoadSwapFile (3334):  file open failed. (77_sec.objt)
[18:13:20 PM]	CNtlInstanceEffect::LoadSwapFile (801):  file open failed. (77_sec.eff)
[18:13:20 PM]	CNtlPLOccluder_Quad::LoadSwapFile (830):  file open failed. (77_sec.ocq)
[18:13:20 PM]	CNtlPLHeatHazeObject::LoadSwapFile (724):  file open failed. (77_sec.hho)
[18:13:20 PM]	CNtlWorldShadow::LoadSwapFile (141):  file open failed. (92_sec.sdw)
[18:13:20 PM]	CNtlPLObject::LoadSwapFile (3334):  file open failed. (92_sec.objt)
[18:13:20 PM]	CNtlInstanceEffect::LoadSwapFile (801):  file open failed. (92_sec.eff)
[18:13:20 PM]	CNtlPLOccluder_Quad::LoadSwapFile (830):  file open failed. (92_sec.ocq)
[18:13:20 PM]	CNtlPLHeatHazeObject::LoadSwapFile (724):  file open failed. (92_sec.hho)
[18:13:20 PM]	CNtlWorldShadow::LoadSwapFile (141):  file open failed. (93_sec.sdw)
[18:13:20 PM]	CNtlPLObject::LoadSwapFile (3334):  file open failed. (93_sec.objt)
[18:13:20 PM]	CNtlInstanceEffect::LoadSwapFile (801):  file open failed. (93_sec.eff)
[18:13:20 PM]	CNtlPLOccluder_Quad::LoadSwapFile (830):  file open failed. (93_sec.ocq)
[18:13:20 PM]	CNtlPLHeatHazeObject::LoadSwapFile (724):  file open failed. (93_sec.hho)
[18:13:20 PM]	CNtlWorldShadow::LoadSwapFile (141):  file open failed. (98_sec.sdw)
[18:13:20 PM]	CNtlPLObject::LoadSwapFile (3334):  file open failed. (98_sec.objt)
[18:13:20 PM]	CNtlInstanceEffect::LoadSwapFile (801):  file open failed. (98_sec.eff)
[18:13:20 PM]	CNtlPLOccluder_Quad::LoadSwapFile (830):  file open failed. (98_sec.ocq)
[18:13:20 PM]	CNtlPLHeatHazeObject::LoadSwapFile (724):  file open failed. (98_sec.hho)
[18:13:20 PM]	CNtlWorldShadow::LoadSwapFile (141):  file open failed. (99_sec.sdw)
[18:13:20 PM]	CNtlPLObject::LoadSwapFile (3334):  file open failed. (99_sec.objt)
[18:13:20 PM]	CNtlInstanceEffect::LoadSwapFile (801):  file open failed. (99_sec.eff)
[18:13:20 PM]	CNtlPLOccluder_Quad::LoadSwapFile (830):  file open failed. (99_sec.ocq)
[18:13:20 PM]	CNtlPLHeatHazeObject::LoadSwapFile (724):  file open failed. (99_sec.hho)
[18:13:20 PM]	CNtlWorldShadow::LoadSwapFile (141):  file open failed. (114_sec.sdw)
[18:13:20 PM]	CNtlPLObject::LoadSwapFile (3334):  file open failed. (114_sec.objt)
[18:13:20 PM]	CNtlInstanceEffect::LoadSwapFile (801):  file open failed. (114_sec.eff)
[18:13:20 PM]	CNtlPLOccluder_Quad::LoadSwapFile (830):  file open failed. (114_sec.ocq)
[18:13:20 PM]	CNtlPLHeatHazeObject::LoadSwapFile (724):  file open failed. (114_sec.hho)
[18:13:20 PM]	CNtlWorldShadow::LoadSwapFile (141):  file open failed. (115_sec.sdw)
[18:13:20 PM]	CNtlPLObject::LoadSwapFile (3334):  file open failed. (115_sec.objt)
[18:13:20 PM]	CNtlInstanceEffect::LoadSwapFile (801):  file open failed. (115_sec.eff)
[18:13:20 PM]	CNtlPLOccluder_Quad::LoadSwapFile (830):  file open failed. (115_sec.ocq)
[18:13:20 PM]	CNtlPLHeatHazeObject::LoadSwapFile (724):  file open failed. (115_sec.hho)
[18:13:20 PM]	CNtlWorldShadow::LoadSwapFile (141):  file open failed. (100_sec.sdw)
[18:13:20 PM]	CNtlPLObject::LoadSwapFile (3334):  file open failed. (100_sec.objt)
[18:13:20 PM]	CNtlInstanceEffect::LoadSwapFile (801):  file open failed. (100_sec.eff)
[18:13:20 PM]	CNtlPLOccluder_Quad::LoadSwapFile (830):  file open failed. (100_sec.ocq)
[18:13:20 PM]	CNtlPLHeatHazeObject::LoadSwapFile (724):  file open failed. (100_sec.hho)
[18:13:20 PM]	CNtlWorldShadow::LoadSwapFile (141):  file open failed. (101_sec.sdw)
[18:13:20 PM]	CNtlPLObject::LoadSwapFile (3334):  file open failed. (101_sec.objt)
[18:13:20 PM]	CNtlInstanceEffect::LoadSwapFile (801):  file open failed. (101_sec.eff)
[18:13:20 PM]	CNtlPLOccluder_Quad::LoadSwapFile (830):  file open failed. (101_sec.ocq)
[18:13:20 PM]	CNtlPLHeatHazeObject::LoadSwapFile (724):  file open failed. (101_sec.hho)
[18:13:20 PM]	CNtlWorldShadow::LoadSwapFile (141):  file open failed. (116_sec.sdw)
[18:13:20 PM]	CNtlPLObject::LoadSwapFile (3334):  file open failed. (116_sec.objt)
[18:13:20 PM]	CNtlInstanceEffect::LoadSwapFile (801):  file open failed. (116_sec.eff)
[18:13:20 PM]	CNtlPLOccluder_Quad::LoadSwapFile (830):  file open failed. (116_sec.ocq)
[18:13:20 PM]	CNtlPLHeatHazeObject::LoadSwapFile (724):  file open failed. (116_sec.hho)
[18:13:20 PM]	CNtlWorldShadow::LoadSwapFile (141):  file open failed. (117_sec.sdw)
[18:13:20 PM]	CNtlPLObject::LoadSwapFile (3334):  file open failed. (117_sec.objt)
[18:13:20 PM]	CNtlInstanceEffect::LoadSwapFile (801):  file open failed. (117_sec.eff)
[18:13:20 PM]	CNtlPLOccluder_Quad::LoadSwapFile (830):  file open failed. (117_sec.ocq)
[18:13:20 PM]	CNtlPLHeatHazeObject::LoadSwapFile (724):  file open failed. (117_sec.hho)
[18:13:20 PM]	CNtlWorldShadow::LoadSwapFile (141):  file open failed. (102_sec.sdw)
[18:13:20 PM]	CNtlPLObject::LoadSwapFile (3334):  file open failed. (102_sec.objt)
[18:13:20 PM]	CNtlInstanceEffect::LoadSwapFile (801):  file open failed. (102_sec.eff)
[18:13:20 PM]	CNtlPLOccluder_Quad::LoadSwapFile (830):  file open failed. (102_sec.ocq)
[18:13:20 PM]	CNtlPLHeatHazeObject::LoadSwapFile (724):  file open failed. (102_sec.hho)
[18:13:20 PM]	CNtlWorldShadow::LoadSwapFile (141):  file open failed. (103_sec.sdw)
[18:13:20 PM]	CNtlPLObject::LoadSwapFile (3334):  file open failed. (103_sec.objt)
[18:13:20 PM]	CNtlInstanceEffect::LoadSwapFile (801):  file open failed. (103_sec.eff)
[18:13:20 PM]	CNtlPLOccluder_Quad::LoadSwapFile (830):  file open failed. (103_sec.ocq)
[18:13:20 PM]	CNtlPLHeatHazeObject::LoadSwapFile (724):  file open failed. (103_sec.hho)
[18:13:20 PM]	CNtlWorldShadow::LoadSwapFile (141):  file open failed. (118_sec.sdw)
[18:13:20 PM]	CNtlPLObject::LoadSwapFile (3334):  file open failed. (118_sec.objt)
[18:13:20 PM]	CNtlInstanceEffect::LoadSwapFile (801):  file open failed. (118_sec.eff)
[18:13:20 PM]	CNtlPLOccluder_Quad::LoadSwapFile (830):  file open failed. (118_sec.ocq)
[18:13:20 PM]	CNtlPLHeatHazeObject::LoadSwapFile (724):  file open failed. (118_sec.hho)
[18:13:20 PM]	CNtlWorldShadow::LoadSwapFile (141):  file open failed. (119_sec.sdw)
[18:13:20 PM]	CNtlPLObject::LoadSwapFile (3334):  file open failed. (119_sec.objt)
[18:13:20 PM]	CNtlInstanceEffect::LoadSwapFile (801):  file open failed. (119_sec.eff)
[18:13:20 PM]	CNtlPLOccluder_Quad::LoadSwapFile (830):  file open failed. (119_sec.ocq)
[18:13:21 PM]	CNtlPLHeatHazeObject::LoadSwapFile (724):  file open failed. (119_sec.hho)
[18:13:21 PM]	CNtlWorldShadow::LoadSwapFile (141):  file open failed. (104_sec.sdw)
[18:13:21 PM]	CNtlPLObject::LoadSwapFile (3334):  file open failed. (104_sec.objt)
[18:13:21 PM]	CNtlInstanceEffect::LoadSwapFile (801):  file open failed. (104_sec.eff)
[18:13:21 PM]	CNtlPLOccluder_Quad::LoadSwapFile (830):  file open failed. (104_sec.ocq)
[18:13:21 PM]	CNtlPLHeatHazeObject::LoadSwapFile (724):  file open failed. (104_sec.hho)
[18:13:21 PM]	CNtlWorldShadow::LoadSwapFile (141):  file open failed. (105_sec.sdw)
[18:13:21 PM]	CNtlPLObject::LoadSwapFile (3334):  file open failed. (105_sec.objt)
[18:13:21 PM]	CNtlInstanceEffect::LoadSwapFile (801):  file open failed. (105_sec.eff)
[18:13:21 PM]	CNtlPLOccluder_Quad::LoadSwapFile (830):  file open failed. (105_sec.ocq)
[18:13:21 PM]	CNtlPLHeatHazeObject::LoadSwapFile (724):  file open failed. (105_sec.hho)
[18:13:21 PM]	CNtlWorldShadow::LoadSwapFile (141):  file open failed. (120_sec.sdw)
[18:13:21 PM]	CNtlPLObject::LoadSwapFile (3334):  file open failed. (120_sec.objt)
[18:13:21 PM]	CNtlInstanceEffect::LoadSwapFile (801):  file open failed. (120_sec.eff)
[18:13:21 PM]	CNtlPLOccluder_Quad::LoadSwapFile (830):  file open failed. (120_sec.ocq)
[18:13:21 PM]	CNtlPLHeatHazeObject::LoadSwapFile (724):  file open failed. (120_sec.hho)
[18:13:21 PM]	CNtlWorldShadow::LoadSwapFile (141):  file open failed. (121_sec.sdw)
[18:13:21 PM]	CNtlPLObject::LoadSwapFile (3334):  file open failed. (121_sec.objt)
[18:13:21 PM]	CNtlInstanceEffect::LoadSwapFile (801):  file open failed. (121_sec.eff)
[18:13:21 PM]	CNtlPLOccluder_Quad::LoadSwapFile (830):  file open failed. (121_sec.ocq)
[18:13:21 PM]	CNtlPLHeatHazeObject::LoadSwapFile (724):  file open failed. (121_sec.hho)
[18:13:21 PM]	CNtlWorldShadow::LoadSwapFile (141):  file open failed. (106_sec.sdw)
[18:13:21 PM]	CNtlPLObject::LoadSwapFile (3334):  file open failed. (106_sec.objt)
[18:13:21 PM]	CNtlInstanceEffect::LoadSwapFile (801):  file open failed. (106_sec.eff)
[18:13:21 PM]	CNtlPLOccluder_Quad::LoadSwapFile (830):  file open failed. (106_sec.ocq)
[18:13:21 PM]	CNtlPLHeatHazeObject::LoadSwapFile (724):  file open failed. (106_sec.hho)
[18:13:21 PM]	CNtlWorldShadow::LoadSwapFile (141):  file open failed. (107_sec.sdw)
[18:13:21 PM]	CNtlPLObject::LoadSwapFile (3334):  file open failed. (107_sec.objt)
[18:13:21 PM]	CNtlInstanceEffect::LoadSwapFile (801):  file open failed. (107_sec.eff)
[18:13:21 PM]	CNtlPLOccluder_Quad::LoadSwapFile (830):  file open failed. (107_sec.ocq)
[18:13:21 PM]	CNtlPLHeatHazeObject::LoadSwapFile (724):  file open failed. (107_sec.hho)
[18:13:21 PM]	CNtlWorldShadow::LoadSwapFile (141):  file open failed. (122_sec.sdw)
[18:13:21 PM]	CNtlPLObject::LoadSwapFile (3334):  file open failed. (122_sec.objt)
[18:13:21 PM]	CNtlInstanceEffect::LoadSwapFile (801):  file open failed. (122_sec.eff)
[18:13:21 PM]	CNtlPLOccluder_Quad::LoadSwapFile (830):  file open failed. (122_sec.ocq)
[18:13:21 PM]	CNtlPLHeatHazeObject::LoadSwapFile (724):  file open failed. (122_sec.hho)
[18:13:21 PM]	CNtlWorldShadow::LoadSwapFile (141):  file open failed. (123_sec.sdw)
[18:13:21 PM]	CNtlPLObject::LoadSwapFile (3334):  file open failed. (123_sec.objt)
[18:13:21 PM]	CNtlInstanceEffect::LoadSwapFile (801):  file open failed. (123_sec.eff)
[18:13:21 PM]	CNtlPLOccluder_Quad::LoadSwapFile (830):  file open failed. (123_sec.ocq)
[18:13:21 PM]	CNtlPLHeatHazeObject::LoadSwapFile (724):  file open failed. (123_sec.hho)
[18:13:21 PM]	CNtlWorldShadow::LoadSwapFile (141):  file open failed. (108_sec.sdw)
[18:13:21 PM]	CNtlPLObject::LoadSwapFile (3334):  file open failed. (108_sec.objt)
[18:13:21 PM]	CNtlInstanceEffect::LoadSwapFile (801):  file open failed. (108_sec.eff)
[18:13:21 PM]	CNtlPLOccluder_Quad::LoadSwapFile (830):  file open failed. (108_sec.ocq)
[18:13:21 PM]	CNtlPLHeatHazeObject::LoadSwapFile (724):  file open failed. (108_sec.hho)
[18:13:21 PM]	CNtlWorldShadow::LoadSwapFile (141):  file open failed. (109_sec.sdw)
[18:13:21 PM]	CNtlPLObject::LoadSwapFile (3334):  file open failed. (109_sec.objt)
[18:13:21 PM]	CNtlInstanceEffect::LoadSwapFile (801):  file open failed. (109_sec.eff)
[18:13:21 PM]	CNtlPLOccluder_Quad::LoadSwapFile (830):  file open failed. (109_sec.ocq)
[18:13:21 PM]	CNtlPLHeatHazeObject::LoadSwapFile (724):  file open failed. (109_sec.hho)
[18:13:21 PM]	CNtlWorldShadow::LoadSwapFile (141):  file open failed. (124_sec.sdw)
[18:13:21 PM]	CNtlPLObject::LoadSwapFile (3334):  file open failed. (124_sec.objt)
[18:13:21 PM]	CNtlInstanceEffect::LoadSwapFile (801):  file open failed. (124_sec.eff)
[18:13:21 PM]	CNtlPLOccluder_Quad::LoadSwapFile (830):  file open failed. (124_sec.ocq)
[18:13:21 PM]	CNtlPLHeatHazeObject::LoadSwapFile (724):  file open failed. (124_sec.hho)
[18:13:21 PM]	CNtlWorldShadow::LoadSwapFile (141):  file open failed. (125_sec.sdw)
[18:13:21 PM]	CNtlPLObject::LoadSwapFile (3334):  file open failed. (125_sec.objt)
[18:13:21 PM]	CNtlInstanceEffect::LoadSwapFile (801):  file open failed. (125_sec.eff)
[18:13:21 PM]	CNtlPLOccluder_Quad::LoadSwapFile (830):  file open failed. (125_sec.ocq)
[18:13:21 PM]	CNtlPLHeatHazeObject::LoadSwapFile (724):  file open failed. (125_sec.hho)
[18:13:21 PM]	CNtlWorldShadow::LoadSwapFile (141):  file open failed. (130_sec.sdw)
[18:13:21 PM]	CNtlPLObject::LoadSwapFile (3334):  file open failed. (130_sec.objt)
[18:13:21 PM]	CNtlInstanceEffect::LoadSwapFile (801):  file open failed. (130_sec.eff)
[18:13:21 PM]	CNtlPLOccluder_Quad::LoadSwapFile (830):  file open failed. (130_sec.ocq)
[18:13:21 PM]	CNtlPLHeatHazeObject::LoadSwapFile (724):  file open failed. (130_sec.hho)
[18:13:21 PM]	CNtlWorldShadow::LoadSwapFile (141):  file open failed. (131_sec.sdw)
[18:13:21 PM]	CNtlPLObject::LoadSwapFile (3334):  file open failed. (131_sec.objt)
[18:13:21 PM]	CNtlInstanceEffect::LoadSwapFile (801):  file open failed. (131_sec.eff)
[18:13:21 PM]	CNtlPLOccluder_Quad::LoadSwapFile (830):  file open failed. (131_sec.ocq)
[18:13:21 PM]	CNtlPLHeatHazeObject::LoadSwapFile (724):  file open failed. (131_sec.hho)
[18:13:21 PM]	CNtlWorldShadow::LoadSwapFile (141):  file open failed. (146_sec.sdw)
[18:13:21 PM]	CNtlPLObject::LoadSwapFile (3334):  file open failed. (146_sec.objt)
[18:13:21 PM]	CNtlInstanceEffect::LoadSwapFile (801):  file open failed. (146_sec.eff)
[18:13:21 PM]	CNtlPLOccluder_Quad::LoadSwapFile (830):  file open failed. (146_sec.ocq)
[18:13:21 PM]	CNtlPLHeatHazeObject::LoadSwapFile (724):  file open failed. (146_sec.hho)
[18:13:21 PM]	CNtlWorldShadow::LoadSwapFile (141):  file open failed. (147_sec.sdw)
[18:13:21 PM]	CNtlPLObject::LoadSwapFile (3334):  file open failed. (147_sec.objt)
[18:13:21 PM]	CNtlInstanceEffect::LoadSwapFile (801):  file open failed. (147_sec.eff)
[18:13:21 PM]	CNtlPLOccluder_Quad::LoadSwapFile (830):  file open failed. (147_sec.ocq)
[18:13:21 PM]	CNtlPLHeatHazeObject::LoadSwapFile (724):  file open failed. (147_sec.hho)
[18:13:21 PM]	CNtlWorldShadow::LoadSwapFile (141):  file open failed. (132_sec.sdw)
[18:13:21 PM]	CNtlPLObject::LoadSwapFile (3334):  file open failed. (132_sec.objt)
[18:13:21 PM]	CNtlInstanceEffect::LoadSwapFile (801):  file open failed. (132_sec.eff)
[18:13:21 PM]	CNtlPLOccluder_Quad::LoadSwapFile (830):  file open failed. (132_sec.ocq)
[18:13:21 PM]	CNtlPLHeatHazeObject::LoadSwapFile (724):  file open failed. (132_sec.hho)
[18:13:21 PM]	CNtlWorldShadow::LoadSwapFile (141):  file open failed. (133_sec.sdw)
[18:13:21 PM]	CNtlPLObject::LoadSwapFile (3334):  file open failed. (133_sec.objt)
[18:13:21 PM]	CNtlInstanceEffect::LoadSwapFile (801):  file open failed. (133_sec.eff)
[18:13:21 PM]	CNtlPLOccluder_Quad::LoadSwapFile (830):  file open failed. (133_sec.ocq)
[18:13:21 PM]	CNtlPLHeatHazeObject::LoadSwapFile (724):  file open failed. (133_sec.hho)
[18:13:21 PM]	CNtlWorldShadow::LoadSwapFile (141):  file open failed. (148_sec.sdw)
[18:13:21 PM]	CNtlPLObject::LoadSwapFile (3334):  file open failed. (148_sec.objt)
[18:13:21 PM]	CNtlInstanceEffect::LoadSwapFile (801):  file open failed. (148_sec.eff)
[18:13:21 PM]	CNtlPLOccluder_Quad::LoadSwapFile (830):  file open failed. (148_sec.ocq)
[18:13:21 PM]	CNtlPLHeatHazeObject::LoadSwapFile (724):  file open failed. (148_sec.hho)
[18:13:21 PM]	CNtlWorldShadow::LoadSwapFile (141):  file open failed. (149_sec.sdw)
[18:13:21 PM]	CNtlPLObject::LoadSwapFile (3334):  file open failed. (149_sec.objt)
[18:13:21 PM]	CNtlInstanceEffect::LoadSwapFile (801):  file open failed. (149_sec.eff)
[18:13:21 PM]	CNtlPLOccluder_Quad::LoadSwapFile (830):  file open failed. (149_sec.ocq)
[18:13:21 PM]	CNtlPLHeatHazeObject::LoadSwapFile (724):  file open failed. (149_sec.hho)
[18:13:21 PM]	CNtlWorldShadow::LoadSwapFile (141):  file open failed. (134_sec.sdw)
[18:13:21 PM]	CNtlPLObject::LoadSwapFile (3334):  file open failed. (134_sec.objt)
[18:13:21 PM]	CNtlInstanceEffect::LoadSwapFile (801):  file open failed. (134_sec.eff)
[18:13:21 PM]	CNtlPLOccluder_Quad::LoadSwapFile (830):  file open failed. (134_sec.ocq)
[18:13:21 PM]	CNtlPLHeatHazeObject::LoadSwapFile (724):  file open failed. (134_sec.hho)
[18:13:21 PM]	CNtlWorldShadow::LoadSwapFile (141):  file open failed. (135_sec.sdw)
[18:13:21 PM]	CNtlPLObject::LoadSwapFile (3334):  file open failed. (135_sec.objt)
[18:13:21 PM]	CNtlInstanceEffect::LoadSwapFile (801):  file open failed. (135_sec.eff)
[18:13:21 PM]	CNtlPLOccluder_Quad::LoadSwapFile (830):  file open failed. (135_sec.ocq)
[18:13:21 PM]	CNtlPLHeatHazeObject::LoadSwapFile (724):  file open failed. (135_sec.hho)
[18:13:21 PM]	CNtlWorldShadow::LoadSwapFile (141):  file open failed. (150_sec.sdw)
[18:13:21 PM]	CNtlPLObject::LoadSwapFile (3334):  file open failed. (150_sec.objt)
[18:13:21 PM]	CNtlInstanceEffect::LoadSwapFile (801):  file open failed. (150_sec.eff)
[18:13:21 PM]	CNtlPLOccluder_Quad::LoadSwapFile (830):  file open failed. (150_sec.ocq)
[18:13:21 PM]	CNtlPLHeatHazeObject::LoadSwapFile (724):  file open failed. (150_sec.hho)
[18:13:21 PM]	CNtlWorldShadow::LoadSwapFile (141):  file open failed. (151_sec.sdw)
[18:13:21 PM]	CNtlPLObject::LoadSwapFile (3334):  file open failed. (151_sec.objt)
[18:13:21 PM]	CNtlInstanceEffect::LoadSwapFile (801):  file open failed. (151_sec.eff)
[18:13:21 PM]	CNtlPLOccluder_Quad::LoadSwapFile (830):  file open failed. (151_sec.ocq)
[18:13:21 PM]	CNtlPLHeatHazeObject::LoadSwapFile (724):  file open failed. (151_sec.hho)
[18:13:21 PM]	CNtlWorldShadow::LoadSwapFile (141):  file open failed. (136_sec.sdw)
[18:13:21 PM]	CNtlPLObject::LoadSwapFile (3334):  file open failed. (136_sec.objt)
[18:13:21 PM]	CNtlInstanceEffect::LoadSwapFile (801):  file open failed. (136_sec.eff)
[18:13:21 PM]	CNtlPLOccluder_Quad::LoadSwapFile (830):  file open failed. (136_sec.ocq)
[18:13:21 PM]	CNtlPLHeatHazeObject::LoadSwapFile (724):  file open failed. (136_sec.hho)
[18:13:21 PM]	CNtlWorldShadow::LoadSwapFile (141):  file open failed. (137_sec.sdw)
[18:13:21 PM]	CNtlPLObject::LoadSwapFile (3334):  file open failed. (137_sec.objt)
[18:13:21 PM]	CNtlInstanceEffect::LoadSwapFile (801):  file open failed. (137_sec.eff)
[18:13:21 PM]	CNtlPLOccluder_Quad::LoadSwapFile (830):  file open failed. (137_sec.ocq)
[18:13:21 PM]	CNtlPLHeatHazeObject::LoadSwapFile (724):  file open failed. (137_sec.hho)
[18:13:21 PM]	CNtlWorldShadow::LoadSwapFile (141):  file open failed. (152_sec.sdw)
[18:13:21 PM]	CNtlPLObject::LoadSwapFile (3334):  file open failed. (152_sec.objt)
[18:13:21 PM]	CNtlInstanceEffect::LoadSwapFile (801):  file open failed. (152_sec.eff)
[18:13:21 PM]	CNtlPLOccluder_Quad::LoadSwapFile (830):  file open failed. (152_sec.ocq)
[18:13:21 PM]	CNtlPLHeatHazeObject::LoadSwapFile (724):  file open failed. (152_sec.hho)
[18:13:21 PM]	CNtlWorldShadow::LoadSwapFile (141):  file open failed. (153_sec.sdw)
[18:13:21 PM]	CNtlPLObject::LoadSwapFile (3334):  file open failed. (153_sec.objt)
[18:13:21 PM]	CNtlInstanceEffect::LoadSwapFile (801):  file open failed. (153_sec.eff)
[18:13:21 PM]	CNtlPLOccluder_Quad::LoadSwapFile (830):  file open failed. (153_sec.ocq)
[18:13:21 PM]	CNtlPLHeatHazeObject::LoadSwapFile (724):  file open failed. (153_sec.hho)
[18:13:21 PM]	CNtlWorldShadow::LoadSwapFile (141):  file open failed. (138_sec.sdw)
[18:13:21 PM]	CNtlPLObject::LoadSwapFile (3334):  file open failed. (138_sec.objt)
[18:13:21 PM]	CNtlInstanceEffect::LoadSwapFile (801):  file open failed. (138_sec.eff)
[18:13:21 PM]	CNtlPLOccluder_Quad::LoadSwapFile (830):  file open failed. (138_sec.ocq)
[18:13:21 PM]	CNtlPLHeatHazeObject::LoadSwapFile (724):  file open failed. (138_sec.hho)
[18:13:21 PM]	CNtlWorldShadow::LoadSwapFile (141):  file open failed. (139_sec.sdw)
[18:13:21 PM]	CNtlPLObject::LoadSwapFile (3334):  file open failed. (139_sec.objt)
[18:13:21 PM]	CNtlInstanceEffect::LoadSwapFile (801):  file open failed. (139_sec.eff)
[18:13:21 PM]	CNtlPLOccluder_Quad::LoadSwapFile (830):  file open failed. (139_sec.ocq)
[18:13:21 PM]	CNtlPLHeatHazeObject::LoadSwapFile (724):  file open failed. (139_sec.hho)
[18:13:21 PM]	CNtlWorldShadow::LoadSwapFile (141):  file open failed. (154_sec.sdw)
[18:13:21 PM]	CNtlPLObject::LoadSwapFile (3334):  file open failed. (154_sec.objt)
[18:13:21 PM]	CNtlInstanceEffect::LoadSwapFile (801):  file open failed. (154_sec.eff)
[18:13:21 PM]	CNtlPLOccluder_Quad::LoadSwapFile (830):  file open failed. (154_sec.ocq)
[18:13:21 PM]	CNtlPLHeatHazeObject::LoadSwapFile (724):  file open failed. (154_sec.hho)
[18:13:21 PM]	CNtlWorldShadow::LoadSwapFile (141):  file open failed. (155_sec.sdw)
[18:13:21 PM]	CNtlPLObject::LoadSwapFile (3334):  file open failed. (155_sec.objt)
[18:13:21 PM]	CNtlInstanceEffect::LoadSwapFile (801):  file open failed. (155_sec.eff)
[18:13:21 PM]	CNtlPLOccluder_Quad::LoadSwapFile (830):  file open failed. (155_sec.ocq)
[18:13:21 PM]	CNtlPLHeatHazeObject::LoadSwapFile (724):  file open failed. (155_sec.hho)
[18:13:21 PM]	CNtlWorldShadow::LoadSwapFile (141):  file open failed. (140_sec.sdw)
[18:13:21 PM]	CNtlPLObject::LoadSwapFile (3334):  file open failed. (140_sec.objt)
[18:13:21 PM]	CNtlInstanceEffect::LoadSwapFile (801):  file open failed. (140_sec.eff)
[18:13:21 PM]	CNtlPLOccluder_Quad::LoadSwapFile (830):  file open failed. (140_sec.ocq)
[18:13:21 PM]	CNtlPLHeatHazeObject::LoadSwapFile (724):  file open failed. (140_sec.hho)
[18:13:22 PM]	CNtlWorldShadow::LoadSwapFile (141):  file open failed. (141_sec.sdw)
[18:13:22 PM]	CNtlPLObject::LoadSwapFile (3334):  file open failed. (141_sec.objt)
[18:13:22 PM]	CNtlInstanceEffect::LoadSwapFile (801):  file open failed. (141_sec.eff)
[18:13:22 PM]	CNtlPLOccluder_Quad::LoadSwapFile (830):  file open failed. (141_sec.ocq)
[18:13:22 PM]	CNtlPLHeatHazeObject::LoadSwapFile (724):  file open failed. (141_sec.hho)
[18:13:22 PM]	CNtlWorldShadow::LoadSwapFile (141):  file open failed. (156_sec.sdw)
[18:13:22 PM]	CNtlPLObject::LoadSwapFile (3334):  file open failed. (156_sec.objt)
[18:13:22 PM]	CNtlInstanceEffect::LoadSwapFile (801):  file open failed. (156_sec.eff)
[18:13:22 PM]	CNtlPLOccluder_Quad::LoadSwapFile (830):  file open failed. (156_sec.ocq)
[18:13:22 PM]	CNtlPLHeatHazeObject::LoadSwapFile (724):  file open failed. (156_sec.hho)
[18:13:22 PM]	CNtlWorldShadow::LoadSwapFile (141):  file open failed. (157_sec.sdw)
[18:13:22 PM]	CNtlPLObject::LoadSwapFile (3334):  file open failed. (157_sec.objt)
[18:13:22 PM]	CNtlInstanceEffect::LoadSwapFile (801):  file open failed. (157_sec.eff)
[18:13:22 PM]	CNtlPLOccluder_Quad::LoadSwapFile (830):  file open failed. (157_sec.ocq)
[18:13:22 PM]	CNtlPLHeatHazeObject::LoadSwapFile (724):  file open failed. (157_sec.hho)
[18:13:22 PM]	CNtlWorldShadow::LoadSwapFile (141):  file open failed. (162_sec.sdw)
[18:13:22 PM]	CNtlPLObject::LoadSwapFile (3334):  file open failed. (162_sec.objt)
[18:13:22 PM]	CNtlInstanceEffect::LoadSwapFile (801):  file open failed. (162_sec.eff)
[18:13:22 PM]	CNtlPLOccluder_Quad::LoadSwapFile (830):  file open failed. (162_sec.ocq)
[18:13:22 PM]	CNtlPLHeatHazeObject::LoadSwapFile (724):  file open failed. (162_sec.hho)
[18:13:22 PM]	CNtlWorldShadow::LoadSwapFile (141):  file open failed. (163_sec.sdw)
[18:13:22 PM]	CNtlPLObject::LoadSwapFile (3334):  file open failed. (163_sec.objt)
[18:13:22 PM]	CNtlInstanceEffect::LoadSwapFile (801):  file open failed. (163_sec.eff)
[18:13:22 PM]	CNtlPLOccluder_Quad::LoadSwapFile (830):  file open failed. (163_sec.ocq)
[18:13:22 PM]	CNtlPLHeatHazeObject::LoadSwapFile (724):  file open failed. (163_sec.hho)
[18:13:22 PM]	CNtlWorldShadow::LoadSwapFile (141):  file open failed. (178_sec.sdw)
[18:13:22 PM]	CNtlPLObject::LoadSwapFile (3334):  file open failed. (178_sec.objt)
[18:13:22 PM]	CNtlInstanceEffect::LoadSwapFile (801):  file open failed. (178_sec.eff)
[18:13:22 PM]	CNtlPLOccluder_Quad::LoadSwapFile (830):  file open failed. (178_sec.ocq)
[18:13:22 PM]	CNtlPLHeatHazeObject::LoadSwapFile (724):  file open failed. (178_sec.hho)
[18:13:22 PM]	CNtlWorldShadow::LoadSwapFile (141):  file open failed. (179_sec.sdw)
[18:13:22 PM]	CNtlPLObject::LoadSwapFile (3334):  file open failed. (179_sec.objt)
[18:13:22 PM]	CNtlInstanceEffect::LoadSwapFile (801):  file open failed. (179_sec.eff)
[18:13:22 PM]	CNtlPLOccluder_Quad::LoadSwapFile (830):  file open failed. (179_sec.ocq)
[18:13:22 PM]	CNtlPLHeatHazeObject::LoadSwapFile (724):  file open failed. (179_sec.hho)
[18:13:22 PM]	CNtlWorldShadow::LoadSwapFile (141):  file open failed. (164_sec.sdw)
[18:13:22 PM]	CNtlPLObject::LoadSwapFile (3334):  file open failed. (164_sec.objt)
[18:13:22 PM]	CNtlInstanceEffect::LoadSwapFile (801):  file open failed. (164_sec.eff)
[18:13:22 PM]	CNtlPLOccluder_Quad::LoadSwapFile (830):  file open failed. (164_sec.ocq)
[18:13:22 PM]	CNtlPLHeatHazeObject::LoadSwapFile (724):  file open failed. (164_sec.hho)
[18:13:22 PM]	CNtlWorldShadow::LoadSwapFile (141):  file open failed. (165_sec.sdw)
[18:13:22 PM]	CNtlPLObject::LoadSwapFile (3334):  file open failed. (165_sec.objt)
[18:13:22 PM]	CNtlInstanceEffect::LoadSwapFile (801):  file open failed. (165_sec.eff)
[18:13:22 PM]	CNtlPLOccluder_Quad::LoadSwapFile (830):  file open failed. (165_sec.ocq)
[18:13:22 PM]	CNtlPLHeatHazeObject::LoadSwapFile (724):  file open failed. (165_sec.hho)
[18:13:22 PM]	CNtlWorldShadow::LoadSwapFile (141):  file open failed. (180_sec.sdw)
[18:13:22 PM]	CNtlPLObject::LoadSwapFile (3334):  file open failed. (180_sec.objt)
[18:13:22 PM]	CNtlInstanceEffect::LoadSwapFile (801):  file open failed. (180_sec.eff)
[18:13:22 PM]	CNtlPLOccluder_Quad::LoadSwapFile (830):  file open failed. (180_sec.ocq)
[18:13:22 PM]	CNtlPLHeatHazeObject::LoadSwapFile (724):  file open failed. (180_sec.hho)
[18:13:22 PM]	CNtlWorldShadow::LoadSwapFile (141):  file open failed. (181_sec.sdw)
[18:13:22 PM]	CNtlPLObject::LoadSwapFile (3334):  file open failed. (181_sec.objt)
[18:13:22 PM]	CNtlInstanceEffect::LoadSwapFile (801):  file open failed. (181_sec.eff)
[18:13:22 PM]	CNtlPLOccluder_Quad::LoadSwapFile (830):  file open failed. (181_sec.ocq)
[18:13:22 PM]	CNtlPLHeatHazeObject::LoadSwapFile (724):  file open failed. (181_sec.hho)
[18:13:22 PM]	CNtlWorldShadow::LoadSwapFile (141):  file open failed. (166_sec.sdw)
[18:13:22 PM]	CNtlPLObject::LoadSwapFile (3334):  file open failed. (166_sec.objt)
[18:13:22 PM]	CNtlInstanceEffect::LoadSwapFile (801):  file open failed. (166_sec.eff)
[18:13:22 PM]	CNtlPLOccluder_Quad::LoadSwapFile (830):  file open failed. (166_sec.ocq)
[18:13:22 PM]	CNtlPLHeatHazeObject::LoadSwapFile (724):  file open failed. (166_sec.hho)
[18:13:22 PM]	CNtlWorldShadow::LoadSwapFile (141):  file open failed. (167_sec.sdw)
[18:13:22 PM]	CNtlPLObject::LoadSwapFile (3334):  file open failed. (167_sec.objt)
[18:13:22 PM]	CNtlInstanceEffect::LoadSwapFile (801):  file open failed. (167_sec.eff)
[18:13:22 PM]	CNtlPLOccluder_Quad::LoadSwapFile (830):  file open failed. (167_sec.ocq)
[18:13:22 PM]	CNtlPLHeatHazeObject::LoadSwapFile (724):  file open failed. (167_sec.hho)
[18:13:22 PM]	CNtlWorldShadow::LoadSwapFile (141):  file open failed. (182_sec.sdw)
[18:13:22 PM]	CNtlPLObject::LoadSwapFile (3334):  file open failed. (182_sec.objt)
[18:13:22 PM]	CNtlInstanceEffect::LoadSwapFile (801):  file open failed. (182_sec.eff)
[18:13:22 PM]	CNtlPLOccluder_Quad::LoadSwapFile (830):  file open failed. (182_sec.ocq)
[18:13:22 PM]	CNtlPLHeatHazeObject::LoadSwapFile (724):  file open failed. (182_sec.hho)
[18:13:22 PM]	CNtlWorldShadow::LoadSwapFile (141):  file open failed. (183_sec.sdw)
[18:13:22 PM]	CNtlPLObject::LoadSwapFile (3334):  file open failed. (183_sec.objt)
[18:13:22 PM]	CNtlInstanceEffect::LoadSwapFile (801):  file open failed. (183_sec.eff)
[18:13:22 PM]	CNtlPLOccluder_Quad::LoadSwapFile (830):  file open failed. (183_sec.ocq)
[18:13:22 PM]	CNtlPLHeatHazeObject::LoadSwapFile (724):  file open failed. (183_sec.hho)
[18:13:22 PM]	CNtlWorldShadow::LoadSwapFile (141):  file open failed. (168_sec.sdw)
[18:13:22 PM]	CNtlPLObject::LoadSwapFile (3334):  file open failed. (168_sec.objt)
[18:13:22 PM]	CNtlInstanceEffect::LoadSwapFile (801):  file open failed. (168_sec.eff)
[18:13:22 PM]	CNtlPLOccluder_Quad::LoadSwapFile (830):  file open failed. (168_sec.ocq)
[18:13:22 PM]	CNtlPLHeatHazeObject::LoadSwapFile (724):  file open failed. (168_sec.hho)
[18:13:22 PM]	CNtlWorldShadow::LoadSwapFile (141):  file open failed. (169_sec.sdw)
[18:13:22 PM]	CNtlPLObject::LoadSwapFile (3334):  file open failed. (169_sec.objt)
[18:13:22 PM]	CNtlInstanceEffect::LoadSwapFile (801):  file open failed. (169_sec.eff)
[18:13:22 PM]	CNtlPLOccluder_Quad::LoadSwapFile (830):  file open failed. (169_sec.ocq)
[18:13:22 PM]	CNtlPLHeatHazeObject::LoadSwapFile (724):  file open failed. (169_sec.hho)
[18:13:22 PM]	CNtlWorldShadow::LoadSwapFile (141):  file open failed. (184_sec.sdw)
[18:13:22 PM]	CNtlPLObject::LoadSwapFile (3334):  file open failed. (184_sec.objt)
[18:13:22 PM]	CNtlInstanceEffect::LoadSwapFile (801):  file open failed. (184_sec.eff)
[18:13:22 PM]	CNtlPLOccluder_Quad::LoadSwapFile (830):  file open failed. (184_sec.ocq)
[18:13:22 PM]	CNtlPLHeatHazeObject::LoadSwapFile (724):  file open failed. (184_sec.hho)
[18:13:22 PM]	CNtlWorldShadow::LoadSwapFile (141):  file open failed. (185_sec.sdw)
[18:13:22 PM]	CNtlPLObject::LoadSwapFile (3334):  file open failed. (185_sec.objt)
[18:13:22 PM]	CNtlInstanceEffect::LoadSwapFile (801):  file open failed. (185_sec.eff)
[18:13:22 PM]	CNtlPLOccluder_Quad::LoadSwapFile (830):  file open failed. (185_sec.ocq)
[18:13:22 PM]	CNtlPLHeatHazeObject::LoadSwapFile (724):  file open failed. (185_sec.hho)
[18:13:22 PM]	CNtlWorldShadow::LoadSwapFile (141):  file open failed. (170_sec.sdw)
[18:13:22 PM]	CNtlPLObject::LoadSwapFile (3334):  file open failed. (170_sec.objt)
[18:13:22 PM]	CNtlInstanceEffect::LoadSwapFile (801):  file open failed. (170_sec.eff)
[18:13:22 PM]	CNtlPLOccluder_Quad::LoadSwapFile (830):  file open failed. (170_sec.ocq)
[18:13:22 PM]	CNtlPLHeatHazeObject::LoadSwapFile (724):  file open failed. (170_sec.hho)
[18:13:22 PM]	CNtlWorldShadow::LoadSwapFile (141):  file open failed. (171_sec.sdw)
[18:13:22 PM]	CNtlPLObject::LoadSwapFile (3334):  file open failed. (171_sec.objt)
[18:13:22 PM]	CNtlInstanceEffect::LoadSwapFile (801):  file open failed. (171_sec.eff)
[18:13:22 PM]	CNtlPLOccluder_Quad::LoadSwapFile (830):  file open failed. (171_sec.ocq)
[18:13:22 PM]	CNtlPLHeatHazeObject::LoadSwapFile (724):  file open failed. (171_sec.hho)
[18:13:22 PM]	CNtlWorldShadow::LoadSwapFile (141):  file open failed. (186_sec.sdw)
[18:13:22 PM]	CNtlPLObject::LoadSwapFile (3334):  file open failed. (186_sec.objt)
[18:13:22 PM]	CNtlInstanceEffect::LoadSwapFile (801):  file open failed. (186_sec.eff)
[18:13:22 PM]	CNtlPLOccluder_Quad::LoadSwapFile (830):  file open failed. (186_sec.ocq)
[18:13:22 PM]	CNtlPLHeatHazeObject::LoadSwapFile (724):  file open failed. (186_sec.hho)
[18:13:22 PM]	CNtlWorldShadow::LoadSwapFile (141):  file open failed. (187_sec.sdw)
[18:13:22 PM]	CNtlPLObject::LoadSwapFile (3334):  file open failed. (187_sec.objt)
[18:13:22 PM]	CNtlInstanceEffect::LoadSwapFile (801):  file open failed. (187_sec.eff)
[18:13:22 PM]	CNtlPLOccluder_Quad::LoadSwapFile (830):  file open failed. (187_sec.ocq)
[18:13:22 PM]	CNtlPLHeatHazeObject::LoadSwapFile (724):  file open failed. (187_sec.hho)
[18:13:22 PM]	CNtlWorldShadow::LoadSwapFile (141):  file open failed. (172_sec.sdw)
[18:13:22 PM]	CNtlPLObject::LoadSwapFile (3334):  file open failed. (172_sec.objt)
[18:13:22 PM]	CNtlInstanceEffect::LoadSwapFile (801):  file open failed. (172_sec.eff)
[18:13:22 PM]	CNtlPLOccluder_Quad::LoadSwapFile (830):  file open failed. (172_sec.ocq)
[18:13:22 PM]	CNtlPLHeatHazeObject::LoadSwapFile (724):  file open failed. (172_sec.hho)
[18:13:22 PM]	CNtlWorldShadow::LoadSwapFile (141):  file open failed. (173_sec.sdw)
[18:13:22 PM]	CNtlPLObject::LoadSwapFile (3334):  file open failed. (173_sec.objt)
[18:13:22 PM]	CNtlInstanceEffect::LoadSwapFile (801):  file open failed. (173_sec.eff)
[18:13:22 PM]	CNtlPLOccluder_Quad::LoadSwapFile (830):  file open failed. (173_sec.ocq)
[18:13:22 PM]	CNtlPLHeatHazeObject::LoadSwapFile (724):  file open failed. (173_sec.hho)
[18:13:22 PM]	CNtlWorldShadow::LoadSwapFile (141):  file open failed. (188_sec.sdw)
[18:13:22 PM]	CNtlPLObject::LoadSwapFile (3334):  file open failed. (188_sec.objt)
[18:13:22 PM]	CNtlInstanceEffect::LoadSwapFile (801):  file open failed. (188_sec.eff)
[18:13:22 PM]	CNtlPLOccluder_Quad::LoadSwapFile (830):  file open failed. (188_sec.ocq)
[18:13:22 PM]	CNtlPLHeatHazeObject::LoadSwapFile (724):  file open failed. (188_sec.hho)
[18:13:22 PM]	CNtlWorldShadow::LoadSwapFile (141):  file open failed. (189_sec.sdw)
[18:13:22 PM]	CNtlPLObject::LoadSwapFile (3334):  file open failed. (189_sec.objt)
[18:13:22 PM]	CNtlInstanceEffect::LoadSwapFile (801):  file open failed. (189_sec.eff)
[18:13:22 PM]	CNtlPLOccluder_Quad::LoadSwapFile (830):  file open failed. (189_sec.ocq)
[18:13:22 PM]	CNtlPLHeatHazeObject::LoadSwapFile (724):  file open failed. (189_sec.hho)
