[23:55:01 PM]	=============== Start Trace ===============

[23:55:01 PM]	 === < SABER > Trace Start === 
[23:55:25 PM]	CNtlPLPropertyContainer::AddProp (258):  prop defined.(A_HMY_F_AD)
[23:55:34 PM]	CNtlPLVisualManager::GetHeightFieldWorldHeight (1170):  GetWorldHeight : Failed : IN(0,0,0), OUT_HEIGHT(-999)
[23:55:38 PM]	CNtlWorldShadow::LoadSwapFile (141):  file open failed. (1818_sec.sdw)
[23:55:38 PM]	CNtlPLObject::LoadSwapFile (3330):  file open failed. (1818_sec.objt)
[23:55:38 PM]	CNtlInstanceEffect::LoadSwapFile (801):  file open failed. (1818_sec.eff)
[23:55:38 PM]	CNtlPLOccluder_Quad::LoadSwapFile (830):  file open failed. (1818_sec.ocq)
[23:55:38 PM]	CNtlPLHeatHazeObject::LoadSwapFile (724):  file open failed. (1818_sec.hho)
[23:55:38 PM]	CNtlWorldShadow::LoadSwapFile (141):  file open failed. (1819_sec.sdw)
[23:55:38 PM]	CNtlPLObject::LoadSwapFile (3330):  file open failed. (1819_sec.objt)
[23:55:38 PM]	CNtlInstanceEffect::LoadSwapFile (801):  file open failed. (1819_sec.eff)
[23:55:38 PM]	CNtlPLOccluder_Quad::LoadSwapFile (830):  file open failed. (1819_sec.ocq)
[23:55:38 PM]	CNtlPLHeatHazeObject::LoadSwapFile (724):  file open failed. (1819_sec.hho)
[23:55:38 PM]	CNtlWorldShadow::LoadSwapFile (141):  file open failed. (1882_sec.sdw)
[23:55:38 PM]	CNtlPLObject::LoadSwapFile (3330):  file open failed. (1882_sec.objt)
[23:55:38 PM]	CNtlInstanceEffect::LoadSwapFile (801):  file open failed. (1882_sec.eff)
[23:55:38 PM]	CNtlPLOccluder_Quad::LoadSwapFile (830):  file open failed. (1882_sec.ocq)
[23:55:38 PM]	CNtlPLHeatHazeObject::LoadSwapFile (724):  file open failed. (1882_sec.hho)
[23:55:38 PM]	CNtlWorldShadow::LoadSwapFile (141):  file open failed. (1883_sec.sdw)
[23:55:38 PM]	CNtlPLObject::LoadSwapFile (3330):  file open failed. (1883_sec.objt)
[23:55:38 PM]	CNtlInstanceEffect::LoadSwapFile (801):  file open failed. (1883_sec.eff)
[23:55:38 PM]	CNtlPLOccluder_Quad::LoadSwapFile (830):  file open failed. (1883_sec.ocq)
[23:55:38 PM]	CNtlPLHeatHazeObject::LoadSwapFile (724):  file open failed. (1883_sec.hho)
[23:55:38 PM]	CNtlWorldShadow::LoadSwapFile (141):  file open failed. (1820_sec.sdw)
[23:55:38 PM]	CNtlPLObject::LoadSwapFile (3330):  file open failed. (1820_sec.objt)
[23:55:38 PM]	CNtlInstanceEffect::LoadSwapFile (801):  file open failed. (1820_sec.eff)
[23:55:38 PM]	CNtlPLOccluder_Quad::LoadSwapFile (830):  file open failed. (1820_sec.ocq)
[23:55:38 PM]	CNtlPLHeatHazeObject::LoadSwapFile (724):  file open failed. (1820_sec.hho)
[23:55:38 PM]	CNtlWorldShadow::LoadSwapFile (141):  file open failed. (1821_sec.sdw)
[23:55:38 PM]	CNtlPLObject::LoadSwapFile (3330):  file open failed. (1821_sec.objt)
[23:55:38 PM]	CNtlInstanceEffect::LoadSwapFile (801):  file open failed. (1821_sec.eff)
[23:55:38 PM]	CNtlPLOccluder_Quad::LoadSwapFile (830):  file open failed. (1821_sec.ocq)
[23:55:38 PM]	CNtlPLHeatHazeObject::LoadSwapFile (724):  file open failed. (1821_sec.hho)
[23:55:38 PM]	CNtlWorldShadow::LoadSwapFile (141):  file open failed. (1884_sec.sdw)
[23:55:38 PM]	CNtlPLObject::LoadSwapFile (3330):  file open failed. (1884_sec.objt)
[23:55:38 PM]	CNtlInstanceEffect::LoadSwapFile (801):  file open failed. (1884_sec.eff)
[23:55:38 PM]	CNtlPLOccluder_Quad::LoadSwapFile (830):  file open failed. (1884_sec.ocq)
[23:55:38 PM]	CNtlPLHeatHazeObject::LoadSwapFile (724):  file open failed. (1884_sec.hho)
[23:55:38 PM]	CNtlWorldShadow::LoadSwapFile (141):  file open failed. (1885_sec.sdw)
[23:55:38 PM]	CNtlPLObject::LoadSwapFile (3330):  file open failed. (1885_sec.objt)
[23:55:38 PM]	CNtlInstanceEffect::LoadSwapFile (801):  file open failed. (1885_sec.eff)
[23:55:38 PM]	CNtlPLOccluder_Quad::LoadSwapFile (830):  file open failed. (1885_sec.ocq)
[23:55:38 PM]	CNtlPLHeatHazeObject::LoadSwapFile (724):  file open failed. (1885_sec.hho)
[23:55:38 PM]	CNtlWorldShadow::LoadSwapFile (141):  file open failed. (1822_sec.sdw)
[23:55:38 PM]	CNtlPLObject::LoadSwapFile (3330):  file open failed. (1822_sec.objt)
[23:55:38 PM]	CNtlInstanceEffect::LoadSwapFile (801):  file open failed. (1822_sec.eff)
[23:55:38 PM]	CNtlPLOccluder_Quad::LoadSwapFile (830):  file open failed. (1822_sec.ocq)
[23:55:38 PM]	CNtlPLHeatHazeObject::LoadSwapFile (724):  file open failed. (1822_sec.hho)
[23:55:38 PM]	CNtlWorldShadow::LoadSwapFile (141):  file open failed. (1823_sec.sdw)
[23:55:38 PM]	CNtlPLObject::LoadSwapFile (3330):  file open failed. (1823_sec.objt)
[23:55:38 PM]	CNtlInstanceEffect::LoadSwapFile (801):  file open failed. (1823_sec.eff)
[23:55:38 PM]	CNtlPLOccluder_Quad::LoadSwapFile (830):  file open failed. (1823_sec.ocq)
[23:55:38 PM]	CNtlPLHeatHazeObject::LoadSwapFile (724):  file open failed. (1823_sec.hho)
[23:55:38 PM]	CNtlWorldShadow::LoadSwapFile (141):  file open failed. (1886_sec.sdw)
[23:55:38 PM]	CNtlPLObject::LoadSwapFile (3330):  file open failed. (1886_sec.objt)
[23:55:38 PM]	CNtlInstanceEffect::LoadSwapFile (801):  file open failed. (1886_sec.eff)
[23:55:38 PM]	CNtlPLOccluder_Quad::LoadSwapFile (830):  file open failed. (1886_sec.ocq)
[23:55:38 PM]	CNtlPLHeatHazeObject::LoadSwapFile (724):  file open failed. (1886_sec.hho)
[23:55:38 PM]	CNtlWorldShadow::LoadSwapFile (141):  file open failed. (1887_sec.sdw)
[23:55:38 PM]	CNtlPLObject::LoadSwapFile (3330):  file open failed. (1887_sec.objt)
[23:55:38 PM]	CNtlInstanceEffect::LoadSwapFile (801):  file open failed. (1887_sec.eff)
[23:55:38 PM]	CNtlPLOccluder_Quad::LoadSwapFile (830):  file open failed. (1887_sec.ocq)
[23:55:38 PM]	CNtlPLHeatHazeObject::LoadSwapFile (724):  file open failed. (1887_sec.hho)
[23:55:38 PM]	CNtlWorldShadow::LoadSwapFile (141):  file open failed. (1824_sec.sdw)
[23:55:38 PM]	CNtlPLObject::LoadSwapFile (3330):  file open failed. (1824_sec.objt)
[23:55:38 PM]	CNtlInstanceEffect::LoadSwapFile (801):  file open failed. (1824_sec.eff)
[23:55:38 PM]	CNtlPLOccluder_Quad::LoadSwapFile (830):  file open failed. (1824_sec.ocq)
[23:55:38 PM]	CNtlPLHeatHazeObject::LoadSwapFile (724):  file open failed. (1824_sec.hho)
[23:55:38 PM]	CNtlWorldShadow::LoadSwapFile (141):  file open failed. (1825_sec.sdw)
[23:55:39 PM]	CNtlPLObject::LoadSwapFile (3330):  file open failed. (1825_sec.objt)
[23:55:39 PM]	CNtlInstanceEffect::LoadSwapFile (801):  file open failed. (1825_sec.eff)
[23:55:39 PM]	CNtlPLOccluder_Quad::LoadSwapFile (830):  file open failed. (1825_sec.ocq)
[23:55:39 PM]	CNtlPLHeatHazeObject::LoadSwapFile (724):  file open failed. (1825_sec.hho)
[23:55:39 PM]	CNtlWorldShadow::LoadSwapFile (141):  file open failed. (1888_sec.sdw)
[23:55:39 PM]	CNtlPLObject::LoadSwapFile (3330):  file open failed. (1888_sec.objt)
[23:55:39 PM]	CNtlInstanceEffect::LoadSwapFile (801):  file open failed. (1888_sec.eff)
[23:55:39 PM]	CNtlPLOccluder_Quad::LoadSwapFile (830):  file open failed. (1888_sec.ocq)
[23:55:39 PM]	CNtlPLHeatHazeObject::LoadSwapFile (724):  file open failed. (1888_sec.hho)
[23:55:39 PM]	CNtlWorldShadow::LoadSwapFile (141):  file open failed. (1889_sec.sdw)
[23:55:39 PM]	CNtlPLObject::LoadSwapFile (3330):  file open failed. (1889_sec.objt)
[23:55:39 PM]	CNtlInstanceEffect::LoadSwapFile (801):  file open failed. (1889_sec.eff)
[23:55:39 PM]	CNtlPLOccluder_Quad::LoadSwapFile (830):  file open failed. (1889_sec.ocq)
[23:55:39 PM]	CNtlPLHeatHazeObject::LoadSwapFile (724):  file open failed. (1889_sec.hho)
[23:55:39 PM]	CNtlWorldShadow::LoadSwapFile (141):  file open failed. (1826_sec.sdw)
[23:55:39 PM]	CNtlPLVisualManager::CreateEntity (688):  CNtlPLVisualManager::CreateEntity the property(.xml) find not(12_N_GLASS_007)
