[21:40:47 PM]	=============== Start Trace ===============

[21:40:47 PM]	 === < SABER > Trace Start === 
[21:44:28 PM]	CNtlPLPropertyContainer::AddProp (258):  prop defined.(A_HMY_F_AD)
[21:44:52 PM]	CNtlPLVisualManager::GetHeightFieldWorldHeight (1170):  GetWorldHeight : Failed : IN(0,0,0), OUT_HEIGHT(-999)
[21:44:54 PM]	CNtlWorldShadow::LoadSwapFile (141):  file open failed. (1562_sec.sdw)
[21:44:54 PM]	CNtlPLObject::LoadSwapFile (3331):  file open failed. (1562_sec.objt)
[21:44:54 PM]	CNtlInstanceEffect::LoadSwapFile (801):  file open failed. (1562_sec.eff)
[21:44:54 PM]	CNtlPLOccluder_Quad::LoadSwapFile (830):  file open failed. (1562_sec.ocq)
[21:44:54 PM]	CNtlPLHeatHazeObject::LoadSwapFile (724):  file open failed. (1562_sec.hho)
[21:44:54 PM]	CNtlWorldShadow::LoadSwapFile (141):  file open failed. (1563_sec.sdw)
[21:44:54 PM]	CNtlPLObject::LoadSwapFile (3331):  file open failed. (1563_sec.objt)
[21:44:54 PM]	CNtlInstanceEffect::LoadSwapFile (801):  file open failed. (1563_sec.eff)
[21:44:54 PM]	CNtlPLOccluder_Quad::LoadSwapFile (830):  file open failed. (1563_sec.ocq)
[21:44:54 PM]	CNtlPLHeatHazeObject::LoadSwapFile (724):  file open failed. (1563_sec.hho)
[21:44:54 PM]	CNtlWorldShadow::LoadSwapFile (141):  file open failed. (1626_sec.sdw)
[21:44:54 PM]	CNtlPLObject::LoadSwapFile (3331):  file open failed. (1626_sec.objt)
[21:44:54 PM]	CNtlInstanceEffect::LoadSwapFile (801):  file open failed. (1626_sec.eff)
[21:44:54 PM]	CNtlPLOccluder_Quad::LoadSwapFile (830):  file open failed. (1626_sec.ocq)
[21:44:55 PM]	CNtlPLHeatHazeObject::LoadSwapFile (724):  file open failed. (1626_sec.hho)
[21:44:55 PM]	CNtlWorldShadow::LoadSwapFile (141):  file open failed. (1627_sec.sdw)
[21:44:55 PM]	CNtlPLObject::LoadSwapFile (3331):  file open failed. (1627_sec.objt)
[21:44:55 PM]	CNtlInstanceEffect::LoadSwapFile (801):  file open failed. (1627_sec.eff)
[21:44:55 PM]	CNtlPLOccluder_Quad::LoadSwapFile (830):  file open failed. (1627_sec.ocq)
[21:44:55 PM]	CNtlPLHeatHazeObject::LoadSwapFile (724):  file open failed. (1627_sec.hho)
[21:44:55 PM]	CNtlWorldShadow::LoadSwapFile (141):  file open failed. (1564_sec.sdw)
[21:44:55 PM]	CNtlPLObject::LoadSwapFile (3331):  file open failed. (1564_sec.objt)
[21:44:55 PM]	CNtlInstanceEffect::LoadSwapFile (801):  file open failed. (1564_sec.eff)
[21:44:55 PM]	CNtlPLOccluder_Quad::LoadSwapFile (830):  file open failed. (1564_sec.ocq)
[21:44:55 PM]	CNtlPLHeatHazeObject::LoadSwapFile (724):  file open failed. (1564_sec.hho)
[21:44:55 PM]	CNtlWorldShadow::LoadSwapFile (141):  file open failed. (1565_sec.sdw)
[21:44:55 PM]	CNtlPLObject::LoadSwapFile (3331):  file open failed. (1565_sec.objt)
[21:44:55 PM]	CNtlInstanceEffect::LoadSwapFile (801):  file open failed. (1565_sec.eff)
[21:44:55 PM]	CNtlPLOccluder_Quad::LoadSwapFile (830):  file open failed. (1565_sec.ocq)
[21:44:55 PM]	CNtlPLHeatHazeObject::LoadSwapFile (724):  file open failed. (1565_sec.hho)
[21:44:55 PM]	CNtlWorldShadow::LoadSwapFile (141):  file open failed. (1628_sec.sdw)
[21:44:55 PM]	CNtlPLObject::LoadSwapFile (3331):  file open failed. (1628_sec.objt)
[21:44:55 PM]	CNtlInstanceEffect::LoadSwapFile (801):  file open failed. (1628_sec.eff)
[21:44:55 PM]	CNtlPLOccluder_Quad::LoadSwapFile (830):  file open failed. (1628_sec.ocq)
[21:44:55 PM]	CNtlPLHeatHazeObject::LoadSwapFile (724):  file open failed. (1628_sec.hho)
[21:44:55 PM]	CNtlWorldShadow::LoadSwapFile (141):  file open failed. (1629_sec.sdw)
[21:44:55 PM]	CNtlPLObject::LoadSwapFile (3331):  file open failed. (1629_sec.objt)
[21:44:55 PM]	CNtlInstanceEffect::LoadSwapFile (801):  file open failed. (1629_sec.eff)
[21:44:55 PM]	CNtlPLOccluder_Quad::LoadSwapFile (830):  file open failed. (1629_sec.ocq)
[21:44:55 PM]	CNtlPLHeatHazeObject::LoadSwapFile (724):  file open failed. (1629_sec.hho)
[21:44:55 PM]	CNtlWorldShadow::LoadSwapFile (141):  file open failed. (1566_sec.sdw)
[21:44:55 PM]	CNtlPLObject::LoadSwapFile (3331):  file open failed. (1566_sec.objt)
[21:44:55 PM]	CNtlInstanceEffect::LoadSwapFile (801):  file open failed. (1566_sec.eff)
[21:44:55 PM]	CNtlPLOccluder_Quad::LoadSwapFile (830):  file open failed. (1566_sec.ocq)
[21:44:55 PM]	CNtlPLHeatHazeObject::LoadSwapFile (724):  file open failed. (1566_sec.hho)
[21:44:55 PM]	CNtlWorldShadow::LoadSwapFile (141):  file open failed. (1567_sec.sdw)
[21:44:55 PM]	CNtlPLObject::LoadSwapFile (3331):  file open failed. (1567_sec.objt)
[21:44:55 PM]	CNtlInstanceEffect::LoadSwapFile (801):  file open failed. (1567_sec.eff)
[21:44:55 PM]	CNtlPLOccluder_Quad::LoadSwapFile (830):  file open failed. (1567_sec.ocq)
[21:44:55 PM]	CNtlPLHeatHazeObject::LoadSwapFile (724):  file open failed. (1567_sec.hho)
[21:44:55 PM]	CNtlWorldShadow::LoadSwapFile (141):  file open failed. (1630_sec.sdw)
[21:44:55 PM]	CNtlPLObject::LoadSwapFile (3331):  file open failed. (1630_sec.objt)
[21:44:55 PM]	CNtlInstanceEffect::LoadSwapFile (801):  file open failed. (1630_sec.eff)
[21:44:55 PM]	CNtlPLOccluder_Quad::LoadSwapFile (830):  file open failed. (1630_sec.ocq)
[21:44:55 PM]	CNtlPLHeatHazeObject::LoadSwapFile (724):  file open failed. (1630_sec.hho)
[21:44:55 PM]	CNtlWorldShadow::LoadSwapFile (141):  file open failed. (1631_sec.sdw)
[21:44:55 PM]	CNtlPLObject::LoadSwapFile (3331):  file open failed. (1631_sec.objt)
[21:44:55 PM]	CNtlInstanceEffect::LoadSwapFile (801):  file open failed. (1631_sec.eff)
[21:44:55 PM]	CNtlPLOccluder_Quad::LoadSwapFile (830):  file open failed. (1631_sec.ocq)
[21:44:55 PM]	CNtlPLHeatHazeObject::LoadSwapFile (724):  file open failed. (1631_sec.hho)
[21:44:55 PM]	CNtlWorldShadow::LoadSwapFile (141):  file open failed. (1568_sec.sdw)
[21:44:55 PM]	CNtlPLObject::LoadSwapFile (3331):  file open failed. (1568_sec.objt)
[21:44:55 PM]	CNtlInstanceEffect::LoadSwapFile (801):  file open failed. (1568_sec.eff)
[21:44:55 PM]	CNtlPLOccluder_Quad::LoadSwapFile (830):  file open failed. (1568_sec.ocq)
[21:44:55 PM]	CNtlPLHeatHazeObject::LoadSwapFile (724):  file open failed. (1568_sec.hho)
[21:44:55 PM]	CNtlWorldShadow::LoadSwapFile (141):  file open failed. (1569_sec.sdw)
[21:44:55 PM]	CNtlPLObject::LoadSwapFile (3331):  file open failed. (1569_sec.objt)
[21:44:55 PM]	CNtlInstanceEffect::LoadSwapFile (801):  file open failed. (1569_sec.eff)
[21:44:55 PM]	CNtlPLOccluder_Quad::LoadSwapFile (830):  file open failed. (1569_sec.ocq)
[21:44:55 PM]	CNtlPLHeatHazeObject::LoadSwapFile (724):  file open failed. (1569_sec.hho)
[21:44:55 PM]	CNtlWorldShadow::LoadSwapFile (141):  file open failed. (1632_sec.sdw)
[21:44:55 PM]	CNtlPLObject::LoadSwapFile (3331):  file open failed. (1632_sec.objt)
[21:44:55 PM]	CNtlInstanceEffect::LoadSwapFile (801):  file open failed. (1632_sec.eff)
[21:44:55 PM]	CNtlPLOccluder_Quad::LoadSwapFile (830):  file open failed. (1632_sec.ocq)
[21:44:55 PM]	CNtlPLHeatHazeObject::LoadSwapFile (724):  file open failed. (1632_sec.hho)
[21:44:55 PM]	CNtlWorldShadow::LoadSwapFile (141):  file open failed. (1633_sec.sdw)
[21:44:55 PM]	CNtlPLObject::LoadSwapFile (3331):  file open failed. (1633_sec.objt)
[21:44:55 PM]	CNtlInstanceEffect::LoadSwapFile (801):  file open failed. (1633_sec.eff)
[21:44:55 PM]	CNtlPLOccluder_Quad::LoadSwapFile (830):  file open failed. (1633_sec.ocq)
[21:44:55 PM]	CNtlPLHeatHazeObject::LoadSwapFile (724):  file open failed. (1633_sec.hho)
[21:44:55 PM]	CNtlWorldShadow::LoadSwapFile (141):  file open failed. (1570_sec.sdw)
[21:44:55 PM]	CNtlPLObject::LoadSwapFile (3331):  file open failed. (1570_sec.objt)
[21:44:55 PM]	CNtlInstanceEffect::LoadSwapFile (801):  file open failed. (1570_sec.eff)
[21:44:55 PM]	CNtlPLOccluder_Quad::LoadSwapFile (830):  file open failed. (1570_sec.ocq)
[21:44:55 PM]	CNtlPLHeatHazeObject::LoadSwapFile (724):  file open failed. (1570_sec.hho)
[21:44:55 PM]	CNtlWorldShadow::LoadSwapFile (141):  file open failed. (1571_sec.sdw)
[21:44:55 PM]	CNtlPLObject::LoadSwapFile (3331):  file open failed. (1571_sec.objt)
[21:44:55 PM]	CNtlInstanceEffect::LoadSwapFile (801):  file open failed. (1571_sec.eff)
[21:44:55 PM]	CNtlPLOccluder_Quad::LoadSwapFile (830):  file open failed. (1571_sec.ocq)
[21:44:55 PM]	CNtlPLHeatHazeObject::LoadSwapFile (724):  file open failed. (1571_sec.hho)
[21:44:55 PM]	CNtlWorldShadow::LoadSwapFile (141):  file open failed. (1634_sec.sdw)
[21:44:55 PM]	CNtlPLObject::LoadSwapFile (3331):  file open failed. (1634_sec.objt)
[21:44:55 PM]	CNtlInstanceEffect::LoadSwapFile (801):  file open failed. (1634_sec.eff)
[21:44:55 PM]	CNtlPLOccluder_Quad::LoadSwapFile (830):  file open failed. (1634_sec.ocq)
[21:44:55 PM]	CNtlPLHeatHazeObject::LoadSwapFile (724):  file open failed. (1634_sec.hho)
[21:44:55 PM]	CNtlWorldShadow::LoadSwapFile (141):  file open failed. (1635_sec.sdw)
[21:44:55 PM]	CNtlPLObject::LoadSwapFile (3331):  file open failed. (1635_sec.objt)
[21:44:55 PM]	CNtlInstanceEffect::LoadSwapFile (801):  file open failed. (1635_sec.eff)
[21:44:55 PM]	CNtlPLOccluder_Quad::LoadSwapFile (830):  file open failed. (1635_sec.ocq)
[21:44:55 PM]	CNtlPLHeatHazeObject::LoadSwapFile (724):  file open failed. (1635_sec.hho)
[21:44:55 PM]	CNtlWorldShadow::LoadSwapFile (141):  file open failed. (1572_sec.sdw)
[21:44:55 PM]	CNtlPLObject::LoadSwapFile (3331):  file open failed. (1572_sec.objt)
[21:44:55 PM]	CNtlInstanceEffect::LoadSwapFile (801):  file open failed. (1572_sec.eff)
[21:44:55 PM]	CNtlPLOccluder_Quad::LoadSwapFile (830):  file open failed. (1572_sec.ocq)
[21:44:55 PM]	CNtlPLHeatHazeObject::LoadSwapFile (724):  file open failed. (1572_sec.hho)
[21:44:55 PM]	CNtlWorldShadow::LoadSwapFile (141):  file open failed. (1573_sec.sdw)
[21:44:55 PM]	CNtlPLObject::LoadSwapFile (3331):  file open failed. (1573_sec.objt)
[21:44:55 PM]	CNtlInstanceEffect::LoadSwapFile (801):  file open failed. (1573_sec.eff)
[21:44:55 PM]	CNtlPLOccluder_Quad::LoadSwapFile (830):  file open failed. (1573_sec.ocq)
[21:44:55 PM]	CNtlPLHeatHazeObject::LoadSwapFile (724):  file open failed. (1573_sec.hho)
[21:44:55 PM]	CNtlWorldShadow::LoadSwapFile (141):  file open failed. (1636_sec.sdw)
[21:44:55 PM]	CNtlPLObject::LoadSwapFile (3331):  file open failed. (1636_sec.objt)
[21:44:55 PM]	CNtlInstanceEffect::LoadSwapFile (801):  file open failed. (1636_sec.eff)
[21:44:55 PM]	CNtlPLOccluder_Quad::LoadSwapFile (830):  file open failed. (1636_sec.ocq)
[21:44:55 PM]	CNtlPLHeatHazeObject::LoadSwapFile (724):  file open failed. (1636_sec.hho)
[21:44:55 PM]	CNtlWorldShadow::LoadSwapFile (141):  file open failed. (1637_sec.sdw)
[21:44:55 PM]	CNtlPLObject::LoadSwapFile (3331):  file open failed. (1637_sec.objt)
[21:44:55 PM]	CNtlInstanceEffect::LoadSwapFile (801):  file open failed. (1637_sec.eff)
[21:44:55 PM]	CNtlPLOccluder_Quad::LoadSwapFile (830):  file open failed. (1637_sec.ocq)
[21:44:55 PM]	CNtlPLHeatHazeObject::LoadSwapFile (724):  file open failed. (1637_sec.hho)
[21:44:56 PM]	CNtlWorldShadow::LoadSwapFile (141):  file open failed. (1690_sec.sdw)
[21:44:56 PM]	CNtlPLObject::LoadSwapFile (3331):  file open failed. (1690_sec.objt)
[21:44:56 PM]	CNtlInstanceEffect::LoadSwapFile (801):  file open failed. (1690_sec.eff)
[21:44:56 PM]	CNtlPLOccluder_Quad::LoadSwapFile (830):  file open failed. (1690_sec.ocq)
[21:44:56 PM]	CNtlPLHeatHazeObject::LoadSwapFile (724):  file open failed. (1690_sec.hho)
[21:44:56 PM]	CNtlWorldShadow::LoadSwapFile (141):  file open failed. (1691_sec.sdw)
[21:44:56 PM]	CNtlPLObject::LoadSwapFile (3331):  file open failed. (1691_sec.objt)
[21:44:56 PM]	CNtlInstanceEffect::LoadSwapFile (801):  file open failed. (1691_sec.eff)
[21:44:56 PM]	CNtlPLOccluder_Quad::LoadSwapFile (830):  file open failed. (1691_sec.ocq)
[21:44:56 PM]	CNtlPLHeatHazeObject::LoadSwapFile (724):  file open failed. (1691_sec.hho)
[21:44:56 PM]	CNtlWorldShadow::LoadSwapFile (141):  file open failed. (1754_sec.sdw)
[21:44:56 PM]	CNtlPLObject::LoadSwapFile (3331):  file open failed. (1754_sec.objt)
[21:44:56 PM]	CNtlInstanceEffect::LoadSwapFile (801):  file open failed. (1754_sec.eff)
[21:44:56 PM]	CNtlPLOccluder_Quad::LoadSwapFile (830):  file open failed. (1754_sec.ocq)
[21:44:56 PM]	CNtlPLHeatHazeObject::LoadSwapFile (724):  file open failed. (1754_sec.hho)
[21:44:56 PM]	CNtlWorldShadow::LoadSwapFile (141):  file open failed. (1755_sec.sdw)
[21:44:56 PM]	CNtlPLObject::LoadSwapFile (3331):  file open failed. (1755_sec.objt)
[21:44:56 PM]	CNtlInstanceEffect::LoadSwapFile (801):  file open failed. (1755_sec.eff)
[21:44:56 PM]	CNtlPLOccluder_Quad::LoadSwapFile (830):  file open failed. (1755_sec.ocq)
[21:44:56 PM]	CNtlPLHeatHazeObject::LoadSwapFile (724):  file open failed. (1755_sec.hho)
[21:44:56 PM]	CNtlWorldShadow::LoadSwapFile (141):  file open failed. (1692_sec.sdw)
[21:44:56 PM]	CNtlPLObject::LoadSwapFile (3331):  file open failed. (1692_sec.objt)
[21:44:56 PM]	CNtlInstanceEffect::LoadSwapFile (801):  file open failed. (1692_sec.eff)
[21:44:56 PM]	CNtlPLOccluder_Quad::LoadSwapFile (830):  file open failed. (1692_sec.ocq)
[21:44:56 PM]	CNtlPLHeatHazeObject::LoadSwapFile (724):  file open failed. (1692_sec.hho)
[21:44:56 PM]	CNtlWorldShadow::LoadSwapFile (141):  file open failed. (1693_sec.sdw)
[21:44:56 PM]	CNtlPLObject::LoadSwapFile (3331):  file open failed. (1693_sec.objt)
[21:44:56 PM]	CNtlInstanceEffect::LoadSwapFile (801):  file open failed. (1693_sec.eff)
[21:44:56 PM]	CNtlPLOccluder_Quad::LoadSwapFile (830):  file open failed. (1693_sec.ocq)
[21:44:56 PM]	CNtlPLHeatHazeObject::LoadSwapFile (724):  file open failed. (1693_sec.hho)
[21:44:56 PM]	CNtlWorldShadow::LoadSwapFile (141):  file open failed. (1756_sec.sdw)
[21:44:56 PM]	CNtlPLObject::LoadSwapFile (3331):  file open failed. (1756_sec.objt)
[21:44:56 PM]	CNtlInstanceEffect::LoadSwapFile (801):  file open failed. (1756_sec.eff)
[21:44:56 PM]	CNtlPLOccluder_Quad::LoadSwapFile (830):  file open failed. (1756_sec.ocq)
[21:44:56 PM]	CNtlPLHeatHazeObject::LoadSwapFile (724):  file open failed. (1756_sec.hho)
[21:44:56 PM]	CNtlWorldShadow::LoadSwapFile (141):  file open failed. (1757_sec.sdw)
[21:44:56 PM]	CNtlPLObject::LoadSwapFile (3331):  file open failed. (1757_sec.objt)
[21:44:56 PM]	CNtlInstanceEffect::LoadSwapFile (801):  file open failed. (1757_sec.eff)
[21:44:56 PM]	CNtlPLOccluder_Quad::LoadSwapFile (830):  file open failed. (1757_sec.ocq)
[21:44:56 PM]	CNtlPLHeatHazeObject::LoadSwapFile (724):  file open failed. (1757_sec.hho)
[21:44:56 PM]	CNtlWorldShadow::LoadSwapFile (141):  file open failed. (1694_sec.sdw)
[21:44:56 PM]	CNtlPLObject::LoadSwapFile (3331):  file open failed. (1694_sec.objt)
[21:44:56 PM]	CNtlInstanceEffect::LoadSwapFile (801):  file open failed. (1694_sec.eff)
[21:44:56 PM]	CNtlPLOccluder_Quad::LoadSwapFile (830):  file open failed. (1694_sec.ocq)
[21:44:56 PM]	CNtlPLHeatHazeObject::LoadSwapFile (724):  file open failed. (1694_sec.hho)
[21:44:56 PM]	CNtlWorldShadow::LoadSwapFile (141):  file open failed. (1695_sec.sdw)
[21:44:56 PM]	CNtlPLObject::LoadSwapFile (3331):  file open failed. (1695_sec.objt)
[21:44:56 PM]	CNtlInstanceEffect::LoadSwapFile (801):  file open failed. (1695_sec.eff)
[21:44:56 PM]	CNtlPLOccluder_Quad::LoadSwapFile (830):  file open failed. (1695_sec.ocq)
[21:44:57 PM]	CNtlPLHeatHazeObject::LoadSwapFile (724):  file open failed. (1695_sec.hho)
[21:44:57 PM]	CNtlWorldShadow::LoadSwapFile (141):  file open failed. (1758_sec.sdw)
[21:44:57 PM]	CNtlPLObject::LoadSwapFile (3331):  file open failed. (1758_sec.objt)
[21:44:57 PM]	CNtlInstanceEffect::LoadSwapFile (801):  file open failed. (1758_sec.eff)
[21:44:57 PM]	CNtlPLOccluder_Quad::LoadSwapFile (830):  file open failed. (1758_sec.ocq)
[21:44:57 PM]	CNtlPLHeatHazeObject::LoadSwapFile (724):  file open failed. (1758_sec.hho)
[21:44:57 PM]	CNtlWorldShadow::LoadSwapFile (141):  file open failed. (1759_sec.sdw)
[21:44:57 PM]	CNtlPLObject::LoadSwapFile (3331):  file open failed. (1759_sec.objt)
[21:44:57 PM]	CNtlInstanceEffect::LoadSwapFile (801):  file open failed. (1759_sec.eff)
[21:44:57 PM]	CNtlPLOccluder_Quad::LoadSwapFile (830):  file open failed. (1759_sec.ocq)
[21:44:57 PM]	CNtlPLHeatHazeObject::LoadSwapFile (724):  file open failed. (1759_sec.hho)
[21:44:57 PM]	CNtlWorldShadow::LoadSwapFile (141):  file open failed. (1696_sec.sdw)
[21:44:58 PM]	CNtlPLObject::LoadSwapFile (3331):  file open failed. (1696_sec.objt)
[21:44:58 PM]	CNtlInstanceEffect::LoadSwapFile (801):  file open failed. (1696_sec.eff)
[21:44:58 PM]	CNtlWorldSectorInfo::DecalLoadFromFile (4280):  Decal textures should've got prefix; w_, c_
