[11:08:21 AM]	=============== Start Trace ===============

[11:08:21 AM]	 === < SABER > Trace Start === 
[11:09:23 AM]	CNtlPLPropertyContainer::AddProp (258):  prop defined.(A_HMY_F_AD)
[11:10:02 AM]	CNtlPLVisualManager::GetHeightFieldWorldHeight (1170):  GetWorldHeight : Failed : IN(0,0,0), OUT_HEIGHT(-999)
[11:10:05 AM]	CNtlWorldShadow::LoadSwapFile (141):  file open failed. (1818_sec.sdw)
[11:10:05 AM]	CNtlPLObject::LoadSwapFile (3331):  file open failed. (1818_sec.objt)
[11:10:05 AM]	CNtlInstanceEffect::LoadSwapFile (801):  file open failed. (1818_sec.eff)
[11:10:05 AM]	CNtlPLOccluder_Quad::LoadSwapFile (830):  file open failed. (1818_sec.ocq)
[11:10:05 AM]	CNtlPLHeatHazeObject::LoadSwapFile (724):  file open failed. (1818_sec.hho)
[11:10:05 AM]	CNtlWorldShadow::LoadSwapFile (141):  file open failed. (1819_sec.sdw)
[11:10:05 AM]	CNtlPLObject::LoadSwapFile (3331):  file open failed. (1819_sec.objt)
[11:10:05 AM]	CNtlInstanceEffect::LoadSwapFile (801):  file open failed. (1819_sec.eff)
[11:10:05 AM]	CNtlPLOccluder_Quad::LoadSwapFile (830):  file open failed. (1819_sec.ocq)
[11:10:05 AM]	CNtlPLHeatHazeObject::LoadSwapFile (724):  file open failed. (1819_sec.hho)
[11:10:05 AM]	CNtlWorldShadow::LoadSwapFile (141):  file open failed. (1882_sec.sdw)
[11:10:05 AM]	CNtlPLObject::LoadSwapFile (3331):  file open failed. (1882_sec.objt)
[11:10:05 AM]	CNtlInstanceEffect::LoadSwapFile (801):  file open failed. (1882_sec.eff)
[11:10:05 AM]	CNtlPLOccluder_Quad::LoadSwapFile (830):  file open failed. (1882_sec.ocq)
[11:10:05 AM]	CNtlPLHeatHazeObject::LoadSwapFile (724):  file open failed. (1882_sec.hho)
[11:10:05 AM]	CNtlWorldShadow::LoadSwapFile (141):  file open failed. (1883_sec.sdw)
[11:10:05 AM]	CNtlPLObject::LoadSwapFile (3331):  file open failed. (1883_sec.objt)
[11:10:05 AM]	CNtlInstanceEffect::LoadSwapFile (801):  file open failed. (1883_sec.eff)
[11:10:05 AM]	CNtlPLOccluder_Quad::LoadSwapFile (830):  file open failed. (1883_sec.ocq)
[11:10:05 AM]	CNtlPLHeatHazeObject::LoadSwapFile (724):  file open failed. (1883_sec.hho)
[11:10:05 AM]	CNtlWorldShadow::LoadSwapFile (141):  file open failed. (1820_sec.sdw)
[11:10:05 AM]	CNtlPLObject::LoadSwapFile (3331):  file open failed. (1820_sec.objt)
[11:10:05 AM]	CNtlInstanceEffect::LoadSwapFile (801):  file open failed. (1820_sec.eff)
[11:10:05 AM]	CNtlPLOccluder_Quad::LoadSwapFile (830):  file open failed. (1820_sec.ocq)
[11:10:05 AM]	CNtlPLHeatHazeObject::LoadSwapFile (724):  file open failed. (1820_sec.hho)
[11:10:05 AM]	CNtlWorldShadow::LoadSwapFile (141):  file open failed. (1821_sec.sdw)
[11:10:05 AM]	CNtlPLObject::LoadSwapFile (3331):  file open failed. (1821_sec.objt)
[11:10:05 AM]	CNtlInstanceEffect::LoadSwapFile (801):  file open failed. (1821_sec.eff)
[11:10:05 AM]	CNtlPLOccluder_Quad::LoadSwapFile (830):  file open failed. (1821_sec.ocq)
[11:10:05 AM]	CNtlPLHeatHazeObject::LoadSwapFile (724):  file open failed. (1821_sec.hho)
[11:10:05 AM]	CNtlWorldShadow::LoadSwapFile (141):  file open failed. (1884_sec.sdw)
[11:10:05 AM]	CNtlPLObject::LoadSwapFile (3331):  file open failed. (1884_sec.objt)
[11:10:05 AM]	CNtlInstanceEffect::LoadSwapFile (801):  file open failed. (1884_sec.eff)
[11:10:05 AM]	CNtlPLOccluder_Quad::LoadSwapFile (830):  file open failed. (1884_sec.ocq)
[11:10:05 AM]	CNtlPLHeatHazeObject::LoadSwapFile (724):  file open failed. (1884_sec.hho)
[11:10:05 AM]	CNtlWorldShadow::LoadSwapFile (141):  file open failed. (1885_sec.sdw)
[11:10:06 AM]	CNtlPLObject::LoadSwapFile (3331):  file open failed. (1885_sec.objt)
[11:10:06 AM]	CNtlInstanceEffect::LoadSwapFile (801):  file open failed. (1885_sec.eff)
[11:10:06 AM]	CNtlPLOccluder_Quad::LoadSwapFile (830):  file open failed. (1885_sec.ocq)
[11:10:06 AM]	CNtlPLHeatHazeObject::LoadSwapFile (724):  file open failed. (1885_sec.hho)
[11:10:06 AM]	CNtlWorldShadow::LoadSwapFile (141):  file open failed. (1822_sec.sdw)
[11:10:06 AM]	CNtlPLObject::LoadSwapFile (3331):  file open failed. (1822_sec.objt)
[11:10:06 AM]	CNtlInstanceEffect::LoadSwapFile (801):  file open failed. (1822_sec.eff)
[11:10:06 AM]	CNtlPLOccluder_Quad::LoadSwapFile (830):  file open failed. (1822_sec.ocq)
[11:10:06 AM]	CNtlPLHeatHazeObject::LoadSwapFile (724):  file open failed. (1822_sec.hho)
[11:10:06 AM]	CNtlWorldShadow::LoadSwapFile (141):  file open failed. (1823_sec.sdw)
[11:10:06 AM]	CNtlPLObject::LoadSwapFile (3331):  file open failed. (1823_sec.objt)
[11:10:06 AM]	CNtlInstanceEffect::LoadSwapFile (801):  file open failed. (1823_sec.eff)
[11:10:06 AM]	CNtlPLOccluder_Quad::LoadSwapFile (830):  file open failed. (1823_sec.ocq)
[11:10:06 AM]	CNtlPLHeatHazeObject::LoadSwapFile (724):  file open failed. (1823_sec.hho)
[11:10:06 AM]	CNtlWorldShadow::LoadSwapFile (141):  file open failed. (1886_sec.sdw)
[11:10:06 AM]	CNtlPLObject::LoadSwapFile (3331):  file open failed. (1886_sec.objt)
[11:10:06 AM]	CNtlInstanceEffect::LoadSwapFile (801):  file open failed. (1886_sec.eff)
[11:10:06 AM]	CNtlPLOccluder_Quad::LoadSwapFile (830):  file open failed. (1886_sec.ocq)
[11:10:06 AM]	CNtlPLHeatHazeObject::LoadSwapFile (724):  file open failed. (1886_sec.hho)
[11:10:06 AM]	CNtlWorldShadow::LoadSwapFile (141):  file open failed. (1887_sec.sdw)
[11:10:06 AM]	CNtlPLObject::LoadSwapFile (3331):  file open failed. (1887_sec.objt)
[11:10:06 AM]	CNtlInstanceEffect::LoadSwapFile (801):  file open failed. (1887_sec.eff)
[11:10:06 AM]	CNtlPLOccluder_Quad::LoadSwapFile (830):  file open failed. (1887_sec.ocq)
[11:10:06 AM]	CNtlPLHeatHazeObject::LoadSwapFile (724):  file open failed. (1887_sec.hho)
[11:10:06 AM]	CNtlWorldShadow::LoadSwapFile (141):  file open failed. (1824_sec.sdw)
[11:10:06 AM]	CNtlPLObject::LoadSwapFile (3331):  file open failed. (1824_sec.objt)
[11:10:06 AM]	CNtlInstanceEffect::LoadSwapFile (801):  file open failed. (1824_sec.eff)
[11:10:06 AM]	CNtlPLOccluder_Quad::LoadSwapFile (830):  file open failed. (1824_sec.ocq)
[11:10:06 AM]	CNtlPLHeatHazeObject::LoadSwapFile (724):  file open failed. (1824_sec.hho)
[11:10:06 AM]	CNtlWorldShadow::LoadSwapFile (141):  file open failed. (1825_sec.sdw)
[11:10:07 AM]	CNtlPLVisualManager::CreateEntity (688):  CNtlPLVisualManager::CreateEntity the property(.xml) find not(12_N_TREE_006)
