[15:56:47 PM]	 === < SABER > Log Start === 
[16:03:18 PM]	Mod Loaded: c:\users\devin\desktop\development\dboclienttools\texture\ntlwe\ntl.dds
[16:03:22 PM]	Mod Loaded: c:\users\devin\desktop\development\dboclienttools\texture\ntlwe\tex_kinokon_grass_001.dds
[16:03:22 PM]	Mod Loaded: c:\users\devin\desktop\development\dboclienttools\texture\ntlwe\tex_kinokon_stone_002.dds
[16:03:22 PM]	Mod Loaded: c:\users\devin\desktop\development\dboclienttools\texture\ntlwe\tex_pornga_stone_003.dds
[16:03:22 PM]	Mod Loaded: c:\users\devin\desktop\development\dboclienttools\texture\ntlwe\tex_yahhoie_road_001.dds
[16:03:22 PM]	Mod Loaded: c:\users\devin\desktop\development\dboclienttools\texture\ntlwe\tex_kinokon_road_001.dds
[16:03:24 PM]	Mod Loaded: c:\users\devin\desktop\development\dboclienttools\texture\ntlwe\tex_west_rock_001.dds
[16:03:24 PM]	Mod Loaded: c:\users\devin\desktop\development\dboclienttools\texture\ntlwe\tex_west_grass_002.dds
[16:03:24 PM]	Mod Loaded: c:\users\devin\desktop\development\dboclienttools\texture\ntlwe\tex_yahhoiw_snow_001.dds
[16:03:24 PM]	Mod Loaded: c:\users\devin\desktop\development\dboclienttools\texture\ntlwe\tex_west_rock_002.dds
[16:03:24 PM]	Mod Loaded: c:\users\devin\desktop\development\dboclienttools\texture\ntlwe\tex_west_road_001.dds
[16:03:28 PM]	Mod Loaded: c:\users\devin\desktop\development\dboclienttools\texture\ntlwe\tex_west_gravel_001.dds
[16:03:28 PM]	Mod Loaded: c:\users\devin\desktop\development\dboclienttools\texture\ntlwe\tex_west_stone_001.dds
[16:03:29 PM]	Mod Loaded: c:\users\devin\desktop\development\dboclienttools\texture\ntlwe\tex_west_road_002.dds
[16:04:38 PM]	Mod Loaded: c:\users\devin\desktop\development\dboclienttools\texture\ntlwe\tex_karin_grass_001.dds
[16:04:38 PM]	Mod Loaded: c:\users\devin\desktop\development\dboclienttools\texture\ntlwe\tex_karin_stone_001.dds
[16:04:38 PM]	Mod Loaded: c:\users\devin\desktop\development\dboclienttools\texture\ntlwe\tex_yahhoie_road_001.dds
[16:04:41 PM]	Mod Loaded: c:\users\devin\desktop\development\dboclienttools\texture\ntlwe\tex_yahhoie_gravel_001.dds
[16:04:42 PM]	Mod Loaded: c:\users\devin\desktop\development\dboclienttools\texture\ntlwe\tex_karin_stone_002.dds
[16:05:40 PM]	Mod Loaded: c:\users\devin\desktop\development\dboclienttools\texture\ntlwe\tex_pornga_grass_001.dds
[16:05:40 PM]	Mod Loaded: c:\users\devin\desktop\development\dboclienttools\texture\ntlwe\tex_pornga_stone_001.dds
[16:05:41 PM]	Mod Loaded: c:\users\devin\desktop\development\dboclienttools\texture\ntlwe\tex_pornga_road_001.dds
[16:05:41 PM]	Mod Loaded: c:\users\devin\desktop\development\dboclienttools\texture\ntlwe\tex_frann_sand_001.dds
[16:05:41 PM]	Mod Loaded: c:\users\devin\desktop\development\dboclienttools\texture\ntlwe\tex_frann_stone_001.dds
[16:06:14 PM]	Mod Loaded: c:\users\devin\desktop\development\dboclienttools\texture\ntlwe\tex_frann_road_001.dds
[21:37:21 PM]	 === < SABER > Log End === 
