[22:42:21 PM]	=============== Start Trace ===============

[22:42:21 PM]	 === < SABER > Trace Start === 
[23:04:24 PM]	CNtlPLPropertyContainer::AddProp (258):  prop defined.(A_HMY_F_AD)
[23:05:06 PM]	CNtlPLVisualManager::GetHeightFieldWorldHeight (1170):  GetWorldHeight : Failed : IN(0,0,0), OUT_HEIGHT(-999)
[23:05:12 PM]	CNtlPLVisualManager::CreateEntity (688):  CNtlPLVisualManager::CreateEntity the property(.xml) find not(obj_06_kiri_impregnator)
[23:08:09 PM]	CNtlWorldShadow::LoadSwapFile (141):  file open failed. (7484_sec.sdw)
[23:08:09 PM]	CNtlPLObject::LoadSwapFile (3322):  file open failed. (7484_sec.objt)
[23:08:09 PM]	CNtlInstanceEffect::LoadSwapFile (801):  file open failed. (7484_sec.eff)
[23:08:09 PM]	CNtlPLOccluder_Quad::LoadSwapFile (830):  file open failed. (7484_sec.ocq)
[23:08:10 PM]	CNtlPLHeatHazeObject::LoadSwapFile (724):  file open failed. (7484_sec.hho)
[23:08:10 PM]	CNtlWorldShadow::LoadSwapFile (141):  file open failed. (7485_sec.sdw)
[23:08:10 PM]	CNtlPLObject::LoadSwapFile (3322):  file open failed. (7485_sec.objt)
[23:08:10 PM]	CNtlInstanceEffect::LoadSwapFile (801):  file open failed. (7485_sec.eff)
[23:08:10 PM]	CNtlPLOccluder_Quad::LoadSwapFile (830):  file open failed. (7485_sec.ocq)
[23:08:10 PM]	CNtlPLHeatHazeObject::LoadSwapFile (724):  file open failed. (7485_sec.hho)
[23:08:10 PM]	CNtlWorldShadow::LoadSwapFile (141):  file open failed. (7612_sec.sdw)
[23:08:10 PM]	CNtlPLObject::LoadSwapFile (3322):  file open failed. (7612_sec.objt)
[23:08:10 PM]	CNtlInstanceEffect::LoadSwapFile (801):  file open failed. (7612_sec.eff)
[23:08:10 PM]	CNtlPLOccluder_Quad::LoadSwapFile (830):  file open failed. (7612_sec.ocq)
[23:08:10 PM]	CNtlPLHeatHazeObject::LoadSwapFile (724):  file open failed. (7612_sec.hho)
[23:08:10 PM]	CNtlWorldShadow::LoadSwapFile (141):  file open failed. (7613_sec.sdw)
[23:08:10 PM]	CNtlPLObject::LoadSwapFile (3322):  file open failed. (7613_sec.objt)
[23:08:10 PM]	CNtlInstanceEffect::LoadSwapFile (801):  file open failed. (7613_sec.eff)
[23:08:10 PM]	CNtlPLOccluder_Quad::LoadSwapFile (830):  file open failed. (7613_sec.ocq)
[23:08:10 PM]	CNtlPLHeatHazeObject::LoadSwapFile (724):  file open failed. (7613_sec.hho)
[23:08:11 PM]	CNtlWorldShadow::LoadSwapFile (141):  file open failed. (7486_sec.sdw)
[23:08:11 PM]	CNtlPLObject::LoadSwapFile (3322):  file open failed. (7486_sec.objt)
[23:08:11 PM]	CNtlInstanceEffect::LoadSwapFile (801):  file open failed. (7486_sec.eff)
[23:08:11 PM]	CNtlPLOccluder_Quad::LoadSwapFile (830):  file open failed. (7486_sec.ocq)
[23:08:11 PM]	CNtlPLHeatHazeObject::LoadSwapFile (724):  file open failed. (7486_sec.hho)
[23:08:11 PM]	CNtlWorldShadow::LoadSwapFile (141):  file open failed. (7487_sec.sdw)
[23:08:11 PM]	CNtlPLObject::LoadSwapFile (3322):  file open failed. (7487_sec.objt)
[23:08:11 PM]	CNtlInstanceEffect::LoadSwapFile (801):  file open failed. (7487_sec.eff)
[23:08:11 PM]	CNtlPLOccluder_Quad::LoadSwapFile (830):  file open failed. (7487_sec.ocq)
[23:08:11 PM]	CNtlPLHeatHazeObject::LoadSwapFile (724):  file open failed. (7487_sec.hho)
[23:08:11 PM]	CNtlWorldShadow::LoadSwapFile (141):  file open failed. (7614_sec.sdw)
[23:08:11 PM]	CNtlPLObject::LoadSwapFile (3322):  file open failed. (7614_sec.objt)
[23:08:11 PM]	CNtlInstanceEffect::LoadSwapFile (801):  file open failed. (7614_sec.eff)
[23:08:11 PM]	CNtlPLOccluder_Quad::LoadSwapFile (830):  file open failed. (7614_sec.ocq)
[23:08:11 PM]	CNtlPLHeatHazeObject::LoadSwapFile (724):  file open failed. (7614_sec.hho)
[23:08:11 PM]	CNtlWorldShadow::LoadSwapFile (141):  file open failed. (7615_sec.sdw)
[23:08:11 PM]	CNtlPLObject::LoadSwapFile (3322):  file open failed. (7615_sec.objt)
[23:08:11 PM]	CNtlInstanceEffect::LoadSwapFile (801):  file open failed. (7615_sec.eff)
[23:08:11 PM]	CNtlPLOccluder_Quad::LoadSwapFile (830):  file open failed. (7615_sec.ocq)
[23:08:11 PM]	CNtlPLHeatHazeObject::LoadSwapFile (724):  file open failed. (7615_sec.hho)
[23:08:11 PM]	CNtlWorldShadow::LoadSwapFile (141):  file open failed. (7488_sec.sdw)
[23:08:11 PM]	CNtlPLObject::LoadSwapFile (3322):  file open failed. (7488_sec.objt)
[23:08:11 PM]	CNtlInstanceEffect::LoadSwapFile (801):  file open failed. (7488_sec.eff)
[23:08:11 PM]	CNtlPLOccluder_Quad::LoadSwapFile (830):  file open failed. (7488_sec.ocq)
[23:08:11 PM]	CNtlPLHeatHazeObject::LoadSwapFile (724):  file open failed. (7488_sec.hho)
[23:08:11 PM]	CNtlWorldShadow::LoadSwapFile (141):  file open failed. (7489_sec.sdw)
[23:08:11 PM]	CNtlPLObject::LoadSwapFile (3322):  file open failed. (7489_sec.objt)
[23:08:11 PM]	CNtlInstanceEffect::LoadSwapFile (801):  file open failed. (7489_sec.eff)
[23:08:11 PM]	CNtlPLOccluder_Quad::LoadSwapFile (830):  file open failed. (7489_sec.ocq)
[23:08:11 PM]	CNtlPLHeatHazeObject::LoadSwapFile (724):  file open failed. (7489_sec.hho)
[23:08:11 PM]	CNtlWorldShadow::LoadSwapFile (141):  file open failed. (7616_sec.sdw)
[23:08:11 PM]	CNtlPLObject::LoadSwapFile (3322):  file open failed. (7616_sec.objt)
[23:08:11 PM]	CNtlInstanceEffect::LoadSwapFile (801):  file open failed. (7616_sec.eff)
[23:08:11 PM]	CNtlPLOccluder_Quad::LoadSwapFile (830):  file open failed. (7616_sec.ocq)
[23:08:11 PM]	CNtlPLHeatHazeObject::LoadSwapFile (724):  file open failed. (7616_sec.hho)
[23:08:11 PM]	CNtlWorldShadow::LoadSwapFile (141):  file open failed. (7617_sec.sdw)
[23:08:11 PM]	CNtlPLObject::LoadSwapFile (3322):  file open failed. (7617_sec.objt)
[23:08:11 PM]	CNtlInstanceEffect::LoadSwapFile (801):  file open failed. (7617_sec.eff)
[23:08:11 PM]	CNtlPLOccluder_Quad::LoadSwapFile (830):  file open failed. (7617_sec.ocq)
[23:08:11 PM]	CNtlPLHeatHazeObject::LoadSwapFile (724):  file open failed. (7617_sec.hho)
[23:08:11 PM]	CNtlWorldShadow::LoadSwapFile (141):  file open failed. (7490_sec.sdw)
[23:08:11 PM]	CNtlPLObject::LoadSwapFile (3322):  file open failed. (7490_sec.objt)
[23:08:11 PM]	CNtlInstanceEffect::LoadSwapFile (801):  file open failed. (7490_sec.eff)
[23:08:11 PM]	CNtlPLOccluder_Quad::LoadSwapFile (830):  file open failed. (7490_sec.ocq)
[23:08:11 PM]	CNtlPLHeatHazeObject::LoadSwapFile (724):  file open failed. (7490_sec.hho)
[23:08:11 PM]	CNtlWorldShadow::LoadSwapFile (141):  file open failed. (7491_sec.sdw)
[23:08:11 PM]	CNtlPLObject::LoadSwapFile (3322):  file open failed. (7491_sec.objt)
[23:08:11 PM]	CNtlInstanceEffect::LoadSwapFile (801):  file open failed. (7491_sec.eff)
[23:08:11 PM]	CNtlPLOccluder_Quad::LoadSwapFile (830):  file open failed. (7491_sec.ocq)
[23:08:11 PM]	CNtlPLHeatHazeObject::LoadSwapFile (724):  file open failed. (7491_sec.hho)
[23:08:11 PM]	CNtlWorldShadow::LoadSwapFile (141):  file open failed. (7618_sec.sdw)
[23:08:12 PM]	CNtlPLObject::LoadSwapFile (3322):  file open failed. (7618_sec.objt)
[23:08:12 PM]	CNtlInstanceEffect::LoadSwapFile (801):  file open failed. (7618_sec.eff)
[23:08:12 PM]	CNtlPLOccluder_Quad::LoadSwapFile (830):  file open failed. (7618_sec.ocq)
[23:08:12 PM]	CNtlPLHeatHazeObject::LoadSwapFile (724):  file open failed. (7618_sec.hho)
[23:08:12 PM]	CNtlWorldShadow::LoadSwapFile (141):  file open failed. (7619_sec.sdw)
[23:08:12 PM]	CNtlPLObject::LoadSwapFile (3322):  file open failed. (7619_sec.objt)
[23:08:12 PM]	CNtlInstanceEffect::LoadSwapFile (801):  file open failed. (7619_sec.eff)
[23:08:12 PM]	CNtlPLOccluder_Quad::LoadSwapFile (830):  file open failed. (7619_sec.ocq)
[23:08:12 PM]	CNtlPLHeatHazeObject::LoadSwapFile (724):  file open failed. (7619_sec.hho)
[23:08:12 PM]	CNtlWorldShadow::LoadSwapFile (141):  file open failed. (7492_sec.sdw)
[23:08:12 PM]	CNtlPLObject::LoadSwapFile (3322):  file open failed. (7492_sec.objt)
[23:08:12 PM]	CNtlInstanceEffect::LoadSwapFile (801):  file open failed. (7492_sec.eff)
[23:08:12 PM]	CNtlPLOccluder_Quad::LoadSwapFile (830):  file open failed. (7492_sec.ocq)
[23:08:12 PM]	CNtlPLHeatHazeObject::LoadSwapFile (724):  file open failed. (7492_sec.hho)
[23:08:12 PM]	CNtlWorldShadow::LoadSwapFile (141):  file open failed. (7493_sec.sdw)
[23:08:12 PM]	CNtlPLObject::LoadSwapFile (3322):  file open failed. (7493_sec.objt)
[23:08:12 PM]	CNtlInstanceEffect::LoadSwapFile (801):  file open failed. (7493_sec.eff)
[23:08:12 PM]	CNtlPLOccluder_Quad::LoadSwapFile (830):  file open failed. (7493_sec.ocq)
[23:08:12 PM]	CNtlPLHeatHazeObject::LoadSwapFile (724):  file open failed. (7493_sec.hho)
[23:08:12 PM]	CNtlWorldShadow::LoadSwapFile (141):  file open failed. (7620_sec.sdw)
[23:08:12 PM]	CNtlPLObject::LoadSwapFile (3322):  file open failed. (7620_sec.objt)
[23:08:12 PM]	CNtlInstanceEffect::LoadSwapFile (801):  file open failed. (7620_sec.eff)
[23:08:12 PM]	CNtlPLOccluder_Quad::LoadSwapFile (830):  file open failed. (7620_sec.ocq)
[23:08:12 PM]	CNtlPLHeatHazeObject::LoadSwapFile (724):  file open failed. (7620_sec.hho)
[23:08:12 PM]	CNtlWorldShadow::LoadSwapFile (141):  file open failed. (7621_sec.sdw)
[23:08:12 PM]	CNtlPLObject::LoadSwapFile (3322):  file open failed. (7621_sec.objt)
[23:08:12 PM]	CNtlInstanceEffect::LoadSwapFile (801):  file open failed. (7621_sec.eff)
[23:08:12 PM]	CNtlPLOccluder_Quad::LoadSwapFile (830):  file open failed. (7621_sec.ocq)
[23:08:12 PM]	CNtlPLHeatHazeObject::LoadSwapFile (724):  file open failed. (7621_sec.hho)
[23:08:12 PM]	CNtlWorldShadow::LoadSwapFile (141):  file open failed. (7494_sec.sdw)
[23:08:12 PM]	CNtlPLObject::LoadSwapFile (3322):  file open failed. (7494_sec.objt)
[23:08:13 PM]	CNtlInstanceEffect::LoadSwapFile (801):  file open failed. (7494_sec.eff)
[23:08:13 PM]	CNtlPLOccluder_Quad::LoadSwapFile (830):  file open failed. (7494_sec.ocq)
[23:08:13 PM]	CNtlPLHeatHazeObject::LoadSwapFile (724):  file open failed. (7494_sec.hho)
[23:08:13 PM]	CNtlWorldShadow::LoadSwapFile (141):  file open failed. (7495_sec.sdw)
[23:08:13 PM]	CNtlPLObject::LoadSwapFile (3322):  file open failed. (7495_sec.objt)
[23:08:13 PM]	CNtlInstanceEffect::LoadSwapFile (801):  file open failed. (7495_sec.eff)
[23:08:13 PM]	CNtlPLOccluder_Quad::LoadSwapFile (830):  file open failed. (7495_sec.ocq)
[23:08:13 PM]	CNtlPLHeatHazeObject::LoadSwapFile (724):  file open failed. (7495_sec.hho)
[23:08:13 PM]	CNtlWorldShadow::LoadSwapFile (141):  file open failed. (7622_sec.sdw)
[23:08:13 PM]	CNtlPLObject::LoadSwapFile (3322):  file open failed. (7622_sec.objt)
[23:08:13 PM]	CNtlInstanceEffect::LoadSwapFile (801):  file open failed. (7622_sec.eff)
[23:08:13 PM]	CNtlPLOccluder_Quad::LoadSwapFile (830):  file open failed. (7622_sec.ocq)
[23:08:13 PM]	CNtlPLHeatHazeObject::LoadSwapFile (724):  file open failed. (7622_sec.hho)
[23:08:13 PM]	CNtlWorldShadow::LoadSwapFile (141):  file open failed. (7623_sec.sdw)
[23:08:13 PM]	CNtlPLObject::LoadSwapFile (3322):  file open failed. (7623_sec.objt)
[23:08:13 PM]	CNtlInstanceEffect::LoadSwapFile (801):  file open failed. (7623_sec.eff)
[23:08:13 PM]	CNtlPLOccluder_Quad::LoadSwapFile (830):  file open failed. (7623_sec.ocq)
[23:08:13 PM]	CNtlPLHeatHazeObject::LoadSwapFile (724):  file open failed. (7623_sec.hho)
[23:09:04 PM]	CNtlWorldShadow::LoadSwapFile (141):  file open failed. (2578_sec.sdw)
[23:09:04 PM]	CNtlPLObject::LoadSwapFile (3322):  file open failed. (2578_sec.objt)
[23:09:04 PM]	CNtlInstanceEffect::LoadSwapFile (801):  file open failed. (2578_sec.eff)
[23:09:04 PM]	CNtlPLOccluder_Quad::LoadSwapFile (830):  file open failed. (2578_sec.ocq)
[23:09:04 PM]	CNtlPLHeatHazeObject::LoadSwapFile (724):  file open failed. (2578_sec.hho)
[23:09:04 PM]	CNtlWorldShadow::LoadSwapFile (141):  file open failed. (2579_sec.sdw)
[23:09:04 PM]	CNtlPLObject::LoadSwapFile (3322):  file open failed. (2579_sec.objt)
[23:09:04 PM]	CNtlInstanceEffect::LoadSwapFile (801):  file open failed. (2579_sec.eff)
[23:09:04 PM]	CNtlPLOccluder_Quad::LoadSwapFile (830):  file open failed. (2579_sec.ocq)
[23:09:04 PM]	CNtlPLHeatHazeObject::LoadSwapFile (724):  file open failed. (2579_sec.hho)
[23:09:04 PM]	CNtlWorldShadow::LoadSwapFile (141):  file open failed. (2706_sec.sdw)
[23:09:04 PM]	CNtlPLObject::LoadSwapFile (3322):  file open failed. (2706_sec.objt)
[23:09:04 PM]	CNtlInstanceEffect::LoadSwapFile (801):  file open failed. (2706_sec.eff)
[23:09:04 PM]	CNtlPLOccluder_Quad::LoadSwapFile (830):  file open failed. (2706_sec.ocq)
[23:09:04 PM]	CNtlPLHeatHazeObject::LoadSwapFile (724):  file open failed. (2706_sec.hho)
[23:09:04 PM]	CNtlWorldShadow::LoadSwapFile (141):  file open failed. (2707_sec.sdw)
[23:09:04 PM]	CNtlPLObject::LoadSwapFile (3322):  file open failed. (2707_sec.objt)
[23:09:04 PM]	CNtlInstanceEffect::LoadSwapFile (801):  file open failed. (2707_sec.eff)
[23:09:04 PM]	CNtlPLOccluder_Quad::LoadSwapFile (830):  file open failed. (2707_sec.ocq)
[23:09:04 PM]	CNtlPLHeatHazeObject::LoadSwapFile (724):  file open failed. (2707_sec.hho)
[23:09:04 PM]	CNtlWorldShadow::LoadSwapFile (141):  file open failed. (2580_sec.sdw)
[23:09:04 PM]	CNtlPLObject::LoadSwapFile (3322):  file open failed. (2580_sec.objt)
[23:09:04 PM]	CNtlInstanceEffect::LoadSwapFile (801):  file open failed. (2580_sec.eff)
[23:09:04 PM]	CNtlPLOccluder_Quad::LoadSwapFile (830):  file open failed. (2580_sec.ocq)
[23:09:04 PM]	CNtlPLHeatHazeObject::LoadSwapFile (724):  file open failed. (2580_sec.hho)
[23:09:04 PM]	CNtlWorldShadow::LoadSwapFile (141):  file open failed. (2581_sec.sdw)
[23:09:05 PM]	CNtlPLObject::LoadSwapFile (3322):  file open failed. (2581_sec.objt)
[23:09:05 PM]	CNtlInstanceEffect::LoadSwapFile (801):  file open failed. (2581_sec.eff)
[23:09:05 PM]	CNtlPLOccluder_Quad::LoadSwapFile (830):  file open failed. (2581_sec.ocq)
[23:09:05 PM]	CNtlPLHeatHazeObject::LoadSwapFile (724):  file open failed. (2581_sec.hho)
[23:09:05 PM]	CNtlWorldShadow::LoadSwapFile (141):  file open failed. (2708_sec.sdw)
[23:09:06 PM]	CNtlPLObject::LoadSwapFile (3322):  file open failed. (2708_sec.objt)
[23:09:06 PM]	CNtlInstanceEffect::LoadSwapFile (801):  file open failed. (2708_sec.eff)
[23:09:06 PM]	CNtlPLOccluder_Quad::LoadSwapFile (830):  file open failed. (2708_sec.ocq)
[23:09:06 PM]	CNtlPLHeatHazeObject::LoadSwapFile (724):  file open failed. (2708_sec.hho)
[23:09:06 PM]	CNtlWorldShadow::LoadSwapFile (141):  file open failed. (2709_sec.sdw)
