[01:13:19 AM]	=============== Start Trace ===============

[01:13:20 AM]	 === < SABER > Trace Start === 
[01:15:07 AM]	CNtlPLPropertyContainer::AddProp (258):  prop defined.(A_HMY_F_AD)
[01:15:29 AM]	CNtlPLVisualManager::GetHeightFieldWorldHeight (1170):  GetWorldHeight : Failed : IN(0,0,0), OUT_HEIGHT(-999)
[01:15:39 AM]	CNtlPLVisualManager::CreateEntity (688):  CNtlPLVisualManager::CreateEntity the property(.xml) find not(obj_06_kiri_impregnator)
[01:24:12 AM]	CNtlWorldShadow::LoadSwapFile (141):  file open failed. (11868_sec.sdw)
[01:24:12 AM]	CNtlPLObject::LoadSwapFile (3322):  file open failed. (11868_sec.objt)
[01:24:12 AM]	CNtlInstanceEffect::LoadSwapFile (801):  file open failed. (11868_sec.eff)
[01:24:12 AM]	CNtlPLOccluder_Quad::LoadSwapFile (830):  file open failed. (11868_sec.ocq)
[01:24:12 AM]	CNtlPLHeatHazeObject::LoadSwapFile (724):  file open failed. (11868_sec.hho)
[01:24:12 AM]	CNtlWorldShadow::LoadSwapFile (141):  file open failed. (11869_sec.sdw)
[01:24:12 AM]	CNtlPLObject::LoadSwapFile (3322):  file open failed. (11869_sec.objt)
[01:24:12 AM]	CNtlInstanceEffect::LoadSwapFile (801):  file open failed. (11869_sec.eff)
[01:24:12 AM]	CNtlPLOccluder_Quad::LoadSwapFile (830):  file open failed. (11869_sec.ocq)
[01:24:12 AM]	CNtlPLHeatHazeObject::LoadSwapFile (724):  file open failed. (11869_sec.hho)
[01:24:12 AM]	CNtlWorldShadow::LoadSwapFile (141):  file open failed. (11996_sec.sdw)
[01:24:12 AM]	CNtlPLObject::LoadSwapFile (3322):  file open failed. (11996_sec.objt)
[01:24:12 AM]	CNtlInstanceEffect::LoadSwapFile (801):  file open failed. (11996_sec.eff)
[01:24:12 AM]	CNtlPLOccluder_Quad::LoadSwapFile (830):  file open failed. (11996_sec.ocq)
[01:24:12 AM]	CNtlPLHeatHazeObject::LoadSwapFile (724):  file open failed. (11996_sec.hho)
[01:24:12 AM]	CNtlWorldShadow::LoadSwapFile (141):  file open failed. (11997_sec.sdw)
[01:24:12 AM]	CNtlPLObject::LoadSwapFile (3322):  file open failed. (11997_sec.objt)
[01:24:12 AM]	CNtlInstanceEffect::LoadSwapFile (801):  file open failed. (11997_sec.eff)
[01:24:12 AM]	CNtlPLOccluder_Quad::LoadSwapFile (830):  file open failed. (11997_sec.ocq)
[01:24:12 AM]	CNtlPLHeatHazeObject::LoadSwapFile (724):  file open failed. (11997_sec.hho)
[01:24:12 AM]	CNtlWorldShadow::LoadSwapFile (141):  file open failed. (12124_sec.sdw)
[01:24:12 AM]	CNtlPLObject::LoadSwapFile (3322):  file open failed. (12124_sec.objt)
[01:24:12 AM]	CNtlInstanceEffect::LoadSwapFile (801):  file open failed. (12124_sec.eff)
[01:24:12 AM]	CNtlPLOccluder_Quad::LoadSwapFile (830):  file open failed. (12124_sec.ocq)
[01:24:12 AM]	CNtlPLHeatHazeObject::LoadSwapFile (724):  file open failed. (12124_sec.hho)
[01:24:12 AM]	CNtlWorldShadow::LoadSwapFile (141):  file open failed. (12125_sec.sdw)
[01:24:12 AM]	CNtlPLObject::LoadSwapFile (3322):  file open failed. (12125_sec.objt)
[01:24:13 AM]	CNtlInstanceEffect::LoadSwapFile (801):  file open failed. (12125_sec.eff)
[01:24:13 AM]	CNtlPLOccluder_Quad::LoadSwapFile (830):  file open failed. (12125_sec.ocq)
[01:24:13 AM]	CNtlPLHeatHazeObject::LoadSwapFile (724):  file open failed. (12125_sec.hho)
[01:24:13 AM]	CNtlWorldShadow::LoadSwapFile (141):  file open failed. (12252_sec.sdw)
[01:24:13 AM]	CNtlPLObject::LoadSwapFile (3322):  file open failed. (12252_sec.objt)
[01:24:13 AM]	CNtlInstanceEffect::LoadSwapFile (801):  file open failed. (12252_sec.eff)
[01:24:13 AM]	CNtlPLOccluder_Quad::LoadSwapFile (830):  file open failed. (12252_sec.ocq)
[01:24:13 AM]	CNtlPLHeatHazeObject::LoadSwapFile (724):  file open failed. (12252_sec.hho)
[01:24:13 AM]	CNtlWorldShadow::LoadSwapFile (141):  file open failed. (12253_sec.sdw)
[01:24:13 AM]	CNtlPLObject::LoadSwapFile (3322):  file open failed. (12253_sec.objt)
[01:24:13 AM]	CNtlInstanceEffect::LoadSwapFile (801):  file open failed. (12253_sec.eff)
[01:24:13 AM]	CNtlPLOccluder_Quad::LoadSwapFile (830):  file open failed. (12253_sec.ocq)
[01:24:13 AM]	CNtlPLHeatHazeObject::LoadSwapFile (724):  file open failed. (12253_sec.hho)
[01:24:13 AM]	CNtlWorldShadow::LoadSwapFile (141):  file open failed. (12380_sec.sdw)
[01:24:13 AM]	CNtlPLObject::LoadSwapFile (3322):  file open failed. (12380_sec.objt)
[01:24:13 AM]	CNtlInstanceEffect::LoadSwapFile (801):  file open failed. (12380_sec.eff)
[01:24:13 AM]	CNtlPLOccluder_Quad::LoadSwapFile (830):  file open failed. (12380_sec.ocq)
[01:24:13 AM]	CNtlPLHeatHazeObject::LoadSwapFile (724):  file open failed. (12380_sec.hho)
[01:24:13 AM]	CNtlWorldShadow::LoadSwapFile (141):  file open failed. (12381_sec.sdw)
[01:24:13 AM]	CNtlPLObject::LoadSwapFile (3322):  file open failed. (12381_sec.objt)
[01:24:13 AM]	CNtlInstanceEffect::LoadSwapFile (801):  file open failed. (12381_sec.eff)
[01:24:13 AM]	CNtlPLOccluder_Quad::LoadSwapFile (830):  file open failed. (12381_sec.ocq)
[01:24:13 AM]	CNtlPLHeatHazeObject::LoadSwapFile (724):  file open failed. (12381_sec.hho)
[01:24:13 AM]	CNtlWorldShadow::LoadSwapFile (141):  file open failed. (12508_sec.sdw)
[01:24:13 AM]	CNtlPLObject::LoadSwapFile (3322):  file open failed. (12508_sec.objt)
[01:24:13 AM]	CNtlInstanceEffect::LoadSwapFile (801):  file open failed. (12508_sec.eff)
[01:24:13 AM]	CNtlPLOccluder_Quad::LoadSwapFile (830):  file open failed. (12508_sec.ocq)
[01:24:13 AM]	CNtlPLHeatHazeObject::LoadSwapFile (724):  file open failed. (12508_sec.hho)
[01:24:13 AM]	CNtlWorldShadow::LoadSwapFile (141):  file open failed. (12509_sec.sdw)
[01:24:13 AM]	CNtlPLObject::LoadSwapFile (3322):  file open failed. (12509_sec.objt)
[01:24:13 AM]	CNtlInstanceEffect::LoadSwapFile (801):  file open failed. (12509_sec.eff)
[01:24:13 AM]	CNtlPLOccluder_Quad::LoadSwapFile (830):  file open failed. (12509_sec.ocq)
[01:24:13 AM]	CNtlPLHeatHazeObject::LoadSwapFile (724):  file open failed. (12509_sec.hho)
[01:24:13 AM]	CNtlWorldShadow::LoadSwapFile (141):  file open failed. (12636_sec.sdw)
[01:24:13 AM]	CNtlPLObject::LoadSwapFile (3322):  file open failed. (12636_sec.objt)
[01:24:13 AM]	CNtlInstanceEffect::LoadSwapFile (801):  file open failed. (12636_sec.eff)
[01:24:13 AM]	CNtlPLOccluder_Quad::LoadSwapFile (830):  file open failed. (12636_sec.ocq)
[01:24:13 AM]	CNtlPLHeatHazeObject::LoadSwapFile (724):  file open failed. (12636_sec.hho)
[01:24:13 AM]	CNtlWorldShadow::LoadSwapFile (141):  file open failed. (12637_sec.sdw)
[01:24:13 AM]	CNtlPLObject::LoadSwapFile (3322):  file open failed. (12637_sec.objt)
[01:24:13 AM]	CNtlInstanceEffect::LoadSwapFile (801):  file open failed. (12637_sec.eff)
[01:24:13 AM]	CNtlPLOccluder_Quad::LoadSwapFile (830):  file open failed. (12637_sec.ocq)
[01:24:13 AM]	CNtlPLHeatHazeObject::LoadSwapFile (724):  file open failed. (12637_sec.hho)
[01:24:13 AM]	CNtlWorldShadow::LoadSwapFile (141):  file open failed. (12764_sec.sdw)
[01:24:13 AM]	CNtlPLVisualManager::CreateEntity (688):  CNtlPLVisualManager::CreateEntity the property(.xml) find not(obj_06_kiri_impregnator)
[01:24:13 AM]	CNtlPLVisualManager::CreateEntity (688):  CNtlPLVisualManager::CreateEntity the property(.xml) find not(obj_06_kiri_impregnator)
[01:24:13 AM]	CNtlPLVisualManager::CreateEntity (688):  CNtlPLVisualManager::CreateEntity the property(.xml) find not(obj_06_kiri_impregnator)
[01:24:13 AM]	CNtlPLObject::LoadSwapFile (3322):  file open failed. (12764_sec.objt)
[01:24:14 AM]	CNtlInstanceEffect::LoadSwapFile (801):  file open failed. (12764_sec.eff)
[01:24:14 AM]	CNtlPLOccluder_Quad::LoadSwapFile (830):  file open failed. (12764_sec.ocq)
[01:24:14 AM]	CNtlPLHeatHazeObject::LoadSwapFile (724):  file open failed. (12764_sec.hho)
[01:24:14 AM]	CNtlWorldShadow::LoadSwapFile (141):  file open failed. (12765_sec.sdw)
[01:24:14 AM]	CNtlPLObject::LoadSwapFile (3322):  file open failed. (12765_sec.objt)
[01:24:14 AM]	CNtlInstanceEffect::LoadSwapFile (801):  file open failed. (12765_sec.eff)
[01:24:14 AM]	CNtlPLOccluder_Quad::LoadSwapFile (830):  file open failed. (12765_sec.ocq)
[01:24:14 AM]	CNtlPLHeatHazeObject::LoadSwapFile (724):  file open failed. (12765_sec.hho)
[01:24:14 AM]	CNtlWorldShadow::LoadSwapFile (141):  file open failed. (12892_sec.sdw)
[01:24:14 AM]	CNtlPLObject::LoadSwapFile (3322):  file open failed. (12892_sec.objt)
[01:24:14 AM]	CNtlInstanceEffect::LoadSwapFile (801):  file open failed. (12892_sec.eff)
[01:24:14 AM]	CNtlPLOccluder_Quad::LoadSwapFile (830):  file open failed. (12892_sec.ocq)
[01:24:14 AM]	CNtlPLHeatHazeObject::LoadSwapFile (724):  file open failed. (12892_sec.hho)
[01:24:14 AM]	CNtlWorldShadow::LoadSwapFile (141):  file open failed. (12893_sec.sdw)
[01:24:14 AM]	CNtlPLObject::LoadSwapFile (3322):  file open failed. (12893_sec.objt)
[01:24:14 AM]	CNtlInstanceEffect::LoadSwapFile (801):  file open failed. (12893_sec.eff)
[01:24:14 AM]	CNtlPLOccluder_Quad::LoadSwapFile (830):  file open failed. (12893_sec.ocq)
[01:24:14 AM]	CNtlPLHeatHazeObject::LoadSwapFile (724):  file open failed. (12893_sec.hho)
[01:24:14 AM]	CNtlWorldShadow::LoadSwapFile (141):  file open failed. (13020_sec.sdw)
[01:24:14 AM]	CNtlPLObject::LoadSwapFile (3322):  file open failed. (13020_sec.objt)
[01:24:14 AM]	CNtlInstanceEffect::LoadSwapFile (801):  file open failed. (13020_sec.eff)
[01:24:14 AM]	CNtlPLOccluder_Quad::LoadSwapFile (830):  file open failed. (13020_sec.ocq)
[01:24:14 AM]	CNtlPLHeatHazeObject::LoadSwapFile (724):  file open failed. (13020_sec.hho)
[01:24:14 AM]	CNtlWorldShadow::LoadSwapFile (141):  file open failed. (13021_sec.sdw)
[01:24:14 AM]	CNtlPLVisualManager::CreateEntity (688):  CNtlPLVisualManager::CreateEntity the property(.xml) find not(obj_06_kiri_impregnator)
[01:24:14 AM]	CNtlPLVisualManager::CreateEntity (688):  CNtlPLVisualManager::CreateEntity the property(.xml) find not(obj_06_kiri_impregnator)
[01:24:14 AM]	CNtlPLObject::LoadSwapFile (3322):  file open failed. (13021_sec.objt)
[01:24:14 AM]	CNtlInstanceEffect::LoadSwapFile (801):  file open failed. (13021_sec.eff)
[01:24:14 AM]	CNtlPLOccluder_Quad::LoadSwapFile (830):  file open failed. (13021_sec.ocq)
[01:24:14 AM]	CNtlPLHeatHazeObject::LoadSwapFile (724):  file open failed. (13021_sec.hho)
[01:24:14 AM]	CNtlWorldShadow::LoadSwapFile (141):  file open failed. (13148_sec.sdw)
[01:24:14 AM]	CNtlPLObject::LoadSwapFile (3322):  file open failed. (13148_sec.objt)
[01:24:14 AM]	CNtlInstanceEffect::LoadSwapFile (801):  file open failed. (13148_sec.eff)
[01:24:14 AM]	CNtlPLOccluder_Quad::LoadSwapFile (830):  file open failed. (13148_sec.ocq)
[01:24:14 AM]	CNtlPLHeatHazeObject::LoadSwapFile (724):  file open failed. (13148_sec.hho)
[01:24:14 AM]	CNtlWorldShadow::LoadSwapFile (141):  file open failed. (13149_sec.sdw)
[01:24:14 AM]	CNtlPLObject::LoadSwapFile (3322):  file open failed. (13149_sec.objt)
[01:24:14 AM]	CNtlInstanceEffect::LoadSwapFile (801):  file open failed. (13149_sec.eff)
[01:24:14 AM]	CNtlPLOccluder_Quad::LoadSwapFile (830):  file open failed. (13149_sec.ocq)
[01:24:14 AM]	CNtlPLHeatHazeObject::LoadSwapFile (724):  file open failed. (13149_sec.hho)
[01:24:14 AM]	CNtlWorldShadow::LoadSwapFile (141):  file open failed. (13276_sec.sdw)
[01:24:14 AM]	CNtlPLObject::LoadSwapFile (3322):  file open failed. (13276_sec.objt)
[01:24:14 AM]	CNtlInstanceEffect::LoadSwapFile (801):  file open failed. (13276_sec.eff)
[01:24:14 AM]	CNtlPLOccluder_Quad::LoadSwapFile (830):  file open failed. (13276_sec.ocq)
[01:24:14 AM]	CNtlPLHeatHazeObject::LoadSwapFile (724):  file open failed. (13276_sec.hho)
[01:24:14 AM]	CNtlWorldShadow::LoadSwapFile (141):  file open failed. (13277_sec.sdw)
[01:24:14 AM]	CNtlPLObject::LoadSwapFile (3322):  file open failed. (13277_sec.objt)
[01:24:14 AM]	CNtlInstanceEffect::LoadSwapFile (801):  file open failed. (13277_sec.eff)
[01:24:14 AM]	CNtlPLOccluder_Quad::LoadSwapFile (830):  file open failed. (13277_sec.ocq)
[01:24:14 AM]	CNtlPLHeatHazeObject::LoadSwapFile (724):  file open failed. (13277_sec.hho)
[01:24:51 AM]	 === < SABER > Trace End === 
