[20:33:01 PM]	=============== Start Trace ===============

[20:33:01 PM]	 === < SABER > Trace Start === 
[20:35:29 PM]	CNtlPLPropertyContainer::AddProp (258):  prop defined.(A_HMY_F_AD)
[20:35:42 PM]	CNtlPLPropertyContainer::AddProp (258):  prop defined.(FRIEZARACE)
[20:37:38 PM]	CNtlPLVisualManager::GetHeightFieldWorldHeight (1170):  GetWorldHeight : Failed : IN(0,0,0), OUT_HEIGHT(-999)
[20:37:50 PM]	CNtlWorldShadow::LoadSwapFile (141):  file open failed. (7738_sec.sdw)
[20:37:50 PM]	CNtlPLObject::LoadSwapFile (3324):  file open failed. (7738_sec.objt)
[20:37:50 PM]	CNtlInstanceEffect::LoadSwapFile (807):  file open failed. (7738_sec.eff)
[20:37:50 PM]	CNtlPLOccluder_Quad::LoadSwapFile (830):  file open failed. (7738_sec.ocq)
[20:37:50 PM]	CNtlPLHeatHazeObject::LoadSwapFile (724):  file open failed. (7738_sec.hho)
[20:37:50 PM]	CNtlWorldShadow::LoadSwapFile (141):  file open failed. (7739_sec.sdw)
[20:37:50 PM]	CNtlPLObject::LoadSwapFile (3324):  file open failed. (7739_sec.objt)
[20:37:50 PM]	CNtlInstanceEffect::LoadSwapFile (807):  file open failed. (7739_sec.eff)
[20:37:50 PM]	CNtlPLOccluder_Quad::LoadSwapFile (830):  file open failed. (7739_sec.ocq)
[20:37:50 PM]	CNtlPLHeatHazeObject::LoadSwapFile (724):  file open failed. (7739_sec.hho)
[20:37:50 PM]	CNtlWorldShadow::LoadSwapFile (141):  file open failed. (7866_sec.sdw)
[20:37:50 PM]	CNtlPLObject::LoadSwapFile (3324):  file open failed. (7866_sec.objt)
[20:37:50 PM]	CNtlInstanceEffect::LoadSwapFile (807):  file open failed. (7866_sec.eff)
[20:37:50 PM]	CNtlPLOccluder_Quad::LoadSwapFile (830):  file open failed. (7866_sec.ocq)
[20:37:50 PM]	CNtlPLHeatHazeObject::LoadSwapFile (724):  file open failed. (7866_sec.hho)
[20:37:50 PM]	CNtlWorldShadow::LoadSwapFile (141):  file open failed. (7867_sec.sdw)
[20:37:50 PM]	CNtlPLObject::LoadSwapFile (3324):  file open failed. (7867_sec.objt)
[20:37:50 PM]	CNtlInstanceEffect::LoadSwapFile (807):  file open failed. (7867_sec.eff)
[20:37:50 PM]	CNtlPLOccluder_Quad::LoadSwapFile (830):  file open failed. (7867_sec.ocq)
[20:37:50 PM]	CNtlPLHeatHazeObject::LoadSwapFile (724):  file open failed. (7867_sec.hho)
[20:37:50 PM]	CNtlWorldShadow::LoadSwapFile (141):  file open failed. (7740_sec.sdw)
[20:37:50 PM]	CNtlPLObject::LoadSwapFile (3324):  file open failed. (7740_sec.objt)
[20:37:50 PM]	CNtlInstanceEffect::LoadSwapFile (807):  file open failed. (7740_sec.eff)
[20:37:50 PM]	CNtlPLOccluder_Quad::LoadSwapFile (830):  file open failed. (7740_sec.ocq)
[20:37:50 PM]	CNtlPLHeatHazeObject::LoadSwapFile (724):  file open failed. (7740_sec.hho)
[20:37:50 PM]	CNtlWorldShadow::LoadSwapFile (141):  file open failed. (7741_sec.sdw)
[20:37:50 PM]	CNtlPLObject::LoadSwapFile (3324):  file open failed. (7741_sec.objt)
[20:37:50 PM]	CNtlInstanceEffect::LoadSwapFile (807):  file open failed. (7741_sec.eff)
[20:37:50 PM]	CNtlPLOccluder_Quad::LoadSwapFile (830):  file open failed. (7741_sec.ocq)
[20:37:50 PM]	CNtlPLHeatHazeObject::LoadSwapFile (724):  file open failed. (7741_sec.hho)
[20:37:50 PM]	CNtlWorldShadow::LoadSwapFile (141):  file open failed. (7868_sec.sdw)
[20:37:50 PM]	CNtlPLObject::LoadSwapFile (3324):  file open failed. (7868_sec.objt)
[20:37:50 PM]	CNtlInstanceEffect::LoadSwapFile (807):  file open failed. (7868_sec.eff)
[20:37:50 PM]	CNtlPLOccluder_Quad::LoadSwapFile (830):  file open failed. (7868_sec.ocq)
[20:37:50 PM]	CNtlPLHeatHazeObject::LoadSwapFile (724):  file open failed. (7868_sec.hho)
[20:37:50 PM]	CNtlWorldShadow::LoadSwapFile (141):  file open failed. (7869_sec.sdw)
[20:37:50 PM]	CNtlPLObject::LoadSwapFile (3324):  file open failed. (7869_sec.objt)
[20:37:50 PM]	CNtlInstanceEffect::LoadSwapFile (807):  file open failed. (7869_sec.eff)
[20:37:51 PM]	CNtlPLOccluder_Quad::LoadSwapFile (830):  file open failed. (7869_sec.ocq)
[20:37:51 PM]	CNtlPLHeatHazeObject::LoadSwapFile (724):  file open failed. (7869_sec.hho)
[20:37:51 PM]	CNtlWorldShadow::LoadSwapFile (141):  file open failed. (7742_sec.sdw)
[20:37:51 PM]	CNtlPLObject::LoadSwapFile (3324):  file open failed. (7742_sec.objt)
[20:37:51 PM]	CNtlInstanceEffect::LoadSwapFile (807):  file open failed. (7742_sec.eff)
[20:37:51 PM]	CNtlPLOccluder_Quad::LoadSwapFile (830):  file open failed. (7742_sec.ocq)
[20:37:51 PM]	CNtlPLHeatHazeObject::LoadSwapFile (724):  file open failed. (7742_sec.hho)
[20:37:51 PM]	CNtlWorldShadow::LoadSwapFile (141):  file open failed. (7743_sec.sdw)
[20:37:51 PM]	CNtlPLObject::LoadSwapFile (3324):  file open failed. (7743_sec.objt)
[20:37:51 PM]	CNtlInstanceEffect::LoadSwapFile (807):  file open failed. (7743_sec.eff)
[20:37:51 PM]	CNtlPLOccluder_Quad::LoadSwapFile (830):  file open failed. (7743_sec.ocq)
[20:37:51 PM]	CNtlPLHeatHazeObject::LoadSwapFile (724):  file open failed. (7743_sec.hho)
[20:37:51 PM]	CNtlWorldShadow::LoadSwapFile (141):  file open failed. (7870_sec.sdw)
[20:37:51 PM]	CNtlPLObject::LoadSwapFile (3324):  file open failed. (7870_sec.objt)
[20:37:51 PM]	CNtlInstanceEffect::LoadSwapFile (807):  file open failed. (7870_sec.eff)
[20:37:51 PM]	CNtlPLOccluder_Quad::LoadSwapFile (830):  file open failed. (7870_sec.ocq)
[20:37:51 PM]	CNtlPLHeatHazeObject::LoadSwapFile (724):  file open failed. (7870_sec.hho)
[20:37:51 PM]	CNtlWorldShadow::LoadSwapFile (141):  file open failed. (7871_sec.sdw)
[20:37:51 PM]	CNtlPLObject::LoadSwapFile (3324):  file open failed. (7871_sec.objt)
[20:37:51 PM]	CNtlInstanceEffect::LoadSwapFile (807):  file open failed. (7871_sec.eff)
[20:37:51 PM]	CNtlPLOccluder_Quad::LoadSwapFile (830):  file open failed. (7871_sec.ocq)
[20:37:51 PM]	CNtlPLHeatHazeObject::LoadSwapFile (724):  file open failed. (7871_sec.hho)
[20:37:51 PM]	CNtlWorldShadow::LoadSwapFile (141):  file open failed. (7744_sec.sdw)
[20:37:51 PM]	CNtlPLObject::LoadSwapFile (3324):  file open failed. (7744_sec.objt)
[20:37:51 PM]	CNtlInstanceEffect::LoadSwapFile (807):  file open failed. (7744_sec.eff)
[20:37:51 PM]	CNtlPLOccluder_Quad::LoadSwapFile (830):  file open failed. (7744_sec.ocq)
[20:37:51 PM]	CNtlPLHeatHazeObject::LoadSwapFile (724):  file open failed. (7744_sec.hho)
[20:37:51 PM]	CNtlWorldShadow::LoadSwapFile (141):  file open failed. (7745_sec.sdw)
[20:37:51 PM]	CNtlPLObject::LoadSwapFile (3324):  file open failed. (7745_sec.objt)
[20:37:51 PM]	CNtlInstanceEffect::LoadSwapFile (807):  file open failed. (7745_sec.eff)
[20:37:51 PM]	CNtlPLOccluder_Quad::LoadSwapFile (830):  file open failed. (7745_sec.ocq)
[20:37:51 PM]	CNtlPLHeatHazeObject::LoadSwapFile (724):  file open failed. (7745_sec.hho)
[20:37:51 PM]	CNtlWorldShadow::LoadSwapFile (141):  file open failed. (7872_sec.sdw)
[20:37:52 PM]	CNtlPLObject::LoadSwapFile (3324):  file open failed. (7872_sec.objt)
[20:37:52 PM]	CNtlInstanceEffect::LoadSwapFile (807):  file open failed. (7872_sec.eff)
[20:37:52 PM]	CNtlPLOccluder_Quad::LoadSwapFile (830):  file open failed. (7872_sec.ocq)
[20:37:52 PM]	CNtlPLHeatHazeObject::LoadSwapFile (724):  file open failed. (7872_sec.hho)
[20:37:52 PM]	CNtlWorldShadow::LoadSwapFile (141):  file open failed. (7873_sec.sdw)
[20:37:52 PM]	CNtlPLObject::LoadSwapFile (3324):  file open failed. (7873_sec.objt)
[20:37:52 PM]	CNtlInstanceEffect::LoadSwapFile (807):  file open failed. (7873_sec.eff)
[20:37:52 PM]	CNtlPLOccluder_Quad::LoadSwapFile (830):  file open failed. (7873_sec.ocq)
[20:37:52 PM]	CNtlPLHeatHazeObject::LoadSwapFile (724):  file open failed. (7873_sec.hho)
[20:37:52 PM]	CNtlWorldShadow::LoadSwapFile (141):  file open failed. (7746_sec.sdw)
[20:37:52 PM]	CNtlPLObject::LoadSwapFile (3324):  file open failed. (7746_sec.objt)
[20:37:52 PM]	CNtlInstanceEffect::LoadSwapFile (807):  file open failed. (7746_sec.eff)
[20:37:52 PM]	CNtlPLOccluder_Quad::LoadSwapFile (830):  file open failed. (7746_sec.ocq)
[20:37:52 PM]	CNtlPLHeatHazeObject::LoadSwapFile (724):  file open failed. (7746_sec.hho)
[20:37:52 PM]	CNtlWorldShadow::LoadSwapFile (141):  file open failed. (7747_sec.sdw)
[20:37:52 PM]	CNtlPLObject::LoadSwapFile (3324):  file open failed. (7747_sec.objt)
[20:37:52 PM]	CNtlInstanceEffect::LoadSwapFile (807):  file open failed. (7747_sec.eff)
[20:37:53 PM]	CNtlPLOccluder_Quad::LoadSwapFile (830):  file open failed. (7747_sec.ocq)
[20:37:53 PM]	CNtlPLHeatHazeObject::LoadSwapFile (724):  file open failed. (7747_sec.hho)
[20:37:53 PM]	CNtlWorldShadow::LoadSwapFile (141):  file open failed. (7874_sec.sdw)
[20:37:53 PM]	CNtlPLObject::LoadSwapFile (3324):  file open failed. (7874_sec.objt)
[20:37:53 PM]	CNtlInstanceEffect::LoadSwapFile (807):  file open failed. (7874_sec.eff)
[20:37:53 PM]	CNtlPLOccluder_Quad::LoadSwapFile (830):  file open failed. (7874_sec.ocq)
[20:37:53 PM]	CNtlPLHeatHazeObject::LoadSwapFile (724):  file open failed. (7874_sec.hho)
[20:37:53 PM]	CNtlWorldShadow::LoadSwapFile (141):  file open failed. (7875_sec.sdw)
[20:37:53 PM]	CNtlPLObject::LoadSwapFile (3324):  file open failed. (7875_sec.objt)
[20:37:53 PM]	CNtlInstanceEffect::LoadSwapFile (807):  file open failed. (7875_sec.eff)
[20:37:53 PM]	CNtlPLOccluder_Quad::LoadSwapFile (830):  file open failed. (7875_sec.ocq)
[20:37:53 PM]	CNtlPLHeatHazeObject::LoadSwapFile (724):  file open failed. (7875_sec.hho)
[20:37:53 PM]	CNtlWorldShadow::LoadSwapFile (141):  file open failed. (7748_sec.sdw)
[20:37:53 PM]	CNtlPLObject::LoadSwapFile (3324):  file open failed. (7748_sec.objt)
[20:37:53 PM]	CNtlInstanceEffect::LoadSwapFile (807):  file open failed. (7748_sec.eff)
[20:37:53 PM]	CNtlPLOccluder_Quad::LoadSwapFile (830):  file open failed. (7748_sec.ocq)
[20:37:53 PM]	CNtlPLHeatHazeObject::LoadSwapFile (724):  file open failed. (7748_sec.hho)
[20:37:53 PM]	CNtlWorldShadow::LoadSwapFile (141):  file open failed. (7749_sec.sdw)
[20:37:53 PM]	CNtlPLObject::LoadSwapFile (3324):  file open failed. (7749_sec.objt)
[20:37:53 PM]	CNtlInstanceEffect::LoadSwapFile (807):  file open failed. (7749_sec.eff)
[20:37:53 PM]	CNtlPLOccluder_Quad::LoadSwapFile (830):  file open failed. (7749_sec.ocq)
[20:37:53 PM]	CNtlPLHeatHazeObject::LoadSwapFile (724):  file open failed. (7749_sec.hho)
[20:37:53 PM]	CNtlWorldShadow::LoadSwapFile (141):  file open failed. (7876_sec.sdw)
[20:37:53 PM]	CNtlPLObject::LoadSwapFile (3324):  file open failed. (7876_sec.objt)
[20:37:53 PM]	CNtlInstanceEffect::LoadSwapFile (807):  file open failed. (7876_sec.eff)
[20:37:53 PM]	CNtlPLOccluder_Quad::LoadSwapFile (830):  file open failed. (7876_sec.ocq)
[20:37:53 PM]	CNtlPLHeatHazeObject::LoadSwapFile (724):  file open failed. (7876_sec.hho)
[20:37:53 PM]	CNtlWorldShadow::LoadSwapFile (141):  file open failed. (7877_sec.sdw)
[20:37:53 PM]	CNtlPLObject::LoadSwapFile (3324):  file open failed. (7877_sec.objt)
[20:37:53 PM]	CNtlInstanceEffect::LoadSwapFile (807):  file open failed. (7877_sec.eff)
[20:37:53 PM]	CNtlPLOccluder_Quad::LoadSwapFile (830):  file open failed. (7877_sec.ocq)
[20:37:53 PM]	CNtlPLHeatHazeObject::LoadSwapFile (724):  file open failed. (7877_sec.hho)
[20:37:53 PM]	CNtlWorldShadow::LoadSwapFile (141):  file open failed. (7994_sec.sdw)
[20:37:53 PM]	CNtlPLObject::LoadSwapFile (3324):  file open failed. (7994_sec.objt)
[20:37:53 PM]	CNtlInstanceEffect::LoadSwapFile (807):  file open failed. (7994_sec.eff)
[20:37:53 PM]	CNtlPLOccluder_Quad::LoadSwapFile (830):  file open failed. (7994_sec.ocq)
[20:37:53 PM]	CNtlPLHeatHazeObject::LoadSwapFile (724):  file open failed. (7994_sec.hho)
[20:37:53 PM]	CNtlWorldShadow::LoadSwapFile (141):  file open failed. (7995_sec.sdw)
[20:37:53 PM]	CNtlPLObject::LoadSwapFile (3324):  file open failed. (7995_sec.objt)
[20:37:53 PM]	CNtlInstanceEffect::LoadSwapFile (807):  file open failed. (7995_sec.eff)
[20:37:53 PM]	CNtlPLOccluder_Quad::LoadSwapFile (830):  file open failed. (7995_sec.ocq)
[20:37:53 PM]	CNtlPLHeatHazeObject::LoadSwapFile (724):  file open failed. (7995_sec.hho)
[20:37:53 PM]	CNtlWorldShadow::LoadSwapFile (141):  file open failed. (8122_sec.sdw)
[20:37:53 PM]	CNtlPLObject::LoadSwapFile (3324):  file open failed. (8122_sec.objt)
[20:37:53 PM]	CNtlInstanceEffect::LoadSwapFile (807):  file open failed. (8122_sec.eff)
[20:37:53 PM]	CNtlPLOccluder_Quad::LoadSwapFile (830):  file open failed. (8122_sec.ocq)
[20:37:53 PM]	CNtlPLHeatHazeObject::LoadSwapFile (724):  file open failed. (8122_sec.hho)
[20:37:53 PM]	CNtlWorldShadow::LoadSwapFile (141):  file open failed. (8123_sec.sdw)
[20:37:53 PM]	CNtlPLObject::LoadSwapFile (3324):  file open failed. (8123_sec.objt)
[20:37:53 PM]	CNtlInstanceEffect::LoadSwapFile (807):  file open failed. (8123_sec.eff)
[20:37:53 PM]	CNtlPLOccluder_Quad::LoadSwapFile (830):  file open failed. (8123_sec.ocq)
[20:37:53 PM]	CNtlPLHeatHazeObject::LoadSwapFile (724):  file open failed. (8123_sec.hho)
[20:37:53 PM]	CNtlWorldShadow::LoadSwapFile (141):  file open failed. (7996_sec.sdw)
[20:37:53 PM]	CNtlPLObject::LoadSwapFile (3324):  file open failed. (7996_sec.objt)
[20:37:53 PM]	CNtlInstanceEffect::LoadSwapFile (807):  file open failed. (7996_sec.eff)
[20:37:53 PM]	CNtlPLOccluder_Quad::LoadSwapFile (830):  file open failed. (7996_sec.ocq)
[20:37:53 PM]	CNtlPLHeatHazeObject::LoadSwapFile (724):  file open failed. (7996_sec.hho)
[20:37:53 PM]	CNtlWorldShadow::LoadSwapFile (141):  file open failed. (7997_sec.sdw)
[20:37:53 PM]	CNtlPLObject::LoadSwapFile (3324):  file open failed. (7997_sec.objt)
[20:37:53 PM]	CNtlInstanceEffect::LoadSwapFile (807):  file open failed. (7997_sec.eff)
[20:37:53 PM]	CNtlPLOccluder_Quad::LoadSwapFile (830):  file open failed. (7997_sec.ocq)
[20:37:53 PM]	CNtlPLHeatHazeObject::LoadSwapFile (724):  file open failed. (7997_sec.hho)
[20:37:53 PM]	CNtlWorldShadow::LoadSwapFile (141):  file open failed. (8124_sec.sdw)
[20:37:53 PM]	CNtlPLObject::LoadSwapFile (3324):  file open failed. (8124_sec.objt)
[20:37:54 PM]	CNtlInstanceEffect::LoadSwapFile (807):  file open failed. (8124_sec.eff)
[20:37:54 PM]	CNtlPLOccluder_Quad::LoadSwapFile (830):  file open failed. (8124_sec.ocq)
[20:37:54 PM]	CNtlPLHeatHazeObject::LoadSwapFile (724):  file open failed. (8124_sec.hho)
[20:37:54 PM]	CNtlWorldShadow::LoadSwapFile (141):  file open failed. (8125_sec.sdw)
[20:37:54 PM]	CNtlPLObject::LoadSwapFile (3324):  file open failed. (8125_sec.objt)
[20:37:54 PM]	CNtlInstanceEffect::LoadSwapFile (807):  file open failed. (8125_sec.eff)
[20:37:54 PM]	CNtlPLOccluder_Quad::LoadSwapFile (830):  file open failed. (8125_sec.ocq)
[20:37:54 PM]	CNtlPLHeatHazeObject::LoadSwapFile (724):  file open failed. (8125_sec.hho)
[20:37:54 PM]	CNtlWorldShadow::LoadSwapFile (141):  file open failed. (7998_sec.sdw)
[20:37:54 PM]	CNtlPLObject::LoadSwapFile (3324):  file open failed. (7998_sec.objt)
[20:37:54 PM]	CNtlInstanceEffect::LoadSwapFile (807):  file open failed. (7998_sec.eff)
[20:37:54 PM]	CNtlPLOccluder_Quad::LoadSwapFile (830):  file open failed. (7998_sec.ocq)
[20:37:54 PM]	CNtlPLHeatHazeObject::LoadSwapFile (724):  file open failed. (7998_sec.hho)
[20:37:54 PM]	CNtlWorldShadow::LoadSwapFile (141):  file open failed. (7999_sec.sdw)
[20:37:54 PM]	CNtlPLObject::LoadSwapFile (3324):  file open failed. (7999_sec.objt)
[20:37:54 PM]	CNtlInstanceEffect::LoadSwapFile (807):  file open failed. (7999_sec.eff)
[20:37:54 PM]	CNtlPLOccluder_Quad::LoadSwapFile (830):  file open failed. (7999_sec.ocq)
[20:37:54 PM]	CNtlPLHeatHazeObject::LoadSwapFile (724):  file open failed. (7999_sec.hho)
[20:37:54 PM]	CNtlWorldShadow::LoadSwapFile (141):  file open failed. (8126_sec.sdw)
[20:37:54 PM]	CNtlPLObject::LoadSwapFile (3324):  file open failed. (8126_sec.objt)
[20:37:54 PM]	CNtlInstanceEffect::LoadSwapFile (807):  file open failed. (8126_sec.eff)
[20:37:54 PM]	CNtlPLOccluder_Quad::LoadSwapFile (830):  file open failed. (8126_sec.ocq)
[20:37:54 PM]	CNtlPLHeatHazeObject::LoadSwapFile (724):  file open failed. (8126_sec.hho)
[20:37:54 PM]	CNtlWorldShadow::LoadSwapFile (141):  file open failed. (8127_sec.sdw)
[20:37:54 PM]	CNtlPLObject::LoadSwapFile (3324):  file open failed. (8127_sec.objt)
[20:37:54 PM]	CNtlInstanceEffect::LoadSwapFile (807):  file open failed. (8127_sec.eff)
[20:37:54 PM]	CNtlPLOccluder_Quad::LoadSwapFile (830):  file open failed. (8127_sec.ocq)
[20:37:54 PM]	CNtlPLHeatHazeObject::LoadSwapFile (724):  file open failed. (8127_sec.hho)
[20:37:54 PM]	CNtlWorldShadow::LoadSwapFile (141):  file open failed. (8000_sec.sdw)
[20:37:54 PM]	CNtlPLObject::LoadSwapFile (3324):  file open failed. (8000_sec.objt)
[20:37:54 PM]	CNtlInstanceEffect::LoadSwapFile (807):  file open failed. (8000_sec.eff)
[20:37:54 PM]	CNtlPLOccluder_Quad::LoadSwapFile (830):  file open failed. (8000_sec.ocq)
[20:37:54 PM]	CNtlPLHeatHazeObject::LoadSwapFile (724):  file open failed. (8000_sec.hho)
[20:37:54 PM]	CNtlWorldShadow::LoadSwapFile (141):  file open failed. (8001_sec.sdw)
[20:37:54 PM]	CNtlPLObject::LoadSwapFile (3324):  file open failed. (8001_sec.objt)
[20:37:54 PM]	CNtlInstanceEffect::LoadSwapFile (807):  file open failed. (8001_sec.eff)
[20:37:54 PM]	CNtlPLOccluder_Quad::LoadSwapFile (830):  file open failed. (8001_sec.ocq)
[20:37:54 PM]	CNtlPLHeatHazeObject::LoadSwapFile (724):  file open failed. (8001_sec.hho)
[20:37:54 PM]	CNtlWorldShadow::LoadSwapFile (141):  file open failed. (8128_sec.sdw)
[20:37:55 PM]	CNtlPLObject::LoadSwapFile (3324):  file open failed. (8128_sec.objt)
[20:37:55 PM]	CNtlInstanceEffect::LoadSwapFile (807):  file open failed. (8128_sec.eff)
[20:37:55 PM]	CNtlPLOccluder_Quad::LoadSwapFile (830):  file open failed. (8128_sec.ocq)
[20:37:55 PM]	CNtlPLHeatHazeObject::LoadSwapFile (724):  file open failed. (8128_sec.hho)
[20:37:55 PM]	CNtlWorldShadow::LoadSwapFile (141):  file open failed. (8129_sec.sdw)
[20:37:55 PM]	CNtlPLObject::LoadSwapFile (3324):  file open failed. (8129_sec.objt)
[20:37:55 PM]	CNtlInstanceEffect::LoadSwapFile (807):  file open failed. (8129_sec.eff)
[20:37:55 PM]	CNtlPLOccluder_Quad::LoadSwapFile (830):  file open failed. (8129_sec.ocq)
[20:37:55 PM]	CNtlPLHeatHazeObject::LoadSwapFile (724):  file open failed. (8129_sec.hho)
[20:37:55 PM]	CNtlWorldShadow::LoadSwapFile (141):  file open failed. (8002_sec.sdw)
[20:37:55 PM]	CNtlPLObject::LoadSwapFile (3324):  file open failed. (8002_sec.objt)
[20:37:55 PM]	CNtlInstanceEffect::LoadSwapFile (807):  file open failed. (8002_sec.eff)
[20:37:55 PM]	CNtlPLOccluder_Quad::LoadSwapFile (830):  file open failed. (8002_sec.ocq)
[20:37:55 PM]	CNtlPLHeatHazeObject::LoadSwapFile (724):  file open failed. (8002_sec.hho)
[20:37:55 PM]	CNtlWorldShadow::LoadSwapFile (141):  file open failed. (8003_sec.sdw)
[20:37:55 PM]	CNtlPLObject::LoadSwapFile (3324):  file open failed. (8003_sec.objt)
[20:37:55 PM]	CNtlInstanceEffect::LoadSwapFile (807):  file open failed. (8003_sec.eff)
[20:37:55 PM]	CNtlPLOccluder_Quad::LoadSwapFile (830):  file open failed. (8003_sec.ocq)
[20:37:55 PM]	CNtlPLHeatHazeObject::LoadSwapFile (724):  file open failed. (8003_sec.hho)
[20:37:55 PM]	CNtlWorldShadow::LoadSwapFile (141):  file open failed. (8130_sec.sdw)
[20:37:55 PM]	CNtlPLObject::LoadSwapFile (3324):  file open failed. (8130_sec.objt)
[20:37:55 PM]	CNtlInstanceEffect::LoadSwapFile (807):  file open failed. (8130_sec.eff)
[20:37:55 PM]	CNtlPLOccluder_Quad::LoadSwapFile (830):  file open failed. (8130_sec.ocq)
[20:37:55 PM]	CNtlPLHeatHazeObject::LoadSwapFile (724):  file open failed. (8130_sec.hho)
[20:37:55 PM]	CNtlWorldShadow::LoadSwapFile (141):  file open failed. (8131_sec.sdw)
[20:37:55 PM]	CNtlPLObject::LoadSwapFile (3324):  file open failed. (8131_sec.objt)
[20:37:55 PM]	CNtlInstanceEffect::LoadSwapFile (807):  file open failed. (8131_sec.eff)
[20:37:55 PM]	CNtlPLOccluder_Quad::LoadSwapFile (830):  file open failed. (8131_sec.ocq)
[20:37:55 PM]	CNtlPLHeatHazeObject::LoadSwapFile (724):  file open failed. (8131_sec.hho)
[20:37:55 PM]	CNtlWorldShadow::LoadSwapFile (141):  file open failed. (8004_sec.sdw)
[20:37:55 PM]	CNtlPLObject::LoadSwapFile (3324):  file open failed. (8004_sec.objt)
[20:37:55 PM]	CNtlInstanceEffect::LoadSwapFile (807):  file open failed. (8004_sec.eff)
[20:37:55 PM]	CNtlPLOccluder_Quad::LoadSwapFile (830):  file open failed. (8004_sec.ocq)
[20:37:55 PM]	CNtlPLHeatHazeObject::LoadSwapFile (724):  file open failed. (8004_sec.hho)
[20:37:55 PM]	CNtlWorldShadow::LoadSwapFile (141):  file open failed. (8005_sec.sdw)
[20:37:55 PM]	CNtlPLObject::LoadSwapFile (3324):  file open failed. (8005_sec.objt)
[20:37:55 PM]	CNtlInstanceEffect::LoadSwapFile (807):  file open failed. (8005_sec.eff)
[20:37:55 PM]	CNtlPLOccluder_Quad::LoadSwapFile (830):  file open failed. (8005_sec.ocq)
[20:37:55 PM]	CNtlPLHeatHazeObject::LoadSwapFile (724):  file open failed. (8005_sec.hho)
[20:37:55 PM]	CNtlWorldShadow::LoadSwapFile (141):  file open failed. (8132_sec.sdw)
[20:37:55 PM]	CNtlPLObject::LoadSwapFile (3324):  file open failed. (8132_sec.objt)
[20:37:55 PM]	CNtlInstanceEffect::LoadSwapFile (807):  file open failed. (8132_sec.eff)
[20:37:55 PM]	CNtlPLOccluder_Quad::LoadSwapFile (830):  file open failed. (8132_sec.ocq)
[20:37:55 PM]	CNtlPLHeatHazeObject::LoadSwapFile (724):  file open failed. (8132_sec.hho)
[20:37:55 PM]	CNtlWorldShadow::LoadSwapFile (141):  file open failed. (8133_sec.sdw)
[20:37:55 PM]	CNtlPLObject::LoadSwapFile (3324):  file open failed. (8133_sec.objt)
[20:37:55 PM]	CNtlInstanceEffect::LoadSwapFile (807):  file open failed. (8133_sec.eff)
[20:37:55 PM]	CNtlPLOccluder_Quad::LoadSwapFile (830):  file open failed. (8133_sec.ocq)
[20:37:55 PM]	CNtlPLHeatHazeObject::LoadSwapFile (724):  file open failed. (8133_sec.hho)
[20:37:55 PM]	CNtlWorldShadow::LoadSwapFile (141):  file open failed. (8250_sec.sdw)
[20:37:55 PM]	CNtlPLObject::LoadSwapFile (3324):  file open failed. (8250_sec.objt)
[20:37:55 PM]	CNtlInstanceEffect::LoadSwapFile (807):  file open failed. (8250_sec.eff)
[20:37:55 PM]	CNtlPLOccluder_Quad::LoadSwapFile (830):  file open failed. (8250_sec.ocq)
[20:37:55 PM]	CNtlPLHeatHazeObject::LoadSwapFile (724):  file open failed. (8250_sec.hho)
[20:37:56 PM]	CNtlWorldShadow::LoadSwapFile (141):  file open failed. (8251_sec.sdw)
[20:37:56 PM]	CNtlPLObject::LoadSwapFile (3324):  file open failed. (8251_sec.objt)
[20:37:56 PM]	CNtlInstanceEffect::LoadSwapFile (807):  file open failed. (8251_sec.eff)
[20:37:56 PM]	CNtlPLOccluder_Quad::LoadSwapFile (830):  file open failed. (8251_sec.ocq)
[20:37:56 PM]	CNtlPLHeatHazeObject::LoadSwapFile (724):  file open failed. (8251_sec.hho)
[20:37:56 PM]	CNtlWorldShadow::LoadSwapFile (141):  file open failed. (8378_sec.sdw)
[20:37:56 PM]	CNtlPLObject::LoadSwapFile (3324):  file open failed. (8378_sec.objt)
[20:37:56 PM]	CNtlInstanceEffect::LoadSwapFile (807):  file open failed. (8378_sec.eff)
[20:37:56 PM]	CNtlPLOccluder_Quad::LoadSwapFile (830):  file open failed. (8378_sec.ocq)
[20:37:56 PM]	CNtlPLHeatHazeObject::LoadSwapFile (724):  file open failed. (8378_sec.hho)
[20:37:56 PM]	CNtlWorldShadow::LoadSwapFile (141):  file open failed. (8379_sec.sdw)
[20:37:56 PM]	CNtlPLObject::LoadSwapFile (3324):  file open failed. (8379_sec.objt)
[20:37:56 PM]	CNtlInstanceEffect::LoadSwapFile (807):  file open failed. (8379_sec.eff)
[20:37:56 PM]	CNtlPLOccluder_Quad::LoadSwapFile (830):  file open failed. (8379_sec.ocq)
[20:37:56 PM]	CNtlPLHeatHazeObject::LoadSwapFile (724):  file open failed. (8379_sec.hho)
[20:37:56 PM]	CNtlWorldShadow::LoadSwapFile (141):  file open failed. (8252_sec.sdw)
[20:37:56 PM]	CNtlPLObject::LoadSwapFile (3324):  file open failed. (8252_sec.objt)
[20:37:56 PM]	CNtlInstanceEffect::LoadSwapFile (807):  file open failed. (8252_sec.eff)
[20:37:56 PM]	CNtlPLOccluder_Quad::LoadSwapFile (830):  file open failed. (8252_sec.ocq)
[20:37:56 PM]	CNtlPLHeatHazeObject::LoadSwapFile (724):  file open failed. (8252_sec.hho)
[20:37:56 PM]	CNtlWorldShadow::LoadSwapFile (141):  file open failed. (8253_sec.sdw)
[20:37:56 PM]	CNtlPLObject::LoadSwapFile (3324):  file open failed. (8253_sec.objt)
[20:37:56 PM]	CNtlInstanceEffect::LoadSwapFile (807):  file open failed. (8253_sec.eff)
[20:37:56 PM]	CNtlPLOccluder_Quad::LoadSwapFile (830):  file open failed. (8253_sec.ocq)
[20:37:56 PM]	CNtlPLHeatHazeObject::LoadSwapFile (724):  file open failed. (8253_sec.hho)
[20:37:56 PM]	CNtlWorldShadow::LoadSwapFile (141):  file open failed. (8380_sec.sdw)
[20:37:56 PM]	CNtlPLObject::LoadSwapFile (3324):  file open failed. (8380_sec.objt)
[20:37:56 PM]	CNtlInstanceEffect::LoadSwapFile (807):  file open failed. (8380_sec.eff)
[20:37:56 PM]	CNtlPLOccluder_Quad::LoadSwapFile (830):  file open failed. (8380_sec.ocq)
[20:37:56 PM]	CNtlPLHeatHazeObject::LoadSwapFile (724):  file open failed. (8380_sec.hho)
[20:37:56 PM]	CNtlWorldShadow::LoadSwapFile (141):  file open failed. (8381_sec.sdw)
[20:37:56 PM]	CNtlPLObject::LoadSwapFile (3324):  file open failed. (8381_sec.objt)
[20:37:56 PM]	CNtlInstanceEffect::LoadSwapFile (807):  file open failed. (8381_sec.eff)
[20:37:56 PM]	CNtlPLOccluder_Quad::LoadSwapFile (830):  file open failed. (8381_sec.ocq)
[20:37:56 PM]	CNtlPLHeatHazeObject::LoadSwapFile (724):  file open failed. (8381_sec.hho)
[20:37:56 PM]	CNtlWorldShadow::LoadSwapFile (141):  file open failed. (8254_sec.sdw)
[20:37:56 PM]	CNtlPLObject::LoadSwapFile (3324):  file open failed. (8254_sec.objt)
[20:37:56 PM]	CNtlInstanceEffect::LoadSwapFile (807):  file open failed. (8254_sec.eff)
[20:37:56 PM]	CNtlPLOccluder_Quad::LoadSwapFile (830):  file open failed. (8254_sec.ocq)
[20:37:56 PM]	CNtlPLHeatHazeObject::LoadSwapFile (724):  file open failed. (8254_sec.hho)
[20:37:56 PM]	CNtlWorldShadow::LoadSwapFile (141):  file open failed. (8255_sec.sdw)
[20:37:56 PM]	CNtlPLObject::LoadSwapFile (3324):  file open failed. (8255_sec.objt)
[20:37:56 PM]	CNtlInstanceEffect::LoadSwapFile (807):  file open failed. (8255_sec.eff)
[20:37:56 PM]	CNtlPLOccluder_Quad::LoadSwapFile (830):  file open failed. (8255_sec.ocq)
[20:37:56 PM]	CNtlPLHeatHazeObject::LoadSwapFile (724):  file open failed. (8255_sec.hho)
[20:37:56 PM]	CNtlWorldShadow::LoadSwapFile (141):  file open failed. (8382_sec.sdw)
[20:37:56 PM]	CNtlPLObject::LoadSwapFile (3324):  file open failed. (8382_sec.objt)
[20:37:56 PM]	CNtlInstanceEffect::LoadSwapFile (807):  file open failed. (8382_sec.eff)
[20:37:56 PM]	CNtlPLOccluder_Quad::LoadSwapFile (830):  file open failed. (8382_sec.ocq)
[20:37:56 PM]	CNtlPLHeatHazeObject::LoadSwapFile (724):  file open failed. (8382_sec.hho)
[20:37:56 PM]	CNtlWorldShadow::LoadSwapFile (141):  file open failed. (8383_sec.sdw)
[20:37:56 PM]	CNtlPLObject::LoadSwapFile (3324):  file open failed. (8383_sec.objt)
[20:37:56 PM]	CNtlInstanceEffect::LoadSwapFile (807):  file open failed. (8383_sec.eff)
[20:37:56 PM]	CNtlPLOccluder_Quad::LoadSwapFile (830):  file open failed. (8383_sec.ocq)
[20:37:56 PM]	CNtlPLHeatHazeObject::LoadSwapFile (724):  file open failed. (8383_sec.hho)
[20:37:56 PM]	CNtlWorldShadow::LoadSwapFile (141):  file open failed. (8256_sec.sdw)
[20:37:57 PM]	CNtlPLObject::LoadSwapFile (3324):  file open failed. (8256_sec.objt)
[20:37:57 PM]	CNtlInstanceEffect::LoadSwapFile (807):  file open failed. (8256_sec.eff)
[20:37:57 PM]	CNtlPLOccluder_Quad::LoadSwapFile (830):  file open failed. (8256_sec.ocq)
[20:37:57 PM]	CNtlPLHeatHazeObject::LoadSwapFile (724):  file open failed. (8256_sec.hho)
[20:37:57 PM]	CNtlWorldShadow::LoadSwapFile (141):  file open failed. (8257_sec.sdw)
[20:37:57 PM]	CNtlPLObject::LoadSwapFile (3324):  file open failed. (8257_sec.objt)
[20:37:57 PM]	CNtlInstanceEffect::LoadSwapFile (807):  file open failed. (8257_sec.eff)
[20:37:57 PM]	CNtlPLOccluder_Quad::LoadSwapFile (830):  file open failed. (8257_sec.ocq)
[20:37:57 PM]	CNtlPLHeatHazeObject::LoadSwapFile (724):  file open failed. (8257_sec.hho)
[20:37:57 PM]	CNtlWorldShadow::LoadSwapFile (141):  file open failed. (8384_sec.sdw)
[20:37:57 PM]	CNtlPLObject::LoadSwapFile (3324):  file open failed. (8384_sec.objt)
[20:37:57 PM]	CNtlInstanceEffect::LoadSwapFile (807):  file open failed. (8384_sec.eff)
[20:37:57 PM]	CNtlPLOccluder_Quad::LoadSwapFile (830):  file open failed. (8384_sec.ocq)
[20:37:57 PM]	CNtlPLHeatHazeObject::LoadSwapFile (724):  file open failed. (8384_sec.hho)
[20:37:57 PM]	CNtlWorldShadow::LoadSwapFile (141):  file open failed. (8385_sec.sdw)
[20:37:57 PM]	CNtlPLObject::LoadSwapFile (3324):  file open failed. (8385_sec.objt)
[20:37:57 PM]	CNtlInstanceEffect::LoadSwapFile (807):  file open failed. (8385_sec.eff)
[20:37:57 PM]	CNtlPLOccluder_Quad::LoadSwapFile (830):  file open failed. (8385_sec.ocq)
[20:37:57 PM]	CNtlPLHeatHazeObject::LoadSwapFile (724):  file open failed. (8385_sec.hho)
[20:37:57 PM]	CNtlWorldShadow::LoadSwapFile (141):  file open failed. (8258_sec.sdw)
[20:37:57 PM]	CNtlPLObject::LoadSwapFile (3324):  file open failed. (8258_sec.objt)
[20:37:57 PM]	CNtlInstanceEffect::LoadSwapFile (807):  file open failed. (8258_sec.eff)
[20:37:57 PM]	CNtlPLOccluder_Quad::LoadSwapFile (830):  file open failed. (8258_sec.ocq)
[20:37:57 PM]	CNtlPLHeatHazeObject::LoadSwapFile (724):  file open failed. (8258_sec.hho)
[20:37:57 PM]	CNtlWorldShadow::LoadSwapFile (141):  file open failed. (8259_sec.sdw)
[20:37:57 PM]	CNtlPLObject::LoadSwapFile (3324):  file open failed. (8259_sec.objt)
[20:37:57 PM]	CNtlInstanceEffect::LoadSwapFile (807):  file open failed. (8259_sec.eff)
[20:37:57 PM]	CNtlPLOccluder_Quad::LoadSwapFile (830):  file open failed. (8259_sec.ocq)
[20:37:57 PM]	CNtlPLHeatHazeObject::LoadSwapFile (724):  file open failed. (8259_sec.hho)
[20:37:57 PM]	CNtlWorldShadow::LoadSwapFile (141):  file open failed. (8386_sec.sdw)
[20:37:57 PM]	CNtlPLObject::LoadSwapFile (3324):  file open failed. (8386_sec.objt)
[20:37:57 PM]	CNtlInstanceEffect::LoadSwapFile (807):  file open failed. (8386_sec.eff)
[20:37:57 PM]	CNtlPLOccluder_Quad::LoadSwapFile (830):  file open failed. (8386_sec.ocq)
[20:37:57 PM]	CNtlPLHeatHazeObject::LoadSwapFile (724):  file open failed. (8386_sec.hho)
[20:37:57 PM]	CNtlWorldShadow::LoadSwapFile (141):  file open failed. (8387_sec.sdw)
[20:37:57 PM]	CNtlPLObject::LoadSwapFile (3324):  file open failed. (8387_sec.objt)
[20:37:57 PM]	CNtlInstanceEffect::LoadSwapFile (807):  file open failed. (8387_sec.eff)
[20:37:57 PM]	CNtlPLOccluder_Quad::LoadSwapFile (830):  file open failed. (8387_sec.ocq)
[20:37:57 PM]	CNtlPLHeatHazeObject::LoadSwapFile (724):  file open failed. (8387_sec.hho)
[20:37:57 PM]	CNtlWorldShadow::LoadSwapFile (141):  file open failed. (8260_sec.sdw)
[20:37:57 PM]	CNtlPLObject::LoadSwapFile (3324):  file open failed. (8260_sec.objt)
[20:37:57 PM]	CNtlInstanceEffect::LoadSwapFile (807):  file open failed. (8260_sec.eff)
[20:37:57 PM]	CNtlPLOccluder_Quad::LoadSwapFile (830):  file open failed. (8260_sec.ocq)
[20:37:57 PM]	CNtlPLHeatHazeObject::LoadSwapFile (724):  file open failed. (8260_sec.hho)
[20:37:57 PM]	CNtlWorldShadow::LoadSwapFile (141):  file open failed. (8261_sec.sdw)
[20:37:57 PM]	CNtlPLObject::LoadSwapFile (3324):  file open failed. (8261_sec.objt)
[20:37:57 PM]	CNtlInstanceEffect::LoadSwapFile (807):  file open failed. (8261_sec.eff)
[20:37:57 PM]	CNtlPLOccluder_Quad::LoadSwapFile (830):  file open failed. (8261_sec.ocq)
[20:37:57 PM]	CNtlPLHeatHazeObject::LoadSwapFile (724):  file open failed. (8261_sec.hho)
[20:37:57 PM]	CNtlWorldShadow::LoadSwapFile (141):  file open failed. (8388_sec.sdw)
[20:37:57 PM]	CNtlPLObject::LoadSwapFile (3324):  file open failed. (8388_sec.objt)
[20:37:57 PM]	CNtlInstanceEffect::LoadSwapFile (807):  file open failed. (8388_sec.eff)
[20:37:57 PM]	CNtlPLOccluder_Quad::LoadSwapFile (830):  file open failed. (8388_sec.ocq)
[20:37:57 PM]	CNtlPLHeatHazeObject::LoadSwapFile (724):  file open failed. (8388_sec.hho)
[20:37:57 PM]	CNtlWorldShadow::LoadSwapFile (141):  file open failed. (8389_sec.sdw)
[20:37:57 PM]	CNtlPLObject::LoadSwapFile (3324):  file open failed. (8389_sec.objt)
[20:37:57 PM]	CNtlInstanceEffect::LoadSwapFile (807):  file open failed. (8389_sec.eff)
[20:37:57 PM]	CNtlPLOccluder_Quad::LoadSwapFile (830):  file open failed. (8389_sec.ocq)
[20:37:57 PM]	CNtlPLHeatHazeObject::LoadSwapFile (724):  file open failed. (8389_sec.hho)
[20:37:57 PM]	CNtlWorldShadow::LoadSwapFile (141):  file open failed. (8506_sec.sdw)
[20:37:57 PM]	CNtlPLObject::LoadSwapFile (3324):  file open failed. (8506_sec.objt)
[20:37:57 PM]	CNtlInstanceEffect::LoadSwapFile (807):  file open failed. (8506_sec.eff)
[20:37:57 PM]	CNtlPLOccluder_Quad::LoadSwapFile (830):  file open failed. (8506_sec.ocq)
[20:37:58 PM]	CNtlPLHeatHazeObject::LoadSwapFile (724):  file open failed. (8506_sec.hho)
[20:37:58 PM]	CNtlWorldShadow::LoadSwapFile (141):  file open failed. (8507_sec.sdw)
[20:37:58 PM]	CNtlPLObject::LoadSwapFile (3324):  file open failed. (8507_sec.objt)
[20:37:58 PM]	CNtlInstanceEffect::LoadSwapFile (807):  file open failed. (8507_sec.eff)
[20:37:58 PM]	CNtlPLOccluder_Quad::LoadSwapFile (830):  file open failed. (8507_sec.ocq)
[20:37:58 PM]	CNtlPLHeatHazeObject::LoadSwapFile (724):  file open failed. (8507_sec.hho)
[20:37:58 PM]	CNtlWorldShadow::LoadSwapFile (141):  file open failed. (8634_sec.sdw)
[20:37:58 PM]	CNtlPLObject::LoadSwapFile (3324):  file open failed. (8634_sec.objt)
[20:37:58 PM]	CNtlInstanceEffect::LoadSwapFile (807):  file open failed. (8634_sec.eff)
[20:37:58 PM]	CNtlPLOccluder_Quad::LoadSwapFile (830):  file open failed. (8634_sec.ocq)
[20:37:58 PM]	CNtlPLHeatHazeObject::LoadSwapFile (724):  file open failed. (8634_sec.hho)
[20:37:58 PM]	CNtlWorldShadow::LoadSwapFile (141):  file open failed. (8635_sec.sdw)
[20:37:58 PM]	CNtlPLObject::LoadSwapFile (3324):  file open failed. (8635_sec.objt)
[20:37:58 PM]	CNtlInstanceEffect::LoadSwapFile (807):  file open failed. (8635_sec.eff)
[20:37:58 PM]	CNtlPLOccluder_Quad::LoadSwapFile (830):  file open failed. (8635_sec.ocq)
[20:37:58 PM]	CNtlPLHeatHazeObject::LoadSwapFile (724):  file open failed. (8635_sec.hho)
[20:37:58 PM]	CNtlWorldShadow::LoadSwapFile (141):  file open failed. (8508_sec.sdw)
[20:37:58 PM]	CNtlPLObject::LoadSwapFile (3324):  file open failed. (8508_sec.objt)
[20:37:58 PM]	CNtlInstanceEffect::LoadSwapFile (807):  file open failed. (8508_sec.eff)
[20:37:58 PM]	CNtlPLOccluder_Quad::LoadSwapFile (830):  file open failed. (8508_sec.ocq)
[20:37:58 PM]	CNtlPLHeatHazeObject::LoadSwapFile (724):  file open failed. (8508_sec.hho)
[20:37:58 PM]	CNtlWorldShadow::LoadSwapFile (141):  file open failed. (8509_sec.sdw)
[20:37:58 PM]	CNtlPLObject::LoadSwapFile (3324):  file open failed. (8509_sec.objt)
[20:37:58 PM]	CNtlInstanceEffect::LoadSwapFile (807):  file open failed. (8509_sec.eff)
[20:37:58 PM]	CNtlPLOccluder_Quad::LoadSwapFile (830):  file open failed. (8509_sec.ocq)
[20:37:58 PM]	CNtlPLHeatHazeObject::LoadSwapFile (724):  file open failed. (8509_sec.hho)
[20:37:58 PM]	CNtlWorldShadow::LoadSwapFile (141):  file open failed. (8636_sec.sdw)
[20:37:58 PM]	CNtlPLObject::LoadSwapFile (3324):  file open failed. (8636_sec.objt)
[20:37:58 PM]	CNtlInstanceEffect::LoadSwapFile (807):  file open failed. (8636_sec.eff)
[20:37:58 PM]	CNtlPLOccluder_Quad::LoadSwapFile (830):  file open failed. (8636_sec.ocq)
[20:37:58 PM]	CNtlPLHeatHazeObject::LoadSwapFile (724):  file open failed. (8636_sec.hho)
[20:37:58 PM]	CNtlWorldShadow::LoadSwapFile (141):  file open failed. (8637_sec.sdw)
[20:37:58 PM]	CNtlPLObject::LoadSwapFile (3324):  file open failed. (8637_sec.objt)
[20:37:58 PM]	CNtlInstanceEffect::LoadSwapFile (807):  file open failed. (8637_sec.eff)
[20:37:58 PM]	CNtlPLOccluder_Quad::LoadSwapFile (830):  file open failed. (8637_sec.ocq)
[20:37:58 PM]	CNtlPLHeatHazeObject::LoadSwapFile (724):  file open failed. (8637_sec.hho)
[20:37:58 PM]	CNtlWorldShadow::LoadSwapFile (141):  file open failed. (8510_sec.sdw)
[20:37:58 PM]	CNtlPLObject::LoadSwapFile (3324):  file open failed. (8510_sec.objt)
[20:37:58 PM]	CNtlInstanceEffect::LoadSwapFile (807):  file open failed. (8510_sec.eff)
[20:37:58 PM]	CNtlPLOccluder_Quad::LoadSwapFile (830):  file open failed. (8510_sec.ocq)
[20:37:58 PM]	CNtlPLHeatHazeObject::LoadSwapFile (724):  file open failed. (8510_sec.hho)
[20:37:59 PM]	CNtlWorldShadow::LoadSwapFile (141):  file open failed. (8511_sec.sdw)
[20:37:59 PM]	CNtlPLObject::LoadSwapFile (3324):  file open failed. (8511_sec.objt)
[20:37:59 PM]	CNtlInstanceEffect::LoadSwapFile (807):  file open failed. (8511_sec.eff)
[20:37:59 PM]	CNtlPLOccluder_Quad::LoadSwapFile (830):  file open failed. (8511_sec.ocq)
[20:37:59 PM]	CNtlPLHeatHazeObject::LoadSwapFile (724):  file open failed. (8511_sec.hho)
[20:37:59 PM]	CNtlWorldShadow::LoadSwapFile (141):  file open failed. (8638_sec.sdw)
[20:37:59 PM]	CNtlPLObject::LoadSwapFile (3324):  file open failed. (8638_sec.objt)
[20:37:59 PM]	CNtlInstanceEffect::LoadSwapFile (807):  file open failed. (8638_sec.eff)
[20:37:59 PM]	CNtlPLOccluder_Quad::LoadSwapFile (830):  file open failed. (8638_sec.ocq)
[20:37:59 PM]	CNtlPLHeatHazeObject::LoadSwapFile (724):  file open failed. (8638_sec.hho)
[20:37:59 PM]	CNtlWorldShadow::LoadSwapFile (141):  file open failed. (8639_sec.sdw)
[20:37:59 PM]	CNtlPLObject::LoadSwapFile (3324):  file open failed. (8639_sec.objt)
[20:37:59 PM]	CNtlInstanceEffect::LoadSwapFile (807):  file open failed. (8639_sec.eff)
[20:37:59 PM]	CNtlPLOccluder_Quad::LoadSwapFile (830):  file open failed. (8639_sec.ocq)
[20:37:59 PM]	CNtlPLHeatHazeObject::LoadSwapFile (724):  file open failed. (8639_sec.hho)
[20:37:59 PM]	CNtlWorldShadow::LoadSwapFile (141):  file open failed. (8512_sec.sdw)
[20:37:59 PM]	CNtlPLObject::LoadSwapFile (3324):  file open failed. (8512_sec.objt)
[20:37:59 PM]	CNtlInstanceEffect::LoadSwapFile (807):  file open failed. (8512_sec.eff)
[20:37:59 PM]	CNtlPLOccluder_Quad::LoadSwapFile (830):  file open failed. (8512_sec.ocq)
[20:37:59 PM]	CNtlPLHeatHazeObject::LoadSwapFile (724):  file open failed. (8512_sec.hho)
[20:37:59 PM]	CNtlWorldShadow::LoadSwapFile (141):  file open failed. (8513_sec.sdw)
[20:37:59 PM]	CNtlPLObject::LoadSwapFile (3324):  file open failed. (8513_sec.objt)
[20:37:59 PM]	CNtlInstanceEffect::LoadSwapFile (807):  file open failed. (8513_sec.eff)
[20:37:59 PM]	CNtlPLOccluder_Quad::LoadSwapFile (830):  file open failed. (8513_sec.ocq)
[20:37:59 PM]	CNtlPLHeatHazeObject::LoadSwapFile (724):  file open failed. (8513_sec.hho)
[20:37:59 PM]	CNtlWorldShadow::LoadSwapFile (141):  file open failed. (8640_sec.sdw)
[20:37:59 PM]	CNtlPLObject::LoadSwapFile (3324):  file open failed. (8640_sec.objt)
[20:37:59 PM]	CNtlInstanceEffect::LoadSwapFile (807):  file open failed. (8640_sec.eff)
[20:37:59 PM]	CNtlPLOccluder_Quad::LoadSwapFile (830):  file open failed. (8640_sec.ocq)
[20:37:59 PM]	CNtlPLHeatHazeObject::LoadSwapFile (724):  file open failed. (8640_sec.hho)
[20:37:59 PM]	CNtlWorldShadow::LoadSwapFile (141):  file open failed. (8641_sec.sdw)
[20:37:59 PM]	CNtlPLObject::LoadSwapFile (3324):  file open failed. (8641_sec.objt)
[20:37:59 PM]	CNtlInstanceEffect::LoadSwapFile (807):  file open failed. (8641_sec.eff)
[20:37:59 PM]	CNtlPLOccluder_Quad::LoadSwapFile (830):  file open failed. (8641_sec.ocq)
[20:37:59 PM]	CNtlPLHeatHazeObject::LoadSwapFile (724):  file open failed. (8641_sec.hho)
[20:37:59 PM]	CNtlWorldShadow::LoadSwapFile (141):  file open failed. (8514_sec.sdw)
[20:37:59 PM]	CNtlPLObject::LoadSwapFile (3324):  file open failed. (8514_sec.objt)
[20:37:59 PM]	CNtlInstanceEffect::LoadSwapFile (807):  file open failed. (8514_sec.eff)
[20:37:59 PM]	CNtlPLOccluder_Quad::LoadSwapFile (830):  file open failed. (8514_sec.ocq)
[20:37:59 PM]	CNtlPLHeatHazeObject::LoadSwapFile (724):  file open failed. (8514_sec.hho)
[20:37:59 PM]	CNtlWorldShadow::LoadSwapFile (141):  file open failed. (8515_sec.sdw)
[20:37:59 PM]	CNtlPLObject::LoadSwapFile (3324):  file open failed. (8515_sec.objt)
[20:37:59 PM]	CNtlInstanceEffect::LoadSwapFile (807):  file open failed. (8515_sec.eff)
[20:37:59 PM]	CNtlPLOccluder_Quad::LoadSwapFile (830):  file open failed. (8515_sec.ocq)
[20:37:59 PM]	CNtlPLHeatHazeObject::LoadSwapFile (724):  file open failed. (8515_sec.hho)
[20:37:59 PM]	CNtlWorldShadow::LoadSwapFile (141):  file open failed. (8642_sec.sdw)
[20:37:59 PM]	CNtlPLObject::LoadSwapFile (3324):  file open failed. (8642_sec.objt)
[20:37:59 PM]	CNtlInstanceEffect::LoadSwapFile (807):  file open failed. (8642_sec.eff)
[20:37:59 PM]	CNtlPLOccluder_Quad::LoadSwapFile (830):  file open failed. (8642_sec.ocq)
[20:37:59 PM]	CNtlPLHeatHazeObject::LoadSwapFile (724):  file open failed. (8642_sec.hho)
[20:37:59 PM]	CNtlWorldShadow::LoadSwapFile (141):  file open failed. (8643_sec.sdw)
[20:37:59 PM]	CNtlPLObject::LoadSwapFile (3324):  file open failed. (8643_sec.objt)
[20:37:59 PM]	CNtlInstanceEffect::LoadSwapFile (807):  file open failed. (8643_sec.eff)
[20:37:59 PM]	CNtlPLOccluder_Quad::LoadSwapFile (830):  file open failed. (8643_sec.ocq)
[20:37:59 PM]	CNtlPLHeatHazeObject::LoadSwapFile (724):  file open failed. (8643_sec.hho)
[20:38:00 PM]	CNtlWorldShadow::LoadSwapFile (141):  file open failed. (8516_sec.sdw)
[20:38:00 PM]	CNtlPLObject::LoadSwapFile (3324):  file open failed. (8516_sec.objt)
[20:38:00 PM]	CNtlInstanceEffect::LoadSwapFile (807):  file open failed. (8516_sec.eff)
[20:38:00 PM]	CNtlPLOccluder_Quad::LoadSwapFile (830):  file open failed. (8516_sec.ocq)
[20:38:00 PM]	CNtlPLHeatHazeObject::LoadSwapFile (724):  file open failed. (8516_sec.hho)
[20:38:00 PM]	CNtlWorldShadow::LoadSwapFile (141):  file open failed. (8517_sec.sdw)
[20:38:00 PM]	CNtlPLObject::LoadSwapFile (3324):  file open failed. (8517_sec.objt)
[20:38:00 PM]	CNtlInstanceEffect::LoadSwapFile (807):  file open failed. (8517_sec.eff)
[20:38:00 PM]	CNtlPLOccluder_Quad::LoadSwapFile (830):  file open failed. (8517_sec.ocq)
[20:38:00 PM]	CNtlPLHeatHazeObject::LoadSwapFile (724):  file open failed. (8517_sec.hho)
[20:38:00 PM]	CNtlWorldShadow::LoadSwapFile (141):  file open failed. (8644_sec.sdw)
[20:38:00 PM]	CNtlPLObject::LoadSwapFile (3324):  file open failed. (8644_sec.objt)
[20:38:00 PM]	CNtlInstanceEffect::LoadSwapFile (807):  file open failed. (8644_sec.eff)
[20:38:00 PM]	CNtlPLOccluder_Quad::LoadSwapFile (830):  file open failed. (8644_sec.ocq)
[20:38:00 PM]	CNtlPLHeatHazeObject::LoadSwapFile (724):  file open failed. (8644_sec.hho)
[20:38:00 PM]	CNtlWorldShadow::LoadSwapFile (141):  file open failed. (8645_sec.sdw)
[20:38:00 PM]	CNtlPLObject::LoadSwapFile (3324):  file open failed. (8645_sec.objt)
[20:38:00 PM]	CNtlInstanceEffect::LoadSwapFile (807):  file open failed. (8645_sec.eff)
[20:38:00 PM]	CNtlPLOccluder_Quad::LoadSwapFile (830):  file open failed. (8645_sec.ocq)
[20:38:00 PM]	CNtlPLHeatHazeObject::LoadSwapFile (724):  file open failed. (8645_sec.hho)
[20:38:00 PM]	CNtlWorldShadow::LoadSwapFile (141):  file open failed. (8762_sec.sdw)
[20:38:00 PM]	CNtlPLObject::LoadSwapFile (3324):  file open failed. (8762_sec.objt)
[20:38:00 PM]	CNtlInstanceEffect::LoadSwapFile (807):  file open failed. (8762_sec.eff)
[20:38:00 PM]	CNtlPLOccluder_Quad::LoadSwapFile (830):  file open failed. (8762_sec.ocq)
[20:38:00 PM]	CNtlPLHeatHazeObject::LoadSwapFile (724):  file open failed. (8762_sec.hho)
[20:38:00 PM]	CNtlWorldShadow::LoadSwapFile (141):  file open failed. (8763_sec.sdw)
[20:38:00 PM]	CNtlPLObject::LoadSwapFile (3324):  file open failed. (8763_sec.objt)
[20:38:00 PM]	CNtlInstanceEffect::LoadSwapFile (807):  file open failed. (8763_sec.eff)
[20:38:00 PM]	CNtlPLOccluder_Quad::LoadSwapFile (830):  file open failed. (8763_sec.ocq)
[20:38:00 PM]	CNtlPLHeatHazeObject::LoadSwapFile (724):  file open failed. (8763_sec.hho)
[20:38:00 PM]	CNtlWorldShadow::LoadSwapFile (141):  file open failed. (8890_sec.sdw)
[20:38:00 PM]	CNtlPLObject::LoadSwapFile (3324):  file open failed. (8890_sec.objt)
[20:38:00 PM]	CNtlInstanceEffect::LoadSwapFile (807):  file open failed. (8890_sec.eff)
[20:38:00 PM]	CNtlPLOccluder_Quad::LoadSwapFile (830):  file open failed. (8890_sec.ocq)
[20:38:00 PM]	CNtlPLHeatHazeObject::LoadSwapFile (724):  file open failed. (8890_sec.hho)
[20:38:00 PM]	CNtlWorldShadow::LoadSwapFile (141):  file open failed. (8891_sec.sdw)
[20:38:00 PM]	CNtlPLObject::LoadSwapFile (3324):  file open failed. (8891_sec.objt)
[20:38:00 PM]	CNtlInstanceEffect::LoadSwapFile (807):  file open failed. (8891_sec.eff)
[20:38:00 PM]	CNtlPLOccluder_Quad::LoadSwapFile (830):  file open failed. (8891_sec.ocq)
[20:38:01 PM]	CNtlPLHeatHazeObject::LoadSwapFile (724):  file open failed. (8891_sec.hho)
[20:38:01 PM]	CNtlWorldShadow::LoadSwapFile (141):  file open failed. (8764_sec.sdw)
[20:38:01 PM]	CNtlPLObject::LoadSwapFile (3324):  file open failed. (8764_sec.objt)
[20:38:01 PM]	CNtlInstanceEffect::LoadSwapFile (807):  file open failed. (8764_sec.eff)
[20:38:01 PM]	CNtlPLOccluder_Quad::LoadSwapFile (830):  file open failed. (8764_sec.ocq)
[20:38:01 PM]	CNtlPLHeatHazeObject::LoadSwapFile (724):  file open failed. (8764_sec.hho)
[20:38:01 PM]	CNtlWorldShadow::LoadSwapFile (141):  file open failed. (8765_sec.sdw)
[20:38:01 PM]	CNtlPLObject::LoadSwapFile (3324):  file open failed. (8765_sec.objt)
[20:38:01 PM]	CNtlInstanceEffect::LoadSwapFile (807):  file open failed. (8765_sec.eff)
[20:38:01 PM]	CNtlPLOccluder_Quad::LoadSwapFile (830):  file open failed. (8765_sec.ocq)
[20:38:01 PM]	CNtlPLHeatHazeObject::LoadSwapFile (724):  file open failed. (8765_sec.hho)
[20:38:01 PM]	CNtlWorldShadow::LoadSwapFile (141):  file open failed. (8892_sec.sdw)
[20:38:01 PM]	CNtlPLObject::LoadSwapFile (3324):  file open failed. (8892_sec.objt)
[20:38:01 PM]	CNtlInstanceEffect::LoadSwapFile (807):  file open failed. (8892_sec.eff)
[20:38:01 PM]	CNtlPLOccluder_Quad::LoadSwapFile (830):  file open failed. (8892_sec.ocq)
[20:38:01 PM]	CNtlPLHeatHazeObject::LoadSwapFile (724):  file open failed. (8892_sec.hho)
[20:38:01 PM]	CNtlWorldShadow::LoadSwapFile (141):  file open failed. (8893_sec.sdw)
[20:38:01 PM]	CNtlPLObject::LoadSwapFile (3324):  file open failed. (8893_sec.objt)
[20:38:01 PM]	CNtlInstanceEffect::LoadSwapFile (807):  file open failed. (8893_sec.eff)
[20:38:01 PM]	CNtlPLOccluder_Quad::LoadSwapFile (830):  file open failed. (8893_sec.ocq)
[20:38:01 PM]	CNtlPLHeatHazeObject::LoadSwapFile (724):  file open failed. (8893_sec.hho)
[20:38:01 PM]	CNtlWorldShadow::LoadSwapFile (141):  file open failed. (8766_sec.sdw)
[20:38:01 PM]	CNtlPLObject::LoadSwapFile (3324):  file open failed. (8766_sec.objt)
[20:38:01 PM]	CNtlInstanceEffect::LoadSwapFile (807):  file open failed. (8766_sec.eff)
[20:38:01 PM]	CNtlPLOccluder_Quad::LoadSwapFile (830):  file open failed. (8766_sec.ocq)
[20:38:01 PM]	CNtlPLHeatHazeObject::LoadSwapFile (724):  file open failed. (8766_sec.hho)
[20:38:01 PM]	CNtlWorldShadow::LoadSwapFile (141):  file open failed. (8767_sec.sdw)
[20:38:01 PM]	CNtlPLObject::LoadSwapFile (3324):  file open failed. (8767_sec.objt)
[20:38:01 PM]	CNtlInstanceEffect::LoadSwapFile (807):  file open failed. (8767_sec.eff)
[20:38:01 PM]	CNtlPLOccluder_Quad::LoadSwapFile (830):  file open failed. (8767_sec.ocq)
[20:38:01 PM]	CNtlPLHeatHazeObject::LoadSwapFile (724):  file open failed. (8767_sec.hho)
[20:38:01 PM]	CNtlWorldShadow::LoadSwapFile (141):  file open failed. (8894_sec.sdw)
[20:38:01 PM]	CNtlPLObject::LoadSwapFile (3324):  file open failed. (8894_sec.objt)
[20:38:01 PM]	CNtlInstanceEffect::LoadSwapFile (807):  file open failed. (8894_sec.eff)
[20:38:01 PM]	CNtlPLOccluder_Quad::LoadSwapFile (830):  file open failed. (8894_sec.ocq)
[20:38:01 PM]	CNtlPLHeatHazeObject::LoadSwapFile (724):  file open failed. (8894_sec.hho)
[20:38:01 PM]	CNtlWorldShadow::LoadSwapFile (141):  file open failed. (8895_sec.sdw)
[20:38:01 PM]	CNtlPLObject::LoadSwapFile (3324):  file open failed. (8895_sec.objt)
[20:38:01 PM]	CNtlInstanceEffect::LoadSwapFile (807):  file open failed. (8895_sec.eff)
[20:38:01 PM]	CNtlPLOccluder_Quad::LoadSwapFile (830):  file open failed. (8895_sec.ocq)
[20:38:01 PM]	CNtlPLHeatHazeObject::LoadSwapFile (724):  file open failed. (8895_sec.hho)
[20:38:01 PM]	CNtlWorldShadow::LoadSwapFile (141):  file open failed. (8768_sec.sdw)
[20:38:01 PM]	CNtlPLObject::LoadSwapFile (3324):  file open failed. (8768_sec.objt)
[20:38:01 PM]	CNtlInstanceEffect::LoadSwapFile (807):  file open failed. (8768_sec.eff)
[20:38:01 PM]	CNtlPLOccluder_Quad::LoadSwapFile (830):  file open failed. (8768_sec.ocq)
[20:38:01 PM]	CNtlPLHeatHazeObject::LoadSwapFile (724):  file open failed. (8768_sec.hho)
[20:38:01 PM]	CNtlWorldShadow::LoadSwapFile (141):  file open failed. (8769_sec.sdw)
[20:38:01 PM]	CNtlPLObject::LoadSwapFile (3324):  file open failed. (8769_sec.objt)
[20:38:01 PM]	CNtlInstanceEffect::LoadSwapFile (807):  file open failed. (8769_sec.eff)
[20:38:01 PM]	CNtlPLOccluder_Quad::LoadSwapFile (830):  file open failed. (8769_sec.ocq)
[20:38:01 PM]	CNtlPLHeatHazeObject::LoadSwapFile (724):  file open failed. (8769_sec.hho)
[20:38:01 PM]	CNtlWorldShadow::LoadSwapFile (141):  file open failed. (8896_sec.sdw)
[20:38:01 PM]	CNtlPLObject::LoadSwapFile (3324):  file open failed. (8896_sec.objt)
[20:38:01 PM]	CNtlInstanceEffect::LoadSwapFile (807):  file open failed. (8896_sec.eff)
[20:38:02 PM]	CNtlPLOccluder_Quad::LoadSwapFile (830):  file open failed. (8896_sec.ocq)
[20:38:02 PM]	CNtlPLHeatHazeObject::LoadSwapFile (724):  file open failed. (8896_sec.hho)
[20:38:02 PM]	CNtlWorldShadow::LoadSwapFile (141):  file open failed. (8897_sec.sdw)
[20:38:02 PM]	CNtlPLObject::LoadSwapFile (3324):  file open failed. (8897_sec.objt)
[20:38:02 PM]	CNtlInstanceEffect::LoadSwapFile (807):  file open failed. (8897_sec.eff)
[20:38:02 PM]	CNtlPLOccluder_Quad::LoadSwapFile (830):  file open failed. (8897_sec.ocq)
[20:38:02 PM]	CNtlPLHeatHazeObject::LoadSwapFile (724):  file open failed. (8897_sec.hho)
[20:38:02 PM]	CNtlWorldShadow::LoadSwapFile (141):  file open failed. (8770_sec.sdw)
[20:38:02 PM]	CNtlPLObject::LoadSwapFile (3324):  file open failed. (8770_sec.objt)
[20:38:02 PM]	CNtlInstanceEffect::LoadSwapFile (807):  file open failed. (8770_sec.eff)
[20:38:02 PM]	CNtlPLOccluder_Quad::LoadSwapFile (830):  file open failed. (8770_sec.ocq)
[20:38:02 PM]	CNtlPLHeatHazeObject::LoadSwapFile (724):  file open failed. (8770_sec.hho)
[20:38:02 PM]	CNtlWorldShadow::LoadSwapFile (141):  file open failed. (8771_sec.sdw)
[20:38:02 PM]	CNtlPLObject::LoadSwapFile (3324):  file open failed. (8771_sec.objt)
[20:38:02 PM]	CNtlInstanceEffect::LoadSwapFile (807):  file open failed. (8771_sec.eff)
[20:38:02 PM]	CNtlPLOccluder_Quad::LoadSwapFile (830):  file open failed. (8771_sec.ocq)
[20:38:02 PM]	CNtlPLHeatHazeObject::LoadSwapFile (724):  file open failed. (8771_sec.hho)
[20:38:02 PM]	CNtlWorldShadow::LoadSwapFile (141):  file open failed. (8898_sec.sdw)
[20:38:02 PM]	CNtlPLObject::LoadSwapFile (3324):  file open failed. (8898_sec.objt)
[20:38:02 PM]	CNtlInstanceEffect::LoadSwapFile (807):  file open failed. (8898_sec.eff)
[20:38:02 PM]	CNtlPLOccluder_Quad::LoadSwapFile (830):  file open failed. (8898_sec.ocq)
[20:38:02 PM]	CNtlPLHeatHazeObject::LoadSwapFile (724):  file open failed. (8898_sec.hho)
[20:38:02 PM]	CNtlWorldShadow::LoadSwapFile (141):  file open failed. (8899_sec.sdw)
[20:38:02 PM]	CNtlPLObject::LoadSwapFile (3324):  file open failed. (8899_sec.objt)
[20:38:02 PM]	CNtlInstanceEffect::LoadSwapFile (807):  file open failed. (8899_sec.eff)
[20:38:02 PM]	CNtlPLOccluder_Quad::LoadSwapFile (830):  file open failed. (8899_sec.ocq)
[20:38:02 PM]	CNtlPLHeatHazeObject::LoadSwapFile (724):  file open failed. (8899_sec.hho)
[20:38:02 PM]	CNtlWorldShadow::LoadSwapFile (141):  file open failed. (8772_sec.sdw)
[20:38:02 PM]	CNtlPLObject::LoadSwapFile (3324):  file open failed. (8772_sec.objt)
[20:38:02 PM]	CNtlInstanceEffect::LoadSwapFile (807):  file open failed. (8772_sec.eff)
[20:38:02 PM]	CNtlPLOccluder_Quad::LoadSwapFile (830):  file open failed. (8772_sec.ocq)
[20:38:02 PM]	CNtlPLHeatHazeObject::LoadSwapFile (724):  file open failed. (8772_sec.hho)
[20:38:02 PM]	CNtlWorldShadow::LoadSwapFile (141):  file open failed. (8773_sec.sdw)
[20:38:02 PM]	CNtlPLObject::LoadSwapFile (3324):  file open failed. (8773_sec.objt)
[20:38:02 PM]	CNtlInstanceEffect::LoadSwapFile (807):  file open failed. (8773_sec.eff)
[20:38:02 PM]	CNtlPLOccluder_Quad::LoadSwapFile (830):  file open failed. (8773_sec.ocq)
[20:38:02 PM]	CNtlPLHeatHazeObject::LoadSwapFile (724):  file open failed. (8773_sec.hho)
[20:38:02 PM]	CNtlWorldShadow::LoadSwapFile (141):  file open failed. (8900_sec.sdw)
[20:38:02 PM]	CNtlPLObject::LoadSwapFile (3324):  file open failed. (8900_sec.objt)
[20:38:02 PM]	CNtlInstanceEffect::LoadSwapFile (807):  file open failed. (8900_sec.eff)
[20:38:02 PM]	CNtlPLOccluder_Quad::LoadSwapFile (830):  file open failed. (8900_sec.ocq)
[20:38:02 PM]	CNtlPLHeatHazeObject::LoadSwapFile (724):  file open failed. (8900_sec.hho)
[20:38:02 PM]	CNtlWorldShadow::LoadSwapFile (141):  file open failed. (8901_sec.sdw)
[20:38:02 PM]	CNtlPLObject::LoadSwapFile (3324):  file open failed. (8901_sec.objt)
[20:38:03 PM]	CNtlInstanceEffect::LoadSwapFile (807):  file open failed. (8901_sec.eff)
[20:38:03 PM]	CNtlPLOccluder_Quad::LoadSwapFile (830):  file open failed. (8901_sec.ocq)
[20:38:03 PM]	CNtlPLHeatHazeObject::LoadSwapFile (724):  file open failed. (8901_sec.hho)
[20:38:03 PM]	CNtlWorldShadow::LoadSwapFile (141):  file open failed. (9018_sec.sdw)
[20:38:03 PM]	CNtlPLObject::LoadSwapFile (3324):  file open failed. (9018_sec.objt)
[20:38:03 PM]	CNtlInstanceEffect::LoadSwapFile (807):  file open failed. (9018_sec.eff)
[20:38:03 PM]	CNtlPLOccluder_Quad::LoadSwapFile (830):  file open failed. (9018_sec.ocq)
[20:38:03 PM]	CNtlPLHeatHazeObject::LoadSwapFile (724):  file open failed. (9018_sec.hho)
[20:38:03 PM]	CNtlWorldShadow::LoadSwapFile (141):  file open failed. (9019_sec.sdw)
[20:38:03 PM]	CNtlPLObject::LoadSwapFile (3324):  file open failed. (9019_sec.objt)
[20:38:03 PM]	CNtlInstanceEffect::LoadSwapFile (807):  file open failed. (9019_sec.eff)
[20:38:03 PM]	CNtlPLOccluder_Quad::LoadSwapFile (830):  file open failed. (9019_sec.ocq)
[20:38:03 PM]	CNtlPLHeatHazeObject::LoadSwapFile (724):  file open failed. (9019_sec.hho)
[20:38:03 PM]	CNtlWorldShadow::LoadSwapFile (141):  file open failed. (9146_sec.sdw)
[20:38:03 PM]	CNtlPLObject::LoadSwapFile (3324):  file open failed. (9146_sec.objt)
[20:38:03 PM]	CNtlInstanceEffect::LoadSwapFile (807):  file open failed. (9146_sec.eff)
[20:38:03 PM]	CNtlPLOccluder_Quad::LoadSwapFile (830):  file open failed. (9146_sec.ocq)
[20:38:03 PM]	CNtlPLHeatHazeObject::LoadSwapFile (724):  file open failed. (9146_sec.hho)
[20:38:03 PM]	CNtlWorldShadow::LoadSwapFile (141):  file open failed. (9147_sec.sdw)
[20:38:03 PM]	CNtlPLObject::LoadSwapFile (3324):  file open failed. (9147_sec.objt)
[20:38:03 PM]	CNtlInstanceEffect::LoadSwapFile (807):  file open failed. (9147_sec.eff)
[20:38:03 PM]	CNtlPLOccluder_Quad::LoadSwapFile (830):  file open failed. (9147_sec.ocq)
[20:38:03 PM]	CNtlPLHeatHazeObject::LoadSwapFile (724):  file open failed. (9147_sec.hho)
[20:38:03 PM]	CNtlWorldShadow::LoadSwapFile (141):  file open failed. (9020_sec.sdw)
[20:38:03 PM]	CNtlPLObject::LoadSwapFile (3324):  file open failed. (9020_sec.objt)
[20:38:03 PM]	CNtlInstanceEffect::LoadSwapFile (807):  file open failed. (9020_sec.eff)
[20:38:03 PM]	CNtlPLOccluder_Quad::LoadSwapFile (830):  file open failed. (9020_sec.ocq)
[20:38:03 PM]	CNtlPLHeatHazeObject::LoadSwapFile (724):  file open failed. (9020_sec.hho)
[20:38:03 PM]	CNtlWorldShadow::LoadSwapFile (141):  file open failed. (9021_sec.sdw)
[20:38:03 PM]	CNtlPLObject::LoadSwapFile (3324):  file open failed. (9021_sec.objt)
[20:38:03 PM]	CNtlInstanceEffect::LoadSwapFile (807):  file open failed. (9021_sec.eff)
[20:38:03 PM]	CNtlPLOccluder_Quad::LoadSwapFile (830):  file open failed. (9021_sec.ocq)
[20:38:03 PM]	CNtlPLHeatHazeObject::LoadSwapFile (724):  file open failed. (9021_sec.hho)
[20:38:03 PM]	CNtlWorldShadow::LoadSwapFile (141):  file open failed. (9148_sec.sdw)
[20:38:03 PM]	CNtlPLObject::LoadSwapFile (3324):  file open failed. (9148_sec.objt)
[20:38:03 PM]	CNtlInstanceEffect::LoadSwapFile (807):  file open failed. (9148_sec.eff)
[20:38:03 PM]	CNtlPLOccluder_Quad::LoadSwapFile (830):  file open failed. (9148_sec.ocq)
[20:38:03 PM]	CNtlPLHeatHazeObject::LoadSwapFile (724):  file open failed. (9148_sec.hho)
[20:38:03 PM]	CNtlWorldShadow::LoadSwapFile (141):  file open failed. (9149_sec.sdw)
[20:38:03 PM]	CNtlPLObject::LoadSwapFile (3324):  file open failed. (9149_sec.objt)
[20:38:03 PM]	CNtlInstanceEffect::LoadSwapFile (807):  file open failed. (9149_sec.eff)
[20:38:03 PM]	CNtlPLOccluder_Quad::LoadSwapFile (830):  file open failed. (9149_sec.ocq)
[20:38:03 PM]	CNtlPLHeatHazeObject::LoadSwapFile (724):  file open failed. (9149_sec.hho)
[20:38:03 PM]	CNtlWorldShadow::LoadSwapFile (141):  file open failed. (9022_sec.sdw)
[20:38:03 PM]	CNtlPLObject::LoadSwapFile (3324):  file open failed. (9022_sec.objt)
[20:38:03 PM]	CNtlInstanceEffect::LoadSwapFile (807):  file open failed. (9022_sec.eff)
[20:38:03 PM]	CNtlPLOccluder_Quad::LoadSwapFile (830):  file open failed. (9022_sec.ocq)
[20:38:03 PM]	CNtlPLHeatHazeObject::LoadSwapFile (724):  file open failed. (9022_sec.hho)
[20:38:04 PM]	CNtlWorldShadow::LoadSwapFile (141):  file open failed. (9023_sec.sdw)
[20:38:04 PM]	CNtlPLObject::LoadSwapFile (3324):  file open failed. (9023_sec.objt)
[20:38:04 PM]	CNtlInstanceEffect::LoadSwapFile (807):  file open failed. (9023_sec.eff)
[20:38:04 PM]	CNtlPLOccluder_Quad::LoadSwapFile (830):  file open failed. (9023_sec.ocq)
[20:38:04 PM]	CNtlPLHeatHazeObject::LoadSwapFile (724):  file open failed. (9023_sec.hho)
[20:38:04 PM]	CNtlWorldShadow::LoadSwapFile (141):  file open failed. (9150_sec.sdw)
[20:38:04 PM]	CNtlPLObject::LoadSwapFile (3324):  file open failed. (9150_sec.objt)
[20:38:04 PM]	CNtlInstanceEffect::LoadSwapFile (807):  file open failed. (9150_sec.eff)
[20:38:04 PM]	CNtlPLOccluder_Quad::LoadSwapFile (830):  file open failed. (9150_sec.ocq)
[20:38:04 PM]	CNtlPLHeatHazeObject::LoadSwapFile (724):  file open failed. (9150_sec.hho)
[20:38:04 PM]	CNtlWorldShadow::LoadSwapFile (141):  file open failed. (9151_sec.sdw)
[20:38:04 PM]	CNtlPLObject::LoadSwapFile (3324):  file open failed. (9151_sec.objt)
[20:38:04 PM]	CNtlInstanceEffect::LoadSwapFile (807):  file open failed. (9151_sec.eff)
[20:38:04 PM]	CNtlPLOccluder_Quad::LoadSwapFile (830):  file open failed. (9151_sec.ocq)
[20:38:04 PM]	CNtlPLHeatHazeObject::LoadSwapFile (724):  file open failed. (9151_sec.hho)
[20:38:04 PM]	CNtlWorldShadow::LoadSwapFile (141):  file open failed. (9024_sec.sdw)
[20:38:04 PM]	CNtlPLObject::LoadSwapFile (3324):  file open failed. (9024_sec.objt)
[20:38:04 PM]	CNtlInstanceEffect::LoadSwapFile (807):  file open failed. (9024_sec.eff)
[20:38:04 PM]	CNtlPLOccluder_Quad::LoadSwapFile (830):  file open failed. (9024_sec.ocq)
[20:38:04 PM]	CNtlPLHeatHazeObject::LoadSwapFile (724):  file open failed. (9024_sec.hho)
[20:38:04 PM]	CNtlWorldShadow::LoadSwapFile (141):  file open failed. (9025_sec.sdw)
[20:38:04 PM]	CNtlPLObject::LoadSwapFile (3324):  file open failed. (9025_sec.objt)
[20:38:04 PM]	CNtlInstanceEffect::LoadSwapFile (807):  file open failed. (9025_sec.eff)
[20:38:04 PM]	CNtlPLOccluder_Quad::LoadSwapFile (830):  file open failed. (9025_sec.ocq)
[20:38:04 PM]	CNtlPLHeatHazeObject::LoadSwapFile (724):  file open failed. (9025_sec.hho)
[20:38:04 PM]	CNtlWorldShadow::LoadSwapFile (141):  file open failed. (9152_sec.sdw)
[20:38:04 PM]	CNtlPLObject::LoadSwapFile (3324):  file open failed. (9152_sec.objt)
[20:38:04 PM]	CNtlInstanceEffect::LoadSwapFile (807):  file open failed. (9152_sec.eff)
[20:38:04 PM]	CNtlPLOccluder_Quad::LoadSwapFile (830):  file open failed. (9152_sec.ocq)
[20:38:04 PM]	CNtlPLHeatHazeObject::LoadSwapFile (724):  file open failed. (9152_sec.hho)
[20:38:04 PM]	CNtlWorldShadow::LoadSwapFile (141):  file open failed. (9153_sec.sdw)
[20:38:04 PM]	CNtlPLObject::LoadSwapFile (3324):  file open failed. (9153_sec.objt)
[20:38:04 PM]	CNtlInstanceEffect::LoadSwapFile (807):  file open failed. (9153_sec.eff)
[20:38:04 PM]	CNtlPLOccluder_Quad::LoadSwapFile (830):  file open failed. (9153_sec.ocq)
[20:38:04 PM]	CNtlPLHeatHazeObject::LoadSwapFile (724):  file open failed. (9153_sec.hho)
[20:38:04 PM]	CNtlWorldShadow::LoadSwapFile (141):  file open failed. (9026_sec.sdw)
[20:38:04 PM]	CNtlPLObject::LoadSwapFile (3324):  file open failed. (9026_sec.objt)
[20:38:04 PM]	CNtlInstanceEffect::LoadSwapFile (807):  file open failed. (9026_sec.eff)
[20:38:04 PM]	CNtlPLOccluder_Quad::LoadSwapFile (830):  file open failed. (9026_sec.ocq)
[20:38:04 PM]	CNtlPLHeatHazeObject::LoadSwapFile (724):  file open failed. (9026_sec.hho)
[20:38:04 PM]	CNtlWorldShadow::LoadSwapFile (141):  file open failed. (9027_sec.sdw)
[20:38:04 PM]	CNtlPLObject::LoadSwapFile (3324):  file open failed. (9027_sec.objt)
[20:38:04 PM]	CNtlInstanceEffect::LoadSwapFile (807):  file open failed. (9027_sec.eff)
[20:38:04 PM]	CNtlPLOccluder_Quad::LoadSwapFile (830):  file open failed. (9027_sec.ocq)
[20:38:04 PM]	CNtlPLHeatHazeObject::LoadSwapFile (724):  file open failed. (9027_sec.hho)
[20:38:04 PM]	CNtlWorldShadow::LoadSwapFile (141):  file open failed. (9154_sec.sdw)
[20:38:04 PM]	CNtlPLObject::LoadSwapFile (3324):  file open failed. (9154_sec.objt)
[20:38:05 PM]	CNtlInstanceEffect::LoadSwapFile (807):  file open failed. (9154_sec.eff)
[20:38:05 PM]	CNtlPLOccluder_Quad::LoadSwapFile (830):  file open failed. (9154_sec.ocq)
[20:38:05 PM]	CNtlPLHeatHazeObject::LoadSwapFile (724):  file open failed. (9154_sec.hho)
[20:38:05 PM]	CNtlWorldShadow::LoadSwapFile (141):  file open failed. (9155_sec.sdw)
[20:38:05 PM]	CNtlPLObject::LoadSwapFile (3324):  file open failed. (9155_sec.objt)
[20:38:05 PM]	CNtlInstanceEffect::LoadSwapFile (807):  file open failed. (9155_sec.eff)
[20:38:05 PM]	CNtlPLOccluder_Quad::LoadSwapFile (830):  file open failed. (9155_sec.ocq)
[20:38:05 PM]	CNtlPLHeatHazeObject::LoadSwapFile (724):  file open failed. (9155_sec.hho)
[20:38:05 PM]	CNtlWorldShadow::LoadSwapFile (141):  file open failed. (9028_sec.sdw)
[20:38:05 PM]	CNtlPLObject::LoadSwapFile (3324):  file open failed. (9028_sec.objt)
[20:38:05 PM]	CNtlInstanceEffect::LoadSwapFile (807):  file open failed. (9028_sec.eff)
[20:38:05 PM]	CNtlPLOccluder_Quad::LoadSwapFile (830):  file open failed. (9028_sec.ocq)
[20:38:05 PM]	CNtlPLHeatHazeObject::LoadSwapFile (724):  file open failed. (9028_sec.hho)
[20:38:05 PM]	CNtlWorldShadow::LoadSwapFile (141):  file open failed. (9029_sec.sdw)
[20:38:05 PM]	CNtlPLObject::LoadSwapFile (3324):  file open failed. (9029_sec.objt)
[20:38:05 PM]	CNtlInstanceEffect::LoadSwapFile (807):  file open failed. (9029_sec.eff)
[20:38:05 PM]	CNtlPLOccluder_Quad::LoadSwapFile (830):  file open failed. (9029_sec.ocq)
[20:38:05 PM]	CNtlPLHeatHazeObject::LoadSwapFile (724):  file open failed. (9029_sec.hho)
[20:38:05 PM]	CNtlWorldShadow::LoadSwapFile (141):  file open failed. (9156_sec.sdw)
[20:38:05 PM]	CNtlPLObject::LoadSwapFile (3324):  file open failed. (9156_sec.objt)
[20:38:05 PM]	CNtlInstanceEffect::LoadSwapFile (807):  file open failed. (9156_sec.eff)
[20:38:05 PM]	CNtlPLOccluder_Quad::LoadSwapFile (830):  file open failed. (9156_sec.ocq)
[20:38:05 PM]	CNtlPLHeatHazeObject::LoadSwapFile (724):  file open failed. (9156_sec.hho)
[20:38:05 PM]	CNtlWorldShadow::LoadSwapFile (141):  file open failed. (9157_sec.sdw)
[20:38:05 PM]	CNtlPLObject::LoadSwapFile (3324):  file open failed. (9157_sec.objt)
[20:38:05 PM]	CNtlInstanceEffect::LoadSwapFile (807):  file open failed. (9157_sec.eff)
[20:38:05 PM]	CNtlPLOccluder_Quad::LoadSwapFile (830):  file open failed. (9157_sec.ocq)
[20:38:05 PM]	CNtlPLHeatHazeObject::LoadSwapFile (724):  file open failed. (9157_sec.hho)
[20:40:44 PM]	CNtlWorldShadow::LoadSwapFile (141):  file open failed. (3366_sec.sdw)
[20:40:45 PM]	CNtlPLVisualManager::CreateEntity (688):  CNtlPLVisualManager::CreateEntity the property(.xml) find not(12_N_PLANT_019_1)
