[19:23:05 PM]	=============== Start Trace ===============

[19:23:05 PM]	 === < SABER > Trace Start === 
[19:35:15 PM]	CNtlPLPropertyContainer::AddProp (258):  prop defined.(A_HMY_F_AD)
[19:35:54 PM]	CNtlWorldShadow::LoadSwapFile (141):  file open failed. (394_sec.sdw)
[19:35:54 PM]	CNtlWorldShadow::LoadSwapFile (141):  file open failed. (395_sec.sdw)
[19:35:54 PM]	CNtlWorldShadow::LoadSwapFile (141):  file open failed. (426_sec.sdw)
[19:35:54 PM]	CNtlWorldShadow::LoadSwapFile (141):  file open failed. (427_sec.sdw)
[19:35:54 PM]	CNtlWorldShadow::LoadSwapFile (141):  file open failed. (396_sec.sdw)
[19:35:54 PM]	CNtlWorldShadow::LoadSwapFile (141):  file open failed. (397_sec.sdw)
[19:35:54 PM]	CNtlWorldShadow::LoadSwapFile (141):  file open failed. (428_sec.sdw)
[19:35:54 PM]	CNtlWorldShadow::LoadSwapFile (141):  file open failed. (429_sec.sdw)
[19:35:54 PM]	CNtlWorldShadow::LoadSwapFile (141):  file open failed. (398_sec.sdw)
[19:35:54 PM]	CNtlWorldShadow::LoadSwapFile (141):  file open failed. (399_sec.sdw)
[19:35:54 PM]	CNtlWorldShadow::LoadSwapFile (141):  file open failed. (430_sec.sdw)
[19:35:54 PM]	CNtlWorldShadow::LoadSwapFile (141):  file open failed. (431_sec.sdw)
[19:35:54 PM]	CNtlWorldShadow::LoadSwapFile (141):  file open failed. (400_sec.sdw)
[19:35:55 PM]	CNtlWorldShadow::LoadSwapFile (141):  file open failed. (401_sec.sdw)
[19:35:55 PM]	CNtlWorldShadow::LoadSwapFile (141):  file open failed. (432_sec.sdw)
[19:35:55 PM]	CNtlWorldShadow::LoadSwapFile (141):  file open failed. (433_sec.sdw)
[19:35:55 PM]	CNtlWorldShadow::LoadSwapFile (141):  file open failed. (402_sec.sdw)
[19:35:55 PM]	CNtlWorldShadow::LoadSwapFile (141):  file open failed. (403_sec.sdw)
[19:35:55 PM]	CNtlWorldShadow::LoadSwapFile (141):  file open failed. (434_sec.sdw)
[19:35:55 PM]	CNtlWorldShadow::LoadSwapFile (141):  file open failed. (435_sec.sdw)
[19:35:55 PM]	CNtlWorldShadow::LoadSwapFile (141):  file open failed. (404_sec.sdw)
[19:35:55 PM]	CNtlWorldShadow::LoadSwapFile (141):  file open failed. (405_sec.sdw)
[19:35:55 PM]	CNtlWorldShadow::LoadSwapFile (141):  file open failed. (436_sec.sdw)
[19:35:55 PM]	CNtlWorldShadow::LoadSwapFile (141):  file open failed. (437_sec.sdw)
[19:35:55 PM]	CNtlWorldShadow::LoadSwapFile (141):  file open failed. (458_sec.sdw)
[19:35:55 PM]	CNtlWorldShadow::LoadSwapFile (141):  file open failed. (459_sec.sdw)
[19:35:55 PM]	CNtlWorldShadow::LoadSwapFile (141):  file open failed. (490_sec.sdw)
[19:35:55 PM]	CNtlWorldShadow::LoadSwapFile (141):  file open failed. (491_sec.sdw)
[19:35:55 PM]	CNtlWorldShadow::LoadSwapFile (141):  file open failed. (460_sec.sdw)
[19:35:55 PM]	CNtlWorldShadow::LoadSwapFile (141):  file open failed. (461_sec.sdw)
[19:35:55 PM]	CNtlWorldShadow::LoadSwapFile (141):  file open failed. (492_sec.sdw)
[19:35:55 PM]	CNtlWorldShadow::LoadSwapFile (141):  file open failed. (493_sec.sdw)
[19:35:55 PM]	CNtlWorldShadow::LoadSwapFile (141):  file open failed. (462_sec.sdw)
[19:35:55 PM]	CNtlWorldShadow::LoadSwapFile (141):  file open failed. (463_sec.sdw)
[19:35:55 PM]	CNtlWorldShadow::LoadSwapFile (141):  file open failed. (494_sec.sdw)
[19:35:55 PM]	CNtlWorldShadow::LoadSwapFile (141):  file open failed. (495_sec.sdw)
[19:35:55 PM]	CNtlWorldShadow::LoadSwapFile (141):  file open failed. (464_sec.sdw)
[19:35:55 PM]	CNtlWorldShadow::LoadSwapFile (141):  file open failed. (465_sec.sdw)
[19:35:55 PM]	CNtlWorldShadow::LoadSwapFile (141):  file open failed. (496_sec.sdw)
[19:35:55 PM]	CNtlWorldShadow::LoadSwapFile (141):  file open failed. (497_sec.sdw)
[19:35:55 PM]	CNtlWorldShadow::LoadSwapFile (141):  file open failed. (466_sec.sdw)
[19:35:55 PM]	CNtlWorldShadow::LoadSwapFile (141):  file open failed. (467_sec.sdw)
[19:35:55 PM]	CNtlWorldShadow::LoadSwapFile (141):  file open failed. (498_sec.sdw)
[19:35:55 PM]	CNtlWorldShadow::LoadSwapFile (141):  file open failed. (499_sec.sdw)
[19:35:55 PM]	CNtlWorldShadow::LoadSwapFile (141):  file open failed. (468_sec.sdw)
[19:35:55 PM]	CNtlWorldShadow::LoadSwapFile (141):  file open failed. (469_sec.sdw)
[19:35:56 PM]	CNtlWorldShadow::LoadSwapFile (141):  file open failed. (500_sec.sdw)
[19:35:56 PM]	CNtlWorldShadow::LoadSwapFile (141):  file open failed. (501_sec.sdw)
[19:35:56 PM]	CNtlWorldShadow::LoadSwapFile (141):  file open failed. (522_sec.sdw)
[19:35:56 PM]	CNtlWorldShadow::LoadSwapFile (141):  file open failed. (523_sec.sdw)
[19:35:56 PM]	CNtlWorldShadow::LoadSwapFile (141):  file open failed. (554_sec.sdw)
[19:35:56 PM]	CNtlWorldShadow::LoadSwapFile (141):  file open failed. (555_sec.sdw)
[19:35:56 PM]	CNtlWorldShadow::LoadSwapFile (141):  file open failed. (524_sec.sdw)
[19:35:56 PM]	CNtlWorldShadow::LoadSwapFile (141):  file open failed. (525_sec.sdw)
[19:35:56 PM]	CNtlWorldShadow::LoadSwapFile (141):  file open failed. (556_sec.sdw)
[19:35:56 PM]	CNtlWorldShadow::LoadSwapFile (141):  file open failed. (557_sec.sdw)
[19:35:56 PM]	CNtlWorldShadow::LoadSwapFile (141):  file open failed. (526_sec.sdw)
[19:35:56 PM]	CNtlWorldShadow::LoadSwapFile (141):  file open failed. (527_sec.sdw)
[19:35:56 PM]	CNtlWorldShadow::LoadSwapFile (141):  file open failed. (558_sec.sdw)
[19:35:56 PM]	CNtlWorldShadow::LoadSwapFile (141):  file open failed. (559_sec.sdw)
[19:35:56 PM]	CNtlWorldShadow::LoadSwapFile (141):  file open failed. (528_sec.sdw)
[19:35:56 PM]	CNtlWorldShadow::LoadSwapFile (141):  file open failed. (529_sec.sdw)
[19:35:56 PM]	CNtlWorldShadow::LoadSwapFile (141):  file open failed. (560_sec.sdw)
[19:35:56 PM]	CNtlWorldShadow::LoadSwapFile (141):  file open failed. (561_sec.sdw)
[19:35:56 PM]	CNtlWorldShadow::LoadSwapFile (141):  file open failed. (530_sec.sdw)
[19:35:56 PM]	CNtlWorldShadow::LoadSwapFile (141):  file open failed. (531_sec.sdw)
[19:35:56 PM]	CNtlWorldShadow::LoadSwapFile (141):  file open failed. (562_sec.sdw)
[19:35:56 PM]	CNtlWorldShadow::LoadSwapFile (141):  file open failed. (563_sec.sdw)
[19:35:56 PM]	CNtlWorldShadow::LoadSwapFile (141):  file open failed. (532_sec.sdw)
[19:35:56 PM]	CNtlWorldShadow::LoadSwapFile (141):  file open failed. (533_sec.sdw)
[19:35:56 PM]	CNtlWorldShadow::LoadSwapFile (141):  file open failed. (564_sec.sdw)
[19:35:56 PM]	CNtlWorldShadow::LoadSwapFile (141):  file open failed. (565_sec.sdw)
[19:35:56 PM]	CNtlWorldShadow::LoadSwapFile (141):  file open failed. (586_sec.sdw)
[19:35:56 PM]	CNtlWorldShadow::LoadSwapFile (141):  file open failed. (587_sec.sdw)
[19:35:56 PM]	CNtlWorldShadow::LoadSwapFile (141):  file open failed. (618_sec.sdw)
[19:35:57 PM]	CNtlWorldShadow::LoadSwapFile (141):  file open failed. (619_sec.sdw)
[19:35:57 PM]	CNtlWorldShadow::LoadSwapFile (141):  file open failed. (588_sec.sdw)
[19:35:57 PM]	CNtlWorldShadow::LoadSwapFile (141):  file open failed. (589_sec.sdw)
[19:35:57 PM]	CNtlWorldShadow::LoadSwapFile (141):  file open failed. (620_sec.sdw)
[19:35:57 PM]	CNtlWorldShadow::LoadSwapFile (141):  file open failed. (621_sec.sdw)
[19:35:57 PM]	CNtlWorldShadow::LoadSwapFile (141):  file open failed. (590_sec.sdw)
[19:35:57 PM]	CNtlWorldShadow::LoadSwapFile (141):  file open failed. (591_sec.sdw)
[19:35:57 PM]	CNtlWorldShadow::LoadSwapFile (141):  file open failed. (622_sec.sdw)
[19:35:57 PM]	CNtlWorldShadow::LoadSwapFile (141):  file open failed. (623_sec.sdw)
[19:35:57 PM]	CNtlWorldShadow::LoadSwapFile (141):  file open failed. (592_sec.sdw)
[19:35:57 PM]	CNtlWorldShadow::LoadSwapFile (141):  file open failed. (593_sec.sdw)
[19:35:57 PM]	CNtlWorldShadow::LoadSwapFile (141):  file open failed. (624_sec.sdw)
[19:35:57 PM]	CNtlWorldShadow::LoadSwapFile (141):  file open failed. (625_sec.sdw)
[19:35:57 PM]	CNtlWorldShadow::LoadSwapFile (141):  file open failed. (594_sec.sdw)
[19:35:57 PM]	CNtlWorldShadow::LoadSwapFile (141):  file open failed. (595_sec.sdw)
[19:35:57 PM]	CNtlWorldShadow::LoadSwapFile (141):  file open failed. (626_sec.sdw)
[19:35:57 PM]	CNtlWorldShadow::LoadSwapFile (141):  file open failed. (627_sec.sdw)
[19:35:57 PM]	CNtlWorldShadow::LoadSwapFile (141):  file open failed. (596_sec.sdw)
[19:35:57 PM]	CNtlWorldShadow::LoadSwapFile (141):  file open failed. (597_sec.sdw)
[19:35:57 PM]	CNtlWorldShadow::LoadSwapFile (141):  file open failed. (628_sec.sdw)
[19:35:57 PM]	CNtlWorldShadow::LoadSwapFile (141):  file open failed. (629_sec.sdw)
[19:35:57 PM]	CNtlWorldShadow::LoadSwapFile (141):  file open failed. (650_sec.sdw)
[19:35:57 PM]	CNtlWorldShadow::LoadSwapFile (141):  file open failed. (651_sec.sdw)
[19:35:57 PM]	CNtlWorldShadow::LoadSwapFile (141):  file open failed. (682_sec.sdw)
[19:35:57 PM]	CNtlWorldShadow::LoadSwapFile (141):  file open failed. (683_sec.sdw)
[19:35:57 PM]	CNtlWorldShadow::LoadSwapFile (141):  file open failed. (652_sec.sdw)
[19:35:57 PM]	CNtlWorldShadow::LoadSwapFile (141):  file open failed. (653_sec.sdw)
[19:35:57 PM]	CNtlWorldShadow::LoadSwapFile (141):  file open failed. (684_sec.sdw)
[19:35:57 PM]	CNtlWorldShadow::LoadSwapFile (141):  file open failed. (685_sec.sdw)
[19:35:57 PM]	CNtlWorldShadow::LoadSwapFile (141):  file open failed. (654_sec.sdw)
[19:35:58 PM]	CNtlWorldShadow::LoadSwapFile (141):  file open failed. (655_sec.sdw)
[19:35:58 PM]	CNtlWorldShadow::LoadSwapFile (141):  file open failed. (686_sec.sdw)
[19:35:58 PM]	CNtlWorldShadow::LoadSwapFile (141):  file open failed. (687_sec.sdw)
[19:35:58 PM]	CNtlWorldShadow::LoadSwapFile (141):  file open failed. (656_sec.sdw)
[19:35:58 PM]	CNtlWorldShadow::LoadSwapFile (141):  file open failed. (657_sec.sdw)
[19:35:58 PM]	CNtlWorldShadow::LoadSwapFile (141):  file open failed. (688_sec.sdw)
[19:35:58 PM]	CNtlWorldShadow::LoadSwapFile (141):  file open failed. (689_sec.sdw)
[19:35:58 PM]	CNtlWorldShadow::LoadSwapFile (141):  file open failed. (658_sec.sdw)
[19:35:58 PM]	CNtlWorldShadow::LoadSwapFile (141):  file open failed. (659_sec.sdw)
[19:35:58 PM]	CNtlWorldShadow::LoadSwapFile (141):  file open failed. (690_sec.sdw)
[19:35:58 PM]	CNtlWorldShadow::LoadSwapFile (141):  file open failed. (691_sec.sdw)
[19:35:58 PM]	CNtlWorldShadow::LoadSwapFile (141):  file open failed. (660_sec.sdw)
[19:35:58 PM]	CNtlWorldShadow::LoadSwapFile (141):  file open failed. (661_sec.sdw)
[19:35:58 PM]	CNtlWorldShadow::LoadSwapFile (141):  file open failed. (692_sec.sdw)
[19:35:58 PM]	CNtlWorldShadow::LoadSwapFile (141):  file open failed. (693_sec.sdw)
[19:35:58 PM]	CNtlWorldShadow::LoadSwapFile (141):  file open failed. (714_sec.sdw)
[19:35:58 PM]	CNtlWorldShadow::LoadSwapFile (141):  file open failed. (715_sec.sdw)
[19:35:58 PM]	CNtlWorldShadow::LoadSwapFile (141):  file open failed. (746_sec.sdw)
[19:35:58 PM]	CNtlWorldShadow::LoadSwapFile (141):  file open failed. (747_sec.sdw)
[19:35:58 PM]	CNtlWorldShadow::LoadSwapFile (141):  file open failed. (716_sec.sdw)
[19:35:58 PM]	CNtlWorldShadow::LoadSwapFile (141):  file open failed. (717_sec.sdw)
[19:35:58 PM]	CNtlWorldShadow::LoadSwapFile (141):  file open failed. (748_sec.sdw)
[19:35:58 PM]	CNtlWorldShadow::LoadSwapFile (141):  file open failed. (749_sec.sdw)
[19:35:58 PM]	CNtlWorldShadow::LoadSwapFile (141):  file open failed. (718_sec.sdw)
[19:35:58 PM]	CNtlWorldShadow::LoadSwapFile (141):  file open failed. (719_sec.sdw)
[19:35:58 PM]	CNtlWorldShadow::LoadSwapFile (141):  file open failed. (750_sec.sdw)
[19:35:58 PM]	CNtlWorldShadow::LoadSwapFile (141):  file open failed. (751_sec.sdw)
[19:35:58 PM]	CNtlWorldShadow::LoadSwapFile (141):  file open failed. (720_sec.sdw)
[19:35:58 PM]	CNtlWorldShadow::LoadSwapFile (141):  file open failed. (721_sec.sdw)
[19:35:58 PM]	CNtlWorldShadow::LoadSwapFile (141):  file open failed. (752_sec.sdw)
[19:35:58 PM]	CNtlWorldShadow::LoadSwapFile (141):  file open failed. (753_sec.sdw)
[19:35:59 PM]	CNtlWorldShadow::LoadSwapFile (141):  file open failed. (722_sec.sdw)
[19:35:59 PM]	CNtlWorldShadow::LoadSwapFile (141):  file open failed. (723_sec.sdw)
[19:35:59 PM]	CNtlWorldShadow::LoadSwapFile (141):  file open failed. (754_sec.sdw)
[19:35:59 PM]	CNtlWorldShadow::LoadSwapFile (141):  file open failed. (755_sec.sdw)
[19:35:59 PM]	CNtlWorldShadow::LoadSwapFile (141):  file open failed. (724_sec.sdw)
[19:35:59 PM]	CNtlWorldShadow::LoadSwapFile (141):  file open failed. (725_sec.sdw)
[19:35:59 PM]	CNtlWorldShadow::LoadSwapFile (141):  file open failed. (756_sec.sdw)
[19:35:59 PM]	CNtlWorldShadow::LoadSwapFile (141):  file open failed. (757_sec.sdw)
[19:39:18 PM]	CNtlWorldShadow::LoadSwapFile (141):  file open failed. (392_sec.sdw)
[19:39:18 PM]	CNtlWorldShadow::LoadSwapFile (141):  file open failed. (393_sec.sdw)
[19:39:18 PM]	CNtlWorldShadow::LoadSwapFile (141):  file open failed. (424_sec.sdw)
[19:39:18 PM]	CNtlWorldShadow::LoadSwapFile (141):  file open failed. (425_sec.sdw)
[19:39:18 PM]	CNtlWorldShadow::LoadSwapFile (141):  file open failed. (456_sec.sdw)
[19:39:18 PM]	CNtlWorldShadow::LoadSwapFile (141):  file open failed. (457_sec.sdw)
[19:39:18 PM]	CNtlWorldShadow::LoadSwapFile (141):  file open failed. (488_sec.sdw)
[19:39:18 PM]	CNtlWorldShadow::LoadSwapFile (141):  file open failed. (489_sec.sdw)
[19:39:18 PM]	CNtlWorldShadow::LoadSwapFile (141):  file open failed. (520_sec.sdw)
[19:39:18 PM]	CNtlWorldShadow::LoadSwapFile (141):  file open failed. (521_sec.sdw)
[19:39:18 PM]	CNtlWorldShadow::LoadSwapFile (141):  file open failed. (552_sec.sdw)
[19:39:18 PM]	CNtlWorldShadow::LoadSwapFile (141):  file open failed. (553_sec.sdw)
[19:39:18 PM]	CNtlWorldShadow::LoadSwapFile (141):  file open failed. (584_sec.sdw)
[19:39:18 PM]	CNtlWorldShadow::LoadSwapFile (141):  file open failed. (585_sec.sdw)
[19:39:18 PM]	CNtlWorldShadow::LoadSwapFile (141):  file open failed. (616_sec.sdw)
[19:39:18 PM]	CNtlWorldShadow::LoadSwapFile (141):  file open failed. (617_sec.sdw)
[19:39:18 PM]	CNtlWorldShadow::LoadSwapFile (141):  file open failed. (648_sec.sdw)
[19:39:18 PM]	CNtlWorldShadow::LoadSwapFile (141):  file open failed. (649_sec.sdw)
[19:39:18 PM]	CNtlWorldShadow::LoadSwapFile (141):  file open failed. (680_sec.sdw)
[19:39:18 PM]	CNtlWorldShadow::LoadSwapFile (141):  file open failed. (681_sec.sdw)
[19:39:19 PM]	CNtlWorldShadow::LoadSwapFile (141):  file open failed. (330_sec.sdw)
[19:39:19 PM]	CNtlWorldShadow::LoadSwapFile (141):  file open failed. (331_sec.sdw)
[19:39:19 PM]	CNtlWorldShadow::LoadSwapFile (141):  file open failed. (362_sec.sdw)
[19:39:19 PM]	CNtlWorldShadow::LoadSwapFile (141):  file open failed. (363_sec.sdw)
[19:39:19 PM]	CNtlWorldShadow::LoadSwapFile (141):  file open failed. (332_sec.sdw)
[19:39:19 PM]	CNtlWorldShadow::LoadSwapFile (141):  file open failed. (333_sec.sdw)
[19:39:19 PM]	CNtlWorldShadow::LoadSwapFile (141):  file open failed. (364_sec.sdw)
[19:39:19 PM]	CNtlWorldShadow::LoadSwapFile (141):  file open failed. (365_sec.sdw)
[19:39:19 PM]	CNtlWorldShadow::LoadSwapFile (141):  file open failed. (334_sec.sdw)
[19:39:19 PM]	CNtlWorldShadow::LoadSwapFile (141):  file open failed. (335_sec.sdw)
[19:39:19 PM]	CNtlWorldShadow::LoadSwapFile (141):  file open failed. (366_sec.sdw)
[19:39:19 PM]	CNtlWorldShadow::LoadSwapFile (141):  file open failed. (367_sec.sdw)
[19:39:19 PM]	CNtlWorldShadow::LoadSwapFile (141):  file open failed. (336_sec.sdw)
[19:39:19 PM]	CNtlWorldShadow::LoadSwapFile (141):  file open failed. (337_sec.sdw)
[19:39:19 PM]	CNtlWorldShadow::LoadSwapFile (141):  file open failed. (368_sec.sdw)
[19:39:19 PM]	CNtlWorldShadow::LoadSwapFile (141):  file open failed. (369_sec.sdw)
[19:39:19 PM]	CNtlWorldShadow::LoadSwapFile (141):  file open failed. (338_sec.sdw)
[19:39:19 PM]	CNtlWorldShadow::LoadSwapFile (141):  file open failed. (339_sec.sdw)
[19:39:19 PM]	CNtlWorldShadow::LoadSwapFile (141):  file open failed. (370_sec.sdw)
[19:39:19 PM]	CNtlWorldShadow::LoadSwapFile (141):  file open failed. (371_sec.sdw)
[19:39:19 PM]	CNtlWorldShadow::LoadSwapFile (141):  file open failed. (328_sec.sdw)
[19:39:19 PM]	CNtlWorldShadow::LoadSwapFile (141):  file open failed. (329_sec.sdw)
[19:39:19 PM]	CNtlWorldShadow::LoadSwapFile (141):  file open failed. (360_sec.sdw)
[19:39:19 PM]	CNtlWorldShadow::LoadSwapFile (141):  file open failed. (361_sec.sdw)
[19:39:43 PM]	CNtlWorldShadow::LoadSwapFile (141):  file open failed. (712_sec.sdw)
[19:39:43 PM]	CNtlWorldShadow::LoadSwapFile (141):  file open failed. (713_sec.sdw)
[19:39:43 PM]	CNtlWorldShadow::LoadSwapFile (141):  file open failed. (744_sec.sdw)
[19:39:43 PM]	CNtlWorldShadow::LoadSwapFile (141):  file open failed. (745_sec.sdw)
[19:39:47 PM]	CNtlWorldShadow::LoadSwapFile (141):  file open failed. (778_sec.sdw)
[19:39:47 PM]	CNtlWorldShadow::LoadSwapFile (141):  file open failed. (779_sec.sdw)
[19:39:47 PM]	CNtlWorldShadow::LoadSwapFile (141):  file open failed. (810_sec.sdw)
[19:39:47 PM]	CNtlWorldShadow::LoadSwapFile (141):  file open failed. (811_sec.sdw)
[19:39:47 PM]	CNtlWorldShadow::LoadSwapFile (141):  file open failed. (780_sec.sdw)
[19:39:47 PM]	CNtlWorldShadow::LoadSwapFile (141):  file open failed. (781_sec.sdw)
[19:39:47 PM]	CNtlWorldShadow::LoadSwapFile (141):  file open failed. (812_sec.sdw)
[19:39:47 PM]	CNtlWorldShadow::LoadSwapFile (141):  file open failed. (813_sec.sdw)
[19:39:47 PM]	CNtlWorldShadow::LoadSwapFile (141):  file open failed. (782_sec.sdw)
[19:39:47 PM]	CNtlWorldShadow::LoadSwapFile (141):  file open failed. (783_sec.sdw)
[19:39:47 PM]	CNtlWorldShadow::LoadSwapFile (141):  file open failed. (814_sec.sdw)
[19:39:47 PM]	CNtlWorldShadow::LoadSwapFile (141):  file open failed. (815_sec.sdw)
[19:39:47 PM]	CNtlWorldShadow::LoadSwapFile (141):  file open failed. (784_sec.sdw)
[19:39:47 PM]	CNtlWorldShadow::LoadSwapFile (141):  file open failed. (785_sec.sdw)
[19:39:47 PM]	CNtlWorldShadow::LoadSwapFile (141):  file open failed. (816_sec.sdw)
[19:39:47 PM]	CNtlWorldShadow::LoadSwapFile (141):  file open failed. (817_sec.sdw)
[19:39:47 PM]	CNtlWorldShadow::LoadSwapFile (141):  file open failed. (786_sec.sdw)
[19:39:47 PM]	CNtlWorldShadow::LoadSwapFile (141):  file open failed. (787_sec.sdw)
[19:39:47 PM]	CNtlWorldShadow::LoadSwapFile (141):  file open failed. (818_sec.sdw)
[19:39:47 PM]	CNtlWorldShadow::LoadSwapFile (141):  file open failed. (819_sec.sdw)
[19:39:47 PM]	CNtlWorldShadow::LoadSwapFile (141):  file open failed. (788_sec.sdw)
[19:39:47 PM]	CNtlWorldShadow::LoadSwapFile (141):  file open failed. (789_sec.sdw)
[19:39:47 PM]	CNtlWorldShadow::LoadSwapFile (141):  file open failed. (820_sec.sdw)
[19:39:48 PM]	CNtlWorldShadow::LoadSwapFile (141):  file open failed. (821_sec.sdw)
[19:39:51 PM]	CNtlWorldShadow::LoadSwapFile (141):  file open failed. (842_sec.sdw)
[19:39:51 PM]	CNtlWorldShadow::LoadSwapFile (141):  file open failed. (843_sec.sdw)
[19:39:51 PM]	CNtlWorldShadow::LoadSwapFile (141):  file open failed. (874_sec.sdw)
[19:39:51 PM]	CNtlWorldShadow::LoadSwapFile (141):  file open failed. (875_sec.sdw)
[19:39:51 PM]	CNtlWorldShadow::LoadSwapFile (141):  file open failed. (844_sec.sdw)
[19:39:51 PM]	CNtlWorldShadow::LoadSwapFile (141):  file open failed. (845_sec.sdw)
[19:39:51 PM]	CNtlWorldShadow::LoadSwapFile (141):  file open failed. (876_sec.sdw)
[19:39:51 PM]	CNtlWorldShadow::LoadSwapFile (141):  file open failed. (877_sec.sdw)
[19:39:51 PM]	CNtlWorldShadow::LoadSwapFile (141):  file open failed. (846_sec.sdw)
[19:39:51 PM]	CNtlWorldShadow::LoadSwapFile (141):  file open failed. (847_sec.sdw)
[19:39:51 PM]	CNtlWorldShadow::LoadSwapFile (141):  file open failed. (878_sec.sdw)
[19:39:51 PM]	CNtlWorldShadow::LoadSwapFile (141):  file open failed. (879_sec.sdw)
[19:39:51 PM]	CNtlWorldShadow::LoadSwapFile (141):  file open failed. (848_sec.sdw)
[19:39:51 PM]	CNtlWorldShadow::LoadSwapFile (141):  file open failed. (849_sec.sdw)
[19:39:51 PM]	CNtlWorldShadow::LoadSwapFile (141):  file open failed. (880_sec.sdw)
[19:39:51 PM]	CNtlWorldShadow::LoadSwapFile (141):  file open failed. (881_sec.sdw)
[19:39:51 PM]	CNtlWorldShadow::LoadSwapFile (141):  file open failed. (850_sec.sdw)
[19:39:51 PM]	CNtlWorldShadow::LoadSwapFile (141):  file open failed. (851_sec.sdw)
[19:39:51 PM]	CNtlWorldShadow::LoadSwapFile (141):  file open failed. (882_sec.sdw)
[19:39:51 PM]	CNtlWorldShadow::LoadSwapFile (141):  file open failed. (883_sec.sdw)
[19:39:51 PM]	CNtlWorldShadow::LoadSwapFile (141):  file open failed. (852_sec.sdw)
[19:39:52 PM]	CNtlWorldShadow::LoadSwapFile (141):  file open failed. (853_sec.sdw)
[19:39:52 PM]	CNtlWorldShadow::LoadSwapFile (141):  file open failed. (884_sec.sdw)
[19:39:52 PM]	CNtlWorldShadow::LoadSwapFile (141):  file open failed. (885_sec.sdw)
[19:39:55 PM]	CNtlWorldShadow::LoadSwapFile (141):  file open failed. (906_sec.sdw)
[19:39:55 PM]	CNtlWorldShadow::LoadSwapFile (141):  file open failed. (907_sec.sdw)
[19:39:55 PM]	CNtlWorldShadow::LoadSwapFile (141):  file open failed. (938_sec.sdw)
[19:39:55 PM]	CNtlWorldShadow::LoadSwapFile (141):  file open failed. (939_sec.sdw)
[19:39:55 PM]	CNtlWorldShadow::LoadSwapFile (141):  file open failed. (908_sec.sdw)
[19:39:55 PM]	CNtlWorldShadow::LoadSwapFile (141):  file open failed. (909_sec.sdw)
[19:39:55 PM]	CNtlWorldShadow::LoadSwapFile (141):  file open failed. (940_sec.sdw)
[19:39:56 PM]	CNtlWorldShadow::LoadSwapFile (141):  file open failed. (941_sec.sdw)
[19:39:56 PM]	CNtlWorldShadow::LoadSwapFile (141):  file open failed. (910_sec.sdw)
[19:39:56 PM]	CNtlWorldShadow::LoadSwapFile (141):  file open failed. (911_sec.sdw)
[19:39:56 PM]	CNtlWorldShadow::LoadSwapFile (141):  file open failed. (942_sec.sdw)
[19:39:56 PM]	CNtlWorldShadow::LoadSwapFile (141):  file open failed. (943_sec.sdw)
[19:39:56 PM]	CNtlWorldShadow::LoadSwapFile (141):  file open failed. (912_sec.sdw)
[19:39:56 PM]	CNtlWorldShadow::LoadSwapFile (141):  file open failed. (913_sec.sdw)
[19:39:56 PM]	CNtlWorldShadow::LoadSwapFile (141):  file open failed. (944_sec.sdw)
[19:39:56 PM]	CNtlWorldShadow::LoadSwapFile (141):  file open failed. (945_sec.sdw)
[19:39:56 PM]	CNtlWorldShadow::LoadSwapFile (141):  file open failed. (914_sec.sdw)
[19:39:56 PM]	CNtlWorldShadow::LoadSwapFile (141):  file open failed. (915_sec.sdw)
[19:39:56 PM]	CNtlWorldShadow::LoadSwapFile (141):  file open failed. (946_sec.sdw)
[19:39:56 PM]	CNtlWorldShadow::LoadSwapFile (141):  file open failed. (947_sec.sdw)
[19:39:56 PM]	CNtlWorldShadow::LoadSwapFile (141):  file open failed. (916_sec.sdw)
[19:39:56 PM]	CNtlWorldShadow::LoadSwapFile (141):  file open failed. (917_sec.sdw)
[19:39:56 PM]	CNtlWorldShadow::LoadSwapFile (141):  file open failed. (948_sec.sdw)
[19:39:56 PM]	CNtlWorldShadow::LoadSwapFile (141):  file open failed. (949_sec.sdw)
[19:39:58 PM]	CNtlWorldShadow::LoadSwapFile (141):  file open failed. (970_sec.sdw)
[19:39:58 PM]	CNtlWorldShadow::LoadSwapFile (141):  file open failed. (971_sec.sdw)
[19:39:58 PM]	CNtlWorldShadow::LoadSwapFile (141):  file open failed. (1002_sec.sdw)
[19:39:58 PM]	CNtlWorldShadow::LoadSwapFile (141):  file open failed. (1003_sec.sdw)
[19:39:58 PM]	CNtlWorldShadow::LoadSwapFile (141):  file open failed. (972_sec.sdw)
[19:39:58 PM]	CNtlWorldShadow::LoadSwapFile (141):  file open failed. (973_sec.sdw)
[19:39:58 PM]	CNtlWorldShadow::LoadSwapFile (141):  file open failed. (1004_sec.sdw)
[19:39:58 PM]	CNtlWorldShadow::LoadSwapFile (141):  file open failed. (1005_sec.sdw)
[19:39:58 PM]	CNtlWorldShadow::LoadSwapFile (141):  file open failed. (974_sec.sdw)
[19:39:58 PM]	CNtlWorldShadow::LoadSwapFile (141):  file open failed. (975_sec.sdw)
[19:39:58 PM]	CNtlWorldShadow::LoadSwapFile (141):  file open failed. (1006_sec.sdw)
[19:39:58 PM]	CNtlWorldShadow::LoadSwapFile (141):  file open failed. (1007_sec.sdw)
[19:39:58 PM]	CNtlWorldShadow::LoadSwapFile (141):  file open failed. (976_sec.sdw)
[19:39:58 PM]	CNtlWorldShadow::LoadSwapFile (141):  file open failed. (977_sec.sdw)
[19:39:58 PM]	CNtlWorldShadow::LoadSwapFile (141):  file open failed. (1008_sec.sdw)
[19:39:58 PM]	CNtlWorldShadow::LoadSwapFile (141):  file open failed. (1009_sec.sdw)
[19:39:58 PM]	CNtlWorldShadow::LoadSwapFile (141):  file open failed. (978_sec.sdw)
[19:39:58 PM]	CNtlWorldShadow::LoadSwapFile (141):  file open failed. (979_sec.sdw)
[19:39:58 PM]	CNtlWorldShadow::LoadSwapFile (141):  file open failed. (1010_sec.sdw)
[19:39:58 PM]	CNtlWorldShadow::LoadSwapFile (141):  file open failed. (1011_sec.sdw)
[19:39:58 PM]	CNtlWorldShadow::LoadSwapFile (141):  file open failed. (980_sec.sdw)
[19:39:59 PM]	CNtlWorldShadow::LoadSwapFile (141):  file open failed. (981_sec.sdw)
[19:39:59 PM]	CNtlWorldShadow::LoadSwapFile (141):  file open failed. (1012_sec.sdw)
[19:39:59 PM]	CNtlWorldShadow::LoadSwapFile (141):  file open failed. (1013_sec.sdw)
[19:40:06 PM]	CNtlWorldShadow::LoadSwapFile (141):  file open failed. (662_sec.sdw)
[19:40:06 PM]	CNtlWorldShadow::LoadSwapFile (141):  file open failed. (663_sec.sdw)
[19:40:06 PM]	CNtlWorldShadow::LoadSwapFile (141):  file open failed. (694_sec.sdw)
[19:40:06 PM]	CNtlWorldShadow::LoadSwapFile (141):  file open failed. (695_sec.sdw)
[19:40:06 PM]	CNtlWorldShadow::LoadSwapFile (141):  file open failed. (726_sec.sdw)
[19:40:06 PM]	CNtlWorldShadow::LoadSwapFile (141):  file open failed. (727_sec.sdw)
[19:40:06 PM]	CNtlWorldShadow::LoadSwapFile (141):  file open failed. (758_sec.sdw)
[19:40:06 PM]	CNtlWorldShadow::LoadSwapFile (141):  file open failed. (759_sec.sdw)
[19:40:06 PM]	CNtlWorldShadow::LoadSwapFile (141):  file open failed. (790_sec.sdw)
[19:40:06 PM]	CNtlWorldShadow::LoadSwapFile (141):  file open failed. (791_sec.sdw)
[19:40:06 PM]	CNtlWorldShadow::LoadSwapFile (141):  file open failed. (822_sec.sdw)
[19:40:06 PM]	CNtlWorldShadow::LoadSwapFile (141):  file open failed. (823_sec.sdw)
[19:40:06 PM]	CNtlWorldShadow::LoadSwapFile (141):  file open failed. (854_sec.sdw)
[19:40:06 PM]	CNtlWorldShadow::LoadSwapFile (141):  file open failed. (855_sec.sdw)
[19:40:06 PM]	CNtlWorldShadow::LoadSwapFile (141):  file open failed. (886_sec.sdw)
[19:40:06 PM]	CNtlWorldShadow::LoadSwapFile (141):  file open failed. (887_sec.sdw)
[19:40:06 PM]	CNtlWorldShadow::LoadSwapFile (141):  file open failed. (918_sec.sdw)
[19:40:06 PM]	CNtlWorldShadow::LoadSwapFile (141):  file open failed. (919_sec.sdw)
[19:40:06 PM]	CNtlWorldShadow::LoadSwapFile (141):  file open failed. (950_sec.sdw)
[19:40:06 PM]	CNtlWorldShadow::LoadSwapFile (141):  file open failed. (951_sec.sdw)
[19:40:06 PM]	CNtlWorldShadow::LoadSwapFile (141):  file open failed. (982_sec.sdw)
[19:40:06 PM]	CNtlWorldShadow::LoadSwapFile (141):  file open failed. (983_sec.sdw)
[19:40:06 PM]	CNtlWorldShadow::LoadSwapFile (141):  file open failed. (1014_sec.sdw)
[19:40:06 PM]	CNtlWorldShadow::LoadSwapFile (141):  file open failed. (1015_sec.sdw)
[19:40:09 PM]	CNtlWorldShadow::LoadSwapFile (141):  file open failed. (598_sec.sdw)
[19:40:09 PM]	CNtlWorldShadow::LoadSwapFile (141):  file open failed. (599_sec.sdw)
[19:40:09 PM]	CNtlWorldShadow::LoadSwapFile (141):  file open failed. (630_sec.sdw)
[19:40:09 PM]	CNtlWorldShadow::LoadSwapFile (141):  file open failed. (631_sec.sdw)
[19:40:11 PM]	CNtlWorldShadow::LoadSwapFile (141):  file open failed. (534_sec.sdw)
[19:40:11 PM]	CNtlWorldShadow::LoadSwapFile (141):  file open failed. (535_sec.sdw)
[19:40:11 PM]	CNtlWorldShadow::LoadSwapFile (141):  file open failed. (566_sec.sdw)
[19:40:11 PM]	CNtlWorldShadow::LoadSwapFile (141):  file open failed. (567_sec.sdw)
[19:48:58 PM]	CNtlPLResourceManager::LoadClump (550):  CNtlPLResourceManager::LoadClump the clump find not(Effect\Max_Dragonball_01.dff)
