[20:06:42 PM]	=============== Start Trace ===============

[20:06:42 PM]	 === < SABER > Trace Start === 
[20:07:59 PM]	CNtlPLPropertyContainer::AddProp (258):  prop defined.(A_HMY_F_AD)
[20:08:06 PM]	CNtlPLPropertyContainer::AddProp (258):  prop defined.(FRIEZARACE)
[20:08:27 PM]	CNtlPLVisualManager::GetHeightFieldWorldHeight (1170):  GetWorldHeight : Failed : IN(0,0,0), OUT_HEIGHT(-999)
[20:08:33 PM]	CNtlPLVisualManager::CreateEntity (688):  CNtlPLVisualManager::CreateEntity the property(.xml) find not(obj_06_kiri_impregnator)
[20:17:13 PM]	CNtlWorldShadow::LoadSwapFile (141):  file open failed. (5200_sec.sdw)
[20:17:14 PM]	CNtlPLObject::LoadSwapFile (3322):  file open failed. (5200_sec.objt)
[20:17:14 PM]	CNtlInstanceEffect::LoadSwapFile (801):  file open failed. (5200_sec.eff)
[20:17:14 PM]	CNtlPLOccluder_Quad::LoadSwapFile (830):  file open failed. (5200_sec.ocq)
[20:17:14 PM]	CNtlPLHeatHazeObject::LoadSwapFile (724):  file open failed. (5200_sec.hho)
[20:17:14 PM]	CNtlWorldShadow::LoadSwapFile (141):  file open failed. (5201_sec.sdw)
[20:17:14 PM]	CNtlPLObject::LoadSwapFile (3322):  file open failed. (5201_sec.objt)
[20:17:14 PM]	CNtlInstanceEffect::LoadSwapFile (801):  file open failed. (5201_sec.eff)
[20:17:14 PM]	CNtlPLOccluder_Quad::LoadSwapFile (830):  file open failed. (5201_sec.ocq)
[20:17:14 PM]	CNtlPLHeatHazeObject::LoadSwapFile (724):  file open failed. (5201_sec.hho)
[20:17:14 PM]	CNtlWorldShadow::LoadSwapFile (141):  file open failed. (5328_sec.sdw)
[20:17:14 PM]	CNtlPLObject::LoadSwapFile (3322):  file open failed. (5328_sec.objt)
[20:17:14 PM]	CNtlInstanceEffect::LoadSwapFile (801):  file open failed. (5328_sec.eff)
[20:17:14 PM]	CNtlPLOccluder_Quad::LoadSwapFile (830):  file open failed. (5328_sec.ocq)
[20:17:14 PM]	CNtlPLHeatHazeObject::LoadSwapFile (724):  file open failed. (5328_sec.hho)
[20:17:14 PM]	CNtlWorldShadow::LoadSwapFile (141):  file open failed. (5329_sec.sdw)
[20:17:14 PM]	CNtlPLObject::LoadSwapFile (3322):  file open failed. (5329_sec.objt)
[20:17:14 PM]	CNtlInstanceEffect::LoadSwapFile (801):  file open failed. (5329_sec.eff)
[20:17:14 PM]	CNtlPLOccluder_Quad::LoadSwapFile (830):  file open failed. (5329_sec.ocq)
[20:17:14 PM]	CNtlPLHeatHazeObject::LoadSwapFile (724):  file open failed. (5329_sec.hho)
[20:17:14 PM]	CNtlWorldShadow::LoadSwapFile (141):  file open failed. (5202_sec.sdw)
[20:17:14 PM]	CNtlPLObject::LoadSwapFile (3322):  file open failed. (5202_sec.objt)
[20:17:14 PM]	CNtlInstanceEffect::LoadSwapFile (801):  file open failed. (5202_sec.eff)
[20:17:14 PM]	CNtlPLOccluder_Quad::LoadSwapFile (830):  file open failed. (5202_sec.ocq)
[20:17:14 PM]	CNtlPLHeatHazeObject::LoadSwapFile (724):  file open failed. (5202_sec.hho)
[20:17:14 PM]	CNtlWorldShadow::LoadSwapFile (141):  file open failed. (5203_sec.sdw)
[20:17:14 PM]	CNtlPLObject::LoadSwapFile (3322):  file open failed. (5203_sec.objt)
[20:17:14 PM]	CNtlInstanceEffect::LoadSwapFile (801):  file open failed. (5203_sec.eff)
[20:17:14 PM]	CNtlPLOccluder_Quad::LoadSwapFile (830):  file open failed. (5203_sec.ocq)
[20:17:14 PM]	CNtlPLHeatHazeObject::LoadSwapFile (724):  file open failed. (5203_sec.hho)
[20:17:14 PM]	CNtlWorldShadow::LoadSwapFile (141):  file open failed. (5330_sec.sdw)
[20:17:14 PM]	CNtlPLObject::LoadSwapFile (3322):  file open failed. (5330_sec.objt)
[20:17:15 PM]	CNtlInstanceEffect::LoadSwapFile (801):  file open failed. (5330_sec.eff)
[20:17:15 PM]	CNtlPLOccluder_Quad::LoadSwapFile (830):  file open failed. (5330_sec.ocq)
[20:17:15 PM]	CNtlPLHeatHazeObject::LoadSwapFile (724):  file open failed. (5330_sec.hho)
[20:17:15 PM]	CNtlWorldShadow::LoadSwapFile (141):  file open failed. (5331_sec.sdw)
[20:17:15 PM]	CNtlPLObject::LoadSwapFile (3322):  file open failed. (5331_sec.objt)
[20:17:15 PM]	CNtlInstanceEffect::LoadSwapFile (801):  file open failed. (5331_sec.eff)
[20:17:15 PM]	CNtlPLOccluder_Quad::LoadSwapFile (830):  file open failed. (5331_sec.ocq)
[20:17:15 PM]	CNtlPLHeatHazeObject::LoadSwapFile (724):  file open failed. (5331_sec.hho)
[20:17:15 PM]	CNtlWorldShadow::LoadSwapFile (141):  file open failed. (5204_sec.sdw)
[20:17:15 PM]	CNtlPLObject::LoadSwapFile (3322):  file open failed. (5204_sec.objt)
[20:17:15 PM]	CNtlInstanceEffect::LoadSwapFile (801):  file open failed. (5204_sec.eff)
[20:17:15 PM]	CNtlPLOccluder_Quad::LoadSwapFile (830):  file open failed. (5204_sec.ocq)
[20:17:15 PM]	CNtlPLHeatHazeObject::LoadSwapFile (724):  file open failed. (5204_sec.hho)
[20:17:15 PM]	CNtlWorldShadow::LoadSwapFile (141):  file open failed. (5205_sec.sdw)
[20:17:15 PM]	CNtlPLObject::LoadSwapFile (3322):  file open failed. (5205_sec.objt)
[20:17:15 PM]	CNtlInstanceEffect::LoadSwapFile (801):  file open failed. (5205_sec.eff)
[20:17:15 PM]	CNtlPLOccluder_Quad::LoadSwapFile (830):  file open failed. (5205_sec.ocq)
[20:17:15 PM]	CNtlPLHeatHazeObject::LoadSwapFile (724):  file open failed. (5205_sec.hho)
[20:17:15 PM]	CNtlWorldShadow::LoadSwapFile (141):  file open failed. (5332_sec.sdw)
[20:17:15 PM]	CNtlPLObject::LoadSwapFile (3322):  file open failed. (5332_sec.objt)
[20:17:15 PM]	CNtlInstanceEffect::LoadSwapFile (801):  file open failed. (5332_sec.eff)
[20:17:15 PM]	CNtlPLOccluder_Quad::LoadSwapFile (830):  file open failed. (5332_sec.ocq)
[20:17:15 PM]	CNtlPLHeatHazeObject::LoadSwapFile (724):  file open failed. (5332_sec.hho)
[20:17:15 PM]	CNtlWorldShadow::LoadSwapFile (141):  file open failed. (5333_sec.sdw)
[20:17:15 PM]	CNtlPLObject::LoadSwapFile (3322):  file open failed. (5333_sec.objt)
[20:17:15 PM]	CNtlInstanceEffect::LoadSwapFile (801):  file open failed. (5333_sec.eff)
[20:17:15 PM]	CNtlPLOccluder_Quad::LoadSwapFile (830):  file open failed. (5333_sec.ocq)
[20:17:15 PM]	CNtlPLHeatHazeObject::LoadSwapFile (724):  file open failed. (5333_sec.hho)
[20:17:15 PM]	CNtlWorldShadow::LoadSwapFile (141):  file open failed. (5206_sec.sdw)
[20:17:15 PM]	CNtlPLObject::LoadSwapFile (3322):  file open failed. (5206_sec.objt)
[20:17:15 PM]	CNtlInstanceEffect::LoadSwapFile (801):  file open failed. (5206_sec.eff)
[20:17:15 PM]	CNtlPLOccluder_Quad::LoadSwapFile (830):  file open failed. (5206_sec.ocq)
[20:17:15 PM]	CNtlPLHeatHazeObject::LoadSwapFile (724):  file open failed. (5206_sec.hho)
[20:17:15 PM]	CNtlWorldShadow::LoadSwapFile (141):  file open failed. (5207_sec.sdw)
[20:17:15 PM]	CNtlPLObject::LoadSwapFile (3322):  file open failed. (5207_sec.objt)
[20:17:15 PM]	CNtlInstanceEffect::LoadSwapFile (801):  file open failed. (5207_sec.eff)
[20:17:15 PM]	CNtlPLOccluder_Quad::LoadSwapFile (830):  file open failed. (5207_sec.ocq)
[20:17:15 PM]	CNtlPLHeatHazeObject::LoadSwapFile (724):  file open failed. (5207_sec.hho)
[20:17:15 PM]	CNtlWorldShadow::LoadSwapFile (141):  file open failed. (5334_sec.sdw)
[20:17:15 PM]	CNtlPLObject::LoadSwapFile (3322):  file open failed. (5334_sec.objt)
[20:17:15 PM]	CNtlInstanceEffect::LoadSwapFile (801):  file open failed. (5334_sec.eff)
[20:17:15 PM]	CNtlPLOccluder_Quad::LoadSwapFile (830):  file open failed. (5334_sec.ocq)
[20:17:15 PM]	CNtlPLHeatHazeObject::LoadSwapFile (724):  file open failed. (5334_sec.hho)
[20:17:15 PM]	CNtlWorldShadow::LoadSwapFile (141):  file open failed. (5335_sec.sdw)
[20:17:15 PM]	CNtlPLObject::LoadSwapFile (3322):  file open failed. (5335_sec.objt)
[20:17:15 PM]	CNtlInstanceEffect::LoadSwapFile (801):  file open failed. (5335_sec.eff)
[20:17:15 PM]	CNtlPLOccluder_Quad::LoadSwapFile (830):  file open failed. (5335_sec.ocq)
[20:17:15 PM]	CNtlPLHeatHazeObject::LoadSwapFile (724):  file open failed. (5335_sec.hho)
[20:17:15 PM]	CNtlWorldShadow::LoadSwapFile (141):  file open failed. (5208_sec.sdw)
[20:17:15 PM]	CNtlPLObject::LoadSwapFile (3322):  file open failed. (5208_sec.objt)
[20:17:15 PM]	CNtlInstanceEffect::LoadSwapFile (801):  file open failed. (5208_sec.eff)
[20:17:15 PM]	CNtlPLOccluder_Quad::LoadSwapFile (830):  file open failed. (5208_sec.ocq)
[20:17:15 PM]	CNtlPLHeatHazeObject::LoadSwapFile (724):  file open failed. (5208_sec.hho)
[20:17:15 PM]	CNtlWorldShadow::LoadSwapFile (141):  file open failed. (5209_sec.sdw)
[20:17:15 PM]	CNtlPLObject::LoadSwapFile (3322):  file open failed. (5209_sec.objt)
[20:17:15 PM]	CNtlInstanceEffect::LoadSwapFile (801):  file open failed. (5209_sec.eff)
[20:17:15 PM]	CNtlPLOccluder_Quad::LoadSwapFile (830):  file open failed. (5209_sec.ocq)
[20:17:16 PM]	CNtlPLHeatHazeObject::LoadSwapFile (724):  file open failed. (5209_sec.hho)
[20:17:16 PM]	CNtlWorldShadow::LoadSwapFile (141):  file open failed. (5336_sec.sdw)
[20:17:16 PM]	CNtlPLObject::LoadSwapFile (3322):  file open failed. (5336_sec.objt)
[20:17:16 PM]	CNtlInstanceEffect::LoadSwapFile (801):  file open failed. (5336_sec.eff)
[20:17:16 PM]	CNtlPLOccluder_Quad::LoadSwapFile (830):  file open failed. (5336_sec.ocq)
[20:17:16 PM]	CNtlPLHeatHazeObject::LoadSwapFile (724):  file open failed. (5336_sec.hho)
[20:17:16 PM]	CNtlWorldShadow::LoadSwapFile (141):  file open failed. (5337_sec.sdw)
[20:17:16 PM]	CNtlPLObject::LoadSwapFile (3322):  file open failed. (5337_sec.objt)
[20:17:16 PM]	CNtlInstanceEffect::LoadSwapFile (801):  file open failed. (5337_sec.eff)
[20:17:16 PM]	CNtlPLOccluder_Quad::LoadSwapFile (830):  file open failed. (5337_sec.ocq)
[20:17:16 PM]	CNtlPLHeatHazeObject::LoadSwapFile (724):  file open failed. (5337_sec.hho)
[20:17:16 PM]	CNtlWorldShadow::LoadSwapFile (141):  file open failed. (5210_sec.sdw)
[20:17:16 PM]	CNtlPLObject::LoadSwapFile (3322):  file open failed. (5210_sec.objt)
[20:17:16 PM]	CNtlInstanceEffect::LoadSwapFile (801):  file open failed. (5210_sec.eff)
[20:17:16 PM]	CNtlPLOccluder_Quad::LoadSwapFile (830):  file open failed. (5210_sec.ocq)
[20:17:16 PM]	CNtlPLHeatHazeObject::LoadSwapFile (724):  file open failed. (5210_sec.hho)
[20:17:16 PM]	CNtlWorldShadow::LoadSwapFile (141):  file open failed. (5211_sec.sdw)
[20:17:16 PM]	CNtlPLObject::LoadSwapFile (3322):  file open failed. (5211_sec.objt)
[20:17:16 PM]	CNtlInstanceEffect::LoadSwapFile (801):  file open failed. (5211_sec.eff)
[20:17:16 PM]	CNtlPLOccluder_Quad::LoadSwapFile (830):  file open failed. (5211_sec.ocq)
[20:17:16 PM]	CNtlPLHeatHazeObject::LoadSwapFile (724):  file open failed. (5211_sec.hho)
[20:17:17 PM]	CNtlWorldShadow::LoadSwapFile (141):  file open failed. (5338_sec.sdw)
[20:17:17 PM]	CNtlPLObject::LoadSwapFile (3322):  file open failed. (5338_sec.objt)
[20:17:17 PM]	CNtlInstanceEffect::LoadSwapFile (801):  file open failed. (5338_sec.eff)
[20:17:17 PM]	CNtlPLOccluder_Quad::LoadSwapFile (830):  file open failed. (5338_sec.ocq)
[20:17:17 PM]	CNtlPLHeatHazeObject::LoadSwapFile (724):  file open failed. (5338_sec.hho)
[20:17:17 PM]	CNtlWorldShadow::LoadSwapFile (141):  file open failed. (5339_sec.sdw)
[20:17:17 PM]	CNtlPLObject::LoadSwapFile (3322):  file open failed. (5339_sec.objt)
[20:17:17 PM]	CNtlInstanceEffect::LoadSwapFile (801):  file open failed. (5339_sec.eff)
[20:17:17 PM]	CNtlPLOccluder_Quad::LoadSwapFile (830):  file open failed. (5339_sec.ocq)
[20:17:17 PM]	CNtlPLHeatHazeObject::LoadSwapFile (724):  file open failed. (5339_sec.hho)
[20:17:17 PM]	CNtlWorldShadow::LoadSwapFile (141):  file open failed. (5456_sec.sdw)
[20:17:17 PM]	CNtlPLObject::LoadSwapFile (3322):  file open failed. (5456_sec.objt)
[20:17:17 PM]	CNtlInstanceEffect::LoadSwapFile (801):  file open failed. (5456_sec.eff)
[20:17:17 PM]	CNtlPLOccluder_Quad::LoadSwapFile (830):  file open failed. (5456_sec.ocq)
[20:17:17 PM]	CNtlPLHeatHazeObject::LoadSwapFile (724):  file open failed. (5456_sec.hho)
[20:17:17 PM]	CNtlWorldShadow::LoadSwapFile (141):  file open failed. (5457_sec.sdw)
[20:17:17 PM]	CNtlPLObject::LoadSwapFile (3322):  file open failed. (5457_sec.objt)
[20:17:17 PM]	CNtlInstanceEffect::LoadSwapFile (801):  file open failed. (5457_sec.eff)
[20:17:17 PM]	CNtlPLOccluder_Quad::LoadSwapFile (830):  file open failed. (5457_sec.ocq)
[20:17:17 PM]	CNtlPLHeatHazeObject::LoadSwapFile (724):  file open failed. (5457_sec.hho)
[20:17:17 PM]	CNtlWorldShadow::LoadSwapFile (141):  file open failed. (5584_sec.sdw)
[20:17:17 PM]	CNtlPLObject::LoadSwapFile (3322):  file open failed. (5584_sec.objt)
[20:17:17 PM]	CNtlInstanceEffect::LoadSwapFile (801):  file open failed. (5584_sec.eff)
[20:17:17 PM]	CNtlPLOccluder_Quad::LoadSwapFile (830):  file open failed. (5584_sec.ocq)
[20:17:17 PM]	CNtlPLHeatHazeObject::LoadSwapFile (724):  file open failed. (5584_sec.hho)
[20:17:17 PM]	CNtlWorldShadow::LoadSwapFile (141):  file open failed. (5585_sec.sdw)
[20:17:18 PM]	CNtlPLObject::LoadSwapFile (3322):  file open failed. (5585_sec.objt)
[20:17:18 PM]	CNtlInstanceEffect::LoadSwapFile (801):  file open failed. (5585_sec.eff)
[20:17:18 PM]	CNtlPLOccluder_Quad::LoadSwapFile (830):  file open failed. (5585_sec.ocq)
[20:17:18 PM]	CNtlPLHeatHazeObject::LoadSwapFile (724):  file open failed. (5585_sec.hho)
[20:17:18 PM]	CNtlWorldShadow::LoadSwapFile (141):  file open failed. (5458_sec.sdw)
[20:17:18 PM]	CNtlPLObject::LoadSwapFile (3322):  file open failed. (5458_sec.objt)
[20:17:18 PM]	CNtlInstanceEffect::LoadSwapFile (801):  file open failed. (5458_sec.eff)
[20:17:18 PM]	CNtlPLOccluder_Quad::LoadSwapFile (830):  file open failed. (5458_sec.ocq)
[20:17:18 PM]	CNtlPLHeatHazeObject::LoadSwapFile (724):  file open failed. (5458_sec.hho)
[20:17:18 PM]	CNtlWorldShadow::LoadSwapFile (141):  file open failed. (5459_sec.sdw)
[20:17:18 PM]	CNtlPLObject::LoadSwapFile (3322):  file open failed. (5459_sec.objt)
[20:17:18 PM]	CNtlInstanceEffect::LoadSwapFile (801):  file open failed. (5459_sec.eff)
[20:17:18 PM]	CNtlPLOccluder_Quad::LoadSwapFile (830):  file open failed. (5459_sec.ocq)
[20:17:18 PM]	CNtlPLHeatHazeObject::LoadSwapFile (724):  file open failed. (5459_sec.hho)
[20:17:18 PM]	CNtlWorldShadow::LoadSwapFile (141):  file open failed. (5586_sec.sdw)
[20:17:18 PM]	CNtlPLObject::LoadSwapFile (3322):  file open failed. (5586_sec.objt)
[20:17:18 PM]	CNtlInstanceEffect::LoadSwapFile (801):  file open failed. (5586_sec.eff)
[20:17:18 PM]	CNtlPLOccluder_Quad::LoadSwapFile (830):  file open failed. (5586_sec.ocq)
[20:17:18 PM]	CNtlPLHeatHazeObject::LoadSwapFile (724):  file open failed. (5586_sec.hho)
[20:17:18 PM]	CNtlWorldShadow::LoadSwapFile (141):  file open failed. (5587_sec.sdw)
[20:17:18 PM]	CNtlPLObject::LoadSwapFile (3322):  file open failed. (5587_sec.objt)
[20:17:18 PM]	CNtlInstanceEffect::LoadSwapFile (801):  file open failed. (5587_sec.eff)
[20:17:18 PM]	CNtlPLOccluder_Quad::LoadSwapFile (830):  file open failed. (5587_sec.ocq)
[20:17:18 PM]	CNtlPLHeatHazeObject::LoadSwapFile (724):  file open failed. (5587_sec.hho)
[20:17:18 PM]	CNtlWorldShadow::LoadSwapFile (141):  file open failed. (5460_sec.sdw)
[20:17:18 PM]	CNtlPLObject::LoadSwapFile (3322):  file open failed. (5460_sec.objt)
[20:17:18 PM]	CNtlInstanceEffect::LoadSwapFile (801):  file open failed. (5460_sec.eff)
[20:17:18 PM]	CNtlPLOccluder_Quad::LoadSwapFile (830):  file open failed. (5460_sec.ocq)
[20:17:18 PM]	CNtlPLHeatHazeObject::LoadSwapFile (724):  file open failed. (5460_sec.hho)
[20:17:18 PM]	CNtlWorldShadow::LoadSwapFile (141):  file open failed. (5461_sec.sdw)
[20:17:18 PM]	CNtlPLObject::LoadSwapFile (3322):  file open failed. (5461_sec.objt)
[20:17:18 PM]	CNtlInstanceEffect::LoadSwapFile (801):  file open failed. (5461_sec.eff)
[20:17:18 PM]	CNtlPLOccluder_Quad::LoadSwapFile (830):  file open failed. (5461_sec.ocq)
[20:17:18 PM]	CNtlPLHeatHazeObject::LoadSwapFile (724):  file open failed. (5461_sec.hho)
[20:17:18 PM]	CNtlWorldShadow::LoadSwapFile (141):  file open failed. (5588_sec.sdw)
[20:17:19 PM]	CNtlPLObject::LoadSwapFile (3322):  file open failed. (5588_sec.objt)
[20:17:19 PM]	CNtlInstanceEffect::LoadSwapFile (801):  file open failed. (5588_sec.eff)
[20:17:19 PM]	CNtlPLOccluder_Quad::LoadSwapFile (830):  file open failed. (5588_sec.ocq)
[20:17:19 PM]	CNtlPLHeatHazeObject::LoadSwapFile (724):  file open failed. (5588_sec.hho)
[20:17:19 PM]	CNtlWorldShadow::LoadSwapFile (141):  file open failed. (5589_sec.sdw)
[20:17:19 PM]	CNtlPLObject::LoadSwapFile (3322):  file open failed. (5589_sec.objt)
[20:17:19 PM]	CNtlInstanceEffect::LoadSwapFile (801):  file open failed. (5589_sec.eff)
[20:17:19 PM]	CNtlPLOccluder_Quad::LoadSwapFile (830):  file open failed. (5589_sec.ocq)
[20:17:19 PM]	CNtlPLHeatHazeObject::LoadSwapFile (724):  file open failed. (5589_sec.hho)
[20:17:19 PM]	CNtlWorldShadow::LoadSwapFile (141):  file open failed. (5462_sec.sdw)
[20:17:19 PM]	CNtlPLObject::LoadSwapFile (3322):  file open failed. (5462_sec.objt)
[20:17:19 PM]	CNtlInstanceEffect::LoadSwapFile (801):  file open failed. (5462_sec.eff)
[20:17:19 PM]	CNtlPLOccluder_Quad::LoadSwapFile (830):  file open failed. (5462_sec.ocq)
[20:17:19 PM]	CNtlPLHeatHazeObject::LoadSwapFile (724):  file open failed. (5462_sec.hho)
[20:17:19 PM]	CNtlWorldShadow::LoadSwapFile (141):  file open failed. (5463_sec.sdw)
[20:17:19 PM]	CNtlPLObject::LoadSwapFile (3322):  file open failed. (5463_sec.objt)
[20:17:19 PM]	CNtlInstanceEffect::LoadSwapFile (801):  file open failed. (5463_sec.eff)
[20:17:19 PM]	CNtlPLOccluder_Quad::LoadSwapFile (830):  file open failed. (5463_sec.ocq)
[20:17:19 PM]	CNtlPLHeatHazeObject::LoadSwapFile (724):  file open failed. (5463_sec.hho)
[20:17:19 PM]	CNtlWorldShadow::LoadSwapFile (141):  file open failed. (5590_sec.sdw)
[20:17:19 PM]	CNtlPLObject::LoadSwapFile (3322):  file open failed. (5590_sec.objt)
[20:17:19 PM]	CNtlInstanceEffect::LoadSwapFile (801):  file open failed. (5590_sec.eff)
[20:17:19 PM]	CNtlPLOccluder_Quad::LoadSwapFile (830):  file open failed. (5590_sec.ocq)
[20:17:19 PM]	CNtlPLHeatHazeObject::LoadSwapFile (724):  file open failed. (5590_sec.hho)
[20:17:19 PM]	CNtlWorldShadow::LoadSwapFile (141):  file open failed. (5591_sec.sdw)
[20:17:19 PM]	CNtlPLObject::LoadSwapFile (3322):  file open failed. (5591_sec.objt)
[20:17:19 PM]	CNtlInstanceEffect::LoadSwapFile (801):  file open failed. (5591_sec.eff)
[20:17:19 PM]	CNtlPLOccluder_Quad::LoadSwapFile (830):  file open failed. (5591_sec.ocq)
[20:17:19 PM]	CNtlPLHeatHazeObject::LoadSwapFile (724):  file open failed. (5591_sec.hho)
[20:17:19 PM]	CNtlWorldShadow::LoadSwapFile (141):  file open failed. (5464_sec.sdw)
[20:17:20 PM]	CNtlPLObject::LoadSwapFile (3322):  file open failed. (5464_sec.objt)
[20:17:20 PM]	CNtlInstanceEffect::LoadSwapFile (801):  file open failed. (5464_sec.eff)
[20:17:20 PM]	CNtlPLOccluder_Quad::LoadSwapFile (830):  file open failed. (5464_sec.ocq)
[20:17:20 PM]	CNtlPLHeatHazeObject::LoadSwapFile (724):  file open failed. (5464_sec.hho)
[20:17:20 PM]	CNtlWorldShadow::LoadSwapFile (141):  file open failed. (5465_sec.sdw)
[20:17:21 PM]	CNtlPLObject::LoadSwapFile (3322):  file open failed. (5465_sec.objt)
[20:17:21 PM]	CNtlInstanceEffect::LoadSwapFile (801):  file open failed. (5465_sec.eff)
[20:17:21 PM]	CNtlPLOccluder_Quad::LoadSwapFile (830):  file open failed. (5465_sec.ocq)
[20:17:21 PM]	CNtlPLHeatHazeObject::LoadSwapFile (724):  file open failed. (5465_sec.hho)
[20:17:21 PM]	CNtlWorldShadow::LoadSwapFile (141):  file open failed. (5592_sec.sdw)
[20:17:21 PM]	CNtlPLObject::LoadSwapFile (3322):  file open failed. (5592_sec.objt)
[20:17:21 PM]	CNtlInstanceEffect::LoadSwapFile (801):  file open failed. (5592_sec.eff)
[20:17:21 PM]	CNtlPLOccluder_Quad::LoadSwapFile (830):  file open failed. (5592_sec.ocq)
[20:17:21 PM]	CNtlPLHeatHazeObject::LoadSwapFile (724):  file open failed. (5592_sec.hho)
[20:17:21 PM]	CNtlWorldShadow::LoadSwapFile (141):  file open failed. (5593_sec.sdw)
[20:17:22 PM]	CNtlPLObject::LoadSwapFile (3322):  file open failed. (5593_sec.objt)
[20:17:22 PM]	CNtlInstanceEffect::LoadSwapFile (801):  file open failed. (5593_sec.eff)
[20:17:22 PM]	CNtlPLOccluder_Quad::LoadSwapFile (830):  file open failed. (5593_sec.ocq)
[20:17:22 PM]	CNtlPLHeatHazeObject::LoadSwapFile (724):  file open failed. (5593_sec.hho)
[20:17:22 PM]	CNtlWorldShadow::LoadSwapFile (141):  file open failed. (5466_sec.sdw)
[20:17:22 PM]	CNtlPLObject::LoadSwapFile (3322):  file open failed. (5466_sec.objt)
[20:17:22 PM]	CNtlInstanceEffect::LoadSwapFile (801):  file open failed. (5466_sec.eff)
[20:17:22 PM]	CNtlPLOccluder_Quad::LoadSwapFile (830):  file open failed. (5466_sec.ocq)
[20:17:22 PM]	CNtlPLHeatHazeObject::LoadSwapFile (724):  file open failed. (5466_sec.hho)
[20:17:22 PM]	CNtlWorldShadow::LoadSwapFile (141):  file open failed. (5467_sec.sdw)
[20:17:22 PM]	CNtlPLObject::LoadSwapFile (3322):  file open failed. (5467_sec.objt)
[20:17:22 PM]	CNtlInstanceEffect::LoadSwapFile (801):  file open failed. (5467_sec.eff)
[20:17:22 PM]	CNtlPLOccluder_Quad::LoadSwapFile (830):  file open failed. (5467_sec.ocq)
[20:17:22 PM]	CNtlPLHeatHazeObject::LoadSwapFile (724):  file open failed. (5467_sec.hho)
[20:17:22 PM]	CNtlWorldShadow::LoadSwapFile (141):  file open failed. (5594_sec.sdw)
[20:17:22 PM]	CNtlPLObject::LoadSwapFile (3322):  file open failed. (5594_sec.objt)
[20:17:22 PM]	CNtlInstanceEffect::LoadSwapFile (801):  file open failed. (5594_sec.eff)
[20:17:22 PM]	CNtlPLOccluder_Quad::LoadSwapFile (830):  file open failed. (5594_sec.ocq)
[20:17:22 PM]	CNtlPLHeatHazeObject::LoadSwapFile (724):  file open failed. (5594_sec.hho)
[20:17:22 PM]	CNtlWorldShadow::LoadSwapFile (141):  file open failed. (5595_sec.sdw)
[20:17:22 PM]	CNtlPLObject::LoadSwapFile (3322):  file open failed. (5595_sec.objt)
[20:17:22 PM]	CNtlInstanceEffect::LoadSwapFile (801):  file open failed. (5595_sec.eff)
[20:17:23 PM]	CNtlPLOccluder_Quad::LoadSwapFile (830):  file open failed. (5595_sec.ocq)
[20:17:23 PM]	CNtlPLHeatHazeObject::LoadSwapFile (724):  file open failed. (5595_sec.hho)
[20:17:23 PM]	CNtlWorldShadow::LoadSwapFile (141):  file open failed. (5712_sec.sdw)
[20:17:23 PM]	CNtlPLObject::LoadSwapFile (3322):  file open failed. (5712_sec.objt)
[20:17:23 PM]	CNtlInstanceEffect::LoadSwapFile (801):  file open failed. (5712_sec.eff)
[20:17:23 PM]	CNtlPLOccluder_Quad::LoadSwapFile (830):  file open failed. (5712_sec.ocq)
[20:17:23 PM]	CNtlPLHeatHazeObject::LoadSwapFile (724):  file open failed. (5712_sec.hho)
[20:17:23 PM]	CNtlWorldShadow::LoadSwapFile (141):  file open failed. (5713_sec.sdw)
[20:17:23 PM]	CNtlPLObject::LoadSwapFile (3322):  file open failed. (5713_sec.objt)
[20:17:23 PM]	CNtlInstanceEffect::LoadSwapFile (801):  file open failed. (5713_sec.eff)
[20:17:23 PM]	CNtlPLOccluder_Quad::LoadSwapFile (830):  file open failed. (5713_sec.ocq)
[20:17:23 PM]	CNtlPLHeatHazeObject::LoadSwapFile (724):  file open failed. (5713_sec.hho)
[20:17:23 PM]	CNtlWorldShadow::LoadSwapFile (141):  file open failed. (5840_sec.sdw)
[20:17:23 PM]	CNtlPLObject::LoadSwapFile (3322):  file open failed. (5840_sec.objt)
[20:17:23 PM]	CNtlInstanceEffect::LoadSwapFile (801):  file open failed. (5840_sec.eff)
[20:17:23 PM]	CNtlPLOccluder_Quad::LoadSwapFile (830):  file open failed. (5840_sec.ocq)
[20:17:23 PM]	CNtlPLHeatHazeObject::LoadSwapFile (724):  file open failed. (5840_sec.hho)
[20:17:23 PM]	CNtlWorldShadow::LoadSwapFile (141):  file open failed. (5841_sec.sdw)
[20:17:23 PM]	CNtlPLObject::LoadSwapFile (3322):  file open failed. (5841_sec.objt)
[20:17:23 PM]	CNtlInstanceEffect::LoadSwapFile (801):  file open failed. (5841_sec.eff)
[20:17:23 PM]	CNtlPLOccluder_Quad::LoadSwapFile (830):  file open failed. (5841_sec.ocq)
[20:17:23 PM]	CNtlPLHeatHazeObject::LoadSwapFile (724):  file open failed. (5841_sec.hho)
[20:17:23 PM]	CNtlWorldShadow::LoadSwapFile (141):  file open failed. (5714_sec.sdw)
[20:17:23 PM]	CNtlPLObject::LoadSwapFile (3322):  file open failed. (5714_sec.objt)
[20:17:23 PM]	CNtlInstanceEffect::LoadSwapFile (801):  file open failed. (5714_sec.eff)
[20:17:23 PM]	CNtlPLOccluder_Quad::LoadSwapFile (830):  file open failed. (5714_sec.ocq)
[20:17:23 PM]	CNtlPLHeatHazeObject::LoadSwapFile (724):  file open failed. (5714_sec.hho)
[20:17:23 PM]	CNtlWorldShadow::LoadSwapFile (141):  file open failed. (5715_sec.sdw)
[20:17:23 PM]	CNtlPLObject::LoadSwapFile (3322):  file open failed. (5715_sec.objt)
[20:17:23 PM]	CNtlInstanceEffect::LoadSwapFile (801):  file open failed. (5715_sec.eff)
[20:17:23 PM]	CNtlPLOccluder_Quad::LoadSwapFile (830):  file open failed. (5715_sec.ocq)
[20:17:23 PM]	CNtlPLHeatHazeObject::LoadSwapFile (724):  file open failed. (5715_sec.hho)
[20:17:23 PM]	CNtlWorldShadow::LoadSwapFile (141):  file open failed. (5842_sec.sdw)
[20:17:23 PM]	CNtlPLObject::LoadSwapFile (3322):  file open failed. (5842_sec.objt)
[20:17:23 PM]	CNtlInstanceEffect::LoadSwapFile (801):  file open failed. (5842_sec.eff)
[20:17:23 PM]	CNtlPLOccluder_Quad::LoadSwapFile (830):  file open failed. (5842_sec.ocq)
[20:17:23 PM]	CNtlPLHeatHazeObject::LoadSwapFile (724):  file open failed. (5842_sec.hho)
[20:17:23 PM]	CNtlWorldShadow::LoadSwapFile (141):  file open failed. (5843_sec.sdw)
[20:17:23 PM]	CNtlPLObject::LoadSwapFile (3322):  file open failed. (5843_sec.objt)
[20:17:23 PM]	CNtlInstanceEffect::LoadSwapFile (801):  file open failed. (5843_sec.eff)
[20:17:23 PM]	CNtlPLOccluder_Quad::LoadSwapFile (830):  file open failed. (5843_sec.ocq)
[20:17:23 PM]	CNtlPLHeatHazeObject::LoadSwapFile (724):  file open failed. (5843_sec.hho)
[20:17:23 PM]	CNtlWorldShadow::LoadSwapFile (141):  file open failed. (5716_sec.sdw)
[20:17:23 PM]	CNtlPLObject::LoadSwapFile (3322):  file open failed. (5716_sec.objt)
[20:17:23 PM]	CNtlInstanceEffect::LoadSwapFile (801):  file open failed. (5716_sec.eff)
[20:17:23 PM]	CNtlPLOccluder_Quad::LoadSwapFile (830):  file open failed. (5716_sec.ocq)
[20:17:23 PM]	CNtlPLHeatHazeObject::LoadSwapFile (724):  file open failed. (5716_sec.hho)
[20:17:23 PM]	CNtlWorldShadow::LoadSwapFile (141):  file open failed. (5717_sec.sdw)
[20:17:23 PM]	CNtlPLObject::LoadSwapFile (3322):  file open failed. (5717_sec.objt)
[20:17:23 PM]	CNtlInstanceEffect::LoadSwapFile (801):  file open failed. (5717_sec.eff)
[20:17:23 PM]	CNtlPLOccluder_Quad::LoadSwapFile (830):  file open failed. (5717_sec.ocq)
[20:17:23 PM]	CNtlPLHeatHazeObject::LoadSwapFile (724):  file open failed. (5717_sec.hho)
[20:17:23 PM]	CNtlWorldShadow::LoadSwapFile (141):  file open failed. (5844_sec.sdw)
[20:17:24 PM]	CNtlPLObject::LoadSwapFile (3322):  file open failed. (5844_sec.objt)
[20:17:24 PM]	CNtlInstanceEffect::LoadSwapFile (801):  file open failed. (5844_sec.eff)
[20:17:24 PM]	CNtlPLOccluder_Quad::LoadSwapFile (830):  file open failed. (5844_sec.ocq)
[20:17:24 PM]	CNtlPLHeatHazeObject::LoadSwapFile (724):  file open failed. (5844_sec.hho)
[20:17:24 PM]	CNtlWorldShadow::LoadSwapFile (141):  file open failed. (5845_sec.sdw)
[20:17:24 PM]	CNtlPLObject::LoadSwapFile (3322):  file open failed. (5845_sec.objt)
[20:17:24 PM]	CNtlInstanceEffect::LoadSwapFile (801):  file open failed. (5845_sec.eff)
[20:17:24 PM]	CNtlPLOccluder_Quad::LoadSwapFile (830):  file open failed. (5845_sec.ocq)
[20:17:24 PM]	CNtlPLHeatHazeObject::LoadSwapFile (724):  file open failed. (5845_sec.hho)
[20:17:24 PM]	CNtlWorldShadow::LoadSwapFile (141):  file open failed. (5718_sec.sdw)
[20:17:24 PM]	CNtlPLObject::LoadSwapFile (3322):  file open failed. (5718_sec.objt)
[20:17:24 PM]	CNtlInstanceEffect::LoadSwapFile (801):  file open failed. (5718_sec.eff)
[20:17:24 PM]	CNtlPLOccluder_Quad::LoadSwapFile (830):  file open failed. (5718_sec.ocq)
[20:17:24 PM]	CNtlPLHeatHazeObject::LoadSwapFile (724):  file open failed. (5718_sec.hho)
[20:17:24 PM]	CNtlWorldShadow::LoadSwapFile (141):  file open failed. (5719_sec.sdw)
[20:17:24 PM]	CNtlPLObject::LoadSwapFile (3322):  file open failed. (5719_sec.objt)
[20:17:24 PM]	CNtlInstanceEffect::LoadSwapFile (801):  file open failed. (5719_sec.eff)
[20:17:24 PM]	CNtlPLOccluder_Quad::LoadSwapFile (830):  file open failed. (5719_sec.ocq)
[20:17:24 PM]	CNtlPLHeatHazeObject::LoadSwapFile (724):  file open failed. (5719_sec.hho)
[20:17:24 PM]	CNtlWorldShadow::LoadSwapFile (141):  file open failed. (5846_sec.sdw)
[20:17:24 PM]	CNtlPLObject::LoadSwapFile (3322):  file open failed. (5846_sec.objt)
[20:17:24 PM]	CNtlInstanceEffect::LoadSwapFile (801):  file open failed. (5846_sec.eff)
[20:17:24 PM]	CNtlPLOccluder_Quad::LoadSwapFile (830):  file open failed. (5846_sec.ocq)
[20:17:24 PM]	CNtlPLHeatHazeObject::LoadSwapFile (724):  file open failed. (5846_sec.hho)
[20:17:24 PM]	CNtlWorldShadow::LoadSwapFile (141):  file open failed. (5847_sec.sdw)
[20:17:24 PM]	CNtlPLObject::LoadSwapFile (3322):  file open failed. (5847_sec.objt)
[20:17:24 PM]	CNtlInstanceEffect::LoadSwapFile (801):  file open failed. (5847_sec.eff)
[20:17:24 PM]	CNtlPLOccluder_Quad::LoadSwapFile (830):  file open failed. (5847_sec.ocq)
[20:17:24 PM]	CNtlPLHeatHazeObject::LoadSwapFile (724):  file open failed. (5847_sec.hho)
[20:17:24 PM]	CNtlWorldShadow::LoadSwapFile (141):  file open failed. (5720_sec.sdw)
[20:17:24 PM]	CNtlPLObject::LoadSwapFile (3322):  file open failed. (5720_sec.objt)
[20:17:24 PM]	CNtlInstanceEffect::LoadSwapFile (801):  file open failed. (5720_sec.eff)
[20:17:24 PM]	CNtlPLOccluder_Quad::LoadSwapFile (830):  file open failed. (5720_sec.ocq)
[20:17:24 PM]	CNtlPLHeatHazeObject::LoadSwapFile (724):  file open failed. (5720_sec.hho)
[20:17:24 PM]	CNtlWorldShadow::LoadSwapFile (141):  file open failed. (5721_sec.sdw)
[20:17:24 PM]	CNtlPLObject::LoadSwapFile (3322):  file open failed. (5721_sec.objt)
[20:17:24 PM]	CNtlInstanceEffect::LoadSwapFile (801):  file open failed. (5721_sec.eff)
[20:17:24 PM]	CNtlPLOccluder_Quad::LoadSwapFile (830):  file open failed. (5721_sec.ocq)
[20:17:24 PM]	CNtlPLHeatHazeObject::LoadSwapFile (724):  file open failed. (5721_sec.hho)
[20:17:24 PM]	CNtlWorldShadow::LoadSwapFile (141):  file open failed. (5848_sec.sdw)
[20:17:24 PM]	CNtlPLObject::LoadSwapFile (3322):  file open failed. (5848_sec.objt)
[20:17:24 PM]	CNtlInstanceEffect::LoadSwapFile (801):  file open failed. (5848_sec.eff)
[20:17:24 PM]	CNtlPLOccluder_Quad::LoadSwapFile (830):  file open failed. (5848_sec.ocq)
[20:17:24 PM]	CNtlPLHeatHazeObject::LoadSwapFile (724):  file open failed. (5848_sec.hho)
[20:17:24 PM]	CNtlWorldShadow::LoadSwapFile (141):  file open failed. (5849_sec.sdw)
[20:17:24 PM]	CNtlPLObject::LoadSwapFile (3322):  file open failed. (5849_sec.objt)
[20:17:25 PM]	CNtlInstanceEffect::LoadSwapFile (801):  file open failed. (5849_sec.eff)
[20:17:25 PM]	CNtlPLOccluder_Quad::LoadSwapFile (830):  file open failed. (5849_sec.ocq)
[20:17:25 PM]	CNtlPLHeatHazeObject::LoadSwapFile (724):  file open failed. (5849_sec.hho)
[20:17:25 PM]	CNtlWorldShadow::LoadSwapFile (141):  file open failed. (5722_sec.sdw)
[20:17:25 PM]	CNtlPLObject::LoadSwapFile (3322):  file open failed. (5722_sec.objt)
[20:17:25 PM]	CNtlInstanceEffect::LoadSwapFile (801):  file open failed. (5722_sec.eff)
[20:17:25 PM]	CNtlPLOccluder_Quad::LoadSwapFile (830):  file open failed. (5722_sec.ocq)
[20:17:25 PM]	CNtlPLHeatHazeObject::LoadSwapFile (724):  file open failed. (5722_sec.hho)
[20:17:25 PM]	CNtlWorldShadow::LoadSwapFile (141):  file open failed. (5723_sec.sdw)
[20:17:25 PM]	CNtlPLObject::LoadSwapFile (3322):  file open failed. (5723_sec.objt)
[20:17:25 PM]	CNtlInstanceEffect::LoadSwapFile (801):  file open failed. (5723_sec.eff)
[20:17:25 PM]	CNtlPLOccluder_Quad::LoadSwapFile (830):  file open failed. (5723_sec.ocq)
[20:17:25 PM]	CNtlPLHeatHazeObject::LoadSwapFile (724):  file open failed. (5723_sec.hho)
[20:17:25 PM]	CNtlWorldShadow::LoadSwapFile (141):  file open failed. (5850_sec.sdw)
[20:17:25 PM]	CNtlPLObject::LoadSwapFile (3322):  file open failed. (5850_sec.objt)
[20:17:25 PM]	CNtlInstanceEffect::LoadSwapFile (801):  file open failed. (5850_sec.eff)
[20:17:25 PM]	CNtlPLOccluder_Quad::LoadSwapFile (830):  file open failed. (5850_sec.ocq)
[20:17:25 PM]	CNtlPLHeatHazeObject::LoadSwapFile (724):  file open failed. (5850_sec.hho)
[20:17:25 PM]	CNtlWorldShadow::LoadSwapFile (141):  file open failed. (5851_sec.sdw)
[20:17:25 PM]	CNtlPLObject::LoadSwapFile (3322):  file open failed. (5851_sec.objt)
[20:17:25 PM]	CNtlInstanceEffect::LoadSwapFile (801):  file open failed. (5851_sec.eff)
[20:17:25 PM]	CNtlPLOccluder_Quad::LoadSwapFile (830):  file open failed. (5851_sec.ocq)
[20:17:25 PM]	CNtlPLHeatHazeObject::LoadSwapFile (724):  file open failed. (5851_sec.hho)
[20:17:25 PM]	CNtlWorldShadow::LoadSwapFile (141):  file open failed. (5968_sec.sdw)
[20:17:25 PM]	CNtlPLObject::LoadSwapFile (3322):  file open failed. (5968_sec.objt)
[20:17:25 PM]	CNtlInstanceEffect::LoadSwapFile (801):  file open failed. (5968_sec.eff)
[20:17:25 PM]	CNtlPLOccluder_Quad::LoadSwapFile (830):  file open failed. (5968_sec.ocq)
[20:17:25 PM]	CNtlPLHeatHazeObject::LoadSwapFile (724):  file open failed. (5968_sec.hho)
[20:17:25 PM]	CNtlWorldShadow::LoadSwapFile (141):  file open failed. (5969_sec.sdw)
[20:17:25 PM]	CNtlPLObject::LoadSwapFile (3322):  file open failed. (5969_sec.objt)
[20:17:25 PM]	CNtlInstanceEffect::LoadSwapFile (801):  file open failed. (5969_sec.eff)
[20:17:25 PM]	CNtlPLOccluder_Quad::LoadSwapFile (830):  file open failed. (5969_sec.ocq)
[20:17:25 PM]	CNtlPLHeatHazeObject::LoadSwapFile (724):  file open failed. (5969_sec.hho)
[20:17:25 PM]	CNtlWorldShadow::LoadSwapFile (141):  file open failed. (6096_sec.sdw)
[20:17:25 PM]	CNtlPLObject::LoadSwapFile (3322):  file open failed. (6096_sec.objt)
[20:17:25 PM]	CNtlInstanceEffect::LoadSwapFile (801):  file open failed. (6096_sec.eff)
[20:17:25 PM]	CNtlPLOccluder_Quad::LoadSwapFile (830):  file open failed. (6096_sec.ocq)
[20:17:25 PM]	CNtlPLHeatHazeObject::LoadSwapFile (724):  file open failed. (6096_sec.hho)
[20:17:25 PM]	CNtlWorldShadow::LoadSwapFile (141):  file open failed. (6097_sec.sdw)
[20:17:25 PM]	CNtlPLObject::LoadSwapFile (3322):  file open failed. (6097_sec.objt)
[20:17:25 PM]	CNtlInstanceEffect::LoadSwapFile (801):  file open failed. (6097_sec.eff)
[20:17:25 PM]	CNtlPLOccluder_Quad::LoadSwapFile (830):  file open failed. (6097_sec.ocq)
[20:17:25 PM]	CNtlPLHeatHazeObject::LoadSwapFile (724):  file open failed. (6097_sec.hho)
[20:17:25 PM]	CNtlWorldShadow::LoadSwapFile (141):  file open failed. (5970_sec.sdw)
[20:17:25 PM]	CNtlPLObject::LoadSwapFile (3322):  file open failed. (5970_sec.objt)
[20:17:25 PM]	CNtlInstanceEffect::LoadSwapFile (801):  file open failed. (5970_sec.eff)
[20:17:25 PM]	CNtlPLOccluder_Quad::LoadSwapFile (830):  file open failed. (5970_sec.ocq)
[20:17:25 PM]	CNtlPLHeatHazeObject::LoadSwapFile (724):  file open failed. (5970_sec.hho)
[20:17:25 PM]	CNtlWorldShadow::LoadSwapFile (141):  file open failed. (5971_sec.sdw)
[20:17:25 PM]	CNtlPLObject::LoadSwapFile (3322):  file open failed. (5971_sec.objt)
[20:17:25 PM]	CNtlInstanceEffect::LoadSwapFile (801):  file open failed. (5971_sec.eff)
[20:17:25 PM]	CNtlPLOccluder_Quad::LoadSwapFile (830):  file open failed. (5971_sec.ocq)
[20:17:25 PM]	CNtlPLHeatHazeObject::LoadSwapFile (724):  file open failed. (5971_sec.hho)
[20:17:26 PM]	CNtlWorldShadow::LoadSwapFile (141):  file open failed. (6098_sec.sdw)
[20:17:26 PM]	CNtlPLObject::LoadSwapFile (3322):  file open failed. (6098_sec.objt)
[20:17:26 PM]	CNtlInstanceEffect::LoadSwapFile (801):  file open failed. (6098_sec.eff)
[20:17:26 PM]	CNtlPLOccluder_Quad::LoadSwapFile (830):  file open failed. (6098_sec.ocq)
[20:17:26 PM]	CNtlPLHeatHazeObject::LoadSwapFile (724):  file open failed. (6098_sec.hho)
[20:17:26 PM]	CNtlWorldShadow::LoadSwapFile (141):  file open failed. (6099_sec.sdw)
[20:17:26 PM]	CNtlPLObject::LoadSwapFile (3322):  file open failed. (6099_sec.objt)
[20:17:26 PM]	CNtlInstanceEffect::LoadSwapFile (801):  file open failed. (6099_sec.eff)
[20:17:26 PM]	CNtlPLOccluder_Quad::LoadSwapFile (830):  file open failed. (6099_sec.ocq)
[20:17:26 PM]	CNtlPLHeatHazeObject::LoadSwapFile (724):  file open failed. (6099_sec.hho)
[20:17:26 PM]	CNtlWorldShadow::LoadSwapFile (141):  file open failed. (5972_sec.sdw)
[20:17:26 PM]	CNtlPLObject::LoadSwapFile (3322):  file open failed. (5972_sec.objt)
[20:17:26 PM]	CNtlInstanceEffect::LoadSwapFile (801):  file open failed. (5972_sec.eff)
[20:17:26 PM]	CNtlPLOccluder_Quad::LoadSwapFile (830):  file open failed. (5972_sec.ocq)
[20:17:26 PM]	CNtlPLHeatHazeObject::LoadSwapFile (724):  file open failed. (5972_sec.hho)
[20:17:26 PM]	CNtlWorldShadow::LoadSwapFile (141):  file open failed. (5973_sec.sdw)
[20:17:26 PM]	CNtlPLObject::LoadSwapFile (3322):  file open failed. (5973_sec.objt)
[20:17:26 PM]	CNtlInstanceEffect::LoadSwapFile (801):  file open failed. (5973_sec.eff)
[20:17:26 PM]	CNtlPLOccluder_Quad::LoadSwapFile (830):  file open failed. (5973_sec.ocq)
[20:17:26 PM]	CNtlPLHeatHazeObject::LoadSwapFile (724):  file open failed. (5973_sec.hho)
[20:17:26 PM]	CNtlWorldShadow::LoadSwapFile (141):  file open failed. (6100_sec.sdw)
[20:17:26 PM]	CNtlPLObject::LoadSwapFile (3322):  file open failed. (6100_sec.objt)
[20:17:26 PM]	CNtlInstanceEffect::LoadSwapFile (801):  file open failed. (6100_sec.eff)
[20:17:26 PM]	CNtlPLOccluder_Quad::LoadSwapFile (830):  file open failed. (6100_sec.ocq)
[20:17:26 PM]	CNtlPLHeatHazeObject::LoadSwapFile (724):  file open failed. (6100_sec.hho)
[20:17:26 PM]	CNtlWorldShadow::LoadSwapFile (141):  file open failed. (6101_sec.sdw)
[20:17:26 PM]	CNtlPLObject::LoadSwapFile (3322):  file open failed. (6101_sec.objt)
[20:17:26 PM]	CNtlInstanceEffect::LoadSwapFile (801):  file open failed. (6101_sec.eff)
[20:17:26 PM]	CNtlPLOccluder_Quad::LoadSwapFile (830):  file open failed. (6101_sec.ocq)
[20:17:26 PM]	CNtlPLHeatHazeObject::LoadSwapFile (724):  file open failed. (6101_sec.hho)
[20:17:26 PM]	CNtlWorldShadow::LoadSwapFile (141):  file open failed. (5974_sec.sdw)
[20:17:26 PM]	CNtlPLObject::LoadSwapFile (3322):  file open failed. (5974_sec.objt)
[20:17:26 PM]	CNtlInstanceEffect::LoadSwapFile (801):  file open failed. (5974_sec.eff)
[20:17:26 PM]	CNtlPLOccluder_Quad::LoadSwapFile (830):  file open failed. (5974_sec.ocq)
[20:17:26 PM]	CNtlPLHeatHazeObject::LoadSwapFile (724):  file open failed. (5974_sec.hho)
[20:17:26 PM]	CNtlWorldShadow::LoadSwapFile (141):  file open failed. (5975_sec.sdw)
[20:17:26 PM]	CNtlPLObject::LoadSwapFile (3322):  file open failed. (5975_sec.objt)
[20:17:26 PM]	CNtlInstanceEffect::LoadSwapFile (801):  file open failed. (5975_sec.eff)
[20:17:26 PM]	CNtlPLOccluder_Quad::LoadSwapFile (830):  file open failed. (5975_sec.ocq)
[20:17:26 PM]	CNtlPLHeatHazeObject::LoadSwapFile (724):  file open failed. (5975_sec.hho)
[20:17:26 PM]	CNtlWorldShadow::LoadSwapFile (141):  file open failed. (6102_sec.sdw)
[20:17:26 PM]	CNtlPLObject::LoadSwapFile (3322):  file open failed. (6102_sec.objt)
[20:17:26 PM]	CNtlInstanceEffect::LoadSwapFile (801):  file open failed. (6102_sec.eff)
[20:17:26 PM]	CNtlPLOccluder_Quad::LoadSwapFile (830):  file open failed. (6102_sec.ocq)
[20:17:26 PM]	CNtlPLHeatHazeObject::LoadSwapFile (724):  file open failed. (6102_sec.hho)
[20:17:26 PM]	CNtlWorldShadow::LoadSwapFile (141):  file open failed. (6103_sec.sdw)
[20:17:26 PM]	CNtlPLObject::LoadSwapFile (3322):  file open failed. (6103_sec.objt)
[20:17:26 PM]	CNtlInstanceEffect::LoadSwapFile (801):  file open failed. (6103_sec.eff)
[20:17:26 PM]	CNtlPLOccluder_Quad::LoadSwapFile (830):  file open failed. (6103_sec.ocq)
[20:17:26 PM]	CNtlPLHeatHazeObject::LoadSwapFile (724):  file open failed. (6103_sec.hho)
[20:17:26 PM]	CNtlWorldShadow::LoadSwapFile (141):  file open failed. (5976_sec.sdw)
[20:17:26 PM]	CNtlPLObject::LoadSwapFile (3322):  file open failed. (5976_sec.objt)
[20:17:26 PM]	CNtlInstanceEffect::LoadSwapFile (801):  file open failed. (5976_sec.eff)
[20:17:26 PM]	CNtlPLOccluder_Quad::LoadSwapFile (830):  file open failed. (5976_sec.ocq)
[20:17:26 PM]	CNtlPLHeatHazeObject::LoadSwapFile (724):  file open failed. (5976_sec.hho)
[20:17:26 PM]	CNtlWorldShadow::LoadSwapFile (141):  file open failed. (5977_sec.sdw)
[20:17:26 PM]	CNtlPLObject::LoadSwapFile (3322):  file open failed. (5977_sec.objt)
[20:17:26 PM]	CNtlInstanceEffect::LoadSwapFile (801):  file open failed. (5977_sec.eff)
[20:17:26 PM]	CNtlPLOccluder_Quad::LoadSwapFile (830):  file open failed. (5977_sec.ocq)
[20:17:26 PM]	CNtlPLHeatHazeObject::LoadSwapFile (724):  file open failed. (5977_sec.hho)
[20:17:26 PM]	CNtlWorldShadow::LoadSwapFile (141):  file open failed. (6104_sec.sdw)
[20:17:26 PM]	CNtlPLObject::LoadSwapFile (3322):  file open failed. (6104_sec.objt)
[20:17:26 PM]	CNtlInstanceEffect::LoadSwapFile (801):  file open failed. (6104_sec.eff)
[20:17:26 PM]	CNtlPLOccluder_Quad::LoadSwapFile (830):  file open failed. (6104_sec.ocq)
[20:17:26 PM]	CNtlPLHeatHazeObject::LoadSwapFile (724):  file open failed. (6104_sec.hho)
[20:17:26 PM]	CNtlWorldShadow::LoadSwapFile (141):  file open failed. (6105_sec.sdw)
[20:17:26 PM]	CNtlPLObject::LoadSwapFile (3322):  file open failed. (6105_sec.objt)
[20:17:26 PM]	CNtlInstanceEffect::LoadSwapFile (801):  file open failed. (6105_sec.eff)
[20:17:26 PM]	CNtlPLOccluder_Quad::LoadSwapFile (830):  file open failed. (6105_sec.ocq)
[20:17:26 PM]	CNtlPLHeatHazeObject::LoadSwapFile (724):  file open failed. (6105_sec.hho)
[20:17:27 PM]	CNtlWorldShadow::LoadSwapFile (141):  file open failed. (5978_sec.sdw)
[20:17:27 PM]	CNtlPLObject::LoadSwapFile (3322):  file open failed. (5978_sec.objt)
[20:17:27 PM]	CNtlInstanceEffect::LoadSwapFile (801):  file open failed. (5978_sec.eff)
[20:17:27 PM]	CNtlPLOccluder_Quad::LoadSwapFile (830):  file open failed. (5978_sec.ocq)
[20:17:27 PM]	CNtlPLHeatHazeObject::LoadSwapFile (724):  file open failed. (5978_sec.hho)
[20:17:27 PM]	CNtlWorldShadow::LoadSwapFile (141):  file open failed. (5979_sec.sdw)
[20:17:27 PM]	CNtlPLObject::LoadSwapFile (3322):  file open failed. (5979_sec.objt)
[20:17:27 PM]	CNtlInstanceEffect::LoadSwapFile (801):  file open failed. (5979_sec.eff)
[20:17:27 PM]	CNtlPLOccluder_Quad::LoadSwapFile (830):  file open failed. (5979_sec.ocq)
[20:17:27 PM]	CNtlPLHeatHazeObject::LoadSwapFile (724):  file open failed. (5979_sec.hho)
[20:17:27 PM]	CNtlWorldShadow::LoadSwapFile (141):  file open failed. (6106_sec.sdw)
[20:17:27 PM]	CNtlPLObject::LoadSwapFile (3322):  file open failed. (6106_sec.objt)
[20:17:27 PM]	CNtlInstanceEffect::LoadSwapFile (801):  file open failed. (6106_sec.eff)
[20:17:27 PM]	CNtlPLOccluder_Quad::LoadSwapFile (830):  file open failed. (6106_sec.ocq)
[20:17:27 PM]	CNtlPLHeatHazeObject::LoadSwapFile (724):  file open failed. (6106_sec.hho)
[20:17:27 PM]	CNtlWorldShadow::LoadSwapFile (141):  file open failed. (6107_sec.sdw)
[20:17:27 PM]	CNtlPLObject::LoadSwapFile (3322):  file open failed. (6107_sec.objt)
[20:17:27 PM]	CNtlInstanceEffect::LoadSwapFile (801):  file open failed. (6107_sec.eff)
[20:17:27 PM]	CNtlPLOccluder_Quad::LoadSwapFile (830):  file open failed. (6107_sec.ocq)
[20:17:27 PM]	CNtlPLHeatHazeObject::LoadSwapFile (724):  file open failed. (6107_sec.hho)
[20:17:27 PM]	CNtlWorldShadow::LoadSwapFile (141):  file open failed. (6224_sec.sdw)
[20:17:27 PM]	CNtlPLObject::LoadSwapFile (3322):  file open failed. (6224_sec.objt)
[20:17:27 PM]	CNtlInstanceEffect::LoadSwapFile (801):  file open failed. (6224_sec.eff)
[20:17:27 PM]	CNtlPLOccluder_Quad::LoadSwapFile (830):  file open failed. (6224_sec.ocq)
[20:17:27 PM]	CNtlPLHeatHazeObject::LoadSwapFile (724):  file open failed. (6224_sec.hho)
[20:17:27 PM]	CNtlWorldShadow::LoadSwapFile (141):  file open failed. (6225_sec.sdw)
[20:17:27 PM]	CNtlPLObject::LoadSwapFile (3322):  file open failed. (6225_sec.objt)
[20:17:27 PM]	CNtlInstanceEffect::LoadSwapFile (801):  file open failed. (6225_sec.eff)
[20:17:27 PM]	CNtlPLOccluder_Quad::LoadSwapFile (830):  file open failed. (6225_sec.ocq)
[20:17:27 PM]	CNtlPLHeatHazeObject::LoadSwapFile (724):  file open failed. (6225_sec.hho)
[20:17:27 PM]	CNtlWorldShadow::LoadSwapFile (141):  file open failed. (6352_sec.sdw)
[20:17:27 PM]	CNtlPLObject::LoadSwapFile (3322):  file open failed. (6352_sec.objt)
[20:17:27 PM]	CNtlInstanceEffect::LoadSwapFile (801):  file open failed. (6352_sec.eff)
[20:17:27 PM]	CNtlPLOccluder_Quad::LoadSwapFile (830):  file open failed. (6352_sec.ocq)
[20:17:27 PM]	CNtlPLHeatHazeObject::LoadSwapFile (724):  file open failed. (6352_sec.hho)
[20:17:27 PM]	CNtlWorldShadow::LoadSwapFile (141):  file open failed. (6353_sec.sdw)
[20:17:27 PM]	CNtlPLObject::LoadSwapFile (3322):  file open failed. (6353_sec.objt)
[20:17:27 PM]	CNtlInstanceEffect::LoadSwapFile (801):  file open failed. (6353_sec.eff)
[20:17:27 PM]	CNtlPLOccluder_Quad::LoadSwapFile (830):  file open failed. (6353_sec.ocq)
[20:17:27 PM]	CNtlPLHeatHazeObject::LoadSwapFile (724):  file open failed. (6353_sec.hho)
[20:17:27 PM]	CNtlWorldShadow::LoadSwapFile (141):  file open failed. (6226_sec.sdw)
[20:17:27 PM]	CNtlPLObject::LoadSwapFile (3322):  file open failed. (6226_sec.objt)
[20:17:27 PM]	CNtlInstanceEffect::LoadSwapFile (801):  file open failed. (6226_sec.eff)
[20:17:27 PM]	CNtlPLOccluder_Quad::LoadSwapFile (830):  file open failed. (6226_sec.ocq)
[20:17:27 PM]	CNtlPLHeatHazeObject::LoadSwapFile (724):  file open failed. (6226_sec.hho)
[20:17:27 PM]	CNtlWorldShadow::LoadSwapFile (141):  file open failed. (6227_sec.sdw)
[20:17:27 PM]	CNtlPLObject::LoadSwapFile (3322):  file open failed. (6227_sec.objt)
[20:17:27 PM]	CNtlInstanceEffect::LoadSwapFile (801):  file open failed. (6227_sec.eff)
[20:17:27 PM]	CNtlPLOccluder_Quad::LoadSwapFile (830):  file open failed. (6227_sec.ocq)
[20:17:27 PM]	CNtlPLHeatHazeObject::LoadSwapFile (724):  file open failed. (6227_sec.hho)
[20:17:27 PM]	CNtlWorldShadow::LoadSwapFile (141):  file open failed. (6354_sec.sdw)
[20:17:27 PM]	CNtlPLObject::LoadSwapFile (3322):  file open failed. (6354_sec.objt)
[20:17:27 PM]	CNtlInstanceEffect::LoadSwapFile (801):  file open failed. (6354_sec.eff)
[20:17:27 PM]	CNtlPLOccluder_Quad::LoadSwapFile (830):  file open failed. (6354_sec.ocq)
[20:17:27 PM]	CNtlPLHeatHazeObject::LoadSwapFile (724):  file open failed. (6354_sec.hho)
[20:17:27 PM]	CNtlWorldShadow::LoadSwapFile (141):  file open failed. (6355_sec.sdw)
[20:17:27 PM]	CNtlPLObject::LoadSwapFile (3322):  file open failed. (6355_sec.objt)
[20:17:27 PM]	CNtlInstanceEffect::LoadSwapFile (801):  file open failed. (6355_sec.eff)
[20:17:27 PM]	CNtlPLOccluder_Quad::LoadSwapFile (830):  file open failed. (6355_sec.ocq)
[20:17:27 PM]	CNtlPLHeatHazeObject::LoadSwapFile (724):  file open failed. (6355_sec.hho)
[20:17:27 PM]	CNtlWorldShadow::LoadSwapFile (141):  file open failed. (6228_sec.sdw)
[20:17:27 PM]	CNtlPLObject::LoadSwapFile (3322):  file open failed. (6228_sec.objt)
[20:17:27 PM]	CNtlInstanceEffect::LoadSwapFile (801):  file open failed. (6228_sec.eff)
[20:17:27 PM]	CNtlPLOccluder_Quad::LoadSwapFile (830):  file open failed. (6228_sec.ocq)
[20:17:27 PM]	CNtlPLHeatHazeObject::LoadSwapFile (724):  file open failed. (6228_sec.hho)
[20:17:27 PM]	CNtlWorldShadow::LoadSwapFile (141):  file open failed. (6229_sec.sdw)
[20:17:27 PM]	CNtlPLObject::LoadSwapFile (3322):  file open failed. (6229_sec.objt)
[20:17:27 PM]	CNtlInstanceEffect::LoadSwapFile (801):  file open failed. (6229_sec.eff)
[20:17:27 PM]	CNtlPLOccluder_Quad::LoadSwapFile (830):  file open failed. (6229_sec.ocq)
[20:17:28 PM]	CNtlPLHeatHazeObject::LoadSwapFile (724):  file open failed. (6229_sec.hho)
[20:17:28 PM]	CNtlWorldShadow::LoadSwapFile (141):  file open failed. (6356_sec.sdw)
[20:17:28 PM]	CNtlPLObject::LoadSwapFile (3322):  file open failed. (6356_sec.objt)
[20:17:28 PM]	CNtlInstanceEffect::LoadSwapFile (801):  file open failed. (6356_sec.eff)
[20:17:28 PM]	CNtlPLOccluder_Quad::LoadSwapFile (830):  file open failed. (6356_sec.ocq)
[20:17:28 PM]	CNtlPLHeatHazeObject::LoadSwapFile (724):  file open failed. (6356_sec.hho)
[20:17:28 PM]	CNtlWorldShadow::LoadSwapFile (141):  file open failed. (6357_sec.sdw)
[20:17:28 PM]	CNtlPLObject::LoadSwapFile (3322):  file open failed. (6357_sec.objt)
[20:17:28 PM]	CNtlInstanceEffect::LoadSwapFile (801):  file open failed. (6357_sec.eff)
[20:17:28 PM]	CNtlPLOccluder_Quad::LoadSwapFile (830):  file open failed. (6357_sec.ocq)
[20:17:28 PM]	CNtlPLHeatHazeObject::LoadSwapFile (724):  file open failed. (6357_sec.hho)
[20:17:28 PM]	CNtlWorldShadow::LoadSwapFile (141):  file open failed. (6230_sec.sdw)
[20:17:28 PM]	CNtlPLObject::LoadSwapFile (3322):  file open failed. (6230_sec.objt)
[20:17:28 PM]	CNtlInstanceEffect::LoadSwapFile (801):  file open failed. (6230_sec.eff)
[20:17:28 PM]	CNtlPLOccluder_Quad::LoadSwapFile (830):  file open failed. (6230_sec.ocq)
[20:17:28 PM]	CNtlPLHeatHazeObject::LoadSwapFile (724):  file open failed. (6230_sec.hho)
[20:17:28 PM]	CNtlWorldShadow::LoadSwapFile (141):  file open failed. (6231_sec.sdw)
[20:17:28 PM]	CNtlPLObject::LoadSwapFile (3322):  file open failed. (6231_sec.objt)
[20:17:28 PM]	CNtlInstanceEffect::LoadSwapFile (801):  file open failed. (6231_sec.eff)
[20:17:28 PM]	CNtlPLOccluder_Quad::LoadSwapFile (830):  file open failed. (6231_sec.ocq)
[20:17:28 PM]	CNtlPLHeatHazeObject::LoadSwapFile (724):  file open failed. (6231_sec.hho)
[20:17:28 PM]	CNtlWorldShadow::LoadSwapFile (141):  file open failed. (6358_sec.sdw)
[20:17:28 PM]	CNtlPLObject::LoadSwapFile (3322):  file open failed. (6358_sec.objt)
[20:17:28 PM]	CNtlInstanceEffect::LoadSwapFile (801):  file open failed. (6358_sec.eff)
[20:17:28 PM]	CNtlPLOccluder_Quad::LoadSwapFile (830):  file open failed. (6358_sec.ocq)
[20:17:28 PM]	CNtlPLHeatHazeObject::LoadSwapFile (724):  file open failed. (6358_sec.hho)
[20:17:28 PM]	CNtlWorldShadow::LoadSwapFile (141):  file open failed. (6359_sec.sdw)
[20:17:28 PM]	CNtlPLObject::LoadSwapFile (3322):  file open failed. (6359_sec.objt)
[20:17:28 PM]	CNtlInstanceEffect::LoadSwapFile (801):  file open failed. (6359_sec.eff)
[20:17:28 PM]	CNtlPLOccluder_Quad::LoadSwapFile (830):  file open failed. (6359_sec.ocq)
[20:17:28 PM]	CNtlPLHeatHazeObject::LoadSwapFile (724):  file open failed. (6359_sec.hho)
[20:17:28 PM]	CNtlWorldShadow::LoadSwapFile (141):  file open failed. (6232_sec.sdw)
[20:17:28 PM]	CNtlPLObject::LoadSwapFile (3322):  file open failed. (6232_sec.objt)
[20:17:28 PM]	CNtlInstanceEffect::LoadSwapFile (801):  file open failed. (6232_sec.eff)
[20:17:28 PM]	CNtlPLOccluder_Quad::LoadSwapFile (830):  file open failed. (6232_sec.ocq)
[20:17:28 PM]	CNtlPLHeatHazeObject::LoadSwapFile (724):  file open failed. (6232_sec.hho)
[20:17:28 PM]	CNtlWorldShadow::LoadSwapFile (141):  file open failed. (6233_sec.sdw)
[20:17:28 PM]	CNtlPLObject::LoadSwapFile (3322):  file open failed. (6233_sec.objt)
[20:17:28 PM]	CNtlInstanceEffect::LoadSwapFile (801):  file open failed. (6233_sec.eff)
[20:17:28 PM]	CNtlPLOccluder_Quad::LoadSwapFile (830):  file open failed. (6233_sec.ocq)
[20:17:28 PM]	CNtlPLHeatHazeObject::LoadSwapFile (724):  file open failed. (6233_sec.hho)
[20:17:28 PM]	CNtlWorldShadow::LoadSwapFile (141):  file open failed. (6360_sec.sdw)
[20:17:28 PM]	CNtlPLObject::LoadSwapFile (3322):  file open failed. (6360_sec.objt)
[20:17:28 PM]	CNtlInstanceEffect::LoadSwapFile (801):  file open failed. (6360_sec.eff)
[20:17:28 PM]	CNtlPLOccluder_Quad::LoadSwapFile (830):  file open failed. (6360_sec.ocq)
[20:17:28 PM]	CNtlPLHeatHazeObject::LoadSwapFile (724):  file open failed. (6360_sec.hho)
[20:17:28 PM]	CNtlWorldShadow::LoadSwapFile (141):  file open failed. (6361_sec.sdw)
[20:17:28 PM]	CNtlPLObject::LoadSwapFile (3322):  file open failed. (6361_sec.objt)
[20:17:28 PM]	CNtlInstanceEffect::LoadSwapFile (801):  file open failed. (6361_sec.eff)
[20:17:28 PM]	CNtlPLOccluder_Quad::LoadSwapFile (830):  file open failed. (6361_sec.ocq)
[20:17:28 PM]	CNtlPLHeatHazeObject::LoadSwapFile (724):  file open failed. (6361_sec.hho)
[20:17:28 PM]	CNtlWorldShadow::LoadSwapFile (141):  file open failed. (6234_sec.sdw)
[20:17:28 PM]	CNtlPLObject::LoadSwapFile (3322):  file open failed. (6234_sec.objt)
[20:17:28 PM]	CNtlInstanceEffect::LoadSwapFile (801):  file open failed. (6234_sec.eff)
[20:17:28 PM]	CNtlPLOccluder_Quad::LoadSwapFile (830):  file open failed. (6234_sec.ocq)
[20:17:28 PM]	CNtlPLHeatHazeObject::LoadSwapFile (724):  file open failed. (6234_sec.hho)
[20:17:28 PM]	CNtlWorldShadow::LoadSwapFile (141):  file open failed. (6235_sec.sdw)
[20:17:28 PM]	CNtlPLObject::LoadSwapFile (3322):  file open failed. (6235_sec.objt)
[20:17:28 PM]	CNtlInstanceEffect::LoadSwapFile (801):  file open failed. (6235_sec.eff)
[20:17:28 PM]	CNtlPLOccluder_Quad::LoadSwapFile (830):  file open failed. (6235_sec.ocq)
[20:17:28 PM]	CNtlPLHeatHazeObject::LoadSwapFile (724):  file open failed. (6235_sec.hho)
[20:17:28 PM]	CNtlWorldShadow::LoadSwapFile (141):  file open failed. (6362_sec.sdw)
[20:17:28 PM]	CNtlPLObject::LoadSwapFile (3322):  file open failed. (6362_sec.objt)
[20:17:28 PM]	CNtlInstanceEffect::LoadSwapFile (801):  file open failed. (6362_sec.eff)
[20:17:28 PM]	CNtlPLOccluder_Quad::LoadSwapFile (830):  file open failed. (6362_sec.ocq)
[20:17:28 PM]	CNtlPLHeatHazeObject::LoadSwapFile (724):  file open failed. (6362_sec.hho)
[20:17:28 PM]	CNtlWorldShadow::LoadSwapFile (141):  file open failed. (6363_sec.sdw)
[20:17:28 PM]	CNtlPLObject::LoadSwapFile (3322):  file open failed. (6363_sec.objt)
[20:17:28 PM]	CNtlInstanceEffect::LoadSwapFile (801):  file open failed. (6363_sec.eff)
[20:17:28 PM]	CNtlPLOccluder_Quad::LoadSwapFile (830):  file open failed. (6363_sec.ocq)
[20:17:28 PM]	CNtlPLHeatHazeObject::LoadSwapFile (724):  file open failed. (6363_sec.hho)
[20:17:28 PM]	CNtlWorldShadow::LoadSwapFile (141):  file open failed. (6480_sec.sdw)
[20:17:28 PM]	CNtlPLObject::LoadSwapFile (3322):  file open failed. (6480_sec.objt)
[20:17:28 PM]	CNtlInstanceEffect::LoadSwapFile (801):  file open failed. (6480_sec.eff)
[20:17:28 PM]	CNtlPLOccluder_Quad::LoadSwapFile (830):  file open failed. (6480_sec.ocq)
[20:17:28 PM]	CNtlPLHeatHazeObject::LoadSwapFile (724):  file open failed. (6480_sec.hho)
[20:17:28 PM]	CNtlWorldShadow::LoadSwapFile (141):  file open failed. (6481_sec.sdw)
[20:17:28 PM]	CNtlPLObject::LoadSwapFile (3322):  file open failed. (6481_sec.objt)
[20:17:28 PM]	CNtlInstanceEffect::LoadSwapFile (801):  file open failed. (6481_sec.eff)
[20:17:28 PM]	CNtlPLOccluder_Quad::LoadSwapFile (830):  file open failed. (6481_sec.ocq)
[20:17:28 PM]	CNtlPLHeatHazeObject::LoadSwapFile (724):  file open failed. (6481_sec.hho)
[20:17:28 PM]	CNtlWorldShadow::LoadSwapFile (141):  file open failed. (6608_sec.sdw)
[20:17:28 PM]	CNtlPLObject::LoadSwapFile (3322):  file open failed. (6608_sec.objt)
[20:17:28 PM]	CNtlInstanceEffect::LoadSwapFile (801):  file open failed. (6608_sec.eff)
[20:17:28 PM]	CNtlPLOccluder_Quad::LoadSwapFile (830):  file open failed. (6608_sec.ocq)
[20:17:28 PM]	CNtlPLHeatHazeObject::LoadSwapFile (724):  file open failed. (6608_sec.hho)
[20:17:29 PM]	CNtlWorldShadow::LoadSwapFile (141):  file open failed. (6609_sec.sdw)
[20:17:29 PM]	CNtlPLObject::LoadSwapFile (3322):  file open failed. (6609_sec.objt)
[20:17:29 PM]	CNtlInstanceEffect::LoadSwapFile (801):  file open failed. (6609_sec.eff)
[20:17:29 PM]	CNtlPLOccluder_Quad::LoadSwapFile (830):  file open failed. (6609_sec.ocq)
[20:17:29 PM]	CNtlPLHeatHazeObject::LoadSwapFile (724):  file open failed. (6609_sec.hho)
[20:17:29 PM]	CNtlWorldShadow::LoadSwapFile (141):  file open failed. (6482_sec.sdw)
[20:17:29 PM]	CNtlPLObject::LoadSwapFile (3322):  file open failed. (6482_sec.objt)
[20:17:29 PM]	CNtlInstanceEffect::LoadSwapFile (801):  file open failed. (6482_sec.eff)
[20:17:29 PM]	CNtlPLOccluder_Quad::LoadSwapFile (830):  file open failed. (6482_sec.ocq)
[20:17:29 PM]	CNtlPLHeatHazeObject::LoadSwapFile (724):  file open failed. (6482_sec.hho)
[20:17:29 PM]	CNtlWorldShadow::LoadSwapFile (141):  file open failed. (6483_sec.sdw)
[20:17:29 PM]	CNtlPLObject::LoadSwapFile (3322):  file open failed. (6483_sec.objt)
[20:17:29 PM]	CNtlInstanceEffect::LoadSwapFile (801):  file open failed. (6483_sec.eff)
[20:17:29 PM]	CNtlPLOccluder_Quad::LoadSwapFile (830):  file open failed. (6483_sec.ocq)
[20:17:29 PM]	CNtlPLHeatHazeObject::LoadSwapFile (724):  file open failed. (6483_sec.hho)
[20:17:29 PM]	CNtlWorldShadow::LoadSwapFile (141):  file open failed. (6610_sec.sdw)
[20:17:29 PM]	CNtlPLObject::LoadSwapFile (3322):  file open failed. (6610_sec.objt)
[20:17:29 PM]	CNtlInstanceEffect::LoadSwapFile (801):  file open failed. (6610_sec.eff)
[20:17:29 PM]	CNtlPLOccluder_Quad::LoadSwapFile (830):  file open failed. (6610_sec.ocq)
[20:17:29 PM]	CNtlPLHeatHazeObject::LoadSwapFile (724):  file open failed. (6610_sec.hho)
[20:17:29 PM]	CNtlWorldShadow::LoadSwapFile (141):  file open failed. (6611_sec.sdw)
[20:17:29 PM]	CNtlPLObject::LoadSwapFile (3322):  file open failed. (6611_sec.objt)
[20:17:29 PM]	CNtlInstanceEffect::LoadSwapFile (801):  file open failed. (6611_sec.eff)
[20:17:29 PM]	CNtlPLOccluder_Quad::LoadSwapFile (830):  file open failed. (6611_sec.ocq)
[20:17:29 PM]	CNtlPLHeatHazeObject::LoadSwapFile (724):  file open failed. (6611_sec.hho)
[20:17:29 PM]	CNtlWorldShadow::LoadSwapFile (141):  file open failed. (6484_sec.sdw)
[20:17:29 PM]	CNtlPLObject::LoadSwapFile (3322):  file open failed. (6484_sec.objt)
[20:17:29 PM]	CNtlInstanceEffect::LoadSwapFile (801):  file open failed. (6484_sec.eff)
[20:17:29 PM]	CNtlPLOccluder_Quad::LoadSwapFile (830):  file open failed. (6484_sec.ocq)
[20:17:29 PM]	CNtlPLHeatHazeObject::LoadSwapFile (724):  file open failed. (6484_sec.hho)
[20:17:29 PM]	CNtlWorldShadow::LoadSwapFile (141):  file open failed. (6485_sec.sdw)
[20:17:29 PM]	CNtlPLObject::LoadSwapFile (3322):  file open failed. (6485_sec.objt)
[20:17:29 PM]	CNtlInstanceEffect::LoadSwapFile (801):  file open failed. (6485_sec.eff)
[20:17:29 PM]	CNtlPLOccluder_Quad::LoadSwapFile (830):  file open failed. (6485_sec.ocq)
[20:17:29 PM]	CNtlPLHeatHazeObject::LoadSwapFile (724):  file open failed. (6485_sec.hho)
[20:17:29 PM]	CNtlWorldShadow::LoadSwapFile (141):  file open failed. (6612_sec.sdw)
[20:17:29 PM]	CNtlPLObject::LoadSwapFile (3322):  file open failed. (6612_sec.objt)
[20:17:29 PM]	CNtlInstanceEffect::LoadSwapFile (801):  file open failed. (6612_sec.eff)
[20:17:29 PM]	CNtlPLOccluder_Quad::LoadSwapFile (830):  file open failed. (6612_sec.ocq)
[20:17:29 PM]	CNtlPLHeatHazeObject::LoadSwapFile (724):  file open failed. (6612_sec.hho)
[20:17:29 PM]	CNtlWorldShadow::LoadSwapFile (141):  file open failed. (6613_sec.sdw)
[20:17:29 PM]	CNtlPLObject::LoadSwapFile (3322):  file open failed. (6613_sec.objt)
[20:17:29 PM]	CNtlInstanceEffect::LoadSwapFile (801):  file open failed. (6613_sec.eff)
[20:17:29 PM]	CNtlPLOccluder_Quad::LoadSwapFile (830):  file open failed. (6613_sec.ocq)
[20:17:29 PM]	CNtlPLHeatHazeObject::LoadSwapFile (724):  file open failed. (6613_sec.hho)
[20:17:29 PM]	CNtlWorldShadow::LoadSwapFile (141):  file open failed. (6486_sec.sdw)
[20:17:29 PM]	CNtlPLObject::LoadSwapFile (3322):  file open failed. (6486_sec.objt)
[20:17:29 PM]	CNtlInstanceEffect::LoadSwapFile (801):  file open failed. (6486_sec.eff)
[20:17:29 PM]	CNtlPLOccluder_Quad::LoadSwapFile (830):  file open failed. (6486_sec.ocq)
[20:17:29 PM]	CNtlPLHeatHazeObject::LoadSwapFile (724):  file open failed. (6486_sec.hho)
[20:17:29 PM]	CNtlWorldShadow::LoadSwapFile (141):  file open failed. (6487_sec.sdw)
[20:17:29 PM]	CNtlPLObject::LoadSwapFile (3322):  file open failed. (6487_sec.objt)
[20:17:29 PM]	CNtlInstanceEffect::LoadSwapFile (801):  file open failed. (6487_sec.eff)
[20:17:29 PM]	CNtlPLOccluder_Quad::LoadSwapFile (830):  file open failed. (6487_sec.ocq)
[20:17:29 PM]	CNtlPLHeatHazeObject::LoadSwapFile (724):  file open failed. (6487_sec.hho)
[20:17:29 PM]	CNtlWorldShadow::LoadSwapFile (141):  file open failed. (6614_sec.sdw)
[20:17:29 PM]	CNtlPLObject::LoadSwapFile (3322):  file open failed. (6614_sec.objt)
[20:17:29 PM]	CNtlInstanceEffect::LoadSwapFile (801):  file open failed. (6614_sec.eff)
[20:17:29 PM]	CNtlPLOccluder_Quad::LoadSwapFile (830):  file open failed. (6614_sec.ocq)
[20:17:29 PM]	CNtlPLHeatHazeObject::LoadSwapFile (724):  file open failed. (6614_sec.hho)
[20:17:29 PM]	CNtlWorldShadow::LoadSwapFile (141):  file open failed. (6615_sec.sdw)
[20:17:29 PM]	CNtlPLObject::LoadSwapFile (3322):  file open failed. (6615_sec.objt)
[20:17:29 PM]	CNtlInstanceEffect::LoadSwapFile (801):  file open failed. (6615_sec.eff)
[20:17:29 PM]	CNtlPLOccluder_Quad::LoadSwapFile (830):  file open failed. (6615_sec.ocq)
[20:17:29 PM]	CNtlPLHeatHazeObject::LoadSwapFile (724):  file open failed. (6615_sec.hho)
[20:17:29 PM]	CNtlWorldShadow::LoadSwapFile (141):  file open failed. (6488_sec.sdw)
[20:17:29 PM]	CNtlPLObject::LoadSwapFile (3322):  file open failed. (6488_sec.objt)
[20:17:29 PM]	CNtlInstanceEffect::LoadSwapFile (801):  file open failed. (6488_sec.eff)
[20:17:29 PM]	CNtlPLOccluder_Quad::LoadSwapFile (830):  file open failed. (6488_sec.ocq)
[20:17:29 PM]	CNtlPLHeatHazeObject::LoadSwapFile (724):  file open failed. (6488_sec.hho)
[20:17:29 PM]	CNtlWorldShadow::LoadSwapFile (141):  file open failed. (6489_sec.sdw)
[20:17:29 PM]	CNtlPLObject::LoadSwapFile (3322):  file open failed. (6489_sec.objt)
[20:17:29 PM]	CNtlInstanceEffect::LoadSwapFile (801):  file open failed. (6489_sec.eff)
[20:17:29 PM]	CNtlPLOccluder_Quad::LoadSwapFile (830):  file open failed. (6489_sec.ocq)
[20:17:29 PM]	CNtlPLHeatHazeObject::LoadSwapFile (724):  file open failed. (6489_sec.hho)
[20:17:29 PM]	CNtlWorldShadow::LoadSwapFile (141):  file open failed. (6616_sec.sdw)
[20:17:29 PM]	CNtlPLObject::LoadSwapFile (3322):  file open failed. (6616_sec.objt)
[20:17:29 PM]	CNtlInstanceEffect::LoadSwapFile (801):  file open failed. (6616_sec.eff)
[20:17:29 PM]	CNtlPLOccluder_Quad::LoadSwapFile (830):  file open failed. (6616_sec.ocq)
[20:17:29 PM]	CNtlPLHeatHazeObject::LoadSwapFile (724):  file open failed. (6616_sec.hho)
[20:17:29 PM]	CNtlWorldShadow::LoadSwapFile (141):  file open failed. (6617_sec.sdw)
[20:17:29 PM]	CNtlPLObject::LoadSwapFile (3322):  file open failed. (6617_sec.objt)
[20:17:29 PM]	CNtlInstanceEffect::LoadSwapFile (801):  file open failed. (6617_sec.eff)
[20:17:29 PM]	CNtlPLOccluder_Quad::LoadSwapFile (830):  file open failed. (6617_sec.ocq)
[20:17:29 PM]	CNtlPLHeatHazeObject::LoadSwapFile (724):  file open failed. (6617_sec.hho)
[20:17:29 PM]	CNtlWorldShadow::LoadSwapFile (141):  file open failed. (6490_sec.sdw)
[20:17:29 PM]	CNtlPLObject::LoadSwapFile (3322):  file open failed. (6490_sec.objt)
[20:17:29 PM]	CNtlInstanceEffect::LoadSwapFile (801):  file open failed. (6490_sec.eff)
[20:17:29 PM]	CNtlPLOccluder_Quad::LoadSwapFile (830):  file open failed. (6490_sec.ocq)
[20:17:29 PM]	CNtlPLHeatHazeObject::LoadSwapFile (724):  file open failed. (6490_sec.hho)
[20:17:29 PM]	CNtlWorldShadow::LoadSwapFile (141):  file open failed. (6491_sec.sdw)
[20:17:29 PM]	CNtlPLObject::LoadSwapFile (3322):  file open failed. (6491_sec.objt)
[20:17:29 PM]	CNtlInstanceEffect::LoadSwapFile (801):  file open failed. (6491_sec.eff)
[20:17:29 PM]	CNtlPLOccluder_Quad::LoadSwapFile (830):  file open failed. (6491_sec.ocq)
[20:17:29 PM]	CNtlPLHeatHazeObject::LoadSwapFile (724):  file open failed. (6491_sec.hho)
[20:17:29 PM]	CNtlWorldShadow::LoadSwapFile (141):  file open failed. (6618_sec.sdw)
[20:17:29 PM]	CNtlPLObject::LoadSwapFile (3322):  file open failed. (6618_sec.objt)
[20:17:29 PM]	CNtlInstanceEffect::LoadSwapFile (801):  file open failed. (6618_sec.eff)
[20:17:29 PM]	CNtlPLOccluder_Quad::LoadSwapFile (830):  file open failed. (6618_sec.ocq)
[20:17:29 PM]	CNtlPLHeatHazeObject::LoadSwapFile (724):  file open failed. (6618_sec.hho)
[20:17:29 PM]	CNtlWorldShadow::LoadSwapFile (141):  file open failed. (6619_sec.sdw)
[20:17:29 PM]	CNtlPLObject::LoadSwapFile (3322):  file open failed. (6619_sec.objt)
[20:17:29 PM]	CNtlInstanceEffect::LoadSwapFile (801):  file open failed. (6619_sec.eff)
[20:17:29 PM]	CNtlPLOccluder_Quad::LoadSwapFile (830):  file open failed. (6619_sec.ocq)
[20:17:29 PM]	CNtlPLHeatHazeObject::LoadSwapFile (724):  file open failed. (6619_sec.hho)
[20:17:30 PM]	CNtlWorldBGMManager::HandleEvents (106):  FIELD ENV ERROR.(-1)
[20:29:22 PM]	CNtlPLVisualManager::CreateEntity (688):  CNtlPLVisualManager::CreateEntity the property(.xml) find not(obj_06_kiri_impregnator)
[20:29:22 PM]	CNtlPLVisualManager::CreateEntity (688):  CNtlPLVisualManager::CreateEntity the property(.xml) find not(obj_06_kiri_impregnator)
[20:29:22 PM]	CNtlPLVisualManager::CreateEntity (688):  CNtlPLVisualManager::CreateEntity the property(.xml) find not(obj_06_kiri_impregnator)
[20:29:24 PM]	CNtlPLVisualManager::CreateEntity (688):  CNtlPLVisualManager::CreateEntity the property(.xml) find not(obj_06_kiri_impregnator)
[20:29:24 PM]	CNtlPLVisualManager::CreateEntity (688):  CNtlPLVisualManager::CreateEntity the property(.xml) find not(obj_06_kiri_impregnator)
