[11:16:36 AM]	=============== Start Trace ===============

[11:16:36 AM]	 === < SABER > Trace Start === 
[11:17:27 AM]	CNtlPLPropertyContainer::AddProp (258):  prop defined.(A_HMY_F_AD)
[11:17:32 AM]	CNtlPLPropertyContainer::AddProp (258):  prop defined.(FRIEZARACE)
[11:17:56 AM]	CNtlPLVisualManager::GetHeightFieldWorldHeight (1170):  GetWorldHeight : Failed : IN(0,0,0), OUT_HEIGHT(-999)
[11:18:00 AM]	CNtlPLVisualManager::CreateEntity (688):  CNtlPLVisualManager::CreateEntity the property(.xml) find not(obj_06_kiri_impregnator)
[11:38:38 AM]	CNtlWorldShadow::LoadSwapFile (141):  file open failed. (7750_sec.sdw)
[11:38:38 AM]	CNtlPLObject::LoadSwapFile (3322):  file open failed. (7750_sec.objt)
[11:38:38 AM]	CNtlInstanceEffect::LoadSwapFile (807):  file open failed. (7750_sec.eff)
[11:38:38 AM]	CNtlPLOccluder_Quad::LoadSwapFile (830):  file open failed. (7750_sec.ocq)
[11:38:38 AM]	CNtlPLHeatHazeObject::LoadSwapFile (724):  file open failed. (7750_sec.hho)
[11:38:38 AM]	CNtlWorldShadow::LoadSwapFile (141):  file open failed. (7751_sec.sdw)
[11:38:38 AM]	CNtlPLObject::LoadSwapFile (3322):  file open failed. (7751_sec.objt)
[11:38:38 AM]	CNtlInstanceEffect::LoadSwapFile (807):  file open failed. (7751_sec.eff)
[11:38:39 AM]	CNtlPLOccluder_Quad::LoadSwapFile (830):  file open failed. (7751_sec.ocq)
[11:38:39 AM]	CNtlPLHeatHazeObject::LoadSwapFile (724):  file open failed. (7751_sec.hho)
[11:38:39 AM]	CNtlWorldShadow::LoadSwapFile (141):  file open failed. (7878_sec.sdw)
[11:38:39 AM]	CNtlPLObject::LoadSwapFile (3322):  file open failed. (7878_sec.objt)
[11:38:39 AM]	CNtlInstanceEffect::LoadSwapFile (807):  file open failed. (7878_sec.eff)
[11:38:39 AM]	CNtlPLOccluder_Quad::LoadSwapFile (830):  file open failed. (7878_sec.ocq)
[11:38:39 AM]	CNtlPLHeatHazeObject::LoadSwapFile (724):  file open failed. (7878_sec.hho)
[11:38:39 AM]	CNtlWorldShadow::LoadSwapFile (141):  file open failed. (7879_sec.sdw)
[11:38:39 AM]	CNtlPLObject::LoadSwapFile (3322):  file open failed. (7879_sec.objt)
[11:38:39 AM]	CNtlInstanceEffect::LoadSwapFile (807):  file open failed. (7879_sec.eff)
[11:38:39 AM]	CNtlPLOccluder_Quad::LoadSwapFile (830):  file open failed. (7879_sec.ocq)
[11:38:39 AM]	CNtlPLHeatHazeObject::LoadSwapFile (724):  file open failed. (7879_sec.hho)
[11:38:39 AM]	CNtlWorldShadow::LoadSwapFile (141):  file open failed. (8006_sec.sdw)
[11:38:39 AM]	CNtlPLObject::LoadSwapFile (3322):  file open failed. (8006_sec.objt)
[11:38:39 AM]	CNtlInstanceEffect::LoadSwapFile (807):  file open failed. (8006_sec.eff)
[11:38:39 AM]	CNtlPLOccluder_Quad::LoadSwapFile (830):  file open failed. (8006_sec.ocq)
[11:38:39 AM]	CNtlPLHeatHazeObject::LoadSwapFile (724):  file open failed. (8006_sec.hho)
[11:38:39 AM]	CNtlWorldShadow::LoadSwapFile (141):  file open failed. (8007_sec.sdw)
[11:38:39 AM]	CNtlPLObject::LoadSwapFile (3322):  file open failed. (8007_sec.objt)
[11:38:39 AM]	CNtlInstanceEffect::LoadSwapFile (807):  file open failed. (8007_sec.eff)
[11:38:39 AM]	CNtlPLOccluder_Quad::LoadSwapFile (830):  file open failed. (8007_sec.ocq)
[11:38:39 AM]	CNtlPLHeatHazeObject::LoadSwapFile (724):  file open failed. (8007_sec.hho)
[11:38:39 AM]	CNtlWorldShadow::LoadSwapFile (141):  file open failed. (8134_sec.sdw)
[11:38:39 AM]	CNtlPLObject::LoadSwapFile (3322):  file open failed. (8134_sec.objt)
[11:38:39 AM]	CNtlInstanceEffect::LoadSwapFile (807):  file open failed. (8134_sec.eff)
[11:38:39 AM]	CNtlPLOccluder_Quad::LoadSwapFile (830):  file open failed. (8134_sec.ocq)
[11:38:39 AM]	CNtlPLHeatHazeObject::LoadSwapFile (724):  file open failed. (8134_sec.hho)
[11:38:39 AM]	CNtlWorldShadow::LoadSwapFile (141):  file open failed. (8135_sec.sdw)
[11:38:39 AM]	CNtlPLObject::LoadSwapFile (3322):  file open failed. (8135_sec.objt)
[11:38:39 AM]	CNtlInstanceEffect::LoadSwapFile (807):  file open failed. (8135_sec.eff)
[11:38:39 AM]	CNtlPLOccluder_Quad::LoadSwapFile (830):  file open failed. (8135_sec.ocq)
[11:38:39 AM]	CNtlPLHeatHazeObject::LoadSwapFile (724):  file open failed. (8135_sec.hho)
[11:38:39 AM]	CNtlWorldShadow::LoadSwapFile (141):  file open failed. (8262_sec.sdw)
[11:38:39 AM]	CNtlPLObject::LoadSwapFile (3322):  file open failed. (8262_sec.objt)
[11:38:39 AM]	CNtlInstanceEffect::LoadSwapFile (807):  file open failed. (8262_sec.eff)
[11:38:39 AM]	CNtlPLOccluder_Quad::LoadSwapFile (830):  file open failed. (8262_sec.ocq)
[11:38:39 AM]	CNtlPLHeatHazeObject::LoadSwapFile (724):  file open failed. (8262_sec.hho)
[11:38:39 AM]	CNtlWorldShadow::LoadSwapFile (141):  file open failed. (8263_sec.sdw)
[11:38:39 AM]	CNtlPLObject::LoadSwapFile (3322):  file open failed. (8263_sec.objt)
[11:38:39 AM]	CNtlInstanceEffect::LoadSwapFile (807):  file open failed. (8263_sec.eff)
[11:38:39 AM]	CNtlPLOccluder_Quad::LoadSwapFile (830):  file open failed. (8263_sec.ocq)
[11:38:39 AM]	CNtlPLHeatHazeObject::LoadSwapFile (724):  file open failed. (8263_sec.hho)
[11:38:39 AM]	CNtlWorldShadow::LoadSwapFile (141):  file open failed. (8390_sec.sdw)
[11:38:39 AM]	CNtlPLObject::LoadSwapFile (3322):  file open failed. (8390_sec.objt)
[11:38:39 AM]	CNtlInstanceEffect::LoadSwapFile (807):  file open failed. (8390_sec.eff)
[11:38:39 AM]	CNtlPLOccluder_Quad::LoadSwapFile (830):  file open failed. (8390_sec.ocq)
[11:38:39 AM]	CNtlPLHeatHazeObject::LoadSwapFile (724):  file open failed. (8390_sec.hho)
[11:38:39 AM]	CNtlWorldShadow::LoadSwapFile (141):  file open failed. (8391_sec.sdw)
[11:38:39 AM]	CNtlPLObject::LoadSwapFile (3322):  file open failed. (8391_sec.objt)
[11:38:39 AM]	CNtlInstanceEffect::LoadSwapFile (807):  file open failed. (8391_sec.eff)
[11:38:39 AM]	CNtlPLOccluder_Quad::LoadSwapFile (830):  file open failed. (8391_sec.ocq)
[11:38:39 AM]	CNtlPLHeatHazeObject::LoadSwapFile (724):  file open failed. (8391_sec.hho)
[11:38:39 AM]	CNtlWorldShadow::LoadSwapFile (141):  file open failed. (8518_sec.sdw)
[11:38:40 AM]	CNtlPLObject::LoadSwapFile (3322):  file open failed. (8518_sec.objt)
[11:38:40 AM]	CNtlInstanceEffect::LoadSwapFile (807):  file open failed. (8518_sec.eff)
[11:38:40 AM]	CNtlPLOccluder_Quad::LoadSwapFile (830):  file open failed. (8518_sec.ocq)
[11:38:40 AM]	CNtlPLHeatHazeObject::LoadSwapFile (724):  file open failed. (8518_sec.hho)
[11:38:40 AM]	CNtlWorldShadow::LoadSwapFile (141):  file open failed. (8519_sec.sdw)
[11:38:40 AM]	CNtlPLObject::LoadSwapFile (3322):  file open failed. (8519_sec.objt)
[11:38:40 AM]	CNtlInstanceEffect::LoadSwapFile (807):  file open failed. (8519_sec.eff)
[11:38:40 AM]	CNtlPLOccluder_Quad::LoadSwapFile (830):  file open failed. (8519_sec.ocq)
[11:38:40 AM]	CNtlPLHeatHazeObject::LoadSwapFile (724):  file open failed. (8519_sec.hho)
[11:38:40 AM]	CNtlWorldShadow::LoadSwapFile (141):  file open failed. (8646_sec.sdw)
[11:38:40 AM]	CNtlPLObject::LoadSwapFile (3322):  file open failed. (8646_sec.objt)
[11:38:40 AM]	CNtlInstanceEffect::LoadSwapFile (807):  file open failed. (8646_sec.eff)
[11:38:40 AM]	CNtlPLOccluder_Quad::LoadSwapFile (830):  file open failed. (8646_sec.ocq)
[11:38:40 AM]	CNtlPLHeatHazeObject::LoadSwapFile (724):  file open failed. (8646_sec.hho)
[11:38:40 AM]	CNtlWorldShadow::LoadSwapFile (141):  file open failed. (8647_sec.sdw)
[11:38:40 AM]	CNtlPLObject::LoadSwapFile (3322):  file open failed. (8647_sec.objt)
[11:38:40 AM]	CNtlInstanceEffect::LoadSwapFile (807):  file open failed. (8647_sec.eff)
[11:38:40 AM]	CNtlPLOccluder_Quad::LoadSwapFile (830):  file open failed. (8647_sec.ocq)
[11:38:40 AM]	CNtlPLHeatHazeObject::LoadSwapFile (724):  file open failed. (8647_sec.hho)
[11:38:40 AM]	CNtlWorldShadow::LoadSwapFile (141):  file open failed. (8774_sec.sdw)
[11:38:40 AM]	CNtlPLObject::LoadSwapFile (3322):  file open failed. (8774_sec.objt)
[11:38:40 AM]	CNtlInstanceEffect::LoadSwapFile (807):  file open failed. (8774_sec.eff)
[11:38:40 AM]	CNtlPLOccluder_Quad::LoadSwapFile (830):  file open failed. (8774_sec.ocq)
[11:38:40 AM]	CNtlPLHeatHazeObject::LoadSwapFile (724):  file open failed. (8774_sec.hho)
[11:38:40 AM]	CNtlWorldShadow::LoadSwapFile (141):  file open failed. (8775_sec.sdw)
[11:38:40 AM]	CNtlPLObject::LoadSwapFile (3322):  file open failed. (8775_sec.objt)
[11:38:40 AM]	CNtlInstanceEffect::LoadSwapFile (807):  file open failed. (8775_sec.eff)
[11:38:40 AM]	CNtlPLOccluder_Quad::LoadSwapFile (830):  file open failed. (8775_sec.ocq)
[11:38:40 AM]	CNtlPLHeatHazeObject::LoadSwapFile (724):  file open failed. (8775_sec.hho)
[11:38:40 AM]	CNtlWorldShadow::LoadSwapFile (141):  file open failed. (8902_sec.sdw)
[11:38:40 AM]	CNtlPLObject::LoadSwapFile (3322):  file open failed. (8902_sec.objt)
[11:38:40 AM]	CNtlInstanceEffect::LoadSwapFile (807):  file open failed. (8902_sec.eff)
[11:38:40 AM]	CNtlPLOccluder_Quad::LoadSwapFile (830):  file open failed. (8902_sec.ocq)
[11:38:40 AM]	CNtlPLHeatHazeObject::LoadSwapFile (724):  file open failed. (8902_sec.hho)
[11:38:40 AM]	CNtlWorldShadow::LoadSwapFile (141):  file open failed. (8903_sec.sdw)
[11:38:40 AM]	CNtlPLObject::LoadSwapFile (3322):  file open failed. (8903_sec.objt)
[11:38:40 AM]	CNtlInstanceEffect::LoadSwapFile (807):  file open failed. (8903_sec.eff)
[11:38:40 AM]	CNtlPLOccluder_Quad::LoadSwapFile (830):  file open failed. (8903_sec.ocq)
[11:38:40 AM]	CNtlPLHeatHazeObject::LoadSwapFile (724):  file open failed. (8903_sec.hho)
[11:38:40 AM]	CNtlWorldShadow::LoadSwapFile (141):  file open failed. (9030_sec.sdw)
[11:38:40 AM]	CNtlPLObject::LoadSwapFile (3322):  file open failed. (9030_sec.objt)
[11:38:40 AM]	CNtlInstanceEffect::LoadSwapFile (807):  file open failed. (9030_sec.eff)
[11:38:40 AM]	CNtlPLOccluder_Quad::LoadSwapFile (830):  file open failed. (9030_sec.ocq)
[11:38:40 AM]	CNtlPLHeatHazeObject::LoadSwapFile (724):  file open failed. (9030_sec.hho)
[11:38:40 AM]	CNtlWorldShadow::LoadSwapFile (141):  file open failed. (9031_sec.sdw)
[11:38:40 AM]	CNtlPLObject::LoadSwapFile (3322):  file open failed. (9031_sec.objt)
[11:38:40 AM]	CNtlInstanceEffect::LoadSwapFile (807):  file open failed. (9031_sec.eff)
[11:38:40 AM]	CNtlPLOccluder_Quad::LoadSwapFile (830):  file open failed. (9031_sec.ocq)
[11:38:40 AM]	CNtlPLHeatHazeObject::LoadSwapFile (724):  file open failed. (9031_sec.hho)
[11:38:40 AM]	CNtlWorldShadow::LoadSwapFile (141):  file open failed. (9158_sec.sdw)
[11:38:41 AM]	CNtlPLObject::LoadSwapFile (3322):  file open failed. (9158_sec.objt)
[11:38:41 AM]	CNtlInstanceEffect::LoadSwapFile (807):  file open failed. (9158_sec.eff)
[11:38:41 AM]	CNtlPLOccluder_Quad::LoadSwapFile (830):  file open failed. (9158_sec.ocq)
[11:38:41 AM]	CNtlPLHeatHazeObject::LoadSwapFile (724):  file open failed. (9158_sec.hho)
[11:38:41 AM]	CNtlWorldShadow::LoadSwapFile (141):  file open failed. (9159_sec.sdw)
[11:38:41 AM]	CNtlPLObject::LoadSwapFile (3322):  file open failed. (9159_sec.objt)
[11:38:41 AM]	CNtlInstanceEffect::LoadSwapFile (807):  file open failed. (9159_sec.eff)
[11:38:41 AM]	CNtlPLOccluder_Quad::LoadSwapFile (830):  file open failed. (9159_sec.ocq)
[11:38:41 AM]	CNtlPLHeatHazeObject::LoadSwapFile (724):  file open failed. (9159_sec.hho)
[11:51:18 AM]	 === < SABER > Trace End === 
