[04:15:04 AM]	 === < SABER > Log Start === 
[04:20:09 AM]	Mod Loaded: tool/saber/texture/ui/pstexbrush.png
[04:20:09 AM]	Mod Loaded: c:\users\devin\desktop\development\dboclienttools\texture\ntlwe\ntl.dds
[04:20:09 AM]	Mod Loaded: tool/saber/texture/ui/compass.png
[04:20:09 AM]	Mod Loaded: tool/saber/texture/ui/camerafield.png
[04:20:09 AM]	Mod Loaded: tool/saber/texture/ui/grid16x16.png
[04:20:09 AM]	Mod Loaded: tool/saber/texture/ui/mergerect.png
[04:20:09 AM]	Mod Loaded: tool/saber/texture/ui/tilerectangleprop.png
[04:20:09 AM]	Mod Loaded: tool/saber/texture/ui/tilerectangleselection.png
[04:20:09 AM]	Mod Loaded: tool/saber/texture/ui/previewframe.png
[04:20:15 AM]	Mod Loaded: tool/saber/texture/ui/grid1x1.png
[04:20:15 AM]	Mod Loaded: tool/saber/texture/ui/grid1x1_select.png
[04:20:15 AM]	Mod Loaded: tool/saber/texture/ui/grid_outline.png
[04:20:15 AM]	Mod Loaded: c:\users\devin\desktop\development\dboclienttools\texture\ntlwe\tex_kinokon_grass_001.dds
[04:20:15 AM]	Mod Loaded: c:\users\devin\desktop\development\dboclienttools\texture\ntlwe\tex_kinokon_stone_002.dds
[04:20:15 AM]	Mod Loaded: c:\users\devin\desktop\development\dboclienttools\texture\ntlwe\tex_pornga_stone_003.dds
[04:20:15 AM]	Mod Loaded: c:\users\devin\desktop\development\dboclienttools\texture\ntlwe\tex_yahhoie_road_001.dds
[04:20:15 AM]	Mod Loaded: c:\users\devin\desktop\development\dboclienttools\texture\ntlwe\tex_kinokon_road_001.dds
[04:20:17 AM]	Mod Loaded: c:\users\devin\desktop\development\dboclienttools\texture\ntlwe\tex_west_rock_001.dds
[04:20:17 AM]	Mod Loaded: c:\users\devin\desktop\development\dboclienttools\texture\ntlwe\tex_west_grass_002.dds
[04:20:17 AM]	Mod Loaded: c:\users\devin\desktop\development\dboclienttools\texture\ntlwe\tex_yahhoiw_snow_001.dds
[04:20:17 AM]	Mod Loaded: c:\users\devin\desktop\development\dboclienttools\texture\ntlwe\tex_west_rock_002.dds
[04:20:18 AM]	Mod Loaded: c:\users\devin\desktop\development\dboclienttools\texture\ntlwe\tex_west_road_001.dds
[04:20:25 AM]	Mod Loaded: c:\users\devin\desktop\development\dboclienttools\texture\ntlwe\tex_west_gravel_001.dds
[04:20:25 AM]	Mod Loaded: c:\users\devin\desktop\development\dboclienttools\texture\ntlwe\tex_west_stone_001.dds
[04:20:27 AM]	Mod Loaded: c:\users\devin\desktop\development\dboclienttools\texture\ntlwe\tex_west_road_002.dds
[04:22:14 AM]	Mod Loaded: c:\users\devin\desktop\development\dboclienttools\texture\ntlwe\tex_west_grass_002.dds
[04:22:14 AM]	Mod Loaded: c:\users\devin\desktop\development\dboclienttools\texture\ntlwe\tex_west_rock_001.dds
[04:22:14 AM]	Mod Loaded: c:\users\devin\desktop\development\dboclienttools\texture\ntlwe\tex_yahhoiw_snow_001.dds
[04:22:14 AM]	Mod Loaded: c:\users\devin\desktop\development\dboclienttools\texture\ntlwe\tex_west_rock_002.dds
[04:22:14 AM]	Mod Loaded: c:\users\devin\desktop\development\dboclienttools\texture\ntlwe\tex_west_road_001.dds
[04:22:15 AM]	Mod Loaded: c:\users\devin\desktop\development\dboclienttools\texture\ntlwe\tex_karin_grass_001.dds
[04:22:16 AM]	Mod Loaded: c:\users\devin\desktop\development\dboclienttools\texture\ntlwe\tex_karin_stone_001.dds
[04:22:16 AM]	Mod Loaded: c:\users\devin\desktop\development\dboclienttools\texture\ntlwe\tex_karin_stone_002.dds
[04:22:17 AM]	Mod Loaded: c:\users\devin\desktop\development\dboclienttools\texture\ntlwe\tex_yahhoie_road_001.dds
[04:22:29 AM]	Mod Loaded: c:\users\devin\desktop\development\dboclienttools\texture\ntlwe\tex_yahhoie_grass_001.dds
[04:22:29 AM]	Mod Loaded: c:\users\devin\desktop\development\dboclienttools\texture\ntlwe\tex_yahhoie_stone_002.dds
[04:22:30 AM]	Mod Loaded: c:\users\devin\desktop\development\dboclienttools\texture\ntlwe\tex_yahhoie_stone_003.dds
[04:23:43 AM]	Mod Loaded: c:\users\devin\desktop\development\dboclienttools\texture\ntlwe\tex_yahhoiw_grass_001.dds
[04:23:43 AM]	Mod Loaded: c:\users\devin\desktop\development\dboclienttools\texture\ntlwe\tex_yahhoiw_snow_003.dds
[04:24:18 AM]	Mod Loaded: c:\users\devin\desktop\development\dboclienttools\texture\ntlwe\tex_west_rock_002.dds
[04:24:18 AM]	Mod Loaded: c:\users\devin\desktop\development\dboclienttools\texture\ntlwe\tex_west_road_001.dds
[04:28:04 AM]	Mod Loaded: c:\users\devin\desktop\development\dboclienttools\texture\ntlwe\tex_west_road_001.dds
[04:28:04 AM]	Mod Loaded: c:\users\devin\desktop\development\dboclienttools\texture\ntlwe\tex_west_rock_002.dds
