[00:16:26 AM]	=============== Start Trace ===============

[00:16:26 AM]	 === < SABER > Trace Start === 
[00:17:15 AM]	CNtlPLPropertyContainer::AddProp (258):  prop defined.(A_HMY_F_AD)
[00:17:18 AM]	CNtlPLPropertyContainer::AddProp (258):  prop defined.(FRIEZARACE)
[00:17:23 AM]	CNtlPLLightObject::LoadSwapFile (978):  file open failed. (0_sec.ld)
[00:17:23 AM]	CNtlPLLightObject::LoadSwapFile (978):  file open failed. (1_sec.ld)
[00:17:23 AM]	CNtlPLLightObject::LoadSwapFile (978):  file open failed. (2_sec.ld)
[00:17:23 AM]	CNtlPLLightObject::LoadSwapFile (978):  file open failed. (3_sec.ld)
[00:17:23 AM]	CNtlPLLightObject::LoadSwapFile (978):  file open failed. (4_sec.ld)
[00:17:23 AM]	CNtlPLLightObject::LoadSwapFile (978):  file open failed. (5_sec.ld)
[00:17:23 AM]	CNtlPLLightObject::LoadSwapFile (978):  file open failed. (6_sec.ld)
[00:17:23 AM]	CNtlPLLightObject::LoadSwapFile (978):  file open failed. (7_sec.ld)
[00:17:23 AM]	CNtlPLLightObject::LoadSwapFile (978):  file open failed. (8_sec.ld)
[00:17:23 AM]	CNtlPLLightObject::LoadSwapFile (978):  file open failed. (9_sec.ld)
[00:17:23 AM]	CNtlPLLightObject::LoadSwapFile (978):  file open failed. (10_sec.ld)
[00:17:23 AM]	CNtlPLLightObject::LoadSwapFile (978):  file open failed. (11_sec.ld)
[00:17:23 AM]	CNtlPLLightObject::LoadSwapFile (978):  file open failed. (12_sec.ld)
[00:17:23 AM]	CNtlPLLightObject::LoadSwapFile (978):  file open failed. (13_sec.ld)
[00:17:23 AM]	CNtlPLLightObject::LoadSwapFile (978):  file open failed. (14_sec.ld)
[00:17:23 AM]	CNtlPLLightObject::LoadSwapFile (978):  file open failed. (15_sec.ld)
[00:17:23 AM]	CNtlPLLightObject::LoadSwapFile (978):  file open failed. (16_sec.ld)
[00:17:23 AM]	CNtlPLLightObject::LoadSwapFile (978):  file open failed. (17_sec.ld)
[00:17:23 AM]	CNtlPLLightObject::LoadSwapFile (978):  file open failed. (18_sec.ld)
[00:17:23 AM]	CNtlPLLightObject::LoadSwapFile (978):  file open failed. (19_sec.ld)
[00:17:23 AM]	CNtlPLLightObject::LoadSwapFile (978):  file open failed. (20_sec.ld)
[00:17:23 AM]	CNtlPLLightObject::LoadSwapFile (978):  file open failed. (21_sec.ld)
[00:17:23 AM]	CNtlPLLightObject::LoadSwapFile (978):  file open failed. (22_sec.ld)
[00:17:23 AM]	CNtlPLLightObject::LoadSwapFile (978):  file open failed. (23_sec.ld)
[00:17:23 AM]	CNtlPLLightObject::LoadSwapFile (978):  file open failed. (24_sec.ld)
[00:17:23 AM]	CNtlPLLightObject::LoadSwapFile (978):  file open failed. (25_sec.ld)
[00:17:23 AM]	CNtlPLLightObject::LoadSwapFile (978):  file open failed. (26_sec.ld)
[00:17:23 AM]	CNtlPLLightObject::LoadSwapFile (978):  file open failed. (27_sec.ld)
[00:17:23 AM]	CNtlPLLightObject::LoadSwapFile (978):  file open failed. (28_sec.ld)
[00:17:23 AM]	CNtlPLLightObject::LoadSwapFile (978):  file open failed. (29_sec.ld)
[00:17:23 AM]	CNtlPLLightObject::LoadSwapFile (978):  file open failed. (30_sec.ld)
[00:17:23 AM]	CNtlPLLightObject::LoadSwapFile (978):  file open failed. (31_sec.ld)
[00:17:23 AM]	CNtlPLLightObject::LoadSwapFile (978):  file open failed. (32_sec.ld)
[00:17:23 AM]	CNtlPLLightObject::LoadSwapFile (978):  file open failed. (33_sec.ld)
[00:17:23 AM]	CNtlPLLightObject::LoadSwapFile (978):  file open failed. (34_sec.ld)
[00:17:23 AM]	CNtlPLLightObject::LoadSwapFile (978):  file open failed. (35_sec.ld)
[00:17:23 AM]	CNtlPLLightObject::LoadSwapFile (978):  file open failed. (36_sec.ld)
[00:17:23 AM]	CNtlPLLightObject::LoadSwapFile (978):  file open failed. (37_sec.ld)
[00:17:23 AM]	CNtlPLLightObject::LoadSwapFile (978):  file open failed. (38_sec.ld)
[00:17:23 AM]	CNtlPLLightObject::LoadSwapFile (978):  file open failed. (39_sec.ld)
[00:17:23 AM]	CNtlPLLightObject::LoadSwapFile (978):  file open failed. (40_sec.ld)
[00:17:23 AM]	CNtlPLLightObject::LoadSwapFile (978):  file open failed. (41_sec.ld)
[00:17:23 AM]	CNtlPLLightObject::LoadSwapFile (978):  file open failed. (42_sec.ld)
[00:17:23 AM]	CNtlPLLightObject::LoadSwapFile (978):  file open failed. (43_sec.ld)
[00:17:23 AM]	CNtlPLLightObject::LoadSwapFile (978):  file open failed. (44_sec.ld)
[00:17:23 AM]	CNtlPLLightObject::LoadSwapFile (978):  file open failed. (45_sec.ld)
[00:17:23 AM]	CNtlPLLightObject::LoadSwapFile (978):  file open failed. (46_sec.ld)
[00:17:23 AM]	CNtlPLLightObject::LoadSwapFile (978):  file open failed. (47_sec.ld)
[00:17:23 AM]	CNtlPLLightObject::LoadSwapFile (978):  file open failed. (48_sec.ld)
[00:17:23 AM]	CNtlPLLightObject::LoadSwapFile (978):  file open failed. (49_sec.ld)
[00:17:23 AM]	CNtlPLLightObject::LoadSwapFile (978):  file open failed. (50_sec.ld)
[00:17:23 AM]	CNtlPLLightObject::LoadSwapFile (978):  file open failed. (51_sec.ld)
[00:17:23 AM]	CNtlPLLightObject::LoadSwapFile (978):  file open failed. (52_sec.ld)
[00:17:23 AM]	CNtlPLLightObject::LoadSwapFile (978):  file open failed. (53_sec.ld)
[00:17:23 AM]	CNtlPLLightObject::LoadSwapFile (978):  file open failed. (54_sec.ld)
[00:17:23 AM]	CNtlPLLightObject::LoadSwapFile (978):  file open failed. (55_sec.ld)
[00:17:23 AM]	CNtlPLLightObject::LoadSwapFile (978):  file open failed. (56_sec.ld)
[00:17:23 AM]	CNtlPLLightObject::LoadSwapFile (978):  file open failed. (57_sec.ld)
[00:17:23 AM]	CNtlPLLightObject::LoadSwapFile (978):  file open failed. (58_sec.ld)
[00:17:23 AM]	CNtlPLLightObject::LoadSwapFile (978):  file open failed. (59_sec.ld)
[00:17:23 AM]	CNtlPLLightObject::LoadSwapFile (978):  file open failed. (60_sec.ld)
[00:17:23 AM]	CNtlPLLightObject::LoadSwapFile (978):  file open failed. (61_sec.ld)
[00:17:23 AM]	CNtlPLLightObject::LoadSwapFile (978):  file open failed. (62_sec.ld)
[00:17:23 AM]	CNtlPLLightObject::LoadSwapFile (978):  file open failed. (63_sec.ld)
[00:17:23 AM]	CNtlPLLightObject::LoadSwapFile (978):  file open failed. (64_sec.ld)
[00:17:23 AM]	CNtlPLLightObject::LoadSwapFile (978):  file open failed. (65_sec.ld)
[00:17:23 AM]	CNtlPLLightObject::LoadSwapFile (978):  file open failed. (78_sec.ld)
[00:17:23 AM]	CNtlPLLightObject::LoadSwapFile (978):  file open failed. (79_sec.ld)
[00:17:23 AM]	CNtlPLLightObject::LoadSwapFile (978):  file open failed. (80_sec.ld)
[00:17:23 AM]	CNtlPLLightObject::LoadSwapFile (978):  file open failed. (81_sec.ld)
[00:17:23 AM]	CNtlPLLightObject::LoadSwapFile (978):  file open failed. (94_sec.ld)
[00:17:23 AM]	CNtlPLLightObject::LoadSwapFile (978):  file open failed. (95_sec.ld)
[00:17:23 AM]	CNtlPLLightObject::LoadSwapFile (978):  file open failed. (96_sec.ld)
[00:17:23 AM]	CNtlPLLightObject::LoadSwapFile (978):  file open failed. (97_sec.ld)
[00:17:23 AM]	CNtlPLLightObject::LoadSwapFile (978):  file open failed. (110_sec.ld)
[00:17:23 AM]	CNtlPLLightObject::LoadSwapFile (978):  file open failed. (111_sec.ld)
[00:17:23 AM]	CNtlPLLightObject::LoadSwapFile (978):  file open failed. (112_sec.ld)
[00:17:23 AM]	CNtlPLLightObject::LoadSwapFile (978):  file open failed. (113_sec.ld)
[00:17:23 AM]	CNtlPLLightObject::LoadSwapFile (978):  file open failed. (126_sec.ld)
[00:17:23 AM]	CNtlPLLightObject::LoadSwapFile (978):  file open failed. (127_sec.ld)
[00:17:23 AM]	CNtlPLLightObject::LoadSwapFile (978):  file open failed. (128_sec.ld)
[00:17:23 AM]	CNtlPLLightObject::LoadSwapFile (978):  file open failed. (129_sec.ld)
[00:17:23 AM]	CNtlPLLightObject::LoadSwapFile (978):  file open failed. (142_sec.ld)
[00:17:23 AM]	CNtlPLLightObject::LoadSwapFile (978):  file open failed. (143_sec.ld)
[00:17:23 AM]	CNtlPLLightObject::LoadSwapFile (978):  file open failed. (144_sec.ld)
[00:17:23 AM]	CNtlPLLightObject::LoadSwapFile (978):  file open failed. (145_sec.ld)
[00:17:23 AM]	CNtlPLLightObject::LoadSwapFile (978):  file open failed. (158_sec.ld)
[00:17:23 AM]	CNtlPLLightObject::LoadSwapFile (978):  file open failed. (159_sec.ld)
[00:17:23 AM]	CNtlPLLightObject::LoadSwapFile (978):  file open failed. (160_sec.ld)
[00:17:23 AM]	CNtlPLLightObject::LoadSwapFile (978):  file open failed. (161_sec.ld)
[00:17:23 AM]	CNtlPLLightObject::LoadSwapFile (978):  file open failed. (174_sec.ld)
[00:17:23 AM]	CNtlPLLightObject::LoadSwapFile (978):  file open failed. (175_sec.ld)
[00:17:23 AM]	CNtlPLLightObject::LoadSwapFile (978):  file open failed. (176_sec.ld)
[00:17:23 AM]	CNtlPLLightObject::LoadSwapFile (978):  file open failed. (177_sec.ld)
[00:17:23 AM]	CNtlPLLightObject::LoadSwapFile (978):  file open failed. (190_sec.ld)
[00:17:23 AM]	CNtlPLLightObject::LoadSwapFile (978):  file open failed. (191_sec.ld)
[00:17:23 AM]	CNtlPLLightObject::LoadSwapFile (978):  file open failed. (192_sec.ld)
[00:17:23 AM]	CNtlPLLightObject::LoadSwapFile (978):  file open failed. (193_sec.ld)
[00:17:23 AM]	CNtlPLLightObject::LoadSwapFile (978):  file open failed. (206_sec.ld)
[00:17:23 AM]	CNtlPLLightObject::LoadSwapFile (978):  file open failed. (207_sec.ld)
[00:17:23 AM]	CNtlPLLightObject::LoadSwapFile (978):  file open failed. (208_sec.ld)
[00:17:23 AM]	CNtlPLLightObject::LoadSwapFile (978):  file open failed. (209_sec.ld)
[00:17:23 AM]	CNtlPLLightObject::LoadSwapFile (978):  file open failed. (222_sec.ld)
[00:17:23 AM]	CNtlPLLightObject::LoadSwapFile (978):  file open failed. (223_sec.ld)
[00:17:23 AM]	CNtlPLLightObject::LoadSwapFile (978):  file open failed. (224_sec.ld)
[00:17:23 AM]	CNtlPLLightObject::LoadSwapFile (978):  file open failed. (225_sec.ld)
[00:17:23 AM]	CNtlPLLightObject::LoadSwapFile (978):  file open failed. (238_sec.ld)
[00:17:23 AM]	CNtlPLLightObject::LoadSwapFile (978):  file open failed. (239_sec.ld)
[00:17:23 AM]	CNtlPLLightObject::LoadSwapFile (978):  file open failed. (240_sec.ld)
[00:17:23 AM]	CNtlPLLightObject::LoadSwapFile (978):  file open failed. (241_sec.ld)
[00:17:23 AM]	CNtlPLLightObject::LoadSwapFile (978):  file open failed. (254_sec.ld)
[00:17:23 AM]	CNtlPLLightObject::LoadSwapFile (978):  file open failed. (255_sec.ld)
[00:17:54 AM]	CNtlWorldShadow::LoadSwapFile (141):  file open failed. (34_sec.sdw)
[00:17:54 AM]	CNtlPLObject::LoadSwapFile (3322):  file open failed. (34_sec.objt)
[00:17:54 AM]	CNtlInstanceEffect::LoadSwapFile (807):  file open failed. (34_sec.eff)
[00:17:54 AM]	CNtlPLOccluder_Quad::LoadSwapFile (830):  file open failed. (34_sec.ocq)
[00:17:54 AM]	CNtlPLHeatHazeObject::LoadSwapFile (724):  file open failed. (34_sec.hho)
[00:17:54 AM]	CNtlWorldShadow::LoadSwapFile (141):  file open failed. (35_sec.sdw)
[00:17:54 AM]	CNtlPLObject::LoadSwapFile (3322):  file open failed. (35_sec.objt)
[00:17:54 AM]	CNtlInstanceEffect::LoadSwapFile (807):  file open failed. (35_sec.eff)
[00:17:54 AM]	CNtlPLOccluder_Quad::LoadSwapFile (830):  file open failed. (35_sec.ocq)
[00:17:54 AM]	CNtlPLHeatHazeObject::LoadSwapFile (724):  file open failed. (35_sec.hho)
[00:17:54 AM]	CNtlWorldShadow::LoadSwapFile (141):  file open failed. (50_sec.sdw)
[00:17:54 AM]	CNtlPLObject::LoadSwapFile (3322):  file open failed. (50_sec.objt)
[00:17:54 AM]	CNtlInstanceEffect::LoadSwapFile (807):  file open failed. (50_sec.eff)
[00:17:54 AM]	CNtlPLOccluder_Quad::LoadSwapFile (830):  file open failed. (50_sec.ocq)
[00:17:54 AM]	CNtlPLHeatHazeObject::LoadSwapFile (724):  file open failed. (50_sec.hho)
[00:17:54 AM]	CNtlWorldShadow::LoadSwapFile (141):  file open failed. (51_sec.sdw)
[00:17:54 AM]	CNtlPLObject::LoadSwapFile (3322):  file open failed. (51_sec.objt)
[00:17:54 AM]	CNtlInstanceEffect::LoadSwapFile (807):  file open failed. (51_sec.eff)
[00:17:54 AM]	CNtlPLOccluder_Quad::LoadSwapFile (830):  file open failed. (51_sec.ocq)
[00:17:54 AM]	CNtlPLHeatHazeObject::LoadSwapFile (724):  file open failed. (51_sec.hho)
[00:17:54 AM]	CNtlWorldShadow::LoadSwapFile (141):  file open failed. (36_sec.sdw)
[00:17:54 AM]	CNtlPLObject::LoadSwapFile (3322):  file open failed. (36_sec.objt)
[00:17:54 AM]	CNtlInstanceEffect::LoadSwapFile (807):  file open failed. (36_sec.eff)
[00:17:54 AM]	CNtlPLOccluder_Quad::LoadSwapFile (830):  file open failed. (36_sec.ocq)
[00:17:54 AM]	CNtlPLHeatHazeObject::LoadSwapFile (724):  file open failed. (36_sec.hho)
[00:17:54 AM]	CNtlWorldShadow::LoadSwapFile (141):  file open failed. (37_sec.sdw)
[00:17:54 AM]	CNtlPLObject::LoadSwapFile (3322):  file open failed. (37_sec.objt)
[00:17:54 AM]	CNtlInstanceEffect::LoadSwapFile (807):  file open failed. (37_sec.eff)
[00:17:54 AM]	CNtlPLOccluder_Quad::LoadSwapFile (830):  file open failed. (37_sec.ocq)
[00:17:54 AM]	CNtlPLHeatHazeObject::LoadSwapFile (724):  file open failed. (37_sec.hho)
[00:17:54 AM]	CNtlWorldShadow::LoadSwapFile (141):  file open failed. (52_sec.sdw)
[00:17:54 AM]	CNtlPLObject::LoadSwapFile (3322):  file open failed. (52_sec.objt)
[00:17:54 AM]	CNtlInstanceEffect::LoadSwapFile (807):  file open failed. (52_sec.eff)
[00:17:54 AM]	CNtlPLOccluder_Quad::LoadSwapFile (830):  file open failed. (52_sec.ocq)
[00:17:54 AM]	CNtlPLHeatHazeObject::LoadSwapFile (724):  file open failed. (52_sec.hho)
[00:17:54 AM]	CNtlWorldShadow::LoadSwapFile (141):  file open failed. (53_sec.sdw)
[00:17:54 AM]	CNtlPLObject::LoadSwapFile (3322):  file open failed. (53_sec.objt)
[00:17:54 AM]	CNtlInstanceEffect::LoadSwapFile (807):  file open failed. (53_sec.eff)
[00:17:54 AM]	CNtlPLOccluder_Quad::LoadSwapFile (830):  file open failed. (53_sec.ocq)
[00:17:54 AM]	CNtlPLHeatHazeObject::LoadSwapFile (724):  file open failed. (53_sec.hho)
[00:17:54 AM]	CNtlWorldShadow::LoadSwapFile (141):  file open failed. (38_sec.sdw)
[00:17:54 AM]	CNtlPLObject::LoadSwapFile (3322):  file open failed. (38_sec.objt)
[00:17:54 AM]	CNtlInstanceEffect::LoadSwapFile (807):  file open failed. (38_sec.eff)
[00:17:54 AM]	CNtlPLOccluder_Quad::LoadSwapFile (830):  file open failed. (38_sec.ocq)
[00:17:54 AM]	CNtlPLHeatHazeObject::LoadSwapFile (724):  file open failed. (38_sec.hho)
[00:17:54 AM]	CNtlWorldShadow::LoadSwapFile (141):  file open failed. (39_sec.sdw)
[00:17:54 AM]	CNtlPLObject::LoadSwapFile (3322):  file open failed. (39_sec.objt)
[00:17:54 AM]	CNtlInstanceEffect::LoadSwapFile (807):  file open failed. (39_sec.eff)
[00:17:54 AM]	CNtlPLOccluder_Quad::LoadSwapFile (830):  file open failed. (39_sec.ocq)
[00:17:54 AM]	CNtlPLHeatHazeObject::LoadSwapFile (724):  file open failed. (39_sec.hho)
[00:17:54 AM]	CNtlWorldShadow::LoadSwapFile (141):  file open failed. (54_sec.sdw)
[00:17:54 AM]	CNtlPLObject::LoadSwapFile (3322):  file open failed. (54_sec.objt)
[00:17:54 AM]	CNtlInstanceEffect::LoadSwapFile (807):  file open failed. (54_sec.eff)
[00:17:54 AM]	CNtlPLOccluder_Quad::LoadSwapFile (830):  file open failed. (54_sec.ocq)
[00:17:54 AM]	CNtlPLHeatHazeObject::LoadSwapFile (724):  file open failed. (54_sec.hho)
[00:17:54 AM]	CNtlWorldShadow::LoadSwapFile (141):  file open failed. (55_sec.sdw)
[00:17:54 AM]	CNtlPLObject::LoadSwapFile (3322):  file open failed. (55_sec.objt)
[00:17:54 AM]	CNtlInstanceEffect::LoadSwapFile (807):  file open failed. (55_sec.eff)
[00:17:54 AM]	CNtlPLOccluder_Quad::LoadSwapFile (830):  file open failed. (55_sec.ocq)
[00:17:54 AM]	CNtlPLHeatHazeObject::LoadSwapFile (724):  file open failed. (55_sec.hho)
[00:17:54 AM]	CNtlWorldShadow::LoadSwapFile (141):  file open failed. (40_sec.sdw)
[00:17:54 AM]	CNtlPLObject::LoadSwapFile (3322):  file open failed. (40_sec.objt)
[00:17:54 AM]	CNtlInstanceEffect::LoadSwapFile (807):  file open failed. (40_sec.eff)
[00:17:54 AM]	CNtlPLOccluder_Quad::LoadSwapFile (830):  file open failed. (40_sec.ocq)
[00:17:54 AM]	CNtlPLHeatHazeObject::LoadSwapFile (724):  file open failed. (40_sec.hho)
[00:17:54 AM]	CNtlWorldShadow::LoadSwapFile (141):  file open failed. (41_sec.sdw)
[00:17:54 AM]	CNtlPLObject::LoadSwapFile (3322):  file open failed. (41_sec.objt)
[00:17:54 AM]	CNtlInstanceEffect::LoadSwapFile (807):  file open failed. (41_sec.eff)
[00:17:54 AM]	CNtlPLOccluder_Quad::LoadSwapFile (830):  file open failed. (41_sec.ocq)
[00:17:54 AM]	CNtlPLHeatHazeObject::LoadSwapFile (724):  file open failed. (41_sec.hho)
[00:17:54 AM]	CNtlWorldShadow::LoadSwapFile (141):  file open failed. (56_sec.sdw)
[00:17:54 AM]	CNtlPLObject::LoadSwapFile (3322):  file open failed. (56_sec.objt)
[00:17:54 AM]	CNtlInstanceEffect::LoadSwapFile (807):  file open failed. (56_sec.eff)
[00:17:54 AM]	CNtlPLOccluder_Quad::LoadSwapFile (830):  file open failed. (56_sec.ocq)
[00:17:54 AM]	CNtlPLHeatHazeObject::LoadSwapFile (724):  file open failed. (56_sec.hho)
[00:17:54 AM]	CNtlWorldShadow::LoadSwapFile (141):  file open failed. (57_sec.sdw)
[00:17:54 AM]	CNtlPLObject::LoadSwapFile (3322):  file open failed. (57_sec.objt)
[00:17:54 AM]	CNtlInstanceEffect::LoadSwapFile (807):  file open failed. (57_sec.eff)
[00:17:54 AM]	CNtlPLOccluder_Quad::LoadSwapFile (830):  file open failed. (57_sec.ocq)
[00:17:54 AM]	CNtlPLHeatHazeObject::LoadSwapFile (724):  file open failed. (57_sec.hho)
[00:17:54 AM]	CNtlWorldShadow::LoadSwapFile (141):  file open failed. (42_sec.sdw)
[00:17:54 AM]	CNtlPLObject::LoadSwapFile (3322):  file open failed. (42_sec.objt)
[00:17:54 AM]	CNtlInstanceEffect::LoadSwapFile (807):  file open failed. (42_sec.eff)
[00:17:54 AM]	CNtlPLOccluder_Quad::LoadSwapFile (830):  file open failed. (42_sec.ocq)
[00:17:54 AM]	CNtlPLHeatHazeObject::LoadSwapFile (724):  file open failed. (42_sec.hho)
[00:17:54 AM]	CNtlWorldShadow::LoadSwapFile (141):  file open failed. (43_sec.sdw)
[00:17:54 AM]	CNtlPLObject::LoadSwapFile (3322):  file open failed. (43_sec.objt)
[00:17:54 AM]	CNtlInstanceEffect::LoadSwapFile (807):  file open failed. (43_sec.eff)
[00:17:54 AM]	CNtlPLOccluder_Quad::LoadSwapFile (830):  file open failed. (43_sec.ocq)
[00:17:54 AM]	CNtlPLHeatHazeObject::LoadSwapFile (724):  file open failed. (43_sec.hho)
[00:17:54 AM]	CNtlWorldShadow::LoadSwapFile (141):  file open failed. (58_sec.sdw)
[00:17:54 AM]	CNtlPLObject::LoadSwapFile (3322):  file open failed. (58_sec.objt)
[00:17:54 AM]	CNtlInstanceEffect::LoadSwapFile (807):  file open failed. (58_sec.eff)
[00:17:54 AM]	CNtlPLOccluder_Quad::LoadSwapFile (830):  file open failed. (58_sec.ocq)
[00:17:54 AM]	CNtlPLHeatHazeObject::LoadSwapFile (724):  file open failed. (58_sec.hho)
[00:17:54 AM]	CNtlWorldShadow::LoadSwapFile (141):  file open failed. (59_sec.sdw)
[00:17:54 AM]	CNtlPLObject::LoadSwapFile (3322):  file open failed. (59_sec.objt)
[00:17:54 AM]	CNtlInstanceEffect::LoadSwapFile (807):  file open failed. (59_sec.eff)
[00:17:54 AM]	CNtlPLOccluder_Quad::LoadSwapFile (830):  file open failed. (59_sec.ocq)
[00:17:54 AM]	CNtlPLHeatHazeObject::LoadSwapFile (724):  file open failed. (59_sec.hho)
[00:17:54 AM]	CNtlWorldShadow::LoadSwapFile (141):  file open failed. (44_sec.sdw)
[00:17:54 AM]	CNtlPLObject::LoadSwapFile (3322):  file open failed. (44_sec.objt)
[00:17:54 AM]	CNtlInstanceEffect::LoadSwapFile (807):  file open failed. (44_sec.eff)
[00:17:54 AM]	CNtlPLOccluder_Quad::LoadSwapFile (830):  file open failed. (44_sec.ocq)
[00:17:54 AM]	CNtlPLHeatHazeObject::LoadSwapFile (724):  file open failed. (44_sec.hho)
[00:17:54 AM]	CNtlWorldShadow::LoadSwapFile (141):  file open failed. (45_sec.sdw)
[00:17:54 AM]	CNtlPLObject::LoadSwapFile (3322):  file open failed. (45_sec.objt)
[00:17:54 AM]	CNtlInstanceEffect::LoadSwapFile (807):  file open failed. (45_sec.eff)
[00:17:54 AM]	CNtlPLOccluder_Quad::LoadSwapFile (830):  file open failed. (45_sec.ocq)
[00:17:54 AM]	CNtlPLHeatHazeObject::LoadSwapFile (724):  file open failed. (45_sec.hho)
[00:17:55 AM]	CNtlWorldShadow::LoadSwapFile (141):  file open failed. (60_sec.sdw)
[00:17:55 AM]	CNtlPLObject::LoadSwapFile (3322):  file open failed. (60_sec.objt)
[00:17:55 AM]	CNtlInstanceEffect::LoadSwapFile (807):  file open failed. (60_sec.eff)
[00:17:55 AM]	CNtlPLOccluder_Quad::LoadSwapFile (830):  file open failed. (60_sec.ocq)
[00:17:55 AM]	CNtlPLHeatHazeObject::LoadSwapFile (724):  file open failed. (60_sec.hho)
[00:17:55 AM]	CNtlWorldShadow::LoadSwapFile (141):  file open failed. (61_sec.sdw)
[00:17:55 AM]	CNtlPLObject::LoadSwapFile (3322):  file open failed. (61_sec.objt)
[00:17:55 AM]	CNtlInstanceEffect::LoadSwapFile (807):  file open failed. (61_sec.eff)
[00:17:55 AM]	CNtlPLOccluder_Quad::LoadSwapFile (830):  file open failed. (61_sec.ocq)
[00:17:55 AM]	CNtlPLHeatHazeObject::LoadSwapFile (724):  file open failed. (61_sec.hho)
[00:18:42 AM]	CNtlWorldBlockMananger::SaveProperty (565):  file open failed. (wfp)
[00:18:42 AM]	CNtlWorldBlockMananger::SaveProperty (565):  file open failed. (wfp)
[00:18:42 AM]	CNtlWorldBlockMananger::SaveProperty (565):  file open failed. (wfp)
[00:18:42 AM]	CNtlWorldBlockMananger::SaveProperty (565):  file open failed. (wfp)
[00:18:42 AM]	CNtlWorldBlockMananger::SaveProperty (565):  file open failed. (wfp)
[00:18:42 AM]	CNtlWorldBlockMananger::SaveProperty (565):  file open failed. (wfp)
[00:18:42 AM]	CNtlWorldBlockMananger::SaveProperty (565):  file open failed. (wfp)
[00:18:42 AM]	CNtlWorldBlockMananger::SaveProperty (565):  file open failed. (wfp)
[00:18:42 AM]	CNtlWorldBlockMananger::SaveProperty (565):  file open failed. (wfp)
[00:18:42 AM]	CNtlWorldBlockMananger::SaveProperty (565):  file open failed. (wfp)
[00:18:42 AM]	CNtlWorldBlockMananger::SaveProperty (565):  file open failed. (wfp)
[00:18:42 AM]	CNtlWorldBlockMananger::SaveProperty (565):  file open failed. (wfp)
[00:18:42 AM]	CNtlWorldBlockMananger::SaveProperty (565):  file open failed. (wfp)
[00:18:42 AM]	CNtlWorldBlockMananger::SaveProperty (565):  file open failed. (wfp)
[00:18:42 AM]	CNtlWorldBlockMananger::SaveProperty (565):  file open failed. (wfp)
[00:18:42 AM]	CNtlWorldBlockMananger::SaveProperty (565):  file open failed. (wfp)
[00:18:42 AM]	CNtlWorldBlockMananger::SaveProperty (565):  file open failed. (wfp)
[00:18:42 AM]	CNtlWorldBlockMananger::SaveProperty (565):  file open failed. (wfp)
[00:18:42 AM]	CNtlWorldBlockMananger::SaveProperty (565):  file open failed. (wfp)
[00:18:42 AM]	CNtlWorldBlockMananger::SaveProperty (565):  file open failed. (wfp)
[00:18:42 AM]	CNtlWorldBlockMananger::SaveProperty (565):  file open failed. (wfp)
[00:18:42 AM]	CNtlWorldBlockMananger::SaveProperty (565):  file open failed. (wfp)
[00:18:42 AM]	CNtlWorldBlockMananger::SaveProperty (565):  file open failed. (wfp)
[00:18:42 AM]	CNtlWorldBlockMananger::SaveProperty (565):  file open failed. (wfp)
[00:18:42 AM]	CNtlWorldBlockMananger::SaveProperty (565):  file open failed. (wfp)
[00:18:42 AM]	CNtlWorldBlockMananger::SaveProperty (565):  file open failed. (wfp)
[00:18:42 AM]	CNtlWorldBlockMananger::SaveProperty (565):  file open failed. (wfp)
[00:18:42 AM]	CNtlWorldBlockMananger::SaveProperty (565):  file open failed. (wfp)
[00:18:42 AM]	CNtlWorldBlockMananger::SaveProperty (565):  file open failed. (wfp)
[00:18:42 AM]	CNtlWorldBlockMananger::SaveProperty (565):  file open failed. (wfp)
[00:18:42 AM]	CNtlWorldBlockMananger::SaveProperty (565):  file open failed. (wfp)
[00:18:42 AM]	CNtlWorldBlockMananger::SaveProperty (565):  file open failed. (wfp)
[00:18:42 AM]	CNtlWorldBlockMananger::SaveProperty (565):  file open failed. (wfp)
[00:18:42 AM]	CNtlWorldBlockMananger::SaveProperty (565):  file open failed. (wfp)
[00:18:42 AM]	CNtlWorldBlockMananger::SaveProperty (565):  file open failed. (wfp)
[00:18:43 AM]	CNtlWorldBlockMananger::SaveProperty (565):  file open failed. (wfp)
[00:18:43 AM]	CNtlWorldBlockMananger::SaveProperty (565):  file open failed. (wfp)
[00:18:43 AM]	CNtlWorldBlockMananger::SaveProperty (565):  file open failed. (wfp)
[00:18:43 AM]	CNtlWorldBlockMananger::SaveProperty (565):  file open failed. (wfp)
[00:18:43 AM]	CNtlWorldBlockMananger::SaveProperty (565):  file open failed. (wfp)
[00:18:43 AM]	CNtlWorldBlockMananger::SaveProperty (565):  file open failed. (wfp)
[00:18:43 AM]	CNtlWorldBlockMananger::SaveProperty (565):  file open failed. (wfp)
[00:18:43 AM]	CNtlWorldBlockMananger::SaveProperty (565):  file open failed. (wfp)
[00:18:43 AM]	CNtlWorldBlockMananger::SaveProperty (565):  file open failed. (wfp)
[00:18:43 AM]	CNtlWorldBlockMananger::SaveProperty (565):  file open failed. (wfp)
[00:18:43 AM]	CNtlWorldBlockMananger::SaveProperty (565):  file open failed. (wfp)
[00:18:43 AM]	CNtlWorldBlockMananger::SaveProperty (565):  file open failed. (wfp)
[00:18:43 AM]	CNtlWorldBlockMananger::SaveProperty (565):  file open failed. (wfp)
[00:18:43 AM]	CNtlWorldBlockMananger::SaveProperty (565):  file open failed. (wfp)
[00:18:43 AM]	CNtlWorldBlockMananger::SaveProperty (565):  file open failed. (wfp)
[00:18:43 AM]	CNtlWorldBlockMananger::SaveProperty (565):  file open failed. (wfp)
[00:18:43 AM]	CNtlWorldBlockMananger::SaveProperty (565):  file open failed. (wfp)
[00:18:43 AM]	CNtlWorldBlockMananger::SaveProperty (565):  file open failed. (wfp)
[00:18:43 AM]	CNtlWorldBlockMananger::SaveProperty (565):  file open failed. (wfp)
[00:18:43 AM]	CNtlWorldBlockMananger::SaveProperty (565):  file open failed. (wfp)
[00:18:43 AM]	CNtlWorldBlockMananger::SaveProperty (565):  file open failed. (wfp)
[00:18:43 AM]	CNtlWorldBlockMananger::SaveProperty (565):  file open failed. (wfp)
[00:18:43 AM]	CNtlWorldBlockMananger::SaveProperty (565):  file open failed. (wfp)
[00:18:43 AM]	CNtlWorldBlockMananger::SaveProperty (565):  file open failed. (wfp)
[00:18:43 AM]	CNtlWorldBlockMananger::SaveProperty (565):  file open failed. (wfp)
[00:18:43 AM]	CNtlWorldBlockMananger::SaveProperty (565):  file open failed. (wfp)
[00:18:43 AM]	CNtlWorldBlockMananger::SaveProperty (565):  file open failed. (wfp)
[00:18:43 AM]	CNtlWorldBlockMananger::SaveProperty (565):  file open failed. (wfp)
[00:18:43 AM]	CNtlWorldBlockMananger::SaveProperty (565):  file open failed. (wfp)
[00:18:43 AM]	CNtlWorldBlockMananger::SaveProperty (565):  file open failed. (wfp)
[00:18:43 AM]	CNtlWorldBlockMananger::SaveProperty (565):  file open failed. (wfp)
[00:18:43 AM]	CNtlWorldBlockMananger::SaveProperty (565):  file open failed. (wfp)
[00:18:43 AM]	CNtlWorldBlockMananger::SaveProperty (565):  file open failed. (wfp)
[00:18:43 AM]	CNtlWorldBlockMananger::SaveProperty (565):  file open failed. (wfp)
[00:18:43 AM]	CNtlWorldBlockMananger::SaveProperty (565):  file open failed. (wfp)
[00:18:43 AM]	CNtlWorldBlockMananger::SaveProperty (565):  file open failed. (wfp)
[00:18:43 AM]	CNtlWorldBlockMananger::SaveProperty (565):  file open failed. (wfp)
[00:18:43 AM]	CNtlWorldBlockMananger::SaveProperty (565):  file open failed. (wfp)
[00:18:43 AM]	CNtlWorldBlockMananger::SaveProperty (565):  file open failed. (wfp)
[00:18:43 AM]	CNtlWorldBlockMananger::SaveProperty (565):  file open failed. (wfp)
[00:18:43 AM]	CNtlWorldBlockMananger::SaveProperty (565):  file open failed. (wfp)
[00:18:43 AM]	CNtlWorldBlockMananger::SaveProperty (565):  file open failed. (wfp)
[00:18:43 AM]	CNtlWorldBlockMananger::SaveProperty (565):  file open failed. (wfp)
[00:18:43 AM]	CNtlWorldBlockMananger::SaveProperty (565):  file open failed. (wfp)
[00:18:43 AM]	CNtlWorldBlockMananger::SaveProperty (565):  file open failed. (wfp)
[00:18:43 AM]	CNtlWorldBlockMananger::SaveProperty (565):  file open failed. (wfp)
[00:18:43 AM]	CNtlWorldBlockMananger::SaveProperty (565):  file open failed. (wfp)
[00:18:43 AM]	CNtlWorldBlockMananger::SaveProperty (565):  file open failed. (wfp)
[00:18:43 AM]	CNtlWorldBlockMananger::SaveProperty (565):  file open failed. (wfp)
[00:18:43 AM]	CNtlWorldBlockMananger::SaveProperty (565):  file open failed. (wfp)
[00:18:43 AM]	CNtlWorldBlockMananger::SaveProperty (565):  file open failed. (wfp)
[00:18:43 AM]	CNtlWorldBlockMananger::SaveProperty (565):  file open failed. (wfp)
[00:18:43 AM]	CNtlWorldBlockMananger::SaveProperty (565):  file open failed. (wfp)
[00:18:43 AM]	CNtlWorldBlockMananger::SaveProperty (565):  file open failed. (wfp)
[00:18:43 AM]	CNtlWorldBlockMananger::SaveProperty (565):  file open failed. (wfp)
[00:18:43 AM]	CNtlWorldBlockMananger::SaveProperty (565):  file open failed. (wfp)
[00:18:43 AM]	CNtlWorldBlockMananger::SaveProperty (565):  file open failed. (wfp)
[00:18:43 AM]	CNtlWorldBlockMananger::SaveProperty (565):  file open failed. (wfp)
[00:18:43 AM]	CNtlWorldBlockMananger::SaveProperty (565):  file open failed. (wfp)
[00:18:43 AM]	CNtlWorldBlockMananger::SaveProperty (565):  file open failed. (wfp)
[00:18:43 AM]	CNtlWorldBlockMananger::SaveProperty (565):  file open failed. (wfp)
[00:18:44 AM]	CNtlWorldBlockMananger::SaveProperty (565):  file open failed. (wfp)
[00:18:44 AM]	CNtlWorldBlockMananger::SaveProperty (565):  file open failed. (wfp)
[00:18:44 AM]	CNtlWorldBlockMananger::SaveProperty (565):  file open failed. (wfp)
[00:18:44 AM]	CNtlWorldBlockMananger::SaveProperty (565):  file open failed. (wfp)
[00:18:44 AM]	CNtlWorldBlockMananger::SaveProperty (565):  file open failed. (wfp)
[00:18:44 AM]	CNtlWorldBlockMananger::SaveProperty (565):  file open failed. (wfp)
[00:18:44 AM]	CNtlWorldBlockMananger::SaveProperty (565):  file open failed. (wfp)
[00:18:44 AM]	CNtlWorldBlockMananger::SaveProperty (565):  file open failed. (wfp)
[00:18:44 AM]	CNtlWorldBlockMananger::SaveProperty (565):  file open failed. (wfp)
[00:18:44 AM]	CNtlWorldBlockMananger::SaveProperty (565):  file open failed. (wfp)
[00:18:44 AM]	CNtlWorldBlockMananger::SaveProperty (565):  file open failed. (wfp)
[00:18:44 AM]	CNtlWorldBlockMananger::SaveProperty (565):  file open failed. (wfp)
[00:18:44 AM]	CNtlWorldBlockMananger::SaveProperty (565):  file open failed. (wfp)
[00:18:44 AM]	CNtlWorldBlockMananger::SaveProperty (565):  file open failed. (wfp)
[00:18:44 AM]	CNtlWorldBlockMananger::SaveProperty (565):  file open failed. (wfp)
[00:18:44 AM]	CNtlWorldBlockMananger::SaveProperty (565):  file open failed. (wfp)
[00:18:44 AM]	CNtlWorldBlockMananger::SaveProperty (565):  file open failed. (wfp)
[00:18:44 AM]	CNtlWorldBlockMananger::SaveProperty (565):  file open failed. (wfp)
[00:18:44 AM]	CNtlWorldBlockMananger::SaveProperty (565):  file open failed. (wfp)
[00:18:44 AM]	CNtlWorldBlockMananger::SaveProperty (565):  file open failed. (wfp)
[00:18:44 AM]	CNtlWorldBlockMananger::SaveProperty (565):  file open failed. (wfp)
[00:18:44 AM]	CNtlWorldBlockMananger::SaveProperty (565):  file open failed. (wfp)
[00:18:44 AM]	CNtlWorldBlockMananger::SaveProperty (565):  file open failed. (wfp)
[00:18:44 AM]	CNtlWorldBlockMananger::SaveProperty (565):  file open failed. (wfp)
[00:18:44 AM]	CNtlWorldBlockMananger::SaveProperty (565):  file open failed. (wfp)
[00:18:44 AM]	CNtlWorldBlockMananger::SaveProperty (565):  file open failed. (wfp)
[00:18:44 AM]	CNtlWorldBlockMananger::SaveProperty (565):  file open failed. (wfp)
[00:18:44 AM]	CNtlWorldBlockMananger::SaveProperty (565):  file open failed. (wfp)
[00:18:44 AM]	CNtlWorldBlockMananger::SaveProperty (565):  file open failed. (wfp)
[00:18:44 AM]	CNtlWorldBlockMananger::SaveProperty (565):  file open failed. (wfp)
[00:18:44 AM]	CNtlWorldBlockMananger::SaveProperty (565):  file open failed. (wfp)
[00:18:44 AM]	CNtlWorldBlockMananger::SaveProperty (565):  file open failed. (wfp)
[00:18:44 AM]	CNtlWorldBlockMananger::SaveProperty (565):  file open failed. (wfp)
[00:18:44 AM]	CNtlWorldBlockMananger::SaveProperty (565):  file open failed. (wfp)
[00:18:44 AM]	CNtlWorldBlockMananger::SaveProperty (565):  file open failed. (wfp)
[00:18:44 AM]	CNtlWorldBlockMananger::SaveProperty (565):  file open failed. (wfp)
[00:18:44 AM]	CNtlWorldBlockMananger::SaveProperty (565):  file open failed. (wfp)
[00:18:44 AM]	CNtlWorldBlockMananger::SaveProperty (565):  file open failed. (wfp)
[00:18:44 AM]	CNtlWorldBlockMananger::SaveProperty (565):  file open failed. (wfp)
[00:18:44 AM]	CNtlWorldBlockMananger::SaveProperty (565):  file open failed. (wfp)
[00:18:44 AM]	CNtlWorldBlockMananger::SaveProperty (565):  file open failed. (wfp)
[00:18:44 AM]	CNtlWorldBlockMananger::SaveProperty (565):  file open failed. (wfp)
[00:18:44 AM]	CNtlWorldBlockMananger::SaveProperty (565):  file open failed. (wfp)
[00:18:44 AM]	CNtlWorldBlockMananger::SaveProperty (565):  file open failed. (wfp)
[00:18:44 AM]	CNtlWorldBlockMananger::SaveProperty (565):  file open failed. (wfp)
[00:18:44 AM]	CNtlWorldBlockMananger::SaveProperty (565):  file open failed. (wfp)
[00:18:44 AM]	CNtlWorldBlockMananger::SaveProperty (565):  file open failed. (wfp)
[00:18:44 AM]	CNtlWorldBlockMananger::SaveProperty (565):  file open failed. (wfp)
[00:18:44 AM]	CNtlWorldBlockMananger::SaveProperty (565):  file open failed. (wfp)
[00:18:44 AM]	CNtlWorldBlockMananger::SaveProperty (565):  file open failed. (wfp)
[00:18:44 AM]	CNtlWorldBlockMananger::SaveProperty (565):  file open failed. (wfp)
[00:18:44 AM]	CNtlWorldBlockMananger::SaveProperty (565):  file open failed. (wfp)
[00:18:44 AM]	CNtlWorldBlockMananger::SaveProperty (565):  file open failed. (wfp)
[00:18:44 AM]	CNtlWorldBlockMananger::SaveProperty (565):  file open failed. (wfp)
[00:18:44 AM]	CNtlWorldBlockMananger::SaveProperty (565):  file open failed. (wfp)
[00:18:44 AM]	CNtlWorldBlockMananger::SaveProperty (565):  file open failed. (wfp)
[00:18:44 AM]	CNtlWorldBlockMananger::SaveProperty (565):  file open failed. (wfp)
[00:18:44 AM]	CNtlWorldBlockMananger::SaveProperty (565):  file open failed. (wfp)
[00:18:44 AM]	CNtlWorldBlockMananger::SaveProperty (565):  file open failed. (wfp)
[00:18:44 AM]	CNtlWorldBlockMananger::SaveProperty (565):  file open failed. (wfp)
[00:18:44 AM]	CNtlWorldBlockMananger::SaveProperty (565):  file open failed. (wfp)
[00:18:44 AM]	CNtlWorldBlockMananger::SaveProperty (565):  file open failed. (wfp)
[00:18:45 AM]	CNtlWorldBlockMananger::SaveProperty (565):  file open failed. (wfp)
[00:18:45 AM]	CNtlWorldBlockMananger::SaveProperty (565):  file open failed. (wfp)
