[15:46:31 PM]	=============== Start Trace ===============

[15:46:31 PM]	 === < SABER > Trace Start === 
[15:52:03 PM]	CNtlPLPropertyContainer::AddProp (258):  prop defined.(A_HMY_F_AD)
[15:53:12 PM]	CNtlPLVisualManager::GetHeightFieldWorldHeight (1170):  GetWorldHeight : Failed : IN(0,0,0), OUT_HEIGHT(-999)
[15:53:58 PM]	CNtlWorldShadow::LoadSwapFile (141):  file open failed. (2_sec.sdw)
[15:53:58 PM]	CNtlWorldShadow::LoadSwapFile (141):  file open failed. (3_sec.sdw)
[15:53:58 PM]	CNtlWorldShadow::LoadSwapFile (141):  file open failed. (18_sec.sdw)
[15:53:58 PM]	CNtlWorldShadow::LoadSwapFile (141):  file open failed. (19_sec.sdw)
[15:53:58 PM]	CNtlWorldShadow::LoadSwapFile (141):  file open failed. (4_sec.sdw)
[15:53:58 PM]	CNtlWorldShadow::LoadSwapFile (141):  file open failed. (5_sec.sdw)
[15:53:58 PM]	CNtlWorldShadow::LoadSwapFile (141):  file open failed. (20_sec.sdw)
[15:53:58 PM]	CNtlWorldShadow::LoadSwapFile (141):  file open failed. (21_sec.sdw)
[15:53:58 PM]	CNtlWorldShadow::LoadSwapFile (141):  file open failed. (6_sec.sdw)
[15:53:58 PM]	CNtlWorldShadow::LoadSwapFile (141):  file open failed. (7_sec.sdw)
[15:53:59 PM]	CNtlWorldShadow::LoadSwapFile (141):  file open failed. (22_sec.sdw)
[15:53:59 PM]	CNtlWorldShadow::LoadSwapFile (141):  file open failed. (23_sec.sdw)
[15:53:59 PM]	CNtlWorldShadow::LoadSwapFile (141):  file open failed. (8_sec.sdw)
[15:53:59 PM]	CNtlWorldShadow::LoadSwapFile (141):  file open failed. (9_sec.sdw)
[15:53:59 PM]	CNtlWorldShadow::LoadSwapFile (141):  file open failed. (24_sec.sdw)
[15:53:59 PM]	CNtlWorldShadow::LoadSwapFile (141):  file open failed. (25_sec.sdw)
[15:53:59 PM]	CNtlWorldShadow::LoadSwapFile (141):  file open failed. (10_sec.sdw)
[15:53:59 PM]	CNtlWorldShadow::LoadSwapFile (141):  file open failed. (11_sec.sdw)
[15:53:59 PM]	CNtlWorldShadow::LoadSwapFile (141):  file open failed. (26_sec.sdw)
[15:53:59 PM]	CNtlWorldShadow::LoadSwapFile (141):  file open failed. (27_sec.sdw)
[15:53:59 PM]	CNtlWorldShadow::LoadSwapFile (141):  file open failed. (12_sec.sdw)
[15:53:59 PM]	CNtlWorldShadow::LoadSwapFile (141):  file open failed. (13_sec.sdw)
[15:53:59 PM]	CNtlWorldShadow::LoadSwapFile (141):  file open failed. (28_sec.sdw)
[15:53:59 PM]	CNtlWorldShadow::LoadSwapFile (141):  file open failed. (29_sec.sdw)
[15:58:56 PM]	 === < SABER > Trace End === 
