[17:40:18 PM]	=============== Start Trace ===============

[17:40:18 PM]	 === < SABER > Trace Start === 
[17:41:12 PM]	CNtlPLPropertyContainer::AddProp (258):  prop defined.(A_HMY_F_AD)
[17:41:18 PM]	CNtlPLVisualManager::GetHeightFieldWorldHeight (1170):  GetWorldHeight : Failed : IN(0,0,0), OUT_HEIGHT(-999)
[17:41:23 PM]	CNtlPLVisualManager::CreateEntity (688):  CNtlPLVisualManager::CreateEntity the property(.xml) find not(obj_06_kiri_impregnator)
[17:44:56 PM]	CNtlWorldShadow::LoadSwapFile (141):  file open failed. (6770_sec.sdw)
[17:44:56 PM]	CNtlPLObject::LoadSwapFile (3322):  file open failed. (6770_sec.objt)
[17:44:56 PM]	CNtlInstanceEffect::LoadSwapFile (801):  file open failed. (6770_sec.eff)
[17:44:56 PM]	CNtlPLOccluder_Quad::LoadSwapFile (830):  file open failed. (6770_sec.ocq)
[17:44:56 PM]	CNtlPLHeatHazeObject::LoadSwapFile (724):  file open failed. (6770_sec.hho)
[17:44:56 PM]	CNtlWorldShadow::LoadSwapFile (141):  file open failed. (6771_sec.sdw)
[17:44:56 PM]	CNtlPLObject::LoadSwapFile (3322):  file open failed. (6771_sec.objt)
[17:44:56 PM]	CNtlInstanceEffect::LoadSwapFile (801):  file open failed. (6771_sec.eff)
[17:44:56 PM]	CNtlPLOccluder_Quad::LoadSwapFile (830):  file open failed. (6771_sec.ocq)
[17:44:56 PM]	CNtlPLHeatHazeObject::LoadSwapFile (724):  file open failed. (6771_sec.hho)
[17:44:56 PM]	CNtlWorldShadow::LoadSwapFile (141):  file open failed. (6898_sec.sdw)
[17:44:56 PM]	CNtlPLObject::LoadSwapFile (3322):  file open failed. (6898_sec.objt)
[17:44:56 PM]	CNtlInstanceEffect::LoadSwapFile (801):  file open failed. (6898_sec.eff)
[17:44:56 PM]	CNtlPLOccluder_Quad::LoadSwapFile (830):  file open failed. (6898_sec.ocq)
[17:44:56 PM]	CNtlPLHeatHazeObject::LoadSwapFile (724):  file open failed. (6898_sec.hho)
[17:44:56 PM]	CNtlWorldShadow::LoadSwapFile (141):  file open failed. (6899_sec.sdw)
[17:44:56 PM]	CNtlPLObject::LoadSwapFile (3322):  file open failed. (6899_sec.objt)
[17:44:57 PM]	CNtlInstanceEffect::LoadSwapFile (801):  file open failed. (6899_sec.eff)
[17:44:57 PM]	CNtlPLOccluder_Quad::LoadSwapFile (830):  file open failed. (6899_sec.ocq)
[17:44:57 PM]	CNtlPLHeatHazeObject::LoadSwapFile (724):  file open failed. (6899_sec.hho)
[17:45:02 PM]	CNtlWorldShadow::LoadSwapFile (141):  file open failed. (6772_sec.sdw)
[17:45:02 PM]	CNtlPLObject::LoadSwapFile (3322):  file open failed. (6772_sec.objt)
[17:45:02 PM]	CNtlInstanceEffect::LoadSwapFile (801):  file open failed. (6772_sec.eff)
[17:45:02 PM]	CNtlPLOccluder_Quad::LoadSwapFile (830):  file open failed. (6772_sec.ocq)
[17:45:02 PM]	CNtlPLHeatHazeObject::LoadSwapFile (724):  file open failed. (6772_sec.hho)
[17:45:02 PM]	CNtlWorldShadow::LoadSwapFile (141):  file open failed. (6773_sec.sdw)
[17:45:02 PM]	CNtlPLObject::LoadSwapFile (3322):  file open failed. (6773_sec.objt)
[17:45:02 PM]	CNtlInstanceEffect::LoadSwapFile (801):  file open failed. (6773_sec.eff)
[17:45:02 PM]	CNtlPLOccluder_Quad::LoadSwapFile (830):  file open failed. (6773_sec.ocq)
[17:45:02 PM]	CNtlPLHeatHazeObject::LoadSwapFile (724):  file open failed. (6773_sec.hho)
[17:45:02 PM]	CNtlWorldShadow::LoadSwapFile (141):  file open failed. (6900_sec.sdw)
[17:45:02 PM]	CNtlPLObject::LoadSwapFile (3322):  file open failed. (6900_sec.objt)
[17:45:02 PM]	CNtlInstanceEffect::LoadSwapFile (801):  file open failed. (6900_sec.eff)
[17:45:02 PM]	CNtlPLOccluder_Quad::LoadSwapFile (830):  file open failed. (6900_sec.ocq)
[17:45:02 PM]	CNtlPLHeatHazeObject::LoadSwapFile (724):  file open failed. (6900_sec.hho)
[17:45:02 PM]	CNtlWorldShadow::LoadSwapFile (141):  file open failed. (6901_sec.sdw)
[17:45:02 PM]	CNtlPLObject::LoadSwapFile (3322):  file open failed. (6901_sec.objt)
[17:45:03 PM]	CNtlInstanceEffect::LoadSwapFile (801):  file open failed. (6901_sec.eff)
[17:45:03 PM]	CNtlPLOccluder_Quad::LoadSwapFile (830):  file open failed. (6901_sec.ocq)
[17:45:03 PM]	CNtlPLHeatHazeObject::LoadSwapFile (724):  file open failed. (6901_sec.hho)
[17:45:03 PM]	CNtlWorldShadow::LoadSwapFile (141):  file open failed. (7028_sec.sdw)
[17:45:03 PM]	CNtlPLObject::LoadSwapFile (3322):  file open failed. (7028_sec.objt)
[17:45:03 PM]	CNtlInstanceEffect::LoadSwapFile (801):  file open failed. (7028_sec.eff)
[17:45:03 PM]	CNtlPLOccluder_Quad::LoadSwapFile (830):  file open failed. (7028_sec.ocq)
[17:45:03 PM]	CNtlPLHeatHazeObject::LoadSwapFile (724):  file open failed. (7028_sec.hho)
[17:45:03 PM]	CNtlWorldShadow::LoadSwapFile (141):  file open failed. (7029_sec.sdw)
[17:45:03 PM]	CNtlPLObject::LoadSwapFile (3322):  file open failed. (7029_sec.objt)
[17:45:03 PM]	CNtlInstanceEffect::LoadSwapFile (801):  file open failed. (7029_sec.eff)
[17:45:03 PM]	CNtlPLOccluder_Quad::LoadSwapFile (830):  file open failed. (7029_sec.ocq)
[17:45:03 PM]	CNtlPLHeatHazeObject::LoadSwapFile (724):  file open failed. (7029_sec.hho)
[17:45:03 PM]	CNtlWorldShadow::LoadSwapFile (141):  file open failed. (7156_sec.sdw)
[17:45:03 PM]	CNtlPLObject::LoadSwapFile (3322):  file open failed. (7156_sec.objt)
[17:45:03 PM]	CNtlInstanceEffect::LoadSwapFile (801):  file open failed. (7156_sec.eff)
[17:45:03 PM]	CNtlPLOccluder_Quad::LoadSwapFile (830):  file open failed. (7156_sec.ocq)
[17:45:03 PM]	CNtlPLHeatHazeObject::LoadSwapFile (724):  file open failed. (7156_sec.hho)
[17:45:03 PM]	CNtlWorldShadow::LoadSwapFile (141):  file open failed. (7157_sec.sdw)
[17:45:03 PM]	CNtlPLObject::LoadSwapFile (3322):  file open failed. (7157_sec.objt)
[17:45:03 PM]	CNtlInstanceEffect::LoadSwapFile (801):  file open failed. (7157_sec.eff)
[17:45:03 PM]	CNtlPLOccluder_Quad::LoadSwapFile (830):  file open failed. (7157_sec.ocq)
[17:45:03 PM]	CNtlPLHeatHazeObject::LoadSwapFile (724):  file open failed. (7157_sec.hho)
[17:45:03 PM]	CNtlWorldShadow::LoadSwapFile (141):  file open failed. (7284_sec.sdw)
[17:45:03 PM]	CNtlPLObject::LoadSwapFile (3322):  file open failed. (7284_sec.objt)
[17:45:03 PM]	CNtlInstanceEffect::LoadSwapFile (801):  file open failed. (7284_sec.eff)
[17:45:03 PM]	CNtlPLOccluder_Quad::LoadSwapFile (830):  file open failed. (7284_sec.ocq)
[17:45:03 PM]	CNtlPLHeatHazeObject::LoadSwapFile (724):  file open failed. (7284_sec.hho)
[17:45:03 PM]	CNtlWorldShadow::LoadSwapFile (141):  file open failed. (7285_sec.sdw)
[17:45:03 PM]	CNtlPLObject::LoadSwapFile (3322):  file open failed. (7285_sec.objt)
[17:45:03 PM]	CNtlInstanceEffect::LoadSwapFile (801):  file open failed. (7285_sec.eff)
[17:45:03 PM]	CNtlPLOccluder_Quad::LoadSwapFile (830):  file open failed. (7285_sec.ocq)
[17:45:03 PM]	CNtlPLHeatHazeObject::LoadSwapFile (724):  file open failed. (7285_sec.hho)
[17:45:03 PM]	CNtlWorldShadow::LoadSwapFile (141):  file open failed. (7412_sec.sdw)
[17:45:03 PM]	CNtlPLObject::LoadSwapFile (3322):  file open failed. (7412_sec.objt)
[17:45:03 PM]	CNtlInstanceEffect::LoadSwapFile (801):  file open failed. (7412_sec.eff)
[17:45:03 PM]	CNtlPLOccluder_Quad::LoadSwapFile (830):  file open failed. (7412_sec.ocq)
[17:45:03 PM]	CNtlPLHeatHazeObject::LoadSwapFile (724):  file open failed. (7412_sec.hho)
[17:45:03 PM]	CNtlWorldShadow::LoadSwapFile (141):  file open failed. (7413_sec.sdw)
[17:45:03 PM]	CNtlPLObject::LoadSwapFile (3322):  file open failed. (7413_sec.objt)
[17:45:04 PM]	CNtlInstanceEffect::LoadSwapFile (801):  file open failed. (7413_sec.eff)
[17:45:04 PM]	CNtlPLOccluder_Quad::LoadSwapFile (830):  file open failed. (7413_sec.ocq)
[17:45:04 PM]	CNtlPLHeatHazeObject::LoadSwapFile (724):  file open failed. (7413_sec.hho)
[17:45:04 PM]	CNtlWorldShadow::LoadSwapFile (141):  file open failed. (7540_sec.sdw)
[17:45:04 PM]	CNtlPLObject::LoadSwapFile (3322):  file open failed. (7540_sec.objt)
[17:45:04 PM]	CNtlInstanceEffect::LoadSwapFile (801):  file open failed. (7540_sec.eff)
[17:45:04 PM]	CNtlPLOccluder_Quad::LoadSwapFile (830):  file open failed. (7540_sec.ocq)
[17:45:04 PM]	CNtlPLHeatHazeObject::LoadSwapFile (724):  file open failed. (7540_sec.hho)
[17:45:04 PM]	CNtlWorldShadow::LoadSwapFile (141):  file open failed. (7541_sec.sdw)
[17:45:04 PM]	CNtlPLObject::LoadSwapFile (3322):  file open failed. (7541_sec.objt)
[17:45:04 PM]	CNtlInstanceEffect::LoadSwapFile (801):  file open failed. (7541_sec.eff)
[17:45:04 PM]	CNtlPLOccluder_Quad::LoadSwapFile (830):  file open failed. (7541_sec.ocq)
[17:45:04 PM]	CNtlPLHeatHazeObject::LoadSwapFile (724):  file open failed. (7541_sec.hho)
[17:45:04 PM]	CNtlWorldShadow::LoadSwapFile (141):  file open failed. (7668_sec.sdw)
[17:45:04 PM]	CNtlPLObject::LoadSwapFile (3322):  file open failed. (7668_sec.objt)
[17:45:04 PM]	CNtlInstanceEffect::LoadSwapFile (801):  file open failed. (7668_sec.eff)
[17:45:04 PM]	CNtlPLOccluder_Quad::LoadSwapFile (830):  file open failed. (7668_sec.ocq)
[17:45:04 PM]	CNtlPLHeatHazeObject::LoadSwapFile (724):  file open failed. (7668_sec.hho)
[17:45:04 PM]	CNtlWorldShadow::LoadSwapFile (141):  file open failed. (7669_sec.sdw)
[17:45:04 PM]	CNtlPLObject::LoadSwapFile (3322):  file open failed. (7669_sec.objt)
[17:45:04 PM]	CNtlInstanceEffect::LoadSwapFile (801):  file open failed. (7669_sec.eff)
[17:45:04 PM]	CNtlPLOccluder_Quad::LoadSwapFile (830):  file open failed. (7669_sec.ocq)
[17:45:04 PM]	CNtlPLHeatHazeObject::LoadSwapFile (724):  file open failed. (7669_sec.hho)
[18:18:20 PM]	CNtlWEDoc::GetFieldProp (1767):  CNtlWEDoc::GetFieldProp, can't get a field property.
