[21:23:47 PM]	=============== Start Trace ===============

[21:23:47 PM]	 === < SABER > Trace Start === 
[21:28:19 PM]	CNtlPLPropertyContainer::AddProp (258):  prop defined.(A_HMY_F_AD)
[21:28:28 PM]	CNtlWorldShadow::LoadSwapFile (141):  file open failed. (394_sec.sdw)
[21:28:28 PM]	CNtlWorldShadow::LoadSwapFile (141):  file open failed. (395_sec.sdw)
[21:28:28 PM]	CNtlWorldShadow::LoadSwapFile (141):  file open failed. (426_sec.sdw)
[21:28:28 PM]	CNtlWorldShadow::LoadSwapFile (141):  file open failed. (427_sec.sdw)
[21:28:28 PM]	CNtlWorldShadow::LoadSwapFile (141):  file open failed. (396_sec.sdw)
[21:28:28 PM]	CNtlWorldShadow::LoadSwapFile (141):  file open failed. (397_sec.sdw)
[21:28:28 PM]	CNtlWorldShadow::LoadSwapFile (141):  file open failed. (428_sec.sdw)
[21:28:28 PM]	CNtlWorldShadow::LoadSwapFile (141):  file open failed. (429_sec.sdw)
[21:28:28 PM]	CNtlWorldShadow::LoadSwapFile (141):  file open failed. (398_sec.sdw)
[21:28:29 PM]	CNtlWorldShadow::LoadSwapFile (141):  file open failed. (399_sec.sdw)
[21:28:29 PM]	CNtlWorldShadow::LoadSwapFile (141):  file open failed. (430_sec.sdw)
[21:28:29 PM]	CNtlWorldShadow::LoadSwapFile (141):  file open failed. (431_sec.sdw)
[21:28:29 PM]	CNtlWorldShadow::LoadSwapFile (141):  file open failed. (400_sec.sdw)
[21:28:29 PM]	CNtlWorldShadow::LoadSwapFile (141):  file open failed. (401_sec.sdw)
[21:28:29 PM]	CNtlWorldShadow::LoadSwapFile (141):  file open failed. (432_sec.sdw)
[21:28:29 PM]	CNtlWorldShadow::LoadSwapFile (141):  file open failed. (433_sec.sdw)
[21:28:29 PM]	CNtlWorldShadow::LoadSwapFile (141):  file open failed. (402_sec.sdw)
[21:28:29 PM]	CNtlWorldShadow::LoadSwapFile (141):  file open failed. (403_sec.sdw)
[21:28:29 PM]	CNtlWorldShadow::LoadSwapFile (141):  file open failed. (434_sec.sdw)
[21:28:29 PM]	CNtlWorldShadow::LoadSwapFile (141):  file open failed. (435_sec.sdw)
[21:28:29 PM]	CNtlWorldShadow::LoadSwapFile (141):  file open failed. (404_sec.sdw)
[21:28:29 PM]	CNtlWorldShadow::LoadSwapFile (141):  file open failed. (405_sec.sdw)
[21:28:29 PM]	CNtlWorldShadow::LoadSwapFile (141):  file open failed. (436_sec.sdw)
[21:28:29 PM]	CNtlWorldShadow::LoadSwapFile (141):  file open failed. (437_sec.sdw)
[21:28:29 PM]	CNtlWorldShadow::LoadSwapFile (141):  file open failed. (458_sec.sdw)
[21:28:29 PM]	CNtlWorldShadow::LoadSwapFile (141):  file open failed. (459_sec.sdw)
[21:28:29 PM]	CNtlWorldShadow::LoadSwapFile (141):  file open failed. (490_sec.sdw)
[21:28:29 PM]	CNtlWorldShadow::LoadSwapFile (141):  file open failed. (491_sec.sdw)
[21:28:29 PM]	CNtlWorldShadow::LoadSwapFile (141):  file open failed. (460_sec.sdw)
[21:28:29 PM]	CNtlWorldShadow::LoadSwapFile (141):  file open failed. (461_sec.sdw)
[21:28:29 PM]	CNtlWorldShadow::LoadSwapFile (141):  file open failed. (492_sec.sdw)
[21:28:29 PM]	CNtlWorldShadow::LoadSwapFile (141):  file open failed. (493_sec.sdw)
[21:28:29 PM]	CNtlWorldShadow::LoadSwapFile (141):  file open failed. (462_sec.sdw)
[21:28:29 PM]	CNtlWorldShadow::LoadSwapFile (141):  file open failed. (463_sec.sdw)
[21:28:29 PM]	CNtlWorldShadow::LoadSwapFile (141):  file open failed. (494_sec.sdw)
[21:28:29 PM]	CNtlWorldShadow::LoadSwapFile (141):  file open failed. (495_sec.sdw)
[21:28:29 PM]	CNtlWorldShadow::LoadSwapFile (141):  file open failed. (464_sec.sdw)
[21:28:29 PM]	CNtlWorldShadow::LoadSwapFile (141):  file open failed. (465_sec.sdw)
[21:28:29 PM]	CNtlWorldShadow::LoadSwapFile (141):  file open failed. (496_sec.sdw)
[21:28:29 PM]	CNtlWorldShadow::LoadSwapFile (141):  file open failed. (497_sec.sdw)
[21:28:30 PM]	CNtlWorldShadow::LoadSwapFile (141):  file open failed. (466_sec.sdw)
[21:28:30 PM]	CNtlWorldShadow::LoadSwapFile (141):  file open failed. (467_sec.sdw)
[21:28:30 PM]	CNtlWorldShadow::LoadSwapFile (141):  file open failed. (498_sec.sdw)
[21:28:30 PM]	CNtlWorldShadow::LoadSwapFile (141):  file open failed. (499_sec.sdw)
[21:28:30 PM]	CNtlWorldShadow::LoadSwapFile (141):  file open failed. (468_sec.sdw)
[21:28:30 PM]	CNtlWorldShadow::LoadSwapFile (141):  file open failed. (469_sec.sdw)
[21:28:30 PM]	CNtlWorldShadow::LoadSwapFile (141):  file open failed. (500_sec.sdw)
[21:28:30 PM]	CNtlWorldShadow::LoadSwapFile (141):  file open failed. (501_sec.sdw)
[21:28:30 PM]	CNtlWorldShadow::LoadSwapFile (141):  file open failed. (522_sec.sdw)
[21:28:30 PM]	CNtlWorldShadow::LoadSwapFile (141):  file open failed. (523_sec.sdw)
[21:28:30 PM]	CNtlWorldShadow::LoadSwapFile (141):  file open failed. (554_sec.sdw)
[21:28:30 PM]	CNtlWorldShadow::LoadSwapFile (141):  file open failed. (555_sec.sdw)
[21:28:30 PM]	CNtlWorldShadow::LoadSwapFile (141):  file open failed. (524_sec.sdw)
[21:28:30 PM]	CNtlWorldShadow::LoadSwapFile (141):  file open failed. (525_sec.sdw)
[21:28:30 PM]	CNtlWorldShadow::LoadSwapFile (141):  file open failed. (556_sec.sdw)
[21:28:30 PM]	CNtlWorldShadow::LoadSwapFile (141):  file open failed. (557_sec.sdw)
[21:28:30 PM]	CNtlWorldShadow::LoadSwapFile (141):  file open failed. (526_sec.sdw)
[21:28:30 PM]	CNtlWorldShadow::LoadSwapFile (141):  file open failed. (527_sec.sdw)
[21:28:30 PM]	CNtlWorldShadow::LoadSwapFile (141):  file open failed. (558_sec.sdw)
[21:28:30 PM]	CNtlWorldShadow::LoadSwapFile (141):  file open failed. (559_sec.sdw)
[21:28:30 PM]	CNtlWorldShadow::LoadSwapFile (141):  file open failed. (528_sec.sdw)
[21:28:30 PM]	CNtlWorldShadow::LoadSwapFile (141):  file open failed. (529_sec.sdw)
[21:28:30 PM]	CNtlWorldShadow::LoadSwapFile (141):  file open failed. (560_sec.sdw)
[21:28:30 PM]	CNtlWorldShadow::LoadSwapFile (141):  file open failed. (561_sec.sdw)
[21:28:30 PM]	CNtlWorldShadow::LoadSwapFile (141):  file open failed. (530_sec.sdw)
[21:28:30 PM]	CNtlWorldShadow::LoadSwapFile (141):  file open failed. (531_sec.sdw)
[21:28:30 PM]	CNtlWorldShadow::LoadSwapFile (141):  file open failed. (562_sec.sdw)
[21:28:30 PM]	CNtlWorldShadow::LoadSwapFile (141):  file open failed. (563_sec.sdw)
[21:28:30 PM]	CNtlWorldShadow::LoadSwapFile (141):  file open failed. (532_sec.sdw)
[21:28:30 PM]	CNtlWorldShadow::LoadSwapFile (141):  file open failed. (533_sec.sdw)
[21:28:30 PM]	CNtlWorldShadow::LoadSwapFile (141):  file open failed. (564_sec.sdw)
[21:28:30 PM]	CNtlWorldShadow::LoadSwapFile (141):  file open failed. (565_sec.sdw)
[21:28:31 PM]	CNtlWorldShadow::LoadSwapFile (141):  file open failed. (586_sec.sdw)
[21:28:31 PM]	CNtlWorldShadow::LoadSwapFile (141):  file open failed. (587_sec.sdw)
[21:28:31 PM]	CNtlWorldShadow::LoadSwapFile (141):  file open failed. (618_sec.sdw)
[21:28:31 PM]	CNtlWorldShadow::LoadSwapFile (141):  file open failed. (619_sec.sdw)
[21:28:31 PM]	CNtlWorldShadow::LoadSwapFile (141):  file open failed. (588_sec.sdw)
[21:28:31 PM]	CNtlWorldShadow::LoadSwapFile (141):  file open failed. (589_sec.sdw)
[21:28:31 PM]	CNtlWorldShadow::LoadSwapFile (141):  file open failed. (620_sec.sdw)
[21:28:31 PM]	CNtlWorldShadow::LoadSwapFile (141):  file open failed. (621_sec.sdw)
[21:28:31 PM]	CNtlWorldShadow::LoadSwapFile (141):  file open failed. (590_sec.sdw)
[21:28:31 PM]	CNtlWorldShadow::LoadSwapFile (141):  file open failed. (591_sec.sdw)
[21:28:31 PM]	CNtlWorldShadow::LoadSwapFile (141):  file open failed. (622_sec.sdw)
[21:28:31 PM]	CNtlWorldShadow::LoadSwapFile (141):  file open failed. (623_sec.sdw)
[21:28:31 PM]	CNtlWorldShadow::LoadSwapFile (141):  file open failed. (592_sec.sdw)
[21:28:31 PM]	CNtlWorldShadow::LoadSwapFile (141):  file open failed. (593_sec.sdw)
[21:28:31 PM]	CNtlWorldShadow::LoadSwapFile (141):  file open failed. (624_sec.sdw)
[21:28:31 PM]	CNtlWorldShadow::LoadSwapFile (141):  file open failed. (625_sec.sdw)
[21:28:31 PM]	CNtlWorldShadow::LoadSwapFile (141):  file open failed. (594_sec.sdw)
[21:28:31 PM]	CNtlWorldShadow::LoadSwapFile (141):  file open failed. (595_sec.sdw)
[21:28:31 PM]	CNtlWorldShadow::LoadSwapFile (141):  file open failed. (626_sec.sdw)
[21:28:31 PM]	CNtlWorldShadow::LoadSwapFile (141):  file open failed. (627_sec.sdw)
[21:28:31 PM]	CNtlWorldShadow::LoadSwapFile (141):  file open failed. (596_sec.sdw)
[21:28:31 PM]	CNtlWorldShadow::LoadSwapFile (141):  file open failed. (597_sec.sdw)
[21:28:31 PM]	CNtlWorldShadow::LoadSwapFile (141):  file open failed. (628_sec.sdw)
[21:28:31 PM]	CNtlWorldShadow::LoadSwapFile (141):  file open failed. (629_sec.sdw)
[21:28:32 PM]	CNtlWorldShadow::LoadSwapFile (141):  file open failed. (650_sec.sdw)
[21:28:32 PM]	CNtlWorldShadow::LoadSwapFile (141):  file open failed. (651_sec.sdw)
[21:28:32 PM]	CNtlWorldShadow::LoadSwapFile (141):  file open failed. (682_sec.sdw)
[21:28:32 PM]	CNtlWorldShadow::LoadSwapFile (141):  file open failed. (683_sec.sdw)
[21:28:32 PM]	CNtlWorldShadow::LoadSwapFile (141):  file open failed. (652_sec.sdw)
[21:28:32 PM]	CNtlWorldShadow::LoadSwapFile (141):  file open failed. (653_sec.sdw)
[21:28:32 PM]	CNtlWorldShadow::LoadSwapFile (141):  file open failed. (684_sec.sdw)
[21:28:32 PM]	CNtlWorldShadow::LoadSwapFile (141):  file open failed. (685_sec.sdw)
[21:28:32 PM]	CNtlWorldShadow::LoadSwapFile (141):  file open failed. (654_sec.sdw)
[21:28:32 PM]	CNtlWorldShadow::LoadSwapFile (141):  file open failed. (655_sec.sdw)
[21:28:32 PM]	CNtlWorldShadow::LoadSwapFile (141):  file open failed. (686_sec.sdw)
[21:28:32 PM]	CNtlWorldShadow::LoadSwapFile (141):  file open failed. (687_sec.sdw)
[21:28:32 PM]	CNtlWorldShadow::LoadSwapFile (141):  file open failed. (656_sec.sdw)
[21:28:32 PM]	CNtlWorldShadow::LoadSwapFile (141):  file open failed. (657_sec.sdw)
[21:28:32 PM]	CNtlWorldShadow::LoadSwapFile (141):  file open failed. (688_sec.sdw)
[21:28:32 PM]	CNtlWorldShadow::LoadSwapFile (141):  file open failed. (689_sec.sdw)
[21:28:32 PM]	CNtlWorldShadow::LoadSwapFile (141):  file open failed. (658_sec.sdw)
[21:28:32 PM]	CNtlWorldShadow::LoadSwapFile (141):  file open failed. (659_sec.sdw)
[21:28:32 PM]	CNtlWorldShadow::LoadSwapFile (141):  file open failed. (690_sec.sdw)
[21:28:32 PM]	CNtlWorldShadow::LoadSwapFile (141):  file open failed. (691_sec.sdw)
[21:28:32 PM]	CNtlWorldShadow::LoadSwapFile (141):  file open failed. (660_sec.sdw)
[21:28:32 PM]	CNtlWorldShadow::LoadSwapFile (141):  file open failed. (661_sec.sdw)
[21:28:32 PM]	CNtlWorldShadow::LoadSwapFile (141):  file open failed. (692_sec.sdw)
[21:28:32 PM]	CNtlWorldShadow::LoadSwapFile (141):  file open failed. (693_sec.sdw)
[21:28:32 PM]	CNtlWorldShadow::LoadSwapFile (141):  file open failed. (714_sec.sdw)
[21:28:33 PM]	CNtlWorldShadow::LoadSwapFile (141):  file open failed. (715_sec.sdw)
[21:28:33 PM]	CNtlWorldShadow::LoadSwapFile (141):  file open failed. (746_sec.sdw)
[21:28:33 PM]	CNtlWorldShadow::LoadSwapFile (141):  file open failed. (747_sec.sdw)
[21:28:33 PM]	CNtlWorldShadow::LoadSwapFile (141):  file open failed. (716_sec.sdw)
[21:28:33 PM]	CNtlWorldShadow::LoadSwapFile (141):  file open failed. (717_sec.sdw)
[21:28:33 PM]	CNtlWorldShadow::LoadSwapFile (141):  file open failed. (748_sec.sdw)
[21:28:33 PM]	CNtlWorldShadow::LoadSwapFile (141):  file open failed. (749_sec.sdw)
[21:28:33 PM]	CNtlWorldShadow::LoadSwapFile (141):  file open failed. (718_sec.sdw)
[21:28:33 PM]	CNtlWorldShadow::LoadSwapFile (141):  file open failed. (719_sec.sdw)
[21:28:33 PM]	CNtlWorldShadow::LoadSwapFile (141):  file open failed. (750_sec.sdw)
[21:28:33 PM]	CNtlWorldShadow::LoadSwapFile (141):  file open failed. (751_sec.sdw)
[21:28:33 PM]	CNtlWorldShadow::LoadSwapFile (141):  file open failed. (720_sec.sdw)
[21:28:33 PM]	CNtlWorldShadow::LoadSwapFile (141):  file open failed. (721_sec.sdw)
[21:28:33 PM]	CNtlWorldShadow::LoadSwapFile (141):  file open failed. (752_sec.sdw)
[21:28:33 PM]	CNtlWorldShadow::LoadSwapFile (141):  file open failed. (753_sec.sdw)
[21:28:33 PM]	CNtlWorldShadow::LoadSwapFile (141):  file open failed. (722_sec.sdw)
[21:28:33 PM]	CNtlWorldShadow::LoadSwapFile (141):  file open failed. (723_sec.sdw)
[21:28:33 PM]	CNtlWorldShadow::LoadSwapFile (141):  file open failed. (754_sec.sdw)
[21:28:33 PM]	CNtlWorldShadow::LoadSwapFile (141):  file open failed. (755_sec.sdw)
[21:28:33 PM]	CNtlWorldShadow::LoadSwapFile (141):  file open failed. (724_sec.sdw)
[21:28:33 PM]	CNtlWorldShadow::LoadSwapFile (141):  file open failed. (725_sec.sdw)
[21:28:33 PM]	CNtlWorldShadow::LoadSwapFile (141):  file open failed. (756_sec.sdw)
[21:28:33 PM]	CNtlWorldShadow::LoadSwapFile (141):  file open failed. (757_sec.sdw)
[21:46:40 PM]	CNtlWorldShadow::LoadSwapFile (141):  file open failed. (330_sec.sdw)
[21:46:40 PM]	CNtlWorldShadow::LoadSwapFile (141):  file open failed. (331_sec.sdw)
[21:46:40 PM]	CNtlWorldShadow::LoadSwapFile (141):  file open failed. (362_sec.sdw)
[21:46:40 PM]	CNtlWorldShadow::LoadSwapFile (141):  file open failed. (363_sec.sdw)
[21:46:40 PM]	CNtlWorldShadow::LoadSwapFile (141):  file open failed. (332_sec.sdw)
[21:46:40 PM]	CNtlWorldShadow::LoadSwapFile (141):  file open failed. (333_sec.sdw)
[21:46:40 PM]	CNtlWorldShadow::LoadSwapFile (141):  file open failed. (364_sec.sdw)
[21:46:40 PM]	CNtlWorldShadow::LoadSwapFile (141):  file open failed. (365_sec.sdw)
[21:46:40 PM]	CNtlWorldShadow::LoadSwapFile (141):  file open failed. (334_sec.sdw)
[21:46:40 PM]	CNtlWorldShadow::LoadSwapFile (141):  file open failed. (335_sec.sdw)
[21:46:40 PM]	CNtlWorldShadow::LoadSwapFile (141):  file open failed. (366_sec.sdw)
[21:46:40 PM]	CNtlWorldShadow::LoadSwapFile (141):  file open failed. (367_sec.sdw)
[21:46:40 PM]	CNtlWorldShadow::LoadSwapFile (141):  file open failed. (336_sec.sdw)
[21:46:40 PM]	CNtlWorldShadow::LoadSwapFile (141):  file open failed. (337_sec.sdw)
[21:46:40 PM]	CNtlWorldShadow::LoadSwapFile (141):  file open failed. (368_sec.sdw)
[21:46:40 PM]	CNtlWorldShadow::LoadSwapFile (141):  file open failed. (369_sec.sdw)
[21:46:41 PM]	CNtlWorldShadow::LoadSwapFile (141):  file open failed. (338_sec.sdw)
[21:46:41 PM]	CNtlWorldShadow::LoadSwapFile (141):  file open failed. (339_sec.sdw)
[21:46:41 PM]	CNtlWorldShadow::LoadSwapFile (141):  file open failed. (370_sec.sdw)
[21:46:41 PM]	CNtlWorldShadow::LoadSwapFile (141):  file open failed. (371_sec.sdw)
[21:46:41 PM]	CNtlWorldShadow::LoadSwapFile (141):  file open failed. (340_sec.sdw)
[21:46:41 PM]	CNtlWorldShadow::LoadSwapFile (141):  file open failed. (341_sec.sdw)
[21:46:41 PM]	CNtlWorldShadow::LoadSwapFile (141):  file open failed. (372_sec.sdw)
[21:46:41 PM]	CNtlWorldShadow::LoadSwapFile (141):  file open failed. (373_sec.sdw)
[21:53:24 PM]	CNtlWorldShadow::LoadSwapFile (141):  file open failed. (266_sec.sdw)
[21:53:24 PM]	CNtlWorldShadow::LoadSwapFile (141):  file open failed. (267_sec.sdw)
[21:53:24 PM]	CNtlWorldShadow::LoadSwapFile (141):  file open failed. (298_sec.sdw)
[21:53:24 PM]	CNtlWorldShadow::LoadSwapFile (141):  file open failed. (299_sec.sdw)
[21:53:24 PM]	CNtlWorldShadow::LoadSwapFile (141):  file open failed. (268_sec.sdw)
[21:53:24 PM]	CNtlWorldShadow::LoadSwapFile (141):  file open failed. (269_sec.sdw)
[21:53:24 PM]	CNtlWorldShadow::LoadSwapFile (141):  file open failed. (300_sec.sdw)
[21:53:24 PM]	CNtlWorldShadow::LoadSwapFile (141):  file open failed. (301_sec.sdw)
[21:53:24 PM]	CNtlWorldShadow::LoadSwapFile (141):  file open failed. (270_sec.sdw)
[21:53:24 PM]	CNtlWorldShadow::LoadSwapFile (141):  file open failed. (271_sec.sdw)
[21:53:24 PM]	CNtlWorldShadow::LoadSwapFile (141):  file open failed. (302_sec.sdw)
[21:53:24 PM]	CNtlWorldShadow::LoadSwapFile (141):  file open failed. (303_sec.sdw)
[21:53:25 PM]	CNtlWorldShadow::LoadSwapFile (141):  file open failed. (272_sec.sdw)
[21:53:25 PM]	CNtlWorldShadow::LoadSwapFile (141):  file open failed. (273_sec.sdw)
[21:53:25 PM]	CNtlWorldShadow::LoadSwapFile (141):  file open failed. (304_sec.sdw)
[21:53:25 PM]	CNtlWorldShadow::LoadSwapFile (141):  file open failed. (305_sec.sdw)
[21:53:25 PM]	CNtlWorldShadow::LoadSwapFile (141):  file open failed. (274_sec.sdw)
[21:53:25 PM]	CNtlWorldShadow::LoadSwapFile (141):  file open failed. (275_sec.sdw)
[21:53:25 PM]	CNtlWorldShadow::LoadSwapFile (141):  file open failed. (306_sec.sdw)
[21:53:25 PM]	CNtlWorldShadow::LoadSwapFile (141):  file open failed. (307_sec.sdw)
[21:53:25 PM]	CNtlWorldShadow::LoadSwapFile (141):  file open failed. (276_sec.sdw)
[21:53:25 PM]	CNtlWorldShadow::LoadSwapFile (141):  file open failed. (277_sec.sdw)
[21:53:25 PM]	CNtlWorldShadow::LoadSwapFile (141):  file open failed. (308_sec.sdw)
[21:53:25 PM]	CNtlWorldShadow::LoadSwapFile (141):  file open failed. (309_sec.sdw)
[22:05:34 PM]	CWorldEditorEventHander::SaveAll (246):  CWorldEditorEventHander::SaveAll() Start...
[22:05:34 PM]	CNtlWorldShadow::LoadSwapFile (141):  file open failed. (0_sec.sdw)
[22:05:34 PM]	CNtlWorldShadow::LoadSwapFile (141):  file open failed. (1_sec.sdw)
[22:05:34 PM]	CNtlWorldShadow::LoadSwapFile (141):  file open failed. (32_sec.sdw)
[22:05:34 PM]	CNtlWorldShadow::LoadSwapFile (141):  file open failed. (33_sec.sdw)
[22:05:34 PM]	CNtlWorldShadow::LoadSwapFile (141):  file open failed. (2_sec.sdw)
[22:05:34 PM]	CNtlWorldShadow::LoadSwapFile (141):  file open failed. (3_sec.sdw)
[22:05:34 PM]	CNtlWorldShadow::LoadSwapFile (141):  file open failed. (34_sec.sdw)
[22:05:34 PM]	CNtlWorldShadow::LoadSwapFile (141):  file open failed. (35_sec.sdw)
[22:05:34 PM]	CNtlWorldShadow::LoadSwapFile (141):  file open failed. (4_sec.sdw)
[22:05:34 PM]	CNtlWorldShadow::LoadSwapFile (141):  file open failed. (5_sec.sdw)
[22:05:34 PM]	CNtlWorldShadow::LoadSwapFile (141):  file open failed. (36_sec.sdw)
[22:05:34 PM]	CNtlWorldShadow::LoadSwapFile (141):  file open failed. (37_sec.sdw)
[22:05:34 PM]	CNtlWorldShadow::LoadSwapFile (141):  file open failed. (6_sec.sdw)
[22:05:34 PM]	CNtlWorldShadow::LoadSwapFile (141):  file open failed. (7_sec.sdw)
[22:05:34 PM]	CNtlWorldShadow::LoadSwapFile (141):  file open failed. (38_sec.sdw)
[22:05:34 PM]	CNtlWorldShadow::LoadSwapFile (141):  file open failed. (39_sec.sdw)
[22:05:35 PM]	CNtlWorldShadow::LoadSwapFile (141):  file open failed. (8_sec.sdw)
[22:05:35 PM]	CNtlWorldShadow::LoadSwapFile (141):  file open failed. (9_sec.sdw)
[22:05:35 PM]	CNtlWorldShadow::LoadSwapFile (141):  file open failed. (40_sec.sdw)
[22:05:35 PM]	CNtlWorldShadow::LoadSwapFile (141):  file open failed. (41_sec.sdw)
[22:05:35 PM]	CNtlWorldShadow::LoadSwapFile (141):  file open failed. (10_sec.sdw)
[22:05:35 PM]	CNtlWorldShadow::LoadSwapFile (141):  file open failed. (11_sec.sdw)
[22:05:35 PM]	CNtlWorldShadow::LoadSwapFile (141):  file open failed. (42_sec.sdw)
[22:05:35 PM]	CNtlWorldShadow::LoadSwapFile (141):  file open failed. (43_sec.sdw)
[22:05:35 PM]	CNtlWorldShadow::LoadSwapFile (141):  file open failed. (12_sec.sdw)
[22:05:35 PM]	CNtlWorldShadow::LoadSwapFile (141):  file open failed. (13_sec.sdw)
[22:05:35 PM]	CNtlWorldShadow::LoadSwapFile (141):  file open failed. (44_sec.sdw)
[22:05:35 PM]	CNtlWorldShadow::LoadSwapFile (141):  file open failed. (45_sec.sdw)
[22:05:35 PM]	CNtlWorldShadow::LoadSwapFile (141):  file open failed. (14_sec.sdw)
[22:05:35 PM]	CNtlWorldShadow::LoadSwapFile (141):  file open failed. (15_sec.sdw)
[22:05:35 PM]	CNtlWorldShadow::LoadSwapFile (141):  file open failed. (46_sec.sdw)
[22:05:35 PM]	CNtlWorldShadow::LoadSwapFile (141):  file open failed. (47_sec.sdw)
[22:05:35 PM]	CNtlWorldShadow::LoadSwapFile (141):  file open failed. (16_sec.sdw)
[22:05:35 PM]	CNtlWorldShadow::LoadSwapFile (141):  file open failed. (17_sec.sdw)
[22:05:35 PM]	CNtlWorldShadow::LoadSwapFile (141):  file open failed. (48_sec.sdw)
[22:05:35 PM]	CNtlWorldShadow::LoadSwapFile (141):  file open failed. (49_sec.sdw)
[22:05:35 PM]	CNtlWorldShadow::LoadSwapFile (141):  file open failed. (18_sec.sdw)
[22:05:35 PM]	CNtlWorldShadow::LoadSwapFile (141):  file open failed. (19_sec.sdw)
[22:05:35 PM]	CNtlWorldShadow::LoadSwapFile (141):  file open failed. (50_sec.sdw)
[22:05:36 PM]	CNtlWorldShadow::LoadSwapFile (141):  file open failed. (51_sec.sdw)
[22:05:36 PM]	CNtlWorldShadow::LoadSwapFile (141):  file open failed. (20_sec.sdw)
[22:05:36 PM]	CNtlWorldShadow::LoadSwapFile (141):  file open failed. (21_sec.sdw)
[22:05:36 PM]	CNtlWorldShadow::LoadSwapFile (141):  file open failed. (52_sec.sdw)
[22:05:36 PM]	CNtlWorldShadow::LoadSwapFile (141):  file open failed. (53_sec.sdw)
[22:05:36 PM]	CNtlWorldShadow::LoadSwapFile (141):  file open failed. (22_sec.sdw)
[22:05:36 PM]	CNtlWorldShadow::LoadSwapFile (141):  file open failed. (23_sec.sdw)
[22:05:36 PM]	CNtlWorldShadow::LoadSwapFile (141):  file open failed. (54_sec.sdw)
[22:05:36 PM]	CNtlWorldShadow::LoadSwapFile (141):  file open failed. (55_sec.sdw)
[22:05:36 PM]	CNtlWorldShadow::LoadSwapFile (141):  file open failed. (24_sec.sdw)
[22:05:36 PM]	CNtlWorldShadow::LoadSwapFile (141):  file open failed. (25_sec.sdw)
[22:05:36 PM]	CNtlWorldShadow::LoadSwapFile (141):  file open failed. (56_sec.sdw)
[22:05:36 PM]	CNtlWorldShadow::LoadSwapFile (141):  file open failed. (57_sec.sdw)
[22:05:36 PM]	CNtlWorldShadow::LoadSwapFile (141):  file open failed. (26_sec.sdw)
[22:05:36 PM]	CNtlWorldShadow::LoadSwapFile (141):  file open failed. (27_sec.sdw)
[22:05:36 PM]	CNtlWorldShadow::LoadSwapFile (141):  file open failed. (58_sec.sdw)
[22:05:36 PM]	CNtlWorldShadow::LoadSwapFile (141):  file open failed. (59_sec.sdw)
[22:05:36 PM]	CNtlWorldShadow::LoadSwapFile (141):  file open failed. (28_sec.sdw)
[22:05:36 PM]	CNtlWorldShadow::LoadSwapFile (141):  file open failed. (29_sec.sdw)
[22:05:36 PM]	CNtlWorldShadow::LoadSwapFile (141):  file open failed. (60_sec.sdw)
[22:05:37 PM]	CNtlWorldShadow::LoadSwapFile (141):  file open failed. (61_sec.sdw)
[22:05:37 PM]	CNtlWorldShadow::LoadSwapFile (141):  file open failed. (30_sec.sdw)
[22:05:37 PM]	CNtlWorldShadow::LoadSwapFile (141):  file open failed. (31_sec.sdw)
[22:05:37 PM]	CNtlWorldShadow::LoadSwapFile (141):  file open failed. (62_sec.sdw)
[22:05:37 PM]	CNtlWorldShadow::LoadSwapFile (141):  file open failed. (63_sec.sdw)
[22:05:37 PM]	CNtlWorldShadow::LoadSwapFile (141):  file open failed. (64_sec.sdw)
[22:05:37 PM]	CNtlWorldShadow::LoadSwapFile (141):  file open failed. (65_sec.sdw)
[22:05:37 PM]	CNtlWorldShadow::LoadSwapFile (141):  file open failed. (96_sec.sdw)
[22:05:37 PM]	CNtlWorldShadow::LoadSwapFile (141):  file open failed. (97_sec.sdw)
[22:05:37 PM]	CNtlWorldShadow::LoadSwapFile (141):  file open failed. (66_sec.sdw)
[22:05:37 PM]	CNtlWorldShadow::LoadSwapFile (141):  file open failed. (67_sec.sdw)
[22:05:37 PM]	CNtlWorldShadow::LoadSwapFile (141):  file open failed. (98_sec.sdw)
[22:05:37 PM]	CNtlWorldShadow::LoadSwapFile (141):  file open failed. (99_sec.sdw)
[22:05:37 PM]	CNtlWorldShadow::LoadSwapFile (141):  file open failed. (68_sec.sdw)
[22:05:37 PM]	CNtlWorldShadow::LoadSwapFile (141):  file open failed. (69_sec.sdw)
[22:05:37 PM]	CNtlWorldShadow::LoadSwapFile (141):  file open failed. (100_sec.sdw)
[22:05:37 PM]	CNtlWorldShadow::LoadSwapFile (141):  file open failed. (101_sec.sdw)
[22:05:37 PM]	CNtlWorldShadow::LoadSwapFile (141):  file open failed. (70_sec.sdw)
[22:05:38 PM]	CNtlWorldShadow::LoadSwapFile (141):  file open failed. (71_sec.sdw)
[22:05:38 PM]	CNtlWorldShadow::LoadSwapFile (141):  file open failed. (102_sec.sdw)
[22:05:38 PM]	CNtlWorldShadow::LoadSwapFile (141):  file open failed. (103_sec.sdw)
[22:05:38 PM]	CNtlWorldShadow::LoadSwapFile (141):  file open failed. (72_sec.sdw)
[22:05:38 PM]	CNtlWorldShadow::LoadSwapFile (141):  file open failed. (73_sec.sdw)
[22:05:38 PM]	CNtlWorldShadow::LoadSwapFile (141):  file open failed. (104_sec.sdw)
[22:05:38 PM]	CNtlWorldShadow::LoadSwapFile (141):  file open failed. (105_sec.sdw)
[22:05:38 PM]	CNtlWorldShadow::LoadSwapFile (141):  file open failed. (74_sec.sdw)
[22:05:38 PM]	CNtlWorldShadow::LoadSwapFile (141):  file open failed. (75_sec.sdw)
[22:05:38 PM]	CNtlWorldShadow::LoadSwapFile (141):  file open failed. (106_sec.sdw)
[22:05:38 PM]	CNtlWorldShadow::LoadSwapFile (141):  file open failed. (107_sec.sdw)
[22:05:38 PM]	CNtlWorldShadow::LoadSwapFile (141):  file open failed. (76_sec.sdw)
[22:05:38 PM]	CNtlWorldShadow::LoadSwapFile (141):  file open failed. (77_sec.sdw)
[22:05:38 PM]	CNtlWorldShadow::LoadSwapFile (141):  file open failed. (108_sec.sdw)
[22:05:38 PM]	CNtlWorldShadow::LoadSwapFile (141):  file open failed. (109_sec.sdw)
[22:05:38 PM]	CNtlWorldShadow::LoadSwapFile (141):  file open failed. (78_sec.sdw)
[22:05:38 PM]	CNtlWorldShadow::LoadSwapFile (141):  file open failed. (79_sec.sdw)
[22:05:38 PM]	CNtlWorldShadow::LoadSwapFile (141):  file open failed. (110_sec.sdw)
[22:05:38 PM]	CNtlWorldShadow::LoadSwapFile (141):  file open failed. (111_sec.sdw)
[22:05:39 PM]	CNtlWorldShadow::LoadSwapFile (141):  file open failed. (80_sec.sdw)
[22:05:39 PM]	CNtlWorldShadow::LoadSwapFile (141):  file open failed. (81_sec.sdw)
[22:05:39 PM]	CNtlWorldShadow::LoadSwapFile (141):  file open failed. (112_sec.sdw)
[22:05:39 PM]	CNtlWorldShadow::LoadSwapFile (141):  file open failed. (113_sec.sdw)
[22:05:39 PM]	CNtlWorldShadow::LoadSwapFile (141):  file open failed. (82_sec.sdw)
[22:05:39 PM]	CNtlWorldShadow::LoadSwapFile (141):  file open failed. (83_sec.sdw)
[22:05:39 PM]	CNtlWorldShadow::LoadSwapFile (141):  file open failed. (114_sec.sdw)
[22:05:39 PM]	CNtlWorldShadow::LoadSwapFile (141):  file open failed. (115_sec.sdw)
[22:05:39 PM]	CNtlWorldShadow::LoadSwapFile (141):  file open failed. (84_sec.sdw)
[22:05:39 PM]	CNtlWorldShadow::LoadSwapFile (141):  file open failed. (85_sec.sdw)
[22:05:39 PM]	CNtlWorldShadow::LoadSwapFile (141):  file open failed. (116_sec.sdw)
[22:05:39 PM]	CNtlWorldShadow::LoadSwapFile (141):  file open failed. (117_sec.sdw)
[22:05:39 PM]	CNtlWorldShadow::LoadSwapFile (141):  file open failed. (86_sec.sdw)
[22:05:39 PM]	CNtlWorldShadow::LoadSwapFile (141):  file open failed. (87_sec.sdw)
[22:05:39 PM]	CNtlWorldShadow::LoadSwapFile (141):  file open failed. (118_sec.sdw)
[22:05:39 PM]	CNtlWorldShadow::LoadSwapFile (141):  file open failed. (119_sec.sdw)
[22:05:39 PM]	CNtlWorldShadow::LoadSwapFile (141):  file open failed. (88_sec.sdw)
[22:05:39 PM]	CNtlWorldShadow::LoadSwapFile (141):  file open failed. (89_sec.sdw)
[22:05:39 PM]	CNtlWorldShadow::LoadSwapFile (141):  file open failed. (120_sec.sdw)
[22:05:39 PM]	CNtlWorldShadow::LoadSwapFile (141):  file open failed. (121_sec.sdw)
[22:05:40 PM]	CNtlWorldShadow::LoadSwapFile (141):  file open failed. (90_sec.sdw)
[22:05:40 PM]	CNtlWorldShadow::LoadSwapFile (141):  file open failed. (91_sec.sdw)
[22:05:40 PM]	CNtlWorldShadow::LoadSwapFile (141):  file open failed. (122_sec.sdw)
[22:05:40 PM]	CNtlWorldShadow::LoadSwapFile (141):  file open failed. (123_sec.sdw)
[22:05:40 PM]	CNtlWorldShadow::LoadSwapFile (141):  file open failed. (92_sec.sdw)
[22:05:40 PM]	CNtlWorldShadow::LoadSwapFile (141):  file open failed. (93_sec.sdw)
[22:05:40 PM]	CNtlWorldShadow::LoadSwapFile (141):  file open failed. (124_sec.sdw)
[22:05:40 PM]	CNtlWorldShadow::LoadSwapFile (141):  file open failed. (125_sec.sdw)
[22:05:40 PM]	CNtlWorldShadow::LoadSwapFile (141):  file open failed. (94_sec.sdw)
[22:05:40 PM]	CNtlWorldShadow::LoadSwapFile (141):  file open failed. (95_sec.sdw)
[22:05:40 PM]	CNtlWorldShadow::LoadSwapFile (141):  file open failed. (126_sec.sdw)
[22:05:40 PM]	CNtlWorldShadow::LoadSwapFile (141):  file open failed. (127_sec.sdw)
[22:05:40 PM]	CNtlWorldShadow::LoadSwapFile (141):  file open failed. (128_sec.sdw)
[22:05:40 PM]	CNtlWorldShadow::LoadSwapFile (141):  file open failed. (129_sec.sdw)
[22:05:40 PM]	CNtlWorldShadow::LoadSwapFile (141):  file open failed. (160_sec.sdw)
[22:05:40 PM]	CNtlWorldShadow::LoadSwapFile (141):  file open failed. (161_sec.sdw)
[22:05:40 PM]	CNtlWorldShadow::LoadSwapFile (141):  file open failed. (130_sec.sdw)
[22:05:40 PM]	CNtlWorldShadow::LoadSwapFile (141):  file open failed. (131_sec.sdw)
[22:05:41 PM]	CNtlWorldShadow::LoadSwapFile (141):  file open failed. (162_sec.sdw)
[22:05:41 PM]	CNtlWorldShadow::LoadSwapFile (141):  file open failed. (163_sec.sdw)
[22:05:41 PM]	CNtlWorldShadow::LoadSwapFile (141):  file open failed. (132_sec.sdw)
[22:05:41 PM]	CNtlWorldShadow::LoadSwapFile (141):  file open failed. (133_sec.sdw)
[22:05:41 PM]	CNtlWorldShadow::LoadSwapFile (141):  file open failed. (164_sec.sdw)
[22:05:41 PM]	CNtlWorldShadow::LoadSwapFile (141):  file open failed. (165_sec.sdw)
[22:05:41 PM]	CNtlWorldShadow::LoadSwapFile (141):  file open failed. (134_sec.sdw)
[22:05:41 PM]	CNtlWorldShadow::LoadSwapFile (141):  file open failed. (135_sec.sdw)
[22:05:41 PM]	CNtlWorldShadow::LoadSwapFile (141):  file open failed. (166_sec.sdw)
[22:05:41 PM]	CNtlWorldShadow::LoadSwapFile (141):  file open failed. (167_sec.sdw)
[22:05:41 PM]	CNtlWorldShadow::LoadSwapFile (141):  file open failed. (136_sec.sdw)
[22:05:41 PM]	CNtlWorldShadow::LoadSwapFile (141):  file open failed. (137_sec.sdw)
[22:05:41 PM]	CNtlWorldShadow::LoadSwapFile (141):  file open failed. (168_sec.sdw)
[22:05:41 PM]	CNtlWorldShadow::LoadSwapFile (141):  file open failed. (169_sec.sdw)
[22:05:41 PM]	CNtlWorldShadow::LoadSwapFile (141):  file open failed. (138_sec.sdw)
[22:05:41 PM]	CNtlWorldShadow::LoadSwapFile (141):  file open failed. (139_sec.sdw)
[22:05:41 PM]	CNtlWorldShadow::LoadSwapFile (141):  file open failed. (170_sec.sdw)
[22:05:41 PM]	CNtlWorldShadow::LoadSwapFile (141):  file open failed. (171_sec.sdw)
[22:05:42 PM]	CNtlWorldShadow::LoadSwapFile (141):  file open failed. (140_sec.sdw)
[22:05:42 PM]	CNtlWorldShadow::LoadSwapFile (141):  file open failed. (141_sec.sdw)
[22:05:42 PM]	CNtlWorldShadow::LoadSwapFile (141):  file open failed. (172_sec.sdw)
[22:05:42 PM]	CNtlWorldShadow::LoadSwapFile (141):  file open failed. (173_sec.sdw)
[22:05:42 PM]	CNtlWorldShadow::LoadSwapFile (141):  file open failed. (142_sec.sdw)
[22:05:42 PM]	CNtlWorldShadow::LoadSwapFile (141):  file open failed. (143_sec.sdw)
[22:05:42 PM]	CNtlWorldShadow::LoadSwapFile (141):  file open failed. (174_sec.sdw)
[22:05:42 PM]	CNtlWorldShadow::LoadSwapFile (141):  file open failed. (175_sec.sdw)
[22:05:42 PM]	CNtlWorldShadow::LoadSwapFile (141):  file open failed. (144_sec.sdw)
[22:05:42 PM]	CNtlWorldShadow::LoadSwapFile (141):  file open failed. (145_sec.sdw)
[22:05:42 PM]	CNtlWorldShadow::LoadSwapFile (141):  file open failed. (176_sec.sdw)
[22:05:42 PM]	CNtlWorldShadow::LoadSwapFile (141):  file open failed. (177_sec.sdw)
[22:05:42 PM]	CNtlWorldShadow::LoadSwapFile (141):  file open failed. (146_sec.sdw)
[22:05:42 PM]	CNtlWorldShadow::LoadSwapFile (141):  file open failed. (147_sec.sdw)
[22:05:42 PM]	CNtlWorldShadow::LoadSwapFile (141):  file open failed. (178_sec.sdw)
[22:05:42 PM]	CNtlWorldShadow::LoadSwapFile (141):  file open failed. (179_sec.sdw)
[22:05:42 PM]	CNtlWorldShadow::LoadSwapFile (141):  file open failed. (148_sec.sdw)
[22:05:42 PM]	CNtlWorldShadow::LoadSwapFile (141):  file open failed. (149_sec.sdw)
[22:05:42 PM]	CNtlWorldShadow::LoadSwapFile (141):  file open failed. (180_sec.sdw)
[22:05:42 PM]	CNtlWorldShadow::LoadSwapFile (141):  file open failed. (181_sec.sdw)
[22:05:42 PM]	CNtlWorldShadow::LoadSwapFile (141):  file open failed. (150_sec.sdw)
[22:05:43 PM]	CNtlWorldShadow::LoadSwapFile (141):  file open failed. (151_sec.sdw)
[22:05:43 PM]	CNtlWorldShadow::LoadSwapFile (141):  file open failed. (182_sec.sdw)
[22:05:43 PM]	CNtlWorldShadow::LoadSwapFile (141):  file open failed. (183_sec.sdw)
[22:05:43 PM]	CNtlWorldShadow::LoadSwapFile (141):  file open failed. (152_sec.sdw)
[22:05:43 PM]	CNtlWorldShadow::LoadSwapFile (141):  file open failed. (153_sec.sdw)
[22:05:43 PM]	CNtlWorldShadow::LoadSwapFile (141):  file open failed. (184_sec.sdw)
[22:05:43 PM]	CNtlWorldShadow::LoadSwapFile (141):  file open failed. (185_sec.sdw)
[22:05:43 PM]	CNtlWorldShadow::LoadSwapFile (141):  file open failed. (154_sec.sdw)
[22:05:43 PM]	CNtlWorldShadow::LoadSwapFile (141):  file open failed. (155_sec.sdw)
[22:05:43 PM]	CNtlWorldShadow::LoadSwapFile (141):  file open failed. (186_sec.sdw)
[22:05:43 PM]	CNtlWorldShadow::LoadSwapFile (141):  file open failed. (187_sec.sdw)
[22:05:43 PM]	CNtlWorldShadow::LoadSwapFile (141):  file open failed. (156_sec.sdw)
[22:05:43 PM]	CNtlWorldShadow::LoadSwapFile (141):  file open failed. (157_sec.sdw)
[22:05:43 PM]	CNtlWorldShadow::LoadSwapFile (141):  file open failed. (188_sec.sdw)
[22:05:43 PM]	CNtlWorldShadow::LoadSwapFile (141):  file open failed. (189_sec.sdw)
[22:05:43 PM]	CNtlWorldShadow::LoadSwapFile (141):  file open failed. (158_sec.sdw)
[22:05:43 PM]	CNtlWorldShadow::LoadSwapFile (141):  file open failed. (159_sec.sdw)
[22:05:43 PM]	CNtlWorldShadow::LoadSwapFile (141):  file open failed. (190_sec.sdw)
[22:05:43 PM]	CNtlWorldShadow::LoadSwapFile (141):  file open failed. (191_sec.sdw)
[22:05:43 PM]	CNtlWorldShadow::LoadSwapFile (141):  file open failed. (192_sec.sdw)
[22:05:44 PM]	CNtlWorldShadow::LoadSwapFile (141):  file open failed. (193_sec.sdw)
[22:05:44 PM]	CNtlWorldShadow::LoadSwapFile (141):  file open failed. (224_sec.sdw)
[22:05:44 PM]	CNtlWorldShadow::LoadSwapFile (141):  file open failed. (225_sec.sdw)
[22:05:44 PM]	CNtlWorldShadow::LoadSwapFile (141):  file open failed. (194_sec.sdw)
[22:05:44 PM]	CNtlWorldShadow::LoadSwapFile (141):  file open failed. (195_sec.sdw)
[22:05:44 PM]	CNtlWorldShadow::LoadSwapFile (141):  file open failed. (226_sec.sdw)
[22:05:44 PM]	CNtlWorldShadow::LoadSwapFile (141):  file open failed. (227_sec.sdw)
[22:05:44 PM]	CNtlWorldShadow::LoadSwapFile (141):  file open failed. (196_sec.sdw)
[22:05:44 PM]	CNtlWorldShadow::LoadSwapFile (141):  file open failed. (197_sec.sdw)
[22:05:44 PM]	CNtlWorldShadow::LoadSwapFile (141):  file open failed. (228_sec.sdw)
[22:05:44 PM]	CNtlWorldShadow::LoadSwapFile (141):  file open failed. (229_sec.sdw)
[22:05:44 PM]	CNtlWorldShadow::LoadSwapFile (141):  file open failed. (198_sec.sdw)
[22:05:45 PM]	CNtlWorldShadow::LoadSwapFile (141):  file open failed. (199_sec.sdw)
[22:05:45 PM]	CNtlWorldShadow::LoadSwapFile (141):  file open failed. (230_sec.sdw)
[22:05:45 PM]	CNtlWorldShadow::LoadSwapFile (141):  file open failed. (231_sec.sdw)
[22:05:45 PM]	CNtlWorldShadow::LoadSwapFile (141):  file open failed. (200_sec.sdw)
[22:05:45 PM]	CNtlWorldShadow::LoadSwapFile (141):  file open failed. (201_sec.sdw)
[22:05:45 PM]	CNtlWorldShadow::LoadSwapFile (141):  file open failed. (232_sec.sdw)
[22:05:45 PM]	CNtlWorldShadow::LoadSwapFile (141):  file open failed. (233_sec.sdw)
[22:05:45 PM]	CNtlWorldShadow::LoadSwapFile (141):  file open failed. (202_sec.sdw)
[22:05:45 PM]	CNtlWorldShadow::LoadSwapFile (141):  file open failed. (203_sec.sdw)
[22:05:45 PM]	CNtlWorldShadow::LoadSwapFile (141):  file open failed. (234_sec.sdw)
[22:05:45 PM]	CNtlWorldShadow::LoadSwapFile (141):  file open failed. (235_sec.sdw)
[22:05:45 PM]	CNtlWorldShadow::LoadSwapFile (141):  file open failed. (204_sec.sdw)
[22:05:45 PM]	CNtlWorldShadow::LoadSwapFile (141):  file open failed. (205_sec.sdw)
[22:05:45 PM]	CNtlWorldShadow::LoadSwapFile (141):  file open failed. (236_sec.sdw)
[22:05:45 PM]	CNtlWorldShadow::LoadSwapFile (141):  file open failed. (237_sec.sdw)
[22:05:45 PM]	CNtlWorldShadow::LoadSwapFile (141):  file open failed. (206_sec.sdw)
[22:05:45 PM]	CNtlWorldShadow::LoadSwapFile (141):  file open failed. (207_sec.sdw)
[22:05:45 PM]	CNtlWorldShadow::LoadSwapFile (141):  file open failed. (238_sec.sdw)
[22:05:45 PM]	CNtlWorldShadow::LoadSwapFile (141):  file open failed. (239_sec.sdw)
[22:05:46 PM]	CNtlWorldShadow::LoadSwapFile (141):  file open failed. (208_sec.sdw)
[22:05:46 PM]	CNtlWorldShadow::LoadSwapFile (141):  file open failed. (209_sec.sdw)
[22:05:46 PM]	CNtlWorldShadow::LoadSwapFile (141):  file open failed. (240_sec.sdw)
[22:05:46 PM]	CNtlWorldShadow::LoadSwapFile (141):  file open failed. (241_sec.sdw)
[22:05:46 PM]	CNtlWorldShadow::LoadSwapFile (141):  file open failed. (210_sec.sdw)
[22:05:46 PM]	CNtlWorldShadow::LoadSwapFile (141):  file open failed. (211_sec.sdw)
[22:05:46 PM]	CNtlWorldShadow::LoadSwapFile (141):  file open failed. (242_sec.sdw)
[22:05:46 PM]	CNtlWorldShadow::LoadSwapFile (141):  file open failed. (243_sec.sdw)
[22:05:46 PM]	CNtlWorldShadow::LoadSwapFile (141):  file open failed. (212_sec.sdw)
[22:05:46 PM]	CNtlWorldShadow::LoadSwapFile (141):  file open failed. (213_sec.sdw)
[22:05:46 PM]	CNtlWorldShadow::LoadSwapFile (141):  file open failed. (244_sec.sdw)
[22:05:46 PM]	CNtlWorldShadow::LoadSwapFile (141):  file open failed. (245_sec.sdw)
[22:05:46 PM]	CNtlWorldShadow::LoadSwapFile (141):  file open failed. (214_sec.sdw)
[22:05:46 PM]	CNtlWorldShadow::LoadSwapFile (141):  file open failed. (215_sec.sdw)
[22:05:46 PM]	CNtlWorldShadow::LoadSwapFile (141):  file open failed. (246_sec.sdw)
[22:05:46 PM]	CNtlWorldShadow::LoadSwapFile (141):  file open failed. (247_sec.sdw)
[22:05:46 PM]	CNtlWorldShadow::LoadSwapFile (141):  file open failed. (216_sec.sdw)
[22:05:46 PM]	CNtlWorldShadow::LoadSwapFile (141):  file open failed. (217_sec.sdw)
[22:05:46 PM]	CNtlWorldShadow::LoadSwapFile (141):  file open failed. (248_sec.sdw)
[22:05:46 PM]	CNtlWorldShadow::LoadSwapFile (141):  file open failed. (249_sec.sdw)
[22:05:47 PM]	CNtlWorldShadow::LoadSwapFile (141):  file open failed. (218_sec.sdw)
[22:05:47 PM]	CNtlWorldShadow::LoadSwapFile (141):  file open failed. (219_sec.sdw)
[22:05:47 PM]	CNtlWorldShadow::LoadSwapFile (141):  file open failed. (250_sec.sdw)
[22:05:47 PM]	CNtlWorldShadow::LoadSwapFile (141):  file open failed. (251_sec.sdw)
[22:05:47 PM]	CNtlWorldShadow::LoadSwapFile (141):  file open failed. (220_sec.sdw)
[22:05:47 PM]	CNtlWorldShadow::LoadSwapFile (141):  file open failed. (221_sec.sdw)
[22:05:47 PM]	CNtlWorldShadow::LoadSwapFile (141):  file open failed. (252_sec.sdw)
[22:05:47 PM]	CNtlWorldShadow::LoadSwapFile (141):  file open failed. (253_sec.sdw)
[22:05:47 PM]	CNtlWorldShadow::LoadSwapFile (141):  file open failed. (222_sec.sdw)
[22:05:47 PM]	CNtlWorldShadow::LoadSwapFile (141):  file open failed. (223_sec.sdw)
[22:05:47 PM]	CNtlWorldShadow::LoadSwapFile (141):  file open failed. (254_sec.sdw)
[22:05:47 PM]	CNtlWorldShadow::LoadSwapFile (141):  file open failed. (255_sec.sdw)
[22:05:47 PM]	CNtlWorldShadow::LoadSwapFile (141):  file open failed. (256_sec.sdw)
[22:05:47 PM]	CNtlWorldShadow::LoadSwapFile (141):  file open failed. (257_sec.sdw)
[22:05:47 PM]	CNtlWorldShadow::LoadSwapFile (141):  file open failed. (288_sec.sdw)
[22:05:47 PM]	CNtlWorldShadow::LoadSwapFile (141):  file open failed. (289_sec.sdw)
[22:05:47 PM]	CNtlWorldShadow::LoadSwapFile (141):  file open failed. (258_sec.sdw)
[22:05:47 PM]	CNtlWorldShadow::LoadSwapFile (141):  file open failed. (259_sec.sdw)
[22:05:47 PM]	CNtlWorldShadow::LoadSwapFile (141):  file open failed. (290_sec.sdw)
[22:05:47 PM]	CNtlWorldShadow::LoadSwapFile (141):  file open failed. (291_sec.sdw)
[22:05:47 PM]	CNtlWorldShadow::LoadSwapFile (141):  file open failed. (260_sec.sdw)
[22:05:47 PM]	CNtlWorldShadow::LoadSwapFile (141):  file open failed. (261_sec.sdw)
[22:05:47 PM]	CNtlWorldShadow::LoadSwapFile (141):  file open failed. (292_sec.sdw)
[22:05:48 PM]	CNtlWorldShadow::LoadSwapFile (141):  file open failed. (293_sec.sdw)
[22:05:48 PM]	CNtlWorldShadow::LoadSwapFile (141):  file open failed. (262_sec.sdw)
[22:05:48 PM]	CNtlWorldShadow::LoadSwapFile (141):  file open failed. (263_sec.sdw)
[22:05:48 PM]	CNtlWorldShadow::LoadSwapFile (141):  file open failed. (294_sec.sdw)
[22:05:48 PM]	CNtlWorldShadow::LoadSwapFile (141):  file open failed. (295_sec.sdw)
[22:05:48 PM]	CNtlWorldShadow::LoadSwapFile (141):  file open failed. (264_sec.sdw)
[22:05:48 PM]	CNtlWorldShadow::LoadSwapFile (141):  file open failed. (265_sec.sdw)
[22:05:48 PM]	CNtlWorldShadow::LoadSwapFile (141):  file open failed. (296_sec.sdw)
[22:05:48 PM]	CNtlWorldShadow::LoadSwapFile (141):  file open failed. (297_sec.sdw)
[22:05:48 PM]	CNtlWorldShadow::LoadSwapFile (141):  file open failed. (278_sec.sdw)
[22:05:48 PM]	CNtlWorldShadow::LoadSwapFile (141):  file open failed. (279_sec.sdw)
[22:05:49 PM]	CNtlWorldShadow::LoadSwapFile (141):  file open failed. (310_sec.sdw)
[22:05:49 PM]	CNtlWorldShadow::LoadSwapFile (141):  file open failed. (311_sec.sdw)
[22:05:49 PM]	CNtlWorldShadow::LoadSwapFile (141):  file open failed. (280_sec.sdw)
[22:05:49 PM]	CNtlWorldShadow::LoadSwapFile (141):  file open failed. (281_sec.sdw)
[22:05:49 PM]	CNtlWorldShadow::LoadSwapFile (141):  file open failed. (312_sec.sdw)
[22:05:49 PM]	CNtlWorldShadow::LoadSwapFile (141):  file open failed. (313_sec.sdw)
[22:05:49 PM]	CNtlWorldShadow::LoadSwapFile (141):  file open failed. (282_sec.sdw)
[22:05:49 PM]	CNtlWorldShadow::LoadSwapFile (141):  file open failed. (283_sec.sdw)
[22:05:49 PM]	CNtlWorldShadow::LoadSwapFile (141):  file open failed. (314_sec.sdw)
[22:05:49 PM]	CNtlWorldShadow::LoadSwapFile (141):  file open failed. (315_sec.sdw)
[22:05:49 PM]	CNtlWorldShadow::LoadSwapFile (141):  file open failed. (284_sec.sdw)
[22:05:49 PM]	CNtlWorldShadow::LoadSwapFile (141):  file open failed. (285_sec.sdw)
[22:05:49 PM]	CNtlWorldShadow::LoadSwapFile (141):  file open failed. (316_sec.sdw)
[22:05:49 PM]	CNtlWorldShadow::LoadSwapFile (141):  file open failed. (317_sec.sdw)
[22:05:49 PM]	CNtlWorldShadow::LoadSwapFile (141):  file open failed. (286_sec.sdw)
[22:05:49 PM]	CNtlWorldShadow::LoadSwapFile (141):  file open failed. (287_sec.sdw)
[22:05:49 PM]	CNtlWorldShadow::LoadSwapFile (141):  file open failed. (318_sec.sdw)
[22:05:49 PM]	CNtlWorldShadow::LoadSwapFile (141):  file open failed. (319_sec.sdw)
[22:05:49 PM]	CNtlWorldShadow::LoadSwapFile (141):  file open failed. (320_sec.sdw)
[22:05:49 PM]	CNtlWorldShadow::LoadSwapFile (141):  file open failed. (321_sec.sdw)
[22:05:49 PM]	CNtlWorldShadow::LoadSwapFile (141):  file open failed. (352_sec.sdw)
[22:05:49 PM]	CNtlWorldShadow::LoadSwapFile (141):  file open failed. (353_sec.sdw)
[22:05:50 PM]	CNtlWorldShadow::LoadSwapFile (141):  file open failed. (322_sec.sdw)
[22:05:50 PM]	CNtlWorldShadow::LoadSwapFile (141):  file open failed. (323_sec.sdw)
[22:05:50 PM]	CNtlWorldShadow::LoadSwapFile (141):  file open failed. (354_sec.sdw)
[22:05:50 PM]	CNtlWorldShadow::LoadSwapFile (141):  file open failed. (355_sec.sdw)
[22:05:50 PM]	CNtlWorldShadow::LoadSwapFile (141):  file open failed. (324_sec.sdw)
[22:05:50 PM]	CNtlWorldShadow::LoadSwapFile (141):  file open failed. (325_sec.sdw)
[22:05:50 PM]	CNtlWorldShadow::LoadSwapFile (141):  file open failed. (356_sec.sdw)
[22:05:50 PM]	CNtlWorldShadow::LoadSwapFile (141):  file open failed. (357_sec.sdw)
[22:05:51 PM]	CNtlWorldShadow::LoadSwapFile (141):  file open failed. (326_sec.sdw)
[22:05:51 PM]	CNtlWorldShadow::LoadSwapFile (141):  file open failed. (327_sec.sdw)
[22:05:51 PM]	CNtlWorldShadow::LoadSwapFile (141):  file open failed. (358_sec.sdw)
[22:05:51 PM]	CNtlWorldShadow::LoadSwapFile (141):  file open failed. (359_sec.sdw)
[22:05:51 PM]	CNtlWorldShadow::LoadSwapFile (141):  file open failed. (328_sec.sdw)
[22:05:51 PM]	CNtlWorldShadow::LoadSwapFile (141):  file open failed. (329_sec.sdw)
[22:05:51 PM]	CNtlWorldShadow::LoadSwapFile (141):  file open failed. (360_sec.sdw)
[22:05:51 PM]	CNtlWorldShadow::LoadSwapFile (141):  file open failed. (361_sec.sdw)
[22:05:52 PM]	CNtlWorldShadow::LoadSwapFile (141):  file open failed. (342_sec.sdw)
[22:05:52 PM]	CNtlWorldShadow::LoadSwapFile (141):  file open failed. (343_sec.sdw)
[22:05:52 PM]	CNtlWorldShadow::LoadSwapFile (141):  file open failed. (374_sec.sdw)
[22:05:52 PM]	CNtlWorldShadow::LoadSwapFile (141):  file open failed. (375_sec.sdw)
[22:05:52 PM]	CNtlWorldShadow::LoadSwapFile (141):  file open failed. (344_sec.sdw)
[22:05:52 PM]	CNtlWorldShadow::LoadSwapFile (141):  file open failed. (345_sec.sdw)
[22:05:52 PM]	CNtlWorldShadow::LoadSwapFile (141):  file open failed. (376_sec.sdw)
[22:05:52 PM]	CNtlWorldShadow::LoadSwapFile (141):  file open failed. (377_sec.sdw)
[22:05:52 PM]	CNtlWorldShadow::LoadSwapFile (141):  file open failed. (346_sec.sdw)
[22:05:52 PM]	CNtlWorldShadow::LoadSwapFile (141):  file open failed. (347_sec.sdw)
[22:05:52 PM]	CNtlWorldShadow::LoadSwapFile (141):  file open failed. (378_sec.sdw)
[22:05:52 PM]	CNtlWorldShadow::LoadSwapFile (141):  file open failed. (379_sec.sdw)
[22:05:52 PM]	CNtlWorldShadow::LoadSwapFile (141):  file open failed. (348_sec.sdw)
[22:05:52 PM]	CNtlWorldShadow::LoadSwapFile (141):  file open failed. (349_sec.sdw)
[22:05:52 PM]	CNtlWorldShadow::LoadSwapFile (141):  file open failed. (380_sec.sdw)
[22:05:52 PM]	CNtlWorldShadow::LoadSwapFile (141):  file open failed. (381_sec.sdw)
[22:05:52 PM]	CNtlWorldShadow::LoadSwapFile (141):  file open failed. (350_sec.sdw)
[22:05:53 PM]	CNtlWorldShadow::LoadSwapFile (141):  file open failed. (351_sec.sdw)
[22:05:53 PM]	CNtlWorldShadow::LoadSwapFile (141):  file open failed. (382_sec.sdw)
[22:05:53 PM]	CNtlWorldShadow::LoadSwapFile (141):  file open failed. (383_sec.sdw)
[22:05:53 PM]	CNtlWorldShadow::LoadSwapFile (141):  file open failed. (384_sec.sdw)
[22:05:53 PM]	CNtlWorldShadow::LoadSwapFile (141):  file open failed. (385_sec.sdw)
[22:05:53 PM]	CNtlWorldShadow::LoadSwapFile (141):  file open failed. (416_sec.sdw)
[22:05:53 PM]	CNtlWorldShadow::LoadSwapFile (141):  file open failed. (417_sec.sdw)
[22:05:53 PM]	CNtlWorldShadow::LoadSwapFile (141):  file open failed. (386_sec.sdw)
[22:05:53 PM]	CNtlWorldShadow::LoadSwapFile (141):  file open failed. (387_sec.sdw)
[22:05:53 PM]	CNtlWorldShadow::LoadSwapFile (141):  file open failed. (418_sec.sdw)
[22:05:53 PM]	CNtlWorldShadow::LoadSwapFile (141):  file open failed. (419_sec.sdw)
[22:05:53 PM]	CNtlWorldShadow::LoadSwapFile (141):  file open failed. (388_sec.sdw)
[22:05:53 PM]	CNtlWorldShadow::LoadSwapFile (141):  file open failed. (389_sec.sdw)
[22:05:53 PM]	CNtlWorldShadow::LoadSwapFile (141):  file open failed. (420_sec.sdw)
[22:05:53 PM]	CNtlWorldShadow::LoadSwapFile (141):  file open failed. (421_sec.sdw)
[22:05:53 PM]	CNtlWorldShadow::LoadSwapFile (141):  file open failed. (390_sec.sdw)
[22:05:53 PM]	CNtlWorldShadow::LoadSwapFile (141):  file open failed. (391_sec.sdw)
[22:05:53 PM]	CNtlWorldShadow::LoadSwapFile (141):  file open failed. (422_sec.sdw)
[22:05:53 PM]	CNtlWorldShadow::LoadSwapFile (141):  file open failed. (423_sec.sdw)
[22:05:53 PM]	CNtlWorldShadow::LoadSwapFile (141):  file open failed. (392_sec.sdw)
[22:05:54 PM]	CNtlWorldShadow::LoadSwapFile (141):  file open failed. (393_sec.sdw)
[22:05:54 PM]	CNtlWorldShadow::LoadSwapFile (141):  file open failed. (424_sec.sdw)
[22:05:54 PM]	CNtlWorldShadow::LoadSwapFile (141):  file open failed. (425_sec.sdw)
[22:05:54 PM]	CNtlWorldShadow::LoadSwapFile (141):  file open failed. (406_sec.sdw)
[22:05:54 PM]	CNtlWorldShadow::LoadSwapFile (141):  file open failed. (407_sec.sdw)
[22:05:54 PM]	CNtlWorldShadow::LoadSwapFile (141):  file open failed. (438_sec.sdw)
[22:05:54 PM]	CNtlWorldShadow::LoadSwapFile (141):  file open failed. (439_sec.sdw)
[22:05:54 PM]	CNtlWorldShadow::LoadSwapFile (141):  file open failed. (408_sec.sdw)
[22:05:54 PM]	CNtlWorldShadow::LoadSwapFile (141):  file open failed. (409_sec.sdw)
[22:05:54 PM]	CNtlWorldShadow::LoadSwapFile (141):  file open failed. (440_sec.sdw)
[22:05:54 PM]	CNtlWorldShadow::LoadSwapFile (141):  file open failed. (441_sec.sdw)
[22:05:55 PM]	CNtlWorldShadow::LoadSwapFile (141):  file open failed. (410_sec.sdw)
[22:05:55 PM]	CNtlWorldShadow::LoadSwapFile (141):  file open failed. (411_sec.sdw)
[22:05:55 PM]	CNtlWorldShadow::LoadSwapFile (141):  file open failed. (442_sec.sdw)
[22:05:55 PM]	CNtlWorldShadow::LoadSwapFile (141):  file open failed. (443_sec.sdw)
[22:05:55 PM]	CNtlWorldShadow::LoadSwapFile (141):  file open failed. (412_sec.sdw)
[22:05:55 PM]	CNtlWorldShadow::LoadSwapFile (141):  file open failed. (413_sec.sdw)
[22:05:55 PM]	CNtlWorldShadow::LoadSwapFile (141):  file open failed. (444_sec.sdw)
[22:05:55 PM]	CNtlWorldShadow::LoadSwapFile (141):  file open failed. (445_sec.sdw)
[22:05:55 PM]	CNtlWorldShadow::LoadSwapFile (141):  file open failed. (414_sec.sdw)
[22:05:55 PM]	CNtlWorldShadow::LoadSwapFile (141):  file open failed. (415_sec.sdw)
[22:05:55 PM]	CNtlWorldShadow::LoadSwapFile (141):  file open failed. (446_sec.sdw)
[22:05:55 PM]	CNtlWorldShadow::LoadSwapFile (141):  file open failed. (447_sec.sdw)
[22:05:55 PM]	CNtlWorldShadow::LoadSwapFile (141):  file open failed. (448_sec.sdw)
[22:05:55 PM]	CNtlWorldShadow::LoadSwapFile (141):  file open failed. (449_sec.sdw)
[22:05:55 PM]	CNtlWorldShadow::LoadSwapFile (141):  file open failed. (480_sec.sdw)
[22:05:55 PM]	CNtlWorldShadow::LoadSwapFile (141):  file open failed. (481_sec.sdw)
[22:05:55 PM]	CNtlWorldShadow::LoadSwapFile (141):  file open failed. (450_sec.sdw)
[22:05:55 PM]	CNtlWorldShadow::LoadSwapFile (141):  file open failed. (451_sec.sdw)
[22:05:55 PM]	CNtlWorldShadow::LoadSwapFile (141):  file open failed. (482_sec.sdw)
[22:05:55 PM]	CNtlWorldShadow::LoadSwapFile (141):  file open failed. (483_sec.sdw)
[22:05:55 PM]	CNtlWorldShadow::LoadSwapFile (141):  file open failed. (452_sec.sdw)
[22:05:55 PM]	CNtlWorldShadow::LoadSwapFile (141):  file open failed. (453_sec.sdw)
[22:05:56 PM]	CNtlWorldShadow::LoadSwapFile (141):  file open failed. (484_sec.sdw)
[22:05:56 PM]	CNtlWorldShadow::LoadSwapFile (141):  file open failed. (485_sec.sdw)
[22:05:56 PM]	CNtlWorldShadow::LoadSwapFile (141):  file open failed. (454_sec.sdw)
[22:05:56 PM]	CNtlWorldShadow::LoadSwapFile (141):  file open failed. (455_sec.sdw)
[22:05:56 PM]	CNtlWorldShadow::LoadSwapFile (141):  file open failed. (486_sec.sdw)
[22:05:56 PM]	CNtlWorldShadow::LoadSwapFile (141):  file open failed. (487_sec.sdw)
[22:05:56 PM]	CNtlWorldShadow::LoadSwapFile (141):  file open failed. (456_sec.sdw)
[22:05:56 PM]	CNtlWorldShadow::LoadSwapFile (141):  file open failed. (457_sec.sdw)
[22:05:56 PM]	CNtlWorldShadow::LoadSwapFile (141):  file open failed. (488_sec.sdw)
[22:05:56 PM]	CNtlWorldShadow::LoadSwapFile (141):  file open failed. (489_sec.sdw)
[22:05:56 PM]	CNtlWorldShadow::LoadSwapFile (141):  file open failed. (470_sec.sdw)
[22:05:56 PM]	CNtlWorldShadow::LoadSwapFile (141):  file open failed. (471_sec.sdw)
[22:05:56 PM]	CNtlWorldShadow::LoadSwapFile (141):  file open failed. (502_sec.sdw)
[22:05:56 PM]	CNtlWorldShadow::LoadSwapFile (141):  file open failed. (503_sec.sdw)
[22:05:57 PM]	CNtlWorldShadow::LoadSwapFile (141):  file open failed. (472_sec.sdw)
[22:05:57 PM]	CNtlWorldShadow::LoadSwapFile (141):  file open failed. (473_sec.sdw)
[22:05:57 PM]	CNtlWorldShadow::LoadSwapFile (141):  file open failed. (504_sec.sdw)
[22:05:57 PM]	CNtlWorldShadow::LoadSwapFile (141):  file open failed. (505_sec.sdw)
[22:05:57 PM]	CNtlWorldShadow::LoadSwapFile (141):  file open failed. (474_sec.sdw)
[22:05:57 PM]	CNtlWorldShadow::LoadSwapFile (141):  file open failed. (475_sec.sdw)
[22:05:57 PM]	CNtlWorldShadow::LoadSwapFile (141):  file open failed. (506_sec.sdw)
[22:05:57 PM]	CNtlWorldShadow::LoadSwapFile (141):  file open failed. (507_sec.sdw)
[22:05:57 PM]	CNtlWorldShadow::LoadSwapFile (141):  file open failed. (476_sec.sdw)
[22:05:57 PM]	CNtlWorldShadow::LoadSwapFile (141):  file open failed. (477_sec.sdw)
[22:05:57 PM]	CNtlWorldShadow::LoadSwapFile (141):  file open failed. (508_sec.sdw)
[22:05:57 PM]	CNtlWorldShadow::LoadSwapFile (141):  file open failed. (509_sec.sdw)
[22:05:58 PM]	CNtlWorldShadow::LoadSwapFile (141):  file open failed. (478_sec.sdw)
[22:05:58 PM]	CNtlWorldShadow::LoadSwapFile (141):  file open failed. (479_sec.sdw)
[22:05:58 PM]	CNtlWorldShadow::LoadSwapFile (141):  file open failed. (510_sec.sdw)
[22:05:58 PM]	CNtlWorldShadow::LoadSwapFile (141):  file open failed. (511_sec.sdw)
[22:05:58 PM]	CNtlWorldShadow::LoadSwapFile (141):  file open failed. (512_sec.sdw)
[22:05:58 PM]	CNtlWorldShadow::LoadSwapFile (141):  file open failed. (513_sec.sdw)
[22:05:58 PM]	CNtlWorldShadow::LoadSwapFile (141):  file open failed. (544_sec.sdw)
[22:05:58 PM]	CNtlWorldShadow::LoadSwapFile (141):  file open failed. (545_sec.sdw)
[22:05:58 PM]	CNtlWorldShadow::LoadSwapFile (141):  file open failed. (514_sec.sdw)
[22:05:58 PM]	CNtlWorldShadow::LoadSwapFile (141):  file open failed. (515_sec.sdw)
[22:05:58 PM]	CNtlWorldShadow::LoadSwapFile (141):  file open failed. (546_sec.sdw)
[22:05:58 PM]	CNtlWorldShadow::LoadSwapFile (141):  file open failed. (547_sec.sdw)
[22:05:58 PM]	CNtlWorldShadow::LoadSwapFile (141):  file open failed. (516_sec.sdw)
[22:05:58 PM]	CNtlWorldShadow::LoadSwapFile (141):  file open failed. (517_sec.sdw)
[22:05:58 PM]	CNtlWorldShadow::LoadSwapFile (141):  file open failed. (548_sec.sdw)
[22:05:58 PM]	CNtlWorldShadow::LoadSwapFile (141):  file open failed. (549_sec.sdw)
[22:05:59 PM]	CNtlWorldShadow::LoadSwapFile (141):  file open failed. (518_sec.sdw)
[22:05:59 PM]	CNtlWorldShadow::LoadSwapFile (141):  file open failed. (519_sec.sdw)
[22:05:59 PM]	CNtlWorldShadow::LoadSwapFile (141):  file open failed. (550_sec.sdw)
[22:05:59 PM]	CNtlWorldShadow::LoadSwapFile (141):  file open failed. (551_sec.sdw)
[22:05:59 PM]	CNtlWorldShadow::LoadSwapFile (141):  file open failed. (520_sec.sdw)
[22:05:59 PM]	CNtlWorldShadow::LoadSwapFile (141):  file open failed. (521_sec.sdw)
[22:05:59 PM]	CNtlWorldShadow::LoadSwapFile (141):  file open failed. (552_sec.sdw)
[22:05:59 PM]	CNtlWorldShadow::LoadSwapFile (141):  file open failed. (553_sec.sdw)
[22:05:59 PM]	CNtlWorldShadow::LoadSwapFile (141):  file open failed. (534_sec.sdw)
[22:05:59 PM]	CNtlWorldShadow::LoadSwapFile (141):  file open failed. (535_sec.sdw)
[22:06:00 PM]	CNtlWorldShadow::LoadSwapFile (141):  file open failed. (566_sec.sdw)
[22:06:00 PM]	CNtlWorldShadow::LoadSwapFile (141):  file open failed. (567_sec.sdw)
[22:06:00 PM]	CNtlWorldShadow::LoadSwapFile (141):  file open failed. (536_sec.sdw)
[22:06:00 PM]	CNtlWorldShadow::LoadSwapFile (141):  file open failed. (537_sec.sdw)
[22:06:00 PM]	CNtlWorldShadow::LoadSwapFile (141):  file open failed. (568_sec.sdw)
[22:06:00 PM]	CNtlWorldShadow::LoadSwapFile (141):  file open failed. (569_sec.sdw)
[22:06:00 PM]	CNtlWorldShadow::LoadSwapFile (141):  file open failed. (538_sec.sdw)
[22:06:00 PM]	CNtlWorldShadow::LoadSwapFile (141):  file open failed. (539_sec.sdw)
[22:06:00 PM]	CNtlWorldShadow::LoadSwapFile (141):  file open failed. (570_sec.sdw)
[22:06:00 PM]	CNtlWorldShadow::LoadSwapFile (141):  file open failed. (571_sec.sdw)
[22:06:00 PM]	CNtlWorldShadow::LoadSwapFile (141):  file open failed. (540_sec.sdw)
[22:06:00 PM]	CNtlWorldShadow::LoadSwapFile (141):  file open failed. (541_sec.sdw)
[22:06:00 PM]	CNtlWorldShadow::LoadSwapFile (141):  file open failed. (572_sec.sdw)
[22:06:00 PM]	CNtlWorldShadow::LoadSwapFile (141):  file open failed. (573_sec.sdw)
[22:06:00 PM]	CNtlWorldShadow::LoadSwapFile (141):  file open failed. (542_sec.sdw)
[22:06:00 PM]	CNtlWorldShadow::LoadSwapFile (141):  file open failed. (543_sec.sdw)
[22:06:00 PM]	CNtlWorldShadow::LoadSwapFile (141):  file open failed. (574_sec.sdw)
[22:06:00 PM]	CNtlWorldShadow::LoadSwapFile (141):  file open failed. (575_sec.sdw)
[22:06:00 PM]	CNtlWorldShadow::LoadSwapFile (141):  file open failed. (576_sec.sdw)
[22:06:00 PM]	CNtlWorldShadow::LoadSwapFile (141):  file open failed. (577_sec.sdw)
[22:06:00 PM]	CNtlWorldShadow::LoadSwapFile (141):  file open failed. (608_sec.sdw)
[22:06:00 PM]	CNtlWorldShadow::LoadSwapFile (141):  file open failed. (609_sec.sdw)
[22:06:00 PM]	CNtlWorldShadow::LoadSwapFile (141):  file open failed. (578_sec.sdw)
[22:06:01 PM]	CNtlWorldShadow::LoadSwapFile (141):  file open failed. (579_sec.sdw)
[22:06:01 PM]	CNtlWorldShadow::LoadSwapFile (141):  file open failed. (610_sec.sdw)
[22:06:01 PM]	CNtlWorldShadow::LoadSwapFile (141):  file open failed. (611_sec.sdw)
[22:06:01 PM]	CNtlWorldShadow::LoadSwapFile (141):  file open failed. (580_sec.sdw)
[22:06:01 PM]	CNtlWorldShadow::LoadSwapFile (141):  file open failed. (581_sec.sdw)
[22:06:01 PM]	CNtlWorldShadow::LoadSwapFile (141):  file open failed. (612_sec.sdw)
[22:06:01 PM]	CNtlWorldShadow::LoadSwapFile (141):  file open failed. (613_sec.sdw)
[22:06:01 PM]	CNtlWorldShadow::LoadSwapFile (141):  file open failed. (582_sec.sdw)
[22:06:01 PM]	CNtlWorldShadow::LoadSwapFile (141):  file open failed. (583_sec.sdw)
[22:06:01 PM]	CNtlWorldShadow::LoadSwapFile (141):  file open failed. (614_sec.sdw)
[22:06:01 PM]	CNtlWorldShadow::LoadSwapFile (141):  file open failed. (615_sec.sdw)
[22:06:01 PM]	CNtlWorldShadow::LoadSwapFile (141):  file open failed. (584_sec.sdw)
[22:06:01 PM]	CNtlWorldShadow::LoadSwapFile (141):  file open failed. (585_sec.sdw)
[22:06:01 PM]	CNtlWorldShadow::LoadSwapFile (141):  file open failed. (616_sec.sdw)
[22:06:01 PM]	CNtlWorldShadow::LoadSwapFile (141):  file open failed. (617_sec.sdw)
[22:06:02 PM]	CNtlWorldShadow::LoadSwapFile (141):  file open failed. (598_sec.sdw)
[22:06:02 PM]	CNtlWorldShadow::LoadSwapFile (141):  file open failed. (599_sec.sdw)
[22:06:02 PM]	CNtlWorldShadow::LoadSwapFile (141):  file open failed. (630_sec.sdw)
[22:06:02 PM]	CNtlWorldShadow::LoadSwapFile (141):  file open failed. (631_sec.sdw)
[22:06:02 PM]	CNtlWorldShadow::LoadSwapFile (141):  file open failed. (600_sec.sdw)
[22:06:02 PM]	CNtlWorldShadow::LoadSwapFile (141):  file open failed. (601_sec.sdw)
[22:06:02 PM]	CNtlWorldShadow::LoadSwapFile (141):  file open failed. (632_sec.sdw)
[22:06:02 PM]	CNtlWorldShadow::LoadSwapFile (141):  file open failed. (633_sec.sdw)
[22:06:02 PM]	CNtlWorldShadow::LoadSwapFile (141):  file open failed. (602_sec.sdw)
[22:06:02 PM]	CNtlWorldShadow::LoadSwapFile (141):  file open failed. (603_sec.sdw)
[22:06:02 PM]	CNtlWorldShadow::LoadSwapFile (141):  file open failed. (634_sec.sdw)
[22:06:02 PM]	CNtlWorldShadow::LoadSwapFile (141):  file open failed. (635_sec.sdw)
[22:06:02 PM]	CNtlWorldShadow::LoadSwapFile (141):  file open failed. (604_sec.sdw)
[22:06:02 PM]	CNtlWorldShadow::LoadSwapFile (141):  file open failed. (605_sec.sdw)
[22:06:02 PM]	CNtlWorldShadow::LoadSwapFile (141):  file open failed. (636_sec.sdw)
[22:06:02 PM]	CNtlWorldShadow::LoadSwapFile (141):  file open failed. (637_sec.sdw)
[22:06:02 PM]	CNtlWorldShadow::LoadSwapFile (141):  file open failed. (606_sec.sdw)
[22:06:02 PM]	CNtlWorldShadow::LoadSwapFile (141):  file open failed. (607_sec.sdw)
[22:06:02 PM]	CNtlWorldShadow::LoadSwapFile (141):  file open failed. (638_sec.sdw)
[22:06:03 PM]	CNtlWorldShadow::LoadSwapFile (141):  file open failed. (639_sec.sdw)
[22:06:03 PM]	CNtlWorldShadow::LoadSwapFile (141):  file open failed. (640_sec.sdw)
[22:06:03 PM]	CNtlWorldShadow::LoadSwapFile (141):  file open failed. (641_sec.sdw)
[22:06:03 PM]	CNtlWorldShadow::LoadSwapFile (141):  file open failed. (672_sec.sdw)
[22:06:03 PM]	CNtlWorldShadow::LoadSwapFile (141):  file open failed. (673_sec.sdw)
[22:06:03 PM]	CNtlWorldShadow::LoadSwapFile (141):  file open failed. (642_sec.sdw)
[22:06:03 PM]	CNtlWorldShadow::LoadSwapFile (141):  file open failed. (643_sec.sdw)
[22:06:03 PM]	CNtlWorldShadow::LoadSwapFile (141):  file open failed. (674_sec.sdw)
[22:06:03 PM]	CNtlWorldShadow::LoadSwapFile (141):  file open failed. (675_sec.sdw)
[22:06:03 PM]	CNtlWorldShadow::LoadSwapFile (141):  file open failed. (644_sec.sdw)
[22:06:03 PM]	CNtlWorldShadow::LoadSwapFile (141):  file open failed. (645_sec.sdw)
[22:06:03 PM]	CNtlWorldShadow::LoadSwapFile (141):  file open failed. (676_sec.sdw)
[22:06:03 PM]	CNtlWorldShadow::LoadSwapFile (141):  file open failed. (677_sec.sdw)
[22:06:03 PM]	CNtlWorldShadow::LoadSwapFile (141):  file open failed. (646_sec.sdw)
[22:06:03 PM]	CNtlWorldShadow::LoadSwapFile (141):  file open failed. (647_sec.sdw)
[22:06:03 PM]	CNtlWorldShadow::LoadSwapFile (141):  file open failed. (678_sec.sdw)
[22:06:03 PM]	CNtlWorldShadow::LoadSwapFile (141):  file open failed. (679_sec.sdw)
[22:06:04 PM]	CNtlWorldShadow::LoadSwapFile (141):  file open failed. (648_sec.sdw)
[22:06:04 PM]	CNtlWorldShadow::LoadSwapFile (141):  file open failed. (649_sec.sdw)
[22:06:04 PM]	CNtlWorldShadow::LoadSwapFile (141):  file open failed. (680_sec.sdw)
[22:06:04 PM]	CNtlWorldShadow::LoadSwapFile (141):  file open failed. (681_sec.sdw)
[22:06:04 PM]	CNtlWorldShadow::LoadSwapFile (141):  file open failed. (662_sec.sdw)
[22:06:04 PM]	CNtlWorldShadow::LoadSwapFile (141):  file open failed. (663_sec.sdw)
[22:06:04 PM]	CNtlWorldShadow::LoadSwapFile (141):  file open failed. (694_sec.sdw)
[22:06:04 PM]	CNtlWorldShadow::LoadSwapFile (141):  file open failed. (695_sec.sdw)
[22:06:04 PM]	CNtlWorldShadow::LoadSwapFile (141):  file open failed. (664_sec.sdw)
[22:06:04 PM]	CNtlWorldShadow::LoadSwapFile (141):  file open failed. (665_sec.sdw)
[22:06:04 PM]	CNtlWorldShadow::LoadSwapFile (141):  file open failed. (696_sec.sdw)
[22:06:04 PM]	CNtlWorldShadow::LoadSwapFile (141):  file open failed. (697_sec.sdw)
[22:06:05 PM]	CNtlWorldShadow::LoadSwapFile (141):  file open failed. (666_sec.sdw)
[22:06:05 PM]	CNtlWorldShadow::LoadSwapFile (141):  file open failed. (667_sec.sdw)
[22:06:05 PM]	CNtlWorldShadow::LoadSwapFile (141):  file open failed. (698_sec.sdw)
[22:06:05 PM]	CNtlWorldShadow::LoadSwapFile (141):  file open failed. (699_sec.sdw)
[22:06:05 PM]	CNtlWorldShadow::LoadSwapFile (141):  file open failed. (668_sec.sdw)
[22:06:05 PM]	CNtlWorldShadow::LoadSwapFile (141):  file open failed. (669_sec.sdw)
[22:06:05 PM]	CNtlWorldShadow::LoadSwapFile (141):  file open failed. (700_sec.sdw)
[22:06:05 PM]	CNtlWorldShadow::LoadSwapFile (141):  file open failed. (701_sec.sdw)
[22:06:05 PM]	CNtlWorldShadow::LoadSwapFile (141):  file open failed. (670_sec.sdw)
[22:06:05 PM]	CNtlWorldShadow::LoadSwapFile (141):  file open failed. (671_sec.sdw)
[22:06:05 PM]	CNtlWorldShadow::LoadSwapFile (141):  file open failed. (702_sec.sdw)
[22:06:05 PM]	CNtlWorldShadow::LoadSwapFile (141):  file open failed. (703_sec.sdw)
[22:06:06 PM]	CNtlWorldShadow::LoadSwapFile (141):  file open failed. (704_sec.sdw)
[22:06:06 PM]	CNtlWorldShadow::LoadSwapFile (141):  file open failed. (705_sec.sdw)
[22:06:06 PM]	CNtlWorldShadow::LoadSwapFile (141):  file open failed. (736_sec.sdw)
[22:06:06 PM]	CNtlWorldShadow::LoadSwapFile (141):  file open failed. (737_sec.sdw)
[22:06:06 PM]	CNtlWorldShadow::LoadSwapFile (141):  file open failed. (706_sec.sdw)
[22:06:06 PM]	CNtlWorldShadow::LoadSwapFile (141):  file open failed. (707_sec.sdw)
[22:06:06 PM]	CNtlWorldShadow::LoadSwapFile (141):  file open failed. (738_sec.sdw)
[22:06:06 PM]	CNtlWorldShadow::LoadSwapFile (141):  file open failed. (739_sec.sdw)
[22:06:06 PM]	CNtlWorldShadow::LoadSwapFile (141):  file open failed. (708_sec.sdw)
[22:06:06 PM]	CNtlWorldShadow::LoadSwapFile (141):  file open failed. (709_sec.sdw)
[22:06:06 PM]	CNtlWorldShadow::LoadSwapFile (141):  file open failed. (740_sec.sdw)
[22:06:06 PM]	CNtlWorldShadow::LoadSwapFile (141):  file open failed. (741_sec.sdw)
[22:06:06 PM]	CNtlWorldShadow::LoadSwapFile (141):  file open failed. (710_sec.sdw)
[22:06:06 PM]	CNtlWorldShadow::LoadSwapFile (141):  file open failed. (711_sec.sdw)
[22:06:06 PM]	CNtlWorldShadow::LoadSwapFile (141):  file open failed. (742_sec.sdw)
[22:06:06 PM]	CNtlWorldShadow::LoadSwapFile (141):  file open failed. (743_sec.sdw)
[22:06:07 PM]	CNtlWorldShadow::LoadSwapFile (141):  file open failed. (712_sec.sdw)
[22:06:07 PM]	CNtlWorldShadow::LoadSwapFile (141):  file open failed. (713_sec.sdw)
[22:06:07 PM]	CNtlWorldShadow::LoadSwapFile (141):  file open failed. (744_sec.sdw)
[22:06:07 PM]	CNtlWorldShadow::LoadSwapFile (141):  file open failed. (745_sec.sdw)
[22:06:07 PM]	CNtlWorldShadow::LoadSwapFile (141):  file open failed. (726_sec.sdw)
[22:06:07 PM]	CNtlWorldShadow::LoadSwapFile (141):  file open failed. (727_sec.sdw)
[22:06:07 PM]	CNtlWorldShadow::LoadSwapFile (141):  file open failed. (758_sec.sdw)
[22:06:07 PM]	CNtlWorldShadow::LoadSwapFile (141):  file open failed. (759_sec.sdw)
[22:06:07 PM]	CNtlWorldShadow::LoadSwapFile (141):  file open failed. (728_sec.sdw)
[22:06:07 PM]	CNtlWorldShadow::LoadSwapFile (141):  file open failed. (729_sec.sdw)
[22:06:08 PM]	CNtlWorldShadow::LoadSwapFile (141):  file open failed. (760_sec.sdw)
[22:06:08 PM]	CNtlWorldShadow::LoadSwapFile (141):  file open failed. (761_sec.sdw)
[22:06:08 PM]	CNtlWorldShadow::LoadSwapFile (141):  file open failed. (730_sec.sdw)
[22:06:08 PM]	CNtlWorldShadow::LoadSwapFile (141):  file open failed. (731_sec.sdw)
[22:06:08 PM]	CNtlWorldShadow::LoadSwapFile (141):  file open failed. (762_sec.sdw)
[22:06:08 PM]	CNtlWorldShadow::LoadSwapFile (141):  file open failed. (763_sec.sdw)
[22:06:08 PM]	CNtlWorldShadow::LoadSwapFile (141):  file open failed. (732_sec.sdw)
[22:06:08 PM]	CNtlWorldShadow::LoadSwapFile (141):  file open failed. (733_sec.sdw)
[22:06:08 PM]	CNtlWorldShadow::LoadSwapFile (141):  file open failed. (764_sec.sdw)
[22:06:08 PM]	CNtlWorldShadow::LoadSwapFile (141):  file open failed. (765_sec.sdw)
[22:06:08 PM]	CNtlWorldShadow::LoadSwapFile (141):  file open failed. (734_sec.sdw)
[22:06:08 PM]	CNtlWorldShadow::LoadSwapFile (141):  file open failed. (735_sec.sdw)
[22:06:08 PM]	CNtlWorldShadow::LoadSwapFile (141):  file open failed. (766_sec.sdw)
[22:06:08 PM]	CNtlWorldShadow::LoadSwapFile (141):  file open failed. (767_sec.sdw)
[22:06:08 PM]	CNtlWorldShadow::LoadSwapFile (141):  file open failed. (768_sec.sdw)
[22:06:08 PM]	CNtlWorldShadow::LoadSwapFile (141):  file open failed. (769_sec.sdw)
[22:06:08 PM]	CNtlWorldShadow::LoadSwapFile (141):  file open failed. (800_sec.sdw)
[22:06:08 PM]	CNtlWorldShadow::LoadSwapFile (141):  file open failed. (801_sec.sdw)
[22:06:08 PM]	CNtlWorldShadow::LoadSwapFile (141):  file open failed. (770_sec.sdw)
[22:06:09 PM]	CNtlWorldShadow::LoadSwapFile (141):  file open failed. (771_sec.sdw)
[22:06:09 PM]	CNtlWorldShadow::LoadSwapFile (141):  file open failed. (802_sec.sdw)
[22:06:09 PM]	CNtlWorldShadow::LoadSwapFile (141):  file open failed. (803_sec.sdw)
[22:06:09 PM]	CNtlWorldShadow::LoadSwapFile (141):  file open failed. (772_sec.sdw)
[22:06:09 PM]	CNtlWorldShadow::LoadSwapFile (141):  file open failed. (773_sec.sdw)
[22:06:09 PM]	CNtlWorldShadow::LoadSwapFile (141):  file open failed. (804_sec.sdw)
[22:06:09 PM]	CNtlWorldShadow::LoadSwapFile (141):  file open failed. (805_sec.sdw)
[22:06:09 PM]	CNtlWorldShadow::LoadSwapFile (141):  file open failed. (774_sec.sdw)
[22:06:09 PM]	CNtlWorldShadow::LoadSwapFile (141):  file open failed. (775_sec.sdw)
[22:06:09 PM]	CNtlWorldShadow::LoadSwapFile (141):  file open failed. (806_sec.sdw)
[22:06:09 PM]	CNtlWorldShadow::LoadSwapFile (141):  file open failed. (807_sec.sdw)
[22:06:09 PM]	CNtlWorldShadow::LoadSwapFile (141):  file open failed. (776_sec.sdw)
[22:06:09 PM]	CNtlWorldShadow::LoadSwapFile (141):  file open failed. (777_sec.sdw)
[22:06:09 PM]	CNtlWorldShadow::LoadSwapFile (141):  file open failed. (808_sec.sdw)
[22:06:09 PM]	CNtlWorldShadow::LoadSwapFile (141):  file open failed. (809_sec.sdw)
[22:06:09 PM]	CNtlWorldShadow::LoadSwapFile (141):  file open failed. (778_sec.sdw)
[22:06:09 PM]	CNtlWorldShadow::LoadSwapFile (141):  file open failed. (779_sec.sdw)
[22:06:09 PM]	CNtlWorldShadow::LoadSwapFile (141):  file open failed. (810_sec.sdw)
[22:06:09 PM]	CNtlWorldShadow::LoadSwapFile (141):  file open failed. (811_sec.sdw)
[22:06:09 PM]	CNtlWorldShadow::LoadSwapFile (141):  file open failed. (780_sec.sdw)
[22:06:10 PM]	CNtlWorldShadow::LoadSwapFile (141):  file open failed. (781_sec.sdw)
[22:06:10 PM]	CNtlWorldShadow::LoadSwapFile (141):  file open failed. (812_sec.sdw)
[22:06:10 PM]	CNtlWorldShadow::LoadSwapFile (141):  file open failed. (813_sec.sdw)
[22:06:10 PM]	CNtlWorldShadow::LoadSwapFile (141):  file open failed. (782_sec.sdw)
[22:06:10 PM]	CNtlWorldShadow::LoadSwapFile (141):  file open failed. (783_sec.sdw)
[22:06:10 PM]	CNtlWorldShadow::LoadSwapFile (141):  file open failed. (814_sec.sdw)
[22:06:10 PM]	CNtlWorldShadow::LoadSwapFile (141):  file open failed. (815_sec.sdw)
[22:06:10 PM]	CNtlWorldShadow::LoadSwapFile (141):  file open failed. (784_sec.sdw)
[22:06:10 PM]	CNtlWorldShadow::LoadSwapFile (141):  file open failed. (785_sec.sdw)
[22:06:10 PM]	CNtlWorldShadow::LoadSwapFile (141):  file open failed. (816_sec.sdw)
[22:06:10 PM]	CNtlWorldShadow::LoadSwapFile (141):  file open failed. (817_sec.sdw)
[22:06:10 PM]	CNtlWorldShadow::LoadSwapFile (141):  file open failed. (786_sec.sdw)
[22:06:10 PM]	CNtlWorldShadow::LoadSwapFile (141):  file open failed. (787_sec.sdw)
[22:06:10 PM]	CNtlWorldShadow::LoadSwapFile (141):  file open failed. (818_sec.sdw)
[22:06:10 PM]	CNtlWorldShadow::LoadSwapFile (141):  file open failed. (819_sec.sdw)
[22:06:10 PM]	CNtlWorldShadow::LoadSwapFile (141):  file open failed. (788_sec.sdw)
[22:06:10 PM]	CNtlWorldShadow::LoadSwapFile (141):  file open failed. (789_sec.sdw)
[22:06:10 PM]	CNtlWorldShadow::LoadSwapFile (141):  file open failed. (820_sec.sdw)
[22:06:10 PM]	CNtlWorldShadow::LoadSwapFile (141):  file open failed. (821_sec.sdw)
[22:06:11 PM]	CNtlWorldShadow::LoadSwapFile (141):  file open failed. (790_sec.sdw)
[22:06:11 PM]	CNtlWorldShadow::LoadSwapFile (141):  file open failed. (791_sec.sdw)
[22:06:11 PM]	CNtlWorldShadow::LoadSwapFile (141):  file open failed. (822_sec.sdw)
[22:06:11 PM]	CNtlWorldShadow::LoadSwapFile (141):  file open failed. (823_sec.sdw)
[22:06:11 PM]	CNtlWorldShadow::LoadSwapFile (141):  file open failed. (792_sec.sdw)
[22:06:11 PM]	CNtlWorldShadow::LoadSwapFile (141):  file open failed. (793_sec.sdw)
[22:06:11 PM]	CNtlWorldShadow::LoadSwapFile (141):  file open failed. (824_sec.sdw)
[22:06:11 PM]	CNtlWorldShadow::LoadSwapFile (141):  file open failed. (825_sec.sdw)
[22:06:11 PM]	CNtlWorldShadow::LoadSwapFile (141):  file open failed. (794_sec.sdw)
[22:06:11 PM]	CNtlWorldShadow::LoadSwapFile (141):  file open failed. (795_sec.sdw)
[22:06:11 PM]	CNtlWorldShadow::LoadSwapFile (141):  file open failed. (826_sec.sdw)
[22:06:11 PM]	CNtlWorldShadow::LoadSwapFile (141):  file open failed. (827_sec.sdw)
[22:06:11 PM]	CNtlWorldShadow::LoadSwapFile (141):  file open failed. (796_sec.sdw)
[22:06:11 PM]	CNtlWorldShadow::LoadSwapFile (141):  file open failed. (797_sec.sdw)
[22:06:11 PM]	CNtlWorldShadow::LoadSwapFile (141):  file open failed. (828_sec.sdw)
[22:06:11 PM]	CNtlWorldShadow::LoadSwapFile (141):  file open failed. (829_sec.sdw)
[22:06:11 PM]	CNtlWorldShadow::LoadSwapFile (141):  file open failed. (798_sec.sdw)
[22:06:11 PM]	CNtlWorldShadow::LoadSwapFile (141):  file open failed. (799_sec.sdw)
[22:06:12 PM]	CNtlWorldShadow::LoadSwapFile (141):  file open failed. (830_sec.sdw)
[22:06:12 PM]	CNtlWorldShadow::LoadSwapFile (141):  file open failed. (831_sec.sdw)
[22:06:12 PM]	CNtlWorldShadow::LoadSwapFile (141):  file open failed. (832_sec.sdw)
[22:06:12 PM]	CNtlWorldShadow::LoadSwapFile (141):  file open failed. (833_sec.sdw)
[22:06:12 PM]	CNtlWorldShadow::LoadSwapFile (141):  file open failed. (864_sec.sdw)
[22:06:12 PM]	CNtlWorldShadow::LoadSwapFile (141):  file open failed. (865_sec.sdw)
[22:06:12 PM]	CNtlWorldShadow::LoadSwapFile (141):  file open failed. (834_sec.sdw)
[22:06:12 PM]	CNtlWorldShadow::LoadSwapFile (141):  file open failed. (835_sec.sdw)
[22:06:12 PM]	CNtlWorldShadow::LoadSwapFile (141):  file open failed. (866_sec.sdw)
[22:06:12 PM]	CNtlWorldShadow::LoadSwapFile (141):  file open failed. (867_sec.sdw)
[22:06:12 PM]	CNtlWorldShadow::LoadSwapFile (141):  file open failed. (836_sec.sdw)
[22:06:12 PM]	CNtlWorldShadow::LoadSwapFile (141):  file open failed. (837_sec.sdw)
[22:06:12 PM]	CNtlWorldShadow::LoadSwapFile (141):  file open failed. (868_sec.sdw)
[22:06:12 PM]	CNtlWorldShadow::LoadSwapFile (141):  file open failed. (869_sec.sdw)
[22:06:12 PM]	CNtlWorldShadow::LoadSwapFile (141):  file open failed. (838_sec.sdw)
[22:06:12 PM]	CNtlWorldShadow::LoadSwapFile (141):  file open failed. (839_sec.sdw)
[22:06:13 PM]	CNtlWorldShadow::LoadSwapFile (141):  file open failed. (870_sec.sdw)
[22:06:13 PM]	CNtlWorldShadow::LoadSwapFile (141):  file open failed. (871_sec.sdw)
[22:06:13 PM]	CNtlWorldShadow::LoadSwapFile (141):  file open failed. (840_sec.sdw)
[22:06:13 PM]	CNtlWorldShadow::LoadSwapFile (141):  file open failed. (841_sec.sdw)
[22:06:13 PM]	CNtlWorldShadow::LoadSwapFile (141):  file open failed. (872_sec.sdw)
[22:06:13 PM]	CNtlWorldShadow::LoadSwapFile (141):  file open failed. (873_sec.sdw)
[22:06:13 PM]	CNtlWorldShadow::LoadSwapFile (141):  file open failed. (842_sec.sdw)
[22:06:13 PM]	CNtlWorldShadow::LoadSwapFile (141):  file open failed. (843_sec.sdw)
[22:06:13 PM]	CNtlWorldShadow::LoadSwapFile (141):  file open failed. (874_sec.sdw)
[22:06:13 PM]	CNtlWorldShadow::LoadSwapFile (141):  file open failed. (875_sec.sdw)
[22:06:13 PM]	CNtlWorldShadow::LoadSwapFile (141):  file open failed. (844_sec.sdw)
[22:06:13 PM]	CNtlWorldShadow::LoadSwapFile (141):  file open failed. (845_sec.sdw)
[22:06:13 PM]	CNtlWorldShadow::LoadSwapFile (141):  file open failed. (876_sec.sdw)
[22:06:13 PM]	CNtlWorldShadow::LoadSwapFile (141):  file open failed. (877_sec.sdw)
[22:06:13 PM]	CNtlWorldShadow::LoadSwapFile (141):  file open failed. (846_sec.sdw)
[22:06:13 PM]	CNtlWorldShadow::LoadSwapFile (141):  file open failed. (847_sec.sdw)
[22:06:13 PM]	CNtlWorldShadow::LoadSwapFile (141):  file open failed. (878_sec.sdw)
[22:06:13 PM]	CNtlWorldShadow::LoadSwapFile (141):  file open failed. (879_sec.sdw)
[22:06:13 PM]	CNtlWorldShadow::LoadSwapFile (141):  file open failed. (848_sec.sdw)
[22:06:14 PM]	CNtlWorldShadow::LoadSwapFile (141):  file open failed. (849_sec.sdw)
[22:06:14 PM]	CNtlWorldShadow::LoadSwapFile (141):  file open failed. (880_sec.sdw)
[22:06:14 PM]	CNtlWorldShadow::LoadSwapFile (141):  file open failed. (881_sec.sdw)
[22:06:14 PM]	CNtlWorldShadow::LoadSwapFile (141):  file open failed. (850_sec.sdw)
[22:06:14 PM]	CNtlWorldShadow::LoadSwapFile (141):  file open failed. (851_sec.sdw)
[22:06:14 PM]	CNtlWorldShadow::LoadSwapFile (141):  file open failed. (882_sec.sdw)
[22:06:14 PM]	CNtlWorldShadow::LoadSwapFile (141):  file open failed. (883_sec.sdw)
[22:06:14 PM]	CNtlWorldShadow::LoadSwapFile (141):  file open failed. (852_sec.sdw)
[22:06:14 PM]	CNtlWorldShadow::LoadSwapFile (141):  file open failed. (853_sec.sdw)
[22:06:14 PM]	CNtlWorldShadow::LoadSwapFile (141):  file open failed. (884_sec.sdw)
[22:06:14 PM]	CNtlWorldShadow::LoadSwapFile (141):  file open failed. (885_sec.sdw)
[22:06:14 PM]	CNtlWorldShadow::LoadSwapFile (141):  file open failed. (854_sec.sdw)
[22:06:14 PM]	CNtlWorldShadow::LoadSwapFile (141):  file open failed. (855_sec.sdw)
[22:06:14 PM]	CNtlWorldShadow::LoadSwapFile (141):  file open failed. (886_sec.sdw)
[22:06:14 PM]	CNtlWorldShadow::LoadSwapFile (141):  file open failed. (887_sec.sdw)
[22:06:14 PM]	CNtlWorldShadow::LoadSwapFile (141):  file open failed. (856_sec.sdw)
[22:06:14 PM]	CNtlWorldShadow::LoadSwapFile (141):  file open failed. (857_sec.sdw)
[22:06:14 PM]	CNtlWorldShadow::LoadSwapFile (141):  file open failed. (888_sec.sdw)
[22:06:14 PM]	CNtlWorldShadow::LoadSwapFile (141):  file open failed. (889_sec.sdw)
[22:06:14 PM]	CNtlWorldShadow::LoadSwapFile (141):  file open failed. (858_sec.sdw)
[22:06:14 PM]	CNtlWorldShadow::LoadSwapFile (141):  file open failed. (859_sec.sdw)
[22:06:15 PM]	CNtlWorldShadow::LoadSwapFile (141):  file open failed. (890_sec.sdw)
[22:06:15 PM]	CNtlWorldShadow::LoadSwapFile (141):  file open failed. (891_sec.sdw)
[22:06:15 PM]	CNtlWorldShadow::LoadSwapFile (141):  file open failed. (860_sec.sdw)
[22:06:15 PM]	CNtlWorldShadow::LoadSwapFile (141):  file open failed. (861_sec.sdw)
[22:06:15 PM]	CNtlWorldShadow::LoadSwapFile (141):  file open failed. (892_sec.sdw)
[22:06:15 PM]	CNtlWorldShadow::LoadSwapFile (141):  file open failed. (893_sec.sdw)
[22:06:15 PM]	CNtlWorldShadow::LoadSwapFile (141):  file open failed. (862_sec.sdw)
[22:06:15 PM]	CNtlWorldShadow::LoadSwapFile (141):  file open failed. (863_sec.sdw)
[22:06:15 PM]	CNtlWorldShadow::LoadSwapFile (141):  file open failed. (894_sec.sdw)
[22:06:15 PM]	CNtlWorldShadow::LoadSwapFile (141):  file open failed. (895_sec.sdw)
[22:06:15 PM]	CNtlWorldShadow::LoadSwapFile (141):  file open failed. (896_sec.sdw)
[22:06:15 PM]	CNtlWorldShadow::LoadSwapFile (141):  file open failed. (897_sec.sdw)
[22:06:15 PM]	CNtlWorldShadow::LoadSwapFile (141):  file open failed. (928_sec.sdw)
[22:06:15 PM]	CNtlWorldShadow::LoadSwapFile (141):  file open failed. (929_sec.sdw)
[22:06:15 PM]	CNtlWorldShadow::LoadSwapFile (141):  file open failed. (898_sec.sdw)
[22:06:15 PM]	CNtlWorldShadow::LoadSwapFile (141):  file open failed. (899_sec.sdw)
[22:06:15 PM]	CNtlWorldShadow::LoadSwapFile (141):  file open failed. (930_sec.sdw)
[22:06:16 PM]	CNtlWorldShadow::LoadSwapFile (141):  file open failed. (931_sec.sdw)
[22:06:16 PM]	CNtlWorldShadow::LoadSwapFile (141):  file open failed. (900_sec.sdw)
[22:06:16 PM]	CNtlWorldShadow::LoadSwapFile (141):  file open failed. (901_sec.sdw)
[22:06:16 PM]	CNtlWorldShadow::LoadSwapFile (141):  file open failed. (932_sec.sdw)
[22:06:16 PM]	CNtlWorldShadow::LoadSwapFile (141):  file open failed. (933_sec.sdw)
[22:06:16 PM]	CNtlWorldShadow::LoadSwapFile (141):  file open failed. (902_sec.sdw)
[22:06:16 PM]	CNtlWorldShadow::LoadSwapFile (141):  file open failed. (903_sec.sdw)
[22:06:16 PM]	CNtlWorldShadow::LoadSwapFile (141):  file open failed. (934_sec.sdw)
[22:06:16 PM]	CNtlWorldShadow::LoadSwapFile (141):  file open failed. (935_sec.sdw)
[22:06:16 PM]	CNtlWorldShadow::LoadSwapFile (141):  file open failed. (904_sec.sdw)
[22:06:16 PM]	CNtlWorldShadow::LoadSwapFile (141):  file open failed. (905_sec.sdw)
[22:06:16 PM]	CNtlWorldShadow::LoadSwapFile (141):  file open failed. (936_sec.sdw)
[22:06:16 PM]	CNtlWorldShadow::LoadSwapFile (141):  file open failed. (937_sec.sdw)
[22:06:16 PM]	CNtlWorldShadow::LoadSwapFile (141):  file open failed. (906_sec.sdw)
[22:06:16 PM]	CNtlWorldShadow::LoadSwapFile (141):  file open failed. (907_sec.sdw)
[22:06:16 PM]	CNtlWorldShadow::LoadSwapFile (141):  file open failed. (938_sec.sdw)
[22:06:16 PM]	CNtlWorldShadow::LoadSwapFile (141):  file open failed. (939_sec.sdw)
[22:06:17 PM]	CNtlWorldShadow::LoadSwapFile (141):  file open failed. (908_sec.sdw)
[22:06:17 PM]	CNtlWorldShadow::LoadSwapFile (141):  file open failed. (909_sec.sdw)
[22:06:17 PM]	CNtlWorldShadow::LoadSwapFile (141):  file open failed. (940_sec.sdw)
[22:06:17 PM]	CNtlWorldShadow::LoadSwapFile (141):  file open failed. (941_sec.sdw)
[22:06:17 PM]	CNtlWorldShadow::LoadSwapFile (141):  file open failed. (910_sec.sdw)
[22:06:17 PM]	CNtlWorldShadow::LoadSwapFile (141):  file open failed. (911_sec.sdw)
[22:06:17 PM]	CNtlWorldShadow::LoadSwapFile (141):  file open failed. (942_sec.sdw)
[22:06:17 PM]	CNtlWorldShadow::LoadSwapFile (141):  file open failed. (943_sec.sdw)
[22:06:17 PM]	CNtlWorldShadow::LoadSwapFile (141):  file open failed. (912_sec.sdw)
[22:06:17 PM]	CNtlWorldShadow::LoadSwapFile (141):  file open failed. (913_sec.sdw)
[22:06:17 PM]	CNtlWorldShadow::LoadSwapFile (141):  file open failed. (944_sec.sdw)
[22:06:17 PM]	CNtlWorldShadow::LoadSwapFile (141):  file open failed. (945_sec.sdw)
[22:06:17 PM]	CNtlWorldShadow::LoadSwapFile (141):  file open failed. (914_sec.sdw)
[22:06:17 PM]	CNtlWorldShadow::LoadSwapFile (141):  file open failed. (915_sec.sdw)
[22:06:17 PM]	CNtlWorldShadow::LoadSwapFile (141):  file open failed. (946_sec.sdw)
[22:06:17 PM]	CNtlWorldShadow::LoadSwapFile (141):  file open failed. (947_sec.sdw)
[22:06:17 PM]	CNtlWorldShadow::LoadSwapFile (141):  file open failed. (916_sec.sdw)
[22:06:17 PM]	CNtlWorldShadow::LoadSwapFile (141):  file open failed. (917_sec.sdw)
[22:06:18 PM]	CNtlWorldShadow::LoadSwapFile (141):  file open failed. (948_sec.sdw)
[22:06:18 PM]	CNtlWorldShadow::LoadSwapFile (141):  file open failed. (949_sec.sdw)
[22:06:18 PM]	CNtlWorldShadow::LoadSwapFile (141):  file open failed. (918_sec.sdw)
[22:06:18 PM]	CNtlWorldShadow::LoadSwapFile (141):  file open failed. (919_sec.sdw)
[22:06:18 PM]	CNtlWorldShadow::LoadSwapFile (141):  file open failed. (950_sec.sdw)
[22:06:18 PM]	CNtlWorldShadow::LoadSwapFile (141):  file open failed. (951_sec.sdw)
[22:06:18 PM]	CNtlWorldShadow::LoadSwapFile (141):  file open failed. (920_sec.sdw)
[22:06:18 PM]	CNtlWorldShadow::LoadSwapFile (141):  file open failed. (921_sec.sdw)
[22:06:18 PM]	CNtlWorldShadow::LoadSwapFile (141):  file open failed. (952_sec.sdw)
[22:06:18 PM]	CNtlWorldShadow::LoadSwapFile (141):  file open failed. (953_sec.sdw)
[22:06:18 PM]	CNtlWorldShadow::LoadSwapFile (141):  file open failed. (922_sec.sdw)
[22:06:18 PM]	CNtlWorldShadow::LoadSwapFile (141):  file open failed. (923_sec.sdw)
[22:06:18 PM]	CNtlWorldShadow::LoadSwapFile (141):  file open failed. (954_sec.sdw)
[22:06:18 PM]	CNtlWorldShadow::LoadSwapFile (141):  file open failed. (955_sec.sdw)
[22:06:18 PM]	CNtlWorldShadow::LoadSwapFile (141):  file open failed. (924_sec.sdw)
[22:06:19 PM]	CNtlWorldShadow::LoadSwapFile (141):  file open failed. (925_sec.sdw)
[22:06:19 PM]	CNtlWorldShadow::LoadSwapFile (141):  file open failed. (956_sec.sdw)
[22:06:19 PM]	CNtlWorldShadow::LoadSwapFile (141):  file open failed. (957_sec.sdw)
[22:06:19 PM]	CNtlWorldShadow::LoadSwapFile (141):  file open failed. (926_sec.sdw)
[22:06:19 PM]	CNtlWorldShadow::LoadSwapFile (141):  file open failed. (927_sec.sdw)
[22:06:19 PM]	CNtlWorldShadow::LoadSwapFile (141):  file open failed. (958_sec.sdw)
[22:06:19 PM]	CNtlWorldShadow::LoadSwapFile (141):  file open failed. (959_sec.sdw)
[22:06:19 PM]	CNtlWorldShadow::LoadSwapFile (141):  file open failed. (960_sec.sdw)
[22:06:19 PM]	CNtlWorldShadow::LoadSwapFile (141):  file open failed. (961_sec.sdw)
[22:06:19 PM]	CNtlWorldShadow::LoadSwapFile (141):  file open failed. (992_sec.sdw)
[22:06:19 PM]	CNtlWorldShadow::LoadSwapFile (141):  file open failed. (993_sec.sdw)
[22:06:19 PM]	CNtlWorldShadow::LoadSwapFile (141):  file open failed. (962_sec.sdw)
[22:06:19 PM]	CNtlWorldShadow::LoadSwapFile (141):  file open failed. (963_sec.sdw)
[22:06:19 PM]	CNtlWorldShadow::LoadSwapFile (141):  file open failed. (994_sec.sdw)
[22:06:19 PM]	CNtlWorldShadow::LoadSwapFile (141):  file open failed. (995_sec.sdw)
[22:06:19 PM]	CNtlWorldShadow::LoadSwapFile (141):  file open failed. (964_sec.sdw)
[22:06:19 PM]	CNtlWorldShadow::LoadSwapFile (141):  file open failed. (965_sec.sdw)
[22:06:19 PM]	CNtlWorldShadow::LoadSwapFile (141):  file open failed. (996_sec.sdw)
[22:06:19 PM]	CNtlWorldShadow::LoadSwapFile (141):  file open failed. (997_sec.sdw)
[22:06:20 PM]	CNtlWorldShadow::LoadSwapFile (141):  file open failed. (966_sec.sdw)
[22:06:20 PM]	CNtlWorldShadow::LoadSwapFile (141):  file open failed. (967_sec.sdw)
[22:06:20 PM]	CNtlWorldShadow::LoadSwapFile (141):  file open failed. (998_sec.sdw)
[22:06:20 PM]	CNtlWorldShadow::LoadSwapFile (141):  file open failed. (999_sec.sdw)
[22:06:20 PM]	CNtlWorldShadow::LoadSwapFile (141):  file open failed. (968_sec.sdw)
[22:06:20 PM]	CNtlWorldShadow::LoadSwapFile (141):  file open failed. (969_sec.sdw)
[22:06:20 PM]	CNtlWorldShadow::LoadSwapFile (141):  file open failed. (1000_sec.sdw)
[22:06:20 PM]	CNtlWorldShadow::LoadSwapFile (141):  file open failed. (1001_sec.sdw)
[22:06:20 PM]	CNtlWorldShadow::LoadSwapFile (141):  file open failed. (970_sec.sdw)
[22:06:20 PM]	CNtlWorldShadow::LoadSwapFile (141):  file open failed. (971_sec.sdw)
[22:06:20 PM]	CNtlWorldShadow::LoadSwapFile (141):  file open failed. (1002_sec.sdw)
[22:06:20 PM]	CNtlWorldShadow::LoadSwapFile (141):  file open failed. (1003_sec.sdw)
[22:06:20 PM]	CNtlWorldShadow::LoadSwapFile (141):  file open failed. (972_sec.sdw)
[22:06:20 PM]	CNtlWorldShadow::LoadSwapFile (141):  file open failed. (973_sec.sdw)
[22:06:20 PM]	CNtlWorldShadow::LoadSwapFile (141):  file open failed. (1004_sec.sdw)
[22:06:20 PM]	CNtlWorldShadow::LoadSwapFile (141):  file open failed. (1005_sec.sdw)
[22:06:20 PM]	CNtlWorldShadow::LoadSwapFile (141):  file open failed. (974_sec.sdw)
[22:06:20 PM]	CNtlWorldShadow::LoadSwapFile (141):  file open failed. (975_sec.sdw)
[22:06:21 PM]	CNtlWorldShadow::LoadSwapFile (141):  file open failed. (1006_sec.sdw)
[22:06:21 PM]	CNtlWorldShadow::LoadSwapFile (141):  file open failed. (1007_sec.sdw)
[22:06:21 PM]	CNtlWorldShadow::LoadSwapFile (141):  file open failed. (976_sec.sdw)
[22:06:21 PM]	CNtlWorldShadow::LoadSwapFile (141):  file open failed. (977_sec.sdw)
[22:06:21 PM]	CNtlWorldShadow::LoadSwapFile (141):  file open failed. (1008_sec.sdw)
[22:06:21 PM]	CNtlWorldShadow::LoadSwapFile (141):  file open failed. (1009_sec.sdw)
[22:06:21 PM]	CNtlWorldShadow::LoadSwapFile (141):  file open failed. (978_sec.sdw)
[22:06:21 PM]	CNtlWorldShadow::LoadSwapFile (141):  file open failed. (979_sec.sdw)
[22:06:21 PM]	CNtlWorldShadow::LoadSwapFile (141):  file open failed. (1010_sec.sdw)
[22:06:21 PM]	CNtlWorldShadow::LoadSwapFile (141):  file open failed. (1011_sec.sdw)
[22:06:21 PM]	CNtlWorldShadow::LoadSwapFile (141):  file open failed. (980_sec.sdw)
[22:06:21 PM]	CNtlWorldShadow::LoadSwapFile (141):  file open failed. (981_sec.sdw)
[22:06:21 PM]	CNtlWorldShadow::LoadSwapFile (141):  file open failed. (1012_sec.sdw)
[22:06:21 PM]	CNtlWorldShadow::LoadSwapFile (141):  file open failed. (1013_sec.sdw)
[22:06:21 PM]	CNtlWorldShadow::LoadSwapFile (141):  file open failed. (982_sec.sdw)
[22:06:21 PM]	CNtlWorldShadow::LoadSwapFile (141):  file open failed. (983_sec.sdw)
[22:06:21 PM]	CNtlWorldShadow::LoadSwapFile (141):  file open failed. (1014_sec.sdw)
[22:06:21 PM]	CNtlWorldShadow::LoadSwapFile (141):  file open failed. (1015_sec.sdw)
[22:06:21 PM]	CNtlWorldShadow::LoadSwapFile (141):  file open failed. (984_sec.sdw)
[22:06:22 PM]	CNtlWorldShadow::LoadSwapFile (141):  file open failed. (985_sec.sdw)
[22:06:22 PM]	CNtlWorldShadow::LoadSwapFile (141):  file open failed. (1016_sec.sdw)
[22:06:22 PM]	CNtlWorldShadow::LoadSwapFile (141):  file open failed. (1017_sec.sdw)
[22:06:22 PM]	CNtlWorldShadow::LoadSwapFile (141):  file open failed. (986_sec.sdw)
[22:06:22 PM]	CNtlWorldShadow::LoadSwapFile (141):  file open failed. (987_sec.sdw)
[22:06:22 PM]	CNtlWorldShadow::LoadSwapFile (141):  file open failed. (1018_sec.sdw)
[22:06:22 PM]	CNtlWorldShadow::LoadSwapFile (141):  file open failed. (1019_sec.sdw)
[22:06:22 PM]	CNtlWorldShadow::LoadSwapFile (141):  file open failed. (988_sec.sdw)
[22:06:22 PM]	CNtlWorldShadow::LoadSwapFile (141):  file open failed. (989_sec.sdw)
[22:06:22 PM]	CNtlWorldShadow::LoadSwapFile (141):  file open failed. (1020_sec.sdw)
[22:06:22 PM]	CNtlWorldShadow::LoadSwapFile (141):  file open failed. (1021_sec.sdw)
[22:06:22 PM]	CNtlWorldShadow::LoadSwapFile (141):  file open failed. (990_sec.sdw)
[22:06:22 PM]	CNtlWorldShadow::LoadSwapFile (141):  file open failed. (991_sec.sdw)
[22:06:22 PM]	CNtlWorldShadow::LoadSwapFile (141):  file open failed. (1022_sec.sdw)
[22:06:22 PM]	CNtlWorldShadow::LoadSwapFile (141):  file open failed. (1023_sec.sdw)
[22:06:22 PM]	CWorldEditorEventHander::SaveAll (277):  CWorldEditorEventHander::SaveAll() End...
[22:06:43 PM]	 === < SABER > Trace End === 
