[15:59:47 PM]	=============== Start Trace ===============

[15:59:47 PM]	 === < SABER > Trace Start === 
[16:03:11 PM]	CNtlPLPropertyContainer::AddProp (258):  prop defined.(A_HMY_F_AD)
[16:03:16 PM]	CNtlPLVisualManager::GetHeightFieldWorldHeight (1170):  GetWorldHeight : Failed : IN(0,0,0), OUT_HEIGHT(-999)
[16:03:47 PM]	CNtlWorldShadow::LoadSwapFile (141):  file open failed. (14_sec.sdw)
[16:03:47 PM]	CNtlWorldShadow::LoadSwapFile (141):  file open failed. (15_sec.sdw)
[16:03:47 PM]	CNtlWorldShadow::LoadSwapFile (141):  file open failed. (30_sec.sdw)
[16:03:47 PM]	CNtlWorldShadow::LoadSwapFile (141):  file open failed. (31_sec.sdw)
[16:03:48 PM]	CNtlWorldShadow::LoadSwapFile (141):  file open failed. (46_sec.sdw)
[16:03:48 PM]	CNtlWorldShadow::LoadSwapFile (141):  file open failed. (47_sec.sdw)
[16:03:48 PM]	CNtlWorldShadow::LoadSwapFile (141):  file open failed. (62_sec.sdw)
[16:03:48 PM]	CNtlWorldShadow::LoadSwapFile (141):  file open failed. (63_sec.sdw)
[16:03:48 PM]	CNtlWorldShadow::LoadSwapFile (141):  file open failed. (78_sec.sdw)
[16:03:48 PM]	CNtlWorldShadow::LoadSwapFile (141):  file open failed. (79_sec.sdw)
[16:03:48 PM]	CNtlWorldShadow::LoadSwapFile (141):  file open failed. (94_sec.sdw)
[16:03:48 PM]	CNtlWorldShadow::LoadSwapFile (141):  file open failed. (95_sec.sdw)
[16:03:48 PM]	CNtlWorldShadow::LoadSwapFile (141):  file open failed. (110_sec.sdw)
[16:03:48 PM]	CNtlWorldShadow::LoadSwapFile (141):  file open failed. (111_sec.sdw)
[16:03:48 PM]	CNtlWorldShadow::LoadSwapFile (141):  file open failed. (126_sec.sdw)
[16:03:48 PM]	CNtlWorldShadow::LoadSwapFile (141):  file open failed. (127_sec.sdw)
[16:03:48 PM]	CNtlWorldShadow::LoadSwapFile (141):  file open failed. (142_sec.sdw)
[16:03:48 PM]	CNtlWorldShadow::LoadSwapFile (141):  file open failed. (143_sec.sdw)
[16:03:48 PM]	CNtlWorldShadow::LoadSwapFile (141):  file open failed. (158_sec.sdw)
[16:03:48 PM]	CNtlWorldShadow::LoadSwapFile (141):  file open failed. (159_sec.sdw)
[16:03:48 PM]	CNtlWorldShadow::LoadSwapFile (141):  file open failed. (174_sec.sdw)
[16:03:48 PM]	CNtlWorldShadow::LoadSwapFile (141):  file open failed. (175_sec.sdw)
[16:03:48 PM]	CNtlWorldShadow::LoadSwapFile (141):  file open failed. (190_sec.sdw)
[16:03:48 PM]	CNtlWorldShadow::LoadSwapFile (141):  file open failed. (191_sec.sdw)
[16:04:29 PM]	CNtlWorldShadow::LoadSwapFile (141):  file open failed. (206_sec.sdw)
[16:04:29 PM]	CNtlWorldShadow::LoadSwapFile (141):  file open failed. (207_sec.sdw)
[16:04:29 PM]	CNtlWorldShadow::LoadSwapFile (141):  file open failed. (222_sec.sdw)
[16:04:29 PM]	CNtlWorldShadow::LoadSwapFile (141):  file open failed. (223_sec.sdw)
[16:07:53 PM]	 === < SABER > Trace End === 
