[21:28:29 PM]	=============== Start Trace ===============

[21:28:29 PM]	 === < SABER > Trace Start === 
[21:29:12 PM]	CNtlPLPropertyContainer::AddProp (258):  prop defined.(A_HMY_F_AD)
[21:29:15 PM]	CNtlPLPropertyContainer::AddProp (258):  prop defined.(FRIEZARACE)
[21:29:21 PM]	CNtlPLVisualManager::GetHeightFieldWorldHeight (1170):  GetWorldHeight : Failed : IN(0,0,0), OUT_HEIGHT(-999)
[21:29:25 PM]	CNtlWorldShadow::LoadSwapFile (141):  file open failed. (66_sec.sdw)
[21:29:25 PM]	CNtlPLObject::LoadSwapFile (3324):  file open failed. (66_sec.objt)
[21:29:25 PM]	CNtlInstanceEffect::LoadSwapFile (807):  file open failed. (66_sec.eff)
[21:29:25 PM]	CNtlPLOccluder_Quad::LoadSwapFile (830):  file open failed. (66_sec.ocq)
[21:29:25 PM]	CNtlPLHeatHazeObject::LoadSwapFile (724):  file open failed. (66_sec.hho)
[21:29:25 PM]	CNtlWorldShadow::LoadSwapFile (141):  file open failed. (67_sec.sdw)
[21:29:25 PM]	CNtlPLObject::LoadSwapFile (3324):  file open failed. (67_sec.objt)
[21:29:25 PM]	CNtlInstanceEffect::LoadSwapFile (807):  file open failed. (67_sec.eff)
[21:29:25 PM]	CNtlPLOccluder_Quad::LoadSwapFile (830):  file open failed. (67_sec.ocq)
[21:29:25 PM]	CNtlPLHeatHazeObject::LoadSwapFile (724):  file open failed. (67_sec.hho)
[21:29:25 PM]	CNtlWorldShadow::LoadSwapFile (141):  file open failed. (82_sec.sdw)
[21:29:25 PM]	CNtlPLObject::LoadSwapFile (3324):  file open failed. (82_sec.objt)
[21:29:25 PM]	CNtlInstanceEffect::LoadSwapFile (807):  file open failed. (82_sec.eff)
[21:29:25 PM]	CNtlPLOccluder_Quad::LoadSwapFile (830):  file open failed. (82_sec.ocq)
[21:29:25 PM]	CNtlPLHeatHazeObject::LoadSwapFile (724):  file open failed. (82_sec.hho)
[21:29:25 PM]	CNtlWorldShadow::LoadSwapFile (141):  file open failed. (83_sec.sdw)
[21:29:25 PM]	CNtlPLObject::LoadSwapFile (3324):  file open failed. (83_sec.objt)
[21:29:25 PM]	CNtlInstanceEffect::LoadSwapFile (807):  file open failed. (83_sec.eff)
[21:29:25 PM]	CNtlPLOccluder_Quad::LoadSwapFile (830):  file open failed. (83_sec.ocq)
[21:29:25 PM]	CNtlPLHeatHazeObject::LoadSwapFile (724):  file open failed. (83_sec.hho)
[21:29:25 PM]	CNtlWorldShadow::LoadSwapFile (141):  file open failed. (68_sec.sdw)
[21:29:25 PM]	CNtlPLObject::LoadSwapFile (3324):  file open failed. (68_sec.objt)
[21:29:25 PM]	CNtlInstanceEffect::LoadSwapFile (807):  file open failed. (68_sec.eff)
[21:29:25 PM]	CNtlPLOccluder_Quad::LoadSwapFile (830):  file open failed. (68_sec.ocq)
[21:29:25 PM]	CNtlPLHeatHazeObject::LoadSwapFile (724):  file open failed. (68_sec.hho)
[21:29:25 PM]	CNtlWorldShadow::LoadSwapFile (141):  file open failed. (69_sec.sdw)
[21:29:25 PM]	CNtlPLObject::LoadSwapFile (3324):  file open failed. (69_sec.objt)
[21:29:25 PM]	CNtlInstanceEffect::LoadSwapFile (807):  file open failed. (69_sec.eff)
[21:29:25 PM]	CNtlPLOccluder_Quad::LoadSwapFile (830):  file open failed. (69_sec.ocq)
[21:29:25 PM]	CNtlPLHeatHazeObject::LoadSwapFile (724):  file open failed. (69_sec.hho)
[21:29:25 PM]	CNtlWorldShadow::LoadSwapFile (141):  file open failed. (84_sec.sdw)
[21:29:26 PM]	CNtlPLObject::LoadSwapFile (3324):  file open failed. (84_sec.objt)
[21:29:26 PM]	CNtlInstanceEffect::LoadSwapFile (807):  file open failed. (84_sec.eff)
[21:29:26 PM]	CNtlPLOccluder_Quad::LoadSwapFile (830):  file open failed. (84_sec.ocq)
[21:29:26 PM]	CNtlPLHeatHazeObject::LoadSwapFile (724):  file open failed. (84_sec.hho)
[21:29:26 PM]	CNtlWorldShadow::LoadSwapFile (141):  file open failed. (85_sec.sdw)
[21:29:26 PM]	CNtlPLObject::LoadSwapFile (3324):  file open failed. (85_sec.objt)
[21:29:26 PM]	CNtlInstanceEffect::LoadSwapFile (807):  file open failed. (85_sec.eff)
[21:29:26 PM]	CNtlPLOccluder_Quad::LoadSwapFile (830):  file open failed. (85_sec.ocq)
[21:29:26 PM]	CNtlPLHeatHazeObject::LoadSwapFile (724):  file open failed. (85_sec.hho)
[21:29:26 PM]	CNtlWorldShadow::LoadSwapFile (141):  file open failed. (70_sec.sdw)
[21:29:26 PM]	CNtlPLObject::LoadSwapFile (3324):  file open failed. (70_sec.objt)
[21:29:26 PM]	CNtlInstanceEffect::LoadSwapFile (807):  file open failed. (70_sec.eff)
[21:29:26 PM]	CNtlPLOccluder_Quad::LoadSwapFile (830):  file open failed. (70_sec.ocq)
[21:29:26 PM]	CNtlPLHeatHazeObject::LoadSwapFile (724):  file open failed. (70_sec.hho)
[21:29:26 PM]	CNtlWorldShadow::LoadSwapFile (141):  file open failed. (71_sec.sdw)
[21:29:26 PM]	CNtlPLObject::LoadSwapFile (3324):  file open failed. (71_sec.objt)
[21:29:26 PM]	CNtlInstanceEffect::LoadSwapFile (807):  file open failed. (71_sec.eff)
[21:29:26 PM]	CNtlPLOccluder_Quad::LoadSwapFile (830):  file open failed. (71_sec.ocq)
[21:29:26 PM]	CNtlPLHeatHazeObject::LoadSwapFile (724):  file open failed. (71_sec.hho)
[21:29:26 PM]	CNtlWorldShadow::LoadSwapFile (141):  file open failed. (86_sec.sdw)
[21:29:26 PM]	CNtlPLObject::LoadSwapFile (3324):  file open failed. (86_sec.objt)
[21:29:26 PM]	CNtlInstanceEffect::LoadSwapFile (807):  file open failed. (86_sec.eff)
[21:29:26 PM]	CNtlPLOccluder_Quad::LoadSwapFile (830):  file open failed. (86_sec.ocq)
[21:29:26 PM]	CNtlPLHeatHazeObject::LoadSwapFile (724):  file open failed. (86_sec.hho)
[21:29:26 PM]	CNtlWorldShadow::LoadSwapFile (141):  file open failed. (87_sec.sdw)
