[20:30:51 PM]	=============== Start Trace ===============

[20:30:51 PM]	 === < SABER > Trace Start === 
[20:33:05 PM]	CNtlPLPropertyContainer::AddProp (258):  prop defined.(A_HMY_F_AD)
[20:33:14 PM]	CNtlPLPropertyContainer::AddProp (258):  prop defined.(FRIEZARACE)
[20:33:59 PM]	CNtlPLVisualManager::GetHeightFieldWorldHeight (1170):  GetWorldHeight : Failed : IN(0,0,0), OUT_HEIGHT(-999)
[20:34:04 PM]	CNtlPLVisualManager::CreateEntity (688):  CNtlPLVisualManager::CreateEntity the property(.xml) find not(obj_06_kiri_impregnator)
[20:36:15 PM]	CNtlPLVisualManager::CreateEntity (688):  CNtlPLVisualManager::CreateEntity the property(.xml) find not(obj_06_kiri_impregnator)
[20:36:15 PM]	CNtlPLVisualManager::CreateEntity (688):  CNtlPLVisualManager::CreateEntity the property(.xml) find not(obj_06_kiri_impregnator)
[20:36:15 PM]	CNtlPLVisualManager::CreateEntity (688):  CNtlPLVisualManager::CreateEntity the property(.xml) find not(obj_06_kiri_impregnator)
[20:36:19 PM]	CNtlPLVisualManager::CreateEntity (688):  CNtlPLVisualManager::CreateEntity the property(.xml) find not(obj_06_kiri_impregnator)
[20:36:19 PM]	CNtlPLVisualManager::CreateEntity (688):  CNtlPLVisualManager::CreateEntity the property(.xml) find not(obj_06_kiri_impregnator)
[20:37:25 PM]	CNtlWorldShadow::LoadSwapFile (141):  file open failed. (3432_sec.sdw)
[20:37:25 PM]	CNtlPLObject::LoadSwapFile (3322):  file open failed. (3432_sec.objt)
[20:37:25 PM]	CNtlInstanceEffect::LoadSwapFile (801):  file open failed. (3432_sec.eff)
[20:37:25 PM]	CNtlPLOccluder_Quad::LoadSwapFile (830):  file open failed. (3432_sec.ocq)
[20:37:25 PM]	CNtlPLHeatHazeObject::LoadSwapFile (724):  file open failed. (3432_sec.hho)
[20:37:25 PM]	CNtlWorldShadow::LoadSwapFile (141):  file open failed. (3433_sec.sdw)
[20:37:25 PM]	CNtlPLObject::LoadSwapFile (3322):  file open failed. (3433_sec.objt)
[20:37:25 PM]	CNtlInstanceEffect::LoadSwapFile (801):  file open failed. (3433_sec.eff)
[20:37:25 PM]	CNtlPLOccluder_Quad::LoadSwapFile (830):  file open failed. (3433_sec.ocq)
[20:37:25 PM]	CNtlPLHeatHazeObject::LoadSwapFile (724):  file open failed. (3433_sec.hho)
[20:37:25 PM]	CNtlWorldShadow::LoadSwapFile (141):  file open failed. (3560_sec.sdw)
[20:37:25 PM]	CNtlPLObject::LoadSwapFile (3322):  file open failed. (3560_sec.objt)
[20:37:25 PM]	CNtlInstanceEffect::LoadSwapFile (801):  file open failed. (3560_sec.eff)
[20:37:25 PM]	CNtlPLOccluder_Quad::LoadSwapFile (830):  file open failed. (3560_sec.ocq)
[20:37:25 PM]	CNtlPLHeatHazeObject::LoadSwapFile (724):  file open failed. (3560_sec.hho)
[20:37:25 PM]	CNtlWorldShadow::LoadSwapFile (141):  file open failed. (3561_sec.sdw)
[20:37:26 PM]	CNtlPLObject::LoadSwapFile (3322):  file open failed. (3561_sec.objt)
[20:37:26 PM]	CNtlInstanceEffect::LoadSwapFile (801):  file open failed. (3561_sec.eff)
[20:37:26 PM]	CNtlPLOccluder_Quad::LoadSwapFile (830):  file open failed. (3561_sec.ocq)
[20:37:26 PM]	CNtlPLHeatHazeObject::LoadSwapFile (724):  file open failed. (3561_sec.hho)
[20:37:26 PM]	CNtlWorldShadow::LoadSwapFile (141):  file open failed. (3434_sec.sdw)
[20:37:26 PM]	CNtlPLObject::LoadSwapFile (3322):  file open failed. (3434_sec.objt)
[20:37:26 PM]	CNtlInstanceEffect::LoadSwapFile (801):  file open failed. (3434_sec.eff)
[20:37:26 PM]	CNtlPLOccluder_Quad::LoadSwapFile (830):  file open failed. (3434_sec.ocq)
[20:37:26 PM]	CNtlPLHeatHazeObject::LoadSwapFile (724):  file open failed. (3434_sec.hho)
[20:37:26 PM]	CNtlWorldShadow::LoadSwapFile (141):  file open failed. (3435_sec.sdw)
[20:37:26 PM]	CNtlPLObject::LoadSwapFile (3322):  file open failed. (3435_sec.objt)
[20:37:26 PM]	CNtlInstanceEffect::LoadSwapFile (801):  file open failed. (3435_sec.eff)
[20:37:26 PM]	CNtlPLOccluder_Quad::LoadSwapFile (830):  file open failed. (3435_sec.ocq)
[20:37:26 PM]	CNtlPLHeatHazeObject::LoadSwapFile (724):  file open failed. (3435_sec.hho)
[20:37:26 PM]	CNtlWorldShadow::LoadSwapFile (141):  file open failed. (3562_sec.sdw)
[20:37:26 PM]	CNtlPLObject::LoadSwapFile (3322):  file open failed. (3562_sec.objt)
[20:37:26 PM]	CNtlInstanceEffect::LoadSwapFile (801):  file open failed. (3562_sec.eff)
[20:37:26 PM]	CNtlPLOccluder_Quad::LoadSwapFile (830):  file open failed. (3562_sec.ocq)
[20:37:26 PM]	CNtlPLHeatHazeObject::LoadSwapFile (724):  file open failed. (3562_sec.hho)
[20:37:26 PM]	CNtlWorldShadow::LoadSwapFile (141):  file open failed. (3563_sec.sdw)
[20:37:26 PM]	CNtlPLObject::LoadSwapFile (3322):  file open failed. (3563_sec.objt)
[20:37:26 PM]	CNtlInstanceEffect::LoadSwapFile (801):  file open failed. (3563_sec.eff)
[20:37:26 PM]	CNtlPLOccluder_Quad::LoadSwapFile (830):  file open failed. (3563_sec.ocq)
[20:37:26 PM]	CNtlPLHeatHazeObject::LoadSwapFile (724):  file open failed. (3563_sec.hho)
[20:37:26 PM]	CNtlWorldShadow::LoadSwapFile (141):  file open failed. (3436_sec.sdw)
[20:37:26 PM]	CNtlPLObject::LoadSwapFile (3322):  file open failed. (3436_sec.objt)
[20:37:26 PM]	CNtlInstanceEffect::LoadSwapFile (801):  file open failed. (3436_sec.eff)
[20:37:26 PM]	CNtlPLOccluder_Quad::LoadSwapFile (830):  file open failed. (3436_sec.ocq)
[20:37:26 PM]	CNtlPLHeatHazeObject::LoadSwapFile (724):  file open failed. (3436_sec.hho)
[20:37:26 PM]	CNtlWorldShadow::LoadSwapFile (141):  file open failed. (3437_sec.sdw)
[20:37:26 PM]	CNtlPLObject::LoadSwapFile (3322):  file open failed. (3437_sec.objt)
[20:37:26 PM]	CNtlInstanceEffect::LoadSwapFile (801):  file open failed. (3437_sec.eff)
[20:37:26 PM]	CNtlPLOccluder_Quad::LoadSwapFile (830):  file open failed. (3437_sec.ocq)
[20:37:26 PM]	CNtlPLHeatHazeObject::LoadSwapFile (724):  file open failed. (3437_sec.hho)
[20:37:26 PM]	CNtlWorldShadow::LoadSwapFile (141):  file open failed. (3564_sec.sdw)
[20:37:26 PM]	CNtlPLObject::LoadSwapFile (3322):  file open failed. (3564_sec.objt)
[20:37:26 PM]	CNtlInstanceEffect::LoadSwapFile (801):  file open failed. (3564_sec.eff)
[20:37:26 PM]	CNtlPLOccluder_Quad::LoadSwapFile (830):  file open failed. (3564_sec.ocq)
[20:37:26 PM]	CNtlPLHeatHazeObject::LoadSwapFile (724):  file open failed. (3564_sec.hho)
[20:37:26 PM]	CNtlWorldShadow::LoadSwapFile (141):  file open failed. (3565_sec.sdw)
[20:37:26 PM]	CNtlPLObject::LoadSwapFile (3322):  file open failed. (3565_sec.objt)
[20:37:26 PM]	CNtlInstanceEffect::LoadSwapFile (801):  file open failed. (3565_sec.eff)
[20:37:26 PM]	CNtlPLOccluder_Quad::LoadSwapFile (830):  file open failed. (3565_sec.ocq)
[20:37:26 PM]	CNtlPLHeatHazeObject::LoadSwapFile (724):  file open failed. (3565_sec.hho)
[20:37:26 PM]	CNtlWorldShadow::LoadSwapFile (141):  file open failed. (3438_sec.sdw)
[20:37:26 PM]	CNtlPLObject::LoadSwapFile (3322):  file open failed. (3438_sec.objt)
[20:37:26 PM]	CNtlInstanceEffect::LoadSwapFile (801):  file open failed. (3438_sec.eff)
[20:37:26 PM]	CNtlPLOccluder_Quad::LoadSwapFile (830):  file open failed. (3438_sec.ocq)
[20:37:26 PM]	CNtlPLHeatHazeObject::LoadSwapFile (724):  file open failed. (3438_sec.hho)
[20:37:26 PM]	CNtlWorldShadow::LoadSwapFile (141):  file open failed. (3439_sec.sdw)
[20:37:26 PM]	CNtlPLObject::LoadSwapFile (3322):  file open failed. (3439_sec.objt)
[20:37:26 PM]	CNtlInstanceEffect::LoadSwapFile (801):  file open failed. (3439_sec.eff)
[20:37:26 PM]	CNtlPLOccluder_Quad::LoadSwapFile (830):  file open failed. (3439_sec.ocq)
[20:37:26 PM]	CNtlPLHeatHazeObject::LoadSwapFile (724):  file open failed. (3439_sec.hho)
[20:37:26 PM]	CNtlWorldShadow::LoadSwapFile (141):  file open failed. (3566_sec.sdw)
[20:37:26 PM]	CNtlPLObject::LoadSwapFile (3322):  file open failed. (3566_sec.objt)
[20:37:26 PM]	CNtlInstanceEffect::LoadSwapFile (801):  file open failed. (3566_sec.eff)
[20:37:26 PM]	CNtlPLOccluder_Quad::LoadSwapFile (830):  file open failed. (3566_sec.ocq)
[20:37:26 PM]	CNtlPLHeatHazeObject::LoadSwapFile (724):  file open failed. (3566_sec.hho)
[20:37:26 PM]	CNtlWorldShadow::LoadSwapFile (141):  file open failed. (3567_sec.sdw)
[20:37:27 PM]	CNtlPLObject::LoadSwapFile (3322):  file open failed. (3567_sec.objt)
[20:37:27 PM]	CNtlInstanceEffect::LoadSwapFile (801):  file open failed. (3567_sec.eff)
[20:37:27 PM]	CNtlPLOccluder_Quad::LoadSwapFile (830):  file open failed. (3567_sec.ocq)
[20:37:27 PM]	CNtlPLHeatHazeObject::LoadSwapFile (724):  file open failed. (3567_sec.hho)
[20:37:27 PM]	CNtlWorldShadow::LoadSwapFile (141):  file open failed. (3440_sec.sdw)
[20:37:27 PM]	CNtlPLObject::LoadSwapFile (3322):  file open failed. (3440_sec.objt)
[20:37:27 PM]	CNtlInstanceEffect::LoadSwapFile (801):  file open failed. (3440_sec.eff)
[20:37:27 PM]	CNtlPLOccluder_Quad::LoadSwapFile (830):  file open failed. (3440_sec.ocq)
[20:37:27 PM]	CNtlPLHeatHazeObject::LoadSwapFile (724):  file open failed. (3440_sec.hho)
[20:37:27 PM]	CNtlWorldShadow::LoadSwapFile (141):  file open failed. (3441_sec.sdw)
[20:37:27 PM]	CNtlPLObject::LoadSwapFile (3322):  file open failed. (3441_sec.objt)
[20:37:27 PM]	CNtlInstanceEffect::LoadSwapFile (801):  file open failed. (3441_sec.eff)
[20:37:27 PM]	CNtlPLOccluder_Quad::LoadSwapFile (830):  file open failed. (3441_sec.ocq)
[20:37:27 PM]	CNtlPLHeatHazeObject::LoadSwapFile (724):  file open failed. (3441_sec.hho)
[20:37:27 PM]	CNtlWorldShadow::LoadSwapFile (141):  file open failed. (3568_sec.sdw)
[20:37:27 PM]	CNtlPLObject::LoadSwapFile (3322):  file open failed. (3568_sec.objt)
[20:37:27 PM]	CNtlInstanceEffect::LoadSwapFile (801):  file open failed. (3568_sec.eff)
[20:37:27 PM]	CNtlPLOccluder_Quad::LoadSwapFile (830):  file open failed. (3568_sec.ocq)
[20:37:27 PM]	CNtlPLHeatHazeObject::LoadSwapFile (724):  file open failed. (3568_sec.hho)
[20:37:27 PM]	CNtlWorldShadow::LoadSwapFile (141):  file open failed. (3569_sec.sdw)
[20:37:27 PM]	CNtlPLObject::LoadSwapFile (3322):  file open failed. (3569_sec.objt)
[20:37:27 PM]	CNtlInstanceEffect::LoadSwapFile (801):  file open failed. (3569_sec.eff)
[20:37:27 PM]	CNtlPLOccluder_Quad::LoadSwapFile (830):  file open failed. (3569_sec.ocq)
[20:37:27 PM]	CNtlPLHeatHazeObject::LoadSwapFile (724):  file open failed. (3569_sec.hho)
[20:37:27 PM]	CNtlWorldShadow::LoadSwapFile (141):  file open failed. (3442_sec.sdw)
[20:37:27 PM]	CNtlPLObject::LoadSwapFile (3322):  file open failed. (3442_sec.objt)
[20:37:27 PM]	CNtlInstanceEffect::LoadSwapFile (801):  file open failed. (3442_sec.eff)
[20:37:27 PM]	CNtlPLOccluder_Quad::LoadSwapFile (830):  file open failed. (3442_sec.ocq)
[20:37:27 PM]	CNtlPLHeatHazeObject::LoadSwapFile (724):  file open failed. (3442_sec.hho)
[20:37:27 PM]	CNtlWorldShadow::LoadSwapFile (141):  file open failed. (3443_sec.sdw)
[20:37:27 PM]	CNtlPLObject::LoadSwapFile (3322):  file open failed. (3443_sec.objt)
[20:37:27 PM]	CNtlInstanceEffect::LoadSwapFile (801):  file open failed. (3443_sec.eff)
[20:37:27 PM]	CNtlPLOccluder_Quad::LoadSwapFile (830):  file open failed. (3443_sec.ocq)
[20:37:27 PM]	CNtlPLHeatHazeObject::LoadSwapFile (724):  file open failed. (3443_sec.hho)
[20:37:27 PM]	CNtlWorldShadow::LoadSwapFile (141):  file open failed. (3570_sec.sdw)
[20:37:27 PM]	CNtlPLObject::LoadSwapFile (3322):  file open failed. (3570_sec.objt)
[20:37:27 PM]	CNtlInstanceEffect::LoadSwapFile (801):  file open failed. (3570_sec.eff)
[20:37:27 PM]	CNtlPLOccluder_Quad::LoadSwapFile (830):  file open failed. (3570_sec.ocq)
[20:37:27 PM]	CNtlPLHeatHazeObject::LoadSwapFile (724):  file open failed. (3570_sec.hho)
[20:37:27 PM]	CNtlWorldShadow::LoadSwapFile (141):  file open failed. (3571_sec.sdw)
[20:37:27 PM]	CNtlPLObject::LoadSwapFile (3322):  file open failed. (3571_sec.objt)
[20:37:27 PM]	CNtlInstanceEffect::LoadSwapFile (801):  file open failed. (3571_sec.eff)
[20:37:27 PM]	CNtlPLOccluder_Quad::LoadSwapFile (830):  file open failed. (3571_sec.ocq)
[20:37:27 PM]	CNtlPLHeatHazeObject::LoadSwapFile (724):  file open failed. (3571_sec.hho)
[20:37:27 PM]	CNtlWorldShadow::LoadSwapFile (141):  file open failed. (3688_sec.sdw)
[20:37:28 PM]	CNtlPLObject::LoadSwapFile (3322):  file open failed. (3688_sec.objt)
[20:37:28 PM]	CNtlInstanceEffect::LoadSwapFile (801):  file open failed. (3688_sec.eff)
[20:37:28 PM]	CNtlPLOccluder_Quad::LoadSwapFile (830):  file open failed. (3688_sec.ocq)
[20:37:28 PM]	CNtlPLHeatHazeObject::LoadSwapFile (724):  file open failed. (3688_sec.hho)
[20:37:28 PM]	CNtlWorldShadow::LoadSwapFile (141):  file open failed. (3689_sec.sdw)
[20:37:28 PM]	CNtlPLObject::LoadSwapFile (3322):  file open failed. (3689_sec.objt)
[20:37:28 PM]	CNtlInstanceEffect::LoadSwapFile (801):  file open failed. (3689_sec.eff)
[20:37:28 PM]	CNtlPLOccluder_Quad::LoadSwapFile (830):  file open failed. (3689_sec.ocq)
[20:37:28 PM]	CNtlPLHeatHazeObject::LoadSwapFile (724):  file open failed. (3689_sec.hho)
[20:37:28 PM]	CNtlWorldShadow::LoadSwapFile (141):  file open failed. (3816_sec.sdw)
[20:37:28 PM]	CNtlPLObject::LoadSwapFile (3322):  file open failed. (3816_sec.objt)
[20:37:28 PM]	CNtlInstanceEffect::LoadSwapFile (801):  file open failed. (3816_sec.eff)
[20:37:28 PM]	CNtlPLOccluder_Quad::LoadSwapFile (830):  file open failed. (3816_sec.ocq)
[20:37:28 PM]	CNtlPLHeatHazeObject::LoadSwapFile (724):  file open failed. (3816_sec.hho)
[20:37:28 PM]	CNtlWorldShadow::LoadSwapFile (141):  file open failed. (3817_sec.sdw)
[20:37:28 PM]	CNtlPLObject::LoadSwapFile (3322):  file open failed. (3817_sec.objt)
[20:37:28 PM]	CNtlInstanceEffect::LoadSwapFile (801):  file open failed. (3817_sec.eff)
[20:37:28 PM]	CNtlPLOccluder_Quad::LoadSwapFile (830):  file open failed. (3817_sec.ocq)
[20:37:28 PM]	CNtlPLHeatHazeObject::LoadSwapFile (724):  file open failed. (3817_sec.hho)
[20:37:28 PM]	CNtlWorldShadow::LoadSwapFile (141):  file open failed. (3690_sec.sdw)
[20:37:28 PM]	CNtlPLObject::LoadSwapFile (3322):  file open failed. (3690_sec.objt)
[20:37:28 PM]	CNtlInstanceEffect::LoadSwapFile (801):  file open failed. (3690_sec.eff)
[20:37:28 PM]	CNtlPLOccluder_Quad::LoadSwapFile (830):  file open failed. (3690_sec.ocq)
[20:37:28 PM]	CNtlPLHeatHazeObject::LoadSwapFile (724):  file open failed. (3690_sec.hho)
[20:37:28 PM]	CNtlWorldShadow::LoadSwapFile (141):  file open failed. (3691_sec.sdw)
[20:37:28 PM]	CNtlPLObject::LoadSwapFile (3322):  file open failed. (3691_sec.objt)
[20:37:28 PM]	CNtlInstanceEffect::LoadSwapFile (801):  file open failed. (3691_sec.eff)
[20:37:28 PM]	CNtlPLOccluder_Quad::LoadSwapFile (830):  file open failed. (3691_sec.ocq)
[20:37:28 PM]	CNtlPLHeatHazeObject::LoadSwapFile (724):  file open failed. (3691_sec.hho)
[20:37:28 PM]	CNtlWorldShadow::LoadSwapFile (141):  file open failed. (3818_sec.sdw)
[20:37:28 PM]	CNtlPLObject::LoadSwapFile (3322):  file open failed. (3818_sec.objt)
[20:37:28 PM]	CNtlInstanceEffect::LoadSwapFile (801):  file open failed. (3818_sec.eff)
[20:37:28 PM]	CNtlPLOccluder_Quad::LoadSwapFile (830):  file open failed. (3818_sec.ocq)
[20:37:28 PM]	CNtlPLHeatHazeObject::LoadSwapFile (724):  file open failed. (3818_sec.hho)
[20:37:28 PM]	CNtlWorldShadow::LoadSwapFile (141):  file open failed. (3819_sec.sdw)
[20:37:28 PM]	CNtlPLObject::LoadSwapFile (3322):  file open failed. (3819_sec.objt)
[20:37:28 PM]	CNtlInstanceEffect::LoadSwapFile (801):  file open failed. (3819_sec.eff)
[20:37:28 PM]	CNtlPLOccluder_Quad::LoadSwapFile (830):  file open failed. (3819_sec.ocq)
[20:37:28 PM]	CNtlPLHeatHazeObject::LoadSwapFile (724):  file open failed. (3819_sec.hho)
[20:37:28 PM]	CNtlWorldShadow::LoadSwapFile (141):  file open failed. (3692_sec.sdw)
[20:37:28 PM]	CNtlPLObject::LoadSwapFile (3322):  file open failed. (3692_sec.objt)
[20:37:28 PM]	CNtlInstanceEffect::LoadSwapFile (801):  file open failed. (3692_sec.eff)
[20:37:28 PM]	CNtlPLOccluder_Quad::LoadSwapFile (830):  file open failed. (3692_sec.ocq)
[20:37:28 PM]	CNtlPLHeatHazeObject::LoadSwapFile (724):  file open failed. (3692_sec.hho)
[20:37:28 PM]	CNtlWorldShadow::LoadSwapFile (141):  file open failed. (3693_sec.sdw)
[20:37:28 PM]	CNtlPLObject::LoadSwapFile (3322):  file open failed. (3693_sec.objt)
[20:37:28 PM]	CNtlInstanceEffect::LoadSwapFile (801):  file open failed. (3693_sec.eff)
[20:37:28 PM]	CNtlPLOccluder_Quad::LoadSwapFile (830):  file open failed. (3693_sec.ocq)
[20:37:28 PM]	CNtlPLHeatHazeObject::LoadSwapFile (724):  file open failed. (3693_sec.hho)
[20:37:28 PM]	CNtlWorldShadow::LoadSwapFile (141):  file open failed. (3820_sec.sdw)
[20:37:28 PM]	CNtlPLObject::LoadSwapFile (3322):  file open failed. (3820_sec.objt)
[20:37:28 PM]	CNtlInstanceEffect::LoadSwapFile (801):  file open failed. (3820_sec.eff)
[20:37:29 PM]	CNtlPLOccluder_Quad::LoadSwapFile (830):  file open failed. (3820_sec.ocq)
[20:37:29 PM]	CNtlPLHeatHazeObject::LoadSwapFile (724):  file open failed. (3820_sec.hho)
[20:37:29 PM]	CNtlWorldShadow::LoadSwapFile (141):  file open failed. (3821_sec.sdw)
[20:37:29 PM]	CNtlPLObject::LoadSwapFile (3322):  file open failed. (3821_sec.objt)
[20:37:29 PM]	CNtlInstanceEffect::LoadSwapFile (801):  file open failed. (3821_sec.eff)
[20:37:29 PM]	CNtlPLOccluder_Quad::LoadSwapFile (830):  file open failed. (3821_sec.ocq)
[20:37:29 PM]	CNtlPLHeatHazeObject::LoadSwapFile (724):  file open failed. (3821_sec.hho)
[20:37:29 PM]	CNtlWorldShadow::LoadSwapFile (141):  file open failed. (3694_sec.sdw)
[20:37:29 PM]	CNtlPLObject::LoadSwapFile (3322):  file open failed. (3694_sec.objt)
[20:37:29 PM]	CNtlInstanceEffect::LoadSwapFile (801):  file open failed. (3694_sec.eff)
[20:37:29 PM]	CNtlPLOccluder_Quad::LoadSwapFile (830):  file open failed. (3694_sec.ocq)
[20:37:29 PM]	CNtlPLHeatHazeObject::LoadSwapFile (724):  file open failed. (3694_sec.hho)
[20:37:29 PM]	CNtlWorldShadow::LoadSwapFile (141):  file open failed. (3695_sec.sdw)
[20:37:29 PM]	CNtlPLObject::LoadSwapFile (3322):  file open failed. (3695_sec.objt)
[20:37:29 PM]	CNtlInstanceEffect::LoadSwapFile (801):  file open failed. (3695_sec.eff)
[20:37:29 PM]	CNtlPLOccluder_Quad::LoadSwapFile (830):  file open failed. (3695_sec.ocq)
[20:37:29 PM]	CNtlPLHeatHazeObject::LoadSwapFile (724):  file open failed. (3695_sec.hho)
[20:37:29 PM]	CNtlWorldShadow::LoadSwapFile (141):  file open failed. (3822_sec.sdw)
[20:37:29 PM]	CNtlPLObject::LoadSwapFile (3322):  file open failed. (3822_sec.objt)
[20:37:29 PM]	CNtlInstanceEffect::LoadSwapFile (801):  file open failed. (3822_sec.eff)
[20:37:29 PM]	CNtlPLOccluder_Quad::LoadSwapFile (830):  file open failed. (3822_sec.ocq)
[20:37:29 PM]	CNtlPLHeatHazeObject::LoadSwapFile (724):  file open failed. (3822_sec.hho)
[20:37:29 PM]	CNtlWorldShadow::LoadSwapFile (141):  file open failed. (3823_sec.sdw)
[20:37:29 PM]	CNtlPLObject::LoadSwapFile (3322):  file open failed. (3823_sec.objt)
[20:37:29 PM]	CNtlInstanceEffect::LoadSwapFile (801):  file open failed. (3823_sec.eff)
[20:37:29 PM]	CNtlPLOccluder_Quad::LoadSwapFile (830):  file open failed. (3823_sec.ocq)
[20:37:29 PM]	CNtlPLHeatHazeObject::LoadSwapFile (724):  file open failed. (3823_sec.hho)
[20:37:29 PM]	CNtlWorldShadow::LoadSwapFile (141):  file open failed. (3696_sec.sdw)
[20:37:29 PM]	CNtlPLObject::LoadSwapFile (3322):  file open failed. (3696_sec.objt)
[20:37:29 PM]	CNtlInstanceEffect::LoadSwapFile (801):  file open failed. (3696_sec.eff)
[20:37:29 PM]	CNtlPLOccluder_Quad::LoadSwapFile (830):  file open failed. (3696_sec.ocq)
[20:37:29 PM]	CNtlPLHeatHazeObject::LoadSwapFile (724):  file open failed. (3696_sec.hho)
[20:37:29 PM]	CNtlWorldShadow::LoadSwapFile (141):  file open failed. (3697_sec.sdw)
[20:37:29 PM]	CNtlPLObject::LoadSwapFile (3322):  file open failed. (3697_sec.objt)
[20:37:29 PM]	CNtlInstanceEffect::LoadSwapFile (801):  file open failed. (3697_sec.eff)
[20:37:29 PM]	CNtlPLOccluder_Quad::LoadSwapFile (830):  file open failed. (3697_sec.ocq)
[20:37:29 PM]	CNtlPLHeatHazeObject::LoadSwapFile (724):  file open failed. (3697_sec.hho)
[20:37:29 PM]	CNtlWorldShadow::LoadSwapFile (141):  file open failed. (3824_sec.sdw)
[20:37:30 PM]	CNtlPLObject::LoadSwapFile (3322):  file open failed. (3824_sec.objt)
[20:37:30 PM]	CNtlInstanceEffect::LoadSwapFile (801):  file open failed. (3824_sec.eff)
[20:37:30 PM]	CNtlPLOccluder_Quad::LoadSwapFile (830):  file open failed. (3824_sec.ocq)
[20:37:30 PM]	CNtlPLHeatHazeObject::LoadSwapFile (724):  file open failed. (3824_sec.hho)
[20:37:30 PM]	CNtlWorldShadow::LoadSwapFile (141):  file open failed. (3825_sec.sdw)
[20:37:31 PM]	CNtlPLObject::LoadSwapFile (3322):  file open failed. (3825_sec.objt)
[20:37:31 PM]	CNtlInstanceEffect::LoadSwapFile (801):  file open failed. (3825_sec.eff)
[20:37:31 PM]	CNtlPLOccluder_Quad::LoadSwapFile (830):  file open failed. (3825_sec.ocq)
[20:37:31 PM]	CNtlPLHeatHazeObject::LoadSwapFile (724):  file open failed. (3825_sec.hho)
[20:37:31 PM]	CNtlWorldShadow::LoadSwapFile (141):  file open failed. (3698_sec.sdw)
[20:37:31 PM]	CNtlPLObject::LoadSwapFile (3322):  file open failed. (3698_sec.objt)
[20:37:31 PM]	CNtlInstanceEffect::LoadSwapFile (801):  file open failed. (3698_sec.eff)
[20:37:31 PM]	CNtlPLOccluder_Quad::LoadSwapFile (830):  file open failed. (3698_sec.ocq)
[20:37:31 PM]	CNtlPLHeatHazeObject::LoadSwapFile (724):  file open failed. (3698_sec.hho)
[20:37:31 PM]	CNtlWorldShadow::LoadSwapFile (141):  file open failed. (3699_sec.sdw)
[20:37:31 PM]	CNtlPLObject::LoadSwapFile (3322):  file open failed. (3699_sec.objt)
[20:37:31 PM]	CNtlInstanceEffect::LoadSwapFile (801):  file open failed. (3699_sec.eff)
[20:37:31 PM]	CNtlPLOccluder_Quad::LoadSwapFile (830):  file open failed. (3699_sec.ocq)
[20:37:31 PM]	CNtlPLHeatHazeObject::LoadSwapFile (724):  file open failed. (3699_sec.hho)
[20:37:31 PM]	CNtlWorldShadow::LoadSwapFile (141):  file open failed. (3826_sec.sdw)
[20:37:31 PM]	CNtlPLObject::LoadSwapFile (3322):  file open failed. (3826_sec.objt)
[20:37:31 PM]	CNtlInstanceEffect::LoadSwapFile (801):  file open failed. (3826_sec.eff)
[20:37:31 PM]	CNtlPLOccluder_Quad::LoadSwapFile (830):  file open failed. (3826_sec.ocq)
[20:37:31 PM]	CNtlPLHeatHazeObject::LoadSwapFile (724):  file open failed. (3826_sec.hho)
[20:37:31 PM]	CNtlWorldShadow::LoadSwapFile (141):  file open failed. (3827_sec.sdw)
[20:37:31 PM]	CNtlPLObject::LoadSwapFile (3322):  file open failed. (3827_sec.objt)
[20:37:31 PM]	CNtlInstanceEffect::LoadSwapFile (801):  file open failed. (3827_sec.eff)
[20:37:31 PM]	CNtlPLOccluder_Quad::LoadSwapFile (830):  file open failed. (3827_sec.ocq)
[20:37:31 PM]	CNtlPLHeatHazeObject::LoadSwapFile (724):  file open failed. (3827_sec.hho)
[20:37:32 PM]	CNtlWorldShadow::LoadSwapFile (141):  file open failed. (3944_sec.sdw)
[20:37:32 PM]	CNtlPLObject::LoadSwapFile (3322):  file open failed. (3944_sec.objt)
[20:37:32 PM]	CNtlInstanceEffect::LoadSwapFile (801):  file open failed. (3944_sec.eff)
[20:37:32 PM]	CNtlPLOccluder_Quad::LoadSwapFile (830):  file open failed. (3944_sec.ocq)
[20:37:32 PM]	CNtlPLHeatHazeObject::LoadSwapFile (724):  file open failed. (3944_sec.hho)
[20:37:32 PM]	CNtlWorldShadow::LoadSwapFile (141):  file open failed. (3945_sec.sdw)
[20:37:32 PM]	CNtlPLObject::LoadSwapFile (3322):  file open failed. (3945_sec.objt)
[20:37:32 PM]	CNtlInstanceEffect::LoadSwapFile (801):  file open failed. (3945_sec.eff)
[20:37:32 PM]	CNtlPLOccluder_Quad::LoadSwapFile (830):  file open failed. (3945_sec.ocq)
[20:37:32 PM]	CNtlPLHeatHazeObject::LoadSwapFile (724):  file open failed. (3945_sec.hho)
[20:37:32 PM]	CNtlWorldShadow::LoadSwapFile (141):  file open failed. (4072_sec.sdw)
[20:37:32 PM]	CNtlPLObject::LoadSwapFile (3322):  file open failed. (4072_sec.objt)
[20:37:32 PM]	CNtlInstanceEffect::LoadSwapFile (801):  file open failed. (4072_sec.eff)
[20:37:32 PM]	CNtlPLOccluder_Quad::LoadSwapFile (830):  file open failed. (4072_sec.ocq)
[20:37:32 PM]	CNtlPLHeatHazeObject::LoadSwapFile (724):  file open failed. (4072_sec.hho)
[20:37:32 PM]	CNtlWorldShadow::LoadSwapFile (141):  file open failed. (4073_sec.sdw)
[20:37:32 PM]	CNtlPLObject::LoadSwapFile (3322):  file open failed. (4073_sec.objt)
[20:37:32 PM]	CNtlInstanceEffect::LoadSwapFile (801):  file open failed. (4073_sec.eff)
[20:37:32 PM]	CNtlPLOccluder_Quad::LoadSwapFile (830):  file open failed. (4073_sec.ocq)
[20:37:32 PM]	CNtlPLHeatHazeObject::LoadSwapFile (724):  file open failed. (4073_sec.hho)
[20:37:32 PM]	CNtlWorldShadow::LoadSwapFile (141):  file open failed. (3946_sec.sdw)
[20:37:32 PM]	CNtlPLObject::LoadSwapFile (3322):  file open failed. (3946_sec.objt)
[20:37:32 PM]	CNtlInstanceEffect::LoadSwapFile (801):  file open failed. (3946_sec.eff)
[20:37:32 PM]	CNtlPLOccluder_Quad::LoadSwapFile (830):  file open failed. (3946_sec.ocq)
[20:37:32 PM]	CNtlPLHeatHazeObject::LoadSwapFile (724):  file open failed. (3946_sec.hho)
[20:37:32 PM]	CNtlWorldShadow::LoadSwapFile (141):  file open failed. (3947_sec.sdw)
[20:37:32 PM]	CNtlPLObject::LoadSwapFile (3322):  file open failed. (3947_sec.objt)
[20:37:32 PM]	CNtlInstanceEffect::LoadSwapFile (801):  file open failed. (3947_sec.eff)
[20:37:32 PM]	CNtlPLOccluder_Quad::LoadSwapFile (830):  file open failed. (3947_sec.ocq)
[20:37:32 PM]	CNtlPLHeatHazeObject::LoadSwapFile (724):  file open failed. (3947_sec.hho)
[20:37:32 PM]	CNtlWorldShadow::LoadSwapFile (141):  file open failed. (4074_sec.sdw)
[20:37:32 PM]	CNtlPLObject::LoadSwapFile (3322):  file open failed. (4074_sec.objt)
[20:37:32 PM]	CNtlInstanceEffect::LoadSwapFile (801):  file open failed. (4074_sec.eff)
[20:37:32 PM]	CNtlPLOccluder_Quad::LoadSwapFile (830):  file open failed. (4074_sec.ocq)
[20:37:32 PM]	CNtlPLHeatHazeObject::LoadSwapFile (724):  file open failed. (4074_sec.hho)
[20:37:32 PM]	CNtlWorldShadow::LoadSwapFile (141):  file open failed. (4075_sec.sdw)
[20:37:32 PM]	CNtlPLObject::LoadSwapFile (3322):  file open failed. (4075_sec.objt)
[20:37:32 PM]	CNtlInstanceEffect::LoadSwapFile (801):  file open failed. (4075_sec.eff)
[20:37:32 PM]	CNtlPLOccluder_Quad::LoadSwapFile (830):  file open failed. (4075_sec.ocq)
[20:37:32 PM]	CNtlPLHeatHazeObject::LoadSwapFile (724):  file open failed. (4075_sec.hho)
[20:37:32 PM]	CNtlWorldShadow::LoadSwapFile (141):  file open failed. (3948_sec.sdw)
[20:37:32 PM]	CNtlPLObject::LoadSwapFile (3322):  file open failed. (3948_sec.objt)
[20:37:32 PM]	CNtlInstanceEffect::LoadSwapFile (801):  file open failed. (3948_sec.eff)
[20:37:32 PM]	CNtlPLOccluder_Quad::LoadSwapFile (830):  file open failed. (3948_sec.ocq)
[20:37:32 PM]	CNtlPLHeatHazeObject::LoadSwapFile (724):  file open failed. (3948_sec.hho)
[20:37:32 PM]	CNtlWorldShadow::LoadSwapFile (141):  file open failed. (3949_sec.sdw)
[20:37:32 PM]	CNtlPLObject::LoadSwapFile (3322):  file open failed. (3949_sec.objt)
[20:37:32 PM]	CNtlInstanceEffect::LoadSwapFile (801):  file open failed. (3949_sec.eff)
[20:37:32 PM]	CNtlPLOccluder_Quad::LoadSwapFile (830):  file open failed. (3949_sec.ocq)
[20:37:32 PM]	CNtlPLHeatHazeObject::LoadSwapFile (724):  file open failed. (3949_sec.hho)
[20:37:33 PM]	CNtlWorldShadow::LoadSwapFile (141):  file open failed. (4076_sec.sdw)
[20:37:33 PM]	CNtlPLObject::LoadSwapFile (3322):  file open failed. (4076_sec.objt)
[20:37:33 PM]	CNtlInstanceEffect::LoadSwapFile (801):  file open failed. (4076_sec.eff)
[20:37:33 PM]	CNtlPLOccluder_Quad::LoadSwapFile (830):  file open failed. (4076_sec.ocq)
[20:37:33 PM]	CNtlPLHeatHazeObject::LoadSwapFile (724):  file open failed. (4076_sec.hho)
[20:37:33 PM]	CNtlWorldShadow::LoadSwapFile (141):  file open failed. (4077_sec.sdw)
[20:37:33 PM]	CNtlPLObject::LoadSwapFile (3322):  file open failed. (4077_sec.objt)
[20:37:33 PM]	CNtlInstanceEffect::LoadSwapFile (801):  file open failed. (4077_sec.eff)
[20:37:33 PM]	CNtlPLOccluder_Quad::LoadSwapFile (830):  file open failed. (4077_sec.ocq)
[20:37:33 PM]	CNtlPLHeatHazeObject::LoadSwapFile (724):  file open failed. (4077_sec.hho)
[20:37:33 PM]	CNtlWorldShadow::LoadSwapFile (141):  file open failed. (3950_sec.sdw)
[20:37:33 PM]	CNtlPLObject::LoadSwapFile (3322):  file open failed. (3950_sec.objt)
[20:37:33 PM]	CNtlInstanceEffect::LoadSwapFile (801):  file open failed. (3950_sec.eff)
[20:37:33 PM]	CNtlPLOccluder_Quad::LoadSwapFile (830):  file open failed. (3950_sec.ocq)
[20:37:33 PM]	CNtlPLHeatHazeObject::LoadSwapFile (724):  file open failed. (3950_sec.hho)
[20:37:33 PM]	CNtlWorldShadow::LoadSwapFile (141):  file open failed. (3951_sec.sdw)
[20:37:34 PM]	CNtlPLObject::LoadSwapFile (3322):  file open failed. (3951_sec.objt)
[20:37:34 PM]	CNtlInstanceEffect::LoadSwapFile (801):  file open failed. (3951_sec.eff)
[20:37:34 PM]	CNtlPLOccluder_Quad::LoadSwapFile (830):  file open failed. (3951_sec.ocq)
[20:37:34 PM]	CNtlPLHeatHazeObject::LoadSwapFile (724):  file open failed. (3951_sec.hho)
[20:37:34 PM]	CNtlWorldShadow::LoadSwapFile (141):  file open failed. (4078_sec.sdw)
[20:37:34 PM]	CNtlPLObject::LoadSwapFile (3322):  file open failed. (4078_sec.objt)
[20:37:34 PM]	CNtlInstanceEffect::LoadSwapFile (801):  file open failed. (4078_sec.eff)
[20:37:34 PM]	CNtlPLOccluder_Quad::LoadSwapFile (830):  file open failed. (4078_sec.ocq)
[20:37:34 PM]	CNtlPLHeatHazeObject::LoadSwapFile (724):  file open failed. (4078_sec.hho)
[20:37:34 PM]	CNtlWorldShadow::LoadSwapFile (141):  file open failed. (4079_sec.sdw)
[20:37:35 PM]	CNtlPLObject::LoadSwapFile (3322):  file open failed. (4079_sec.objt)
[20:37:35 PM]	CNtlInstanceEffect::LoadSwapFile (801):  file open failed. (4079_sec.eff)
[20:37:35 PM]	CNtlPLOccluder_Quad::LoadSwapFile (830):  file open failed. (4079_sec.ocq)
[20:37:35 PM]	CNtlPLHeatHazeObject::LoadSwapFile (724):  file open failed. (4079_sec.hho)
[20:37:35 PM]	CNtlWorldShadow::LoadSwapFile (141):  file open failed. (3952_sec.sdw)
[20:37:35 PM]	CNtlPLObject::LoadSwapFile (3322):  file open failed. (3952_sec.objt)
[20:37:35 PM]	CNtlInstanceEffect::LoadSwapFile (801):  file open failed. (3952_sec.eff)
[20:37:35 PM]	CNtlPLOccluder_Quad::LoadSwapFile (830):  file open failed. (3952_sec.ocq)
[20:37:35 PM]	CNtlPLHeatHazeObject::LoadSwapFile (724):  file open failed. (3952_sec.hho)
[20:37:35 PM]	CNtlWorldShadow::LoadSwapFile (141):  file open failed. (3953_sec.sdw)
[20:37:35 PM]	CNtlPLObject::LoadSwapFile (3322):  file open failed. (3953_sec.objt)
[20:37:36 PM]	CNtlInstanceEffect::LoadSwapFile (801):  file open failed. (3953_sec.eff)
[20:37:36 PM]	CNtlPLOccluder_Quad::LoadSwapFile (830):  file open failed. (3953_sec.ocq)
[20:37:36 PM]	CNtlPLHeatHazeObject::LoadSwapFile (724):  file open failed. (3953_sec.hho)
[20:37:36 PM]	CNtlWorldShadow::LoadSwapFile (141):  file open failed. (4080_sec.sdw)
[20:37:36 PM]	CNtlPLObject::LoadSwapFile (3322):  file open failed. (4080_sec.objt)
[20:37:36 PM]	CNtlInstanceEffect::LoadSwapFile (801):  file open failed. (4080_sec.eff)
[20:37:36 PM]	CNtlPLOccluder_Quad::LoadSwapFile (830):  file open failed. (4080_sec.ocq)
[20:37:36 PM]	CNtlPLHeatHazeObject::LoadSwapFile (724):  file open failed. (4080_sec.hho)
[20:37:36 PM]	CNtlWorldShadow::LoadSwapFile (141):  file open failed. (4081_sec.sdw)
[20:37:36 PM]	CNtlPLObject::LoadSwapFile (3322):  file open failed. (4081_sec.objt)
[20:37:36 PM]	CNtlInstanceEffect::LoadSwapFile (801):  file open failed. (4081_sec.eff)
[20:37:36 PM]	CNtlPLOccluder_Quad::LoadSwapFile (830):  file open failed. (4081_sec.ocq)
[20:37:36 PM]	CNtlPLHeatHazeObject::LoadSwapFile (724):  file open failed. (4081_sec.hho)
[20:37:36 PM]	CNtlWorldShadow::LoadSwapFile (141):  file open failed. (3954_sec.sdw)
[20:37:36 PM]	CNtlPLObject::LoadSwapFile (3322):  file open failed. (3954_sec.objt)
[20:37:36 PM]	CNtlInstanceEffect::LoadSwapFile (801):  file open failed. (3954_sec.eff)
[20:37:36 PM]	CNtlPLOccluder_Quad::LoadSwapFile (830):  file open failed. (3954_sec.ocq)
[20:37:36 PM]	CNtlPLHeatHazeObject::LoadSwapFile (724):  file open failed. (3954_sec.hho)
[20:37:36 PM]	CNtlWorldShadow::LoadSwapFile (141):  file open failed. (3955_sec.sdw)
[20:37:36 PM]	CNtlPLObject::LoadSwapFile (3322):  file open failed. (3955_sec.objt)
[20:37:36 PM]	CNtlInstanceEffect::LoadSwapFile (801):  file open failed. (3955_sec.eff)
[20:37:36 PM]	CNtlPLOccluder_Quad::LoadSwapFile (830):  file open failed. (3955_sec.ocq)
[20:37:36 PM]	CNtlPLHeatHazeObject::LoadSwapFile (724):  file open failed. (3955_sec.hho)
[20:37:36 PM]	CNtlWorldShadow::LoadSwapFile (141):  file open failed. (4082_sec.sdw)
[20:37:36 PM]	CNtlPLObject::LoadSwapFile (3322):  file open failed. (4082_sec.objt)
[20:37:36 PM]	CNtlInstanceEffect::LoadSwapFile (801):  file open failed. (4082_sec.eff)
[20:37:36 PM]	CNtlPLOccluder_Quad::LoadSwapFile (830):  file open failed. (4082_sec.ocq)
[20:37:36 PM]	CNtlPLHeatHazeObject::LoadSwapFile (724):  file open failed. (4082_sec.hho)
[20:37:36 PM]	CNtlWorldShadow::LoadSwapFile (141):  file open failed. (4083_sec.sdw)
[20:37:36 PM]	CNtlPLObject::LoadSwapFile (3322):  file open failed. (4083_sec.objt)
[20:37:36 PM]	CNtlInstanceEffect::LoadSwapFile (801):  file open failed. (4083_sec.eff)
[20:37:36 PM]	CNtlPLOccluder_Quad::LoadSwapFile (830):  file open failed. (4083_sec.ocq)
[20:37:36 PM]	CNtlPLHeatHazeObject::LoadSwapFile (724):  file open failed. (4083_sec.hho)
[20:37:36 PM]	CNtlWorldShadow::LoadSwapFile (141):  file open failed. (4200_sec.sdw)
[20:37:37 PM]	CNtlPLObject::LoadSwapFile (3322):  file open failed. (4200_sec.objt)
[20:37:37 PM]	CNtlInstanceEffect::LoadSwapFile (801):  file open failed. (4200_sec.eff)
[20:37:37 PM]	CNtlPLOccluder_Quad::LoadSwapFile (830):  file open failed. (4200_sec.ocq)
[20:37:37 PM]	CNtlPLHeatHazeObject::LoadSwapFile (724):  file open failed. (4200_sec.hho)
[20:37:37 PM]	CNtlWorldShadow::LoadSwapFile (141):  file open failed. (4201_sec.sdw)
[20:37:37 PM]	CNtlPLObject::LoadSwapFile (3322):  file open failed. (4201_sec.objt)
[20:37:37 PM]	CNtlInstanceEffect::LoadSwapFile (801):  file open failed. (4201_sec.eff)
[20:37:37 PM]	CNtlPLOccluder_Quad::LoadSwapFile (830):  file open failed. (4201_sec.ocq)
[20:37:37 PM]	CNtlPLHeatHazeObject::LoadSwapFile (724):  file open failed. (4201_sec.hho)
[20:37:37 PM]	CNtlWorldShadow::LoadSwapFile (141):  file open failed. (4328_sec.sdw)
[20:37:37 PM]	CNtlPLObject::LoadSwapFile (3322):  file open failed. (4328_sec.objt)
[20:37:37 PM]	CNtlInstanceEffect::LoadSwapFile (801):  file open failed. (4328_sec.eff)
[20:37:37 PM]	CNtlPLOccluder_Quad::LoadSwapFile (830):  file open failed. (4328_sec.ocq)
[20:37:37 PM]	CNtlPLHeatHazeObject::LoadSwapFile (724):  file open failed. (4328_sec.hho)
[20:37:37 PM]	CNtlWorldShadow::LoadSwapFile (141):  file open failed. (4329_sec.sdw)
[20:37:37 PM]	CNtlPLObject::LoadSwapFile (3322):  file open failed. (4329_sec.objt)
[20:37:37 PM]	CNtlInstanceEffect::LoadSwapFile (801):  file open failed. (4329_sec.eff)
[20:37:37 PM]	CNtlPLOccluder_Quad::LoadSwapFile (830):  file open failed. (4329_sec.ocq)
[20:37:37 PM]	CNtlPLHeatHazeObject::LoadSwapFile (724):  file open failed. (4329_sec.hho)
[20:37:38 PM]	CNtlWorldShadow::LoadSwapFile (141):  file open failed. (4202_sec.sdw)
[20:37:38 PM]	CNtlPLObject::LoadSwapFile (3322):  file open failed. (4202_sec.objt)
[20:37:38 PM]	CNtlInstanceEffect::LoadSwapFile (801):  file open failed. (4202_sec.eff)
[20:37:38 PM]	CNtlPLOccluder_Quad::LoadSwapFile (830):  file open failed. (4202_sec.ocq)
[20:37:38 PM]	CNtlPLHeatHazeObject::LoadSwapFile (724):  file open failed. (4202_sec.hho)
[20:37:38 PM]	CNtlWorldShadow::LoadSwapFile (141):  file open failed. (4203_sec.sdw)
[20:37:38 PM]	CNtlPLObject::LoadSwapFile (3322):  file open failed. (4203_sec.objt)
[20:37:38 PM]	CNtlInstanceEffect::LoadSwapFile (801):  file open failed. (4203_sec.eff)
[20:37:38 PM]	CNtlPLOccluder_Quad::LoadSwapFile (830):  file open failed. (4203_sec.ocq)
[20:37:38 PM]	CNtlPLHeatHazeObject::LoadSwapFile (724):  file open failed. (4203_sec.hho)
[20:37:38 PM]	CNtlWorldShadow::LoadSwapFile (141):  file open failed. (4330_sec.sdw)
[20:37:38 PM]	CNtlPLObject::LoadSwapFile (3322):  file open failed. (4330_sec.objt)
[20:37:38 PM]	CNtlInstanceEffect::LoadSwapFile (801):  file open failed. (4330_sec.eff)
[20:37:38 PM]	CNtlPLOccluder_Quad::LoadSwapFile (830):  file open failed. (4330_sec.ocq)
[20:37:38 PM]	CNtlPLHeatHazeObject::LoadSwapFile (724):  file open failed. (4330_sec.hho)
[20:37:38 PM]	CNtlWorldShadow::LoadSwapFile (141):  file open failed. (4331_sec.sdw)
[20:37:38 PM]	CNtlPLObject::LoadSwapFile (3322):  file open failed. (4331_sec.objt)
[20:37:38 PM]	CNtlInstanceEffect::LoadSwapFile (801):  file open failed. (4331_sec.eff)
[20:37:38 PM]	CNtlPLOccluder_Quad::LoadSwapFile (830):  file open failed. (4331_sec.ocq)
[20:37:38 PM]	CNtlPLHeatHazeObject::LoadSwapFile (724):  file open failed. (4331_sec.hho)
[20:37:38 PM]	CNtlWorldShadow::LoadSwapFile (141):  file open failed. (4204_sec.sdw)
[20:37:39 PM]	CNtlPLObject::LoadSwapFile (3322):  file open failed. (4204_sec.objt)
[20:37:40 PM]	CNtlInstanceEffect::LoadSwapFile (801):  file open failed. (4204_sec.eff)
[20:37:40 PM]	CNtlPLOccluder_Quad::LoadSwapFile (830):  file open failed. (4204_sec.ocq)
[20:37:40 PM]	CNtlPLHeatHazeObject::LoadSwapFile (724):  file open failed. (4204_sec.hho)
[20:37:40 PM]	CNtlWorldShadow::LoadSwapFile (141):  file open failed. (4205_sec.sdw)
[20:37:41 PM]	CNtlPLObject::LoadSwapFile (3322):  file open failed. (4205_sec.objt)
[20:37:41 PM]	CNtlInstanceEffect::LoadSwapFile (801):  file open failed. (4205_sec.eff)
[20:37:41 PM]	CNtlPLOccluder_Quad::LoadSwapFile (830):  file open failed. (4205_sec.ocq)
[20:37:41 PM]	CNtlPLHeatHazeObject::LoadSwapFile (724):  file open failed. (4205_sec.hho)
[20:37:41 PM]	CNtlWorldShadow::LoadSwapFile (141):  file open failed. (4332_sec.sdw)
[20:37:41 PM]	CNtlPLObject::LoadSwapFile (3322):  file open failed. (4332_sec.objt)
[20:37:41 PM]	CNtlInstanceEffect::LoadSwapFile (801):  file open failed. (4332_sec.eff)
[20:37:41 PM]	CNtlPLOccluder_Quad::LoadSwapFile (830):  file open failed. (4332_sec.ocq)
[20:37:41 PM]	CNtlPLHeatHazeObject::LoadSwapFile (724):  file open failed. (4332_sec.hho)
[20:37:41 PM]	CNtlWorldShadow::LoadSwapFile (141):  file open failed. (4333_sec.sdw)
[20:37:45 PM]	CNtlPLObject::LoadSwapFile (3322):  file open failed. (4333_sec.objt)
[20:37:45 PM]	CNtlInstanceEffect::LoadSwapFile (801):  file open failed. (4333_sec.eff)
[20:37:45 PM]	CNtlPLOccluder_Quad::LoadSwapFile (830):  file open failed. (4333_sec.ocq)
[20:37:45 PM]	CNtlPLHeatHazeObject::LoadSwapFile (724):  file open failed. (4333_sec.hho)
[20:37:45 PM]	CNtlWorldShadow::LoadSwapFile (141):  file open failed. (4206_sec.sdw)
[20:37:45 PM]	CNtlPLObject::LoadSwapFile (3322):  file open failed. (4206_sec.objt)
[20:37:45 PM]	CNtlInstanceEffect::LoadSwapFile (801):  file open failed. (4206_sec.eff)
[20:37:45 PM]	CNtlPLOccluder_Quad::LoadSwapFile (830):  file open failed. (4206_sec.ocq)
[20:37:45 PM]	CNtlPLHeatHazeObject::LoadSwapFile (724):  file open failed. (4206_sec.hho)
[20:37:45 PM]	CNtlWorldShadow::LoadSwapFile (141):  file open failed. (4207_sec.sdw)
[20:37:45 PM]	CNtlPLObject::LoadSwapFile (3322):  file open failed. (4207_sec.objt)
[20:37:46 PM]	CNtlInstanceEffect::LoadSwapFile (801):  file open failed. (4207_sec.eff)
[20:37:46 PM]	CNtlPLOccluder_Quad::LoadSwapFile (830):  file open failed. (4207_sec.ocq)
[20:37:46 PM]	CNtlPLHeatHazeObject::LoadSwapFile (724):  file open failed. (4207_sec.hho)
[20:37:46 PM]	CNtlWorldShadow::LoadSwapFile (141):  file open failed. (4334_sec.sdw)
[20:37:46 PM]	CNtlPLObject::LoadSwapFile (3322):  file open failed. (4334_sec.objt)
[20:37:46 PM]	CNtlInstanceEffect::LoadSwapFile (801):  file open failed. (4334_sec.eff)
[20:37:46 PM]	CNtlPLOccluder_Quad::LoadSwapFile (830):  file open failed. (4334_sec.ocq)
[20:37:46 PM]	CNtlPLHeatHazeObject::LoadSwapFile (724):  file open failed. (4334_sec.hho)
[20:37:46 PM]	CNtlWorldShadow::LoadSwapFile (141):  file open failed. (4335_sec.sdw)
[20:37:46 PM]	CNtlPLObject::LoadSwapFile (3322):  file open failed. (4335_sec.objt)
[20:37:46 PM]	CNtlInstanceEffect::LoadSwapFile (801):  file open failed. (4335_sec.eff)
[20:37:46 PM]	CNtlPLOccluder_Quad::LoadSwapFile (830):  file open failed. (4335_sec.ocq)
[20:37:46 PM]	CNtlPLHeatHazeObject::LoadSwapFile (724):  file open failed. (4335_sec.hho)
[20:37:46 PM]	CNtlWorldShadow::LoadSwapFile (141):  file open failed. (4208_sec.sdw)
[20:37:46 PM]	CNtlPLObject::LoadSwapFile (3322):  file open failed. (4208_sec.objt)
[20:37:47 PM]	CNtlInstanceEffect::LoadSwapFile (801):  file open failed. (4208_sec.eff)
[20:37:47 PM]	CNtlPLOccluder_Quad::LoadSwapFile (830):  file open failed. (4208_sec.ocq)
[20:37:47 PM]	CNtlPLHeatHazeObject::LoadSwapFile (724):  file open failed. (4208_sec.hho)
[20:37:47 PM]	CNtlWorldShadow::LoadSwapFile (141):  file open failed. (4209_sec.sdw)
[20:37:47 PM]	CNtlPLObject::LoadSwapFile (3322):  file open failed. (4209_sec.objt)
[20:37:47 PM]	CNtlInstanceEffect::LoadSwapFile (801):  file open failed. (4209_sec.eff)
[20:37:47 PM]	CNtlPLOccluder_Quad::LoadSwapFile (830):  file open failed. (4209_sec.ocq)
[20:37:47 PM]	CNtlPLHeatHazeObject::LoadSwapFile (724):  file open failed. (4209_sec.hho)
[20:37:47 PM]	CNtlWorldShadow::LoadSwapFile (141):  file open failed. (4336_sec.sdw)
[20:37:47 PM]	CNtlPLObject::LoadSwapFile (3322):  file open failed. (4336_sec.objt)
[20:37:47 PM]	CNtlInstanceEffect::LoadSwapFile (801):  file open failed. (4336_sec.eff)
[20:37:47 PM]	CNtlPLOccluder_Quad::LoadSwapFile (830):  file open failed. (4336_sec.ocq)
[20:37:47 PM]	CNtlPLHeatHazeObject::LoadSwapFile (724):  file open failed. (4336_sec.hho)
[20:37:47 PM]	CNtlWorldShadow::LoadSwapFile (141):  file open failed. (4337_sec.sdw)
[20:37:47 PM]	CNtlPLObject::LoadSwapFile (3322):  file open failed. (4337_sec.objt)
[20:37:47 PM]	CNtlInstanceEffect::LoadSwapFile (801):  file open failed. (4337_sec.eff)
[20:37:47 PM]	CNtlPLOccluder_Quad::LoadSwapFile (830):  file open failed. (4337_sec.ocq)
[20:37:47 PM]	CNtlPLHeatHazeObject::LoadSwapFile (724):  file open failed. (4337_sec.hho)
[20:37:47 PM]	CNtlWorldShadow::LoadSwapFile (141):  file open failed. (4210_sec.sdw)
[20:37:47 PM]	CNtlPLObject::LoadSwapFile (3322):  file open failed. (4210_sec.objt)
[20:37:47 PM]	CNtlInstanceEffect::LoadSwapFile (801):  file open failed. (4210_sec.eff)
[20:37:47 PM]	CNtlPLOccluder_Quad::LoadSwapFile (830):  file open failed. (4210_sec.ocq)
[20:37:47 PM]	CNtlPLHeatHazeObject::LoadSwapFile (724):  file open failed. (4210_sec.hho)
[20:37:47 PM]	CNtlWorldShadow::LoadSwapFile (141):  file open failed. (4211_sec.sdw)
[20:37:47 PM]	CNtlPLObject::LoadSwapFile (3322):  file open failed. (4211_sec.objt)
[20:37:47 PM]	CNtlInstanceEffect::LoadSwapFile (801):  file open failed. (4211_sec.eff)
[20:37:47 PM]	CNtlPLOccluder_Quad::LoadSwapFile (830):  file open failed. (4211_sec.ocq)
[20:37:47 PM]	CNtlPLHeatHazeObject::LoadSwapFile (724):  file open failed. (4211_sec.hho)
[20:37:47 PM]	CNtlWorldShadow::LoadSwapFile (141):  file open failed. (4338_sec.sdw)
[20:37:47 PM]	CNtlPLObject::LoadSwapFile (3322):  file open failed. (4338_sec.objt)
[20:37:47 PM]	CNtlInstanceEffect::LoadSwapFile (801):  file open failed. (4338_sec.eff)
[20:37:47 PM]	CNtlPLOccluder_Quad::LoadSwapFile (830):  file open failed. (4338_sec.ocq)
[20:37:47 PM]	CNtlPLHeatHazeObject::LoadSwapFile (724):  file open failed. (4338_sec.hho)
[20:37:47 PM]	CNtlWorldShadow::LoadSwapFile (141):  file open failed. (4339_sec.sdw)
[20:37:48 PM]	CNtlPLObject::LoadSwapFile (3322):  file open failed. (4339_sec.objt)
[20:37:48 PM]	CNtlInstanceEffect::LoadSwapFile (801):  file open failed. (4339_sec.eff)
[20:37:48 PM]	CNtlPLOccluder_Quad::LoadSwapFile (830):  file open failed. (4339_sec.ocq)
[20:37:48 PM]	CNtlPLHeatHazeObject::LoadSwapFile (724):  file open failed. (4339_sec.hho)
[20:37:48 PM]	CNtlWorldShadow::LoadSwapFile (141):  file open failed. (4456_sec.sdw)
[20:37:48 PM]	CNtlPLObject::LoadSwapFile (3322):  file open failed. (4456_sec.objt)
[20:37:48 PM]	CNtlInstanceEffect::LoadSwapFile (801):  file open failed. (4456_sec.eff)
[20:37:48 PM]	CNtlPLOccluder_Quad::LoadSwapFile (830):  file open failed. (4456_sec.ocq)
[20:37:48 PM]	CNtlPLHeatHazeObject::LoadSwapFile (724):  file open failed. (4456_sec.hho)
[20:37:48 PM]	CNtlWorldShadow::LoadSwapFile (141):  file open failed. (4457_sec.sdw)
[20:37:48 PM]	CNtlPLObject::LoadSwapFile (3322):  file open failed. (4457_sec.objt)
[20:37:48 PM]	CNtlInstanceEffect::LoadSwapFile (801):  file open failed. (4457_sec.eff)
[20:37:48 PM]	CNtlPLOccluder_Quad::LoadSwapFile (830):  file open failed. (4457_sec.ocq)
[20:37:48 PM]	CNtlPLHeatHazeObject::LoadSwapFile (724):  file open failed. (4457_sec.hho)
[20:37:48 PM]	CNtlWorldShadow::LoadSwapFile (141):  file open failed. (4584_sec.sdw)
[20:37:48 PM]	CNtlPLObject::LoadSwapFile (3322):  file open failed. (4584_sec.objt)
[20:37:48 PM]	CNtlInstanceEffect::LoadSwapFile (801):  file open failed. (4584_sec.eff)
[20:37:48 PM]	CNtlPLOccluder_Quad::LoadSwapFile (830):  file open failed. (4584_sec.ocq)
[20:37:48 PM]	CNtlPLHeatHazeObject::LoadSwapFile (724):  file open failed. (4584_sec.hho)
[20:37:48 PM]	CNtlWorldShadow::LoadSwapFile (141):  file open failed. (4585_sec.sdw)
[20:37:48 PM]	CNtlPLObject::LoadSwapFile (3322):  file open failed. (4585_sec.objt)
[20:37:48 PM]	CNtlInstanceEffect::LoadSwapFile (801):  file open failed. (4585_sec.eff)
[20:37:48 PM]	CNtlPLOccluder_Quad::LoadSwapFile (830):  file open failed. (4585_sec.ocq)
[20:37:48 PM]	CNtlPLHeatHazeObject::LoadSwapFile (724):  file open failed. (4585_sec.hho)
[20:37:48 PM]	CNtlWorldShadow::LoadSwapFile (141):  file open failed. (4458_sec.sdw)
[20:37:48 PM]	CNtlPLObject::LoadSwapFile (3322):  file open failed. (4458_sec.objt)
[20:37:48 PM]	CNtlInstanceEffect::LoadSwapFile (801):  file open failed. (4458_sec.eff)
[20:37:48 PM]	CNtlPLOccluder_Quad::LoadSwapFile (830):  file open failed. (4458_sec.ocq)
[20:37:48 PM]	CNtlPLHeatHazeObject::LoadSwapFile (724):  file open failed. (4458_sec.hho)
[20:37:48 PM]	CNtlWorldShadow::LoadSwapFile (141):  file open failed. (4459_sec.sdw)
[20:37:48 PM]	CNtlPLObject::LoadSwapFile (3322):  file open failed. (4459_sec.objt)
[20:37:49 PM]	CNtlInstanceEffect::LoadSwapFile (801):  file open failed. (4459_sec.eff)
[20:37:49 PM]	CNtlPLOccluder_Quad::LoadSwapFile (830):  file open failed. (4459_sec.ocq)
[20:37:49 PM]	CNtlPLHeatHazeObject::LoadSwapFile (724):  file open failed. (4459_sec.hho)
[20:37:49 PM]	CNtlWorldShadow::LoadSwapFile (141):  file open failed. (4586_sec.sdw)
[20:37:49 PM]	CNtlPLObject::LoadSwapFile (3322):  file open failed. (4586_sec.objt)
[20:37:49 PM]	CNtlInstanceEffect::LoadSwapFile (801):  file open failed. (4586_sec.eff)
[20:37:49 PM]	CNtlPLOccluder_Quad::LoadSwapFile (830):  file open failed. (4586_sec.ocq)
[20:37:49 PM]	CNtlPLHeatHazeObject::LoadSwapFile (724):  file open failed. (4586_sec.hho)
[20:37:49 PM]	CNtlWorldShadow::LoadSwapFile (141):  file open failed. (4587_sec.sdw)
[20:37:49 PM]	CNtlPLObject::LoadSwapFile (3322):  file open failed. (4587_sec.objt)
[20:37:49 PM]	CNtlInstanceEffect::LoadSwapFile (801):  file open failed. (4587_sec.eff)
[20:37:49 PM]	CNtlPLOccluder_Quad::LoadSwapFile (830):  file open failed. (4587_sec.ocq)
[20:37:49 PM]	CNtlPLHeatHazeObject::LoadSwapFile (724):  file open failed. (4587_sec.hho)
[20:37:49 PM]	CNtlWorldShadow::LoadSwapFile (141):  file open failed. (4460_sec.sdw)
[20:37:49 PM]	CNtlPLObject::LoadSwapFile (3322):  file open failed. (4460_sec.objt)
[20:37:49 PM]	CNtlInstanceEffect::LoadSwapFile (801):  file open failed. (4460_sec.eff)
[20:37:49 PM]	CNtlPLOccluder_Quad::LoadSwapFile (830):  file open failed. (4460_sec.ocq)
[20:37:49 PM]	CNtlPLHeatHazeObject::LoadSwapFile (724):  file open failed. (4460_sec.hho)
[20:37:49 PM]	CNtlWorldShadow::LoadSwapFile (141):  file open failed. (4461_sec.sdw)
[20:37:50 PM]	CNtlPLObject::LoadSwapFile (3322):  file open failed. (4461_sec.objt)
[20:37:50 PM]	CNtlInstanceEffect::LoadSwapFile (801):  file open failed. (4461_sec.eff)
[20:37:50 PM]	CNtlPLOccluder_Quad::LoadSwapFile (830):  file open failed. (4461_sec.ocq)
[20:37:50 PM]	CNtlPLHeatHazeObject::LoadSwapFile (724):  file open failed. (4461_sec.hho)
[20:37:50 PM]	CNtlWorldShadow::LoadSwapFile (141):  file open failed. (4588_sec.sdw)
[20:37:50 PM]	CNtlPLObject::LoadSwapFile (3322):  file open failed. (4588_sec.objt)
[20:37:50 PM]	CNtlInstanceEffect::LoadSwapFile (801):  file open failed. (4588_sec.eff)
[20:37:50 PM]	CNtlPLOccluder_Quad::LoadSwapFile (830):  file open failed. (4588_sec.ocq)
[20:37:50 PM]	CNtlPLHeatHazeObject::LoadSwapFile (724):  file open failed. (4588_sec.hho)
[20:37:50 PM]	CNtlWorldShadow::LoadSwapFile (141):  file open failed. (4589_sec.sdw)
[20:37:51 PM]	CNtlPLObject::LoadSwapFile (3322):  file open failed. (4589_sec.objt)
[20:37:51 PM]	CNtlInstanceEffect::LoadSwapFile (801):  file open failed. (4589_sec.eff)
[20:37:51 PM]	CNtlPLOccluder_Quad::LoadSwapFile (830):  file open failed. (4589_sec.ocq)
[20:37:51 PM]	CNtlPLHeatHazeObject::LoadSwapFile (724):  file open failed. (4589_sec.hho)
[20:37:51 PM]	CNtlWorldShadow::LoadSwapFile (141):  file open failed. (4462_sec.sdw)
[20:37:52 PM]	CNtlPLObject::LoadSwapFile (3322):  file open failed. (4462_sec.objt)
[20:37:52 PM]	CNtlInstanceEffect::LoadSwapFile (801):  file open failed. (4462_sec.eff)
[20:37:52 PM]	CNtlPLOccluder_Quad::LoadSwapFile (830):  file open failed. (4462_sec.ocq)
[20:37:52 PM]	CNtlPLHeatHazeObject::LoadSwapFile (724):  file open failed. (4462_sec.hho)
[20:37:52 PM]	CNtlWorldShadow::LoadSwapFile (141):  file open failed. (4463_sec.sdw)
[20:37:52 PM]	CNtlPLObject::LoadSwapFile (3322):  file open failed. (4463_sec.objt)
[20:37:52 PM]	CNtlInstanceEffect::LoadSwapFile (801):  file open failed. (4463_sec.eff)
[20:37:52 PM]	CNtlPLOccluder_Quad::LoadSwapFile (830):  file open failed. (4463_sec.ocq)
[20:37:52 PM]	CNtlPLHeatHazeObject::LoadSwapFile (724):  file open failed. (4463_sec.hho)
[20:37:52 PM]	CNtlWorldShadow::LoadSwapFile (141):  file open failed. (4590_sec.sdw)
[20:37:53 PM]	CNtlPLObject::LoadSwapFile (3322):  file open failed. (4590_sec.objt)
[20:37:53 PM]	CNtlInstanceEffect::LoadSwapFile (801):  file open failed. (4590_sec.eff)
[20:37:53 PM]	CNtlPLOccluder_Quad::LoadSwapFile (830):  file open failed. (4590_sec.ocq)
[20:37:53 PM]	CNtlPLHeatHazeObject::LoadSwapFile (724):  file open failed. (4590_sec.hho)
[20:37:53 PM]	CNtlWorldShadow::LoadSwapFile (141):  file open failed. (4591_sec.sdw)
[20:37:53 PM]	CNtlPLObject::LoadSwapFile (3322):  file open failed. (4591_sec.objt)
[20:37:53 PM]	CNtlInstanceEffect::LoadSwapFile (801):  file open failed. (4591_sec.eff)
[20:37:53 PM]	CNtlPLOccluder_Quad::LoadSwapFile (830):  file open failed. (4591_sec.ocq)
[20:37:53 PM]	CNtlPLHeatHazeObject::LoadSwapFile (724):  file open failed. (4591_sec.hho)
[20:37:53 PM]	CNtlWorldShadow::LoadSwapFile (141):  file open failed. (4464_sec.sdw)
[20:37:53 PM]	CNtlPLObject::LoadSwapFile (3322):  file open failed. (4464_sec.objt)
[20:37:53 PM]	CNtlInstanceEffect::LoadSwapFile (801):  file open failed. (4464_sec.eff)
[20:37:53 PM]	CNtlPLOccluder_Quad::LoadSwapFile (830):  file open failed. (4464_sec.ocq)
[20:37:53 PM]	CNtlPLHeatHazeObject::LoadSwapFile (724):  file open failed. (4464_sec.hho)
[20:37:53 PM]	CNtlWorldShadow::LoadSwapFile (141):  file open failed. (4465_sec.sdw)
[20:37:53 PM]	CNtlPLObject::LoadSwapFile (3322):  file open failed. (4465_sec.objt)
[20:37:53 PM]	CNtlInstanceEffect::LoadSwapFile (801):  file open failed. (4465_sec.eff)
[20:37:53 PM]	CNtlPLOccluder_Quad::LoadSwapFile (830):  file open failed. (4465_sec.ocq)
[20:37:53 PM]	CNtlPLHeatHazeObject::LoadSwapFile (724):  file open failed. (4465_sec.hho)
[20:37:53 PM]	CNtlWorldShadow::LoadSwapFile (141):  file open failed. (4592_sec.sdw)
[20:37:54 PM]	CNtlPLObject::LoadSwapFile (3322):  file open failed. (4592_sec.objt)
[20:37:54 PM]	CNtlInstanceEffect::LoadSwapFile (801):  file open failed. (4592_sec.eff)
[20:37:54 PM]	CNtlPLOccluder_Quad::LoadSwapFile (830):  file open failed. (4592_sec.ocq)
[20:37:54 PM]	CNtlPLHeatHazeObject::LoadSwapFile (724):  file open failed. (4592_sec.hho)
[20:37:54 PM]	CNtlWorldShadow::LoadSwapFile (141):  file open failed. (4593_sec.sdw)
[20:37:54 PM]	CNtlPLObject::LoadSwapFile (3322):  file open failed. (4593_sec.objt)
[20:37:54 PM]	CNtlInstanceEffect::LoadSwapFile (801):  file open failed. (4593_sec.eff)
[20:37:54 PM]	CNtlPLOccluder_Quad::LoadSwapFile (830):  file open failed. (4593_sec.ocq)
[20:37:54 PM]	CNtlPLHeatHazeObject::LoadSwapFile (724):  file open failed. (4593_sec.hho)
[20:37:54 PM]	CNtlWorldShadow::LoadSwapFile (141):  file open failed. (4466_sec.sdw)
[20:37:54 PM]	CNtlPLObject::LoadSwapFile (3322):  file open failed. (4466_sec.objt)
[20:37:54 PM]	CNtlInstanceEffect::LoadSwapFile (801):  file open failed. (4466_sec.eff)
[20:37:54 PM]	CNtlPLOccluder_Quad::LoadSwapFile (830):  file open failed. (4466_sec.ocq)
[20:37:54 PM]	CNtlPLHeatHazeObject::LoadSwapFile (724):  file open failed. (4466_sec.hho)
[20:37:54 PM]	CNtlWorldShadow::LoadSwapFile (141):  file open failed. (4467_sec.sdw)
[20:37:54 PM]	CNtlPLObject::LoadSwapFile (3322):  file open failed. (4467_sec.objt)
[20:37:54 PM]	CNtlInstanceEffect::LoadSwapFile (801):  file open failed. (4467_sec.eff)
[20:37:54 PM]	CNtlPLOccluder_Quad::LoadSwapFile (830):  file open failed. (4467_sec.ocq)
[20:37:54 PM]	CNtlPLHeatHazeObject::LoadSwapFile (724):  file open failed. (4467_sec.hho)
[20:37:54 PM]	CNtlWorldShadow::LoadSwapFile (141):  file open failed. (4594_sec.sdw)
[20:37:54 PM]	CNtlPLObject::LoadSwapFile (3322):  file open failed. (4594_sec.objt)
[20:37:54 PM]	CNtlInstanceEffect::LoadSwapFile (801):  file open failed. (4594_sec.eff)
[20:37:54 PM]	CNtlPLOccluder_Quad::LoadSwapFile (830):  file open failed. (4594_sec.ocq)
[20:37:54 PM]	CNtlPLHeatHazeObject::LoadSwapFile (724):  file open failed. (4594_sec.hho)
[20:37:54 PM]	CNtlWorldShadow::LoadSwapFile (141):  file open failed. (4595_sec.sdw)
[20:37:54 PM]	CNtlPLObject::LoadSwapFile (3322):  file open failed. (4595_sec.objt)
[20:37:55 PM]	CNtlInstanceEffect::LoadSwapFile (801):  file open failed. (4595_sec.eff)
[20:37:55 PM]	CNtlPLOccluder_Quad::LoadSwapFile (830):  file open failed. (4595_sec.ocq)
[20:37:55 PM]	CNtlPLHeatHazeObject::LoadSwapFile (724):  file open failed. (4595_sec.hho)
[20:37:55 PM]	CNtlWorldShadow::LoadSwapFile (141):  file open failed. (4712_sec.sdw)
[20:37:55 PM]	CNtlPLObject::LoadSwapFile (3322):  file open failed. (4712_sec.objt)
[20:37:55 PM]	CNtlInstanceEffect::LoadSwapFile (801):  file open failed. (4712_sec.eff)
[20:37:55 PM]	CNtlPLOccluder_Quad::LoadSwapFile (830):  file open failed. (4712_sec.ocq)
[20:37:55 PM]	CNtlPLHeatHazeObject::LoadSwapFile (724):  file open failed. (4712_sec.hho)
[20:37:55 PM]	CNtlWorldShadow::LoadSwapFile (141):  file open failed. (4713_sec.sdw)
[20:37:55 PM]	CNtlPLObject::LoadSwapFile (3322):  file open failed. (4713_sec.objt)
[20:37:55 PM]	CNtlInstanceEffect::LoadSwapFile (801):  file open failed. (4713_sec.eff)
[20:37:55 PM]	CNtlPLOccluder_Quad::LoadSwapFile (830):  file open failed. (4713_sec.ocq)
[20:37:55 PM]	CNtlPLHeatHazeObject::LoadSwapFile (724):  file open failed. (4713_sec.hho)
[20:37:55 PM]	CNtlWorldShadow::LoadSwapFile (141):  file open failed. (4840_sec.sdw)
[20:37:55 PM]	CNtlPLObject::LoadSwapFile (3322):  file open failed. (4840_sec.objt)
[20:37:55 PM]	CNtlInstanceEffect::LoadSwapFile (801):  file open failed. (4840_sec.eff)
[20:37:55 PM]	CNtlPLOccluder_Quad::LoadSwapFile (830):  file open failed. (4840_sec.ocq)
[20:37:55 PM]	CNtlPLHeatHazeObject::LoadSwapFile (724):  file open failed. (4840_sec.hho)
[20:37:55 PM]	CNtlWorldShadow::LoadSwapFile (141):  file open failed. (4841_sec.sdw)
[20:37:55 PM]	CNtlPLObject::LoadSwapFile (3322):  file open failed. (4841_sec.objt)
[20:37:55 PM]	CNtlInstanceEffect::LoadSwapFile (801):  file open failed. (4841_sec.eff)
[20:37:55 PM]	CNtlPLOccluder_Quad::LoadSwapFile (830):  file open failed. (4841_sec.ocq)
[20:37:55 PM]	CNtlPLHeatHazeObject::LoadSwapFile (724):  file open failed. (4841_sec.hho)
[20:37:55 PM]	CNtlWorldShadow::LoadSwapFile (141):  file open failed. (4714_sec.sdw)
[20:37:55 PM]	CNtlPLObject::LoadSwapFile (3322):  file open failed. (4714_sec.objt)
[20:37:55 PM]	CNtlInstanceEffect::LoadSwapFile (801):  file open failed. (4714_sec.eff)
[20:37:55 PM]	CNtlPLOccluder_Quad::LoadSwapFile (830):  file open failed. (4714_sec.ocq)
[20:37:55 PM]	CNtlPLHeatHazeObject::LoadSwapFile (724):  file open failed. (4714_sec.hho)
[20:37:55 PM]	CNtlWorldShadow::LoadSwapFile (141):  file open failed. (4715_sec.sdw)
[20:37:55 PM]	CNtlPLObject::LoadSwapFile (3322):  file open failed. (4715_sec.objt)
[20:37:55 PM]	CNtlInstanceEffect::LoadSwapFile (801):  file open failed. (4715_sec.eff)
[20:37:55 PM]	CNtlPLOccluder_Quad::LoadSwapFile (830):  file open failed. (4715_sec.ocq)
[20:37:55 PM]	CNtlPLHeatHazeObject::LoadSwapFile (724):  file open failed. (4715_sec.hho)
[20:37:55 PM]	CNtlWorldShadow::LoadSwapFile (141):  file open failed. (4842_sec.sdw)
[20:37:55 PM]	CNtlPLObject::LoadSwapFile (3322):  file open failed. (4842_sec.objt)
[20:37:55 PM]	CNtlInstanceEffect::LoadSwapFile (801):  file open failed. (4842_sec.eff)
[20:37:55 PM]	CNtlPLOccluder_Quad::LoadSwapFile (830):  file open failed. (4842_sec.ocq)
[20:37:55 PM]	CNtlPLHeatHazeObject::LoadSwapFile (724):  file open failed. (4842_sec.hho)
[20:37:55 PM]	CNtlWorldShadow::LoadSwapFile (141):  file open failed. (4843_sec.sdw)
[20:37:55 PM]	CNtlPLObject::LoadSwapFile (3322):  file open failed. (4843_sec.objt)
[20:37:55 PM]	CNtlInstanceEffect::LoadSwapFile (801):  file open failed. (4843_sec.eff)
[20:37:55 PM]	CNtlPLOccluder_Quad::LoadSwapFile (830):  file open failed. (4843_sec.ocq)
[20:37:55 PM]	CNtlPLHeatHazeObject::LoadSwapFile (724):  file open failed. (4843_sec.hho)
[20:37:55 PM]	CNtlWorldShadow::LoadSwapFile (141):  file open failed. (4716_sec.sdw)
[20:37:55 PM]	CNtlPLObject::LoadSwapFile (3322):  file open failed. (4716_sec.objt)
[20:37:55 PM]	CNtlInstanceEffect::LoadSwapFile (801):  file open failed. (4716_sec.eff)
[20:37:55 PM]	CNtlPLOccluder_Quad::LoadSwapFile (830):  file open failed. (4716_sec.ocq)
[20:37:55 PM]	CNtlPLHeatHazeObject::LoadSwapFile (724):  file open failed. (4716_sec.hho)
[20:37:55 PM]	CNtlWorldShadow::LoadSwapFile (141):  file open failed. (4717_sec.sdw)
[20:37:56 PM]	CNtlPLObject::LoadSwapFile (3322):  file open failed. (4717_sec.objt)
[20:37:56 PM]	CNtlInstanceEffect::LoadSwapFile (801):  file open failed. (4717_sec.eff)
[20:37:56 PM]	CNtlPLOccluder_Quad::LoadSwapFile (830):  file open failed. (4717_sec.ocq)
[20:37:56 PM]	CNtlPLHeatHazeObject::LoadSwapFile (724):  file open failed. (4717_sec.hho)
[20:37:56 PM]	CNtlWorldShadow::LoadSwapFile (141):  file open failed. (4844_sec.sdw)
[20:37:56 PM]	CNtlPLObject::LoadSwapFile (3322):  file open failed. (4844_sec.objt)
[20:37:56 PM]	CNtlInstanceEffect::LoadSwapFile (801):  file open failed. (4844_sec.eff)
[20:37:56 PM]	CNtlPLOccluder_Quad::LoadSwapFile (830):  file open failed. (4844_sec.ocq)
[20:37:56 PM]	CNtlPLHeatHazeObject::LoadSwapFile (724):  file open failed. (4844_sec.hho)
[20:37:56 PM]	CNtlWorldShadow::LoadSwapFile (141):  file open failed. (4845_sec.sdw)
[20:37:57 PM]	CNtlPLObject::LoadSwapFile (3322):  file open failed. (4845_sec.objt)
[20:37:57 PM]	CNtlInstanceEffect::LoadSwapFile (801):  file open failed. (4845_sec.eff)
[20:37:57 PM]	CNtlPLOccluder_Quad::LoadSwapFile (830):  file open failed. (4845_sec.ocq)
[20:37:57 PM]	CNtlPLHeatHazeObject::LoadSwapFile (724):  file open failed. (4845_sec.hho)
[20:37:57 PM]	CNtlWorldShadow::LoadSwapFile (141):  file open failed. (4718_sec.sdw)
[20:37:57 PM]	CNtlPLObject::LoadSwapFile (3322):  file open failed. (4718_sec.objt)
[20:37:58 PM]	CNtlInstanceEffect::LoadSwapFile (801):  file open failed. (4718_sec.eff)
[20:37:58 PM]	CNtlPLOccluder_Quad::LoadSwapFile (830):  file open failed. (4718_sec.ocq)
[20:37:58 PM]	CNtlPLHeatHazeObject::LoadSwapFile (724):  file open failed. (4718_sec.hho)
[20:37:58 PM]	CNtlWorldShadow::LoadSwapFile (141):  file open failed. (4719_sec.sdw)
[20:37:58 PM]	CNtlPLObject::LoadSwapFile (3322):  file open failed. (4719_sec.objt)
[20:37:58 PM]	CNtlInstanceEffect::LoadSwapFile (801):  file open failed. (4719_sec.eff)
[20:37:58 PM]	CNtlPLOccluder_Quad::LoadSwapFile (830):  file open failed. (4719_sec.ocq)
[20:37:58 PM]	CNtlPLHeatHazeObject::LoadSwapFile (724):  file open failed. (4719_sec.hho)
[20:37:58 PM]	CNtlWorldShadow::LoadSwapFile (141):  file open failed. (4846_sec.sdw)
[20:37:58 PM]	CNtlPLObject::LoadSwapFile (3322):  file open failed. (4846_sec.objt)
[20:37:58 PM]	CNtlInstanceEffect::LoadSwapFile (801):  file open failed. (4846_sec.eff)
[20:37:58 PM]	CNtlPLOccluder_Quad::LoadSwapFile (830):  file open failed. (4846_sec.ocq)
[20:37:58 PM]	CNtlPLHeatHazeObject::LoadSwapFile (724):  file open failed. (4846_sec.hho)
[20:37:58 PM]	CNtlWorldShadow::LoadSwapFile (141):  file open failed. (4847_sec.sdw)
[20:37:58 PM]	CNtlPLObject::LoadSwapFile (3322):  file open failed. (4847_sec.objt)
[20:37:58 PM]	CNtlInstanceEffect::LoadSwapFile (801):  file open failed. (4847_sec.eff)
[20:37:58 PM]	CNtlPLOccluder_Quad::LoadSwapFile (830):  file open failed. (4847_sec.ocq)
[20:37:58 PM]	CNtlPLHeatHazeObject::LoadSwapFile (724):  file open failed. (4847_sec.hho)
[20:37:58 PM]	CNtlWorldShadow::LoadSwapFile (141):  file open failed. (4720_sec.sdw)
[20:37:58 PM]	CNtlPLObject::LoadSwapFile (3322):  file open failed. (4720_sec.objt)
[20:37:58 PM]	CNtlInstanceEffect::LoadSwapFile (801):  file open failed. (4720_sec.eff)
[20:37:58 PM]	CNtlPLOccluder_Quad::LoadSwapFile (830):  file open failed. (4720_sec.ocq)
[20:37:58 PM]	CNtlPLHeatHazeObject::LoadSwapFile (724):  file open failed. (4720_sec.hho)
[20:37:58 PM]	CNtlWorldShadow::LoadSwapFile (141):  file open failed. (4721_sec.sdw)
[20:37:58 PM]	CNtlPLObject::LoadSwapFile (3322):  file open failed. (4721_sec.objt)
[20:37:59 PM]	CNtlInstanceEffect::LoadSwapFile (801):  file open failed. (4721_sec.eff)
[20:37:59 PM]	CNtlPLOccluder_Quad::LoadSwapFile (830):  file open failed. (4721_sec.ocq)
[20:37:59 PM]	CNtlPLHeatHazeObject::LoadSwapFile (724):  file open failed. (4721_sec.hho)
[20:37:59 PM]	CNtlWorldShadow::LoadSwapFile (141):  file open failed. (4848_sec.sdw)
[20:37:59 PM]	CNtlPLObject::LoadSwapFile (3322):  file open failed. (4848_sec.objt)
[20:37:59 PM]	CNtlInstanceEffect::LoadSwapFile (801):  file open failed. (4848_sec.eff)
[20:37:59 PM]	CNtlPLOccluder_Quad::LoadSwapFile (830):  file open failed. (4848_sec.ocq)
[20:37:59 PM]	CNtlPLHeatHazeObject::LoadSwapFile (724):  file open failed. (4848_sec.hho)
[20:37:59 PM]	CNtlWorldShadow::LoadSwapFile (141):  file open failed. (4849_sec.sdw)
[20:37:59 PM]	CNtlPLObject::LoadSwapFile (3322):  file open failed. (4849_sec.objt)
[20:37:59 PM]	CNtlInstanceEffect::LoadSwapFile (801):  file open failed. (4849_sec.eff)
[20:37:59 PM]	CNtlPLOccluder_Quad::LoadSwapFile (830):  file open failed. (4849_sec.ocq)
[20:37:59 PM]	CNtlPLHeatHazeObject::LoadSwapFile (724):  file open failed. (4849_sec.hho)
[20:37:59 PM]	CNtlWorldShadow::LoadSwapFile (141):  file open failed. (4722_sec.sdw)
[20:37:59 PM]	CNtlPLObject::LoadSwapFile (3322):  file open failed. (4722_sec.objt)
[20:37:59 PM]	CNtlInstanceEffect::LoadSwapFile (801):  file open failed. (4722_sec.eff)
[20:37:59 PM]	CNtlPLOccluder_Quad::LoadSwapFile (830):  file open failed. (4722_sec.ocq)
[20:37:59 PM]	CNtlPLHeatHazeObject::LoadSwapFile (724):  file open failed. (4722_sec.hho)
[20:37:59 PM]	CNtlWorldShadow::LoadSwapFile (141):  file open failed. (4723_sec.sdw)
[20:37:59 PM]	CNtlPLObject::LoadSwapFile (3322):  file open failed. (4723_sec.objt)
[20:37:59 PM]	CNtlInstanceEffect::LoadSwapFile (801):  file open failed. (4723_sec.eff)
[20:37:59 PM]	CNtlPLOccluder_Quad::LoadSwapFile (830):  file open failed. (4723_sec.ocq)
[20:37:59 PM]	CNtlPLHeatHazeObject::LoadSwapFile (724):  file open failed. (4723_sec.hho)
[20:37:59 PM]	CNtlWorldShadow::LoadSwapFile (141):  file open failed. (4850_sec.sdw)
[20:37:59 PM]	CNtlPLObject::LoadSwapFile (3322):  file open failed. (4850_sec.objt)
[20:37:59 PM]	CNtlInstanceEffect::LoadSwapFile (801):  file open failed. (4850_sec.eff)
[20:37:59 PM]	CNtlPLOccluder_Quad::LoadSwapFile (830):  file open failed. (4850_sec.ocq)
[20:37:59 PM]	CNtlPLHeatHazeObject::LoadSwapFile (724):  file open failed. (4850_sec.hho)
[20:37:59 PM]	CNtlWorldShadow::LoadSwapFile (141):  file open failed. (4851_sec.sdw)
[20:37:59 PM]	CNtlPLObject::LoadSwapFile (3322):  file open failed. (4851_sec.objt)
[20:37:59 PM]	CNtlInstanceEffect::LoadSwapFile (801):  file open failed. (4851_sec.eff)
[20:37:59 PM]	CNtlPLOccluder_Quad::LoadSwapFile (830):  file open failed. (4851_sec.ocq)
[20:37:59 PM]	CNtlPLHeatHazeObject::LoadSwapFile (724):  file open failed. (4851_sec.hho)
[21:27:35 PM]	CNtlWorldShadow::LoadSwapFile (141):  file open failed. (3444_sec.sdw)
[21:27:35 PM]	CNtlPLObject::LoadSwapFile (3322):  file open failed. (3444_sec.objt)
[21:27:35 PM]	CNtlInstanceEffect::LoadSwapFile (801):  file open failed. (3444_sec.eff)
[21:27:35 PM]	CNtlPLOccluder_Quad::LoadSwapFile (830):  file open failed. (3444_sec.ocq)
[21:27:35 PM]	CNtlPLHeatHazeObject::LoadSwapFile (724):  file open failed. (3444_sec.hho)
[21:27:35 PM]	CNtlWorldShadow::LoadSwapFile (141):  file open failed. (3445_sec.sdw)
[21:27:35 PM]	CNtlPLObject::LoadSwapFile (3322):  file open failed. (3445_sec.objt)
[21:27:35 PM]	CNtlInstanceEffect::LoadSwapFile (801):  file open failed. (3445_sec.eff)
[21:27:35 PM]	CNtlPLOccluder_Quad::LoadSwapFile (830):  file open failed. (3445_sec.ocq)
[21:27:35 PM]	CNtlPLHeatHazeObject::LoadSwapFile (724):  file open failed. (3445_sec.hho)
[21:27:35 PM]	CNtlWorldShadow::LoadSwapFile (141):  file open failed. (3572_sec.sdw)
[21:27:35 PM]	CNtlPLObject::LoadSwapFile (3322):  file open failed. (3572_sec.objt)
[21:27:35 PM]	CNtlInstanceEffect::LoadSwapFile (801):  file open failed. (3572_sec.eff)
[21:27:35 PM]	CNtlPLOccluder_Quad::LoadSwapFile (830):  file open failed. (3572_sec.ocq)
[21:27:35 PM]	CNtlPLHeatHazeObject::LoadSwapFile (724):  file open failed. (3572_sec.hho)
[21:27:35 PM]	CNtlWorldShadow::LoadSwapFile (141):  file open failed. (3573_sec.sdw)
[21:27:35 PM]	CNtlPLObject::LoadSwapFile (3322):  file open failed. (3573_sec.objt)
[21:27:35 PM]	CNtlInstanceEffect::LoadSwapFile (801):  file open failed. (3573_sec.eff)
[21:27:35 PM]	CNtlPLOccluder_Quad::LoadSwapFile (830):  file open failed. (3573_sec.ocq)
[21:27:35 PM]	CNtlPLHeatHazeObject::LoadSwapFile (724):  file open failed. (3573_sec.hho)
[21:27:35 PM]	CNtlWorldShadow::LoadSwapFile (141):  file open failed. (3700_sec.sdw)
[21:27:35 PM]	CNtlPLObject::LoadSwapFile (3322):  file open failed. (3700_sec.objt)
[21:27:35 PM]	CNtlInstanceEffect::LoadSwapFile (801):  file open failed. (3700_sec.eff)
[21:27:35 PM]	CNtlPLOccluder_Quad::LoadSwapFile (830):  file open failed. (3700_sec.ocq)
[21:27:35 PM]	CNtlPLHeatHazeObject::LoadSwapFile (724):  file open failed. (3700_sec.hho)
[21:27:35 PM]	CNtlWorldShadow::LoadSwapFile (141):  file open failed. (3701_sec.sdw)
[21:27:35 PM]	CNtlPLObject::LoadSwapFile (3322):  file open failed. (3701_sec.objt)
[21:27:35 PM]	CNtlInstanceEffect::LoadSwapFile (801):  file open failed. (3701_sec.eff)
[21:27:35 PM]	CNtlPLOccluder_Quad::LoadSwapFile (830):  file open failed. (3701_sec.ocq)
[21:27:35 PM]	CNtlPLHeatHazeObject::LoadSwapFile (724):  file open failed. (3701_sec.hho)
[21:27:35 PM]	CNtlWorldShadow::LoadSwapFile (141):  file open failed. (3828_sec.sdw)
[21:27:35 PM]	CNtlPLObject::LoadSwapFile (3322):  file open failed. (3828_sec.objt)
[21:27:35 PM]	CNtlInstanceEffect::LoadSwapFile (801):  file open failed. (3828_sec.eff)
[21:27:35 PM]	CNtlPLOccluder_Quad::LoadSwapFile (830):  file open failed. (3828_sec.ocq)
[21:27:35 PM]	CNtlPLHeatHazeObject::LoadSwapFile (724):  file open failed. (3828_sec.hho)
[21:27:35 PM]	CNtlWorldShadow::LoadSwapFile (141):  file open failed. (3829_sec.sdw)
[21:27:35 PM]	CNtlPLObject::LoadSwapFile (3322):  file open failed. (3829_sec.objt)
[21:27:35 PM]	CNtlInstanceEffect::LoadSwapFile (801):  file open failed. (3829_sec.eff)
[21:27:35 PM]	CNtlPLOccluder_Quad::LoadSwapFile (830):  file open failed. (3829_sec.ocq)
[21:27:35 PM]	CNtlPLHeatHazeObject::LoadSwapFile (724):  file open failed. (3829_sec.hho)
[21:27:36 PM]	CNtlWorldShadow::LoadSwapFile (141):  file open failed. (3956_sec.sdw)
[21:27:36 PM]	CNtlPLObject::LoadSwapFile (3322):  file open failed. (3956_sec.objt)
[21:27:36 PM]	CNtlInstanceEffect::LoadSwapFile (801):  file open failed. (3956_sec.eff)
[21:27:36 PM]	CNtlPLOccluder_Quad::LoadSwapFile (830):  file open failed. (3956_sec.ocq)
[21:27:36 PM]	CNtlPLHeatHazeObject::LoadSwapFile (724):  file open failed. (3956_sec.hho)
[21:27:36 PM]	CNtlWorldShadow::LoadSwapFile (141):  file open failed. (3957_sec.sdw)
[21:27:36 PM]	CNtlPLObject::LoadSwapFile (3322):  file open failed. (3957_sec.objt)
[21:27:36 PM]	CNtlInstanceEffect::LoadSwapFile (801):  file open failed. (3957_sec.eff)
[21:27:36 PM]	CNtlPLOccluder_Quad::LoadSwapFile (830):  file open failed. (3957_sec.ocq)
[21:27:36 PM]	CNtlPLHeatHazeObject::LoadSwapFile (724):  file open failed. (3957_sec.hho)
[21:27:36 PM]	CNtlWorldShadow::LoadSwapFile (141):  file open failed. (4084_sec.sdw)
[21:27:36 PM]	CNtlPLObject::LoadSwapFile (3322):  file open failed. (4084_sec.objt)
[21:27:36 PM]	CNtlInstanceEffect::LoadSwapFile (801):  file open failed. (4084_sec.eff)
[21:27:36 PM]	CNtlPLOccluder_Quad::LoadSwapFile (830):  file open failed. (4084_sec.ocq)
[21:27:36 PM]	CNtlPLHeatHazeObject::LoadSwapFile (724):  file open failed. (4084_sec.hho)
[21:27:36 PM]	CNtlWorldShadow::LoadSwapFile (141):  file open failed. (4085_sec.sdw)
[21:27:36 PM]	CNtlPLObject::LoadSwapFile (3322):  file open failed. (4085_sec.objt)
[21:27:36 PM]	CNtlInstanceEffect::LoadSwapFile (801):  file open failed. (4085_sec.eff)
[21:27:36 PM]	CNtlPLOccluder_Quad::LoadSwapFile (830):  file open failed. (4085_sec.ocq)
[21:27:36 PM]	CNtlPLHeatHazeObject::LoadSwapFile (724):  file open failed. (4085_sec.hho)
[21:27:36 PM]	CNtlWorldShadow::LoadSwapFile (141):  file open failed. (4212_sec.sdw)
[21:27:36 PM]	CNtlPLObject::LoadSwapFile (3322):  file open failed. (4212_sec.objt)
[21:27:36 PM]	CNtlInstanceEffect::LoadSwapFile (801):  file open failed. (4212_sec.eff)
[21:27:36 PM]	CNtlPLOccluder_Quad::LoadSwapFile (830):  file open failed. (4212_sec.ocq)
[21:27:36 PM]	CNtlPLHeatHazeObject::LoadSwapFile (724):  file open failed. (4212_sec.hho)
[21:27:36 PM]	CNtlWorldShadow::LoadSwapFile (141):  file open failed. (4213_sec.sdw)
[21:27:36 PM]	CNtlPLObject::LoadSwapFile (3322):  file open failed. (4213_sec.objt)
[21:27:37 PM]	CNtlInstanceEffect::LoadSwapFile (801):  file open failed. (4213_sec.eff)
[21:27:37 PM]	CNtlPLOccluder_Quad::LoadSwapFile (830):  file open failed. (4213_sec.ocq)
[21:27:37 PM]	CNtlPLHeatHazeObject::LoadSwapFile (724):  file open failed. (4213_sec.hho)
[21:27:37 PM]	CNtlWorldShadow::LoadSwapFile (141):  file open failed. (4340_sec.sdw)
[21:27:37 PM]	CNtlPLObject::LoadSwapFile (3322):  file open failed. (4340_sec.objt)
[21:27:37 PM]	CNtlInstanceEffect::LoadSwapFile (801):  file open failed. (4340_sec.eff)
[21:27:37 PM]	CNtlPLOccluder_Quad::LoadSwapFile (830):  file open failed. (4340_sec.ocq)
[21:27:37 PM]	CNtlPLHeatHazeObject::LoadSwapFile (724):  file open failed. (4340_sec.hho)
[21:27:37 PM]	CNtlWorldShadow::LoadSwapFile (141):  file open failed. (4341_sec.sdw)
[21:27:37 PM]	CNtlPLObject::LoadSwapFile (3322):  file open failed. (4341_sec.objt)
[21:27:37 PM]	CNtlInstanceEffect::LoadSwapFile (801):  file open failed. (4341_sec.eff)
[21:27:37 PM]	CNtlPLOccluder_Quad::LoadSwapFile (830):  file open failed. (4341_sec.ocq)
[21:27:37 PM]	CNtlPLHeatHazeObject::LoadSwapFile (724):  file open failed. (4341_sec.hho)
[21:27:37 PM]	CNtlWorldShadow::LoadSwapFile (141):  file open failed. (4468_sec.sdw)
[21:27:37 PM]	CNtlPLObject::LoadSwapFile (3322):  file open failed. (4468_sec.objt)
[21:27:37 PM]	CNtlInstanceEffect::LoadSwapFile (801):  file open failed. (4468_sec.eff)
[21:27:37 PM]	CNtlPLOccluder_Quad::LoadSwapFile (830):  file open failed. (4468_sec.ocq)
[21:27:37 PM]	CNtlPLHeatHazeObject::LoadSwapFile (724):  file open failed. (4468_sec.hho)
[21:27:37 PM]	CNtlWorldShadow::LoadSwapFile (141):  file open failed. (4469_sec.sdw)
[21:27:37 PM]	CNtlPLObject::LoadSwapFile (3322):  file open failed. (4469_sec.objt)
[21:27:37 PM]	CNtlInstanceEffect::LoadSwapFile (801):  file open failed. (4469_sec.eff)
[21:27:37 PM]	CNtlPLOccluder_Quad::LoadSwapFile (830):  file open failed. (4469_sec.ocq)
[21:27:37 PM]	CNtlPLHeatHazeObject::LoadSwapFile (724):  file open failed. (4469_sec.hho)
[21:27:37 PM]	CNtlWorldShadow::LoadSwapFile (141):  file open failed. (4596_sec.sdw)
[21:27:37 PM]	CNtlPLObject::LoadSwapFile (3322):  file open failed. (4596_sec.objt)
[21:27:37 PM]	CNtlInstanceEffect::LoadSwapFile (801):  file open failed. (4596_sec.eff)
[21:27:37 PM]	CNtlPLOccluder_Quad::LoadSwapFile (830):  file open failed. (4596_sec.ocq)
[21:27:37 PM]	CNtlPLHeatHazeObject::LoadSwapFile (724):  file open failed. (4596_sec.hho)
[21:27:37 PM]	CNtlWorldShadow::LoadSwapFile (141):  file open failed. (4597_sec.sdw)
[21:27:37 PM]	CNtlPLObject::LoadSwapFile (3322):  file open failed. (4597_sec.objt)
[21:27:37 PM]	CNtlInstanceEffect::LoadSwapFile (801):  file open failed. (4597_sec.eff)
[21:27:37 PM]	CNtlPLOccluder_Quad::LoadSwapFile (830):  file open failed. (4597_sec.ocq)
[21:27:37 PM]	CNtlPLHeatHazeObject::LoadSwapFile (724):  file open failed. (4597_sec.hho)
[21:27:38 PM]	CNtlWorldShadow::LoadSwapFile (141):  file open failed. (4724_sec.sdw)
[21:27:38 PM]	CNtlPLObject::LoadSwapFile (3322):  file open failed. (4724_sec.objt)
[21:27:38 PM]	CNtlInstanceEffect::LoadSwapFile (801):  file open failed. (4724_sec.eff)
[21:27:38 PM]	CNtlPLOccluder_Quad::LoadSwapFile (830):  file open failed. (4724_sec.ocq)
[21:27:38 PM]	CNtlPLHeatHazeObject::LoadSwapFile (724):  file open failed. (4724_sec.hho)
[21:27:38 PM]	CNtlWorldShadow::LoadSwapFile (141):  file open failed. (4725_sec.sdw)
[21:27:38 PM]	CNtlPLObject::LoadSwapFile (3322):  file open failed. (4725_sec.objt)
[21:27:38 PM]	CNtlInstanceEffect::LoadSwapFile (801):  file open failed. (4725_sec.eff)
[21:27:38 PM]	CNtlPLOccluder_Quad::LoadSwapFile (830):  file open failed. (4725_sec.ocq)
[21:27:38 PM]	CNtlPLHeatHazeObject::LoadSwapFile (724):  file open failed. (4725_sec.hho)
[21:27:38 PM]	CNtlWorldShadow::LoadSwapFile (141):  file open failed. (4852_sec.sdw)
[21:27:38 PM]	CNtlPLObject::LoadSwapFile (3322):  file open failed. (4852_sec.objt)
[21:27:38 PM]	CNtlInstanceEffect::LoadSwapFile (801):  file open failed. (4852_sec.eff)
[21:27:38 PM]	CNtlPLOccluder_Quad::LoadSwapFile (830):  file open failed. (4852_sec.ocq)
[21:27:38 PM]	CNtlPLHeatHazeObject::LoadSwapFile (724):  file open failed. (4852_sec.hho)
[21:27:38 PM]	CNtlWorldShadow::LoadSwapFile (141):  file open failed. (4853_sec.sdw)
[21:27:40 PM]	CNtlPLObject::LoadSwapFile (3322):  file open failed. (4853_sec.objt)
[21:27:40 PM]	CNtlInstanceEffect::LoadSwapFile (801):  file open failed. (4853_sec.eff)
[21:27:40 PM]	CNtlPLOccluder_Quad::LoadSwapFile (830):  file open failed. (4853_sec.ocq)
[21:27:40 PM]	CNtlPLHeatHazeObject::LoadSwapFile (724):  file open failed. (4853_sec.hho)
[22:32:56 PM]	CNtlWorldBGMManager::HandleEvents (106):  FIELD ENV ERROR.(-1)
[23:14:25 PM]	 === < SABER > Trace End === 
