[21:28:01 PM]	Mod Loaded: c:\users\devin\desktop\development\dboclienttools\texture\ntlwe\tex_d1_earth_001.dds
[21:28:16 PM]	Mod Loaded: c:\users\devin\desktop\development\dboclienttools\texture\ntlwe\tex_kinokon_grass_001.dds
[21:28:16 PM]	Mod Loaded: c:\users\devin\desktop\development\dboclienttools\texture\ntlwe\tex_kinokon_stone_002.dds
[21:28:16 PM]	Mod Loaded: c:\users\devin\desktop\development\dboclienttools\texture\ntlwe\tex_kinokos_grass_001.dds
[21:28:16 PM]	Mod Loaded: c:\users\devin\desktop\development\dboclienttools\texture\ntlwe\tex_d1_grass_001.dds
[21:28:16 PM]	Mod Loaded: c:\users\devin\desktop\development\dboclienttools\texture\ntlwe\tex_kinokos_road_001.dds
[21:28:16 PM]	Mod Loaded: c:\users\devin\desktop\development\dboclienttools\texture\ntlwe\tex_pornga_road_001.dds
[21:28:17 PM]	Mod Loaded: c:\users\devin\desktop\development\dboclienttools\texture\ntlwe\tex_kinokos_grass_002.dds
[21:28:17 PM]	Mod Loaded: c:\users\devin\desktop\development\dboclienttools\texture\ntlwe\tex_pornga_stone_003.dds
[21:28:17 PM]	Mod Loaded: c:\users\devin\desktop\development\dboclienttools\texture\ntlwe\tex_kinokon_ground_001.dds
[21:28:17 PM]	Mod Loaded: c:\users\devin\desktop\development\dboclienttools\texture\ntlwe\tex_yahhoiw_grass_002.dds
[21:28:17 PM]	Mod Loaded: c:\users\devin\desktop\development\dboclienttools\texture\ntlwe\tex_kinokon_road_001.dds
[21:28:19 PM]	Mod Loaded: c:\users\devin\desktop\development\dboclienttools\texture\ntlwe\tex_d1_earth_001.dds
[21:28:33 PM]	Mod Loaded: c:\users\devin\desktop\development\dboclienttools\texture\ntlwe\tex_kinokon_grass_001.dds
[21:28:33 PM]	Mod Loaded: c:\users\devin\desktop\development\dboclienttools\texture\ntlwe\tex_kinokon_stone_002.dds
[21:28:33 PM]	Mod Loaded: c:\users\devin\desktop\development\dboclienttools\texture\ntlwe\tex_kinokos_grass_001.dds
[21:28:33 PM]	Mod Loaded: c:\users\devin\desktop\development\dboclienttools\texture\ntlwe\tex_d1_grass_001.dds
[21:28:33 PM]	Mod Loaded: c:\users\devin\desktop\development\dboclienttools\texture\ntlwe\tex_kinokos_road_001.dds
[21:28:33 PM]	Mod Loaded: c:\users\devin\desktop\development\dboclienttools\texture\ntlwe\tex_pornga_road_001.dds
[21:28:34 PM]	Mod Loaded: c:\users\devin\desktop\development\dboclienttools\texture\ntlwe\tex_kinokos_grass_002.dds
[21:28:34 PM]	Mod Loaded: c:\users\devin\desktop\development\dboclienttools\texture\ntlwe\tex_yahhoiw_grass_002.dds
[21:28:34 PM]	Mod Loaded: c:\users\devin\desktop\development\dboclienttools\texture\ntlwe\tex_kinokon_road_001.dds
[21:28:35 PM]	Mod Loaded: c:\users\devin\desktop\development\dboclienttools\texture\ntlwe\tex_pornga_stone_003.dds
[21:28:35 PM]	Mod Loaded: c:\users\devin\desktop\development\dboclienttools\texture\ntlwe\tex_kinokon_ground_001.dds
[21:28:36 PM]	Mod Loaded: c:\users\devin\desktop\development\dboclienttools\texture\ntlwe\tex_d1_earth_001.dds
[21:28:37 PM]	Mod Loaded: c:\users\devin\desktop\development\dboclienttools\texture\ntlwe\tex_yahhoie_road_001.dds
[21:28:49 PM]	Mod Loaded: c:\users\devin\desktop\development\dboclienttools\texture\ntlwe\tex_kinokon_grass_001.dds
[21:28:49 PM]	Mod Loaded: c:\users\devin\desktop\development\dboclienttools\texture\ntlwe\tex_kinokon_stone_002.dds
[21:28:49 PM]	Mod Loaded: c:\users\devin\desktop\development\dboclienttools\texture\ntlwe\tex_kinokos_grass_001.dds
[21:28:49 PM]	Mod Loaded: c:\users\devin\desktop\development\dboclienttools\texture\ntlwe\tex_d1_grass_001.dds
[21:28:49 PM]	Mod Loaded: c:\users\devin\desktop\development\dboclienttools\texture\ntlwe\tex_kinokos_road_001.dds
[21:28:49 PM]	Mod Loaded: c:\users\devin\desktop\development\dboclienttools\texture\ntlwe\tex_pornga_road_001.dds
[21:28:49 PM]	Mod Loaded: c:\users\devin\desktop\development\dboclienttools\texture\ntlwe\tex_pornga_stone_003.dds
[21:28:49 PM]	Mod Loaded: c:\users\devin\desktop\development\dboclienttools\texture\ntlwe\tex_yahhoie_road_001.dds
[21:28:49 PM]	Mod Loaded: c:\users\devin\desktop\development\dboclienttools\texture\ntlwe\tex_kinokon_road_001.dds
[21:28:49 PM]	Mod Loaded: c:\users\devin\desktop\development\dboclienttools\texture\ntlwe\tex_yahhoiw_grass_002.dds
[21:28:50 PM]	Mod Loaded: c:\users\devin\desktop\development\dboclienttools\texture\ntlwe\tex_kinokos_grass_002.dds
[21:28:50 PM]	Mod Loaded: c:\users\devin\desktop\development\dboclienttools\texture\ntlwe\tex_kinokon_ground_001.dds
[21:28:51 PM]	Mod Loaded: c:\users\devin\desktop\development\dboclienttools\texture\ntlwe\tex_d1_earth_001.dds
[21:29:04 PM]	Mod Loaded: c:\users\devin\desktop\development\dboclienttools\texture\ntlwe\tex_kinokon_grass_001.dds
[21:29:04 PM]	Mod Loaded: c:\users\devin\desktop\development\dboclienttools\texture\ntlwe\tex_kinokon_stone_002.dds
[21:29:04 PM]	Mod Loaded: c:\users\devin\desktop\development\dboclienttools\texture\ntlwe\tex_kinokos_grass_001.dds
[21:29:04 PM]	Mod Loaded: c:\users\devin\desktop\development\dboclienttools\texture\ntlwe\tex_d1_grass_001.dds
[21:29:04 PM]	Mod Loaded: c:\users\devin\desktop\development\dboclienttools\texture\ntlwe\tex_kinokos_road_001.dds
[21:29:04 PM]	Mod Loaded: c:\users\devin\desktop\development\dboclienttools\texture\ntlwe\tex_pornga_road_001.dds
[21:29:05 PM]	Mod Loaded: c:\users\devin\desktop\development\dboclienttools\texture\ntlwe\tex_pornga_stone_003.dds
[21:29:05 PM]	Mod Loaded: c:\users\devin\desktop\development\dboclienttools\texture\ntlwe\tex_yahhoie_road_001.dds
[21:29:05 PM]	Mod Loaded: c:\users\devin\desktop\development\dboclienttools\texture\ntlwe\tex_kinokon_road_001.dds
[21:29:05 PM]	Mod Loaded: c:\users\devin\desktop\development\dboclienttools\texture\ntlwe\tex_yahhoiw_grass_002.dds
[21:29:06 PM]	Mod Loaded: c:\users\devin\desktop\development\dboclienttools\texture\ntlwe\tex_kinokos_grass_002.dds
[21:29:07 PM]	Mod Loaded: c:\users\devin\desktop\development\dboclienttools\texture\ntlwe\tex_kinokon_ground_001.dds
[21:29:07 PM]	Mod Loaded: c:\users\devin\desktop\development\dboclienttools\texture\ntlwe\tex_d1_earth_001.dds
[21:29:19 PM]	Mod Loaded: c:\users\devin\desktop\development\dboclienttools\texture\ntlwe\tex_kinokon_grass_001.dds
[21:29:19 PM]	Mod Loaded: c:\users\devin\desktop\development\dboclienttools\texture\ntlwe\tex_kinokon_stone_002.dds
[21:29:19 PM]	Mod Loaded: c:\users\devin\desktop\development\dboclienttools\texture\ntlwe\tex_kinokos_grass_001.dds
[21:29:19 PM]	Mod Loaded: c:\users\devin\desktop\development\dboclienttools\texture\ntlwe\tex_d1_grass_001.dds
[21:29:19 PM]	Mod Loaded: c:\users\devin\desktop\development\dboclienttools\texture\ntlwe\tex_kinokos_road_001.dds
[21:29:19 PM]	Mod Loaded: c:\users\devin\desktop\development\dboclienttools\texture\ntlwe\tex_pornga_road_001.dds
[21:29:20 PM]	Mod Loaded: c:\users\devin\desktop\development\dboclienttools\texture\ntlwe\tex_pornga_stone_003.dds
[21:29:20 PM]	Mod Loaded: c:\users\devin\desktop\development\dboclienttools\texture\ntlwe\tex_yahhoie_road_001.dds
[21:29:20 PM]	Mod Loaded: c:\users\devin\desktop\development\dboclienttools\texture\ntlwe\tex_kinokon_road_001.dds
[21:29:20 PM]	Mod Loaded: c:\users\devin\desktop\development\dboclienttools\texture\ntlwe\tex_yahhoiw_grass_002.dds
[21:29:21 PM]	Mod Loaded: c:\users\devin\desktop\development\dboclienttools\texture\ntlwe\tex_kinokos_grass_002.dds
[21:29:22 PM]	Mod Loaded: c:\users\devin\desktop\development\dboclienttools\texture\ntlwe\tex_kinokon_ground_001.dds
[21:29:22 PM]	Mod Loaded: c:\users\devin\desktop\development\dboclienttools\texture\ntlwe\tex_d1_earth_001.dds
[21:30:19 PM]	Mod Loaded: c:\users\devin\desktop\development\dboclienttools\texture\ntlwe\tex_west_rock_001.dds
[21:30:28 PM]	Mod Loaded: c:\users\devin\desktop\development\dboclienttools\texture\ntlwe\tex_kinokos_grass_002.dds
[21:30:28 PM]	Mod Loaded: c:\users\devin\desktop\development\dboclienttools\texture\ntlwe\tex_kinokon_ground_001.dds
[21:30:45 PM]	Mod Loaded: c:\users\devin\desktop\development\dboclienttools\texture\ntlwe\tex_yahhoiw_grass_003.dds
[21:30:46 PM]	Mod Loaded: c:\users\devin\desktop\development\dboclienttools\texture\ntlwe\tex_west_gravel_001.dds
[21:30:46 PM]	Mod Loaded: c:\users\devin\desktop\development\dboclienttools\texture\ntlwe\tex_west_stone_001.dds
[21:30:57 PM]	Mod Loaded: c:\users\devin\desktop\development\dboclienttools\texture\ntlwe\tex_kinokos_grass_001.dds
[21:30:57 PM]	Mod Loaded: c:\users\devin\desktop\development\dboclienttools\texture\ntlwe\tex_d1_grass_001.dds
[21:30:57 PM]	Mod Loaded: c:\users\devin\desktop\development\dboclienttools\texture\ntlwe\tex_kinokos_road_001.dds
[21:31:00 PM]	Mod Loaded: c:\users\devin\desktop\development\dboclienttools\texture\ntlwe\tex_kinokos_rock_001.dds
[21:31:04 PM]	Mod Loaded: c:\users\devin\desktop\development\dboclienttools\texture\ntlwe\tex_kinokos_ground_005.dds
[21:31:04 PM]	Mod Loaded: c:\users\devin\desktop\development\dboclienttools\texture\ntlwe\tex_kinokos_ground_004.dds
[21:31:04 PM]	Mod Loaded: c:\users\devin\desktop\development\dboclienttools\texture\ntlwe\tex_kinokos_ground_001.dds
[21:31:44 PM]	 === < SABER > Log End === 
